52304.380 13.700 999.000
52305.750 13.600 999.000
52305.780 13.230 999.000
52305.790 13.300 999.000
52305.860 13.400 999.000
52305.900 13.000 999.000
52306.290 13.300 999.000
52306.590 13.200 999.000
52306.750 13.000 999.000
52306.770 13.000 999.000
52306.770 13.100 999.000
52306.790 12.900 999.000
52306.790 13.450 999.000
52306.800 13.000 999.000
52306.800 13.500 999.000
52306.820 13.000 999.000
52306.870 12.800 999.000
52307.220 13.000 999.000
52307.730 13.000 999.000
52307.730 13.020 999.000
52307.740 12.410 999.000
52307.740 12.700 999.000
52307.750 12.700 999.000
52307.750 12.900 999.000
52307.770 12.700 999.000
52307.770 12.800 999.000
52307.770 13.400 999.000
52307.780 12.600 999.000
52307.790 12.700 999.000
52307.790 13.300 999.000
52307.800 12.900 999.000
52308.100 12.700 999.000
52308.170 12.810 999.000
52308.260 12.500 999.000
52308.740 12.500 999.000
52308.740 12.800 999.000
52308.740 12.900 999.000
52308.750 12.700 999.000
52308.760 12.700 999.000
52308.770 12.750 999.000
52308.780 12.800 999.000
52309.020 12.500 999.000
52309.710 12.400 999.000
52309.740 12.900 999.000
52309.750 12.800 999.000
52309.760 12.700 999.000
52309.780 12.500 999.000
52310.010 12.700 999.000
52310.060 12.500 999.000
52310.190 12.660 999.000
52310.310 12.600 999.000
52310.720 12.700 999.000
52310.780 12.700 999.000
52310.810 12.600 999.000
52311.260 12.500 999.000
52311.880 12.800 999.000
52312.060 12.500 999.000
52312.250 12.400 999.000
52312.800 12.400 999.000
52312.830 12.500 999.000
52313.010 12.500 999.000
52313.030 12.500 999.000
52313.120 12.590 999.000
52313.250 12.600 999.000
52313.750 12.600 999.000
52313.750 12.680 999.000
52313.840 12.450 999.000
52313.840 12.460 999.000
52313.860 12.450 999.000
52313.990 12.320 999.000
52314.040 12.600 999.000
52314.450 12.800 999.000
52314.460 12.900 999.000
52314.780 12.700 999.000
52314.860 12.400 999.000
52315.000 12.300 999.000
52315.450 12.900 999.000
52315.740 12.500 999.000
52315.790 12.500 999.000
52315.830 12.500 999.000
52315.870 12.400 999.000
52316.490 12.900 999.000
52317.470 12.500 999.000
52317.750 12.600 999.000
52318.830 12.500 999.000
52318.840 12.800 999.000
52319.030 12.800 999.000
52319.750 13.000 999.000
52319.770 12.600 999.000
52319.850 12.700 999.000
52320.020 12.460 999.000
52320.450 12.500 999.000
52320.740 12.500 999.000
52320.750 13.000 999.000
52320.770 13.600 999.000
52320.790 12.500 999.000
52320.790 12.700 999.000
52320.800 12.700 999.000
52320.800 12.830 999.000
52321.030 12.900 999.000
52321.260 13.200 999.000
52321.770 13.100 999.000
52321.780 13.000 999.000
52321.790 12.700 999.000
52321.790 13.300 999.000
52321.880 13.300 999.000
52322.020 12.900 999.000
52322.240 12.900 999.000
52322.740 13.100 999.000
52322.800 12.800 999.000
52322.820 12.900 999.000
52323.020 13.000 999.000
52323.780 13.300 999.000
52324.250 13.100 999.000
52324.730 13.400 999.000
52325.440 13.000 999.000
52325.750 13.300 999.000
52325.790 13.300 999.000
52326.780 13.240 999.000
52326.790 13.220 999.000
52327.800 13.200 999.000
52328.040 12.950 999.000
52328.060 13.100 999.000
52328.770 13.500 999.000
52332.760 13.500 999.000
52332.800 13.900 999.000
52333.770 13.600 999.000
52334.750 13.800 999.000
52334.800 13.800 999.000
52335.820 14.000 999.000
52338.750 14.100 999.000
52341.780 14.200 999.000
52344.760 14.500 999.000
52347.830 14.500 999.000
52576.090 18.200 999.000
52604.790 18.700 999.000
52629.990 19.300 999.000
