52304.170 14.417
52304.170 14.770
52305.130 13.451
52305.130 13.800
52306.120 13.172
52306.120 13.520
52306.730 13.527
52306.730 13.530
52306.750 13.360
52306.800 13.270
52306.800 13.460
52307.120 12.978
52307.120 13.330
52307.250 13.360
52307.400 13.340
52307.620 12.940
52307.630 12.970
52307.640 12.940
52307.650 12.970
52307.680 13.381
52307.690 13.380
52307.800 13.130
52307.800 13.300
52308.120 12.857
52308.120 13.210
52308.580 12.790
52308.750 13.150
52308.800 13.200
52309.130 12.786
52309.130 13.130
52309.250 13.150
52309.390 13.150
52309.710 13.200
52309.710 13.201
52309.710 13.340
52309.800 13.130
52310.120 12.728
52310.120 13.080
52310.750 12.720
52310.780 13.340
52310.800 13.100
52311.130 12.726
52311.130 13.070
52311.620 13.120
52311.620 13.120
52311.740 13.400
52312.440 13.070
52312.610 13.160
52312.610 13.160
52312.750 13.200
52312.750 13.410
52313.080 13.230
52313.250 13.200
52313.990 13.050
52314.130 12.885
52314.130 13.230
52314.530 12.970
52314.660 13.290
52314.660 13.290
52314.710 13.590
52314.750 13.500
52315.130 12.964
52315.130 13.310
52315.800 13.350
52316.130 13.064
52316.130 13.410
52316.800 13.540
52317.130 13.152
52317.130 13.500
52317.430 13.490
52317.650 13.580
52317.650 13.580
52317.820 13.550
52318.130 13.278
52318.130 13.630
52318.580 13.700
52318.580 13.700
52318.740 13.970
52318.770 13.760
52319.270 13.760
52319.570 13.800
52319.570 13.800
52319.750 13.860
52320.107 13.849
52320.130 13.482
52320.130 13.830
52320.250 13.860
52320.750 13.950
52321.130 13.560
52321.130 13.910
52321.250 13.950
52321.640 13.970
52321.640 13.970
52321.710 13.980
52321.710 13.981
52321.750 14.050
52322.250 14.050
52322.630 14.040
52322.630 14.040
52322.900 14.150
52323.400 14.150
52323.580 14.170
52323.580 14.170
52323.730 14.170
52323.730 14.172
52325.410 14.140
52325.690 14.339
52325.690 14.340
52325.740 14.400
52326.140 14.027
52326.140 14.380
52326.240 14.400
52326.580 14.410
52326.580 14.410
52326.740 14.480
52327.130 14.070
52327.130 14.420
52327.240 14.480
52327.800 14.430
52328.570 14.590
52328.570 14.590
52328.710 14.559
52328.710 14.560
52329.130 14.237
52329.130 14.590
52329.600 14.650
52329.600 14.650
52330.130 14.311
52330.130 14.660
52330.560 14.740
52330.560 14.740
52331.580 14.790
52331.580 14.790
52332.580 14.860
52332.580 14.860
52333.140 14.499
52333.140 14.850
52333.600 14.940
52333.600 14.940
52334.140 14.604
52334.140 14.950
52334.690 15.040
52334.690 15.045
52335.140 14.650
52335.140 15.000
52335.690 15.090
52335.690 15.093
52336.580 15.100
52336.580 15.100
52336.690 15.120
52336.690 15.125
52336.700 15.050
52337.140 14.778
52337.140 15.130
52337.580 15.200
52337.580 15.200
52337.690 15.188
52337.690 15.190
52337.740 15.230
52338.140 14.837
52338.140 15.190
52338.240 15.230
52338.580 15.250
52338.580 15.250
52338.690 15.320
52338.690 15.321
52338.700 14.960
52339.570 15.280
52339.570 15.280
52341.570 15.400
52341.570 15.400
52342.140 15.003
52342.140 15.350
52342.570 15.380
52342.570 15.380
52343.100 15.427
52343.570 15.480
52343.570 15.480
52343.730 15.480
52344.230 15.480
52344.570 15.490
52344.570 15.490
52346.570 15.550
52346.570 15.550
52347.580 15.580
52347.580 15.580
52348.580 15.620
52348.580 15.620
52349.580 15.550
52349.580 15.550
52436.500 16.364
52436.500 16.710
52437.490 16.353
52437.490 16.700
52438.100 16.780
52438.600 16.780
52438.610 16.730
52453.464 16.894
52464.490 16.778
52464.490 17.130
52465.490 16.802
52465.490 17.150
52468.446 17.191
52492.480 17.302
52492.480 17.650
52517.360 18.070
52524.460 17.802
52524.460 18.150
52525.500 17.868
52525.500 18.220
52526.000 18.320
52551.350 18.284
52551.350 18.630
52551.370 18.316
52551.370 18.660
52552.320 18.316
52552.320 18.660
52579.264 19.072
52580.365 19.106
52582.250 18.614
52582.250 18.960
52583.300 18.785
52583.300 19.130
52613.240 19.281
52613.240 19.630
52620.190 19.256
52620.190 19.600
