52304.170 13.699
52304.170 13.830
52305.130 13.281
52305.130 13.410
52306.120 13.019
52306.120 13.150
52306.450 13.130
52306.730 13.070
52306.730 13.071
52306.800 13.020
52307.120 12.837
52307.120 12.960
52307.690 12.929
52307.690 12.930
52307.730 12.850
52307.800 12.870
52308.120 12.718
52308.120 12.850
52308.150 12.880
52308.200 12.620
52308.860 12.670
52309.130 12.604
52309.130 12.730
52309.200 12.510
52309.710 12.970
52309.720 12.666
52309.720 12.670
52310.120 12.483
52310.120 12.610
52310.160 12.630
52310.720 12.606
52310.720 12.610
52310.780 12.830
52311.130 12.384
52311.130 12.510
52311.450 12.470
52311.620 12.460
52311.620 12.460
52311.740 12.810
52312.440 12.410
52312.610 12.420
52312.610 12.420
52312.750 12.710
52313.080 12.680
52313.810 12.230
52314.130 12.240
52314.130 12.370
52314.140 12.380
52314.660 12.290
52314.660 12.290
52314.710 12.360
52315.130 12.207
52315.130 12.330
52315.140 12.330
52315.800 12.400
52316.130 12.217
52316.130 12.340
52316.810 12.180
52317.130 12.177
52317.130 12.300
52317.430 12.280
52317.650 12.260
52317.650 12.260
52317.820 12.300
52318.130 12.222
52318.130 12.310
52318.130 12.350
52318.740 12.600
52318.770 12.320
52319.270 12.320
52319.570 12.280
52319.570 12.280
52319.750 12.340
52320.110 12.040
52320.130 12.245
52320.130 12.370
52320.140 12.390
52320.250 12.340
52320.750 12.350
52321.130 12.271
52321.130 12.400
52321.250 12.350
52321.710 12.358
52321.710 12.360
52321.720 12.330
52321.720 12.330
52321.720 12.349
52321.720 12.350
52321.750 12.380
52321.800 12.390
52322.250 12.380
52322.800 12.450
52322.900 12.410
52323.130 12.330
52323.170 12.380
52323.400 12.410
52323.580 12.400
52323.580 12.400
52323.730 12.400
52323.730 12.403
52324.800 12.530
52325.410 12.480
52325.700 12.470
52325.700 12.475
52325.740 12.510
52326.140 12.411
52326.140 12.540
52326.150 12.500
52326.240 12.510
52326.580 12.500
52326.580 12.500
52326.740 12.550
52327.130 12.451
52327.130 12.580
52327.240 12.550
52327.800 12.590
52328.570 12.560
52328.570 12.560
52328.710 12.580
52328.710 12.583
52329.130 12.527
52329.130 12.650
52329.600 12.620
52329.600 12.620
52330.130 12.561
52330.130 12.690
52330.560 12.680
52330.560 12.680
52331.580 12.720
52331.580 12.720
52332.580 12.760
52332.580 12.760
52333.140 12.658
52333.140 12.790
52333.600 12.790
52333.600 12.790
52334.140 12.744
52334.140 12.870
52334.690 12.862
52334.700 12.860
52335.140 12.789
52335.140 12.920
52335.700 12.900
52335.700 12.904
52336.580 12.920
52336.580 12.920
52336.700 12.956
52336.700 12.960
52336.700 13.010
52336.730 12.980
52336.790 12.900
52337.140 12.886
52337.140 13.010
52337.230 12.980
52337.580 13.010
52337.580 13.010
52337.700 13.005
52337.700 13.010
52337.700 13.070
52337.740 13.040
52338.140 12.933
52338.140 13.060
52338.240 13.040
52338.580 13.040
52338.580 13.040
52338.690 13.060
52338.690 13.064
52338.700 13.080
52338.750 13.000
52339.570 13.080
52339.570 13.080
52340.510 13.170
52340.510 13.170
52341.570 13.200
52341.570 13.200
52342.570 13.240
52342.570 13.240
52342.740 13.240
52343.103 12.870
52343.240 13.240
52343.570 13.260
52343.570 13.260
52343.730 13.270
52344.230 13.270
52344.570 13.320
52344.570 13.320
52345.760 13.290
52346.570 13.330
52346.570 13.330
52347.580 13.380
52347.580 13.380
52349.580 13.410
52349.580 13.410
52350.580 13.410
52350.580 13.410
52436.500 14.945
52436.500 15.070
52437.490 15.001
52437.490 15.130
52441.100 15.080
52441.600 15.080
52443.100 15.120
52443.600 15.120
52443.600 15.130
52453.466 14.988
52453.477 14.983
52464.490 15.494
52464.490 15.620
52465.490 15.538
52465.490 15.660
52468.454 15.239
52480.900 16.140
52481.900 16.080
52482.050 16.050
52483.900 16.080
52492.480 16.042
52492.480 16.170
52501.900 16.370
52501.900 16.370
52514.100 16.650
52517.360 16.510
52524.460 16.672
52524.460 16.800
52525.500 16.640
52525.500 16.770
52526.000 16.830
52551.350 17.133
52551.350 17.260
52551.370 17.169
52551.370 17.300
52552.320 17.098
52552.320 17.230
52579.274 17.247
52582.250 17.628
52582.250 17.750
52583.300 17.664
52583.300 17.790
52601.900 17.800
52613.240 18.156
52613.240 18.280
52620.190 18.307
52620.190 18.430
