52304.170 14.014
52304.170 14.430
52305.130 13.200
52305.130 13.610
52306.107 13.667
52306.120 13.029
52306.120 13.440
52306.127 13.674
52306.730 13.550
52306.730 13.552
52306.750 13.390
52306.800 13.480
52307.120 12.933
52307.120 13.350
52307.250 13.390
52307.450 13.510
52307.680 13.285
52307.680 13.290
52307.800 13.350
52308.120 12.859
52308.120 13.270
52308.750 13.190
52308.800 13.290
52309.130 12.834
52309.130 13.250
52309.250 13.190
52309.410 13.230
52309.710 13.255
52309.710 13.260
52309.710 13.540
52309.800 13.260
52310.120 12.878
52310.120 13.290
52310.780 13.520
52310.800 13.340
52311.130 12.921
52311.130 13.330
52311.740 13.710
52312.750 13.580
52312.750 13.820
52313.250 13.580
52314.130 13.350
52314.130 13.760
52315.130 13.504
52315.130 13.920
52316.130 13.683
52316.130 14.100
52317.130 13.866
52317.130 14.280
52318.130 14.013
52318.130 14.430
52319.570 14.640
52319.570 14.640
52319.750 14.630
52320.103 14.991
52320.130 14.287
52320.130 14.700
52320.250 14.630
52320.750 14.760
52321.130 14.417
52321.130 14.830
52321.250 14.760
52321.700 14.810
52321.700 14.812
52321.750 14.840
52322.250 14.840
52322.900 14.920
52323.400 14.920
52323.580 15.120
52323.580 15.120
52323.720 14.878
52323.720 14.880
52325.690 15.200
52325.690 15.200
52325.740 15.180
52326.140 14.923
52326.140 15.340
52326.240 15.180
52326.740 15.280
52327.130 15.092
52327.130 15.510
52327.240 15.280
52328.700 15.609
52328.700 15.610
52329.130 15.116
52329.130 15.530
52330.130 15.106
52330.130 15.520
52331.580 16.100
52331.580 16.100
52333.140 15.470
52333.140 15.880
52334.140 15.518
52334.140 15.930
52335.140 15.543
52335.140 15.960
52336.730 15.950
52337.140 15.691
52337.140 16.100
52337.230 15.950
52337.740 16.080
52338.140 15.647
52338.140 16.060
52338.240 16.080
52343.096 16.570
