52304.170 13.596 0.024
52304.170 13.790 999.000
52305.130 13.136 0.020
52305.130 13.340 999.000
52305.370 13.410 999.000
52305.780 13.100 999.000
52305.780 13.400 999.000
52305.800 13.040 999.000
52305.800 13.200 999.000
52306.120 12.845 0.024
52306.120 13.040 999.000
52306.730 12.958 0.004
52306.730 12.960 999.000
52306.750 12.800 999.000
52306.780 13.100 999.000
52306.800 12.880 999.000
52306.800 12.890 999.000
52306.810 12.900 999.000
52307.120 12.651 0.017
52307.120 12.850 999.000
52307.250 12.800 0.020
52307.430 12.790 999.000
52307.610 12.950 999.000
52307.620 12.950 999.000
52307.640 12.990 999.000
52307.650 12.930 999.000
52307.660 12.910 999.000
52307.690 12.790 999.000
52307.690 12.794 0.005
52307.730 12.730 999.000
52307.750 12.700 999.000
52307.760 12.660 999.000
52307.780 12.950 999.000
52307.800 12.600 999.000
52307.800 12.710 999.000
52307.800 12.790 999.000
52307.810 12.900 999.000
52307.810 13.000 999.000
52307.840 12.850 999.000
52307.880 13.800 999.000
52308.120 12.490 0.016
52308.120 12.690 999.000
52308.160 12.660 999.000
52308.560 12.730 999.000
52308.740 12.530 999.000
52308.740 12.600 999.000
52308.750 12.510 999.000
52308.760 12.900 999.000
52308.800 12.650 999.000
52308.860 12.720 999.000
52308.880 12.800 999.000
52309.130 12.397 0.021
52309.130 12.600 999.000
52309.250 12.510 0.020
52309.420 12.510 999.000
52309.710 12.550 999.000
52309.710 12.555 0.003
52309.710 12.810 999.000
52309.740 12.500 999.000
52309.760 12.500 999.000
52309.800 12.540 999.000
52309.880 12.400 999.000
52310.120 12.280 0.015
52310.120 12.480 999.000
52310.170 12.450 999.000
52310.750 12.060 999.000
52310.780 12.680 999.000
52310.800 12.420 999.000
52311.130 12.194 0.018
52311.130 12.390 999.000
52311.620 12.390 0.040
52311.620 12.390 999.000
52311.740 12.640 999.000
52311.800 12.200 999.000
52312.610 12.330 0.030
52312.610 12.330 999.000
52312.750 12.240 999.000
52312.750 12.560 999.000
52312.780 12.200 999.000
52312.830 12.400 999.000
52312.830 12.700 999.000
52312.860 12.600 999.000
52313.080 12.240 999.000
52313.250 12.240 0.020
52313.720 12.240 999.000
52313.720 12.244 0.004
52313.770 12.200 999.000
52313.770 12.500 999.000
52313.790 12.200 999.000
52313.810 12.650 999.000
52313.830 12.200 999.000
52313.990 12.430 999.000
52314.130 12.079 0.023
52314.130 12.280 999.000
52314.150 12.270 999.000
52314.530 12.470 999.000
52314.660 12.250 0.030
52314.660 12.250 999.000
52314.710 12.500 999.000
52314.740 12.300 999.000
52314.780 12.600 999.000
52314.800 12.350 999.000
52315.130 12.068 0.019
52315.130 12.270 999.000
52315.150 12.250 999.000
52315.800 12.340 999.000
52316.130 12.089 0.016
52316.130 12.290 999.000
52316.760 12.200 999.000
52316.780 12.260 999.000
52316.880 13.410 999.000
52317.130 12.092 0.016
52317.130 12.290 999.000
52317.140 12.310 999.000
52317.650 12.310 0.030
52317.650 12.310 999.000
52317.800 12.300 999.000
52317.810 12.260 999.000
52317.860 12.600 999.000
52318.130 12.130 0.018
52318.130 12.330 999.000
52318.140 12.340 999.000
52318.380 12.290 999.000
52318.740 12.550 999.000
52318.770 12.320 999.000
52319.270 12.320 0.020
52319.570 12.380 0.030
52319.570 12.380 999.000
52319.750 12.360 999.000
52320.109 12.542 0.037
52320.130 12.209 0.018
52320.130 12.410 999.000
52320.150 12.430 999.000
52320.250 12.360 0.020
52320.730 12.390 999.000
52320.750 12.400 999.000
52321.130 12.253 0.024
52321.130 12.450 999.000
52321.250 12.400 0.020
52321.640 12.450 0.040
52321.640 12.450 999.000
52321.710 12.498 0.006
52321.710 12.500 999.000
52321.750 12.450 999.000
52321.800 12.550 999.000
52322.250 12.450 0.020
52322.900 12.500 999.000
52323.140 12.480 999.000
52323.170 12.810 999.000
52323.400 12.500 0.020
52323.580 12.580 0.030
52323.580 12.580 999.000
52323.730 12.599 0.007
52323.730 12.600 999.000
52323.860 12.600 999.000
52324.040 13.130 999.000
52324.800 12.740 999.000
52325.700 12.698 0.004
52325.700 12.700 999.000
52325.740 12.670 999.000
52326.140 12.505 0.021
52326.140 12.700 999.000
52326.150 12.700 999.000
52326.240 12.670 0.020
52326.580 12.740 0.030
52326.580 12.740 999.000
52326.740 12.740 999.000
52326.800 12.800 999.000
52327.130 12.574 0.023
52327.130 12.770 999.000
52327.240 12.740 0.020
52327.770 12.800 999.000
52327.800 12.870 999.000
52327.830 13.040 999.000
52328.570 12.870 0.030
52328.570 12.870 999.000
52328.710 12.890 0.006
52328.710 12.890 999.000
52328.800 13.110 999.000
52329.130 12.687 0.019
52329.130 12.890 999.000
52329.600 12.930 0.030
52329.600 12.930 999.000
52329.810 13.000 999.000
52330.130 12.751 0.018
52330.130 12.950 999.000
52330.560 13.000 0.030
52330.560 13.000 999.000
52331.580 13.060 0.040
52331.580 13.060 999.000
52332.410 13.130 999.000
52332.580 13.120 0.030
52332.580 13.120 999.000
52333.140 12.940 0.018
52333.140 13.140 999.000
52333.600 13.180 0.030
52333.600 13.180 999.000
52334.140 13.033 0.022
52334.140 13.230 999.000
52334.690 13.310 0.005
52334.690 13.310 999.000
52335.140 13.095 0.031
52335.140 13.290 999.000
52335.700 13.370 0.005
52335.700 13.370 999.000
52335.800 13.600 999.000
52336.580 13.410 0.030
52336.580 13.410 999.000
52336.700 13.447 0.005
52336.700 13.450 999.000
52336.700 13.480 999.000
52336.770 13.500 999.000
52336.780 13.400 999.000
52336.790 13.400 999.000
52337.140 13.241 0.023
52337.140 13.440 999.000
52337.580 13.480 0.030
52337.580 13.480 999.000
52337.700 13.510 999.000
52337.700 13.515 0.007
52337.740 13.500 999.000
52337.820 13.400 999.000
52338.140 13.307 0.024
52338.140 13.510 999.000
52338.240 13.500 0.020
52338.580 13.560 0.030
52338.580 13.560 999.000
52338.690 13.590 999.000
52338.690 13.593 0.010
52338.700 13.590 999.000
52339.570 13.620 0.030
52339.570 13.620 999.000
52340.510 13.670 0.040
52340.510 13.670 999.000
52340.810 13.600 999.000
52341.570 13.740 0.030
52341.570 13.740 999.000
52341.780 13.800 999.000
52341.800 13.690 999.000
52342.570 13.770 0.030
52342.570 13.770 999.000
52342.740 13.800 999.000
52343.102 13.861 0.021
52343.240 13.800 0.020
52343.570 13.840 0.030
52343.570 13.840 999.000
52343.730 13.830 999.000
52343.780 13.800 999.000
52343.790 13.800 999.000
52343.790 13.900 999.000
52344.230 13.830 0.020
52344.570 13.870 0.030
52344.570 13.870 999.000
52345.760 13.900 999.000
52346.570 13.940 0.030
52346.570 13.940 999.000
52348.580 13.970 0.030
52348.580 13.970 999.000
52349.580 13.980 0.030
52349.580 13.980 999.000
52350.580 14.030 0.030
52350.580 14.030 999.000
52351.580 14.070 0.040
52351.580 14.070 999.000
52356.570 14.140 0.050
52356.570 14.140 999.000
52436.500 15.195 0.023
52436.500 15.390 999.000
52437.490 15.203 0.020
52437.490 15.400 999.000
52439.100 15.410 999.000
52439.590 15.430 999.000
52439.600 15.410 0.030
52453.475 15.747 0.022
52464.490 15.576 0.020
52464.490 15.780 999.000
52465.490 15.604 0.025
52465.490 15.800 999.000
52467.120 15.700 999.000
52468.452 16.007 0.023
52480.900 16.190 999.000
52481.900 16.250 999.000
52482.050 16.240 999.000
52483.900 16.280 999.000
52492.480 16.077 0.020
52492.480 16.280 999.000
52499.110 16.600 999.000
52500.010 16.500 999.000
52500.020 16.610 999.000
52500.090 16.600 999.000
52500.100 16.300 999.000
52501.900 16.460 0.030
52501.900 16.460 999.000
52505.050 17.000 999.000
52514.100 16.550 999.000
52517.360 16.640 999.000
52518.000 17.000 999.000
52524.460 16.525 0.018
52524.460 16.720 999.000
52524.950 16.900 999.000
52525.500 16.524 0.026
52525.500 16.720 999.000
52526.000 16.780 999.000
52529.980 17.100 999.000
52531.010 17.000 999.000
52533.060 17.000 999.000
52534.110 17.200 999.000
52548.000 17.500 999.000
52551.350 17.011 0.030
52551.350 17.210 999.000
52551.370 16.906 0.030
52551.370 17.110 999.000
52551.980 17.500 999.000
52552.320 16.970 0.037
52552.320 17.170 999.000
52572.170 17.420 999.000
52573.840 17.700 999.000
52579.271 17.890 0.040
52579.284 17.895 0.092
52580.361 17.839 0.033
52582.060 17.800 999.000
52582.250 17.460 0.038
52582.250 17.660 999.000
52583.300 17.456 0.037
52583.300 17.660 999.000
52601.900 18.350 999.000
52613.240 17.927 0.062
52613.240 18.130 999.000
52614.194 18.367 0.029
52620.190 18.053 0.050
52620.190 18.250 999.000
