52304.170 13.841 0.026
52304.170 14.100 999.000
52305.130 13.130 0.021
52305.130 13.390 999.000
52305.770 13.500 999.000
52306.060 13.300 999.000
52306.120 12.803 0.021
52306.120 13.070 999.000
52306.440 12.950 999.000
52306.700 13.140 999.000
52306.730 12.930 999.000
52306.730 12.934 0.004
52306.750 12.820 999.000
52306.790 12.920 999.000
52306.790 13.150 999.000
52306.800 12.790 999.000
52307.050 12.900 999.000
52307.060 13.020 999.000
52307.120 12.575 0.020
52307.120 12.840 999.000
52307.250 12.820 0.010
52307.430 12.820 999.000
52307.610 12.860 999.000
52307.620 12.860 999.000
52307.630 12.840 999.000
52307.640 12.880 999.000
52307.690 12.766 0.004
52307.690 12.770 999.000
52307.710 12.830 999.000
52307.730 12.710 999.000
52307.740 12.410 999.000
52307.800 12.620 999.000
52307.800 13.000 999.000
52308.120 12.410 0.016
52308.120 12.670 999.000
52308.130 12.660 999.000
52308.550 12.700 999.000
52308.710 12.830 999.000
52308.750 12.300 999.000
52308.750 12.550 999.000
52308.780 12.700 999.000
52309.130 12.318 0.028
52309.130 12.580 999.000
52309.250 12.550 0.010
52309.400 12.540 999.000
52309.710 12.540 999.000
52309.710 12.540 0.004
52309.710 12.630 999.000
52309.720 12.740 999.000
52310.020 12.700 999.000
52310.120 12.228 0.024
52310.120 12.490 999.000
52310.130 12.470 999.000
52310.180 12.460 999.000
52310.750 12.080 999.000
52310.780 12.470 999.000
52310.780 12.570 999.000
52311.130 12.158 0.017
52311.130 12.420 999.000
52311.450 12.420 999.000
52311.620 12.420 0.030
52311.620 12.420 999.000
52311.740 12.560 999.000
52312.440 12.400 999.000
52312.610 12.420 0.030
52312.610 12.420 999.000
52312.680 12.350 999.000
52312.750 12.380 999.000
52312.750 12.510 999.000
52313.050 12.300 999.000
52313.080 12.360 999.000
52313.250 12.380 0.010
52313.720 12.350 999.000
52313.720 12.353 0.004
52313.780 12.370 999.000
52313.800 12.700 999.000
52314.070 12.300 999.000
52314.120 12.390 999.000
52314.130 12.143 0.018
52314.130 12.410 999.000
52314.160 12.370 999.000
52314.530 12.550 999.000
52314.660 12.420 0.030
52314.660 12.420 999.000
52314.710 12.510 999.000
52314.750 12.420 999.000
52315.130 12.155 0.020
52315.130 12.410 999.000
52315.130 12.420 999.000
52315.160 12.400 999.000
52315.680 12.410 999.000
52315.770 12.340 999.000
52315.800 12.530 999.000
52315.820 12.700 999.000
52316.130 12.231 0.021
52316.130 12.490 999.000
52316.770 12.470 999.000
52317.120 12.470 999.000
52317.130 12.241 0.024
52317.130 12.500 999.000
52317.150 12.500 999.000
52317.430 12.550 999.000
52317.650 12.530 0.030
52317.650 12.530 999.000
52317.810 12.550 999.000
52318.120 12.560 999.000
52318.130 12.331 0.020
52318.130 12.590 999.000
52318.150 12.550 999.000
52318.580 12.600 0.030
52318.580 12.600 999.000
52318.740 12.720 999.000
52318.770 12.650 999.000
52318.810 12.800 999.000
52319.270 12.650 0.010
52319.570 12.610 0.040
52319.570 12.610 999.000
52319.750 12.720 999.000
52319.800 12.900 999.000
52320.108 12.759 0.030
52320.130 12.470 0.022
52320.130 12.680 999.000
52320.130 12.730 999.000
52320.160 12.710 999.000
52320.250 12.720 0.010
52320.730 12.740 999.000
52320.750 12.780 999.000
52321.130 12.528 0.026
52321.130 12.790 999.000
52321.250 12.780 0.010
52321.640 12.770 0.030
52321.640 12.770 999.000
52321.710 12.820 999.000
52321.710 12.823 0.005
52321.720 12.810 999.000
52321.720 12.815 0.008
52321.720 12.830 999.000
52321.720 12.831 0.010
52321.750 12.850 999.000
52321.800 12.910 999.000
52322.250 12.850 0.010
52322.630 12.860 0.030
52322.630 12.860 999.000
52322.720 12.820 999.000
52322.800 12.890 999.000
52322.810 13.000 999.000
52322.900 12.910 999.000
52323.040 12.950 999.000
52323.120 12.910 999.000
52323.150 12.830 999.000
52323.160 13.150 999.000
52323.400 12.910 0.010
52323.580 12.920 0.030
52323.580 12.920 999.000
52323.730 12.960 999.000
52323.730 12.962 0.009
52323.740 12.949 0.010
52323.740 12.950 999.000
52323.740 12.953 0.008
52323.740 12.956 0.007
52323.740 12.960 999.000
52323.740 12.961 0.008
52323.740 12.962 0.008
52323.740 12.965 0.008
52323.740 12.970 999.000
52323.740 12.971 0.012
52323.750 12.949 0.007
52323.750 12.950 999.000
52323.750 12.950 0.008
52323.750 12.966 0.008
52323.750 12.968 0.010
52323.750 12.970 999.000
52324.690 13.019 0.008
52324.690 13.020 999.000
52324.690 13.026 0.008
52324.690 13.026 0.006
52324.690 13.029 0.007
52324.690 13.030 999.000
52324.700 13.005 0.005
52324.700 13.009 0.005
52324.700 13.010 999.000
52324.700 13.012 0.005
52324.700 13.014 0.006
52324.700 13.020 999.000
52324.700 13.021 0.005
52324.700 13.023 0.006
52324.700 13.024 0.006
52324.700 13.028 0.006
52324.700 13.030 999.000
52324.700 13.031 0.004
52324.700 13.034 0.005
52324.700 13.035 0.005
52324.700 13.040 999.000
52324.710 13.010 999.000
52324.710 13.010 0.008
52324.710 13.014 0.007
52324.710 13.017 0.005
52324.710 13.018 0.005
52324.710 13.020 999.000
52324.710 13.020 0.006
52324.710 13.027 0.006
52324.710 13.029 0.006
52324.710 13.030 999.000
52324.710 13.030 0.009
52324.720 13.010 999.000
52324.720 13.010 0.011
52324.720 13.016 0.007
52324.720 13.018 0.007
52324.720 13.020 999.000
52324.720 13.022 0.010
52324.720 13.024 0.007
52324.720 13.025 0.005
52324.720 13.025 0.006
52324.720 13.027 0.005
52324.720 13.030 999.000
52324.720 13.032 0.007
52324.720 13.035 0.005
52324.720 13.040 999.000
52324.730 13.008 0.006
52324.730 13.010 999.000
52324.730 13.010 0.007
52324.730 13.013 0.007
52324.730 13.020 999.000
52324.730 13.021 0.010
52324.730 13.024 0.005
52324.730 13.025 0.006
52324.730 13.027 0.008
52324.730 13.027 0.006
52324.730 13.030 999.000
52324.730 13.033 0.007
52324.740 13.010 999.000
52324.740 13.013 0.008
52324.740 13.015 0.005
52324.740 13.016 0.005
52324.740 13.017 0.007
52324.740 13.020 999.000
52324.740 13.020 0.009
52324.740 13.022 0.009
52324.740 13.024 0.006
52324.740 13.029 0.007
52324.740 13.029 0.005
52324.740 13.030 999.000
52324.750 13.010 999.000
52324.750 13.010 0.008
52324.750 13.011 0.008
52324.750 13.013 0.006
52324.750 13.014 0.009
52324.750 13.015 0.008
52324.750 13.018 0.006
52324.750 13.020 999.000
52324.750 13.020 0.005
52324.750 13.022 0.007
52324.750 13.023 0.005
52324.750 13.024 0.006
52324.750 13.027 0.006
52324.750 13.030 999.000
52324.760 13.000 999.000
52324.760 13.000 0.008
52324.760 13.009 0.005
52324.760 13.010 999.000
52324.760 13.014 0.010
52324.760 13.019 0.007
52324.760 13.020 999.000
52324.760 13.022 0.007
52324.760 13.023 0.007
52324.760 13.025 0.007
52324.760 13.026 0.009
52324.760 13.030 999.000
52324.760 13.036 0.008
52324.760 13.039 0.007
52324.760 13.040 999.000
52324.770 13.000 999.000
52324.770 13.004 0.014
52324.770 13.016 0.010
52324.770 13.018 0.007
52324.770 13.020 999.000
52324.770 13.020 0.010
52324.770 13.022 0.008
52324.770 13.023 0.006
52324.770 13.026 0.006
52324.770 13.028 0.011
52324.770 13.030 999.000
52324.770 13.036 0.008
52324.770 13.039 0.009
52324.770 13.040 999.000
52324.780 13.009 0.009
52324.780 13.010 999.000
52324.780 13.019 0.011
52324.780 13.020 999.000
52324.780 13.022 0.009
52324.780 13.028 0.014
52324.780 13.030 999.000
52324.780 13.030 0.007
52324.800 12.990 999.000
52325.410 13.110 999.000
52325.700 13.090 999.000
52325.700 13.090 0.005
52325.700 13.091 0.006
52325.700 13.099 0.006
52325.700 13.100 999.000
52325.700 13.102 0.005
52325.700 13.104 0.005
52325.700 13.109 0.006
52325.700 13.110 999.000
52325.710 13.080 999.000
52325.710 13.084 0.005
52325.710 13.088 0.008
52325.710 13.089 0.005
52325.710 13.090 999.000
52325.710 13.090 0.005
52325.710 13.091 0.006
52325.710 13.092 0.005
52325.710 13.093 0.007
52325.710 13.100 999.000
52325.710 13.100 0.007
52325.710 13.100 0.006
52325.710 13.109 0.005
52325.710 13.110 999.000
52325.720 13.080 999.000
52325.720 13.080 0.005
52325.720 13.090 999.000
52325.720 13.090 0.006
52325.720 13.091 0.005
52325.720 13.091 0.004
52325.720 13.092 0.007
52325.720 13.095 0.006
52325.720 13.097 0.005
52325.720 13.100 999.000
52325.720 13.100 0.007
52325.720 13.101 0.006
52325.720 13.102 0.006
52325.720 13.103 0.006
52325.730 13.087 0.007
52325.730 13.088 0.007
52325.730 13.090 999.000
52325.730 13.091 0.006
52325.730 13.092 0.006
52325.730 13.093 0.006
52325.730 13.097 0.004
52325.730 13.098 0.007
52325.730 13.100 999.000
52325.730 13.100 0.007
52325.730 13.101 0.007
52325.730 13.101 0.006
52325.730 13.101 0.009
52325.730 13.103 0.007
52325.740 13.086 0.007
52325.740 13.087 0.005
52325.740 13.090 999.000
52325.740 13.092 0.005
52325.740 13.095 0.006
52325.740 13.098 0.005
52325.740 13.099 0.006
52325.740 13.100 999.000
52325.740 13.102 0.008
52325.740 13.102 0.007
52325.740 13.105 0.005
52325.740 13.110 999.000
52325.740 13.140 999.000
52325.750 13.078 0.007
52325.750 13.080 999.000
52325.750 13.085 0.007
52325.750 13.090 999.000
52325.750 13.091 0.006
52325.750 13.093 0.009
52325.750 13.095 0.005
52325.750 13.095 0.006
52325.750 13.095 0.007
52325.750 13.097 0.008
52325.750 13.099 0.006
52325.750 13.100 999.000
52325.750 13.102 0.006
52325.750 13.106 0.006
52325.750 13.110 999.000
52325.750 13.110 0.007
52325.760 13.080 999.000
52325.760 13.082 0.009
52325.760 13.084 0.005
52325.760 13.084 0.008
52325.760 13.087 0.008
52325.760 13.090 999.000
52325.760 13.090 0.007
52325.760 13.091 0.008
52325.760 13.092 0.009
52325.760 13.100 999.000
52325.760 13.103 0.006
52325.760 13.104 0.005
52325.760 13.105 0.011
52325.760 13.105 0.009
52325.760 13.110 999.000
52325.770 13.068 0.007
52325.770 13.070 999.000
52325.770 13.085 0.007
52325.770 13.090 999.000
52325.770 13.090 0.009
52325.770 13.091 0.007
52325.770 13.092 0.008
52325.770 13.093 0.007
52325.770 13.093 0.010
52325.770 13.095 0.007
52325.770 13.096 0.008
52325.770 13.100 999.000
52325.770 13.103 0.006
52325.780 13.076 0.010
52325.780 13.080 999.000
52325.780 13.090 999.000
52325.780 13.090 0.008
52325.780 13.094 0.008
52325.780 13.100 999.000
52325.780 13.102 0.010
52325.780 13.110 999.000
52325.780 13.110 0.006
52326.140 12.870 0.024
52326.140 13.130 999.000
52326.240 13.140 0.010
52326.580 13.140 0.030
52326.580 13.140 999.000
52326.740 13.210 999.000
52327.130 12.942 0.023
52327.130 13.210 999.000
52327.240 13.210 0.010
52327.800 13.330 999.000
52328.570 13.290 0.030
52328.570 13.290 999.000
52328.710 13.340 999.000
52328.710 13.341 0.010
52328.800 13.300 999.000
52329.130 13.093 0.023
52329.130 13.360 999.000
52329.600 13.380 0.030
52329.600 13.380 999.000
52330.130 13.179 0.025
52330.130 13.440 999.000
52330.560 13.450 0.030
52330.560 13.450 999.000
52330.810 13.500 999.000
52331.580 13.520 0.030
52331.580 13.520 999.000
52331.690 13.550 999.000
52331.690 13.554 0.009
52331.690 13.559 0.007
52331.690 13.560 999.000
52331.690 13.560 0.008
52331.690 13.562 0.009
52331.690 13.562 0.007
52331.690 13.565 0.009
52331.690 13.585 0.010
52331.690 13.590 999.000
52331.700 13.540 999.000
52331.700 13.545 0.009
52331.700 13.546 0.008
52331.700 13.550 999.000
52331.700 13.550 0.009
52331.700 13.557 0.007
52331.700 13.558 0.007
52331.700 13.560 999.000
52331.700 13.565 0.010
52331.700 13.565 0.009
52331.700 13.570 999.000
52331.700 13.570 0.008
52331.710 13.548 0.012
52331.710 13.550 999.000
52331.710 13.558 0.009
52331.710 13.560 999.000
52331.710 13.562 0.007
52331.710 13.564 0.008
52331.710 13.566 0.009
52331.710 13.569 0.007
52331.710 13.570 999.000
52331.720 13.556 0.008
52331.720 13.558 0.008
52331.720 13.560 999.000
52331.720 13.561 0.008
52331.720 13.561 0.014
52331.720 13.567 0.007
52331.720 13.569 0.009
52331.720 13.570 999.000
52331.720 13.579 0.009
52331.720 13.580 999.000
52331.730 13.540 999.000
52331.730 13.545 0.009
52331.730 13.548 0.009
52331.730 13.549 0.009
52331.730 13.550 999.000
52331.730 13.551 0.013
52331.730 13.552 0.011
52331.730 13.555 0.009
52331.730 13.560 999.000
52331.730 13.560 0.008
52331.730 13.569 0.012
52331.730 13.570 999.000
52331.740 13.527 0.012
52331.740 13.530 999.000
52331.740 13.550 999.000
52331.740 13.553 0.012
52331.740 13.554 0.010
52331.740 13.555 0.012
52331.740 13.558 0.009
52331.740 13.560 999.000
52331.750 13.540 999.000
52331.750 13.545 0.013
52331.750 13.550 999.000
52331.750 13.553 0.012
52331.750 13.555 0.013
52331.750 13.560 999.000
52331.750 13.564 0.012
52331.750 13.568 0.014
52331.750 13.569 0.016
52331.750 13.570 999.000
52331.760 13.515 0.013
52331.760 13.520 999.000
52331.760 13.539 0.015
52331.760 13.540 999.000
52331.760 13.546 0.014
52331.760 13.550 999.000
52332.580 13.600 0.030
52332.580 13.600 999.000
52333.140 13.421 0.026
52333.140 13.680 999.000
52333.600 13.640 0.030
52333.600 13.640 999.000
52333.690 13.706 0.014
52333.690 13.710 999.000
52333.690 13.716 0.009
52333.690 13.720 999.000
52333.690 13.725 0.016
52333.690 13.726 0.011
52333.690 13.727 0.010
52333.690 13.730 999.000
52333.690 13.731 0.010
52333.690 13.733 0.010
52333.690 13.734 0.018
52333.690 13.734 0.011
52333.690 13.738 0.009
52333.690 13.750 999.000
52333.690 13.750 0.015
52333.700 13.716 0.009
52333.700 13.718 0.011
52333.700 13.720 999.000
52333.700 13.725 0.009
52333.700 13.726 0.011
52333.700 13.728 0.008
52333.700 13.729 0.008
52333.700 13.730 999.000
52333.700 13.730 0.010
52333.700 13.732 0.009
52333.700 13.739 0.009
52333.700 13.740 999.000
52333.700 13.755 0.008
52333.700 13.760 999.000
52333.710 13.700 999.000
52333.710 13.701 0.011
52333.710 13.710 999.000
52333.710 13.714 0.009
52333.710 13.715 0.010
52333.710 13.720 999.000
52333.710 13.723 0.011
52333.710 13.724 0.012
52333.710 13.725 0.009
52333.710 13.728 0.011
52333.710 13.729 0.009
52333.710 13.730 999.000
52333.710 13.740 999.000
52333.710 13.742 0.008
52333.710 13.748 0.012
52333.710 13.750 999.000
52333.710 13.751 0.013
52333.720 13.688 0.016
52333.720 13.690 999.000
52333.720 13.716 0.018
52333.720 13.720 999.000
52333.720 13.722 0.014
52333.720 13.726 0.014
52333.720 13.728 0.017
52333.720 13.729 0.014
52333.720 13.730 999.000
52333.720 13.740 999.000
52333.720 13.742 0.012
52333.720 13.742 0.017
52333.720 13.745 0.017
52333.720 13.750 999.000
52333.720 13.750 0.015
52333.730 13.677 0.021
52333.730 13.680 999.000
52333.730 13.697 0.023
52333.730 13.699 0.020
52333.730 13.700 999.000
52333.730 13.719 0.019
52333.730 13.720 999.000
52333.730 13.720 0.020
52333.730 13.726 0.031
52333.730 13.727 0.029
52333.730 13.730 999.000
52333.730 13.731 0.025
52333.730 13.738 0.017
52333.730 13.740 999.000
52333.730 13.742 0.022
52333.730 13.742 0.025
52333.740 13.670 999.000
52333.740 13.674 0.050
52333.740 13.695 0.029
52333.740 13.700 999.000
52333.740 13.720 999.000
52333.740 13.722 0.026
52333.740 13.740 999.000
52333.740 13.743 0.039
52333.740 13.747 0.030
52333.740 13.747 0.042
52333.740 13.750 999.000
52333.740 13.767 0.035
52333.740 13.770 999.000
52333.740 13.778 0.028
52333.740 13.780 999.000
52333.740 13.797 0.034
52333.740 13.800 999.000
52333.750 13.650 999.000
52333.750 13.654 0.064
52333.750 13.700 999.000
52333.750 13.700 0.044
52333.750 13.720 999.000
52333.750 13.723 0.053
52333.750 13.730 999.000
52333.750 13.734 0.047
52333.750 13.740 999.000
52333.750 13.742 0.064
52333.750 13.758 0.054
52333.750 13.760 999.000
52333.750 13.767 0.069
52333.750 13.770 999.000
52333.750 13.780 999.000
52333.750 13.780 0.041
52333.750 13.840 999.000
52333.750 13.843 0.071
52333.750 13.900 999.000
52333.750 13.902 0.053
52334.140 13.495 0.022
52334.140 13.760 999.000
52334.690 13.807 0.008
52334.690 13.810 999.000
52335.140 13.591 0.027
52335.140 13.850 999.000
52335.690 13.890 999.000
52335.690 13.890 0.007
52336.280 13.930 999.000
52336.580 13.910 0.030
52336.580 13.910 999.000
52336.700 13.960 999.000
52336.700 13.960 0.009
52336.700 13.990 999.000
52336.730 14.000 999.000
52337.140 13.728 0.029
52337.140 13.990 999.000
52337.230 14.000 0.010
52337.580 13.990 0.030
52337.580 13.990 999.000
52337.690 14.015 0.012
52337.690 14.020 999.000
52337.700 14.010 999.000
52337.740 14.080 999.000
52338.140 13.808 0.033
52338.140 14.070 999.000
52338.240 14.080 0.010
52338.580 14.070 0.030
52338.580 14.070 999.000
52338.690 14.105 0.015
52338.690 14.110 999.000
52338.700 14.100 999.000
52339.570 14.140 0.030
52339.570 14.140 999.000
52341.570 14.260 0.030
52341.570 14.260 999.000
52341.790 14.150 999.000
52342.140 14.041 0.047
52342.140 14.300 999.000
52342.570 14.300 0.030
52342.570 14.300 999.000
52342.740 14.360 999.000
52343.101 14.353 0.016
52343.240 14.360 0.010
52343.570 14.320 0.030
52343.570 14.320 999.000
52344.570 14.380 0.030
52344.570 14.380 999.000
52345.760 14.600 999.000
52346.570 14.460 0.030
52346.570 14.460 999.000
52347.580 14.480 0.030
52347.580 14.480 999.000
52348.580 14.530 0.030
52348.580 14.530 999.000
52349.580 14.550 0.030
52349.580 14.550 999.000
52350.580 14.540 0.040
52350.580 14.540 999.000
52436.500 15.870 0.021
52436.500 16.130 999.000
52437.110 16.140 999.000
52437.490 15.903 0.017
52437.490 16.170 999.000
52437.610 16.140 0.030
52437.610 16.140 999.000
52453.473 16.466 0.032
52463.100 14.700 999.000
52464.490 16.457 0.017
52464.490 16.720 999.000
52465.490 16.481 0.015
52465.490 16.740 999.000
52468.450 16.772 0.019
52480.900 17.180 999.000
52481.900 17.160 999.000
52482.050 17.120 999.000
52483.900 17.030 999.000
52492.480 17.135 0.023
52492.480 17.400 999.000
52501.900 17.320 0.030
52501.900 17.320 999.000
52514.100 17.610 999.000
52517.360 17.740 999.000
52524.460 17.797 0.017
52524.460 18.060 999.000
52525.500 17.781 0.034
52525.500 18.040 999.000
52526.000 17.800 999.000
52551.350 18.217 0.027
52551.350 18.480 999.000
52551.370 18.317 0.027
52551.370 18.580 999.000
52552.320 18.285 0.041
52552.320 18.550 999.000
52582.250 18.751 0.043
52582.250 19.010 999.000
52583.300 18.814 0.037
52583.300 19.080 999.000
52601.900 18.940 999.000
52613.240 19.201 0.050
52613.240 19.460 999.000
52620.190 19.328 0.083
52620.190 19.590 999.000
52639.200 19.500 999.000
