5.328920000000018626e+04 1.925600000000000023e+01 1.499999999999999944e-02
5.329125999999977648e+04 1.947299999999999898e+01 1.799999999999999864e-02
5.329327000000001863e+04 nan nan
5.329433000000007451e+04 1.966900000000000048e+01 1.700000000000000122e-02
5.329529000000003725e+04 1.971799999999999997e+01 1.600000000000000033e-02
5.329831999999983236e+04 1.988400000000000034e+01 1.899999999999999953e-02
5.330031000000005588e+04 2.000300000000000011e+01 2.299999999999999961e-02
5.330129999999981374e+04 1.996699999999999875e+01 2.100000000000000130e-02
5.330233999999985099e+04 2.005199999999999960e+01 2.100000000000000130e-02
5.330331000000005588e+04 2.004200000000000159e+01 3.500000000000000333e-02
5.330433999999985099e+04 1.999699999999999989e+01 4.299999999999999656e-02
5.330727000000001863e+04 nan nan
5.330829999999981374e+04 nan nan
5.331427000000001863e+04 2.016900000000000048e+01 2.599999999999999881e-02
5.331524000000022352e+04 2.018799999999999883e+01 2.199999999999999872e-02
5.332031999999983236e+04 nan nan
5.332425999999977648e+04 2.034199999999999875e+01 2.699999999999999969e-02
5.332927000000001863e+04 2.035600000000000165e+01 2.999999999999999889e-02
5.333120000000018626e+04 2.031700000000000017e+01 4.900000000000000189e-02
5.334118999999994412e+04 2.042999999999999972e+01 3.500000000000000333e-02
5.334418999999994412e+04 2.049500000000000099e+01 2.699999999999999969e-02
5.334918000000016764e+04 2.053699999999999903e+01 3.500000000000000333e-02
5.336520000000018626e+04 2.086799999999999855e+01 1.160000000000000059e-01
