5.328920000000018626e+04 1.765500000000000114e+01 1.099999999999999936e-02
5.329125999999977648e+04 1.774500000000000099e+01 8.999999999999999320e-03
5.329327000000001863e+04 1.782100000000000151e+01 1.400000000000000029e-02
5.329433000000007451e+04 1.796999999999999886e+01 1.000000000000000021e-02
5.329529000000003725e+04 1.802799999999999869e+01 1.099999999999999936e-02
5.329831999999983236e+04 1.819099999999999895e+01 1.099999999999999936e-02
5.330031000000005588e+04 1.827599999999999980e+01 1.299999999999999940e-02
5.330129999999981374e+04 1.830499999999999972e+01 1.099999999999999936e-02
5.330233999999985099e+04 1.835300000000000153e+01 1.000000000000000021e-02
5.330331000000005588e+04 1.838800000000000168e+01 1.299999999999999940e-02
5.330433999999985099e+04 1.844000000000000128e+01 1.400000000000000029e-02
5.330727000000001863e+04 1.852599999999999980e+01 1.600000000000000033e-02
5.330829999999981374e+04 1.854700000000000060e+01 1.200000000000000025e-02
5.331427000000001863e+04 1.868299999999999983e+01 1.000000000000000021e-02
5.331524000000022352e+04 1.871600000000000108e+01 1.299999999999999940e-02
5.332031999999983236e+04 1.881599999999999895e+01 1.099999999999999936e-02
5.332425999999977648e+04 1.889999999999999858e+01 1.200000000000000025e-02
5.332927000000001863e+04 1.897400000000000020e+01 1.400000000000000029e-02
5.333120000000018626e+04 1.899800000000000111e+01 1.499999999999999944e-02
5.334118999999994412e+04 1.919699999999999918e+01 1.400000000000000029e-02
5.334418999999994412e+04 1.921999999999999886e+01 1.400000000000000029e-02
5.334918000000016764e+04 1.931899999999999906e+01 1.299999999999999940e-02
5.336520000000018626e+04 1.957100000000000151e+01 2.800000000000000058e-02
