5.328920000000018626e+04 1.866600000000000037e+01 1.299999999999999940e-02
5.329125999999977648e+04 1.883800000000000097e+01 1.200000000000000025e-02
5.329327000000001863e+04 1.883399999999999963e+01 1.899999999999999953e-02
5.329433000000007451e+04 1.902899999999999991e+01 1.200000000000000025e-02
5.329529000000003725e+04 1.909499999999999886e+01 1.400000000000000029e-02
5.329831999999983236e+04 1.927700000000000102e+01 1.299999999999999940e-02
5.330031000000005588e+04 1.935500000000000043e+01 1.600000000000000033e-02
5.330129999999981374e+04 1.937199999999999989e+01 1.799999999999999864e-02
5.330233999999985099e+04 1.943199999999999861e+01 1.799999999999999864e-02
5.330331000000005588e+04 1.942399999999999949e+01 2.299999999999999961e-02
5.330433999999985099e+04 1.944999999999999929e+01 2.699999999999999969e-02
5.330727000000001863e+04 1.957300000000000040e+01 4.000000000000000083e-02
5.330829999999981374e+04 1.957499999999999929e+01 2.299999999999999961e-02
5.331427000000001863e+04 1.965399999999999991e+01 1.600000000000000033e-02
5.331524000000022352e+04 1.965700000000000003e+01 1.799999999999999864e-02
5.332031999999983236e+04 1.973300000000000054e+01 1.700000000000000122e-02
5.332425999999977648e+04 1.978600000000000136e+01 1.600000000000000033e-02
5.332927000000001863e+04 1.982400000000000162e+01 1.799999999999999864e-02
5.333120000000018626e+04 1.986299999999999955e+01 2.500000000000000139e-02
5.334118999999994412e+04 1.995200000000000173e+01 2.199999999999999872e-02
5.334418999999994412e+04 1.996600000000000108e+01 1.899999999999999953e-02
5.334918000000016764e+04 2.003399999999999892e+01 1.700000000000000122e-02
5.336520000000018626e+04 2.016600000000000037e+01 5.199999999999999761e-02
