5.328920000000018626e+04 1.738200000000000145e+01 1.099999999999999936e-02
5.329125999999977648e+04 1.747500000000000142e+01 8.000000000000000167e-03
5.329327000000001863e+04 1.756099999999999994e+01 8.999999999999999320e-03
5.329433000000007451e+04 1.761599999999999966e+01 8.999999999999999320e-03
5.329529000000003725e+04 1.765500000000000114e+01 1.099999999999999936e-02
5.329831999999983236e+04 1.782400000000000162e+01 1.200000000000000025e-02
5.330031000000005588e+04 1.788700000000000045e+01 1.200000000000000025e-02
5.330129999999981374e+04 1.794000000000000128e+01 1.299999999999999940e-02
5.330233999999985099e+04 1.797200000000000131e+01 1.000000000000000021e-02
5.330331000000005588e+04 1.802599999999999980e+01 1.200000000000000025e-02
5.330433999999985099e+04 1.807300000000000040e+01 1.299999999999999940e-02
5.330727000000001863e+04 1.815200000000000102e+01 1.299999999999999940e-02
5.330829999999981374e+04 1.818299999999999983e+01 1.200000000000000025e-02
5.331427000000001863e+04 1.835399999999999920e+01 1.099999999999999936e-02
5.331524000000022352e+04 1.837699999999999889e+01 1.400000000000000029e-02
5.332031999999983236e+04 1.849599999999999866e+01 1.299999999999999940e-02
5.332425999999977648e+04 1.860099999999999909e+01 1.400000000000000029e-02
5.332927000000001863e+04 1.871499999999999986e+01 1.499999999999999944e-02
5.333120000000018626e+04 1.873900000000000077e+01 1.600000000000000033e-02
5.334118999999994412e+04 1.897200000000000131e+01 1.600000000000000033e-02
5.334418999999994412e+04 1.902400000000000091e+01 1.700000000000000122e-02
5.334918000000016764e+04 1.912800000000000011e+01 1.600000000000000033e-02
5.336520000000018626e+04 1.944800000000000040e+01 3.099999999999999978e-02
