5.328920000000018626e+04 1.806299999999999883e+01 2.100000000000000130e-02
5.329125999999977648e+04 1.824399999999999977e+01 2.100000000000000130e-02
5.329327000000001863e+04 nan nan
5.329433000000007451e+04 1.844399999999999906e+01 2.299999999999999961e-02
5.329529000000003725e+04 1.852299999999999969e+01 2.199999999999999872e-02
5.329831999999983236e+04 1.869200000000000017e+01 2.299999999999999961e-02
5.330031000000005588e+04 1.877700000000000102e+01 2.199999999999999872e-02
5.330129999999981374e+04 1.880399999999999849e+01 2.100000000000000130e-02
5.330233999999985099e+04 1.886599999999999966e+01 2.100000000000000130e-02
5.330331000000005588e+04 1.888700000000000045e+01 2.900000000000000147e-02
5.330433999999985099e+04 1.895100000000000051e+01 2.599999999999999881e-02
5.330727000000001863e+04 1.898900000000000077e+01 3.099999999999999978e-02
5.330829999999981374e+04 1.898900000000000077e+01 2.699999999999999969e-02
5.331427000000001863e+04 1.914300000000000068e+01 2.100000000000000130e-02
5.331524000000022352e+04 1.917699999999999960e+01 2.199999999999999872e-02
5.332031999999983236e+04 nan nan
5.332425999999977648e+04 1.931400000000000006e+01 2.199999999999999872e-02
5.332927000000001863e+04 1.939300000000000068e+01 2.400000000000000050e-02
5.333120000000018626e+04 1.938599999999999923e+01 2.900000000000000147e-02
5.334118999999994412e+04 1.954700000000000060e+01 2.500000000000000139e-02
5.334418999999994412e+04 1.958399999999999963e+01 2.299999999999999961e-02
5.334918000000016764e+04 1.964499999999999957e+01 2.299999999999999961e-02
5.336520000000018626e+04 1.988299999999999912e+01 4.299999999999999656e-02
