5.328920000000018626e+04 nan nan
5.329125999999977648e+04 nan nan
5.329327000000001863e+04 nan nan
5.329433000000007451e+04 nan nan
5.329529000000003725e+04 nan nan
5.329831999999983236e+04 nan nan
5.330031000000005588e+04 nan nan
5.330129999999981374e+04 nan nan
5.330233999999985099e+04 nan nan
5.330331000000005588e+04 nan nan
5.330433999999985099e+04 nan nan
5.330727000000001863e+04 nan nan
5.330829999999981374e+04 nan nan
5.331427000000001863e+04 nan nan
5.331524000000022352e+04 nan nan
5.332031999999983236e+04 nan nan
5.332425999999977648e+04 nan nan
5.332927000000001863e+04 nan nan
5.333120000000018626e+04 nan nan
5.334118999999994412e+04 nan nan
5.334418999999994412e+04 nan nan
5.334918000000016764e+04 nan nan
5.336520000000018626e+04 nan nan
