53975.448 23.736 0.558
53994.473 25.023 0.941
53996.457 25.940 0.753
54005.471 24.161 0.594
54008.417 24.809 1.005
54009.485 24.066 0.533
54010.412 25.078 0.712
54012.405 24.810 1.176
54020.443 25.560 1.276
54024.493 25.200 1.097
54028.481 25.549 0.888
54030.437 25.137 0.757
54035.481 26.295 0.736
54037.387 24.987 0.696
54040.401 22.109 0.106
54041.437 21.972 0.101
54047.432 21.334 0.209
54049.428 20.884 0.105
54050.388 20.587 0.068
54053.407 20.670 0.059
54056.394 20.684 0.036
54059.388 20.897 0.045
54061.399 21.097 0.067
54062.393 21.136 0.048
54064.389 21.320 0.065
54068.373 21.793 0.113
