53975.447 25.768 1.434
53994.471 22.992 0.970
53996.455 23.939 1.399
54005.469 26.000 0.945
54008.415 26.131 1.372
54009.483 26.265 0.725
54010.410 26.313 0.673
54012.403 26.257 1.272
54024.491 22.968 1.300
54028.480 23.008 1.085
54030.435 22.960 0.748
54035.479 27.327 0.465
54037.385 24.430 1.204
54040.399 23.248 0.971
54041.435 23.599 1.149
54049.426 22.574 1.552
54050.386 22.990 2.025
54056.392 24.467 1.473
54059.386 22.962 0.934
54061.397 23.036 1.357
54062.391 24.651 1.348
54064.388 23.370 1.243
54068.372 26.898 0.675
