53975.447 23.627 0.664
53994.472 22.498 0.659
53996.456 23.760 0.558
54005.470 22.804 0.708
54008.416 22.795 0.917
54009.484 22.569 0.621
54010.411 23.226 0.535
54012.404 24.078 0.565
54020.442 23.204 0.692
54024.492 23.997 0.609
54028.481 23.264 0.898
54030.436 22.015 0.629
54035.480 23.917 0.708
54037.386 22.839 0.585
54040.400 22.130 0.665
54041.436 22.234 0.654
54047.431 20.458 0.227
54049.427 20.506 0.250
54050.387 20.455 0.299
54053.406 19.792 0.241
54056.393 20.323 0.186
54059.387 20.017 0.165
54061.398 20.303 0.239
54062.392 20.241 0.160
54064.388 20.396 0.224
54068.373 20.143 0.194
