53975.445 24.823 1.041
53994.469 25.340 0.845
53996.453 23.324 0.526
54005.467 24.400 0.788
54009.481 24.926 0.799
54010.409 24.555 0.778
54012.402 23.116 0.667
54020.440 24.647 1.096
54024.489 23.779 0.959
54028.478 23.677 1.064
54030.434 24.610 0.869
54035.478 25.278 1.051
54037.383 24.911 0.780
54040.398 21.903 0.132
54041.433 21.711 0.111
54047.429 20.435 0.085
54049.425 20.369 0.054
54050.384 20.236 0.067
54053.404 20.096 0.042
54056.390 20.041 0.035
54059.385 20.040 0.034
54061.396 20.048 0.047
54062.390 20.137 0.030
54064.386 20.277 0.042
54068.370 20.517 0.053
