53975.446 24.470 1.063
53994.470 25.204 0.706
53996.454 23.601 0.783
54005.468 23.991 0.793
54008.415 24.601 1.491
54009.482 25.055 0.707
54010.409 25.027 0.699
54012.402 25.114 0.938
54020.441 24.803 0.905
54024.490 23.631 0.921
54028.479 25.152 0.871
54030.434 25.605 0.603
54035.479 24.689 0.973
54037.384 24.832 0.736
54040.399 22.557 0.362
54041.434 22.171 0.241
54047.429 20.464 0.081
54049.425 20.435 0.068
54050.385 20.135 0.070
54053.405 20.139 0.083
54056.391 19.975 0.039
54059.386 20.081 0.046
54061.397 20.131 0.062
54062.390 20.078 0.038
54064.387 20.109 0.051
54068.371 20.395 0.064
