5.415302000000001863e+04 nan nan
5.415402000000001863e+04 1.695899999999999963e+01 1.400000000000000029e-02
5.415502999999979511e+04 nan nan
5.415802999999979511e+04 1.610099999999999909e+01 6.900000000000000577e-02
5.415902999999979511e+04 1.595899999999999963e+01 1.499999999999999944e-02
5.416002999999979511e+04 1.596499999999999986e+01 6.900000000000000577e-02
5.416102000000001863e+04 1.584600000000000009e+01 2.800000000000000058e-02
5.416302000000001863e+04 1.589199999999999946e+01 1.799999999999999864e-02
5.416502000000001863e+04 1.616600000000000037e+01 2.100000000000000130e-02
5.416602999999979511e+04 1.646999999999999886e+01 6.900000000000000577e-02
5.416902000000001863e+04 1.732000000000000028e+01 1.799999999999999864e-02
5.417002000000001863e+04 1.768900000000000006e+01 6.900000000000000577e-02
5.417100999999977648e+04 nan nan
5.417400999999977648e+04 1.880699999999999861e+01 4.800000000000000100e-02
5.417900000000000000e+04 nan nan
5.418500999999977648e+04 nan nan
5.419000000000000000e+04 nan nan
5.419399000000022352e+04 nan nan
5.419699000000022352e+04 nan nan
5.420399000000022352e+04 nan nan
