5.415302000000001863e+04 1.639399999999999835e+01 8.999999999999999320e-03
5.415402000000001863e+04 1.620799999999999841e+01 8.000000000000000167e-03
5.415502999999979511e+04 1.605900000000000105e+01 1.200000000000000025e-02
5.415802999999979511e+04 1.568900000000000006e+01 8.000000000000000167e-03
5.415902999999979511e+04 1.559600000000000009e+01 8.000000000000000167e-03
5.416002999999979511e+04 1.552800000000000047e+01 6.000000000000000125e-03
5.416102000000001863e+04 1.547499999999999964e+01 6.000000000000000125e-03
5.416302000000001863e+04 1.538000000000000078e+01 7.000000000000000146e-03
5.416502000000001863e+04 1.533699999999999974e+01 8.000000000000000167e-03
5.416602999999979511e+04 1.536100000000000065e+01 7.000000000000000146e-03
5.416902000000001863e+04 1.553700000000000081e+01 8.999999999999999320e-03
5.417002000000001863e+04 1.563400000000000034e+01 8.999999999999999320e-03
5.417100999999977648e+04 1.574200000000000088e+01 8.999999999999999320e-03
5.417400999999977648e+04 1.604899999999999949e+01 8.000000000000000167e-03
5.417900000000000000e+04 1.640599999999999881e+01 8.000000000000000167e-03
5.418500999999977648e+04 1.667699999999999960e+01 8.000000000000000167e-03
5.419000000000000000e+04 1.678000000000000114e+01 1.000000000000000021e-02
5.419399000000022352e+04 1.688800000000000168e+01 8.999999999999999320e-03
5.419699000000022352e+04 nan nan
5.420399000000022352e+04 1.708999999999999986e+01 1.000000000000000021e-02
