5.415302000000001863e+04 1.670100000000000051e+01 1.299999999999999940e-02
5.415402000000001863e+04 1.646600000000000108e+01 8.999999999999999320e-03
5.415502999999979511e+04 1.626099999999999923e+01 1.499999999999999944e-02
5.415802999999979511e+04 1.583699999999999974e+01 1.400000000000000029e-02
5.415902999999979511e+04 1.575799999999999912e+01 1.299999999999999940e-02
5.416002999999979511e+04 1.568999999999999950e+01 1.299999999999999940e-02
5.416102000000001863e+04 1.567500000000000071e+01 8.999999999999999320e-03
5.416302000000001863e+04 1.563000000000000078e+01 8.999999999999999320e-03
5.416502000000001863e+04 1.569200000000000017e+01 1.099999999999999936e-02
5.416602999999979511e+04 1.574900000000000055e+01 1.299999999999999940e-02
5.416902000000001863e+04 1.614499999999999957e+01 1.400000000000000029e-02
5.417002000000001863e+04 1.629899999999999949e+01 1.299999999999999940e-02
5.417100999999977648e+04 1.648699999999999832e+01 1.099999999999999936e-02
5.417400999999977648e+04 1.691600000000000037e+01 1.299999999999999940e-02
5.417900000000000000e+04 1.742500000000000071e+01 1.600000000000000033e-02
5.418500999999977648e+04 1.776399999999999935e+01 1.600000000000000033e-02
5.419000000000000000e+04 1.786700000000000088e+01 2.299999999999999961e-02
5.419399000000022352e+04 1.791300000000000026e+01 2.800000000000000058e-02
5.419699000000022352e+04 1.801399999999999935e+01 1.600000000000000033e-02
5.420399000000022352e+04 1.83e+01	0.1
