50937.480 14.220 999.000
50939.350 13.920 999.000
50941.320 13.850 999.000
50942.310 13.830 999.000
50944.280 13.850 999.000
50948.420 14.150 999.000
50950.390 14.380 999.000
50951.370 14.490 999.000
50952.360 14.690 999.000
50953.240 14.810 999.000
50954.330 14.990 999.000
50955.410 15.080 999.000
50956.300 15.180 999.000
50961.130 15.670 999.000
50965.360 15.970 999.000
50966.350 16.040 999.000
50967.330 16.130 999.000
50968.320 16.150 999.000
50970.390 16.190 999.000
50971.370 16.260 999.000
51280.200 21.130 999.000
51346.300 21.690 999.000
