50929.600 15.580
50929.800 15.650
50930.780 15.820
50931.370 15.540
50931.670 15.440
50934.330 14.710
50936.300 14.280
50937.480 14.080
50939.350 13.880
50939.750 13.850
50941.320 13.750
50941.820 13.710
50942.310 13.710
50942.800 13.680
50944.280 13.630
50946.450 13.600
50948.420 13.630
50950.290 13.640
50950.390 13.650
50951.370 13.680
50952.360 13.710
50953.240 13.740
50953.640 13.780
50954.330 13.810
50954.720 13.810
50955.410 13.830
50956.300 13.860
50960.000 14.310
50961.000 14.310
50961.130 14.240
50965.360 14.390
50966.350 14.440
50967.330 14.470
50968.320 14.530
50970.390 14.640
50971.370 14.680
51068.000 17.060
51068.500 17.060
51069.000 17.060
51142.000 18.100
51142.500 18.140
51143.000 18.100
51254.100 19.740
51254.500 19.870
51267.000 19.900
51268.000 19.900
51275.500 20.210
51276.100 20.090
51284.000 20.200
51284.500 20.270
51285.000 20.200
51318.500 20.980
51319.200 20.830
51341.000 21.000
51341.500 21.180
51342.000 21.000
51345.500 21.320
51346.300 20.870
51398.000 21.600
51398.500 22.210
51399.000 21.600
51431.000 22.100
51431.500 22.590
51432.000 22.100
51466.500 23.050
