50929.600 15.720 999.000
50929.800 15.780 999.000
50931.670 15.390 999.000
50936.300 14.180 999.000
50937.480 14.030 999.000
50939.350 13.820 999.000
50939.750 13.850 999.000
50941.320 13.710 999.000
50941.820 13.740 999.000
50942.310 13.680 999.000
50942.800 13.690 999.000
50944.280 13.600 999.000
50946.450 13.570 999.000
50947.430 13.650 999.000
50948.420 13.680 999.000
50949.400 13.710 999.000
50950.290 13.740 999.000
50950.390 13.780 999.000
50951.370 13.820 999.000
50952.360 13.890 999.000
50953.240 13.920 999.000
50953.640 13.930 999.000
50954.330 14.010 999.000
50954.330 14.040 999.000
50954.720 14.000 999.000
50955.410 14.080 999.000
50956.300 14.140 999.000
50960.000 14.690 0.050
50961.000 14.690 999.000
50961.130 14.470 999.000
50965.360 14.710 999.000
50966.350 14.790 999.000
50967.330 14.830 999.000
50968.320 14.880 999.000
50970.390 14.990 999.000
50971.370 15.030 999.000
50992.390 15.790 0.020
50992.390 15.790 999.000
50995.380 15.850 0.020
50995.380 15.850 999.000
50996.380 15.860 0.020
50996.380 15.860 999.000
51002.420 16.000 0.030
51002.420 16.000 999.000
51004.380 16.040 0.030
51007.430 16.090 0.030
51007.430 16.090 999.000
51007.440 16.110 0.030
51007.440 16.110 999.000
51008.370 16.110 0.030
51008.370 16.110 999.000
51010.400 16.140 0.030
51010.400 16.140 999.000
51011.380 16.170 0.020
51011.380 16.170 999.000
51012.420 16.180 0.030
51012.420 16.180 999.000
51013.400 16.190 0.030
51013.400 16.190 999.000
51014.400 16.220 0.020
51014.400 16.220 999.000
51019.370 16.310 0.020
51019.370 16.310 999.000
51020.360 16.310 0.030
51020.360 16.310 999.000
51021.360 16.360 0.020
51021.360 16.360 999.000
51022.360 16.410 0.030
51022.360 16.410 999.000
51032.340 16.560 0.030
51032.340 16.560 999.000
51033.340 16.520 0.040
51033.340 16.520 999.000
51035.340 16.610 0.030
51035.340 16.610 999.000
51036.340 16.620 0.030
51036.340 16.620 999.000
51037.330 16.670 0.020
51037.330 16.670 999.000
51039.320 16.680 0.020
51039.320 16.680 999.000
51040.270 16.740 0.020
51040.270 16.740 999.000
51041.300 16.750 0.020
51041.300 16.750 999.000
51041.340 16.840 0.040
51041.340 16.840 999.000
51042.320 16.760 0.020
51042.320 16.760 999.000
51043.310 16.760 0.020
51043.310 16.760 999.000
51045.300 16.820 0.020
51045.300 16.820 999.000
51046.300 16.840 0.020
51046.300 16.840 999.000
51047.310 16.830 0.020
51047.310 16.830 999.000
51051.290 16.920 0.020
51051.290 16.920 999.000
51061.200 17.080 0.040
51061.200 17.080 999.000
51062.260 16.850 0.150
51062.260 16.850 999.000
51062.260 16.920 0.150
51062.260 16.920 999.000
51063.250 17.130 0.030
51063.250 17.130 999.000
51064.260 17.280 0.180
51064.260 17.280 999.000
51068.000 17.340 0.050
51068.500 17.380 999.000
51069.000 17.340 999.000
51069.230 17.270 0.020
51069.230 17.270 999.000
51070.230 17.270 0.020
51070.230 17.270 999.000
51071.260 17.270 0.030
51071.260 17.270 999.000
51073.220 17.250 0.030
51073.220 17.250 999.000
51073.230 17.330 0.030
51073.230 17.330 999.000
51076.200 17.380 0.030
51076.200 17.380 999.000
51076.210 17.380 0.030
51076.210 17.380 999.000
51079.230 17.440 0.030
51079.230 17.440 999.000
51093.120 17.680 0.030
51093.120 17.680 999.000
51094.130 17.700 0.030
51094.130 17.700 999.000
51096.130 17.610 0.040
51096.130 17.610 999.000
51097.130 17.740 0.030
51097.130 17.740 999.000
51098.120 17.790 0.030
51098.120 17.790 999.000
51115.050 18.090 0.050
51115.050 18.090 999.000
51142.000 18.630 0.050
51142.500 18.760 999.000
51143.000 18.630 999.000
51253.100 20.520 999.000
51254.100 20.500 999.000
51254.500 20.800 999.000
51267.000 20.700 0.300
51268.000 20.700 999.000
51275.500 21.150 999.000
51276.100 20.690 999.000
51284.000 21.000 0.250
51284.500 21.300 999.000
51285.000 21.000 999.000
51318.500 21.780 999.000
51319.200 21.430 999.000
51341.000 21.700 0.300
51341.500 22.120 999.000
51342.000 21.700 999.000
51345.500 22.160 999.000
51346.300 21.700 999.000
51398.000 21.900 0.500
51398.500 22.860 999.000
51399.000 21.900 999.000
51431.000 22.300 0.400
51431.500 23.070 999.000
51432.000 22.300 999.000
51466.500 23.430 999.000
