50930.780 15.750 999.000
50936.300 14.580 999.000
50937.480 14.350 999.000
50939.350 14.240 999.000
50939.750 14.210 999.000
50941.320 14.130 999.000
50941.820 14.110 999.000
50942.310 14.100 999.000
50942.800 14.110 999.000
50944.280 14.080 999.000
50948.420 14.290 999.000
50950.190 14.400 999.000
50950.390 14.440 999.000
50951.370 14.530 999.000
50952.360 14.650 999.000
50953.240 14.740 999.000
50954.330 14.890 999.000
50954.720 14.710 999.000
50954.720 14.850 999.000
50954.720 14.900 999.000
50955.410 14.990 999.000
50956.300 15.040 999.000
50961.130 15.440 999.000
50965.360 15.710 999.000
50966.350 15.790 999.000
50967.330 15.820 999.000
50968.320 15.850 999.000
50970.390 15.930 999.000
50971.370 15.990 999.000
50992.390 16.680 0.030
50992.390 16.680 999.000
50995.380 16.740 0.030
50995.380 16.740 999.000
50996.380 16.750 0.030
50996.380 16.750 999.000
51002.420 16.860 0.030
51002.420 16.860 999.000
51004.380 16.870 0.030
51008.370 16.900 0.040
51008.370 16.900 999.000
51010.400 16.950 0.030
51010.400 16.950 999.000
51011.380 16.980 0.040
51011.380 16.980 999.000
51012.420 16.920 0.030
51012.420 16.920 999.000
51013.400 16.930 0.030
51013.400 16.930 999.000
51014.400 17.020 0.030
51014.400 17.020 999.000
51019.370 17.070 0.030
51019.370 17.070 999.000
51020.360 17.030 0.030
51020.360 17.030 999.000
51021.360 17.120 0.030
51021.360 17.120 999.000
51022.360 17.070 0.030
51022.360 17.070 999.000
51032.340 17.300 0.050
51032.340 17.300 999.000
51033.340 17.240 0.070
51033.340 17.240 999.000
51035.340 17.270 0.040
51035.340 17.270 999.000
51036.340 17.340 0.030
51036.340 17.340 999.000
51037.330 17.350 0.030
51037.330 17.350 999.000
51039.320 17.320 0.030
51039.320 17.320 999.000
51040.270 17.360 0.030
51040.270 17.360 999.000
51041.340 17.390 0.030
51041.340 17.390 999.000
51042.320 17.410 0.030
51042.320 17.410 999.000
51043.310 17.420 0.030
51043.310 17.420 999.000
51045.300 17.440 0.030
51045.300 17.440 999.000
51046.290 17.430 0.030
51046.290 17.430 999.000
51046.300 17.440 0.030
51046.300 17.440 999.000
51047.310 17.450 0.030
51047.310 17.450 999.000
51051.290 17.460 0.030
51051.290 17.460 999.000
51051.300 17.480 0.030
51051.300 17.480 999.000
51051.300 17.560 0.030
51051.300 17.560 999.000
51061.200 17.570 0.060
51061.200 17.570 999.000
51062.260 17.570 0.150
51062.260 17.570 999.000
51063.250 17.730 0.040
51063.250 17.730 999.000
51064.260 17.610 0.130
51064.260 17.610 999.000
51069.230 17.820 0.030
51069.230 17.820 999.000
51070.230 17.800 0.030
51070.230 17.800 999.000
51071.260 17.820 0.040
51071.260 17.820 999.000
51079.230 17.880 0.030
51079.230 17.880 999.000
51093.120 18.170 0.040
51093.120 18.170 999.000
51094.130 18.190 0.040
51094.130 18.190 999.000
51096.130 18.130 0.050
51096.130 18.130 999.000
51097.130 18.190 0.030
51097.130 18.190 999.000
51098.120 18.210 0.030
51098.120 18.210 999.000
51115.050 18.350 0.060
51115.050 18.350 999.000
51253.100 20.690 999.000
51254.100 20.710 999.000
51254.500 21.210 999.000
51275.500 21.560 999.000
51276.100 21.100 999.000
51284.500 21.660 999.000
51318.500 22.190 999.000
51319.200 21.590 999.000
51345.500 22.570 999.000
51346.300 21.910 999.000
51431.500 23.530 999.000
