3.150 -14.106 0.002
3.470 -14.034 0.002
3.820 -13.999 0.001
4.200 -13.994 0.001
4.620 -14.011 0.001
5.080 -14.037 0.002
5.590 -13.987 0.001
6.150 -13.942 0.002
6.760 -13.940 0.002
7.440 -14.007 0.001
8.180 -14.149 0.001
9.000 -14.362 0.001
9.900 -14.622 0.002
10.890 -14.915 0.002
11.980 -15.219 0.001
13.180 -15.522 0.001
14.500 -15.807 0.001
15.950 -16.063 0.002
17.550 -16.281 0.001
19.310 -16.450 0.002
21.240 -16.566 0.002
23.360 -16.628 0.002
25.700 -16.594 0.002
28.270 -16.503 0.001
31.100 -16.326 0.002
34.210 -16.026 0.001
37.630 -15.695 0.002
41.390 -15.431 0.001
45.530 -15.278 0.001
50.080 -15.208 0.001
55.090 -15.077 0.001
60.600 -15.004 0.001
66.660 -14.955 0.001
73.330 -14.878 0.002
80.660 -14.773 0.001
88.730 -14.643 0.002
97.600 -14.485 0.002
107.400 -14.288 0.001
118.100 -14.072 0.001
129.900 -13.773 0.002
142.900 -13.455 0.002
157.200 -13.065 0.002
172.900 -12.682 0.002
190.200 -12.303 0.002
