3.150 -14.912 0.002
3.470 -14.947 0.001
3.820 -14.999 0.002
4.200 -15.059 0.002
4.620 -15.123 0.001
5.080 -15.181 0.002
5.590 -15.174 0.001
6.150 -15.176 0.002
6.760 -15.206 0.002
7.440 -15.280 0.001
8.180 -15.403 0.002
9.000 -15.569 0.002
9.900 -15.770 0.001
10.890 -15.988 0.001
11.980 -16.208 0.001
13.180 -16.421 0.001
14.500 -16.618 0.002
15.950 -16.794 0.001
17.550 -16.945 0.001
19.310 -17.066 0.001
21.240 -17.157 0.002
23.360 -17.219 0.002
25.700 -17.232 0.001
28.270 -17.208 0.002
31.100 -17.109 0.001
34.210 -16.897 0.002
37.630 -16.629 0.002
41.390 -16.395 0.002
45.530 -16.230 0.001
50.080 -16.114 0.001
55.090 -15.935 0.001
60.600 -15.780 0.001
66.660 -15.658 0.001
73.330 -15.536 0.001
80.660 -15.385 0.001
88.730 -15.207 0.002
97.600 -15.008 0.001
107.400 -14.774 0.002
118.100 -14.532 0.001
129.900 -14.232 0.002
142.900 -13.924 0.001
157.200 -13.630 0.002
172.900 -13.279 0.002
190.200 -12.912 0.002
