3.150 -15.508 0.002
3.470 -15.573 0.001
3.820 -15.630 0.002
4.200 -15.677 0.002
4.620 -15.715 0.002
5.080 -15.743 0.002
5.590 -15.765 0.002
6.150 -15.807 0.001
6.760 -15.874 0.001
7.440 -15.970 0.001
8.180 -16.091 0.002
9.000 -16.236 0.001
9.900 -16.395 0.002
10.890 -16.560 0.002
11.980 -16.723 0.001
13.180 -16.879 0.002
14.500 -17.024 0.001
15.950 -17.156 0.001
17.550 -17.274 0.001
19.310 -17.379 0.001
21.240 -17.472 0.002
23.360 -17.557 0.002
25.700 -17.617 0.002
28.270 -17.650 0.001
31.100 -17.621 0.001
34.210 -17.542 0.001
37.630 -17.423 0.002
41.390 -17.279 0.001
45.530 -17.133 0.002
50.080 -16.977 0.001
55.090 -16.868 0.001
60.600 -16.667 0.001
66.660 -16.431 0.002
73.330 -16.208 0.001
80.660 -15.954 0.001
88.730 -15.670 0.002
97.600 -15.360 0.002
107.400 -15.016 0.001
118.100 -14.641 0.002
129.900 -14.226 0.002
142.900 -13.799 0.002
157.200 -13.166 0.001
172.900 -12.750 0.002
190.200 -12.366 0.001
