53456.285 16.403 0.175
53461.328 16.279 0.250
53462.300 16.443 0.046
53463.237 16.442 0.175
53464.321 16.356 0.175
53465.230 16.669 0.083
53466.244 16.599 0.060
53467.435 16.478 0.053
53468.241 16.560 0.175
53469.210 16.583 0.045
53470.218 16.607 0.024
53471.213 16.940 0.250
53472.205 16.685 0.250
53473.192 16.817 0.250
53474.207 16.725 0.250
53480.204 16.957 0.175
53486.239 16.858 0.175
53487.219 16.921 0.044
53488.219 16.953 0.250
53490.224 17.100 0.122
53493.261 17.112 0.073
53494.220 17.199 0.175
53497.247 17.054 0.088
53498.222 17.200 0.080
53502.225 17.430 0.116
53506.124 17.370 0.096
53509.182 17.639 0.344
53510.187 17.533 0.039
53511.184 17.445 0.308
53513.160 17.389 0.179
53522.151 17.806 0.175
53526.142 17.508 0.175
