53338.534 14.766 0.054
53338.539 14.771 0.053
53341.080 15.230 0.040
53348.531 15.717 0.026
53348.540 15.680 0.023
53349.520 15.773 0.019
53350.514 15.829 0.024
53350.536 15.833 0.024
53353.504 16.029 0.021
53358.541 16.324 0.022
53358.547 16.209 0.020
53376.447 16.480 0.019
53378.496 16.496 0.023
53379.502 16.489 0.023
53380.476 16.499 0.021
53383.500 16.510 0.022
53387.479 16.536 0.027
53389.140 16.750 0.050
53405.910 16.910 0.030
53431.970 17.130 0.040
53438.449 17.026 0.020
53446.000 17.180 0.050
53455.000 17.460 0.050
53461.291 17.288 0.021
53462.890 17.610 0.060
53467.930 17.430 0.060
53474.426 17.539 0.024
53492.288 17.840 0.024
53500.347 17.995 0.027
53505.890 18.150 0.060
53528.248 18.551 0.027
