53456.285 15.716 0.023
53462.300 15.864 0.175
53463.237 15.995 0.250
53464.321 15.960 0.175
53465.230 16.016 0.175
53466.244 16.174 0.175
53467.435 15.921 0.175
53468.241 15.994 0.250
53469.210 16.008 0.032
53470.218 16.136 0.250
53471.213 16.041 0.175
53472.205 16.061 0.250
53473.192 16.058 0.250
53474.207 16.142 0.075
53480.204 16.262 0.250
53486.239 16.093 0.093
53487.219 16.180 0.115
53488.219 16.309 0.063
53489.209 16.433 0.097
53490.224 16.529 0.142
53493.261 16.604 0.175
53494.220 16.515 0.175
53495.259 16.388 0.250
53497.247 16.374 0.175
53498.222 16.468 0.082
53502.225 16.742 0.250
53509.182 16.793 0.100
53510.187 16.534 0.175
53511.184 16.914 0.198
53513.160 16.880 0.272
53522.151 17.270 0.175
53526.142 17.021 0.175
