53338.533 13.823 0.020
53338.539 13.834 0.018
53348.530 14.141 0.028
53348.539 14.148 0.025
53349.520 14.177 0.019
53350.514 14.295 0.030
53352.521 14.286 0.031
53353.503 14.365 0.024
53354.426 14.349 0.023
53357.476 14.462 0.019
53357.483 14.476 0.017
53358.537 14.499 0.016
53376.446 14.826 0.023
53378.494 14.969 0.023
53379.501 15.022 0.023
53380.474 14.985 0.022
53383.498 15.040 0.023
53387.478 15.073 0.035
53410.322 15.451 0.018
53438.448 16.039 0.027
53459.328 16.366 0.019
53473.363 16.685 0.024
53474.418 16.802 0.024
53476.301 16.766 0.026
53477.297 16.788 0.027
53479.200 16.865 0.027
53480.258 16.931 0.030
53487.252 17.085 0.033
53487.269 16.966 0.029
53492.276 17.088 0.022
53494.313 17.174 0.021
53497.309 17.125 0.025
53500.345 17.138 0.036
53516.227 17.385 0.037
53523.192 17.513 0.030
53528.247 17.700 0.029
53546.181 18.407 0.031
