53338.500 13.980 0.020
53338.531 13.989 0.017
53338.537 13.967 0.019
53340.500 14.140 0.020
53341.080 14.120 0.030
53342.500 14.360 0.020
53348.500 14.580 0.010
53348.528 14.481 0.022
53348.537 14.497 0.022
53349.500 14.600 0.010
53349.518 14.548 0.017
53350.500 14.610 0.020
53350.512 14.605 0.022
53350.533 14.602 0.023
53351.500 14.750 0.030
53352.500 14.750 0.030
53352.520 14.688 0.027
53353.500 14.790 0.020
53353.501 14.749 0.026
53354.424 14.799 0.022
53357.479 14.933 0.018
53358.540 14.979 0.014
53358.546 14.968 0.015
53359.500 15.050 0.020
53360.500 15.090 0.020
53361.500 15.110 0.040
53376.443 15.312 0.019
53378.491 15.388 0.022
53379.498 15.424 0.023
53380.482 15.421 0.025
53383.495 15.445 0.023
53385.400 15.490 0.020
53387.473 15.489 0.020
53389.140 15.440 0.030
53389.427 15.466 0.013
53405.910 15.710 0.030
53410.318 15.747 0.015
53431.970 16.130 0.030
53438.443 16.148 0.019
53446.000 16.290 0.030
53455.000 16.400 0.040
53459.325 16.484 0.016
53461.285 16.539 0.018
53462.890 16.510 0.040
53467.930 16.690 0.040
53474.420 16.773 0.018
53477.299 16.899 0.021
53492.278 17.163 0.020
53494.315 17.207 0.020
53497.311 17.270 0.022
53500.340 17.330 0.020
53505.890 17.640 0.070
53528.242 17.868 0.023
