53338.500 13.620 0.020
53340.500 13.780 0.020
53341.080 13.840 0.030
53342.500 14.020 0.010
53348.500 13.980 0.010
53349.500 14.090 0.010
53350.500 14.120 0.020
53351.500 14.120 0.020
53352.500 14.170 0.020
53353.500 14.150 0.010
53359.500 14.490 0.020
53360.500 14.460 0.010
53361.500 14.450 0.020
53385.400 14.970 0.010
53389.140 15.140 0.020
53405.910 15.450 0.040
53431.970 15.760 0.020
53446.000 15.910 0.030
53455.000 16.060 0.020
53462.890 16.070 0.040
53467.930 16.200 0.050
53505.890 16.970 0.040
