53338.532 13.830 0.019
53338.538 13.836 0.018
53348.529 14.203 0.023
53349.519 14.256 0.016
53350.513 14.348 0.029
53352.521 14.454 0.033
53353.502 14.469 0.035
53354.425 14.462 0.022
53357.474 14.587 0.027
53357.482 14.586 0.020
53358.536 14.622 0.015
53358.542 14.627 0.014
53376.445 15.037 0.018
53378.493 15.086 0.020
53379.499 15.117 0.023
53380.473 15.114 0.019
53383.497 15.151 0.020
53389.429 15.251 0.015
53410.320 15.525 0.019
53438.446 15.966 0.019
53459.326 16.296 0.016
53461.287 16.342 0.016
53469.334 16.586 0.027
53472.385 16.587 0.026
53473.361 16.535 0.022
53474.417 16.547 0.017
53476.300 16.593 0.019
53477.295 16.582 0.026
53479.199 16.739 0.024
53487.268 16.765 0.023
53492.275 16.835 0.018
53494.311 16.885 0.020
53497.308 17.012 0.023
53500.343 16.984 0.017
53523.190 17.409 0.021
53528.245 17.467 0.022
53546.179 18.030 0.026
