53622.456 23.115 0.619
53627.413 22.609 0.807
53634.406 23.731 0.716
53638.448 22.726 0.822
53640.412 23.072 0.771
53643.454 23.051 0.814
53646.474 24.193 0.440
53657.293 23.968 1.101
53663.475 24.210 0.602
53665.475 22.003 0.827
53668.463 24.236 0.651
53669.369 22.074 0.751
53670.470 22.559 1.078
53671.454 22.744 0.822
53674.354 22.379 0.951
53676.443 23.045 0.776
53679.415 20.743 0.348
53681.406 20.661 0.224
53687.309 20.525 0.279
53696.372 20.323 0.170
53697.363 20.435 0.203
53700.362 19.957 0.163
53705.349 20.598 0.286
