53622.455 23.489 0.915
53627.413 26.177 0.877
53634.405 24.197 2.143
53638.447 24.788 1.476
53640.411 24.828 1.425
53643.454 24.428 1.575
53646.473 23.303 0.974
53663.474 22.950 2.340
53664.409 23.869 1.886
53665.474 27.183 0.776
53668.463 23.997 1.927
53669.368 25.083 1.540
53670.469 22.696 1.747
53671.453 26.076 1.364
53674.353 25.664 1.379
53679.414 21.116 0.179
53681.406 21.158 0.163
53687.309 21.283 0.421
53696.371 22.461 0.696
53697.362 23.236 1.331
53700.361 24.893 1.519
53705.348 22.443 0.648
