53622.454 24.791 0.830
53627.412 25.062 0.881
53634.404 22.315 0.499
53638.446 23.892 0.983
53640.410 23.527 0.886
53643.453 25.517 0.793
53646.472 25.250 0.826
53663.473 23.992 1.265
53665.473 22.987 0.832
53668.462 24.667 1.222
53669.368 23.629 1.053
53670.468 25.971 0.767
53671.453 25.336 0.933
53674.352 22.458 0.475
53676.441 21.467 0.183
53679.413 20.893 0.120
53681.405 20.520 0.070
53687.308 20.181 0.079
53696.371 20.058 0.052
53697.362 20.065 0.057
53700.360 20.114 0.058
53705.347 20.577 0.082
