53622.453 25.278 0.774
53627.411 25.526 0.856
53634.404 22.838 0.722
53638.445 24.552 0.995
53640.409 25.359 0.927
53643.452 24.238 0.975
53646.471 25.020 0.923
53657.290 22.668 1.690
53663.472 26.364 1.039
53664.407 23.204 0.763
53665.472 26.082 0.966
53668.461 23.378 0.934
53669.367 24.802 1.138
53670.467 23.954 1.086
53671.452 25.099 1.046
53674.351 23.219 0.555
53676.441 21.777 0.144
53679.412 20.860 0.079
53681.404 20.553 0.057
53687.307 20.133 0.075
53696.370 20.306 0.044
53697.361 20.275 0.044
53700.360 20.527 0.052
53705.346 20.724 0.061
