53622.456 24.708 0.722
53627.414 25.058 0.854
53634.407 23.019 0.831
53638.448 23.604 0.576
53640.413 24.712 0.918
53643.455 24.909 0.932
53646.475 25.643 0.758
53657.294 21.732 0.391
53663.476 23.106 1.078
53664.411 26.776 1.307
53665.476 25.848 1.364
53668.464 23.465 0.713
53669.370 25.257 1.041
53670.470 23.667 0.917
53671.455 25.194 0.966
53674.355 22.421 0.188
53676.444 22.080 0.130
53679.416 21.069 0.059
53681.407 20.768 0.041
53687.310 20.538 0.103
53696.373 21.011 0.065
53697.364 21.221 0.076
53700.363 21.431 0.081
53705.350 21.736 0.102
