50437.880 15.130 999.000
50440.860 14.520 999.000
50440.890 14.640 999.000
50443.880 14.280 999.000
50444.870 14.180 999.000
50445.890 14.120 999.000
50449.900 13.920 999.000
50453.870 13.900 999.000
50455.760 13.970 999.000
50457.750 14.050 999.000
50459.840 14.270 999.000
50461.810 14.420 999.000
50462.800 14.500 999.000
50463.680 14.550 999.000
50465.810 14.660 999.000
50466.760 14.720 999.000
50467.780 14.780 999.000
50468.810 14.780 999.000
50472.790 14.960 999.000
50476.750 15.080 999.000
50477.700 15.080 999.000
50480.750 15.140 999.000
50481.740 15.170 999.000
50483.780 15.180 999.000
50484.780 15.240 999.000
50486.800 15.240 999.000
50489.780 15.360 999.000
50491.780 15.370 999.000
50495.660 15.430 999.000
50497.720 15.450 999.000
50498.710 15.450 999.000
50508.710 15.650 999.000
50510.670 15.700 999.000
50514.700 15.790 999.000
50517.650 15.880 999.000
50522.650 15.970 999.000
50533.660 16.200 999.000
50536.620 16.370 999.000
50541.640 16.440 999.000
50546.590 16.520 999.000
50554.660 16.600 999.000
50562.540 16.650 999.000
50582.530 16.860 999.000
50588.590 17.010 999.000
50591.560 16.820 999.000
