50437.880 14.850
50440.890 14.420
50443.880 14.110
50444.870 14.030
50445.890 14.000
50449.900 13.760
50450.840 13.720
50453.870 13.700
50455.760 13.750
50457.750 13.830
50459.840 13.940
50461.810 14.000
50462.800 14.040
50463.680 14.090
50465.810 14.170
50466.760 14.220
50467.780 14.270
50468.810 14.280
50472.790 14.420
50476.750 14.540
50477.700 14.570
50480.750 14.610
50481.740 14.650
50483.780 14.660
50484.780 14.720
50486.800 14.780
50489.780 14.830
50491.780 14.890
50495.660 14.900
50497.720 15.040
50498.710 15.040
50508.710 15.240
50510.670 15.300
50514.700 15.380
50517.650 15.470
50522.650 15.590
50533.660 15.740
50534.670 15.800
50536.620 15.890
50541.640 15.980
50546.590 16.070
50562.540 16.160
50564.540 16.360
50582.530 16.290
50588.590 16.610
50591.560 16.420
