50437.880 15.570
50440.890 14.870
50443.880 14.510
50444.870 14.440
50445.890 14.400
50449.900 14.240
50450.840 14.220
50453.870 14.370
50455.760 14.530
50457.750 14.750
50459.840 15.010
50461.810 15.280
50462.800 15.400
50463.680 15.500
50465.810 15.690
50466.760 15.730
50467.780 15.810
50468.810 15.830
50472.790 15.910
50476.750 16.030
50477.700 16.100
50480.750 16.130
50481.740 16.130
50483.780 16.190
50484.780 16.170
50486.800 16.150
50489.780 16.210
50491.780 16.190
50497.720 16.330
50508.710 16.380
50510.670 16.440
50514.700 16.490
50517.650 16.600
50522.650 16.670
