3.520 -15.477 0.001
3.870 -15.565 0.001
4.260 -15.661 0.001
4.680 -15.761 0.001
5.150 -15.867 0.002
5.670 -15.978 0.001
6.240 -16.092 0.002
6.860 -16.207 0.002
7.550 -16.325 0.002
8.300 -16.442 0.001
9.130 -16.559 0.002
10.040 -16.676 0.001
11.040 -16.795 0.002
12.140 -16.916 0.001
13.350 -17.036 0.001
14.690 -17.152 0.001
16.160 -17.254 0.002
17.780 -17.339 0.002
19.560 -17.402 0.002
21.520 -17.440 0.002
23.670 -17.469 0.002
26.040 -17.480 0.002
28.640 -17.450 0.001
31.500 -17.361 0.001
34.650 -17.218 0.002
38.100 -17.083 0.001
41.900 -16.960 0.001
46.100 -16.546 0.001
50.700 -16.319 0.001
55.800 -16.105 0.001
61.400 -15.871 0.002
67.540 -15.606 0.002
74.290 -15.311 0.001
81.720 -14.989 0.001
89.890 -14.746 0.001
98.880 -14.454 0.002
108.800 -14.176 0.001
119.700 -13.901 0.001
131.700 -13.638 0.001
144.900 -13.369 0.001
159.400 -13.103 0.001
175.300 -12.795 0.002
192.800 -12.473 0.002
212.100 -12.157 0.002
233.300 -11.872 0.001
256.600 -11.636 0.001
282.300 -11.451 0.001
310.500 -11.310 0.001
