3.520 -15.184 0.002
3.870 -15.298 0.002
4.260 -15.414 0.001
4.680 -15.525 0.001
5.150 -15.640 0.002
5.670 -15.757 0.002
6.240 -15.877 0.001
6.860 -15.997 0.001
7.550 -16.122 0.001
8.300 -16.248 0.002
9.130 -16.375 0.001
10.040 -16.503 0.002
11.040 -16.635 0.001
12.140 -16.771 0.002
13.350 -16.908 0.002
14.690 -17.043 0.002
16.160 -17.169 0.002
17.780 -17.282 0.001
19.560 -17.375 0.002
21.520 -17.451 0.001
23.670 -17.510 0.001
26.040 -17.546 0.001
28.640 -17.550 0.002
31.500 -17.507 0.002
34.650 -17.404 0.001
38.100 -17.235 0.001
41.900 -17.090 0.002
46.100 -16.912 0.001
50.700 -16.775 0.001
55.800 -16.634 0.001
61.400 -16.495 0.001
67.540 -16.347 0.002
74.290 -16.185 0.002
81.720 -16.002 0.001
89.890 -15.836 0.002
98.880 -15.633 0.001
108.800 -15.418 0.001
119.700 -15.207 0.002
131.700 -14.999 0.002
144.900 -14.782 0.002
159.400 -14.557 0.002
175.300 -14.311 0.002
192.800 -14.041 0.002
212.100 -13.733 0.001
233.300 -13.404 0.001
256.600 -13.043 0.002
282.300 -12.652 0.002
310.500 -12.238 0.001
