3.520 -15.485 0.002
3.870 -15.585 0.002
4.260 -15.693 0.002
4.680 -15.804 0.002
5.150 -15.920 0.002
5.670 -16.040 0.001
6.240 -16.160 0.002
6.860 -16.281 0.001
7.550 -16.404 0.002
8.300 -16.525 0.002
9.130 -16.648 0.001
10.040 -16.770 0.002
11.040 -16.893 0.001
12.140 -17.019 0.001
13.350 -17.146 0.001
14.690 -17.267 0.001
16.160 -17.376 0.002
17.780 -17.470 0.002
19.560 -17.547 0.001
21.520 -17.589 0.001
23.670 -17.636 0.002
26.040 -17.664 0.002
28.640 -17.654 0.002
31.500 -17.602 0.002
34.650 -17.489 0.002
38.100 -17.356 0.001
41.900 -17.204 0.002
46.100 -16.884 0.001
50.700 -16.630 0.002
55.800 -16.411 0.002
61.400 -16.197 0.001
67.540 -15.966 0.002
74.290 -15.713 0.001
81.720 -15.430 0.001
89.890 -15.185 0.001
98.880 -14.853 0.001
108.800 -14.483 0.001
119.700 -14.092 0.001
131.700 -13.678 0.001
144.900 -13.264 0.002
159.400 -12.829 0.002
175.300 -12.507 0.001
192.800 -12.258 0.001
212.100 -12.090 0.001
233.300 -11.990 0.001
256.600 -11.930 0.001
282.300 -11.889 0.001
310.500 -11.853 0.002
