3.520 -13.751 0.001
3.870 -13.632 0.002
4.260 -13.577 0.002
4.680 -13.571 0.001
5.150 -13.601 0.002
5.670 -13.657 0.002
6.240 -13.734 0.001
6.860 -13.827 0.001
7.550 -13.934 0.001
8.300 -14.049 0.002
9.130 -14.174 0.002
10.040 -14.305 0.002
11.040 -14.444 0.001
12.140 -14.597 0.001
13.350 -14.764 0.001
14.690 -14.942 0.002
16.160 -15.115 0.002
17.780 -15.268 0.001
19.560 -15.386 0.002
21.520 -15.401 0.001
23.670 -15.347 0.001
26.040 -15.282 0.001
28.640 -15.194 0.002
31.500 -15.068 0.001
34.650 -14.952 0.001
38.100 -14.835 0.002
41.900 -14.759 0.001
46.100 -14.665 0.001
50.700 -14.620 0.001
55.800 -14.591 0.002
61.400 -14.635 0.001
67.540 -14.689 0.002
74.290 -14.663 0.002
81.720 -14.614 0.002
89.890 -14.518 0.001
98.880 -14.390 0.002
108.800 -14.232 0.001
119.700 -14.025 0.001
131.700 -13.771 0.001
144.900 -13.470 0.001
159.400 -13.115 0.002
175.300 -12.721 0.001
192.800 -12.277 0.002
212.100 -11.803 0.002
233.300 -11.290 0.001
256.600 -10.748 0.002
282.300 -10.176 0.001
310.500 -9.607 0.002
