1.200 -14.471 0.002
1.320 -14.468 0.002
1.450 -14.478 0.001
1.450 -14.480 0.002
1.600 -14.486 0.002
1.760 -14.502 0.001
1.940 -14.532 0.002
2.130 -14.597 0.002
2.340 -14.674 0.001
2.570 -14.751 0.001
2.830 -14.833 0.002
3.110 -14.921 0.001
3.420 -15.021 0.002
3.760 -15.121 0.002
4.140 -15.202 0.001
4.550 -15.244 0.002
5.000 -15.246 0.001
5.500 -15.241 0.001
6.050 -15.256 0.002
6.660 -15.306 0.001
7.330 -15.400 0.001
8.060 -15.539 0.002
8.870 -15.716 0.001
9.760 -15.913 0.002
10.740 -16.115 0.002
11.810 -16.308 0.001
13.000 -16.488 0.001
14.300 -16.652 0.002
15.730 -16.802 0.001
17.300 -16.939 0.002
19.000 -17.062 0.002
20.900 -17.169 0.002
23.000 -17.253 0.001
25.300 -17.308 0.001
27.830 -17.322 0.002
30.610 -17.269 0.002
