1.200 -14.350 0.002
1.320 -14.343 0.002
1.450 -14.403 0.002
1.450 -14.399 0.001
1.600 -14.462 0.002
1.760 -14.502 0.001
1.940 -14.531 0.002
2.130 -14.559 0.002
2.340 -14.588 0.002
2.570 -14.622 0.001
2.830 -14.665 0.001
3.110 -14.723 0.001
3.420 -14.801 0.002
3.760 -14.883 0.002
4.140 -14.926 0.001
4.550 -14.901 0.002
5.000 -14.830 0.001
5.500 -14.763 0.002
6.050 -14.737 0.001
6.660 -14.763 0.002
7.330 -14.851 0.001
8.060 -15.003 0.002
8.870 -15.212 0.001
9.760 -15.455 0.002
10.740 -15.711 0.001
11.810 -15.962 0.001
13.000 -16.203 0.001
14.300 -16.423 0.002
15.730 -16.621 0.001
17.300 -16.795 0.002
19.000 -16.938 0.002
20.900 -17.046 0.002
23.000 -17.109 0.002
25.300 -17.110 0.002
27.830 -17.037 0.002
30.610 -16.879 0.002
