1.200 -14.500 0.001
1.320 -14.567 0.002
1.450 -14.668 0.002
1.450 -14.665 0.002
1.600 -14.773 0.001
1.760 -14.870 0.001
1.940 -14.966 0.002
2.130 -15.056 0.001
2.340 -15.143 0.002
2.570 -15.228 0.002
2.830 -15.313 0.002
3.110 -15.398 0.002
3.420 -15.486 0.002
3.760 -15.567 0.002
4.140 -15.633 0.001
4.550 -15.662 0.001
5.000 -15.666 0.002
5.500 -15.681 0.002
6.050 -15.717 0.001
6.660 -15.779 0.001
7.330 -15.870 0.002
8.060 -15.990 0.001
8.870 -16.136 0.001
9.760 -16.296 0.001
10.740 -16.459 0.002
11.810 -16.616 0.001
13.000 -16.764 0.002
14.300 -16.900 0.002
15.730 -17.028 0.001
17.300 -17.150 0.002
19.000 -17.267 0.001
20.900 -17.380 0.002
23.000 -17.477 0.002
25.300 -17.549 0.001
27.830 -17.575 0.001
30.610 -17.547 0.002
