53962.300 20.330 999.000
53963.400 19.750 0.090
53964.200 19.830 0.090
53965.100 19.870 0.090
53966.100 19.440 0.070
53967.100 19.370 0.060
53968.200 19.070 0.060
53969.100 18.830 0.050
53970.300 18.560 0.050
53972.400 18.280 0.030
53973.300 18.180 0.030
53974.200 18.100 0.030
53975.200 17.980 0.030
53976.200 17.850 0.030
53977.200 17.820 0.030
53978.200 17.780 0.030
53984.468 17.573 0.029
53987.355 17.604 0.027
53989.400 17.779 0.035
53990.290 17.762 0.030
53991.385 17.900 0.031
53992.203 17.902 0.025
53994.280 18.081 0.026
54000.332 18.448 0.035
54002.351 18.593 0.035
54006.400 18.841 0.046
54007.190 18.934 0.051
54008.300 18.680 0.050
54009.260 18.916 0.048
54011.169 18.946 0.053
54012.180 19.076 0.067
54019.217 19.245 0.067
54021.198 19.312 0.063
54030.257 19.526 0.075
54038.200 19.100 0.050
54042.141 19.782 0.160
54045.141 19.712 0.141
54046.132 19.556 0.118
54052.168 19.824 0.083
54054.146 19.773 0.072
54056.235 19.807 0.102
54066.148 19.977 0.124
54067.094 20.109 0.251
54069.169 19.812 0.202
54076.118 20.256 0.160
54080.094 20.119 0.093
54081.090 20.041 0.114
54082.127 20.182 0.138
54086.142 20.375 0.173
54095.086 20.652 0.201
