53984.466 17.491 0.022
53987.352 17.450 0.020
53989.398 17.583 0.022
53990.288 17.576 0.020
53991.383 17.640 0.023
53994.277 17.782 0.018
54000.329 18.120 0.025
54002.348 18.202 0.026
54006.397 18.434 0.032
54007.187 18.543 0.036
54009.257 18.532 0.035
54011.166 18.595 0.036
54012.178 18.663 0.039
54019.214 18.861 0.042
54021.194 18.875 0.037
54030.254 19.047 0.044
54042.138 19.025 0.070
54045.138 19.275 0.094
54046.129 19.305 0.146
54052.165 19.368 0.053
54054.143 19.438 0.053
54056.232 19.513 0.054
54066.145 19.657 0.064
54067.091 19.652 0.248
54069.166 19.540 0.128
54076.115 19.737 0.080
54080.091 19.815 0.075
54081.087 19.795 0.078
54082.124 19.809 0.078
54086.139 20.114 0.101
54095.083 20.045 0.097
