53989.260 22.498 0.453
53995.249 22.967 0.508
54000.235 24.322 1.159
54007.285 22.918 0.580
54009.209 23.952 0.944
54011.273 22.827 0.533
54019.223 23.508 0.781
54025.271 22.553 0.514
54029.201 18.923 0.019
54036.192 17.529 0.010
54039.190 17.173 0.023
54043.098 17.205 0.030
54045.121 17.180 0.023
54046.111 17.215 0.027
54048.184 17.201 0.016
54052.146 17.472 0.023
54052.188 17.445 0.014
54054.124 17.577 0.022
54054.207 17.618 0.025
54055.111 17.629 0.023
54055.184 17.630 0.009
54056.197 17.778 0.029
54058.182 17.810 0.012
54060.204 17.906 0.011
54063.172 18.051 0.015
54064.102 18.175 0.035
54066.108 18.405 0.050
54070.161 18.667 0.087
54074.078 18.622 0.056
54075.081 18.646 0.058
54076.100 18.559 0.050
54081.073 18.506 0.040
54086.112 18.811 0.061
