53989.259 23.281 0.715
53995.248 25.046 0.832
54000.234 24.203 1.071
54007.284 24.125 0.932
54009.208 23.241 0.563
54011.272 23.325 0.703
54019.222 23.099 0.481
54025.270 23.985 1.023
54029.201 19.129 0.024
54031.187 18.456 0.014
54036.191 17.642 0.012
54039.190 17.431 0.012
54043.101 17.324 0.020
54045.124 17.335 0.021
54048.183 17.484 0.021
54052.149 17.833 0.022
54052.187 17.819 0.017
54054.127 17.975 0.021
54054.206 18.029 0.010
54055.114 18.042 0.023
54055.183 18.046 0.018
54056.200 18.040 0.025
54058.181 18.249 0.010
54060.203 18.338 0.012
54063.171 18.524 0.017
54064.105 18.668 0.039
54066.111 18.856 0.044
54070.164 18.993 0.058
54072.175 19.080 0.052
54074.081 19.017 0.050
54076.103 19.138 0.046
54081.076 19.209 0.059
54086.115 19.451 0.066
