5.335229000000003725e+04 1.614799999999999969e+01 8.000000000000000167e-03
5.335314000000013039e+04 1.604899999999999949e+01 7.000000000000000146e-03
5.335620999999996275e+04 1.584900000000000020e+01 8.000000000000000167e-03
5.335716000000014901e+04 1.582600000000000051e+01 8.999999999999999320e-03
5.336110000000009313e+04 1.594400000000000084e+01 8.000000000000000167e-03
5.336925000000000000e+04 1.684600000000000009e+01 1.099999999999999936e-02
5.337216000000014901e+04 1.718599999999999994e+01 1.099999999999999936e-02
5.337316000000014901e+04 1.728399999999999892e+01 1.299999999999999940e-02
5.337627999999979511e+04 1.757700000000000173e+01 1.299999999999999940e-02
5.337718999999994412e+04 1.763800000000000168e+01 1.400000000000000029e-02
5.338016999999992549e+04 1.784600000000000009e+01 2.400000000000000050e-02
5.338116000000014901e+04 1.789499999999999957e+01 1.600000000000000033e-02
5.338316999999992549e+04 1.799899999999999878e+01 1.799999999999999864e-02
5.338418999999994412e+04 1.803800000000000026e+01 6.199999999999999956e-02
5.338514999999990687e+04 1.811700000000000088e+01 1.499999999999999944e-02
5.338616000000014901e+04 1.812000000000000099e+01 1.700000000000000122e-02
5.338716000000014901e+04 1.814300000000000068e+01 1.700000000000000122e-02
5.338820000000018626e+04 1.816900000000000048e+01 1.700000000000000122e-02
5.339016000000014901e+04 1.825400000000000134e+01 2.100000000000000130e-02
5.339410000000009313e+04 1.838899999999999935e+01 3.200000000000000067e-02
5.339618000000016764e+04 1.834299999999999997e+01 2.299999999999999961e-02
5.339814999999990687e+04 1.836700000000000088e+01 2.500000000000000139e-02
5.339914999999990687e+04 1.843299999999999983e+01 2.199999999999999872e-02
5.340710999999986961e+04 1.850900000000000034e+01 2.400000000000000050e-02
5.340814000000013039e+04 1.855199999999999960e+01 1.899999999999999953e-02
5.340914000000013039e+04 1.854100000000000037e+01 1.899999999999999953e-02
5.341016000000014901e+04 1.852400000000000091e+01 1.700000000000000122e-02
5.341210999999986961e+04 1.857900000000000063e+01 2.100000000000000130e-02
5.341316999999992549e+04 1.860500000000000043e+01 2.000000000000000042e-02
5.341510000000009313e+04 1.862099999999999866e+01 2.199999999999999872e-02
5.341612999999988824e+04 1.862500000000000000e+01 2.100000000000000130e-02
