5.335229000000003725e+04 1.660699999999999932e+01 1.000000000000000021e-02
5.335314000000013039e+04 1.649099999999999966e+01 1.000000000000000021e-02
5.335620999999996275e+04 1.638400000000000034e+01 1.700000000000000122e-02
5.335716000000014901e+04 1.642500000000000071e+01 1.200000000000000025e-02
5.336110000000009313e+04 1.677799999999999869e+01 1.099999999999999936e-02
5.336925000000000000e+04 1.835200000000000031e+01 2.699999999999999969e-02
5.337216000000014901e+04 1.881700000000000017e+01 2.500000000000000139e-02
5.337316000000014901e+04 1.900000000000000000e+01 3.099999999999999978e-02
5.337627999999979511e+04 1.934100000000000108e+01 4.200000000000000261e-02
5.337718999999994412e+04 1.930300000000000082e+01 3.500000000000000333e-02
5.338016999999992549e+04 1.957400000000000162e+01 8.400000000000000522e-02
5.338116000000014901e+04 1.949699999999999989e+01 3.699999999999999817e-02
5.338316999999992549e+04 1.978200000000000003e+01 5.000000000000000278e-02
5.338418999999994412e+04 nan nan
5.338514999999990687e+04 1.985399999999999920e+01 5.199999999999999761e-02
5.338616000000014901e+04 1.987300000000000111e+01 5.000000000000000278e-02
5.338716000000014901e+04 1.986899999999999977e+01 6.300000000000000044e-02
5.338820000000018626e+04 1.986199999999999832e+01 8.999999999999999667e-02
5.339016000000014901e+04 1.986700000000000088e+01 8.000000000000000167e-02
5.339410000000009313e+04 1.998400000000000176e+01 1.100000000000000006e-01
5.339618000000016764e+04 nan nan
5.339814999999990687e+04 2.004400000000000048e+01 8.400000000000000522e-02
5.339914999999990687e+04 2.004100000000000037e+01 5.899999999999999689e-02
5.340710999999986961e+04 1.997400000000000020e+01 5.999999999999999778e-02
5.340814000000013039e+04 2.015399999999999991e+01 4.599999999999999922e-02
5.340914000000013039e+04 2.006500000000000128e+01 3.599999999999999728e-02
5.341016000000014901e+04 2.012000000000000099e+01 4.299999999999999656e-02
5.341210999999986961e+04 nan nan
5.341316999999992549e+04 nan nan
5.341510000000009313e+04 nan nan
5.341612999999988824e+04 nan nan
