5.335229000000003725e+04 1.578299999999999947e+01 7.000000000000000146e-03
5.335314000000013039e+04 1.569699999999999918e+01 6.000000000000000125e-03
5.335620999999996275e+04 1.544899999999999984e+01 8.000000000000000167e-03
5.335716000000014901e+04 1.540900000000000070e+01 8.999999999999999320e-03
5.336110000000009313e+04 1.538899999999999935e+01 7.000000000000000146e-03
5.336925000000000000e+04 1.584500000000000064e+01 8.000000000000000167e-03
5.337216000000014901e+04 1.607799999999999940e+01 1.000000000000000021e-02
5.337316000000014901e+04 1.614799999999999969e+01 6.000000000000000125e-03
5.337627999999979511e+04 1.637999999999999901e+01 7.000000000000000146e-03
5.337718999999994412e+04 1.642299999999999827e+01 7.000000000000000146e-03
5.338016999999992549e+04 1.663100000000000023e+01 8.999999999999999320e-03
5.338116000000014901e+04 1.662900000000000134e+01 1.400000000000000029e-02
5.338316999999992549e+04 1.674800000000000111e+01 1.099999999999999936e-02
5.338418999999994412e+04 1.677199999999999847e+01 2.199999999999999872e-02
5.338514999999990687e+04 1.685800000000000054e+01 1.000000000000000021e-02
5.338616000000014901e+04 1.688299999999999912e+01 1.200000000000000025e-02
5.338716000000014901e+04 1.692500000000000071e+01 8.999999999999999320e-03
5.338820000000018626e+04 1.696099999999999852e+01 8.999999999999999320e-03
5.339016000000014901e+04 1.702400000000000091e+01 1.000000000000000021e-02
5.339410000000009313e+04 1.712000000000000099e+01 1.200000000000000025e-02
5.339618000000016764e+04 1.715700000000000003e+01 1.099999999999999936e-02
5.339814999999990687e+04 1.722599999999999909e+01 1.000000000000000021e-02
5.339914999999990687e+04 1.723300000000000054e+01 1.099999999999999936e-02
5.340710999999986961e+04 1.737000000000000099e+01 1.099999999999999936e-02
5.340814000000013039e+04 1.738899999999999935e+01 1.200000000000000025e-02
5.340914000000013039e+04 1.740599999999999881e+01 1.099999999999999936e-02
5.341016000000014901e+04 1.741000000000000014e+01 1.200000000000000025e-02
5.341210999999986961e+04 1.746399999999999864e+01 1.099999999999999936e-02
5.341316999999992549e+04 1.747500000000000142e+01 1.200000000000000025e-02
5.341510000000009313e+04 1.749399999999999977e+01 1.200000000000000025e-02
5.341612999999988824e+04 1.753000000000000114e+01 1.099999999999999936e-02
