5.335229000000003725e+04 1.574699999999999989e+01 7.000000000000000146e-03
5.335314000000013039e+04 1.564499999999999957e+01 8.000000000000000167e-03
5.335620999999996275e+04 1.539499999999999957e+01 1.200000000000000025e-02
5.335716000000014901e+04 1.533399999999999963e+01 8.000000000000000167e-03
5.336110000000009313e+04 1.525699999999999967e+01 8.999999999999999320e-03
5.336925000000000000e+04 1.550699999999999967e+01 8.000000000000000167e-03
5.337216000000014901e+04 1.565900000000000070e+01 8.000000000000000167e-03
5.337316000000014901e+04 1.573000000000000043e+01 6.000000000000000125e-03
5.337627999999979511e+04 1.590799999999999947e+01 6.000000000000000125e-03
5.337718999999994412e+04 1.596299999999999919e+01 6.000000000000000125e-03
5.338016999999992549e+04 1.612800000000000011e+01 7.000000000000000146e-03
5.338116000000014901e+04 1.615899999999999892e+01 1.200000000000000025e-02
5.338316999999992549e+04 1.627899999999999991e+01 1.000000000000000021e-02
5.338418999999994412e+04 1.629200000000000159e+01 1.700000000000000122e-02
5.338514999999990687e+04 1.635300000000000153e+01 8.000000000000000167e-03
5.338616000000014901e+04 1.636499999999999844e+01 1.200000000000000025e-02
5.338716000000014901e+04 1.642200000000000060e+01 7.000000000000000146e-03
5.338820000000018626e+04 1.645799999999999841e+01 6.000000000000000125e-03
5.339016000000014901e+04 1.651800000000000068e+01 7.000000000000000146e-03
5.339410000000009313e+04 1.662999999999999901e+01 8.999999999999999320e-03
5.339618000000016764e+04 1.667800000000000082e+01 8.000000000000000167e-03
5.339814999999990687e+04 1.673000000000000043e+01 8.999999999999999320e-03
5.339914999999990687e+04 1.676599999999999824e+01 8.000000000000000167e-03
5.340710999999986961e+04 1.691700000000000159e+01 1.299999999999999940e-02
5.340814000000013039e+04 1.692599999999999838e+01 1.099999999999999936e-02
5.340914000000013039e+04 1.693599999999999994e+01 1.400000000000000029e-02
5.341016000000014901e+04 1.698600000000000065e+01 1.200000000000000025e-02
5.341210999999986961e+04 1.699399999999999977e+01 8.000000000000000167e-03
5.341316999999992549e+04 1.702599999999999980e+01 1.000000000000000021e-02
5.341510000000009313e+04 1.705499999999999972e+01 1.000000000000000021e-02
5.341612999999988824e+04 1.706299999999999883e+01 8.999999999999999320e-03
