5.335229000000003725e+04 1.567300000000000004e+01 7.000000000000000146e-03
5.335314000000013039e+04 1.557699999999999996e+01 8.999999999999999320e-03
5.335716000000014901e+04 1.525900000000000034e+01 8.000000000000000167e-03
5.336110000000009313e+04 1.512100000000000044e+01 1.000000000000000021e-02
5.336925000000000000e+04 1.519299999999999962e+01 8.000000000000000167e-03
5.337216000000014901e+04 1.531900000000000084e+01 8.000000000000000167e-03
5.337316000000014901e+04 1.536899999999999977e+01 5.000000000000000104e-03
5.337627999999979511e+04 1.551800000000000068e+01 6.000000000000000125e-03
5.337718999999994412e+04 1.557600000000000051e+01 8.000000000000000167e-03
5.338016999999992549e+04 1.573399999999999999e+01 8.000000000000000167e-03
5.338116000000014901e+04 1.575799999999999912e+01 1.099999999999999936e-02
5.338316999999992549e+04 1.587299999999999933e+01 8.999999999999999320e-03
5.338418999999994412e+04 1.592900000000000027e+01 2.699999999999999969e-02
5.338514999999990687e+04 1.594699999999999918e+01 8.000000000000000167e-03
5.338616000000014901e+04 1.597100000000000009e+01 1.099999999999999936e-02
5.338716000000014901e+04 1.603000000000000114e+01 7.000000000000000146e-03
5.338820000000018626e+04 1.605499999999999972e+01 7.000000000000000146e-03
5.339016000000014901e+04 1.610300000000000153e+01 8.999999999999999320e-03
5.339410000000009313e+04 1.622599999999999909e+01 1.000000000000000021e-02
5.339618000000016764e+04 1.628699999999999903e+01 1.000000000000000021e-02
5.339814999999990687e+04 1.633099999999999952e+01 1.000000000000000021e-02
5.339914999999990687e+04 1.635500000000000043e+01 8.999999999999999320e-03
5.340710999999986961e+04 1.652299999999999969e+01 2.000000000000000042e-02
5.340814000000013039e+04 1.653999999999999915e+01 1.200000000000000025e-02
5.340914000000013039e+04 1.655999999999999872e+01 1.200000000000000025e-02
5.341016000000014901e+04 1.657600000000000051e+01 1.099999999999999936e-02
5.341210999999986961e+04 1.661799999999999855e+01 8.999999999999999320e-03
5.341316999999992549e+04 1.662199999999999989e+01 8.000000000000000167e-03
5.341510000000009313e+04 1.668400000000000105e+01 1.099999999999999936e-02
5.341612999999988824e+04 1.668499999999999872e+01 8.999999999999999320e-03
