56684.720 16.150 0.030
56684.900 16.090 0.030
56685.740 15.930 0.030
56685.910 15.800 0.030
56686.920 15.420 0.050
56687.900 15.060 0.010
56688.950 14.840 0.010
56689.890 14.590 0.010
56690.940 14.480 0.030
56691.870 14.370 0.010
56693.900 14.230 0.010
56694.950 14.150 0.010
56696.960 14.110 0.010
56697.790 14.140 0.020
56698.870 14.160 0.020
56699.010 14.150 0.010
56699.870 14.190 0.020
56702.000 14.230 0.010
56703.990 14.320 0.010
56707.940 14.450 0.010
56709.750 14.590 0.010
56713.890 14.780 0.010
56715.890 14.940 0.020
56716.640 14.960 0.040
56717.650 15.010 0.030
56718.620 15.060 0.030
56720.720 15.040 0.010
56720.870 15.140 0.020
56721.850 15.210 0.020
56722.850 15.180 0.030
56723.790 15.160 0.010
56728.840 15.260 0.040
56728.850 15.360 0.040
56729.710 15.380 0.040
56730.710 15.400 0.030
56731.710 15.410 0.220
56734.750 15.400 0.020
56735.760 15.410 0.030
56736.650 15.370 0.030
56738.610 15.480 0.030
56739.620 15.570 0.030
56740.620 15.590 0.030
56741.620 15.550 0.040
56741.690 15.500 0.020
56742.620 15.670 0.030
56744.620 15.680 0.060
56744.760 15.600 0.030
56745.630 15.790 0.040
56746.640 15.720 0.130
56748.840 15.660 0.020
56750.710 15.720 0.020
56751.720 15.730 0.010
56756.630 15.950 0.050
56757.780 15.910 0.020
56762.720 15.970 0.020
56766.630 16.040 0.030
56767.720 16.150 0.050
56768.690 16.140 0.050
56768.750 16.160 0.040
56769.650 16.210 0.040
56769.700 16.160 0.010
56773.770 16.220 0.020
56774.650 16.360 0.200
56775.650 16.360 0.050
56794.720 16.680 0.030
56798.700 16.710 0.050
56799.610 16.790 0.060
56802.640 16.760 0.060
56803.640 16.880 0.070
56805.630 16.960 0.050
56809.620 17.100 0.030
56810.650 17.140 0.030
56831.570 17.630 0.250
56836.570 17.780 0.130
