56684.720 17.950 0.060
56684.900 17.760 0.030
56685.740 17.560 0.070
56685.910 17.320 0.020
56686.920 17.110 0.020
56687.900 16.710 0.010
56688.950 16.500 0.010
56689.890 16.320 0.010
56690.940 16.440 0.010
56691.870 16.140 0.010
56693.900 16.110 0.010
56694.950 16.220 0.050
56696.960 16.400 0.010
56697.790 16.790 0.050
56698.870 16.530 0.050
56699.010 16.680 0.010
56699.870 16.750 0.050
56702.000 17.050 0.020
56703.990 17.390 0.010
56707.940 17.720 0.050
56709.750 17.880 0.030
56713.890 18.180 0.030
56715.890 18.140 0.090
56717.650 18.360 0.150
56718.620 18.350 0.090
56720.720 18.380 0.050
56720.870 18.440 0.080
56721.850 18.510 0.080
56723.790 18.440 0.040
56728.840 18.460 0.080
56729.710 18.550 0.160
56734.750 18.540 0.060
56736.650 18.610 0.150
56738.610 18.730 0.140
56739.620 18.710 0.130
56740.620 18.750 0.110
56741.620 18.790 0.230
56741.690 18.650 0.060
56744.760 18.730 0.110
56745.630 18.850 0.110
56748.840 18.750 0.130
56750.710 18.770 0.050
56751.720 18.870 0.130
56757.780 18.980 0.100
56762.720 18.960 0.110
56766.630 18.950 0.210
56767.720 19.030 0.230
56768.690 19.020 0.110
56768.750 18.890 0.070
56769.650 19.010 0.230
56769.700 18.970 0.080
56773.770 18.930 0.150
56775.650 19.060 0.120
