56684.720 16.570 0.020
56684.900 16.770 0.020
56685.740 16.420 0.020
56685.910 16.490 0.010
56686.920 16.250 0.010
56687.900 15.730 0.010
56688.950 15.530 0.010
56689.890 15.350 0.010
56690.940 15.280 0.010
56691.870 15.160 0.010
56693.900 15.070 0.010
56694.950 15.040 0.010
56696.960 15.110 0.010
56697.790 15.260 0.010
56698.870 15.300 0.010
56699.010 15.290 0.010
56699.870 15.270 0.010
56702.000 15.550 0.010
56703.990 15.710 0.010
56707.940 16.050 0.010
56709.750 16.250 0.010
56713.890 16.540 0.010
56715.890 16.550 0.020
56716.640 16.620 0.130
56717.650 16.750 0.030
56718.620 16.820 0.020
56720.720 16.830 0.020
56720.870 16.820 0.030
56721.850 16.840 0.020
56723.790 16.880 0.050
56728.840 16.940 0.060
56729.710 16.920 0.040
56734.750 17.130 0.030
56735.760 17.040 0.060
56736.650 17.190 0.030
56738.610 17.210 0.020
56739.620 17.250 0.040
56740.620 17.280 0.040
56741.620 17.320 0.040
56741.690 17.240 0.030
56742.620 17.310 0.050
56744.760 17.270 0.080
56745.630 17.350 0.030
56746.640 17.380 0.090
56748.840 17.320 0.090
56750.710 17.360 0.060
56751.720 17.380 0.060
56757.780 17.480 0.110
56762.720 17.600 0.030
56766.630 17.710 0.050
56767.720 17.740 0.060
56768.690 17.730 0.040
56768.750 17.680 0.040
56769.650 17.770 0.060
56769.700 17.680 0.070
56773.770 17.790 0.050
56775.650 17.870 0.050
56794.720 18.140 0.070
56798.700 18.190 0.080
56799.610 18.290 0.090
56802.640 18.250 0.070
56803.640 18.190 0.060
56805.630 18.440 0.060
56809.620 18.590 0.050
56810.650 18.580 0.040
56831.570 18.600 0.130
56836.570 18.820 0.100
