56684.720 16.520 0.030
56684.900 16.390 0.020
56685.740 16.100 0.030
56685.910 16.000 0.020
56686.920 15.670 0.010
56687.900 15.330 0.010
56688.950 15.130 0.010
56689.890 14.930 0.010
56690.940 15.030 0.010
56691.870 14.760 0.010
56693.900 14.600 0.010
56694.950 14.540 0.010
56696.960 14.530 0.010
56697.790 14.600 0.020
56698.870 14.610 0.020
56699.010 14.590 0.010
56699.870 14.620 0.020
56702.000 14.730 0.010
56703.990 14.870 0.010
56707.940 15.160 0.010
56709.750 15.310 0.030
56713.890 15.630 0.010
56715.890 15.790 0.030
56716.640 15.820 0.050
56717.650 15.860 0.040
56718.620 15.930 0.030
56720.720 15.940 0.020
56720.870 16.020 0.030
56721.850 16.060 0.020
56722.850 15.990 0.040
56723.790 16.030 0.030
56728.840 16.110 0.040
56728.850 16.140 0.170
56729.710 16.190 0.040
56730.710 16.240 0.060
56731.710 16.320 0.220
56734.750 16.290 0.040
56735.760 16.410 0.040
56736.650 16.480 0.050
56738.610 16.440 0.040
56739.620 16.460 0.040
56740.620 16.470 0.040
56741.620 16.520 0.070
56741.690 16.490 0.020
56742.620 16.550 0.050
56744.620 16.530 0.110
56744.760 16.560 0.050
56745.630 16.690 0.040
56746.640 16.770 0.130
56748.840 16.630 0.050
56750.710 16.660 0.040
56751.720 16.720 0.040
56756.630 16.840 0.120
56757.780 16.880 0.050
56762.720 16.930 0.040
56766.630 16.890 0.050
56767.720 16.940 0.060
56768.690 16.930 0.040
56768.750 16.970 0.030
56769.650 16.960 0.060
56769.700 17.030 0.040
56773.770 17.090 0.030
56774.650 17.160 0.220
56775.650 17.180 0.050
56794.720 17.500 0.030
56798.700 17.490 0.090
56799.610 17.540 0.070
56802.640 17.660 0.050
56803.640 17.630 0.190
56805.630 17.690 0.050
56809.620 17.760 0.040
56810.650 17.750 0.040
56831.570 17.920 0.150
56836.570 18.020 0.060
