56684.900 18.180 0.110
56685.910 17.700 0.060
56686.920 17.420 0.050
56687.900 17.030 0.040
56688.950 16.780 0.030
56689.890 16.570 0.030
56690.940 16.570 0.020
56691.870 16.390 0.040
56693.900 16.490 0.030
56694.950 16.550 0.050
56696.960 16.890 0.030
56699.010 17.170 0.030
56702.000 17.640 0.040
56703.990 17.940 0.030
56707.940 18.440 0.070
56709.750 18.760 0.060
56713.890 18.990 0.050
56720.720 19.220 0.060
56723.790 19.370 0.070
56728.840 19.520 0.050
56734.750 19.580 0.080
56741.690 19.630 0.070
56744.760 19.740 0.080
56748.840 19.750 0.090
56750.710 19.860 0.180
56751.720 19.680 0.150
