55832.730 17.350 0.010
55833.990 17.480 0.010
55835.650 17.460 0.010
55836.760 17.420 0.010
55840.730 17.150 0.010
55841.800 17.070 0.010
55842.770 17.050 0.020
55843.710 17.010 0.020
55844.930 16.930 0.010
55844.940 16.950 0.020
55845.930 16.920 0.010
55845.940 16.920 0.020
55848.910 16.950 0.010
55849.900 16.960 0.010
55850.810 17.060 0.030
55856.800 17.440 0.010
55857.820 17.470 0.010
55858.680 17.510 0.010
55859.800 17.600 0.010
55861.800 17.690 0.020
55863.900 17.770 0.010
55864.850 17.810 0.010
55865.730 17.880 0.020
55865.760 17.860 0.020
55874.720 18.060 0.060
55878.780 18.170 0.030
55880.760 18.190 0.020
55881.830 18.190 0.030
55883.770 18.280 0.010
55893.730 18.410 0.030
55895.780 18.430 0.010
55896.580 18.390 0.030
55897.800 18.410 0.020
55899.670 18.500 0.030
55900.740 18.480 0.040
55908.680 18.600 0.030
55911.780 18.640 0.030
55912.740 18.590 0.030
55918.610 18.750 0.010
55921.670 18.740 0.030
55923.600 18.860 0.010
55928.670 18.920 0.040
55929.770 18.890 0.150
55929.770 19.040 0.110
55931.650 19.000 0.050
55936.660 19.090 0.040
55937.580 19.110 0.020
55938.730 19.000 0.070
55946.560 19.210 0.020
55953.660 19.330 0.020
55962.640 19.230 0.070
55966.610 19.180 0.070
55975.570 19.400 0.030
55988.580 19.590 0.090
