55832.730 16.740 0.020
55833.990 16.860 0.020
55835.650 16.880 0.020
55836.760 16.830 0.020
55840.730 16.590 0.020
55841.800 16.560 0.030
55842.770 16.570 0.040
55843.710 16.480 0.030
55844.930 16.430 0.020
55844.940 16.450 0.030
55845.930 16.450 0.020
55845.940 16.430 0.030
55848.910 16.380 0.020
55849.900 16.430 0.030
55850.810 16.440 0.030
55856.800 16.580 0.030
55857.820 16.610 0.030
55858.680 16.690 0.020
55859.800 16.680 0.020
55861.800 16.710 0.030
55863.900 16.840 0.020
55864.850 16.850 0.020
55865.730 16.830 0.030
55865.760 16.880 0.020
55874.720 16.950 0.050
55878.780 17.180 0.030
55880.760 17.180 0.030
55881.830 17.200 0.030
55883.770 17.300 0.020
55893.730 17.420 0.030
55895.780 17.570 0.030
55897.800 17.450 0.030
55899.670 17.530 0.030
55900.740 17.390 0.030
55903.780 17.720 0.040
55908.680 17.630 0.030
55911.780 17.670 0.040
55912.740 17.700 0.030
55917.680 17.820 0.030
55918.610 17.870 0.020
55921.670 17.810 0.040
55923.600 18.020 0.020
55928.670 18.000 0.040
55929.770 17.930 0.100
55929.770 17.990 0.120
55931.650 18.110 0.030
55935.750 18.270 0.060
55936.660 18.130 0.040
55937.580 18.350 0.030
55938.730 18.110 0.050
55946.560 18.460 0.040
55946.660 18.160 0.070
55952.580 18.380 0.060
55953.660 18.490 0.030
55962.640 18.540 0.100
55966.610 18.480 0.080
55975.570 18.580 0.070
55978.620 18.510 0.090
55988.580 18.870 0.080
55997.580 18.890 0.100
