55832.730 16.990 0.020
55833.990 17.110 0.020
55835.650 17.080 0.020
55836.760 17.020 0.020
55840.730 16.770 0.020
55841.800 16.700 0.020
55842.770 16.670 0.020
55843.710 16.620 0.020
55844.930 16.540 0.020
55844.940 16.590 0.020
55845.930 16.540 0.020
55845.940 16.570 0.020
55848.910 16.530 0.020
55849.900 16.570 0.020
55850.810 16.560 0.020
55856.800 16.800 0.020
55857.820 16.840 0.020
55858.680 16.920 0.020
55859.800 16.930 0.020
55861.800 16.970 0.020
55863.900 17.090 0.020
55864.850 17.110 0.020
55865.730 17.140 0.020
55865.760 17.170 0.020
55874.720 17.330 0.040
55878.780 17.550 0.030
55880.760 17.500 0.020
55881.830 17.560 0.020
55883.770 17.620 0.010
55893.730 17.760 0.020
55895.780 17.870 0.020
55896.580 17.790 0.030
55897.800 17.790 0.020
55899.670 17.830 0.030
55900.740 17.880 0.030
55903.780 17.970 0.050
55908.680 17.960 0.030
55911.780 18.060 0.030
55912.740 18.090 0.030
55917.680 18.210 0.030
55918.610 18.220 0.020
55921.670 18.240 0.030
55923.600 18.340 0.020
55928.670 18.360 0.050
55929.770 18.290 0.100
55929.770 18.470 0.070
55936.660 18.580 0.030
55937.580 18.650 0.030
55946.560 18.740 0.020
55946.660 18.550 0.040
55952.580 18.680 0.030
55953.660 18.870 0.020
55966.610 18.870 0.050
55968.590 18.910 0.050
55975.570 18.880 0.030
55978.620 18.920 0.050
55988.580 19.240 0.100
55997.580 19.070 0.050
