55832.730 17.680 0.020
55833.990 17.870 0.020
55835.650 17.920 0.030
55836.760 17.890 0.020
55840.730 17.650 0.020
55841.800 17.630 0.030
55842.770 17.510 0.050
55843.710 17.490 0.030
55844.930 17.430 0.020
55844.940 17.480 0.030
55845.930 17.450 0.020
55845.940 17.470 0.030
55848.910 17.580 0.030
55849.900 17.650 0.030
55850.810 17.820 0.040
55856.800 18.520 0.030
55857.820 18.600 0.030
55858.680 18.740 0.030
55859.800 18.730 0.030
55861.800 18.860 0.030
55863.900 19.050 0.030
55864.850 19.120 0.020
55865.730 18.970 0.050
55865.760 19.100 0.020
55878.780 19.300 0.100
55881.830 19.380 0.070
55883.770 19.490 0.030
55893.730 19.370 0.050
55895.780 19.490 0.030
55897.800 19.280 0.050
55899.670 19.470 0.080
55900.740 19.360 0.060
55903.780 19.310 0.170
55908.680 19.520 0.070
55911.780 19.450 0.050
55912.740 19.470 0.050
55917.680 19.550 0.030
55918.610 19.580 0.040
55921.670 19.480 0.060
55923.600 19.650 0.030
55928.670 19.730 0.090
55931.650 19.800 0.160
55936.660 19.690 0.090
55937.580 19.700 0.040
55952.580 19.640 0.080
