57537.110 15.555
57538.120 15.255
57539.830 14.899
57540.140 14.804
57541.860 14.649
57542.160 14.511
57548.170 14.171
57549.160 14.176
57551.130 14.186
57553.080 14.251
57557.110 14.485
57558.080 14.555
57561.030 14.750
57568.110 15.285
57574.190 15.654
57579.070 15.800
57586.130 16.022
57587.090 16.049
57593.140 16.169
57594.985 16.229
57594.987 16.214
57602.670 16.375
57609.010 16.419
57613.580 16.491
57620.030 16.552
57620.190 16.531
57622.640 16.673
57623.680 16.692
57625.020 16.621
57625.650 16.654
57635.000 16.739
57636.000 16.755
57638.980 16.798
57641.930 16.831
57644.920 16.864
57647.900 16.903
57650.970 16.964
57667.870 17.191
57672.910 17.260
57701.810 17.716
57711.830 17.889
57727.800 18.183
57729.800 18.236
57732.800 18.280
57732.810 18.283
57736.820 18.375
57995.920 21.597
