57535.771 16.515
57539.089 15.555
57542.613 14.975
57543.878 14.889
57544.076 14.886
57545.672 14.818
57546.205 14.816
57547.467 14.782
57549.313 14.795
57550.581 14.804
57551.903 14.887
57552.434 14.932
57553.941 14.989
57554.465 15.039
57555.559 15.032
57557.751 15.268
57560.575 15.534
57566.235 16.078
57572.980 16.434
57576.773 16.464
57578.733 16.638
57581.298 16.729
57586.568 16.838
57590.155 16.892
57594.543 16.924
57598.772 16.904
57603.683 17.100
57606.839 17.081
57608.473 17.098
57613.513 17.220
57615.740 17.247
57627.276 17.289
57629.643 17.526
57632.002 17.104
57636.282 17.469
57643.520 17.534
57650.357 17.644
57657.963 17.554
57660.828 17.768
57664.514 17.804
57671.528 17.879
57681.370 18.084
57691.392 18.302
57702.883 18.486
57711.222 18.488
57721.697 18.800
57725.340 18.956
57730.807 18.894
