57536.980 14.875 0.036
57539.830 14.230 0.001
57540.020 14.159 0.042
57540.770 14.087 0.105
57541.750 13.920 0.005
57541.860 13.965 0.007
57545.040 13.596 0.056
57548.010 13.581 0.055
57549.720 13.447 0.003
57553.970 13.495 0.064
57557.780 13.500 0.002
57558.040 13.505 0.063
57560.010 13.672 0.048
57561.040 13.656 0.066
57562.050 13.816 0.102
57563.020 13.759 0.050
57564.990 13.865 0.034
57569.040 13.860 0.046
57570.980 13.835 0.078
57573.980 14.171 0.031
57574.700 14.172 0.003
57576.010 14.266 0.034
57578.970 14.386 0.041
57579.980 14.472 0.066
57602.670 15.055 0.003
57603.860 15.072 0.036
57603.900 15.071 0.036
57613.000 15.270 0.037
57613.580 15.280 0.003
57617.750 15.275 0.058
57620.560 15.424 0.001
57622.640 15.426 0.003
57623.680 15.444 0.001
57625.650 15.479 0.001
57625.900 15.501 0.046
57631.880 15.625 0.054
57638.890 15.702 0.038
57646.780 15.807 0.028
57654.750 15.916 0.057
57660.810 16.031 0.034
57668.680 16.142 0.010
57669.530 16.110 0.007
57670.500 16.146 0.007
57671.530 16.143 0.016
57683.720 16.316 0.030
57684.510 16.350 0.015
57685.640 16.369 0.009
57692.480 16.443 0.010
57697.460 16.527 0.009
57699.460 16.489 0.019
57700.490 16.536 0.007
57702.530 16.565 0.014
57703.560 16.587 0.003
57704.480 16.480 0.023
57706.420 16.600 0.013
57706.730 16.598 0.060
57707.440 16.624 0.014
57708.420 16.679 0.007
57711.520 16.687 0.018
57713.760 16.685 0.037
57714.450 16.679 0.058
57715.440 16.694 0.014
57716.560 16.721 0.009
57718.430 16.770 0.008
57719.490 16.806 0.008
57722.460 16.834 0.007
57723.420 16.854 0.014
57725.670 16.834 0.065
57738.750 17.047 0.047
57744.700 17.175 0.037
57774.700 17.582 0.070
