57535.780 17.713 0.152
57539.065 17.062 0.089
57542.616 17.276 0.090
57543.881 17.503 0.093
57544.080 17.435 0.091
57545.677 17.593 0.093
57546.209 17.629 0.104
57547.470 17.829 0.127
57549.320 18.179 0.151
57550.587 18.038 0.117
57551.907 18.436 0.162
57552.438 18.384 0.131
57553.984 18.406 0.177
57554.470 18.377 0.145
57555.572 18.401 0.105
57557.756 18.479 0.156
57560.582 18.830 0.161
57566.240 19.340 0.274
57572.985 19.351 999.000
57576.779 19.755 0.305
57578.738 19.246 0.227
57581.302 19.270 0.236
57586.575 19.637 0.251
57590.164 19.655 0.241
57594.552 19.798 0.277
57598.776 18.980 999.000
57603.687 19.813 0.274
57606.842 19.489 999.000
57608.478 19.503 999.000
57613.518 19.489 999.000
57615.777 19.518 999.000
57627.280 19.670 0.291
57629.609 19.230 999.000
57632.007 19.448 999.000
57636.288 19.952 999.000
57643.526 20.026 999.000
57650.363 19.818 0.321
57657.966 19.046 999.000
57660.838 19.836 999.000
57664.522 20.060 999.000
57671.539 19.895 999.000
57681.376 20.202 999.000
57691.398 20.317 999.000
57702.888 20.264 999.000
57711.230 20.150 999.000
57721.888 18.579 999.000
57730.812 20.016 999.000
