57536.980 15.958 0.073
57539.830 15.405 0.014
57540.020 15.310 0.095
57540.770 15.320 0.009
57541.750 15.150 0.005
57541.860 15.130 0.016
57545.040 14.904 0.082
57548.010 14.837 0.053
57549.720 14.859 0.004
57553.970 15.012 0.066
57557.780 15.288 0.003
57558.040 15.454 0.117
57560.010 15.541 0.090
57561.040 15.656 0.182
57562.050 15.775 0.104
57563.020 15.943 0.152
57564.990 16.079 0.072
57569.040 16.247 0.074
57570.980 16.237 0.138
57573.980 16.457 0.054
57574.700 16.424 0.008
57576.010 16.543 0.085
57578.970 16.602 0.066
57579.980 16.629 0.097
57603.860 16.984 0.061
57603.900 17.069 0.091
57613.000 17.139 0.065
57613.580 17.203 0.010
57617.750 17.090 0.040
57622.640 17.290 0.001
57623.680 17.302 0.012
57625.650 17.313 0.013
57625.900 17.238 0.085
57631.880 17.329 0.073
57638.890 17.367 0.062
57646.780 17.544 0.173
57654.750 17.564 0.128
57660.810 17.639 0.048
57668.680 17.891 0.017
57669.530 17.805 0.012
57670.500 17.831 0.011
57683.720 17.935 0.088
57685.640 18.074 0.028
57692.480 18.181 0.016
57696.520 18.196 0.021
57697.460 18.290 0.024
57703.560 18.407 0.004
57706.420 18.410 0.041
57706.730 18.308 0.082
57708.420 18.480 0.020
57711.520 18.530 0.040
57713.760 18.415 0.045
57714.450 18.271 0.362
57715.440 18.536 0.034
57718.430 18.522 0.016
57719.490 18.543 0.023
57720.460 18.590 0.012
57722.460 18.641 0.020
57723.420 18.633 0.025
57725.670 18.668 0.108
57738.750 18.887 0.100
57744.700 18.942 0.056
57774.700 19.294 0.158
