57535.770 15.896 0.063
57539.088 15.052 0.052
57542.612 14.686 0.051
57543.877 14.676 0.050
57544.076 14.724 0.051
57545.672 14.711 0.050
57546.205 14.726 0.052
57547.466 14.830 0.052
57549.313 14.952 0.058
57550.581 15.030 0.056
57551.902 15.097 0.060
57552.433 15.234 0.059
57553.941 15.484 0.066
57554.465 15.481 0.069
57555.559 15.572 0.068
57557.751 15.920 0.076
57560.575 16.284 0.075
57566.234 16.976 0.094
57572.980 17.524 0.158
57576.773 17.687 0.126
57578.732 17.842 0.144
57581.298 17.717 0.136
57586.567 18.040 0.137
57590.154 17.880 0.118
57594.542 17.955 0.128
57598.772 17.846 0.222
57603.683 18.385 0.156
57606.838 18.086 0.203
57608.472 18.491 0.278
57613.512 18.088 0.213
57615.739 18.496 0.198
57627.276 18.493 0.195
57629.642 18.325 0.185
57632.002 18.597 0.349
57636.281 18.615 0.216
57643.519 18.308 0.166
57650.356 18.842 0.245
57657.963 18.569 999.000
57660.827 18.861 0.270
57664.514 19.250 0.295
57671.527 18.912 0.271
57681.369 19.119 0.246
57691.391 19.712 999.000
57702.882 19.611 999.000
57711.221 19.231 0.301
57721.696 19.646 999.000
57725.340 18.523 999.000
57730.807 19.442 999.000
