57535.778 15.858 0.084
57539.062 15.063 0.054
57542.615 14.013 0.049
57543.880 13.876 0.047
57544.078 13.893 0.047
57545.675 13.756 0.046
57546.207 13.736 0.046
57547.469 13.674 0.045
57549.317 13.643 0.046
57550.585 13.569 0.044
57551.905 13.632 0.045
57552.436 13.660 0.044
57553.981 13.683 0.047
57554.468 13.690 0.045
57555.563 13.721 0.045
57557.754 13.830 0.047
57560.579 13.994 0.047
57566.238 14.478 0.057
57572.983 14.896 0.071
57576.777 15.027 0.062
57578.736 15.177 0.066
57581.300 15.184 0.066
57586.572 15.400 0.063
57590.161 15.518 0.062
57594.548 15.622 0.065
57598.774 15.711 0.105
57603.686 15.823 0.067
57606.841 15.884 0.093
57608.476 15.943 0.101
57613.516 15.917 0.097
57615.743 15.968 0.083
57627.279 16.205 0.084
57629.608 16.261 0.099
57632.004 16.371 0.138
57636.285 16.405 0.092
57643.524 16.600 0.092
57650.360 16.625 0.099
57657.965 16.862 0.185
57660.834 16.822 0.115
57664.519 16.947 0.105
57671.535 17.243 0.138
57681.374 17.148 0.106
57691.396 17.422 0.111
57702.887 17.566 0.124
57711.227 17.741 0.149
57721.887 17.951 999.000
57730.810 18.134 0.219
