57535.769 16.720
57539.086 16.073
57542.612 15.892
57543.876 15.976
57544.075 15.949
57545.671 16.084
57546.204 16.178
57547.466 16.276
57549.186 16.445
57550.580 16.452
57551.901 16.459
57552.433 16.750
57553.940 16.750
57554.464 16.866
57555.558 16.974
57557.750 17.141
57560.573 17.393
57566.233 17.835
57572.978 18.624
57576.771 18.918
57578.731 18.313
57581.297 18.624
57586.565 18.832
57590.152 18.647
57594.541 18.670
57598.771 18.869
57603.682 19.096
57606.838 19.232
57608.471 18.905
57613.511 18.697
57615.738 18.844
57622.652 19.123
57627.275 19.128
57629.642 19.171
57632.001 18.853
57636.280 19.160
57643.518 19.332
57650.355 19.106
57657.801 19.282
57660.825 19.222
57664.512 19.503
57671.525 19.257
57681.368 19.631
57691.389 19.920
57702.880 19.852
57711.219 19.741
57721.695 19.891
57725.339 18.967
57730.806 19.470
