57537.110 15.266 0.002
57538.120 15.011 0.008
57539.830 14.755 0.002
57540.140 14.669 0.001
57541.860 14.551 0.003
57542.160 14.421 0.001
57548.170 14.037 0.001
57549.160 14.019 0.001
57551.130 13.971 0.002
57553.080 13.947 0.002
57557.110 13.957 0.001
57558.080 13.972 0.001
57561.030 14.041 0.005
57568.110 14.253 0.005
57574.190 14.467 0.001
57579.070 14.619 0.002
57586.130 14.828 0.004
57587.090 14.865 0.001
57593.140 15.014 0.001
57594.983 14.938 0.005
57594.991 14.931 0.005
57602.670 15.266 0.001
57609.010 15.352 0.001
57613.580 15.481 0.001
57617.750 15.706 0.026
57620.030 15.536 0.001
57620.190 15.546 999.000
57620.560 15.540 0.002
57622.640 15.679 0.001
57625.020 15.619 0.001
57635.000 15.799 0.001
57636.000 15.817 0.001
57638.980 15.878 0.001
57641.930 15.920 0.001
57644.920 15.982 0.001
57647.900 16.027 0.002
57650.970 16.078 0.001
57667.870 16.348 0.001
57672.910 16.426 0.001
57701.810 16.865 0.001
57702.690 16.938 0.005
57703.560 16.997 0.005
57711.830 16.999 0.001
57727.800 17.227 0.001
57729.800 17.106 0.010
57732.800 17.296 0.001
57732.810 17.313 0.001
57736.820 17.373 0.022
57995.920 21.324 0.030
