57535.769 16.720 0.073
57539.086 16.073 0.063
57542.612 15.892 0.069
57543.876 15.976 0.069
57544.075 15.949 0.068
57545.671 16.084 0.068
57546.204 16.178 0.075
57547.466 16.276 0.074
57549.186 16.445 0.075
57550.580 16.452 0.077
57551.901 16.459 0.084
57552.433 16.750 0.079
57553.940 16.750 0.081
57554.464 16.866 0.090
57555.558 16.974 0.088
57557.750 17.141 0.102
57560.573 17.393 0.098
57566.233 17.835 0.120
57572.978 18.624 0.255
57576.771 18.918 0.225
57578.731 18.313 0.164
57581.297 18.624 0.195
57586.565 18.832 0.186
57590.152 18.647 0.156
57594.541 18.670 0.166
57598.771 18.869 999.000
57603.682 19.096 0.208
57606.838 19.232 999.000
57608.471 18.905 0.309
57613.511 18.697 0.266
57615.738 18.844 0.210
57622.652 19.123 0.293
57627.275 19.128 0.250
57629.642 19.171 0.268
57632.001 18.853 999.000
57636.280 19.160 0.260
57643.518 19.332 0.271
57650.355 19.106 0.251
57657.801 19.282 999.000
57660.825 19.222 0.294
57664.512 19.503 0.305
57671.525 19.257 0.287
57681.368 19.631 0.294
57691.389 19.920 999.000
57702.880 19.852 999.000
57711.219 19.741 999.000
57721.695 19.891 999.000
57725.339 18.967 999.000
57730.806 19.470 999.000
