57535.773 17.723
57539.092 17.114
57542.614 17.007
57543.878 17.030
57544.077 17.168
57545.674 17.261
57546.207 17.198
57547.468 17.314
57549.315 17.373
57550.583 17.435
57551.904 17.739
57552.435 17.832
57553.943 17.792
57554.467 17.814
57555.561 17.889
57557.753 18.206
57560.577 18.361
57566.236 18.963
57572.982 19.047
57576.775 19.352
57578.734 19.685
57581.299 18.902
57586.570 19.408
57590.158 19.684
57594.546 19.684
57598.773 19.189
57603.684 19.647
57606.840 19.522
57608.474 19.431
57613.514 19.474
57615.742 19.853
57627.277 19.925
57629.643 19.722
57632.003 19.184
57636.284 19.727
57643.521 20.008
57650.359 19.923
57657.964 19.114
57660.831 19.805
57664.517 19.864
57671.531 19.845
57681.372 20.156
57691.393 20.275
57702.884 20.226
57711.224 20.123
57721.698 19.836
57730.808 19.983
