57535.773 17.723 0.099
57539.092 17.114 0.077
57542.614 17.007 0.088
57543.878 17.030 0.086
57544.077 17.168 0.089
57545.674 17.261 0.088
57546.207 17.198 0.095
57547.468 17.314 0.094
57549.315 17.373 0.114
57550.583 17.435 0.098
57551.904 17.739 0.121
57552.435 17.832 0.105
57553.943 17.792 0.123
57554.467 17.814 0.117
57555.561 17.889 0.113
57557.753 18.206 0.142
57560.577 18.361 0.132
57566.236 18.963 0.186
57572.982 19.047 0.269
57576.775 19.352 0.237
57578.734 19.685 0.314
57581.299 18.902 0.192
57586.570 19.408 0.222
57590.158 19.684 0.250
57594.546 19.684 0.260
57598.773 19.189 999.000
57603.684 19.647 0.245
57606.840 19.522 0.345
57608.474 19.431 999.000
57613.514 19.474 999.000
57615.742 19.853 0.331
57627.277 19.925 999.000
57629.643 19.722 999.000
57632.003 19.184 999.000
57636.284 19.727 0.312
57643.521 20.008 999.000
57650.359 19.923 999.000
57657.964 19.114 999.000
57660.831 19.805 999.000
57664.517 19.864 0.307
57671.531 19.845 999.000
57681.372 20.156 999.000
57691.393 20.275 999.000
57702.884 20.226 999.000
57711.224 20.123 999.000
57721.698 19.836 999.000
57730.808 19.983 999.000
