57536.980 14.912 0.024
57540.020 14.256 0.021
57540.770 14.231 0.004
57541.750 14.077 0.006
57545.040 13.708 0.049
57548.010 13.668 0.019
57549.720 13.572 0.004
57553.970 13.495 0.019
57557.780 13.535 0.005
57558.040 13.569 0.080
57560.010 13.615 0.036
57561.040 13.553 0.039
57562.050 13.573 0.047
57563.020 13.673 0.032
57564.990 13.718 0.044
57569.040 13.760 0.041
57570.980 13.773 0.065
57573.980 13.999 0.027
57574.700 13.993 0.004
57576.010 14.051 0.020
57578.970 14.153 0.036
57579.980 14.186 0.034
57603.860 14.618 0.036
57603.900 14.647 0.028
57613.000 14.783 0.021
57622.640 14.857 0.001
57625.900 15.003 0.025
57631.880 15.088 0.040
57638.890 15.192 0.014
57646.780 15.346 0.040
57654.750 15.423 0.033
57660.810 15.577 0.028
57668.680 15.687 0.010
57669.530 15.661 0.007
57670.500 15.667 0.007
57671.530 15.683 0.012
57683.720 15.948 0.027
57684.510 15.896 0.093
57685.640 15.978 0.128
57692.480 16.072 0.009
57696.520 16.107 0.008
57697.460 16.154 0.010
57699.460 16.093 0.026
57700.490 16.200 0.009
57706.420 20.350 0.014
57706.730 16.297 0.048
57708.420 16.373 0.008
57711.520 16.395 0.019
57713.760 16.443 0.028
57714.450 16.403 0.034
57715.440 16.442 0.017
57716.560 16.463 0.010
57718.430 16.494 0.010
57719.490 16.525 0.019
57720.460 16.537 0.007
57723.420 16.587 0.016
57725.670 16.625 0.035
57738.750 16.906 0.028
57744.700 16.950 0.031
57774.700 17.435 0.062
#Y17
57539.76	14.32	0.040
57541.77	14.08	0.040
57542.67	13.97	0.040
57548.75	13.60	0.043
57549.68	13.55	0.050
57552.62	13.53	0.040
57553.65	13.52	0.040
57556.67	13.50	0.040
57562.63	13.60	0.040
57564.68	13.67	0.040
57565.67	13.68	0.040
57571.74	13.87	0.040
57573.59	13.89	0.041
57575.58	13.95	0.041
57583.66	14.20	0.040
57541.7	14.01	0.04
57542.7	13.96	0.05
57550.8	13.49	0.05
57556.6	13.47	0.04
57542.6	13.8151	0.076763
57543.7	13.7086	0.0768494
57546.7	13.5191	0.0759126
57550.6	13.37	0.0758628
57553.7	13.3013	0.0767972
57554.7	13.3225	0.0770649
57560.7	13.4047	0.0757464
57566.6	13.547	0.0753955
57567.7	13.5503	0.0768106
57568.6	13.6178	0.0779445
57569.7	13.6413	0.0773865
57570.7	13.687	0.0768572
57574.7	13.7728	0.0761399
57575.7	13.8228	0.0779803
57580.6	13.9353	0.0757849
57581.6	13.9839	0.0761945
57584.6	14.0522	0.0757146
57589.7	14.1335	0.0902929
57591.6	14.2035	0.0760817
57593.6	14.2448	0.0754612
57594.6	14.2667	0.0755612
57542.7	13.99	0.04
57543.7	13.89	0.04
57547.7	13.64	0.04
57554.7	13.54	0.04
57555.7	13.53	0.04
57556.7	13.54	0.04
57558.7	13.57	0.04
57561.7	13.63	0.04
57562.7	13.64	0.04
57563.7	13.67	0.04
57564.7	13.70	0.04
57565.7	13.74	0.04
57568.7	13.82	0.04
57569.7	13.82	0.04
57570.7	13.86	0.04
57571.6	13.90	0.04
57572.7	13.94	0.04
57579.6	14.10	0.04
57582.6	14.17	0.04
57583.7	14.16	0.04
57584.6	14.21	0.04
57585.6	14.23	0.04
57590.6	14.33	0.04
57591.6	14.35	0.04
57592.6	14.39	0.04
57591.6	14.35	0.04
57592.6	14.39	0.04
57599.6	14.48	0.03
