57538.120 14.933 0.001
57539.830 14.591 0.001
57540.140 14.541 0.002
57541.860 14.342 0.010
57542.160 14.250 0.001
57548.170 13.780 0.001
57549.160 13.729 0.002
57551.130 13.666 0.003
57553.080 13.622 0.006
57557.110 13.629 0.002
57558.080 13.633 0.001
57561.030 13.713 0.011
57568.110 13.874 0.005
57574.190 14.055 0.001
57579.070 14.159 0.003
57586.130 14.317 0.001
57587.090 14.337 0.001
57593.140 14.458 0.001
57602.670 14.637 0.001
57609.010 14.692 0.002
57613.580 14.787 0.001
57620.030 14.864 0.004
57622.640 14.977 0.004
57623.680 14.951 0.002
57625.020 14.925 0.001
57635.000 15.087 0.001
57636.000 15.114 0.002
57638.980 15.134 0.001
57641.930 15.209 0.001
57644.920 15.259 0.001
57647.900 15.304 0.002
57650.970 15.381 0.002
57667.870 15.683 0.002
57672.910 15.781 0.001
57701.810 16.418 0.003
57711.830 16.612 0.001
57727.800 16.997 0.001
57729.800 17.228 0.011
57732.800 17.127 0.005
57732.810 17.133 0.004
57736.820 17.239 0.001
