57536.980 15.314
57539.830 14.485
57540.020 14.506
57540.770 14.339
57541.750 14.160
57541.860 14.147
57545.040 13.792
57548.010 13.806
57549.720 13.698
57553.970 13.866
57557.780 13.935
57558.040 13.954
57560.010 14.173
57561.040 14.199
57562.050 14.266
57563.020 14.403
57564.990 14.434
57569.040 14.646
57570.980 14.727
57573.980 14.919
57574.700 14.935
57576.010 15.009
57578.970 15.150
57579.980 15.178
57602.670 15.770
57603.860 15.806
57603.900 15.795
57613.000 15.953
57613.580 15.972
57617.750 16.058
57620.560 16.109
57622.640 16.110
57623.680 16.118
57625.650 16.143
57625.900 16.165
57631.880 16.234
57638.890 16.391
57646.780 16.483
57654.750 16.544
57660.810 16.709
57668.680 16.848
57669.530 16.807
57670.500 16.840
57671.530 16.916
57683.720 17.109
57684.510 17.083
57685.640 17.133
57687.570 17.184
57692.480 17.209
57696.520 17.273
57697.460 17.305
57699.460 17.305
57700.490 17.362
57702.530 17.377
57703.560 17.435
57704.480 17.501
57706.420 17.449
57706.730 17.566
57707.440 17.456
57708.420 17.547
57711.520 17.647
57713.760 17.615
57714.450 17.452
57715.440 17.635
57716.560 17.677
57718.430 17.693
57719.490 17.697
57720.460 17.739
57722.460 17.765
57723.420 17.796
57725.670 17.880
57738.750 18.193
57744.700 18.333
57774.700 18.970
