57535.780 17.713
57539.065 17.062
57542.616 17.276
57543.881 17.503
57544.080 17.435
57545.677 17.593
57546.209 17.629
57547.470 17.829
57549.320 18.179
57550.587 18.038
57551.907 18.436
57552.438 18.384
57553.984 18.406
57554.470 18.377
57555.572 18.401
57557.756 18.479
57560.582 18.830
57566.240 19.340
57572.985 19.351
57576.779 19.755
57578.738 19.246
57581.302 19.270
57586.575 19.637
57590.164 19.655
57594.552 19.798
57598.776 18.980
57603.687 19.813
57606.842 19.489
57608.478 19.503
57613.518 19.489
57615.777 19.518
57627.280 19.670
57629.609 19.230
57632.007 19.448
57636.288 19.952
57643.526 20.026
57650.363 19.818
57657.966 19.046
57660.838 19.836
57664.522 20.060
57671.539 19.895
57681.376 20.202
57691.398 20.317
57702.888 20.264
57711.230 20.150
57721.888 18.579
57730.812 20.016
