57537.110 14.962 0.004
57538.120 14.695 0.002
57539.830 14.383 0.001
57540.140 14.281 0.002
57541.860 14.152 0.004
57542.160 14.028 0.001
57548.170 13.749 0.001
57549.160 13.609 0.002
57551.130 13.571 0.002
57553.080 13.594 0.003
57557.110 13.633 0.004
57558.080 13.667 0.003
57561.030 13.790 0.005
57568.110 14.092 0.004
57574.190 14.390 0.001
57579.070 14.587 0.002
57586.130 14.850 0.002
57586.728 15.081 0.020
57587.090 14.883 0.002
57593.140 15.052 0.002
57594.981 15.006 0.004
57594.989 15.043 0.004
57602.670 15.333 0.001
57609.010 15.417 0.002
57613.580 15.543 0.001
57617.750 15.720 0.012
57620.030 15.631 0.003
57620.190 15.637 999.000
57620.560 15.617 0.003
57622.640 15.733 0.002
57623.680 15.719 0.001
57625.020 15.706 0.001
57625.650 15.746 0.001
57635.000 15.866 0.001
57636.000 15.874 0.001
57638.980 15.928 0.001
57641.930 15.966 0.001
57644.920 16.015 0.002
57647.900 16.048 0.002
57650.970 16.106 0.001
57667.870 16.343 0.001
57672.910 16.402 0.001
57701.810 16.751 0.003
57702.690 16.847 0.004
57703.560 16.899 0.225
57711.830 16.886 0.001
57727.800 17.121 0.001
57729.800 17.058 0.008
57732.800 17.202 0.002
57732.810 17.204 0.001
57736.820 17.270 0.001
57995.920 20.661 0.021
