55880.060 17.110 0.020
55881.160 16.900 0.020
55882.050 16.700 0.020
55883.060 16.530 0.010
55885.040 16.410 0.010
55886.030 16.350 0.010
55887.040 16.350 0.020
55889.030 16.420 0.010
55890.040 16.480 0.020
55891.040 16.540 0.010
55893.040 16.650 0.020
55894.030 16.770 0.010
55895.120 16.930 0.010
55897.040 17.080 0.010
55898.080 17.290 0.010
55901.070 17.640 0.020
55903.080 17.770 0.020
55904.080 17.830 0.020
55905.080 17.920 0.020
55906.160 18.050 0.040
55909.110 18.130 0.070
55918.050 18.260 0.040
55940.070 18.570 0.090
