55880.070 17.440 0.020
55880.270 17.400 0.070
55880.670 17.290 0.060
55881.140 17.270 0.020
55882.030 17.120 0.020
55882.080 17.010 0.020
55882.830 16.940 0.060
55883.030 16.980 0.020
55883.040 16.970 0.010
55884.070 16.960 0.050
55885.030 16.970 0.010
55885.250 16.860 0.060
55887.040 17.020 0.010
55887.090 17.030 0.080
55888.850 17.190 0.060
55891.100 17.370 0.070
55893.030 17.540 0.020
55895.080 17.800 0.010
55898.080 18.190 0.020
55901.030 18.440 0.020
55903.040 18.630 0.030
55904.040 18.750 0.040
55905.040 18.820 0.040
55908.040 18.900 0.040
55910.040 19.010 0.030
55910.100 18.880 0.040
55911.060 18.830 0.040
55914.060 19.030 0.060
55916.040 19.030 0.050
55916.040 19.060 0.020
55921.050 19.140 0.060
56047.390 20.930 0.070
56049.390 21.040 0.110
56099.400 21.980 0.090
