55880.070 16.780 0.010
55880.270 16.850 0.080
55880.670 16.630 0.070
55881.140 16.550 0.010
55882.030 16.340 0.010
55882.080 16.390 0.020
55882.830 16.250 0.060
55883.030 16.180 0.010
55883.040 16.180 0.010
55884.070 16.020 0.030
55885.030 15.920 0.010
55885.250 15.910 0.060
55887.040 15.800 0.010
55887.090 15.830 0.070
55889.030 15.800 0.010
55891.030 15.880 0.010
55893.030 16.020 0.010
55895.080 16.160 0.010
55898.080 16.520 0.010
55900.180 16.790 0.010
55901.030 16.840 0.010
55903.040 17.030 0.010
55903.080 17.050 0.010
55904.040 17.140 0.010
55905.040 17.170 0.020
55906.120 17.230 0.030
55908.040 17.340 0.020
55910.040 17.390 0.010
55910.100 17.450 0.020
55911.060 17.480 0.020
55914.060 17.640 0.060
55916.040 17.630 0.050
55916.040 17.700 0.020
55921.050 17.770 0.020
56047.390 20.360 0.110
56049.390 20.410 0.060
56099.400 21.560 0.130
