54376.100 17.869 0.012
54377.295 17.816 0.025
54380.160 17.686 0.011
54381.149 17.638 0.025
54382.160 17.681 0.009
54383.140 17.690 0.010
54385.160 17.779 0.011
54386.180 17.880 0.006
54392.130 18.455 0.016
54394.140 18.607 0.019
54394.177 18.594 0.044
54395.110 18.709 0.026
54395.316 19.113 0.252
54400.120 18.881 0.047
54400.351 19.378 0.148
54401.361 19.150 0.103
54402.253 19.080 0.062
54404.251 19.207 0.060
54406.190 19.220 0.058
54407.305 19.269 0.063
54408.170 19.181 0.062
54409.110 19.268 0.025
54411.158 19.307 0.063
54412.251 19.311 0.061
54415.237 19.528 0.072
54417.100 19.410 0.029
54419.160 19.435 0.071
54421.090 19.560 0.034
54423.080 19.468 0.040
54427.248 19.432 0.131
54429.129 19.224 0.092
54433.160 19.846 0.117
