54376.100 18.169 0.015
54377.298 18.161 0.033
54379.327 18.142 0.052
54380.160 17.962 0.013
54381.152 18.153 0.033
54382.160 17.988 0.013
54383.140 18.044 0.013
54386.180 18.464 0.013
54392.130 19.423 0.034
54394.140 19.692 0.047
54394.180 19.724 0.110
54395.110 19.733 0.070
54400.120 20.108 0.186
54401.364 20.234 0.306
54402.256 20.325 0.193
54404.254 20.323 0.163
54406.193 20.473 0.156
54407.308 20.387 0.142
54408.173 20.660 0.218
54409.110 20.278 0.053
54411.163 20.569 0.182
54412.255 20.740 0.198
54415.243 20.545 0.155
54417.100 20.366 0.053
54419.165 20.556 0.171
54421.090 20.373 0.072
54423.080 20.529 0.111
54433.165 21.040 0.275
