#TNG
1.97366   18.97  0.05 
3.88548   19.89  0.04 
12.94145  19.95  0.05
14.92082  19.95  0.06 
15.92766  19.89  0.07 
18.89542  19.82  0.06
21.88747  20.15  0.06 
#VLT
8.037   20.22  0.02 
9.979   20.14  0.01 
11.971  20.07  0.01 
14.978  19.93  0.02 
18.976  19.76  0.08 
20.977  19.99  0.02 
25.982  20.23  0.02 
28.990  20.28  0.02 
33.013  20.49  0.05 
35.977  20.60  0.03 
39.995  21.02  0.06 
#Toy data
1.17	18.42	0.04
1.26	18.56	0.06
2.16	19.09	0.07
2.21	19.12	0.04
3.21	19.59	0.06
3.24	19.64	0.05
4.17	19.97	0.06
4.21	19.93	0.06
5.21	20.05	0.12
5.26	20.13	0.05
6.20	20.13	0.09
6.27	20.09	0.05
7.18	20.17	0.05
7.19	20.07	0.17
8.22	20.10	0.07
9.87	19.93	0.13
10.87	19.86	0.16
11.17	19.88	0.11
11.87	19.87	0.15
12.19	19.94	0.04
12.22	19.91	0.05
12.87	19.94	0.14
13.16	19.86	0.05
13.87	20.01	0.21
14.18	19.84	0.05
14.19	19.86	0.06
15.16	19.83	0.05
15.19	19.77	0.06
15.87	19.91	0.10
16.19	20.02	0.10
17.87	19.94	0.07
19.87	19.88	0.05
21.87	19.97	0.04
23.87	20.09	0.05
25.17	20.04	0.06
26.15	20.09	0.05
27.15	20.15	0.06
27.91	20.18	0.02
28.16	20.21	0.05
29.15	20.30	0.07
29.22	20.31	0.06
30.19	20.41	0.07
30.20	20.44	0.08
31.15	20.43	0.14
32.15	20.52	0.07
34.18	20.67	0.07
35.17	20.68	0.07
37.88	21.01	0.05
39.87	21.03	0.08
41.16	20.88	0.08
45.15	21.05	0.11
45.87	21.16	0.10
46.15	21.12	0.10
47.88	21.14	0.13
53.86	21.56	0.09
58.86	21.65	0.09
62.86	21.53	0.12
632.39	23.03	0.06
