#REM
9.04484   19.96  0.09 
11.05959  19.91  0.07 
13.10455  19.75  0.10 
14.10692  19.62  0.14 
16.06110  19.81  0.16 
17.09980  19.88  0.16 
22.99765  20.01  0.15
#TNG
1.95541   19.10  0.01 
3.89015   19.84  0.02 
7.91513   19.91  0.05 
12.94571  19.77  0.03 
14.92508  19.76  0.03 
15.92203  19.71  0.06 
18.89967  19.85  0.04 
21.89224  20.06  0.04 
33.88716  20.92  0.06 
#VLT
8.035   19.99  0.01 
8.040   19.97  0.01 
9.977   19.91  0.01 
9.982   19.90  0.01 
11.969  19.84  0.01 
14.977  19.82  0.01 
18.974  19.93  0.01 
20.968  19.94  0.02 
25.981  20.25  0.01 
28.989  20.35  0.01 
33.011  20.68  0.02 
35.975  20.95  0.02 
39.994  21.20  0.03 
#Toy data
0.18	17.38   0.04	
0.21	17.52   0.04	
1.26	18.66   0.05	
2.16	19.23   0.06	
2.21	19.32   0.04	
3.21	19.67   0.04	
3.25	19.70   0.08	
4.18	19.97   0.04	
4.21	19.88   0.05	
5.21	19.95   0.05	
5.27	20.00   0.04	
6.20	19.94   0.05	
6.27	20.04   0.04	
7.19	19.90   0.05	
7.19	20.06   0.04	
8.22	19.82   0.05	
9.87	19.86   0.07	
10.87	19.69   0.07	
11.25	19.82   0.02	
11.87	19.73   0.07	
12.18	19.78   0.04	
12.22	19.70   0.04	
12.87	19.74   0.08	
13.16	19.68   0.05	
13.87	19.68   0.10	
14.18	19.70   0.04	
14.18	19.68   0.07	
15.16	19.70   0.05	
15.17	19.64   0.04	
15.87	19.80   0.07	
16.17	19.76   0.08	
17.87	19.83   0.03	
19.87	19.92   0.04	
21.88	20.00   0.03	
23.87	20.20   0.02	
25.17	20.16   0.07	
26.15	20.22   0.05	
27.15	20.31   0.05	
27.91	20.42   0.03	
28.16	20.38   0.05	
29.15	20.52   0.06	
29.19	20.49   0.05	
30.18	20.54   0.06	
30.19	20.63   0.06	
31.15	20.62   0.15	
32.15	20.73   0.06	
34.16	20.87   0.07	
35.17	20.96   0.06	
37.88	21.22   0.04	
39.88	21.27   0.06	
41.16	21.25   0.08	
45.15	21.33   0.12	
45.87	21.46   0.14	
46.15	21.36   0.11	
47.88	21.42   0.15	
53.87	21.75   0.06	
58.87	21.81   0.06	
62.86	21.80   0.10	
632.39	23.15   0.04	
