55649.060 18.780 0.160
55663.000 17.170 0.160
55664.000 17.070 0.190
55664.870 16.930 0.420
55665.920 16.880 0.280
55671.920 16.820 0.060
55674.880 16.740 0.090
55675.910 16.820 0.040
55676.940 16.820 0.090
55684.870 17.020 0.060
55689.100 17.270 0.040
55692.880 17.370 0.030
55695.900 17.420 0.070
55702.950 17.630 0.050
55708.970 17.750 0.080
55716.990 17.960 0.040
55728.900 18.210 0.080
55738.920 18.370 0.060
55749.890 18.550 0.060
55759.940 18.710 0.180
55909.190 20.200 0.610
55927.270 20.470 0.270
