55662.060 17.260 0.110
55662.990 17.310 0.040
55664.000 17.250 0.040
55664.860 17.230 0.100
55665.910 17.120 0.050
55666.370 17.100 0.070
55668.360 17.070 0.110
55669.300 17.050 0.080
55669.950 17.000 0.080
55671.080 17.020 0.120
55671.300 17.050 0.150
55671.900 17.020 0.050
55671.920 17.000 0.190
55672.400 17.020 0.060
55674.390 17.020 0.070
55674.880 17.040 0.090
55675.910 17.100 0.060
55676.940 17.110 0.020
55682.910 17.320 0.090
55684.870 17.410 0.270
55688.990 17.580 0.160
55689.100 17.610 0.050
55692.870 17.700 0.030
55695.890 17.800 0.070
55702.950 18.180 0.030
55703.860 18.350 0.130
55708.970 18.290 0.040
55710.270 18.300 0.100
55716.990 18.490 0.060
55724.310 18.600 0.090
55728.890 18.760 0.140
55736.000 18.890 0.060
55738.920 18.920 0.090
55741.270 18.820 0.100
55742.890 18.920 0.170
55749.890 19.060 0.070
55759.940 19.240 0.080
55774.880 19.400 0.220
55901.570 20.700 0.230
55910.610 20.920 0.610
55913.220 20.750 0.260
55917.170 20.860 0.620
55948.330 21.070 0.410
