55662.060 16.910 0.110
55662.990 16.850 0.110
55664.000 16.830 0.040
55664.860 16.820 0.040
55665.910 16.800 0.050
55666.370 16.720 0.060
55668.360 16.700 0.090
55669.300 16.670 0.080
55669.950 16.710 0.080
55671.080 16.650 0.100
55671.300 16.610 0.150
55671.900 16.610 0.050
55671.920 16.580 0.200
55672.400 16.540 0.030
55674.390 16.530 0.070
55674.880 16.540 0.090
55675.910 16.540 0.050
55676.940 16.520 0.020
55682.910 16.580 0.170
55684.870 16.610 0.200
55688.990 16.630 0.140
55689.100 16.650 0.050
55692.870 16.750 0.030
55695.890 16.850 0.070
55702.950 16.990 0.030
55703.860 16.990 0.130
55708.970 17.160 0.040
55710.270 17.090 0.100
55716.990 17.350 0.060
55724.310 17.440 0.080
55728.890 17.550 0.140
55736.000 17.630 0.050
55738.920 17.690 0.090
55741.270 17.690 0.100
55742.890 17.800 0.160
55749.890 17.900 0.060
55759.940 18.040 0.080
55774.880 18.230 0.080
55901.570 19.630 0.230
55910.610 19.800 0.600
55913.220 20.000 0.250
55917.170 19.880 0.500
55919.170 20.050 0.190
55927.260 20.150 0.170
55948.330 20.350 0.120
