55646.030 18.820 0.060
55663.000 16.930 0.270
55664.000 16.840 0.070
55664.870 16.740 0.040
55665.920 16.710 0.160
55671.920 16.530 0.110
55674.880 16.490 0.140
55675.910 16.430 0.050
55676.940 16.410 0.070
55684.870 16.410 0.050
55689.100 16.390 0.030
55692.880 16.440 0.010
55695.900 16.490 0.100
55702.950 16.580 0.030
55708.970 16.650 0.030
55716.990 16.820 0.020
55728.900 17.160 0.040
55738.920 17.300 0.050
55749.890 17.490 0.030
55759.940 17.640 0.080
55909.190 19.460 0.310
55927.270 19.650 0.080
