55646.030 18.710 0.100
55663.000 16.950 0.150
55664.000 16.840 0.180
55664.870 16.810 0.050
55665.920 16.690 0.190
55671.920 16.540 0.110
55674.880 16.480 0.080
55675.910 16.430 0.040
55676.940 16.420 0.080
55684.870 16.340 0.070
55689.100 16.330 0.040
55692.880 16.410 0.030
55695.900 16.520 0.070
55702.950 16.620 0.050
55708.970 16.810 0.070
55716.990 16.920 0.040
55728.900 17.220 0.080
55738.920 17.350 0.060
55749.890 17.620 0.050
55759.940 17.740 0.140
55909.190 19.430 0.360
55927.270 19.510 0.260
