55662.060 16.670 0.100
55662.990 16.560 0.110
55664.000 16.520 0.080
55664.860 16.510 0.060
55665.910 16.480 0.030
55666.370 16.450 0.070
55668.360 16.440 0.110
55669.300 16.390 0.080
55669.950 16.420 0.080
55671.080 16.370 0.170
55671.300 16.320 0.090
55671.900 16.350 0.040
55671.920 16.220 0.120
55672.400 16.230 0.070
55674.390 16.240 0.030
55674.880 16.200 0.070
55675.910 16.170 0.050
55676.940 16.170 0.040
55682.910 16.150 0.060
55684.870 16.140 0.060
55688.990 16.240 0.140
55689.100 16.150 0.050
55692.870 16.200 0.040
55695.890 16.240 0.050
55702.950 16.360 0.030
55703.860 16.400 0.090
55708.970 16.460 0.040
55710.270 16.460 0.070
55716.990 16.650 0.030
55724.310 16.830 0.050
55728.890 16.940 0.030
55736.000 17.150 0.040
55738.920 17.210 0.100
55741.270 17.240 0.110
55742.890 17.260 0.110
55749.890 17.330 0.100
55759.940 17.450 0.060
55774.880 17.680 0.090
55901.570 19.080 0.270
55910.610 18.970 0.340
55913.220 19.130 0.220
55917.170 19.160 0.510
55919.170 19.360 0.190
55927.260 19.360 0.230
55948.330 19.380 0.120
