55662.060 16.610 0.060
55662.990 16.600 0.110
55664.000 16.420 0.090
55664.860 16.440 0.050
55665.910 16.390 0.020
55666.370 16.370 0.040
55668.360 16.240 0.090
55669.300 16.250 0.080
55669.950 16.370 0.080
55671.080 16.170 0.150
55671.300 16.180 0.080
55671.900 16.240 0.070
55671.920 16.150 0.110
55672.400 16.140 0.100
55674.390 16.020 0.040
55674.880 16.040 0.060
55675.910 16.040 0.050
55676.940 16.000 0.030
55682.910 15.950 0.070
55684.870 15.960 0.050
55688.990 16.120 0.090
55689.100 15.990 0.040
55692.870 15.990 0.040
55695.890 16.020 0.040
55702.950 16.020 0.020
55703.860 16.260 0.090
55708.970 16.150 0.040
55710.270 16.200 0.030
55716.990 16.320 0.030
55724.310 16.450 0.060
55728.890 16.580 0.020
55736.000 16.750 0.040
55738.920 16.800 0.090
55741.270 16.780 0.040
55742.890 16.820 0.090
55749.890 16.990 0.090
55759.940 17.170 0.060
55774.880 17.180 0.080
55901.570 18.710 0.170
55910.610 18.610 0.230
55913.220 18.840 0.090
55917.170 18.850 0.430
55919.170 19.090 0.390
55927.260 19.100 0.210
55948.330 19.080 0.060
