55662.990 16.800 0.300
55664.000 16.720 0.090
55665.910 16.630 0.110
55669.300 16.700 0.380
55669.950 16.680 0.080
55671.080 16.700 0.110
55671.300 16.610 0.060
55671.900 16.640 0.070
55671.920 16.560 0.190
55672.400 16.600 0.180
55675.910 16.890 0.100
55676.940 17.060 0.050
55684.870 17.560 0.080
55688.990 17.710 0.170
55689.100 17.830 0.040
55692.870 18.060 0.170
55695.890 18.310 0.060
55702.950 18.680 0.120
55703.860 18.520 0.140
55708.970 18.760 0.070
55716.990 18.960 0.220
55728.890 19.050 0.360
55736.000 19.240 0.070
55738.920 19.300 0.160
55742.890 19.420 0.370
55749.890 19.400 0.170
55759.940 19.320 0.330
