53220.400 17.990 0.040
53220.407 18.358 0.049
53223.300 17.650 0.090
53223.334 18.028 0.158
53227.300 17.550 0.020
53227.325 17.808 0.040
53228.300 17.320 0.020
53233.300 17.350 0.010
53234.500 17.630 0.020
53235.500 17.650 0.030
53237.300 17.750 0.020
53237.317 18.068 0.036
53238.293 18.088 0.040
53238.300 17.770 0.030
53239.293 18.188 0.054
53239.300 17.820 0.030
53241.295 18.118 0.118
53241.300 17.950 0.040
53242.300 18.040 0.050
53242.312 18.378 0.146
53243.500 18.090 0.030
53247.296 18.538 0.078
53247.300 18.140 0.070
53248.300 18.500 0.070
53248.317 18.838 0.249
53259.253 19.138 0.102
53259.300 18.750 0.040
53266.500 19.000 0.070
53270.272 19.308 0.149
53270.300 19.000 0.100
53276.200 18.960 0.130
53282.200 19.230 0.060
53282.210 19.698 0.293
53283.300 19.190 0.080
53283.318 19.538 0.169
53312.400 19.330 0.050
53312.418 20.248 1.942
