53220.400 17.580 0.030
53220.408 17.836 0.034
53223.300 17.220 0.030
53223.329 17.486 0.031
53227.300 16.980 0.020
53227.319 17.326 0.025
53228.300 16.890 0.020
53228.329 17.296 0.045
53233.300 16.950 0.020
53234.500 17.010 0.020
53237.293 17.406 0.030
53237.300 17.100 0.020
53238.287 17.396 0.025
53238.300 17.120 0.030
53239.286 17.436 0.034
53239.300 17.180 0.020
53241.288 17.476 0.049
53241.300 17.200 0.030
53242.300 17.330 0.030
53242.306 17.536 0.049
53243.500 17.370 0.030
53243.500 17.616 0.031
53247.289 17.796 0.071
53247.300 17.560 0.040
53248.300 17.600 0.040
53248.310 17.896 0.049
53259.200 18.050 0.040
53259.233 18.366 0.040
53265.500 18.180 0.050
53266.500 18.210 0.040
53270.300 18.340 0.070
53276.200 18.370 0.100
53282.165 18.806 0.061
53282.200 18.490 0.050
53283.200 18.510 0.060
53312.387 19.846 0.515
53312.400 18.560 0.050
