53980.334 17.659 0.022
53984.408 17.341 0.019
53990.432 17.254 0.021
53992.432 17.235 0.019
53995.463 17.369 0.019
53997.456 17.470 0.020
54000.390 17.689 0.024
54002.363 17.787 0.023
54006.473 18.152 0.028
54007.269 18.184 0.028
54009.275 18.308 0.030
54011.303 18.520 0.037
54018.346 18.702 0.038
54019.357 18.675 0.040
54020.397 18.787 0.043
54021.319 18.700 0.041
54024.427 18.918 0.049
54030.301 19.207 0.059
54046.141 19.469 0.099
54052.197 19.504 0.075
54056.274 19.604 0.082
54066.173 19.921 0.104
54076.162 20.026 0.122
54080.114 20.046 0.089
54081.125 19.964 0.122
54094.196 20.074 0.159
54095.135 20.179 0.162
