53980.270 17.094 0.048
53980.280 17.035 0.042
53987.280 16.538 0.020
53987.290 16.517 0.023
53993.230 16.372 0.027
53993.240 16.375 0.021
53995.250 16.370 0.021
53995.260 16.392 0.018
53999.260 16.423 0.028
53999.270 16.411 0.024
54002.230 16.520 0.028
54002.230 16.567 0.026
54011.170 16.987 0.038
54011.190 17.083 0.046
54017.210 17.319 0.050
54017.220 17.320 0.027
54023.160 17.479 0.057
54023.160 17.569 0.080
54037.150 17.899 0.070
54037.160 17.830 0.068
54039.140 17.919 0.026
54039.150 17.875 0.024
54044.130 17.963 0.066
54044.130 17.975 0.058
54049.090 18.173 0.043
54049.100 18.233 0.050
