53980.332 17.615 0.024
53984.406 17.297 0.022
53990.430 17.079 0.024
53992.430 17.121 0.019
53995.460 17.148 0.020
53997.453 17.253 0.020
54000.388 17.346 0.021
54002.360 17.477 0.024
54006.470 17.758 0.026
54007.266 17.809 0.026
54009.272 17.903 0.028
54011.288 18.029 0.032
54018.359 18.269 0.039
54019.354 18.200 0.035
54020.394 18.413 0.041
54021.316 18.263 0.036
54024.424 18.445 0.042
54030.298 18.582 0.046
54046.138 18.984 0.096
54052.194 18.850 0.058
54056.271 19.158 0.075
54066.170 19.327 0.088
54076.159 19.482 0.102
54078.157 19.378 0.203
54080.111 19.628 0.103
54081.122 19.609 0.091
54094.193 19.785 0.094
54095.132 19.746 0.119
