53979.280 18.313 0.013
53980.339 18.235 0.034
53981.240 18.085 0.015
53984.414 18.041 0.038
53986.240 17.961 0.029
53988.433 18.269 0.120
53990.438 18.317 0.067
53991.230 18.276 0.026
53992.437 18.479 0.051
53994.280 18.646 0.015
53995.472 18.920 0.051
53997.461 19.218 0.059
53998.220 19.188 0.024
54000.395 19.628 0.105
54001.200 19.514 0.021
54002.370 20.063 0.150
54003.230 19.675 0.022
54006.480 20.299 0.182
54008.220 20.154 0.035
54024.439 20.889 0.261
54029.160 20.843 0.045
54038.120 20.831 0.095
54048.150 21.062 0.126
54056.070 21.205 0.092
