53979.280 17.858 0.009
53980.336 17.787 0.025
53981.240 17.617 0.010
53984.411 17.500 0.029
53986.240 17.424 0.014
53989.422 17.420 0.023
53990.435 17.401 0.023
53991.230 17.466 0.014
53992.434 17.528 0.022
53994.280 17.650 0.009
53995.466 17.743 0.025
53997.458 17.891 0.029
53998.220 17.958 0.009
54000.392 18.123 0.034
54001.200 18.214 0.010
54002.366 18.291 0.036
54003.230 18.371 0.011
54006.476 18.805 0.058
54007.272 18.704 0.053
54008.220 18.776 0.015
54009.278 18.814 0.056
54011.263 18.910 0.060
54014.170 19.070 0.072
54020.402 19.246 0.080
54021.322 19.192 0.087
54024.430 19.430 0.108
54029.160 19.587 0.025
54030.304 20.008 0.145
54038.120 19.674 0.031
54046.144 19.974 0.207
54048.150 19.865 0.056
54052.200 20.328 0.166
54056.070 20.027 0.047
54056.277 20.355 0.183
54066.176 20.774 0.233
54068.080 20.023 0.068
54076.165 20.566 0.237
54081.128 20.962 0.218
54094.199 20.842 0.204
