46850.800 4.370 999.000
46850.820 4.400 999.000
46851.870 4.210 999.000
46851.900 4.220 999.000
46852.780 4.160 999.000
46852.800 4.110 999.000
46852.860 4.100 999.000
46852.940 4.110 999.000
46853.000 4.140 999.000
46853.930 4.050 999.000
46854.000 4.090 999.000
46854.860 4.050 999.000
46855.200 4.090 999.000
46855.850 4.050 999.000
46856.100 4.080 999.000
46857.100 4.050 999.000
46857.790 4.000 999.000
46857.800 4.000 999.000
46858.000 4.030 999.000
46858.940 3.960 999.000
46859.000 3.970 999.000
46859.100 3.950 999.000
46859.770 3.940 999.000
46859.900 3.910 999.000
46860.000 3.940 999.000
46860.100 3.900 999.000
46860.760 3.890 999.000
46861.770 3.840 999.000
46862.900 3.810 999.000
46863.100 3.790 999.000
46863.100 3.800 999.000
46863.750 3.780 999.000
46864.100 3.760 999.000
46864.750 3.750 999.000
46865.000 3.730 999.000
46865.100 3.720 999.000
46865.750 3.720 999.000
46866.100 3.690 999.000
46866.750 3.680 999.000
46866.910 3.680 999.000
46867.750 3.660 999.000
46868.100 3.560 999.000
46869.100 3.610 999.000
46870.100 3.580 999.000
46870.770 3.560 999.000
46871.750 3.530 999.000
46872.750 3.500 999.000
46873.100 3.470 999.000
46873.750 3.450 999.000
46873.880 3.460 999.000
46874.100 3.440 999.000
46874.750 3.420 999.000
46875.100 3.400 999.000
46875.750 3.400 999.000
46876.100 3.380 999.000
46876.100 3.390 999.000
46876.740 3.390 999.000
46877.750 3.350 999.000
46878.760 3.310 999.000
46879.750 3.300 999.000
46880.750 3.270 999.000
46881.740 3.230 999.000
46883.810 3.170 999.000
46884.750 3.150 999.000
46885.830 3.110 999.000
46885.840 3.100 999.000
46886.750 3.080 999.000
46887.740 3.040 999.000
46889.810 2.980 999.000
46890.890 2.940 999.000
46891.750 2.930 999.000
46893.750 2.880 999.000
46894.750 2.850 999.000
46896.750 2.800 999.000
46897.750 2.770 999.000
46898.740 2.740 999.000
46900.740 2.689 999.000
46900.740 2.690 999.000
46901.730 2.676 999.000
46901.730 2.680 999.000
46902.740 2.669 999.000
46902.740 2.670 999.000
46903.840 2.637 999.000
46903.840 2.640 999.000
46904.000 2.600 999.000
46905.790 2.600 999.000
46905.790 2.602 999.000
46906.740 2.580 999.000
46906.740 2.580 999.000
46908.730 2.530 999.000
46908.730 2.535 999.000
46909.730 2.510 999.000
46909.730 2.514 999.000
46910.740 2.490 999.000
46910.740 2.495 999.000
46911.730 2.490 999.000
46911.730 2.491 999.000
46913.730 2.470 999.000
46913.730 2.470 999.000
46915.740 2.410 999.000
46915.740 2.410 999.000
46916.720 2.420 999.000
46916.720 2.420 999.000
46917.730 2.420 999.000
46917.730 2.420 999.000
46918.720 2.380 999.000
46918.720 2.380 999.000
46922.720 2.330 999.000
46922.730 2.326 999.000
46923.750 2.300 999.000
46923.750 2.300 999.000
46924.760 2.279 999.000
46924.760 2.280 999.000
46929.790 2.270 999.000
46929.800 2.270 999.000
46931.720 2.279 999.000
46931.720 2.280 999.000
46933.710 2.290 999.000
46933.710 2.291 999.000
46934.720 2.280 999.000
46934.730 2.285 999.000
46935.710 2.280 999.000
46935.710 2.283 999.000
46940.710 2.299 999.000
46940.710 2.300 999.000
46941.720 2.282 999.000
46941.720 2.300 999.000
46942.700 2.300 999.000
46942.700 2.305 999.000
46946.710 2.390 999.000
46946.710 2.391 999.000
46948.710 2.426 999.000
46948.710 2.430 999.000
46951.690 2.502 999.000
46951.700 2.500 999.000
46953.690 2.549 999.000
46953.690 2.550 999.000
46954.700 2.590 999.000
46954.700 2.590 999.000
46958.700 2.770 999.000
46958.700 2.771 999.000
46960.700 2.848 999.000
46960.700 2.850 999.000
46961.690 2.940 999.000
46961.690 2.943 999.000
46964.710 3.060 999.000
46964.710 3.064 999.000
46965.170 3.100 999.000
46965.170 3.105 999.000
46965.700 3.140 999.000
46965.700 3.141 999.000
46966.170 3.150 999.000
46966.170 3.150 999.000
46966.700 3.180 999.000
46966.700 3.183 999.000
46967.170 3.200 999.000
46967.170 3.202 999.000
46967.690 3.217 999.000
46967.690 3.220 999.000
46970.180 3.306 999.000
46970.180 3.310 999.000
46971.710 3.330 999.000
46971.720 3.330 999.000
46975.180 3.378 999.000
46975.180 3.380 999.000
46977.700 3.409 999.000
46977.700 3.410 999.000
46979.710 3.418 999.000
46979.710 3.420 999.000
46980.180 3.450 999.000
46980.180 3.453 999.000
46980.700 3.440 999.000
46980.700 3.441 999.000
46981.180 3.441 999.000
46981.710 3.450 999.000
46981.710 3.455 999.000
46982.700 3.447 999.000
46982.700 3.450 999.000
46983.180 3.476 999.000
46983.180 3.480 999.000
46984.170 3.480 999.000
46985.180 3.490 999.000
46986.190 3.500 999.000
46989.160 3.520 999.000
46990.100 3.530 999.000
46991.180 3.540 999.000
46997.180 3.600 999.000
46998.170 3.610 999.000
46999.170 3.610 999.000
47000.160 3.620 999.000
47005.150 3.660 999.000
47006.140 3.660 999.000
47007.140 3.680 999.000
47009.140 3.700 999.000
47013.160 3.730 999.000
47014.170 3.740 999.000
47020.030 3.770 999.000
47021.070 3.790 999.000
47021.170 3.800 999.000
47022.050 3.800 999.000
47023.160 3.800 999.000
47025.070 3.830 999.000
47025.160 3.820 999.000
47027.160 3.830 999.000
47028.160 3.840 999.000
47031.120 3.870 999.000
47031.130 3.860 999.000
47033.110 3.900 999.000
47034.100 3.900 999.000
47037.380 3.930 999.000
47037.390 3.920 999.000
47037.400 3.910 999.000
47040.160 3.940 999.000
47041.040 3.940 999.000
47041.370 3.960 999.000
47041.390 3.960 999.000
47042.990 3.950 999.000
47044.040 3.970 999.000
47044.130 3.970 999.000
47044.330 3.980 999.000
47044.340 3.970 999.000
47044.970 3.970 999.000
47046.000 3.980 999.000
47047.030 3.990 999.000
47047.330 4.010 999.000
47047.340 4.020 999.000
47047.350 4.020 999.000
47048.170 4.020 999.000
47049.050 4.010 999.000
47050.280 4.010 999.000
47050.280 4.030 999.000
47050.290 4.020 999.000
47052.110 4.030 999.000
47054.130 4.060 999.000
47054.270 4.040 999.000
47054.280 4.060 999.000
47054.290 4.070 999.000
47055.070 4.060 999.000
47056.120 4.070 999.000
47063.120 4.130 999.000
47064.290 4.150 999.000
47064.300 4.140 999.000
47064.310 4.140 999.000
47068.010 4.150 999.000
47069.990 4.180 999.000
47071.060 4.190 999.000
47072.120 4.200 999.000
47073.120 4.210 999.000
47074.020 4.200 999.000
47075.020 4.220 999.000
47077.020 4.240 999.000
47078.010 4.250 999.000
47080.080 4.260 999.000
47081.040 4.280 999.000
47082.120 4.290 999.000
47084.980 4.290 999.000
47086.020 4.320 999.000
47087.300 4.330 999.000
47087.300 4.340 999.000
47087.310 4.320 999.000
47089.220 4.360 999.000
47089.230 4.370 999.000
47090.070 4.340 999.000
47095.250 4.390 999.000
47095.260 4.400 999.000
47095.870 4.400 999.000
47096.310 4.410 999.000
47096.330 4.410 999.000
47098.010 4.420 999.000
47098.870 4.420 999.000
47099.970 4.440 999.000
47100.980 4.440 999.000
47101.940 4.450 999.000
47102.940 4.460 999.000
47103.230 4.470 999.000
47103.250 4.460 999.000
47103.260 4.470 999.000
47104.010 4.470 999.000
47104.940 4.480 999.000
47105.870 4.490 999.000
47106.290 4.530 999.000
47106.300 4.490 999.000
47107.080 4.490 999.000
47107.980 4.480 999.000
47109.010 4.490 999.000
47109.850 4.520 999.000
47110.120 4.530 999.000
47110.130 4.530 999.000
47110.140 4.520 999.000
47112.790 4.550 999.000
47113.070 4.540 999.000
47113.790 4.540 999.000
47114.100 4.540 999.000
47114.870 4.570 999.000
47115.830 4.570 999.000
47117.180 4.590 999.000
47117.190 4.590 999.000
47117.210 4.590 999.000
47117.930 4.590 999.000
47118.770 4.570 999.000
47119.890 4.600 999.000
47120.970 4.620 999.000
47121.270 4.640 999.000
47121.280 4.630 999.000
47121.960 4.620 999.000
47122.790 4.620 999.000
47122.970 4.630 999.000
47123.250 4.660 999.000
47123.260 4.660 999.000
47123.820 4.640 999.000
47124.020 4.650 999.000
47124.860 4.650 999.000
47125.950 4.660 999.000
47126.940 4.680 999.000
47128.840 4.690 999.000
47129.000 4.700 999.000
47130.230 4.100 999.000
47130.240 4.710 999.000
47130.260 4.110 999.000
47130.870 4.710 999.000
47131.980 4.720 999.000
47132.920 4.730 999.000
47134.930 4.750 999.000
47135.190 4.760 999.000
47135.200 4.160 999.000
47135.890 4.760 999.000
47137.960 4.780 999.000
47140.840 4.810 999.000
47140.860 4.800 999.000
47141.890 4.820 999.000
47142.310 4.830 999.000
47142.320 4.640 999.000
47142.850 4.830 999.000
47143.860 4.840 999.000
47143.980 4.840 999.000
47144.780 4.840 999.000
47145.160 4.860 999.000
47145.180 4.850 999.000
47145.190 4.870 999.000
47146.830 4.860 999.000
47147.130 4.890 999.000
47147.150 4.880 999.000
47147.790 4.860 999.000
47148.860 4.880 999.000
47151.150 4.910 999.000
47151.160 4.920 999.000
47151.170 4.910 999.000
47151.840 4.920 999.000
47151.940 4.920 999.000
47152.930 4.930 999.000
47154.010 4.930 999.000
47154.940 4.950 999.000
47155.820 4.960 999.000
47156.830 4.970 999.000
47157.810 4.970 999.000
47158.140 4.960 999.000
47158.150 4.990 999.000
47158.160 5.010 999.000
47158.840 4.980 999.000
47159.880 5.000 999.000
47162.080 4.990 999.000
47162.870 5.020 999.000
47163.900 5.030 999.000
47164.890 5.040 999.000
47165.900 5.050 999.000
47166.100 5.010 999.000
47166.110 5.060 999.000
47166.120 5.060 999.000
47166.940 5.050 999.000
47167.870 5.070 999.000
47168.990 5.080 999.000
47169.810 5.090 999.000
47170.790 5.090 999.000
47171.110 5.080 999.000
47171.120 5.090 999.000
47171.130 5.120 999.000
47171.900 5.090 999.000
47172.880 5.120 999.000
47173.900 5.130 999.000
47174.900 5.140 999.000
47175.800 5.160 999.000
47176.820 5.170 999.000
47177.880 5.170 999.000
47178.100 5.170 999.000
47178.110 5.190 999.000
47178.120 5.190 999.000
47180.090 5.200 999.000
47180.100 5.210 999.000
47180.110 5.200 999.000
47181.070 5.270 999.000
47181.950 5.230 999.000
47182.960 5.220 999.000
47184.970 5.250 999.000
47185.960 5.260 999.000
47186.820 5.270 999.000
47187.090 5.260 999.000
47187.100 5.280 999.000
47187.810 5.280 999.000
47188.810 5.300 999.000
47189.110 5.290 999.000
47189.120 5.300 999.000
47189.140 5.290 999.000
47190.790 5.310 999.000
47191.870 5.320 999.000
47192.830 5.330 999.000
47193.790 5.340 999.000
47194.120 5.350 999.000
47194.130 5.350 999.000
47194.800 5.350 999.000
47195.130 5.370 999.000
47195.140 5.360 999.000
47195.150 5.310 999.000
47195.790 5.370 999.000
47197.940 5.390 999.000
47198.090 5.400 999.000
47198.100 5.400 999.000
47200.950 5.430 999.000
47201.940 5.430 999.000
47202.940 5.440 999.000
47203.870 5.450 999.000
47204.910 5.480 999.000
47205.080 5.480 999.000
47205.090 5.480 999.000
47208.900 5.510 999.000
47211.110 5.540 999.000
47211.120 5.540 999.000
47211.770 5.540 999.000
47212.770 5.550 999.000
47213.770 5.570 999.000
47214.800 5.580 999.000
47216.810 5.600 999.000
47218.060 5.610 999.000
47218.070 5.610 999.000
47218.820 5.610 999.000
47218.840 5.620 999.000
47219.040 5.610 999.000
47219.820 5.620 999.000
47221.030 5.650 999.000
47221.040 5.630 999.000
47221.050 5.630 999.000
47222.810 5.670 999.000
47223.810 5.680 999.000
47227.060 5.720 999.000
47227.070 5.700 999.000
47229.770 5.760 999.000
47231.030 5.760 999.000
47231.040 5.760 999.000
47231.050 5.160 999.000
47232.790 5.790 999.000
47234.780 5.800 999.000
47235.750 5.810 999.000
47236.020 5.810 999.000
47236.030 5.810 999.000
47236.040 5.800 999.000
47236.750 5.830 999.000
47238.750 5.850 999.000
47239.750 5.850 999.000
47240.050 5.890 999.000
47240.060 5.880 999.000
47240.070 5.870 999.000
47240.750 5.870 999.000
47241.750 5.880 999.000
47242.750 5.890 999.000
47243.100 5.900 999.000
47243.110 5.910 999.000
47243.750 5.910 999.000
47245.040 5.920 999.000
47245.040 5.930 999.000
47245.050 5.920 999.000
47245.750 5.930 999.000
47246.740 5.940 999.000
47247.740 5.960 999.000
47249.000 5.970 999.000
47249.010 5.950 999.000
47249.020 5.970 999.000
47249.740 5.990 999.000
47250.740 5.990 999.000
47251.010 5.990 999.000
47251.020 5.990 999.000
47251.040 5.990 999.000
47251.740 6.000 999.000
47252.740 6.000 999.000
47258.040 6.080 999.000
47258.060 6.070 999.000
47258.760 6.090 999.000
47259.730 6.100 999.000
47260.860 6.110 999.000
47261.730 6.120 999.000
47262.730 6.140 999.000
47263.730 6.140 999.000
47264.760 6.150 999.000
47265.000 6.170 999.000
47265.010 6.170 999.000
47265.780 6.160 999.000
47266.730 6.190 999.000
47267.730 6.200 999.000
47268.010 6.210 999.000
47268.020 6.190 999.000
47269.730 6.230 999.000
47271.030 6.230 999.000
47271.050 6.240 999.000
47273.730 6.270 999.000
47274.730 6.290 999.000
47276.000 6.300 999.000
47276.010 6.310 999.000
47276.020 6.300 999.000
47277.740 6.330 999.000
47278.830 6.330 999.000
47279.870 6.350 999.000
47280.740 6.360 999.000
47281.730 6.380 999.000
47282.730 6.380 999.000
47283.730 6.390 999.000
47285.720 6.420 999.000
47286.010 6.420 999.000
47286.030 6.430 999.000
47286.710 6.440 999.000
47287.710 6.440 999.000
47288.710 6.460 999.000
47289.000 6.460 999.000
47289.010 6.470 999.000
47289.020 6.460 999.000
47289.710 6.490 999.000
47290.720 6.490 999.000
47291.730 6.510 999.000
47296.720 6.560 999.000
47297.720 6.570 999.000
47298.740 6.600 999.000
47304.000 6.660 999.000
47304.980 6.670 999.000
47304.990 6.670 999.000
47310.760 6.760 999.000
47316.760 6.840 999.000
47321.170 6.920 999.000
47322.170 6.930 999.000
47322.700 6.920 999.000
47326.010 6.980 999.000
47326.030 6.950 999.000
47327.720 6.990 999.000
47328.720 7.010 999.000
47329.720 7.030 999.000
47330.720 7.040 999.000
47333.740 7.080 999.000
47334.170 7.140 999.000
47336.170 7.100 999.000
47337.140 7.120 999.000
47343.160 7.240 999.000
47353.160 7.370 999.000
47354.150 7.430 999.000
47355.160 7.440 999.000
47356.130 7.440 999.000
47357.160 7.450 999.000
47359.130 7.480 999.000
47362.150 7.540 999.000
47364.130 7.580 999.000
47365.130 7.580 999.000
47366.130 7.610 999.000
47367.130 7.620 999.000
47368.120 7.630 999.000
47369.140 7.640 999.000
47370.140 7.660 999.000
47372.130 7.700 999.000
47373.150 7.720 999.000
47374.150 7.740 999.000
47376.120 7.780 999.000
47377.130 7.790 999.000
47378.140 7.820 999.000
47379.120 7.840 999.000
47380.130 7.850 999.000
47382.140 7.900 999.000
47383.130 7.920 999.000
47384.130 7.930 999.000
47385.140 7.940 999.000
47386.130 7.970 999.000
47388.120 8.010 999.000
47389.150 8.030 999.000
47390.140 8.040 999.000
47393.130 8.110 999.000
47394.140 8.130 999.000
47399.090 8.240 999.000
47408.050 8.430 999.000
47408.140 8.420 999.000
47409.100 8.440 999.000
47410.080 8.480 999.000
47411.110 8.500 999.000
47412.020 8.510 999.000
47415.990 8.600 999.000
47417.020 8.620 999.000
47421.990 8.740 999.000
47425.000 8.810 999.000
47426.040 8.830 999.000
47427.080 8.850 999.000
47428.110 8.870 999.000
47429.030 8.890 999.000
47431.060 8.950 999.000
47435.040 9.050 999.000
47436.010 9.070 999.000
47437.030 9.090 999.000
47437.950 9.100 999.000
47439.060 9.130 999.000
47444.030 9.260 999.000
47447.910 9.340 999.000
47451.980 9.410 999.000
47453.080 9.450 999.000
47454.960 9.500 999.000
47457.960 9.560 999.000
47459.910 9.600 999.000
47461.020 9.620 999.000
47461.930 9.630 999.000
47463.900 9.670 999.000
47465.920 9.720 999.000
47529.500 10.920 999.000
47572.500 11.530 999.000
47599.500 11.920 999.000
47639.500 12.420 999.000
47642.500 12.380 999.000
47654.500 12.620 999.000
47668.500 12.810 999.000
47694.500 13.040 999.000
47789.500 13.850 999.000
47810.500 14.150 999.000
47840.500 14.330 999.000
47851.500 14.420 999.000
47872.500 14.470 999.000
47889.500 14.570 999.000
47895.500 14.710 999.000
47936.500 14.880 999.000
47996.500 15.130 999.000
47997.500 15.140 999.000
48012.500 15.230 999.000
48017.500 15.250 999.000
48044.500 15.410 999.000
48070.500 15.410 999.000
48075.500 15.420 999.000
48103.500 15.550 999.000
48114.500 15.530 999.000
48144.500 15.620 999.000
48184.500 15.720 999.000
48190.500 15.780 999.000
48218.500 15.820 999.000
48231.500 15.940 999.000
48251.500 15.930 999.000
48265.500 15.780 999.000
48269.500 15.830 999.000
48272.500 15.850 999.000
48336.500 15.990 999.000
48396.500 16.110 999.000
