46850.450 4.060 999.000
46850.800 3.950 999.000
46850.820 3.990 999.000
46851.220 4.210 999.000
46851.870 4.210 999.000
46851.900 4.230 999.000
46852.780 4.500 999.000
46852.800 4.490 999.000
46852.860 4.520 999.000
46852.940 4.580 999.000
46853.000 4.670 999.000
46853.060 4.590 999.000
46853.080 4.610 999.000
46853.090 4.640 999.000
46853.930 5.210 999.000
46854.000 5.260 999.000
46854.060 5.330 999.000
46854.130 5.350 999.000
46854.200 5.350 999.000
46854.860 5.760 999.000
46855.030 5.890 999.000
46855.070 5.870 999.000
46855.140 5.970 999.000
46855.200 5.870 999.000
46855.200 5.980 999.000
46855.850 6.190 999.000
46856.020 6.320 999.000
46856.080 6.310 999.000
46856.100 6.210 999.000
46856.140 6.380 999.000
46856.190 6.380 999.000
46857.100 6.510 999.000
46857.120 6.660 999.000
46857.790 6.740 999.000
46857.800 6.730 999.000
46858.000 6.740 999.000
46858.120 6.870 999.000
46858.940 6.930 999.000
46859.000 6.940 999.000
46859.100 7.050 999.000
46859.480 6.990 999.000
46859.640 6.900 999.000
46859.770 7.090 999.000
46859.900 7.090 999.000
46860.000 7.060 999.000
46860.100 7.180 999.000
46860.760 7.240 999.000
46861.770 7.320 999.000
46862.900 7.380 999.000
46863.100 7.420 999.000
46863.100 7.460 999.000
46863.750 7.470 999.000
46864.100 7.510 999.000
46864.750 7.530 999.000
46865.000 7.580 999.000
46865.100 7.570 999.000
46865.750 7.580 999.000
46866.100 7.620 999.000
46866.750 7.610 999.000
46866.910 7.610 999.000
46867.750 7.660 999.000
46868.100 7.620 999.000
46869.100 7.760 999.000
46870.100 7.730 999.000
46870.100 7.790 999.000
46870.770 7.740 999.000
46871.750 7.760 999.000
46872.750 7.780 999.000
46873.100 7.740 999.000
46873.750 7.780 999.000
46873.880 7.770 999.000
46874.100 7.760 999.000
46874.100 7.800 999.000
46874.750 7.800 999.000
46875.100 7.750 999.000
46875.100 7.780 999.000
46875.750 7.800 999.000
46876.100 7.740 999.000
46876.100 7.770 999.000
46876.740 7.790 999.000
46877.750 7.800 999.000
46878.760 7.780 999.000
46879.750 7.810 999.000
46880.750 7.800 999.000
46881.740 7.800 999.000
46883.810 7.780 999.000
46884.750 7.790 999.000
46885.830 7.740 999.000
46885.840 7.750 999.000
46886.750 7.770 999.000
46887.740 7.780 999.000
46889.810 7.750 999.000
46890.890 7.710 999.000
46891.750 7.770 999.000
46892.840 7.750 999.000
46893.750 7.760 999.000
46894.750 7.750 999.000
46896.750 7.710 999.000
46897.750 7.680 999.000
46898.740 7.660 999.000
46902.740 7.576 999.000
46902.740 7.580 999.000
46903.840 7.518 999.000
46903.840 7.520 999.000
46904.000 7.600 999.000
46905.790 7.470 999.000
46905.790 7.472 999.000
46906.740 7.470 999.000
46906.740 7.473 999.000
46908.730 7.400 999.000
46908.730 7.401 999.000
46909.730 7.379 999.000
46909.730 7.380 999.000
46910.740 7.343 999.000
46910.740 7.350 999.000
46911.730 7.340 999.000
46911.730 7.341 999.000
46915.740 7.150 999.000
46915.740 7.150 999.000
46916.720 7.190 999.000
46916.720 7.190 999.000
46917.730 7.200 999.000
46917.730 7.200 999.000
46918.720 7.170 999.000
46918.720 7.170 999.000
46922.720 7.090 999.000
46922.730 7.095 999.000
46923.750 7.080 999.000
46923.750 7.080 999.000
46924.760 7.050 999.000
46924.760 7.050 999.000
46929.790 7.040 999.000
46929.800 7.040 999.000
46931.720 7.056 999.000
46931.720 7.060 999.000
46933.710 7.060 999.000
46933.710 7.063 999.000
46934.720 7.040 999.000
46934.730 7.038 999.000
46935.710 7.055 999.000
46935.710 7.060 999.000
46940.710 7.056 999.000
46940.710 7.060 999.000
46941.720 7.059 999.000
46941.720 7.080 999.000
46942.700 7.118 999.000
46942.700 7.120 999.000
46946.710 7.199 999.000
46946.710 7.200 999.000
46948.710 7.270 999.000
46948.710 7.274 999.000
46951.690 7.402 999.000
46951.700 7.400 999.000
46953.690 7.508 999.000
46953.690 7.510 999.000
46954.700 7.580 999.000
46954.700 7.580 999.000
46958.700 7.810 999.000
46958.700 7.811 999.000
46960.700 7.957 999.000
46960.700 7.960 999.000
46961.690 7.980 999.000
46961.690 7.982 999.000
46964.710 8.200 999.000
46964.710 8.205 999.000
46965.170 8.230 999.000
46965.170 8.232 999.000
46965.700 8.260 999.000
46965.700 8.264 999.000
46966.170 8.300 999.000
46966.170 8.304 999.000
46966.700 8.330 999.000
46966.700 8.333 999.000
46967.170 8.369 999.000
46967.170 8.370 999.000
46967.690 8.380 999.000
46967.690 8.385 999.000
46970.180 8.539 999.000
46970.180 8.540 999.000
46971.710 8.530 999.000
46971.720 8.530 999.000
46975.180 8.630 999.000
46975.180 8.634 999.000
46977.700 8.636 999.000
46977.700 8.640 999.000
46979.710 8.646 999.000
46979.710 8.650 999.000
46980.180 8.669 999.000
46980.180 8.670 999.000
46980.700 8.650 999.000
46980.700 8.651 999.000
46981.180 8.676 999.000
46981.710 8.666 999.000
46981.710 8.670 999.000
46982.700 8.628 999.000
46982.700 8.630 999.000
46983.180 8.686 999.000
46983.180 8.690 999.000
46984.170 8.710 999.000
46985.180 8.700 999.000
46986.190 8.700 999.000
46989.160 8.680 999.000
46990.100 8.690 999.000
46991.180 8.690 999.000
46997.180 8.720 999.000
46998.170 8.710 999.000
46999.170 8.700 999.000
47000.160 8.720 999.000
47005.150 8.680 999.000
47006.140 8.710 999.000
47007.140 8.710 999.000
47009.140 8.720 999.000
47013.160 8.750 999.000
47014.170 8.720 999.000
47020.030 8.710 999.000
47021.070 8.710 999.000
47021.170 8.710 999.000
47022.050 8.720 999.000
47023.160 8.720 999.000
47025.070 8.700 999.000
47025.160 8.710 999.000
47027.160 8.740 999.000
47028.160 8.740 999.000
47031.120 8.730 999.000
47031.130 8.730 999.000
47033.110 8.720 999.000
47034.100 8.730 999.000
47037.380 8.160 999.000
47037.390 8.170 999.000
47037.400 8.750 999.000
47040.160 8.710 999.000
47041.040 8.700 999.000
47041.370 8.760 999.000
47041.390 8.750 999.000
47042.990 8.710 999.000
47044.040 8.710 999.000
47044.130 8.160 999.000
47044.330 8.760 999.000
47044.340 8.750 999.000
47044.970 8.690 999.000
47046.000 8.710 999.000
47047.030 8.710 999.000
47047.330 8.730 999.000
47047.340 8.750 999.000
47047.350 8.740 999.000
47048.170 8.740 999.000
47049.050 8.710 999.000
47050.280 8.730 999.000
47050.280 8.750 999.000
47050.290 8.730 999.000
47052.110 8.680 999.000
47054.130 8.690 999.000
47054.270 8.740 999.000
47054.280 8.750 999.000
47054.290 8.760 999.000
47055.070 8.690 999.000
47056.120 8.730 999.000
47063.120 8.690 999.000
47064.290 8.760 999.000
47064.300 8.740 999.000
47064.310 8.750 999.000
47068.010 8.690 999.000
47069.990 8.690 999.000
47071.060 8.690 999.000
47072.120 8.690 999.000
47073.120 8.690 999.000
47074.020 8.680 999.000
47075.020 8.690 999.000
47077.020 8.700 999.000
47078.010 8.690 999.000
47080.080 8.680 999.000
47081.040 8.680 999.000
47082.120 8.700 999.000
47084.980 8.690 999.000
47086.020 8.670 999.000
47087.300 8.740 999.000
47087.300 8.750 999.000
47087.310 8.700 999.000
47089.220 8.730 999.000
47089.230 8.730 999.000
47090.070 8.670 999.000
47095.250 8.730 999.000
47095.260 8.740 999.000
47095.870 8.680 999.000
47096.310 8.740 999.000
47096.330 8.720 999.000
47098.010 8.680 999.000
47098.870 8.680 999.000
47099.970 8.690 999.000
47100.980 8.680 999.000
47101.940 8.680 999.000
47102.940 8.690 999.000
47103.230 8.720 999.000
47103.250 8.730 999.000
47103.260 8.740 999.000
47104.010 8.680 999.000
47104.940 8.680 999.000
47105.870 8.690 999.000
47106.290 8.730 999.000
47106.300 8.730 999.000
47107.080 8.690 999.000
47107.980 8.660 999.000
47109.010 8.680 999.000
47109.850 8.690 999.000
47110.120 8.720 999.000
47110.130 8.720 999.000
47110.140 8.750 999.000
47112.790 8.690 999.000
47113.070 8.680 999.000
47113.790 8.690 999.000
47114.100 8.700 999.000
47114.870 8.690 999.000
47115.830 8.690 999.000
47117.180 8.720 999.000
47117.190 8.740 999.000
47117.210 8.720 999.000
47117.930 8.700 999.000
47118.770 8.680 999.000
47119.890 8.700 999.000
47120.970 8.700 999.000
47121.270 8.730 999.000
47121.280 8.720 999.000
47121.960 8.690 999.000
47122.790 8.720 999.000
47122.970 8.700 999.000
47123.250 8.130 999.000
47123.260 8.730 999.000
47123.820 8.690 999.000
47124.020 8.690 999.000
47124.860 8.690 999.000
47125.950 8.700 999.000
47126.940 8.700 999.000
47128.840 8.690 999.000
47129.000 8.690 999.000
47130.230 8.730 999.000
47130.240 8.740 999.000
47130.260 8.730 999.000
47130.870 8.690 999.000
47131.980 8.700 999.000
47132.920 8.700 999.000
47134.930 8.700 999.000
47135.190 8.730 999.000
47135.200 8.730 999.000
47135.890 8.720 999.000
47137.960 8.710 999.000
47140.840 8.710 999.000
47140.860 8.710 999.000
47141.890 8.700 999.000
47142.310 8.730 999.000
47142.320 8.750 999.000
47142.850 8.700 999.000
47143.860 8.710 999.000
47143.980 8.720 999.000
47144.780 8.670 999.000
47145.160 8.750 999.000
47145.180 8.760 999.000
47145.190 8.750 999.000
47146.830 8.710 999.000
47147.130 8.760 999.000
47147.150 8.780 999.000
47147.790 8.690 999.000
47148.860 8.710 999.000
47151.150 8.760 999.000
47151.160 8.760 999.000
47151.170 8.740 999.000
47151.840 8.720 999.000
47151.940 8.720 999.000
47152.930 8.720 999.000
47154.010 8.720 999.000
47154.940 8.720 999.000
47155.820 8.740 999.000
47156.830 8.730 999.000
47157.810 8.720 999.000
47158.140 8.750 999.000
47158.150 8.760 999.000
47158.160 8.760 999.000
47158.840 8.740 999.000
47159.880 8.730 999.000
47162.080 8.720 999.000
47162.870 8.730 999.000
47163.900 8.730 999.000
47164.890 8.740 999.000
47165.900 8.740 999.000
47166.100 8.780 999.000
47166.110 8.760 999.000
47166.120 8.760 999.000
47166.940 8.750 999.000
47167.870 8.750 999.000
47168.990 8.750 999.000
47169.810 8.760 999.000
47170.790 8.750 999.000
47171.110 8.780 999.000
47171.120 8.770 999.000
47171.130 8.780 999.000
47171.900 8.750 999.000
47172.880 8.750 999.000
47173.900 8.760 999.000
47174.900 8.760 999.000
47175.800 8.770 999.000
47176.820 8.770 999.000
47177.880 8.790 999.000
47178.100 8.780 999.000
47178.110 8.810 999.000
47178.120 8.830 999.000
47180.090 8.790 999.000
47180.100 8.820 999.000
47180.110 8.790 999.000
47181.070 8.800 999.000
47181.950 8.800 999.000
47182.960 8.790 999.000
47184.970 8.800 999.000
47185.960 8.800 999.000
47186.820 8.780 999.000
47187.090 8.800 999.000
47187.100 8.820 999.000
47187.810 8.790 999.000
47188.810 8.790 999.000
47189.110 8.820 999.000
47189.120 8.800 999.000
47189.140 8.830 999.000
47190.790 8.790 999.000
47191.870 8.790 999.000
47192.830 8.800 999.000
47193.790 8.790 999.000
47194.120 8.830 999.000
47194.130 8.930 999.000
47194.800 8.810 999.000
47195.130 8.860 999.000
47195.140 8.840 999.000
47195.150 8.830 999.000
47195.790 8.800 999.000
47197.940 8.800 999.000
47198.090 8.840 999.000
47198.100 8.830 999.000
47200.950 8.810 999.000
47201.940 8.810 999.000
47202.940 8.810 999.000
47203.870 8.830 999.000
47204.910 8.850 999.000
47205.080 8.870 999.000
47205.090 8.880 999.000
47208.900 8.830 999.000
47211.110 8.850 999.000
47211.110 8.890 999.000
47211.120 8.900 999.000
47211.770 8.850 999.000
47212.770 8.860 999.000
47213.770 8.860 999.000
47214.800 8.860 999.000
47216.810 8.880 999.000
47218.060 8.880 999.000
47218.070 8.890 999.000
47218.820 8.870 999.000
47218.840 8.860 999.000
47219.040 8.900 999.000
47219.820 8.870 999.000
47221.030 8.900 999.000
47221.040 8.900 999.000
47221.050 8.890 999.000
47222.810 8.870 999.000
47223.810 8.870 999.000
47227.060 8.900 999.000
47227.070 8.900 999.000
47229.770 8.920 999.000
47231.030 8.940 999.000
47231.040 8.930 999.000
47231.050 8.920 999.000
47232.790 8.930 999.000
47234.780 8.930 999.000
47235.750 8.920 999.000
47236.020 8.970 999.000
47236.030 8.940 999.000
47236.040 8.960 999.000
47236.750 8.940 999.000
47238.750 8.950 999.000
47239.750 8.950 999.000
47240.050 9.000 999.000
47240.060 8.990 999.000
47240.070 9.010 999.000
47240.750 8.950 999.000
47241.750 8.960 999.000
47242.750 8.960 999.000
47243.100 8.980 999.000
47243.110 8.990 999.000
47243.750 8.960 999.000
47245.040 8.990 999.000
47245.050 8.980 999.000
47245.750 8.970 999.000
47246.740 8.980 999.000
47247.740 8.990 999.000
47249.000 8.990 999.000
47249.010 8.970 999.000
47249.020 9.000 999.000
47249.740 8.970 999.000
47250.740 9.000 999.000
47251.010 9.010 999.000
47251.020 9.000 999.000
47251.040 9.020 999.000
47251.740 8.990 999.000
47252.740 8.990 999.000
47258.040 9.050 999.000
47258.060 9.030 999.000
47258.760 9.010 999.000
47259.730 9.020 999.000
47260.860 9.030 999.000
47261.730 9.020 999.000
47262.730 9.030 999.000
47263.730 9.040 999.000
47264.760 9.050 999.000
47265.000 9.080 999.000
47265.010 9.070 999.000
47265.780 9.060 999.000
47266.730 9.060 999.000
47267.730 9.060 999.000
47268.010 9.090 999.000
47268.020 9.080 999.000
47269.730 9.070 999.000
47271.030 9.110 999.000
47271.050 9.120 999.000
47273.730 9.070 999.000
47274.730 9.090 999.000
47276.000 9.110 999.000
47276.010 9.120 999.000
47276.020 9.120 999.000
47277.740 9.090 999.000
47278.830 9.080 999.000
47279.870 9.120 999.000
47280.740 9.110 999.000
47281.730 9.120 999.000
47282.730 9.140 999.000
47283.730 9.140 999.000
47285.720 9.140 999.000
47286.010 9.150 999.000
47286.030 9.180 999.000
47286.710 9.160 999.000
47287.710 9.150 999.000
47288.710 9.180 999.000
47289.000 9.200 999.000
47289.010 9.170 999.000
47289.020 9.170 999.000
47289.710 9.170 999.000
47290.720 9.190 999.000
47291.730 9.180 999.000
47296.720 9.190 999.000
47297.720 9.210 999.000
47298.740 9.220 999.000
47304.000 9.270 999.000
47304.980 9.280 999.000
47304.990 9.250 999.000
47310.760 9.320 999.000
47316.760 9.360 999.000
47321.170 9.540 999.000
47322.170 9.410 999.000
47322.700 9.420 999.000
47326.030 9.460 999.000
47327.720 9.400 999.000
47328.720 9.410 999.000
47329.720 9.410 999.000
47330.720 9.420 999.000
47333.740 9.460 999.000
47334.170 9.480 999.000
47336.170 9.460 999.000
47337.140 9.500 999.000
47343.160 9.510 999.000
47353.160 9.560 999.000
47354.150 9.650 999.000
47355.160 9.600 999.000
47356.130 9.610 999.000
47357.160 9.600 999.000
47359.130 9.640 999.000
47362.150 9.650 999.000
47364.130 9.680 999.000
47365.130 9.690 999.000
47366.130 9.690 999.000
47367.130 9.700 999.000
47368.120 9.720 999.000
47369.140 9.730 999.000
47370.140 9.750 999.000
47372.130 9.730 999.000
47373.150 9.740 999.000
47374.150 9.740 999.000
47376.120 9.780 999.000
47377.130 9.780 999.000
47378.140 9.790 999.000
47379.120 9.800 999.000
47380.130 9.810 999.000
47382.140 9.830 999.000
47383.130 9.830 999.000
47384.130 9.830 999.000
47385.140 9.830 999.000
47386.130 9.840 999.000
47388.120 9.880 999.000
47389.150 9.880 999.000
47390.140 9.890 999.000
47393.130 9.920 999.000
47394.140 9.950 999.000
47399.090 10.010 999.000
47408.050 10.070 999.000
47408.140 10.070 999.000
47409.100 10.070 999.000
47410.080 10.130 999.000
47411.110 10.130 999.000
47412.020 10.160 999.000
47415.990 10.200 999.000
47417.020 10.210 999.000
47421.990 10.250 999.000
47425.000 10.250 999.000
47426.040 10.260 999.000
47427.080 10.240 999.000
47428.110 10.270 999.000
47429.030 10.260 999.000
47431.060 10.300 999.000
47435.040 10.380 999.000
47436.010 10.370 999.000
47437.030 10.390 999.000
47437.950 10.410 999.000
47439.060 10.390 999.000
47444.030 10.460 999.000
47447.910 10.550 999.000
47451.980 10.530 999.000
47453.080 10.550 999.000
47454.960 10.650 999.000
47457.960 10.670 999.000
47459.910 10.680 999.000
47461.020 10.670 999.000
47461.930 10.680 999.000
47463.900 10.710 999.000
47465.920 10.760 999.000
47529.500 11.590 999.000
47572.500 12.140 999.000
47599.500 12.480 999.000
47639.500 12.910 999.000
47642.500 12.970 999.000
47654.500 13.020 999.000
47668.500 13.200 999.000
47694.500 13.430 999.000
47789.500 14.350 999.000
47810.500 14.560 999.000
47840.500 14.810 999.000
47851.500 14.820 999.000
47872.500 14.980 999.000
47889.500 15.230 999.000
47960.500 15.450 999.000
47973.500 15.450 999.000
47997.500 15.680 999.000
48012.500 15.730 999.000
48017.500 15.550 999.000
48044.500 15.750 999.000
48070.500 15.700 999.000
48075.500 15.920 999.000
48103.500 16.110 999.000
48114.500 16.100 999.000
48184.500 16.360 999.000
48190.500 16.320 999.000
48218.500 16.400 999.000
48231.500 16.570 999.000
48251.500 16.370 999.000
48265.500 16.530 999.000
48269.500 16.480 999.000
48272.500 16.550 999.000
