46850.800 4.290 999.000
46850.820 4.340 999.000
46851.870 4.120 999.000
46851.900 4.120 999.000
46852.780 4.040 999.000
46852.800 4.000 999.000
46852.860 4.000 999.000
46852.940 4.000 999.000
46853.000 3.990 999.000
46853.930 3.950 999.000
46854.000 3.920 999.000
46854.860 3.910 999.000
46855.200 3.890 999.000
46855.850 3.880 999.000
46856.100 3.840 999.000
46857.100 3.780 999.000
46857.790 3.790 999.000
46857.800 3.790 999.000
46858.000 3.730 999.000
46858.940 3.720 999.000
46859.000 3.680 999.000
46859.100 3.820 999.000
46859.770 3.680 999.000
46859.900 3.670 999.000
46860.000 3.620 999.000
46860.100 3.760 999.000
46860.760 3.620 999.000
46861.770 3.560 999.000
46862.900 3.500 999.000
46863.100 3.470 999.000
46863.100 3.610 999.000
46863.750 3.470 999.000
46864.100 3.570 999.000
46864.750 3.410 999.000
46865.000 3.390 999.000
46865.100 3.520 999.000
46865.750 3.360 999.000
46866.100 3.460 999.000
46866.750 3.330 999.000
46866.910 3.330 999.000
46867.750 3.270 999.000
46868.100 3.300 999.000
46869.100 3.360 999.000
46870.100 3.300 999.000
46870.770 3.160 999.000
46871.750 3.140 999.000
46872.750 3.110 999.000
46873.100 3.170 999.000
46873.750 3.060 999.000
46873.880 3.050 999.000
46874.100 3.140 999.000
46874.750 3.030 999.000
46875.100 3.100 999.000
46875.750 3.000 999.000
46876.100 2.910 999.000
46876.100 3.080 999.000
46876.740 2.980 999.000
46877.750 2.950 999.000
46878.760 2.920 999.000
46879.750 2.900 999.000
46880.750 2.870 999.000
46881.740 2.840 999.000
46883.810 2.790 999.000
46884.750 2.760 999.000
46885.830 2.750 999.000
46885.840 2.740 999.000
46886.750 2.700 999.000
46887.740 2.680 999.000
46889.810 2.610 999.000
46890.890 2.570 999.000
46891.750 2.540 999.000
46892.840 2.530 999.000
46893.750 2.500 999.000
46894.750 2.480 999.000
46896.750 2.420 999.000
46897.750 2.400 999.000
46898.740 2.380 999.000
46900.740 2.308 999.000
46900.740 2.310 999.000
46901.730 2.270 999.000
46901.730 2.275 999.000
46902.740 2.256 999.000
46902.740 2.260 999.000
46903.840 2.219 999.000
46903.840 2.220 999.000
46904.000 2.330 999.000
46905.790 2.188 999.000
46905.790 2.190 999.000
46906.740 2.166 999.000
46906.740 2.170 999.000
46908.730 2.127 999.000
46908.730 2.130 999.000
46909.730 2.099 999.000
46909.730 2.100 999.000
46910.740 2.080 999.000
46910.740 2.084 999.000
46911.730 2.078 999.000
46911.730 2.080 999.000
46913.730 2.090 999.000
46913.730 2.090 999.000
46915.740 2.010 999.000
46915.740 2.010 999.000
46916.720 2.020 999.000
46916.720 2.020 999.000
46917.730 2.040 999.000
46917.730 2.040 999.000
46918.720 1.990 999.000
46918.720 1.990 999.000
46922.720 1.960 999.000
46922.730 1.956 999.000
46923.750 1.920 999.000
46923.750 1.920 999.000
46924.760 1.910 999.000
46924.760 1.910 999.000
46929.790 1.920 999.000
46929.800 1.920 999.000
46931.720 1.930 999.000
46931.720 1.935 999.000
46933.710 1.900 999.000
46933.710 1.905 999.000
46934.720 1.910 999.000
46934.730 1.909 999.000
46935.710 1.909 999.000
46935.710 1.910 999.000
46940.710 1.916 999.000
46940.710 1.920 999.000
46941.720 1.922 999.000
46941.720 1.940 999.000
46942.700 1.920 999.000
46942.700 1.923 999.000
46946.710 1.958 999.000
46946.710 1.960 999.000
46948.710 2.006 999.000
46948.710 2.010 999.000
46951.690 2.061 999.000
46951.700 2.060 999.000
46953.690 2.130 999.000
46953.690 2.130 999.000
46954.700 2.170 999.000
46954.700 2.173 999.000
46958.700 2.320 999.000
46958.700 2.321 999.000
46960.700 2.419 999.000
46960.700 2.420 999.000
46961.690 2.500 999.000
46961.690 2.501 999.000
46964.710 2.570 999.000
46964.710 2.573 999.000
46965.170 2.640 999.000
46965.170 2.644 999.000
46965.700 2.660 999.000
46965.700 2.660 999.000
46966.170 2.670 999.000
46966.170 2.673 999.000
46966.700 2.700 999.000
46966.700 2.702 999.000
46967.170 2.730 999.000
46967.170 2.730 999.000
46967.690 2.738 999.000
46967.690 2.740 999.000
46970.180 2.810 999.000
46970.180 2.812 999.000
46971.710 2.840 999.000
46971.720 2.840 999.000
46975.180 2.860 999.000
46975.180 2.865 999.000
46977.700 2.906 999.000
46977.700 2.910 999.000
46979.710 2.920 999.000
46979.710 2.921 999.000
46980.180 2.950 999.000
46980.180 2.953 999.000
46980.700 2.945 999.000
46980.700 2.950 999.000
46981.180 2.950 999.000
46981.710 2.947 999.000
46981.710 2.950 999.000
46982.700 2.959 999.000
46982.700 2.960 999.000
46983.180 2.960 999.000
46983.180 2.962 999.000
46984.170 2.980 999.000
46985.180 2.990 999.000
46986.190 2.990 999.000
46989.160 3.020 999.000
46990.100 3.020 999.000
46991.180 3.030 999.000
46997.180 3.100 999.000
46998.170 3.100 999.000
46999.170 3.110 999.000
47000.160 3.110 999.000
47005.150 3.160 999.000
47006.140 3.170 999.000
47007.140 3.180 999.000
47009.140 3.180 999.000
47013.160 3.220 999.000
47014.170 3.230 999.000
47020.030 3.280 999.000
47021.070 3.280 999.000
47021.170 3.290 999.000
47022.050 3.290 999.000
47023.160 3.290 999.000
47025.070 3.310 999.000
47025.160 3.300 999.000
47027.160 3.330 999.000
47028.160 3.330 999.000
47031.120 3.350 999.000
47031.130 3.360 999.000
47033.110 3.370 999.000
47034.100 3.380 999.000
47037.380 3.560 999.000
47037.390 3.510 999.000
47037.400 3.570 999.000
47040.160 3.440 999.000
47041.040 3.420 999.000
47041.370 3.610 999.000
47041.370 3.620 999.000
47041.390 3.610 999.000
47042.990 3.450 999.000
47044.040 3.450 999.000
47044.130 3.630 999.000
47044.330 3.630 999.000
47044.340 3.630 999.000
47044.970 3.450 999.000
47046.000 3.450 999.000
47047.030 3.470 999.000
47047.330 3.670 999.000
47047.340 3.680 999.000
47047.350 3.690 999.000
47048.170 3.490 999.000
47049.050 3.480 999.000
47050.280 3.690 999.000
47050.280 3.710 999.000
47050.290 3.690 999.000
47052.110 3.510 999.000
47054.130 3.540 999.000
47054.270 3.720 999.000
47054.280 3.720 999.000
47054.290 3.720 999.000
47055.070 3.540 999.000
47056.120 3.540 999.000
47063.120 3.590 999.000
47064.290 3.810 999.000
47064.300 3.810 999.000
47064.310 3.810 999.000
47068.010 3.630 999.000
47069.990 3.660 999.000
47071.060 3.670 999.000
47072.120 3.660 999.000
47073.120 3.680 999.000
47074.020 3.660 999.000
47075.020 3.680 999.000
47077.020 3.700 999.000
47078.010 3.710 999.000
47080.080 3.720 999.000
47081.040 3.730 999.000
47082.120 3.740 999.000
47084.980 3.750 999.000
47086.020 3.760 999.000
47087.300 4.020 999.000
47087.300 4.030 999.000
47087.310 4.020 999.000
47089.220 4.070 999.000
47089.230 4.080 999.000
47090.070 3.790 999.000
47095.250 4.080 999.000
47095.260 4.090 999.000
47095.870 3.840 999.000
47096.310 4.080 999.000
47096.330 4.100 999.000
47098.010 3.860 999.000
47098.870 3.870 999.000
47099.970 3.890 999.000
47100.980 3.890 999.000
47101.940 3.880 999.000
47102.940 3.890 999.000
47103.230 4.190 999.000
47103.250 4.170 999.000
47103.260 4.200 999.000
47104.010 3.920 999.000
47104.940 3.930 999.000
47105.870 3.930 999.000
47106.290 4.200 999.000
47106.300 4.190 999.000
47107.080 3.940 999.000
47107.980 3.920 999.000
47109.010 3.950 999.000
47109.850 3.960 999.000
47110.120 4.250 999.000
47110.130 4.250 999.000
47110.140 4.260 999.000
47112.790 4.000 999.000
47113.070 4.000 999.000
47113.790 4.000 999.000
47114.100 4.010 999.000
47114.870 4.010 999.000
47115.830 4.020 999.000
47117.180 4.320 999.000
47117.190 4.320 999.000
47117.210 4.340 999.000
47117.930 4.050 999.000
47118.770 4.040 999.000
47119.890 4.050 999.000
47120.970 4.070 999.000
47121.270 4.340 999.000
47121.280 4.330 999.000
47121.960 4.080 999.000
47122.790 4.080 999.000
47122.970 4.090 999.000
47123.250 4.380 999.000
47123.260 4.380 999.000
47123.820 4.100 999.000
47124.020 4.110 999.000
47124.860 4.110 999.000
47125.950 4.140 999.000
47126.940 4.130 999.000
47128.840 4.140 999.000
47129.000 4.150 999.000
47130.240 4.440 999.000
47130.260 4.460 999.000
47130.870 4.160 999.000
47131.980 4.180 999.000
47132.920 4.180 999.000
47134.930 4.210 999.000
47135.190 4.500 999.000
47135.200 4.500 999.000
47135.890 4.230 999.000
47137.960 4.240 999.000
47140.840 4.270 999.000
47140.860 4.280 999.000
47141.890 4.280 999.000
47142.310 4.570 999.000
47142.320 4.600 999.000
47142.850 4.290 999.000
47143.860 4.300 999.000
47143.980 4.310 999.000
47144.780 4.310 999.000
47145.160 4.630 999.000
47145.180 4.630 999.000
47145.190 4.640 999.000
47146.830 4.330 999.000
47147.130 4.620 999.000
47147.150 4.620 999.000
47147.790 4.330 999.000
47148.860 4.350 999.000
47151.150 4.680 999.000
47151.160 4.680 999.000
47151.170 4.690 999.000
47151.840 4.380 999.000
47151.940 4.390 999.000
47152.930 4.400 999.000
47154.010 4.410 999.000
47154.940 4.420 999.000
47155.820 4.440 999.000
47156.830 4.440 999.000
47157.810 4.450 999.000
47158.140 4.750 999.000
47158.150 4.790 999.000
47158.160 4.790 999.000
47158.840 4.460 999.000
47159.880 4.470 999.000
47162.080 4.490 999.000
47162.870 4.500 999.000
47163.900 4.510 999.000
47164.890 4.540 999.000
47165.900 4.540 999.000
47166.100 4.870 999.000
47166.110 4.850 999.000
47166.120 4.840 999.000
47166.940 4.560 999.000
47167.870 4.560 999.000
47168.990 4.570 999.000
47169.810 4.580 999.000
47170.790 4.580 999.000
47171.110 4.860 999.000
47171.120 4.880 999.000
47171.130 4.900 999.000
47171.900 4.590 999.000
47172.880 4.620 999.000
47173.900 4.630 999.000
47174.900 4.650 999.000
47175.800 4.650 999.000
47176.820 4.670 999.000
47177.880 4.670 999.000
47178.100 4.960 999.000
47178.110 5.010 999.000
47178.120 5.010 999.000
47180.090 5.020 999.000
47180.100 5.030 999.000
47180.110 5.020 999.000
47181.070 5.100 999.000
47181.950 4.730 999.000
47182.960 4.730 999.000
47184.970 4.760 999.000
47185.960 4.770 999.000
47186.820 4.780 999.000
47187.090 5.110 999.000
47187.100 5.130 999.000
47187.810 4.800 999.000
47188.810 4.810 999.000
47189.110 5.110 999.000
47189.120 5.140 999.000
47189.140 5.130 999.000
47190.790 4.830 999.000
47191.870 4.840 999.000
47192.830 4.850 999.000
47193.790 4.870 999.000
47194.120 5.190 999.000
47194.130 5.200 999.000
47194.800 4.880 999.000
47195.130 5.200 999.000
47195.140 5.200 999.000
47195.150 5.210 999.000
47195.790 4.900 999.000
47197.940 4.930 999.000
47198.090 5.210 999.000
47198.100 5.230 999.000
47200.950 4.960 999.000
47201.940 4.960 999.000
47202.940 4.980 999.000
47203.870 4.990 999.000
47204.910 5.030 999.000
47205.080 5.350 999.000
47205.090 5.350 999.000
47208.900 5.040 999.000
47211.110 5.400 999.000
47211.110 5.420 999.000
47211.120 5.430 999.000
47211.770 5.090 999.000
47212.770 5.100 999.000
47213.770 5.110 999.000
47214.800 5.130 999.000
47216.810 5.150 999.000
47218.060 5.490 999.000
47218.070 5.480 999.000
47218.820 5.180 999.000
47218.840 5.180 999.000
47219.040 5.490 999.000
47219.820 5.180 999.000
47221.030 5.530 999.000
47221.040 5.520 999.000
47221.050 5.520 999.000
47222.810 5.240 999.000
47223.810 5.250 999.000
47227.060 5.620 999.000
47227.070 5.610 999.000
47229.770 5.330 999.000
47231.030 5.650 999.000
47231.040 5.650 999.000
47231.050 5.660 999.000
47232.790 5.360 999.000
47234.780 5.380 999.000
47235.750 5.390 999.000
47236.020 5.730 999.000
47236.030 5.740 999.000
47236.040 5.750 999.000
47236.750 5.410 999.000
47238.750 5.430 999.000
47239.750 5.440 999.000
47240.050 5.820 999.000
47240.060 5.810 999.000
47240.070 5.820 999.000
47240.750 5.460 999.000
47241.750 5.470 999.000
47242.750 5.480 999.000
47243.100 5.840 999.000
47243.110 5.850 999.000
47243.750 5.500 999.000
47245.040 5.860 999.000
47245.040 5.870 999.000
47245.050 5.860 999.000
47245.750 5.530 999.000
47246.740 5.540 999.000
47247.740 5.560 999.000
47249.000 5.930 999.000
47249.010 5.910 999.000
47249.020 5.930 999.000
47249.740 5.580 999.000
47250.740 5.580 999.000
47251.010 5.960 999.000
47251.020 5.950 999.000
47251.040 5.950 999.000
47251.740 5.600 999.000
47252.740 5.620 999.000
47258.040 6.060 999.000
47258.060 6.040 999.000
47258.760 5.690 999.000
47259.730 5.700 999.000
47260.860 5.720 999.000
47261.730 5.720 999.000
47262.730 5.740 999.000
47263.730 5.760 999.000
47264.760 5.780 999.000
47265.000 6.140 999.000
47265.010 6.150 999.000
47265.780 5.780 999.000
47266.730 5.800 999.000
47267.730 5.810 999.000
47268.020 6.180 999.000
47269.730 5.850 999.000
47271.030 6.220 999.000
47271.050 6.240 999.000
47273.730 5.890 999.000
47274.730 5.910 999.000
47276.000 6.290 999.000
47276.010 6.280 999.000
47276.020 6.280 999.000
47277.740 5.950 999.000
47278.830 5.950 999.000
47279.870 5.980 999.000
47280.740 6.000 999.000
47281.730 6.000 999.000
47282.730 6.020 999.000
47283.730 6.040 999.000
47285.720 6.050 999.000
47286.010 6.430 999.000
47286.030 6.440 999.000
47286.710 6.080 999.000
47287.710 6.080 999.000
47288.710 6.110 999.000
47289.000 6.470 999.000
47289.010 6.480 999.000
47289.020 6.470 999.000
47289.710 6.120 999.000
47290.720 6.130 999.000
47291.730 6.170 999.000
47296.720 6.220 999.000
47297.720 6.230 999.000
47298.740 6.240 999.000
47304.000 6.710 999.000
47304.980 6.710 999.000
47304.990 6.710 999.000
47310.760 6.410 999.000
47316.760 6.500 999.000
47321.170 6.560 999.000
47322.170 6.580 999.000
47322.700 6.580 999.000
47326.010 7.030 999.000
47326.030 7.030 999.000
47327.720 6.660 999.000
47328.720 6.670 999.000
47329.720 6.690 999.000
47330.720 6.710 999.000
47333.740 6.740 999.000
47334.170 6.800 999.000
47336.170 6.780 999.000
47337.140 6.820 999.000
47343.160 6.910 999.000
47353.160 7.020 999.000
47354.150 7.100 999.000
47355.160 7.110 999.000
47356.130 7.120 999.000
47357.160 7.130 999.000
47359.130 7.170 999.000
47362.150 7.220 999.000
47364.130 7.250 999.000
47365.130 7.270 999.000
47366.130 7.290 999.000
47367.130 7.310 999.000
47368.120 7.330 999.000
47369.140 7.360 999.000
47370.140 7.400 999.000
47372.130 7.390 999.000
47373.150 7.410 999.000
47374.150 7.450 999.000
47376.120 7.470 999.000
47377.130 7.500 999.000
47378.140 7.530 999.000
47379.120 7.530 999.000
47380.130 7.550 999.000
47382.140 7.590 999.000
47383.130 7.610 999.000
47384.130 7.630 999.000
47385.140 7.660 999.000
47386.130 7.680 999.000
47388.120 7.720 999.000
47389.150 7.740 999.000
47390.140 7.760 999.000
47393.130 7.830 999.000
47394.140 7.840 999.000
47399.090 7.960 999.000
47408.050 8.130 999.000
47408.140 8.130 999.000
47409.100 8.160 999.000
47410.080 8.180 999.000
47411.110 8.210 999.000
47412.020 8.230 999.000
47415.990 8.300 999.000
47417.020 8.320 999.000
47421.990 8.450 999.000
47425.000 8.520 999.000
47426.040 8.550 999.000
47427.080 8.570 999.000
47428.110 8.590 999.000
47429.030 8.600 999.000
47431.060 8.640 999.000
47435.040 8.750 999.000
47436.010 8.770 999.000
47437.030 8.800 999.000
47437.950 8.830 999.000
47439.060 8.840 999.000
47444.030 8.960 999.000
47447.910 9.050 999.000
47451.980 9.100 999.000
47453.080 9.140 999.000
47454.960 9.200 999.000
47457.960 9.250 999.000
47459.910 9.270 999.000
47461.020 9.300 999.000
47461.930 9.300 999.000
47463.900 9.340 999.000
47465.920 9.390 999.000
47529.500 10.500 999.000
47572.500 11.150 999.000
47599.500 11.590 999.000
47639.500 12.070 999.000
47642.500 12.090 999.000
47654.500 12.270 999.000
47668.500 12.520 999.000
47694.500 12.880 999.000
47789.500 13.840 999.000
47810.500 14.170 999.000
47840.500 14.380 999.000
47851.500 14.450 999.000
47872.500 14.520 999.000
47889.500 14.610 999.000
47895.500 14.770 999.000
47936.500 14.940 999.000
47996.500 15.230 999.000
47997.500 15.220 999.000
48012.500 15.300 999.000
48017.500 15.340 999.000
48044.500 15.520 999.000
48070.500 15.670 999.000
48075.500 15.610 999.000
48103.500 15.710 999.000
48114.500 15.710 999.000
48144.500 15.830 999.000
48184.500 15.880 999.000
48190.500 15.870 999.000
48218.500 15.940 999.000
48231.500 16.120 999.000
48251.500 16.100 999.000
48265.500 16.090 999.000
48269.500 16.120 999.000
48272.500 16.030 999.000
48318.500 16.340 999.000
48336.500 16.310 999.000
48396.500 16.370 999.000
