46849.440 6.360 999.000
46849.620 6.110 999.000
46850.450 4.810 999.000
46850.800 4.630 999.000
46850.820 4.620 999.000
46851.110 4.630 999.000
46851.220 4.570 999.000
46851.220 4.630 999.000
46851.870 4.520 999.000
46851.900 4.520 999.000
46852.040 4.490 999.000
46852.170 4.500 999.000
46852.180 4.520 999.000
46852.240 4.520 999.000
46852.780 4.490 999.000
46852.800 4.440 999.000
46852.860 4.450 999.000
46852.940 4.450 999.000
46853.000 4.430 999.000
46853.060 4.450 999.000
46853.080 4.460 999.000
46853.090 4.470 999.000
46853.930 4.430 999.000
46854.000 4.420 999.000
46854.060 4.480 999.000
46854.130 4.490 999.000
46854.200 4.430 999.000
46854.860 4.450 999.000
46855.030 4.460 999.000
46855.070 4.450 999.000
46855.140 4.500 999.000
46855.200 4.470 999.000
46855.200 4.500 999.000
46855.850 4.470 999.000
46856.020 4.500 999.000
46856.080 4.450 999.000
46856.100 4.450 999.000
46856.140 4.520 999.000
46856.190 4.520 999.000
46857.100 4.420 999.000
46857.120 4.510 999.000
46857.790 4.440 999.000
46857.800 4.440 999.000
46858.000 4.420 999.000
46858.120 4.470 999.000
46858.940 4.410 999.000
46859.000 4.390 999.000
46859.100 4.420 999.000
46859.480 4.360 999.000
46859.640 4.390 999.000
46859.770 4.400 999.000
46859.900 4.380 999.000
46860.000 4.360 999.000
46860.100 4.380 999.000
46860.760 4.360 999.000
46861.100 4.350 999.000
46861.770 4.320 999.000
46862.100 4.330 999.000
46862.900 4.300 999.000
46863.100 4.280 999.000
46863.100 4.300 999.000
46863.750 4.280 999.000
46864.100 4.280 999.000
46864.750 4.270 999.000
46865.000 4.250 999.000
46865.100 4.260 999.000
46865.750 4.250 999.000
46866.100 4.230 999.000
46866.750 4.230 999.000
46866.910 4.230 999.000
46867.750 4.220 999.000
46868.100 4.180 999.000
46869.100 4.200 999.000
46870.100 4.180 999.000
46870.100 4.190 999.000
46870.770 4.180 999.000
46871.750 4.160 999.000
46872.750 4.130 999.000
46873.100 4.120 999.000
46873.100 4.130 999.000
46873.750 4.100 999.000
46873.880 4.110 999.000
46874.100 4.100 999.000
46874.100 4.120 999.000
46874.750 4.090 999.000
46875.100 4.080 999.000
46875.100 4.090 999.000
46875.750 4.070 999.000
46876.100 4.070 999.000
46876.100 4.080 999.000
46876.740 4.060 999.000
46877.750 4.040 999.000
46878.760 4.010 999.000
46879.750 3.990 999.000
46880.750 3.970 999.000
46881.740 3.940 999.000
46883.810 3.880 999.000
46884.750 3.860 999.000
46885.830 3.820 999.000
46885.840 3.810 999.000
46886.750 3.790 999.000
46887.740 3.760 999.000
46889.810 3.710 999.000
46890.890 3.660 999.000
46891.750 3.630 999.000
46892.840 3.590 999.000
46893.750 3.580 999.000
46894.750 3.540 999.000
46896.750 3.490 999.000
46897.750 3.470 999.000
46898.740 3.430 999.000
46900.740 3.340 999.000
46900.740 3.343 999.000
46901.400 3.240 999.000
46901.730 3.330 999.000
46901.730 3.335 999.000
46902.740 3.320 999.000
46902.740 3.324 999.000
46903.440 3.190 999.000
46903.840 3.280 999.000
46903.840 3.285 999.000
46904.000 3.300 999.000
46905.460 3.150 999.000
46905.790 3.250 999.000
46905.790 3.252 999.000
46906.460 3.150 999.000
46906.740 3.229 999.000
46906.740 3.230 999.000
46908.730 3.178 999.000
46908.730 3.180 999.000
46909.730 3.158 999.000
46909.730 3.160 999.000
46910.470 3.120 999.000
46910.740 3.140 999.000
46910.740 3.140 999.000
46911.730 3.129 999.000
46911.730 3.130 999.000
46913.730 3.110 999.000
46913.730 3.110 999.000
46915.740 3.030 999.000
46915.740 3.030 999.000
46916.720 3.040 999.000
46916.720 3.040 999.000
46917.730 3.040 999.000
46917.730 3.040 999.000
46918.720 3.030 999.000
46918.720 3.030 999.000
46922.720 3.000 999.000
46922.730 2.998 999.000
46923.750 2.960 999.000
46923.750 2.960 999.000
46924.760 2.950 999.000
46924.760 2.950 999.000
46929.790 2.960 999.000
46929.800 2.960 999.000
46931.720 2.960 999.000
46931.720 2.963 999.000
46933.710 2.960 999.000
46933.710 2.965 999.000
46934.720 2.960 999.000
46934.730 2.964 999.000
46935.710 2.970 999.000
46935.710 2.974 999.000
46940.710 2.980 999.000
46940.710 2.980 999.000
46941.720 2.962 999.000
46941.720 2.980 999.000
46942.700 3.020 999.000
46942.700 3.024 999.000
46946.710 3.110 999.000
46946.710 3.113 999.000
46948.710 3.146 999.000
46948.710 3.150 999.000
46951.690 3.268 999.000
46951.700 3.270 999.000
46953.690 3.340 999.000
46953.690 3.345 999.000
46954.700 3.397 999.000
46954.700 3.400 999.000
46958.700 3.590 999.000
46958.700 3.593 999.000
46960.700 3.747 999.000
46960.700 3.750 999.000
46961.690 3.777 999.000
46961.690 3.780 999.000
46964.710 3.969 999.000
46964.710 3.970 999.000
46965.170 4.008 999.000
46965.170 4.010 999.000
46965.700 4.040 999.000
46965.700 4.042 999.000
46966.170 4.047 999.000
46966.170 4.050 999.000
46966.700 4.080 999.000
46966.700 4.083 999.000
46967.170 4.108 999.000
46967.170 4.110 999.000
46967.690 4.137 999.000
46967.690 4.140 999.000
46970.180 4.210 999.000
46970.180 4.214 999.000
46971.710 4.260 999.000
46971.720 4.260 999.000
46975.180 4.310 999.000
46975.180 4.314 999.000
46977.700 4.350 999.000
46977.700 4.355 999.000
46979.710 4.360 999.000
46979.710 4.360 999.000
46980.180 4.386 999.000
46980.180 4.390 999.000
46980.700 4.396 999.000
46980.700 4.400 999.000
46981.180 4.398 999.000
46981.710 4.399 999.000
46981.710 4.400 999.000
46982.700 4.400 999.000
46982.700 4.403 999.000
46983.180 4.430 999.000
46983.180 4.430 999.000
46984.170 4.420 999.000
46985.180 4.440 999.000
46986.190 4.450 999.000
46989.160 4.470 999.000
46990.100 4.480 999.000
46991.180 4.510 999.000
46997.180 4.560 999.000
46998.170 4.580 999.000
46999.170 4.590 999.000
47000.160 4.600 999.000
47005.150 4.640 999.000
47006.140 4.660 999.000
47007.140 4.670 999.000
47009.140 4.700 999.000
47013.160 4.730 999.000
47014.170 4.730 999.000
47020.030 4.800 999.000
47021.070 4.800 999.000
47021.170 4.800 999.000
47022.050 4.820 999.000
47023.160 4.820 999.000
47025.070 4.840 999.000
47025.160 4.850 999.000
47027.160 4.860 999.000
47028.160 4.870 999.000
47031.120 4.900 999.000
47031.130 4.900 999.000
47033.110 4.920 999.000
47034.100 4.940 999.000
47037.380 5.030 999.000
47037.390 5.030 999.000
47037.400 5.020 999.000
47040.160 4.980 999.000
47041.040 4.990 999.000
47041.370 5.070 999.000
47041.370 5.080 999.000
47041.390 5.060 999.000
47042.990 5.000 999.000
47044.040 5.030 999.000
47044.130 5.100 999.000
47044.330 5.100 999.000
47044.340 5.100 999.000
47044.970 5.030 999.000
47046.000 5.040 999.000
47047.030 5.060 999.000
47047.330 5.130 999.000
47047.340 5.140 999.000
47047.350 5.130 999.000
47048.170 5.080 999.000
47049.050 5.070 999.000
47050.280 5.150 999.000
47050.280 5.160 999.000
47050.290 5.150 999.000
47052.110 5.100 999.000
47054.130 5.130 999.000
47054.270 5.190 999.000
47054.280 5.200 999.000
47054.290 5.210 999.000
47055.070 5.140 999.000
47056.120 5.160 999.000
47063.120 5.200 999.000
47064.290 5.300 999.000
47064.300 5.300 999.000
47064.310 5.290 999.000
47068.010 5.250 999.000
47069.990 5.290 999.000
47071.060 5.290 999.000
47072.120 5.300 999.000
47073.120 5.320 999.000
47074.020 5.320 999.000
47075.020 5.320 999.000
47077.020 5.350 999.000
47078.010 5.360 999.000
47080.080 5.380 999.000
47081.040 5.390 999.000
47082.120 5.400 999.000
47084.980 5.420 999.000
47086.020 5.430 999.000
47087.300 5.520 999.000
47087.310 5.520 999.000
47089.220 5.550 999.000
47089.230 5.550 999.000
47090.070 5.460 999.000
47095.250 5.590 999.000
47095.260 5.610 999.000
47095.870 5.520 999.000
47096.310 5.610 999.000
47096.330 5.610 999.000
47098.010 5.550 999.000
47098.870 5.550 999.000
47099.970 5.570 999.000
47100.980 5.570 999.000
47101.940 5.580 999.000
47102.940 5.590 999.000
47103.230 5.680 999.000
47103.250 5.680 999.000
47103.260 5.680 999.000
47104.010 5.600 999.000
47104.940 5.610 999.000
47105.870 5.620 999.000
47106.290 5.730 999.000
47106.300 5.710 999.000
47107.080 5.640 999.000
47107.980 5.610 999.000
47109.010 5.640 999.000
47109.850 5.660 999.000
47110.120 5.740 999.000
47110.130 5.740 999.000
47110.140 5.740 999.000
47112.790 5.690 999.000
47113.070 5.680 999.000
47113.790 5.690 999.000
47114.100 5.690 999.000
47114.870 5.710 999.000
47115.830 5.720 999.000
47117.180 5.830 999.000
47117.190 5.810 999.000
47117.210 5.820 999.000
47117.930 5.730 999.000
47118.770 5.730 999.000
47119.890 5.760 999.000
47120.970 5.760 999.000
47121.270 5.850 999.000
47121.280 5.850 999.000
47121.960 5.770 999.000
47122.790 5.790 999.000
47122.970 5.790 999.000
47123.250 5.870 999.000
47123.260 5.870 999.000
47123.820 5.790 999.000
47124.020 5.800 999.000
47124.860 5.800 999.000
47125.950 5.820 999.000
47126.940 5.820 999.000
47128.840 5.840 999.000
47129.000 5.840 999.000
47130.230 5.930 999.000
47130.240 5.940 999.000
47130.260 5.930 999.000
47130.870 5.860 999.000
47131.980 5.870 999.000
47132.920 5.880 999.000
47134.930 5.890 999.000
47135.190 5.980 999.000
47135.200 5.980 999.000
47135.890 5.910 999.000
47137.960 5.930 999.000
47140.840 5.950 999.000
47140.860 5.950 999.000
47141.890 5.970 999.000
47142.310 6.050 999.000
47142.320 6.060 999.000
47142.850 5.970 999.000
47143.860 5.980 999.000
47143.980 5.980 999.000
47144.780 5.990 999.000
47145.160 6.070 999.000
47145.180 6.080 999.000
47145.190 6.080 999.000
47146.830 6.000 999.000
47147.130 6.100 999.000
47147.150 6.100 999.000
47147.790 6.000 999.000
47148.860 6.030 999.000
47151.150 6.130 999.000
47151.160 6.140 999.000
47151.170 6.140 999.000
47151.840 6.060 999.000
47151.940 6.050 999.000
47152.930 6.060 999.000
47154.010 6.070 999.000
47154.940 6.090 999.000
47155.820 6.100 999.000
47156.830 6.110 999.000
47157.810 6.110 999.000
47158.140 6.190 999.000
47158.150 6.200 999.000
47158.160 6.200 999.000
47158.840 6.120 999.000
47159.880 6.130 999.000
47162.080 6.150 999.000
47162.870 6.160 999.000
47163.900 6.160 999.000
47164.890 6.180 999.000
47165.900 6.180 999.000
47166.100 6.290 999.000
47166.110 6.260 999.000
47166.120 6.270 999.000
47166.940 6.200 999.000
47167.870 6.200 999.000
47168.990 6.210 999.000
47169.810 6.230 999.000
47170.790 6.230 999.000
47171.110 6.310 999.000
47171.120 6.320 999.000
47171.130 6.320 999.000
47171.900 6.240 999.000
47172.880 6.260 999.000
47173.900 6.270 999.000
47174.900 6.280 999.000
47175.800 6.280 999.000
47176.820 6.290 999.000
47177.880 6.300 999.000
47178.100 6.370 999.000
47178.110 6.370 999.000
47178.120 6.390 999.000
47180.090 6.390 999.000
47180.100 6.410 999.000
47180.110 6.400 999.000
47181.070 6.450 999.000
47181.950 6.340 999.000
47182.960 6.350 999.000
47184.970 6.370 999.000
47185.960 6.380 999.000
47186.820 6.380 999.000
47187.090 6.460 999.000
47187.100 6.470 999.000
47187.810 6.400 999.000
47188.810 6.410 999.000
47189.110 6.490 999.000
47189.120 6.490 999.000
47189.140 6.490 999.000
47190.790 6.420 999.000
47191.870 6.440 999.000
47192.830 6.440 999.000
47193.790 6.450 999.000
47194.120 6.520 999.000
47194.130 6.530 999.000
47194.800 6.460 999.000
47195.130 6.540 999.000
47195.140 6.540 999.000
47195.150 6.540 999.000
47195.790 6.470 999.000
47197.940 6.490 999.000
47198.090 6.570 999.000
47198.100 6.570 999.000
47200.950 6.520 999.000
47201.940 6.530 999.000
47202.940 6.530 999.000
47203.870 6.550 999.000
47204.910 6.580 999.000
47205.080 6.630 999.000
47205.090 6.630 999.000
47208.900 6.590 999.000
47211.110 6.690 999.000
47211.110 6.700 999.000
47211.120 6.710 999.000
47211.770 6.620 999.000
47212.770 6.620 999.000
47213.770 6.640 999.000
47214.800 6.660 999.000
47216.810 6.670 999.000
47218.060 6.740 999.000
47218.070 6.750 999.000
47218.820 6.680 999.000
47218.840 6.690 999.000
47219.040 6.750 999.000
47219.820 6.710 999.000
47221.030 6.790 999.000
47221.040 6.780 999.000
47221.050 6.780 999.000
47222.810 6.730 999.000
47223.810 6.740 999.000
47227.060 6.850 999.000
47227.070 6.840 999.000
47229.770 6.830 999.000
47231.030 6.880 999.000
47231.040 6.880 999.000
47231.050 6.880 999.000
47232.790 6.830 999.000
47234.780 6.850 999.000
47235.750 6.860 999.000
47236.020 6.940 999.000
47236.030 6.930 999.000
47236.040 6.940 999.000
47236.750 6.870 999.000
47238.750 6.890 999.000
47239.750 6.910 999.000
47240.050 6.990 999.000
47240.060 6.980 999.000
47240.070 6.980 999.000
47240.750 6.910 999.000
47241.750 6.920 999.000
47242.750 6.930 999.000
47243.100 7.000 999.000
47243.110 7.000 999.000
47243.750 6.940 999.000
47245.040 7.020 999.000
47245.050 7.010 999.000
47245.750 6.960 999.000
47246.740 6.970 999.000
47247.740 6.980 999.000
47249.000 7.050 999.000
47249.010 7.050 999.000
47249.020 7.060 999.000
47249.740 7.000 999.000
47250.740 7.010 999.000
47251.010 7.080 999.000
47251.020 7.080 999.000
47251.040 7.070 999.000
47251.740 7.020 999.000
47252.740 7.030 999.000
47258.040 7.160 999.000
47258.060 7.140 999.000
47258.760 7.080 999.000
47259.730 7.100 999.000
47260.860 7.110 999.000
47261.730 7.120 999.000
47262.730 7.140 999.000
47263.730 7.140 999.000
47264.760 7.150 999.000
47265.000 7.220 999.000
47265.010 7.220 999.000
47265.780 7.160 999.000
47266.730 7.180 999.000
47267.730 7.190 999.000
47268.010 7.250 999.000
47268.020 7.250 999.000
47269.730 7.210 999.000
47271.030 7.280 999.000
47271.050 7.290 999.000
47273.730 7.250 999.000
47274.730 7.260 999.000
47276.000 7.320 999.000
47276.010 7.330 999.000
47276.020 7.330 999.000
47277.740 7.290 999.000
47278.830 7.310 999.000
47279.870 7.310 999.000
47280.740 7.320 999.000
47281.730 7.340 999.000
47282.730 7.340 999.000
47283.730 7.350 999.000
47285.720 7.380 999.000
47286.010 7.430 999.000
47286.030 7.450 999.000
47286.710 7.390 999.000
47287.710 7.390 999.000
47288.710 7.410 999.000
47289.000 7.470 999.000
47289.010 7.480 999.000
47289.020 7.470 999.000
47289.710 7.420 999.000
47290.720 7.430 999.000
47291.730 7.450 999.000
47296.720 7.490 999.000
47297.720 7.520 999.000
47298.740 7.520 999.000
47304.000 7.640 999.000
47304.980 7.650 999.000
47304.990 7.640 999.000
47310.760 7.680 999.000
47316.760 7.740 999.000
47321.170 7.800 999.000
47322.170 7.810 999.000
47322.700 7.800 999.000
47326.010 7.890 999.000
47326.030 7.900 999.000
47327.720 7.870 999.000
47328.720 7.870 999.000
47329.720 7.880 999.000
47330.720 7.900 999.000
47333.740 7.940 999.000
47334.170 7.980 999.000
47336.170 7.960 999.000
47337.140 7.970 999.000
47343.160 8.060 999.000
47353.160 8.150 999.000
47354.150 8.210 999.000
47355.160 8.220 999.000
47356.130 8.230 999.000
47357.160 8.250 999.000
47359.130 8.280 999.000
47362.150 8.320 999.000
47364.130 8.340 999.000
47365.130 8.360 999.000
47366.130 8.380 999.000
47367.130 8.390 999.000
47368.120 8.410 999.000
47369.140 8.420 999.000
47370.140 8.450 999.000
47372.130 8.460 999.000
47373.150 8.480 999.000
47374.150 8.500 999.000
47376.120 8.540 999.000
47377.130 8.560 999.000
47378.140 8.570 999.000
47379.120 8.580 999.000
47380.130 8.600 999.000
47382.140 8.640 999.000
47383.130 8.650 999.000
47384.130 8.670 999.000
47385.140 8.680 999.000
47386.130 8.700 999.000
47388.120 8.740 999.000
47389.150 8.750 999.000
47390.140 8.770 999.000
47393.130 8.820 999.000
47394.140 8.850 999.000
47399.090 8.940 999.000
47408.050 9.100 999.000
47408.140 9.100 999.000
47409.100 9.120 999.000
47410.080 9.150 999.000
47411.110 9.170 999.000
47412.020 9.190 999.000
47415.990 9.270 999.000
47417.020 9.300 999.000
47421.990 9.390 999.000
47425.000 9.450 999.000
47426.040 9.470 999.000
47427.080 9.480 999.000
47428.110 9.510 999.000
47429.030 9.520 999.000
47431.060 9.570 999.000
47435.040 9.670 999.000
47436.010 9.690 999.000
47437.030 9.710 999.000
47437.950 9.720 999.000
47439.060 9.740 999.000
47444.030 9.850 999.000
47447.910 9.940 999.000
47451.980 10.000 999.000
47453.080 10.030 999.000
47454.960 10.080 999.000
47457.960 10.130 999.000
47459.910 10.160 999.000
47461.020 10.180 999.000
47461.930 10.210 999.000
47463.900 10.250 999.000
47465.920 10.270 999.000
47529.500 11.480 999.000
47572.500 12.210 999.000
47599.500 12.640 999.000
47639.500 13.100 999.000
47642.500 13.130 999.000
47654.500 13.320 999.000
47668.500 13.500 999.000
47694.500 13.800 999.000
47789.500 14.720 999.000
47810.500 15.010 999.000
47818.500 15.070 999.000
47840.500 15.160 999.000
47851.500 15.270 999.000
47872.500 15.400 999.000
47889.500 15.460 999.000
47895.500 15.610 999.000
47936.500 15.730 999.000
47960.500 15.880 999.000
47973.500 16.010 999.000
47996.500 16.060 999.000
47997.500 16.070 999.000
48012.500 16.120 999.000
48017.500 16.150 999.000
48044.500 16.330 999.000
48070.500 16.430 999.000
48075.500 16.380 999.000
48103.500 16.480 999.000
48114.500 16.520 999.000
48144.500 16.630 999.000
48184.500 16.670 999.000
48190.500 16.640 999.000
48218.500 16.730 999.000
48231.500 16.930 999.000
48265.500 16.910 999.000
48269.500 16.890 999.000
48272.500 16.890 999.000
48318.500 17.140 999.000
48336.500 17.070 999.000
48396.500 17.210 999.000
48443.500 17.340 999.000
