46850.450 4.890 999.000
46850.800 4.740 999.000
46850.820 4.740 999.000
46851.110 4.680 999.000
46851.220 4.590 999.000
46851.220 4.840 999.000
46851.870 4.750 999.000
46851.900 4.750 999.000
46852.040 4.650 999.000
46852.170 4.710 999.000
46852.180 4.720 999.000
46852.240 4.800 999.000
46852.780 4.840 999.000
46852.800 4.800 999.000
46852.860 4.810 999.000
46852.940 4.850 999.000
46853.000 4.830 999.000
46853.060 4.830 999.000
46853.080 4.830 999.000
46853.090 4.850 999.000
46853.930 4.950 999.000
46854.000 4.960 999.000
46854.060 4.950 999.000
46854.130 4.960 999.000
46854.200 4.960 999.000
46854.860 5.100 999.000
46855.030 5.110 999.000
46855.070 5.090 999.000
46855.140 5.180 999.000
46855.200 5.150 999.000
46855.200 5.180 999.000
46855.850 5.240 999.000
46856.020 5.260 999.000
46856.080 5.250 999.000
46856.100 5.260 999.000
46856.140 5.300 999.000
46856.190 5.320 999.000
46857.100 5.360 999.000
46857.120 5.400 999.000
46857.790 5.410 999.000
46857.800 5.410 999.000
46858.000 5.430 999.000
46858.120 5.460 999.000
46858.940 5.480 999.000
46859.000 5.490 999.000
46859.100 5.500 999.000
46859.480 5.510 999.000
46859.640 5.520 999.000
46859.770 5.550 999.000
46859.900 5.540 999.000
46860.000 5.540 999.000
46860.100 5.550 999.000
46860.760 5.570 999.000
46861.100 5.580 999.000
46861.770 5.600 999.000
46862.100 5.640 999.000
46862.900 5.620 999.000
46863.100 5.640 999.000
46863.100 5.650 999.000
46863.750 5.650 999.000
46864.100 5.660 999.000
46864.750 5.660 999.000
46865.000 5.700 999.000
46865.100 5.680 999.000
46865.750 5.670 999.000
46866.100 5.690 999.000
46866.750 5.690 999.000
46866.910 5.690 999.000
46867.750 5.680 999.000
46868.100 5.670 999.000
46869.100 5.720 999.000
46870.100 5.690 999.000
46870.100 5.710 999.000
46870.770 5.690 999.000
46871.750 5.680 999.000
46872.750 5.670 999.000
46873.100 5.660 999.000
46873.100 5.680 999.000
46873.750 5.660 999.000
46873.880 5.670 999.000
46874.100 5.650 999.000
46874.100 5.700 999.000
46874.750 5.650 999.000
46875.100 5.640 999.000
46875.100 5.690 999.000
46875.750 5.650 999.000
46876.100 5.610 999.000
46876.100 5.680 999.000
46876.740 5.640 999.000
46877.750 5.610 999.000
46878.760 5.590 999.000
46879.750 5.580 999.000
46880.750 5.560 999.000
46881.740 5.540 999.000
46883.810 5.480 999.000
46884.750 5.460 999.000
46885.830 5.450 999.000
46885.840 5.450 999.000
46886.750 5.400 999.000
46887.740 5.390 999.000
46889.810 5.320 999.000
46890.890 5.250 999.000
46891.750 5.250 999.000
46892.840 5.220 999.000
46893.750 5.210 999.000
46894.750 5.190 999.000
46896.750 5.130 999.000
46897.750 5.090 999.000
46898.740 5.070 999.000
46901.400 4.930 999.000
46902.740 4.950 999.000
46902.740 4.952 999.000
46903.440 4.860 999.000
46903.840 4.910 999.000
46903.840 4.911 999.000
46904.000 4.950 999.000
46905.460 4.770 999.000
46905.790 4.860 999.000
46905.790 4.860 999.000
46906.460 4.790 999.000
46906.740 4.850 999.000
46906.740 4.850 999.000
46908.730 4.790 999.000
46908.730 4.793 999.000
46909.730 4.770 999.000
46909.730 4.771 999.000
46910.470 4.720 999.000
46910.740 4.746 999.000
46910.740 4.750 999.000
46911.730 4.749 999.000
46911.730 4.750 999.000
46913.730 4.710 999.000
46913.730 4.710 999.000
46915.740 4.600 999.000
46915.740 4.600 999.000
46916.720 4.630 999.000
46916.720 4.630 999.000
46917.730 4.650 999.000
46917.730 4.650 999.000
46918.720 4.620 999.000
46918.720 4.620 999.000
46922.720 4.570 999.000
46922.730 4.572 999.000
46923.750 4.530 999.000
46923.750 4.530 999.000
46924.760 4.530 999.000
46924.760 4.530 999.000
46929.790 4.530 999.000
46929.800 4.530 999.000
46931.720 4.530 999.000
46931.720 4.533 999.000
46933.710 4.547 999.000
46933.710 4.550 999.000
46934.720 4.540 999.000
46934.730 4.538 999.000
46935.710 4.540 999.000
46935.710 4.544 999.000
46940.710 4.540 999.000
46940.710 4.542 999.000
46941.720 4.552 999.000
46941.720 4.570 999.000
46942.700 4.610 999.000
46942.700 4.611 999.000
46946.710 4.700 999.000
46946.710 4.704 999.000
46948.710 4.779 999.000
46948.710 4.780 999.000
46951.690 4.910 999.000
46951.700 4.910 999.000
46953.690 5.007 999.000
46953.690 5.010 999.000
46954.700 5.070 999.000
46954.700 5.074 999.000
46958.700 5.279 999.000
46958.700 5.280 999.000
46960.700 5.427 999.000
46960.700 5.430 999.000
46961.690 5.487 999.000
46961.690 5.490 999.000
46964.710 5.666 999.000
46964.710 5.670 999.000
46965.170 5.707 999.000
46965.170 5.710 999.000
46965.700 5.730 999.000
46965.700 5.731 999.000
46966.170 5.756 999.000
46966.170 5.760 999.000
46966.700 5.789 999.000
46966.700 5.790 999.000
46967.170 5.799 999.000
46967.170 5.800 999.000
46967.690 5.830 999.000
46967.690 5.833 999.000
46970.180 5.910 999.000
46970.180 5.914 999.000
46971.710 5.940 999.000
46971.720 5.940 999.000
46975.180 6.000 999.000
46975.180 6.005 999.000
46977.700 6.049 999.000
46977.700 6.050 999.000
46979.710 6.066 999.000
46979.710 6.070 999.000
46980.180 6.079 999.000
46980.180 6.080 999.000
46980.700 6.078 999.000
46980.700 6.080 999.000
46981.180 6.075 999.000
46981.710 6.088 999.000
46981.710 6.090 999.000
46982.700 6.090 999.000
46982.700 6.093 999.000
46983.180 6.096 999.000
46983.180 6.100 999.000
46984.170 6.110 999.000
46985.180 6.110 999.000
46986.190 6.120 999.000
46989.160 6.140 999.000
46990.100 6.150 999.000
46991.180 6.170 999.000
46997.180 6.220 999.000
46998.170 6.230 999.000
46999.170 6.240 999.000
47000.160 6.250 999.000
47005.150 6.280 999.000
47006.140 6.300 999.000
47007.140 6.300 999.000
47009.140 6.330 999.000
47013.160 6.350 999.000
47014.170 6.350 999.000
47020.030 6.400 999.000
47021.070 6.400 999.000
47021.170 6.400 999.000
47022.050 6.410 999.000
47023.160 6.420 999.000
47025.070 6.420 999.000
47025.160 6.440 999.000
47027.160 6.460 999.000
47028.160 6.460 999.000
47031.120 6.480 999.000
47031.130 6.480 999.000
47033.110 6.500 999.000
47034.100 6.500 999.000
47037.380 6.570 999.000
47037.390 6.560 999.000
47037.400 6.550 999.000
47040.160 6.530 999.000
47041.040 6.530 999.000
47041.370 6.600 999.000
47041.390 6.590 999.000
47042.990 6.550 999.000
47044.040 6.570 999.000
47044.130 6.610 999.000
47044.330 6.610 999.000
47044.340 6.600 999.000
47044.970 6.580 999.000
47046.000 6.590 999.000
47047.030 6.590 999.000
47047.330 6.630 999.000
47047.340 6.630 999.000
47047.350 6.630 999.000
47048.170 6.620 999.000
47049.050 6.610 999.000
47050.280 6.640 999.000
47050.280 6.660 999.000
47050.290 6.640 999.000
47052.110 6.630 999.000
47054.130 6.650 999.000
47054.270 6.660 999.000
47054.280 6.680 999.000
47054.290 6.720 999.000
47055.070 6.650 999.000
47056.120 6.660 999.000
47063.120 6.700 999.000
47064.290 6.750 999.000
47064.300 6.730 999.000
47064.310 6.750 999.000
47068.010 6.730 999.000
47069.990 6.750 999.000
47071.060 6.760 999.000
47072.120 6.770 999.000
47073.120 6.780 999.000
47074.020 6.770 999.000
47075.020 6.780 999.000
47077.020 6.800 999.000
47078.010 6.820 999.000
47080.080 6.830 999.000
47081.040 6.830 999.000
47082.120 6.840 999.000
47084.980 6.870 999.000
47086.020 6.860 999.000
47087.300 6.880 999.000
47087.300 6.890 999.000
47087.310 6.890 999.000
47089.220 6.910 999.000
47089.230 6.910 999.000
47090.070 6.880 999.000
47095.250 6.930 999.000
47095.260 6.940 999.000
47095.870 6.940 999.000
47096.310 6.950 999.000
47096.330 6.950 999.000
47098.010 6.940 999.000
47098.870 6.950 999.000
47099.970 6.960 999.000
47100.980 6.960 999.000
47101.940 6.970 999.000
47102.940 6.980 999.000
47103.230 6.990 999.000
47103.250 6.990 999.000
47103.260 6.990 999.000
47104.010 6.990 999.000
47104.940 6.990 999.000
47105.870 7.000 999.000
47106.290 7.030 999.000
47106.300 7.010 999.000
47107.080 7.010 999.000
47107.980 6.980 999.000
47109.010 7.010 999.000
47109.850 7.020 999.000
47110.120 7.030 999.000
47110.130 7.040 999.000
47110.140 7.040 999.000
47112.790 7.050 999.000
47113.070 7.040 999.000
47113.790 7.060 999.000
47114.100 7.060 999.000
47114.870 7.060 999.000
47115.830 7.070 999.000
47117.180 7.100 999.000
47117.190 7.080 999.000
47117.210 7.080 999.000
47117.930 7.070 999.000
47118.770 7.080 999.000
47119.890 7.100 999.000
47120.970 7.100 999.000
47121.270 7.110 999.000
47121.280 7.110 999.000
47121.960 7.120 999.000
47122.790 7.120 999.000
47122.970 7.110 999.000
47123.250 7.120 999.000
47123.260 7.110 999.000
47123.820 7.120 999.000
47124.020 7.120 999.000
47124.860 7.120 999.000
47125.950 7.140 999.000
47126.940 7.140 999.000
47128.840 7.150 999.000
47129.000 7.150 999.000
47130.230 7.160 999.000
47130.240 7.160 999.000
47130.260 7.160 999.000
47130.870 7.160 999.000
47131.980 7.170 999.000
47132.920 7.180 999.000
47134.930 7.190 999.000
47135.190 7.190 999.000
47135.200 7.190 999.000
47135.890 7.210 999.000
47137.960 7.210 999.000
47140.840 7.230 999.000
47140.860 7.220 999.000
47141.890 7.240 999.000
47142.310 7.230 999.000
47142.320 7.250 999.000
47142.850 7.240 999.000
47143.860 7.250 999.000
47143.980 7.250 999.000
47144.780 7.250 999.000
47145.160 7.260 999.000
47145.180 7.270 999.000
47145.190 7.270 999.000
47146.830 7.260 999.000
47147.130 7.270 999.000
47147.150 7.280 999.000
47147.790 7.270 999.000
47148.860 7.290 999.000
47151.150 7.300 999.000
47151.160 7.300 999.000
47151.170 7.300 999.000
47151.840 7.300 999.000
47151.940 7.290 999.000
47152.930 7.310 999.000
47154.010 7.320 999.000
47154.940 7.330 999.000
47155.820 7.340 999.000
47156.830 7.340 999.000
47157.810 7.340 999.000
47158.140 7.330 999.000
47158.150 7.340 999.000
47158.160 7.350 999.000
47158.840 7.350 999.000
47159.880 7.360 999.000
47162.080 7.360 999.000
47162.870 7.380 999.000
47163.900 7.380 999.000
47164.890 7.390 999.000
47165.900 7.390 999.000
47166.100 7.410 999.000
47166.110 7.380 999.000
47166.120 7.400 999.000
47166.940 7.400 999.000
47167.870 7.410 999.000
47168.990 7.410 999.000
47169.810 7.420 999.000
47170.790 7.420 999.000
47171.110 7.430 999.000
47171.120 7.430 999.000
47171.130 7.430 999.000
47171.900 7.430 999.000
47172.880 7.440 999.000
47173.900 7.450 999.000
47174.900 7.460 999.000
47175.800 7.470 999.000
47176.820 7.470 999.000
47177.880 7.480 999.000
47178.100 7.470 999.000
47178.110 7.460 999.000
47178.120 7.480 999.000
47180.090 7.480 999.000
47180.100 7.490 999.000
47180.110 7.480 999.000
47181.070 7.520 999.000
47181.950 7.510 999.000
47182.960 7.510 999.000
47184.970 7.530 999.000
47185.960 7.540 999.000
47186.820 7.540 999.000
47187.090 7.520 999.000
47187.100 7.540 999.000
47187.810 7.550 999.000
47188.810 7.550 999.000
47189.110 7.540 999.000
47189.120 7.540 999.000
47189.140 7.540 999.000
47190.790 7.560 999.000
47191.870 7.570 999.000
47192.830 7.580 999.000
47193.790 7.590 999.000
47194.120 7.580 999.000
47194.130 7.590 999.000
47194.800 7.590 999.000
47195.130 7.590 999.000
47195.140 7.590 999.000
47195.150 7.590 999.000
47195.790 7.600 999.000
47197.940 7.610 999.000
47198.090 7.610 999.000
47198.100 7.620 999.000
47200.950 7.630 999.000
47201.940 7.640 999.000
47202.940 7.640 999.000
47203.870 7.660 999.000
47204.910 7.680 999.000
47205.080 7.650 999.000
47205.090 7.660 999.000
47208.900 7.690 999.000
47211.110 7.690 999.000
47211.110 7.700 999.000
47211.120 7.710 999.000
47211.770 7.710 999.000
47212.770 7.730 999.000
47213.770 7.730 999.000
47214.800 7.730 999.000
47216.810 7.750 999.000
47218.060 7.740 999.000
47218.070 7.740 999.000
47218.820 7.750 999.000
47218.840 7.770 999.000
47219.040 7.750 999.000
47219.820 7.770 999.000
47221.030 7.760 999.000
47221.040 7.750 999.000
47221.050 7.770 999.000
47222.810 7.790 999.000
47223.810 7.800 999.000
47227.060 7.820 999.000
47227.070 7.810 999.000
47229.770 7.840 999.000
47231.030 7.840 999.000
47231.040 7.840 999.000
47231.050 7.840 999.000
47232.790 7.860 999.000
47234.780 7.880 999.000
47235.750 7.890 999.000
47236.020 7.880 999.000
47236.030 7.880 999.000
47236.040 7.880 999.000
47236.750 7.890 999.000
47238.750 7.910 999.000
47239.750 7.920 999.000
47240.050 7.940 999.000
47240.060 7.910 999.000
47240.070 7.920 999.000
47240.750 7.920 999.000
47241.750 7.930 999.000
47242.750 7.940 999.000
47243.100 7.940 999.000
47243.110 7.940 999.000
47243.750 7.940 999.000
47245.040 7.950 999.000
47245.040 7.960 999.000
47245.050 7.950 999.000
47245.750 7.960 999.000
47246.740 7.970 999.000
47247.740 7.980 999.000
47249.000 7.980 999.000
47249.010 7.970 999.000
47249.020 7.990 999.000
47249.740 7.990 999.000
47250.740 8.000 999.000
47251.010 8.000 999.000
47251.020 8.000 999.000
47251.040 7.990 999.000
47251.740 8.010 999.000
47252.740 8.020 999.000
47258.040 8.060 999.000
47258.060 8.040 999.000
47258.760 8.060 999.000
47259.730 8.080 999.000
47260.860 8.080 999.000
47261.730 8.090 999.000
47262.730 8.100 999.000
47263.730 8.100 999.000
47264.760 8.110 999.000
47265.000 8.120 999.000
47265.010 8.110 999.000
47265.780 8.120 999.000
47266.730 8.130 999.000
47267.730 8.140 999.000
47268.010 8.150 999.000
47268.020 8.130 999.000
47269.730 8.160 999.000
47271.030 8.150 999.000
47271.050 8.170 999.000
47273.730 8.190 999.000
47274.730 8.210 999.000
47276.000 8.190 999.000
47276.010 8.210 999.000
47276.020 8.210 999.000
47277.740 8.220 999.000
47278.830 8.220 999.000
47279.870 8.240 999.000
47280.740 8.240 999.000
47281.730 8.270 999.000
47282.730 8.260 999.000
47283.730 8.260 999.000
47285.720 8.280 999.000
47286.010 8.280 999.000
47286.030 8.290 999.000
47286.710 8.310 999.000
47287.710 8.300 999.000
47288.710 8.310 999.000
47289.000 8.320 999.000
47289.010 8.310 999.000
47289.020 8.310 999.000
47289.710 8.320 999.000
47290.720 8.340 999.000
47291.730 8.350 999.000
47296.720 8.390 999.000
47297.720 8.400 999.000
47298.740 8.410 999.000
47304.000 8.440 999.000
47304.980 8.450 999.000
47304.990 8.460 999.000
47310.760 8.570 999.000
47316.760 8.590 999.000
47321.170 8.670 999.000
47322.170 8.660 999.000
47322.700 8.650 999.000
47326.030 8.650 999.000
47327.720 8.690 999.000
47328.720 8.710 999.000
47329.720 8.720 999.000
47330.720 8.730 999.000
47333.740 8.760 999.000
47334.170 8.790 999.000
47336.170 8.770 999.000
47337.140 8.800 999.000
47343.160 8.850 999.000
47353.160 8.930 999.000
47354.150 8.990 999.000
47355.160 8.990 999.000
47356.130 9.000 999.000
47357.160 9.010 999.000
47359.130 9.040 999.000
47362.150 9.070 999.000
47364.130 9.100 999.000
47365.130 9.120 999.000
47366.130 9.120 999.000
47367.130 9.140 999.000
47368.120 9.140 999.000
47369.140 9.150 999.000
47370.140 9.180 999.000
47372.130 9.190 999.000
47373.150 9.210 999.000
47374.150 9.220 999.000
47376.120 9.260 999.000
47377.130 9.260 999.000
47378.140 9.280 999.000
47379.120 9.300 999.000
47380.130 9.310 999.000
47382.140 9.330 999.000
47383.130 9.350 999.000
47384.130 9.360 999.000
47385.140 9.370 999.000
47386.130 9.390 999.000
47388.120 9.430 999.000
47389.150 9.430 999.000
47390.140 9.450 999.000
47393.130 9.500 999.000
47394.140 9.520 999.000
47399.090 9.600 999.000
47408.050 9.710 999.000
47408.140 9.720 999.000
47409.100 9.740 999.000
47410.080 9.770 999.000
47411.110 9.780 999.000
47412.020 9.800 999.000
47415.990 9.870 999.000
47417.020 9.890 999.000
47421.990 9.960 999.000
47425.000 10.000 999.000
47426.040 10.020 999.000
47427.080 10.010 999.000
47428.110 10.050 999.000
47429.030 10.060 999.000
47431.060 10.100 999.000
47435.040 10.170 999.000
47436.010 10.200 999.000
47437.030 10.210 999.000
47437.950 10.220 999.000
47439.060 10.230 999.000
47444.030 10.330 999.000
47447.910 10.410 999.000
47451.980 10.440 999.000
47453.080 10.470 999.000
47454.960 10.530 999.000
47457.960 10.590 999.000
47459.910 10.580 999.000
47461.020 10.610 999.000
47461.930 10.630 999.000
47463.900 10.650 999.000
47465.920 10.690 999.000
47529.500 11.700 999.000
47572.500 12.350 999.000
47599.500 12.590 999.000
47639.500 13.070 999.000
47642.500 13.190 999.000
47654.500 13.220 999.000
47668.500 13.420 999.000
47694.500 13.640 999.000
47789.500 14.690 999.000
47810.500 14.910 999.000
47818.500 14.950 999.000
47840.500 15.130 999.000
47851.500 15.220 999.000
47872.500 15.380 999.000
47889.500 15.490 999.000
47895.500 15.580 999.000
47936.500 15.880 999.000
47960.500 16.010 999.000
47973.500 16.040 999.000
47996.500 16.090 999.000
47997.500 16.220 999.000
48012.500 16.280 999.000
48017.500 16.200 999.000
48044.500 16.460 999.000
48070.500 16.470 999.000
48075.500 16.550 999.000
48103.500 16.660 999.000
48114.500 16.700 999.000
48184.500 16.960 999.000
48190.500 16.940 999.000
48218.500 17.040 999.000
48231.500 17.120 999.000
48251.500 17.080 999.000
48265.500 17.100 999.000
48269.500 17.110 999.000
48272.500 17.090 999.000
48318.500 17.340 999.000
48336.500 17.270 999.000
48356.500 17.310 999.000
48396.500 17.390 999.000
