2.240 -13.929 0.001
2.450 -14.053 0.001
2.700 -14.162 0.002
2.970 -14.223 0.001
3.270 -14.255 0.001
3.600 -14.282 0.002
3.960 -14.319 0.002
4.360 -14.384 0.002
4.800 -14.490 0.001
5.280 -14.626 0.001
5.810 -14.799 0.002
6.390 -14.996 0.002
7.030 -15.210 0.002
7.730 -15.432 0.001
8.500 -15.659 0.002
9.350 -15.888 0.002
10.290 -16.117 0.001
11.320 -16.344 0.001
12.450 -16.569 0.002
13.700 -16.794 0.002
15.070 -17.016 0.001
16.580 -17.232 0.001
18.240 -17.436 0.001
20.060 -17.621 0.001
22.070 -17.784 0.001
24.280 -17.919 0.002
26.710 -18.020 0.001
29.380 -18.085 0.001
32.320 -18.115 0.001
35.550 -18.097 0.001
39.100 -18.022 0.001
43.010 -17.883 0.002
47.310 -17.729 0.002
52.040 -17.566 0.002
57.240 -17.397 0.001
62.960 -17.224 0.002
69.260 -17.026 0.001
76.190 -16.965 0.001
83.810 -16.739 0.002
92.190 -16.529 0.001
101.400 -16.311 0.002
111.500 -16.070 0.001
122.700 -15.805 0.002
135.000 -15.513 0.002
148.500 -15.197 0.001
163.400 -14.866 0.002
179.700 -14.531 0.001
197.700 -14.210 0.002
