2.240 -14.375 0.001
2.450 -14.460 0.002
2.700 -14.558 0.001
2.970 -14.624 0.001
3.270 -14.671 0.002
3.600 -14.712 0.001
3.960 -14.758 0.001
4.360 -14.826 0.002
4.800 -14.927 0.001
5.280 -15.058 0.002
5.810 -15.211 0.002
6.390 -15.383 0.001
7.030 -15.568 0.002
7.730 -15.758 0.001
8.500 -15.951 0.001
9.350 -16.148 0.002
10.290 -16.348 0.001
11.320 -16.547 0.001
12.450 -16.747 0.001
13.700 -16.945 0.002
15.070 -17.141 0.002
16.580 -17.330 0.001
18.240 -17.510 0.001
20.060 -17.669 0.001
22.070 -17.813 0.001
24.280 -17.926 0.001
26.710 -18.001 0.002
29.380 -18.033 0.002
32.320 -18.022 0.001
35.550 -17.960 0.001
39.100 -17.890 0.001
43.010 -17.755 0.001
47.310 -17.627 0.002
52.040 -17.474 0.001
57.240 -17.304 0.002
62.960 -17.112 0.002
69.260 -16.851 0.001
76.190 -16.682 0.001
83.810 -16.287 0.001
92.190 -15.936 0.001
101.400 -15.609 0.001
111.500 -15.306 0.002
122.700 -15.028 0.002
135.000 -14.779 0.002
148.500 -14.562 0.002
163.400 -14.373 0.002
179.700 -14.210 0.001
197.700 -14.037 0.001
