2.240 -12.942 0.002
2.450 -12.865 0.001
2.700 -12.829 0.002
2.970 -12.800 0.001
3.270 -12.743 0.001
3.600 -12.671 0.002
3.960 -12.605 0.002
4.360 -12.564 0.002
4.800 -12.579 0.002
5.280 -12.658 0.001
5.810 -12.815 0.002
6.390 -13.062 0.002
7.030 -13.375 0.002
7.730 -13.720 0.001
8.500 -14.075 0.001
9.350 -14.426 0.001
10.290 -14.770 0.001
11.320 -15.105 0.001
12.450 -15.437 0.001
13.700 -15.771 0.002
15.070 -16.106 0.001
16.580 -16.438 0.001
18.240 -16.753 0.001
20.060 -17.042 0.002
22.070 -17.289 0.001
24.280 -17.480 0.002
26.710 -17.601 0.001
29.380 -17.636 0.001
32.320 -17.576 0.001
35.550 -17.359 0.002
39.100 -17.108 0.002
43.010 -16.828 0.001
47.310 -16.552 0.001
52.040 -16.334 0.002
57.240 -16.193 0.002
62.960 -16.111 0.001
69.260 -16.055 0.002
76.190 -15.976 0.002
83.810 -15.870 0.002
92.190 -15.744 0.002
101.400 -15.607 0.002
111.500 -15.441 0.001
122.700 -15.245 0.002
135.000 -15.023 0.002
148.500 -14.773 0.001
163.400 -14.488 0.002
179.700 -14.169 0.002
197.700 -13.801 0.001
