2.240 -12.970 0.001
2.450 -12.589 0.001
2.700 -12.224 0.002
2.970 -11.868 0.002
3.270 -11.500 0.002
3.600 -11.118 0.002
3.960 -10.741 0.001
4.360 -10.400 0.002
4.800 -10.162 0.002
5.280 -10.016 0.002
5.810 -10.100 0.001
6.390 -10.425 0.001
7.030 -10.965 0.001
7.730 -11.591 0.001
8.500 -12.199 0.002
9.350 -12.752 0.001
10.290 -13.255 0.002
11.320 -13.721 0.002
12.450 -14.167 0.002
13.700 -14.605 0.002
15.070 -15.036 0.002
16.580 -15.456 0.002
18.240 -15.848 0.001
20.060 -16.199 0.001
22.070 -16.497 0.001
24.280 -16.725 0.001
26.710 -16.871 0.001
29.380 -16.916 0.002
32.320 -16.850 0.002
35.550 -16.595 0.002
39.100 -16.274 0.002
43.010 -15.948 0.001
47.310 -15.643 0.001
52.040 -15.432 0.001
57.240 -15.337 0.002
62.960 -15.328 0.002
69.260 -15.363 0.002
76.190 -15.356 0.002
83.810 -15.473 0.001
92.190 -15.494 0.001
101.400 -15.407 0.002
111.500 -15.265 0.001
122.700 -15.073 0.001
135.000 -14.833 0.002
148.500 -14.543 0.001
163.400 -14.187 0.002
179.700 -13.782 0.002
197.700 -13.302 0.001
