56460.377 17.668
56460.846 17.317
56461.029 17.367
56461.171 17.226
56461.303 17.200
56461.336 17.180
56462.227 16.901
56463.012 16.561
56465.086 16.124
56467.086 15.793
56467.275 15.814
56468.106 15.736
56469.086 15.641
56469.259 15.608
56470.222 15.530
56470.931 15.467
56471.086 15.461
56471.185 15.462
56472.189 15.410
56472.190 15.418
56473.282 15.356
56473.284 15.365
56474.205 15.316
56474.963 15.267
56475.065 15.265
56475.187 15.268
56475.189 15.259
56476.065 15.267
56477.222 15.203
56477.249 15.212
56478.249 15.201
56479.246 15.187
56479.249 15.216
56479.868 15.203
56480.065 15.219
56480.203 15.199
56480.249 15.227
56481.192 15.219
56481.211 15.237
56482.708 15.353
56485.191 15.488
56485.211 15.484
56486.191 15.569
56487.094 15.625
56487.211 15.644
56487.221 15.651
56488.185 15.721
56499.232 16.381
56503.797 16.474
56504.192 16.503
56504.451 16.498
56505.177 16.523
56506.181 16.524
56506.425 16.616
56507.164 16.574
56508.040 16.576
56508.193 16.610
56508.196 16.581
56509.161 16.655
56509.985 16.675
56510.173 16.692
56512.191 16.672
56512.464 16.719
56515.080 16.691
56516.418 16.804
56518.044 16.833
56519.017 16.875
56522.121 16.957
56525.125 17.049
56526.420 17.090
56528.160 17.051
56528.415 17.055
56528.979 17.125
56529.379 17.088
56530.010 17.079
56531.107 17.157
56533.144 17.126
56536.001 17.131
56537.162 17.249
56539.729 17.305
56540.730 17.263
56541.164 17.289
56542.099 17.320
56542.146 17.331
56544.733 17.386
56721.174 20.070
