56460.760 17.328 0.015
56461.010 17.215 0.019
56461.280 17.250 0.070
56462.039 16.897 0.015
56462.207 16.867 0.016
56463.004 16.620 0.019
56465.073 16.080 0.014
56465.220 16.020 0.060
56466.210 15.820 0.050
56467.073 15.748 0.009
56468.098 15.591 0.015
56469.073 15.571 0.009
56469.300 15.540 0.040
56470.270 15.390 0.040
56470.916 15.358 0.013
56471.077 15.382 0.007
56471.250 15.380 0.030
56472.173 15.322 0.008
56472.250 15.310 0.030
56473.210 15.260 0.040
56474.200 15.270 0.050
56474.955 15.238 0.007
56475.053 15.258 0.007
56476.053 15.238 0.009
56476.200 15.280 0.040
56477.200 15.210 0.050
56477.237 15.361 0.040
56479.200 15.330 0.040
56479.236 15.306 0.007
56479.861 15.316 0.024
56480.052 15.327 0.007
56480.200 15.360 0.030
56480.236 15.379 0.009
56481.198 15.438 0.007
56482.700 15.608 0.012
56484.250 15.760 0.040
56485.198 15.869 0.011
56486.200 16.050 0.040
56487.087 16.113 0.010
56487.198 16.118 0.011
56488.230 16.250 0.040
56492.220 16.620 0.060
56494.200 16.630 0.070
56498.200 16.940 0.050
56499.211 16.949 0.023
56500.230 17.030 0.050
56503.740 17.064 0.023
56504.200 17.130 0.050
56506.190 17.110 0.050
56508.027 17.125 0.015
56508.190 17.220 0.070
56509.972 17.253 0.011
56510.165 17.297 0.023
56510.180 17.200 0.050
56511.460 17.218 0.020
56512.180 17.270 0.060
56512.184 17.260 0.022
56512.456 17.246 0.028
56514.180 17.320 0.060
56514.457 17.251 0.020
56516.180 17.450 0.080
56516.411 17.302 0.020
56517.982 17.376 0.020
56518.180 17.390 0.090
56518.421 17.350 0.016
56519.014 17.481 0.029
56520.180 17.480 0.100
56523.210 17.490 0.030
56524.039 17.507 0.033
56526.400 17.516 0.025
56528.180 17.750 0.150
56528.388 17.591 0.021
56528.976 17.627 0.016
56529.025 17.604 0.021
56530.007 17.539 0.024
56530.170 17.640 0.100
56531.190 17.650 0.020
56532.160 17.750 0.120
56534.160 17.690 0.100
56540.160 17.790 0.120
56544.160 17.780 0.130
56675.580 20.940 0.170
