56460.383 17.832
56460.834 17.627
56461.014 17.569
56461.337 17.487
56462.212 17.256
56463.006 16.922
56465.080 16.351
56467.080 15.991
56467.278 15.961
56468.100 15.888
56469.080 15.833
56469.261 15.745
56470.224 15.684
56471.187 15.626
56472.177 15.630
56472.204 15.591
56473.283 15.557
56473.286 15.567
56474.207 15.545
56474.959 15.552
56475.059 15.536
56475.188 15.527
56475.191 15.540
56476.059 15.613
56476.222 15.549
56477.243 15.610
56478.243 15.677
56479.243 15.734
56479.248 15.722
56479.863 15.779
56480.059 15.813
56480.205 15.798
56480.243 15.829
56481.205 15.894
56482.231 16.016
56482.702 16.087
56483.210 16.184
56485.193 16.449
56485.205 16.437
56486.193 16.561
56487.089 16.666
56487.205 16.694
56487.222 16.714
56488.186 16.796
56488.226 16.817
56499.226 17.537
56503.745 17.656
56504.194 17.694
56505.179 17.736
56506.183 17.743
56506.420 17.738
56507.166 17.782
56508.030 17.731
56508.195 17.793
56508.198 17.788
56509.163 17.813
56509.976 17.774
56510.167 17.841
56511.462 17.743
56512.186 17.892
56512.458 17.790
56515.074 17.900
56516.413 17.835
56518.036 17.926
56519.012 17.897
56522.114 18.026
56525.116 18.072
56526.411 18.082
56528.162 18.155
56528.405 18.046
56529.008 18.095
56529.370 18.099
56531.097 18.058
56533.146 18.197
56535.990 18.163
56537.173 18.232
56539.720 18.276
56540.720 18.187
56542.089 18.294
56542.147 18.372
56544.722 18.269
56685.228 21.093
56698.224 21.377
56721.151 21.811
56752.463 22.231
56779.008 22.941
