56460.751 17.906 0.018
56461.000 17.838 0.021
56461.280 17.940 0.140
56462.030 17.483 0.017
56462.198 17.450 0.022
56463.000 17.135 0.022
56465.070 16.572 0.016
56465.220 16.680 0.120
56466.210 16.400 0.110
56467.070 16.146 0.012
56468.094 16.032 0.014
56469.070 15.989 0.007
56469.300 16.040 0.100
56470.270 15.900 0.060
56470.908 15.805 0.006
56471.073 15.889 0.011
56471.250 15.930 0.060
56472.166 15.794 0.006
56472.250 15.950 0.070
56473.210 15.860 0.060
56474.200 15.890 0.090
56474.954 15.790 0.009
56475.049 15.808 0.006
56476.049 15.837 0.012
56476.200 15.900 0.090
56477.200 15.910 0.090
56479.200 16.230 0.070
56479.233 16.118 0.012
56479.858 16.122 0.017
56480.049 16.176 0.009
56480.200 16.190 0.060
56480.233 16.249 0.013
56481.195 16.342 0.014
56482.697 16.629 0.017
56484.250 16.940 0.070
56485.195 17.056 0.018
56486.200 17.250 0.080
56487.084 17.258 0.018
56487.195 17.332 0.016
56488.230 17.460 0.090
56492.220 17.800 0.100
56494.200 18.020 0.180
56494.208 18.046 0.084
56495.199 18.003 0.050
56498.200 18.370 0.130
56499.208 18.172 0.053
56500.230 18.310 0.140
56503.736 18.244 0.035
56504.200 18.540 0.150
56506.190 18.520 0.170
56508.020 18.379 0.028
56508.190 18.760 0.150
56509.966 18.377 0.028
56510.162 18.447 0.065
56510.180 18.570 0.180
56511.457 18.377 0.049
56512.180 18.450 0.130
56512.180 18.538 0.050
56512.423 18.372 0.049
56514.180 18.500 0.160
56514.453 18.333 0.040
56515.069 18.508 0.066
56516.180 18.560 0.160
56516.407 18.437 0.037
56517.977 18.419 0.022
56518.180 18.640 0.230
56518.417 18.466 0.036
56519.009 18.544 0.046
56520.180 18.730 0.260
56523.210 18.700 0.060
56524.033 18.484 0.064
56528.180 19.070 0.400
56528.382 18.619 0.051
56528.970 18.596 0.046
56530.001 18.512 0.043
56530.170 18.600 0.250
56531.190 18.970 0.050
56532.160 19.080 0.290
56534.160 18.730 0.310
56540.160 18.920 0.270
56544.160 19.240 0.480
56675.580 20.600 0.170
56689.580 21.450 999.000
56713.560 21.610 999.000
56724.530 21.540 999.000
56738.490 21.410 999.000
