56459.238 18.611
56459.291 18.619
56460.240 17.612
56460.288 17.552
56460.378 17.500
56460.841 17.207
56461.024 17.125
56461.174 17.058
56461.227 17.080
56461.271 17.055
56461.305 17.042
56462.222 16.702
56463.010 16.421
56465.084 15.955
56467.084 15.665
56467.277 15.679
56468.104 15.607
56469.084 15.527
56469.260 15.480
56470.223 15.411
56470.927 15.327
56471.084 15.364
56471.186 15.338
56472.185 15.287
56472.191 15.280
56473.282 15.241
56473.285 15.241
56474.206 15.190
56474.961 15.161
56475.063 15.151
56475.187 15.160
56475.190 15.158
56476.063 15.170
56477.222 15.122
56477.247 15.104
56478.247 15.145
56479.247 15.139
56479.247 15.149
56479.866 15.170
56480.063 15.173
56480.204 15.188
56480.247 15.179
56481.193 15.241
56481.209 15.245
56482.706 15.340
56483.213 15.414
56485.192 15.596
56485.209 15.599
56486.192 15.694
56487.092 15.773
56487.209 15.794
56487.222 15.791
56488.185 15.874
56488.230 15.899
56499.229 16.608
56503.795 16.670
56504.193 16.733
56504.449 16.730
56505.178 16.760
56506.182 16.794
56507.165 16.820
56508.036 16.859
56508.194 16.855
56508.197 16.851
56509.162 16.876
56509.982 16.913
56510.171 16.931
56512.189 16.996
56512.462 16.997
56515.078 17.036
56516.416 17.055
56518.041 17.116
56519.014 17.117
56522.118 17.258
56525.122 17.243
56528.161 17.302
56528.411 17.322
56528.976 17.324
56529.376 17.386
56531.103 17.388
56533.145 17.428
56535.996 17.485
56537.163 17.530
56539.726 17.608
56540.726 17.560
56541.165 17.600
56542.095 17.672
56542.146 17.633
56544.729 17.699
56685.240 20.349
56698.239 20.576
56721.163 20.991
56752.455 21.419
56779.023 21.712
56812.948 21.995
