56461.089 16.861 0.016
56461.280 16.880 0.090
56461.696 16.587 0.050
56462.089 16.430 0.014
56462.328 16.484 0.037
56463.065 16.163 0.027
56465.078 15.722 0.016
56465.220 15.680 0.080
56466.210 15.550 0.040
56467.078 15.400 0.016
56469.078 15.238 0.010
56469.300 15.180 0.060
56470.270 15.100 0.040
56471.250 15.060 0.030
56472.250 14.970 0.030
56473.210 14.980 0.040
56474.200 14.970 0.040
56475.057 14.853 0.008
56476.057 14.780 0.011
56476.200 14.860 0.040
56477.200 14.810 0.040
56477.241 14.752 0.036
56479.200 14.870 0.050
56479.241 14.753 0.012
56480.057 14.773 0.009
56480.200 14.830 0.030
56480.241 14.752 0.011
56481.203 14.784 0.014
56484.250 15.030 0.040
56485.203 15.045 0.019
56486.200 15.230 0.040
56487.203 15.196 0.016
56488.216 15.299 0.050
56488.230 15.250 0.050
56492.220 15.600 0.050
56494.200 15.570 0.050
56498.200 15.810 0.040
56499.216 15.823 0.018
56500.230 15.800 0.040
56504.200 15.920 0.040
56506.190 15.950 0.030
56508.149 15.980 0.050
56508.190 16.010 0.050
56510.147 15.923 0.129
56510.180 16.040 0.040
56510.966 16.067 0.018
56512.163 16.048 0.023
56512.180 16.110 0.050
56513.059 16.062 0.035
56514.180 16.070 0.040
56516.180 16.120 0.050
56517.987 16.230 0.017
56518.180 16.130 0.060
56518.427 16.179 0.019
56519.019 16.230 0.021
56520.180 16.200 0.060
56523.210 16.270 0.010
56524.046 16.273 0.064
56526.407 16.298 0.043
56528.180 16.400 0.070
56528.394 16.405 0.026
56529.031 16.287 0.029
56530.014 16.347 0.036
56530.170 16.360 0.050
56531.190 16.430 0.010
56532.160 16.420 0.070
56534.160 16.400 0.050
56540.160 16.470 0.050
56544.160 16.620 0.080
56675.580 19.160 0.060
56738.490 20.480 0.190
