56460.850 17.114 0.043
56461.094 17.189 0.041
56461.700 16.857 0.065
56462.093 16.753 0.030
56462.333 16.699 0.044
56463.067 16.452 0.052
56465.088 16.097 0.037
56467.088 15.745 0.036
56469.088 15.619 0.021
56471.088 15.382 0.029
56475.067 15.219 0.022
56476.067 15.145 0.022
56478.251 15.082 0.028
56479.251 15.008 0.023
56480.067 15.155 0.022
56480.251 15.107 0.031
56481.213 15.127 0.029
56485.213 15.345 0.035
56487.213 15.431 0.022
56488.234 15.399 0.050
56499.234 15.840 0.043
56508.152 15.981 0.050
56510.149 16.044 0.071
56510.968 16.075 0.050
56512.165 16.038 0.034
56513.062 15.999 0.050
56518.046 16.079 0.027
56522.124 16.176 0.033
56525.129 16.155 0.034
56526.425 16.158 0.069
56528.418 16.248 0.025
56529.383 16.305 0.035
56530.013 16.250 0.042
