56461.084 16.930
56461.280 16.920
56462.084 16.553
56462.323 16.502
56463.063 16.214
56465.076 15.783
56465.220 15.760
56466.210 15.640
56467.076 15.484
56469.076 15.319
56469.300 15.200
56470.270 15.200
56471.250 15.180
56472.250 15.080
56473.210 15.040
56474.200 15.010
56475.055 14.955
56476.055 14.926
56476.200 14.990
56477.200 14.920
56477.239 14.954
56479.200 15.000
56479.239 14.928
56480.055 14.919
56480.200 14.960
56480.239 14.958
56481.200 15.020
56484.250 15.280
56485.200 15.338
56486.200 15.480
56487.200 15.515
56488.230 15.620
56492.220 16.000
56494.200 16.070
56498.200 16.290
56499.214 16.269
56500.230 16.300
56504.200 16.460
56506.190 16.480
56508.190 16.590
56510.145 16.558
56510.180 16.610
56510.964 16.622
56512.161 16.686
56512.180 16.650
56513.057 16.625
56514.180 16.670
56516.180 16.770
56517.985 16.739
56518.180 16.850
56518.424 16.713
56519.017 16.837
56520.180 16.890
56523.210 16.880
56524.043 16.853
56526.403 16.907
56528.180 17.000
56528.391 17.044
56528.980 17.031
56529.028 17.058
56530.011 16.979
56530.170 17.120
56531.190 17.070
56532.160 17.120
56534.160 17.070
56540.160 17.300
56544.160 17.330
56675.580 19.750
56724.530 20.510
56738.490 20.690
