5.452731999999983236e+04 1.646999999999999886e+01 1.200000000000000025e-02
5.454135999999986961e+04 1.744500000000000028e+01 1.299999999999999940e-02
5.454220000000018626e+04 1.754400000000000048e+01 1.299999999999999940e-02
5.454322000000020489e+04 1.766600000000000037e+01 1.400000000000000029e-02
5.454527999999979511e+04 1.793100000000000094e+01 1.600000000000000033e-02
5.456022000000020489e+04 1.861599999999999966e+01 1.700000000000000122e-02
5.456631000000005588e+04 1.868299999999999983e+01 1.799999999999999864e-02
5.457022000000020489e+04 1.869000000000000128e+01 1.600000000000000033e-02
5.457827000000001863e+04 1.869099999999999895e+01 3.699999999999999817e-02
5.458316000000014901e+04 1.874500000000000099e+01 1.799999999999999864e-02
5.458924000000022352e+04 1.880099999999999838e+01 1.799999999999999864e-02
5.459720999999996275e+04 1.890800000000000125e+01 1.799999999999999864e-02
5.459912999999988824e+04 1.887900000000000134e+01 2.100000000000000130e-02
5.461610999999986961e+04 1.914099999999999824e+01 1.700000000000000122e-02
5.462612000000011176e+04 1.926300000000000168e+01 2.199999999999999872e-02
5.462808999999985099e+04 nan nan
5.464406999999983236e+04 1.956700000000000017e+01 2.299999999999999961e-02
5.464808999999985099e+04 1.964999999999999858e+01 1.899999999999999953e-02
5.465304999999981374e+04 1.974099999999999966e+01 2.199999999999999872e-02
#UVOT
54524.986	16.85	0.064
54527.228	16.533	0.061
54528.302	16.408	0.061
54529.325	16.375	0.061
54531.247	16.33	0.062
54534.224	16.439	0.063
54539.948	17.394	0.083
