5.376722000000020489e+04 nan nan
5.376827000000001863e+04 1.986799999999999855e+01 1.039999999999999952e-01
5.377122000000020489e+04 1.882799999999999940e+01 3.300000000000000155e-02
5.377220999999996275e+04 1.860099999999999909e+01 2.599999999999999881e-02
5.377316999999992549e+04 1.830099999999999838e+01 2.199999999999999872e-02
5.377420999999996275e+04 1.803900000000000148e+01 1.899999999999999953e-02
5.377506000000005588e+04 1.789399999999999835e+01 2.000000000000000042e-02
5.377820999999996275e+04 1.762900000000000134e+01 1.899999999999999953e-02
5.378122000000020489e+04 1.776000000000000156e+01 2.500000000000000139e-02
5.378312999999988824e+04 1.808999999999999986e+01 2.599999999999999881e-02
5.378422000000020489e+04 1.830799999999999983e+01 2.500000000000000139e-02
5.378524000000022352e+04 1.853999999999999915e+01 3.099999999999999978e-02
5.378627000000001863e+04 1.867699999999999960e+01 2.800000000000000058e-02
5.378827000000001863e+04 1.916199999999999903e+01 2.900000000000000147e-02
5.379012000000011176e+04 1.952299999999999969e+01 3.200000000000000067e-02
5.379514000000013039e+04 2.024500000000000099e+01 6.500000000000000222e-02
5.379818000000016764e+04 2.051599999999999824e+01 6.300000000000000044e-02
5.379920000000018626e+04 2.049099999999999966e+01 6.600000000000000311e-02
5.380114999999990687e+04 2.063500000000000156e+01 6.400000000000000133e-02
5.380218000000016764e+04 2.056500000000000128e+01 7.699999999999999900e-02
5.380512999999988824e+04 nan nan
5.380914000000013039e+04 nan nan
5.381510000000009313e+04 nan nan
5.381912000000011176e+04 nan nan
5.382414000000013039e+04 nan nan
5.383110000000009313e+04 nan nan
5.383504999999981374e+04 nan nan
5.384008000000007451e+04 nan nan
5.384504000000003725e+04 nan nan
5.385306999999983236e+04 nan nan
5.386602999999979511e+04 nan nan
5.386700000000000000e+04 nan nan
5.387004999999981374e+04 nan nan
5.387102000000001863e+04 nan nan
5.387200999999977648e+04 nan nan
5.389004000000003725e+04 nan nan
