5.376722000000020489e+04 1.877499999999999858e+01 1.899999999999999953e-02
5.376827000000001863e+04 1.855900000000000105e+01 1.799999999999999864e-02
5.377122000000020489e+04 1.752100000000000080e+01 1.400000000000000029e-02
5.377220999999996275e+04 1.726500000000000057e+01 1.600000000000000033e-02
5.377316999999992549e+04 1.704200000000000159e+01 1.200000000000000025e-02
5.377420999999996275e+04 1.685099999999999909e+01 1.200000000000000025e-02
5.377506000000005588e+04 1.670599999999999952e+01 1.099999999999999936e-02
5.377820999999996275e+04 1.646099999999999852e+01 1.400000000000000029e-02
5.378122000000020489e+04 1.650400000000000134e+01 1.200000000000000025e-02
5.378312999999988824e+04 1.665899999999999892e+01 1.200000000000000025e-02
5.378422000000020489e+04 1.679299999999999926e+01 1.299999999999999940e-02
5.378524000000022352e+04 1.693400000000000105e+01 1.299999999999999940e-02
5.378627000000001863e+04 1.704100000000000037e+01 1.400000000000000029e-02
5.378827000000001863e+04 1.728999999999999915e+01 1.400000000000000029e-02
5.379012000000011176e+04 1.754700000000000060e+01 1.499999999999999944e-02
5.379514000000013039e+04 1.803600000000000136e+01 1.899999999999999953e-02
5.379818000000016764e+04 1.826300000000000168e+01 1.600000000000000033e-02
5.379920000000018626e+04 1.830999999999999872e+01 1.600000000000000033e-02
5.380114999999990687e+04 1.840800000000000125e+01 1.899999999999999953e-02
5.380218000000016764e+04 1.846099999999999852e+01 1.799999999999999864e-02
5.380512999999988824e+04 1.852799999999999869e+01 2.100000000000000130e-02
5.380914000000013039e+04 1.864399999999999835e+01 3.400000000000000244e-02
5.381510000000009313e+04 1.874099999999999966e+01 1.899999999999999953e-02
5.381912000000011176e+04 1.877799999999999869e+01 1.799999999999999864e-02
5.382414000000013039e+04 1.877700000000000102e+01 1.899999999999999953e-02
5.383110000000009313e+04 1.881599999999999895e+01 2.100000000000000130e-02
5.383504999999981374e+04 1.879899999999999949e+01 2.400000000000000050e-02
5.384008000000007451e+04 1.884199999999999875e+01 2.599999999999999881e-02
5.384504000000003725e+04 1.888400000000000034e+01 2.000000000000000042e-02
5.385306999999983236e+04 1.897400000000000020e+01 2.000000000000000042e-02
5.386602999999979511e+04 1.914199999999999946e+01 3.500000000000000333e-02
5.386700000000000000e+04 1.912900000000000134e+01 3.200000000000000067e-02
5.387004999999981374e+04 1.920700000000000074e+01 4.100000000000000172e-02
5.387102000000001863e+04 1.914699999999999847e+01 2.699999999999999969e-02
5.387200999999977648e+04 1.921699999999999875e+01 2.599999999999999881e-02
5.389004000000003725e+04 1.946699999999999875e+01 3.400000000000000244e-02
