5.376722000000020489e+04 1.828699999999999903e+01 1.000000000000000021e-02
5.376827000000001863e+04 1.800400000000000134e+01 1.299999999999999940e-02
5.377122000000020489e+04 1.707100000000000151e+01 1.000000000000000021e-02
5.377220999999996275e+04 1.684100000000000108e+01 8.999999999999999320e-03
5.377316999999992549e+04 1.663700000000000045e+01 8.000000000000000167e-03
5.377420999999996275e+04 1.647100000000000009e+01 8.000000000000000167e-03
5.377506000000005588e+04 1.632999999999999829e+01 6.000000000000000125e-03
5.377820999999996275e+04 1.609299999999999997e+01 1.099999999999999936e-02
5.378122000000020489e+04 1.608599999999999852e+01 8.000000000000000167e-03
5.378312999999988824e+04 1.620599999999999952e+01 8.999999999999999320e-03
5.378422000000020489e+04 1.631599999999999895e+01 1.000000000000000021e-02
5.378524000000022352e+04 1.640800000000000125e+01 1.000000000000000021e-02
5.378627000000001863e+04 1.649800000000000111e+01 1.099999999999999936e-02
5.378827000000001863e+04 1.672599999999999909e+01 1.099999999999999936e-02
5.379012000000011176e+04 1.691799999999999926e+01 7.000000000000000146e-03
5.379514000000013039e+04 1.736899999999999977e+01 8.000000000000000167e-03
5.379818000000016764e+04 1.755900000000000105e+01 1.299999999999999940e-02
5.379920000000018626e+04 1.761599999999999966e+01 1.000000000000000021e-02
5.380114999999990687e+04 1.770599999999999952e+01 1.299999999999999940e-02
5.380218000000016764e+04 1.777499999999999858e+01 1.200000000000000025e-02
5.380512999999988824e+04 1.787199999999999989e+01 1.499999999999999944e-02
5.380914000000013039e+04 1.801300000000000168e+01 2.000000000000000042e-02
5.381510000000009313e+04 1.811599999999999966e+01 1.400000000000000029e-02
5.381912000000011176e+04 1.815899999999999892e+01 1.299999999999999940e-02
5.382414000000013039e+04 1.821600000000000108e+01 1.400000000000000029e-02
5.383110000000009313e+04 1.828300000000000125e+01 1.600000000000000033e-02
5.383504999999981374e+04 1.830199999999999960e+01 1.299999999999999940e-02
5.384008000000007451e+04 1.836599999999999966e+01 1.899999999999999953e-02
5.384504000000003725e+04 1.839499999999999957e+01 1.600000000000000033e-02
5.385306999999983236e+04 1.848499999999999943e+01 1.299999999999999940e-02
5.386602999999979511e+04 1.862199999999999989e+01 2.000000000000000042e-02
5.386700000000000000e+04 1.864900000000000091e+01 2.299999999999999961e-02
5.387004999999981374e+04 1.870499999999999829e+01 2.199999999999999872e-02
5.387102000000001863e+04 1.871000000000000085e+01 1.899999999999999953e-02
5.387200999999977648e+04 1.872500000000000142e+01 2.000000000000000042e-02
5.389004000000003725e+04 1.898100000000000165e+01 2.400000000000000050e-02
