5.377624000000022352e+04 1.530100000000000016e+01 1.600000000000000033e-02
5.377625000000000000e+04 1.526099999999999923e+01 1.600000000000000033e-02
5.377722999999998137e+04 1.522300000000000075e+01 2.000000000000000042e-02
5.377724000000022352e+04 1.522700000000000031e+01 2.000000000000000042e-02
5.377918000000016764e+04 1.510100000000000087e+01 1.899999999999999953e-02
5.377918999999994412e+04 1.506600000000000072e+01 1.799999999999999864e-02
5.378225999999977648e+04 1.499600000000000044e+01 1.600000000000000033e-02
5.378227000000001863e+04 1.498799999999999955e+01 1.700000000000000122e-02
5.378924000000022352e+04 1.499000000000000021e+01 1.899999999999999953e-02
5.378925000000000000e+04 1.502399999999999913e+01 1.899999999999999953e-02
5.379624000000022352e+04 1.519800000000000040e+01 1.600000000000000033e-02
5.379624000000022352e+04 1.521700000000000053e+01 1.899999999999999953e-02
5.380016000000014901e+04 1.538000000000000078e+01 1.600000000000000033e-02
5.380016999999992549e+04 1.533600000000000030e+01 1.600000000000000033e-02
5.380324000000022352e+04 1.543500000000000050e+01 2.100000000000000130e-02
5.380324000000022352e+04 1.545700000000000074e+01 2.299999999999999961e-02
5.380722000000020489e+04 1.565000000000000036e+01 2.400000000000000050e-02
5.380722999999998137e+04 1.561800000000000033e+01 2.199999999999999872e-02
5.381022000000020489e+04 1.576099999999999923e+01 2.100000000000000130e-02
5.381022000000020489e+04 1.577399999999999913e+01 2.500000000000000139e-02
5.381410999999986961e+04 1.586100000000000065e+01 2.500000000000000139e-02
5.381410999999986961e+04 1.585800000000000054e+01 2.500000000000000139e-02
5.381716999999992549e+04 1.596700000000000053e+01 2.500000000000000139e-02
5.381716999999992549e+04 1.596499999999999986e+01 2.299999999999999961e-02
5.382214999999990687e+04 1.619800000000000040e+01 3.400000000000000244e-02
5.382216000000014901e+04 1.618400000000000105e+01 2.800000000000000058e-02
5.382608999999985099e+04 1.634499999999999886e+01 4.000000000000000083e-02
5.382610000000009313e+04 1.625199999999999889e+01 2.900000000000000147e-02
5.383716000000014901e+04 1.667599999999999838e+01 4.700000000000000011e-02
5.383716000000014901e+04 1.669600000000000151e+01 4.299999999999999656e-02
5.384810000000009313e+04 1.694000000000000128e+01 7.099999999999999367e-02
5.384810000000009313e+04 1.712199999999999989e+01 6.199999999999999956e-02
5.386008999999985099e+04 1.757799999999999940e+01 1.229999999999999982e-01
5.386010000000009313e+04 nan nan
5.386806000000005588e+04 1.767999999999999972e+01 6.400000000000000133e-02
5.386806999999983236e+04 1.770400000000000063e+01 7.799999999999999989e-02
