5.376722000000020489e+04 1.789600000000000080e+01 1.200000000000000025e-02
5.376827000000001863e+04 1.755099999999999838e+01 1.000000000000000021e-02
5.377122000000020489e+04 1.664999999999999858e+01 8.999999999999999320e-03
5.377220999999996275e+04 1.645899999999999963e+01 1.000000000000000021e-02
5.377316999999992549e+04 1.627299999999999969e+01 8.000000000000000167e-03
5.377420999999996275e+04 1.611799999999999855e+01 8.000000000000000167e-03
5.377506000000005588e+04 1.599799999999999933e+01 6.000000000000000125e-03
5.377820999999996275e+04 1.576399999999999935e+01 1.299999999999999940e-02
5.378122000000020489e+04 1.570800000000000018e+01 8.000000000000000167e-03
5.378312999999988824e+04 1.575200000000000067e+01 8.000000000000000167e-03
5.378422000000020489e+04 1.580799999999999983e+01 8.999999999999999320e-03
5.378524000000022352e+04 1.587100000000000044e+01 8.999999999999999320e-03
5.378627000000001863e+04 1.594599999999999973e+01 1.299999999999999940e-02
5.378827000000001863e+04 1.610699999999999932e+01 1.299999999999999940e-02
5.379012000000011176e+04 1.628000000000000114e+01 8.000000000000000167e-03
5.379514000000013039e+04 1.669999999999999929e+01 7.000000000000000146e-03
5.379818000000016764e+04 1.687900000000000134e+01 1.000000000000000021e-02
5.379920000000018626e+04 1.693599999999999994e+01 7.000000000000000146e-03
5.380114999999990687e+04 1.704500000000000171e+01 1.099999999999999936e-02
5.380218000000016764e+04 1.709299999999999997e+01 1.000000000000000021e-02
5.380512999999988824e+04 1.725300000000000011e+01 1.000000000000000021e-02
5.380914000000013039e+04 1.736799999999999855e+01 1.099999999999999936e-02
5.381510000000009313e+04 1.750900000000000034e+01 1.200000000000000025e-02
5.381912000000011176e+04 1.759199999999999875e+01 1.299999999999999940e-02
5.382414000000013039e+04 1.766300000000000026e+01 1.099999999999999936e-02
5.383110000000009313e+04 1.775400000000000134e+01 1.400000000000000029e-02
5.383504999999981374e+04 1.780399999999999849e+01 1.299999999999999940e-02
5.384008000000007451e+04 1.786499999999999844e+01 1.299999999999999940e-02
5.384504000000003725e+04 1.791300000000000026e+01 1.099999999999999936e-02
5.385306999999983236e+04 1.806700000000000017e+01 1.200000000000000025e-02
5.386602999999979511e+04 1.828500000000000014e+01 1.700000000000000122e-02
5.386700000000000000e+04 1.830000000000000071e+01 2.000000000000000042e-02
5.387004999999981374e+04 1.831899999999999906e+01 1.700000000000000122e-02
5.387102000000001863e+04 1.830999999999999872e+01 1.400000000000000029e-02
5.387200999999977648e+04 1.835900000000000176e+01 1.799999999999999864e-02
5.389004000000003725e+04 1.862500000000000000e+01 1.799999999999999864e-02
