5.376722000000020489e+04 1.762800000000000011e+01 1.000000000000000021e-02
5.376827000000001863e+04 1.727599999999999980e+01 1.200000000000000025e-02
5.377122000000020489e+04 1.649299999999999855e+01 1.099999999999999936e-02
5.377220999999996275e+04 1.631800000000000139e+01 1.099999999999999936e-02
5.377316999999992549e+04 1.614399999999999835e+01 6.000000000000000125e-03
5.377420999999996275e+04 1.602400000000000091e+01 8.000000000000000167e-03
5.377506000000005588e+04 1.590099999999999980e+01 7.000000000000000146e-03
5.377820999999996275e+04 1.564199999999999946e+01 1.200000000000000025e-02
5.378122000000020489e+04 1.552699999999999925e+01 7.000000000000000146e-03
5.378312999999988824e+04 1.550500000000000078e+01 8.000000000000000167e-03
5.378422000000020489e+04 1.552299999999999969e+01 1.099999999999999936e-02
5.378524000000022352e+04 1.551999999999999957e+01 1.099999999999999936e-02
5.378627000000001863e+04 1.554599999999999937e+01 1.200000000000000025e-02
5.378827000000001863e+04 1.562899999999999956e+01 1.099999999999999936e-02
5.379012000000011176e+04 1.571700000000000053e+01 6.000000000000000125e-03
5.379514000000013039e+04 1.591799999999999926e+01 6.000000000000000125e-03
5.379818000000016764e+04 1.603600000000000136e+01 8.999999999999999320e-03
5.379920000000018626e+04 1.607000000000000028e+01 6.000000000000000125e-03
5.380114999999990687e+04 1.615200000000000102e+01 1.099999999999999936e-02
5.380218000000016764e+04 1.620499999999999829e+01 1.000000000000000021e-02
5.380512999999988824e+04 1.633899999999999864e+01 1.000000000000000021e-02
5.380914000000013039e+04 1.647700000000000031e+01 1.099999999999999936e-02
5.381510000000009313e+04 1.665599999999999881e+01 1.099999999999999936e-02
5.381912000000011176e+04 1.676999999999999957e+01 1.099999999999999936e-02
5.382414000000013039e+04 1.687600000000000122e+01 8.999999999999999320e-03
5.383110000000009313e+04 1.703000000000000114e+01 1.299999999999999940e-02
5.383504999999981374e+04 1.710999999999999943e+01 8.999999999999999320e-03
5.384008000000007451e+04 1.721199999999999974e+01 8.999999999999999320e-03
5.384504000000003725e+04 1.730399999999999849e+01 1.200000000000000025e-02
5.385306999999983236e+04 1.750799999999999912e+01 1.000000000000000021e-02
5.386602999999979511e+04 1.775799999999999912e+01 1.200000000000000025e-02
5.386700000000000000e+04 1.778800000000000026e+01 1.499999999999999944e-02
5.387004999999981374e+04 1.785800000000000054e+01 1.400000000000000029e-02
5.387102000000001863e+04 1.786599999999999966e+01 1.200000000000000025e-02
5.387200999999977648e+04 1.788400000000000034e+01 1.600000000000000033e-02
5.389004000000003725e+04 1.826500000000000057e+01 1.600000000000000033e-02
