53767.220 18.287 0.010
53768.270 18.004 0.013
53771.220 17.071 0.010
53772.210 16.841 0.009
53773.170 16.637 0.008
53774.210 16.471 0.008
53775.060 16.330 0.006
53778.210 16.093 0.011
53781.220 16.086 0.008
53783.130 16.206 0.009
53784.220 16.316 0.010
53785.240 16.408 0.010
53786.270 16.498 0.011
53788.270 16.726 0.011
53790.120 16.918 0.007
53795.140 17.369 0.008
53798.180 17.559 0.013
53799.200 17.616 0.010
53801.150 17.706 0.013
53802.180 17.775 0.012
53805.130 17.872 0.015
53809.140 18.013 0.020
53815.100 18.116 0.014
53819.120 18.159 0.013
53824.140 18.216 0.014
53831.100 18.283 0.016
53835.050 18.302 0.013
53840.080 18.366 0.019
53845.040 18.395 0.016
53853.070 18.485 0.013
53866.030 18.622 0.020
53867.000 18.649 0.023
53870.050 18.705 0.022
53871.020 18.710 0.019
53872.010 18.725 0.020
53890.040 18.981 0.024
