53767.220 17.539 0.008
53768.270 17.174 0.008
53771.220 16.398 0.009
53772.210 16.220 0.010
53773.170 16.061 0.006
53774.210 15.917 0.008
53775.060 15.795 0.005
53781.220 15.487 0.008
53783.130 15.494 0.010
53784.220 15.528 0.010
53785.240 15.565 0.011
53786.270 15.612 0.012
53788.270 15.716 0.011
53790.120 15.848 0.006
53795.140 16.168 0.006
53798.180 16.330 0.009
53799.200 16.394 0.009
53801.150 16.492 0.012
53802.180 16.541 0.010
53805.130 16.676 0.009
53809.140 16.839 0.011
53815.100 16.998 0.011
53819.120 17.096 0.010
53824.140 17.211 0.012
53831.100 17.331 0.013
53835.050 17.393 0.009
53840.080 17.483 0.012
53845.040 17.562 0.013
53853.070 17.710 0.010
53866.030 17.932 0.014
53867.000 17.947 0.017
53870.050 18.005 0.015
53871.020 18.023 0.015
53872.010 18.037 0.017
53890.040 18.341 0.016
