53773.300 15.812 0.022
53773.310 15.788 0.022
53776.240 15.432 0.015
53776.250 15.419 0.015
53777.230 15.382 0.022
53777.240 15.337 0.023
53779.180 15.249 0.020
53779.190 15.210 0.023
53782.260 15.146 0.018
53782.270 15.118 0.020
53784.210 15.114 0.019
53784.220 15.178 0.021
53786.220 15.110 0.025
53786.220 15.207 0.021
53787.200 15.180 0.020
53787.210 15.109 0.024
53789.240 15.222 0.018
53789.250 15.218 0.024
53796.240 15.428 0.023
53796.240 15.444 0.023
53800.160 15.527 0.014
53800.170 15.515 0.014
53803.240 15.563 0.021
53803.240 15.570 0.021
53807.220 15.789 0.021
53807.230 15.744 0.019
53810.220 15.812 0.022
53810.220 15.818 0.021
53814.110 15.953 0.023
53814.110 15.954 0.030
53817.170 16.012 0.025
53817.170 16.047 0.025
53822.150 16.176 0.021
53822.160 16.143 0.023
53826.090 16.220 0.020
53826.100 16.220 0.022
53832.100 16.391 0.028
53832.110 16.395 0.030
53837.160 16.501 0.036
53837.160 16.542 0.037
53843.100 16.642 0.026
53843.110 16.663 0.021
53846.070 16.727 0.029
53846.080 16.712 0.030
53848.100 16.766 0.046
53848.100 16.847 0.041
53860.090 17.128 0.043
53860.100 17.146 0.042
53868.060 17.286 0.038
53868.070 17.326 0.042
