53776.339 15.854 0.027
53777.302 15.759 0.019
53779.321 15.629 0.016
53786.332 15.599 0.016
53787.334 15.633 0.016
53788.312 15.674 0.015
53794.281 15.940 0.013
53797.272 16.071 0.024
53798.290 16.061 0.015
53800.265 16.169 0.015
53803.294 16.317 0.016
53811.250 16.608 0.018
53815.231 16.714 0.019
53817.235 16.791 0.019
53818.228 16.810 0.029
53827.195 16.966 0.019
53828.174 17.020 0.037
53831.160 17.084 0.024
53832.204 17.148 0.024
53833.145 17.087 0.036
53837.179 17.224 0.022
53840.195 17.288 0.031
53841.151 17.270 0.023
53843.157 17.355 0.023
53845.151 17.375 0.019
