53776.337 15.779 0.024
53777.300 15.657 0.018
53779.320 15.572 0.020
53786.330 15.607 0.015
53787.333 15.659 0.015
53788.310 15.728 0.014
53794.280 16.112 0.013
53797.270 16.302 0.023
53798.288 16.306 0.015
53800.263 16.444 0.016
53803.293 16.601 0.019
53807.251 16.860 0.027
53808.240 16.848 0.026
53811.248 16.920 0.023
53815.229 17.008 0.021
53817.233 17.077 0.022
53818.226 17.063 0.030
53827.193 17.248 0.019
53828.172 17.281 0.030
53831.157 17.360 0.027
53832.202 17.321 0.019
53833.143 17.382 0.025
53837.177 17.454 0.024
53840.192 17.546 0.041
53841.149 17.494 0.025
53843.154 17.562 0.022
53845.148 17.583 0.025
