53773.300 15.549 0.068
53773.310 15.468 0.072
53776.240 15.212 0.021
53776.250 15.182 0.018
53777.230 15.145 0.026
53777.240 15.139 0.020
53779.180 15.064 0.026
53779.190 14.973 0.021
53782.260 14.878 0.019
53782.270 14.838 0.016
53784.210 14.936 0.072
53784.220 14.878 0.048
53786.220 14.874 0.048
53786.220 14.907 0.076
53787.200 14.804 0.069
53787.210 14.818 0.064
53789.240 14.796 0.020
53789.250 14.780 0.018
53796.240 14.912 0.018
53796.240 14.919 0.017
53800.160 15.008 0.017
53800.170 15.018 0.014
53803.240 15.111 0.028
53803.240 15.126 0.026
53807.220 15.230 0.018
53807.230 15.248 0.020
53810.220 15.315 0.024
53810.220 15.339 0.023
53814.110 15.393 0.023
53814.110 15.435 0.022
53817.170 15.481 0.020
53817.170 15.519 0.021
53822.150 15.672 0.028
53822.160 15.641 0.031
53826.090 15.778 0.031
53826.100 15.753 0.028
53832.100 15.993 0.046
53832.110 15.974 0.046
53843.100 16.179 0.102
53843.110 16.286 0.048
53846.070 16.379 0.047
53846.080 16.344 0.047
53848.100 16.504 0.093
53860.090 16.698 0.081
53860.100 16.668 0.096
53868.060 16.842 0.052
53868.070 16.891 0.061
