53767.220 18.775 0.019
53768.270 18.559 0.018
53770.368 17.797 0.025
53771.220 17.521 0.014
53772.210 17.265 0.016
53773.170 17.042 0.012
53774.210 16.851 0.012
53775.060 16.706 0.011
53778.210 16.461 0.014
53779.333 16.848 0.052
53781.220 16.504 0.012
53783.130 16.659 0.012
53784.220 16.793 0.013
53785.240 16.934 0.013
53786.270 17.041 0.014
53786.343 17.098 0.019
53787.336 17.233 0.020
53788.270 17.290 0.014
53788.314 17.371 0.018
53790.120 17.547 0.015
53794.283 17.979 0.023
53795.140 18.036 0.019
53797.283 18.340 0.044
53798.180 18.263 0.016
53798.291 18.334 0.027
53799.200 18.310 0.016
53800.277 18.427 0.038
53801.150 18.408 0.019
53802.180 18.461 0.018
53803.296 18.594 0.083
53805.130 18.528 0.021
53809.140 18.644 0.034
53811.252 18.856 0.094
53815.100 18.741 0.019
53815.237 18.803 0.051
53817.241 18.762 0.059
53818.230 18.690 0.089
53819.120 18.778 0.018
53824.140 18.777 0.019
53827.201 18.779 0.055
53831.100 18.816 0.021
53831.165 18.892 0.084
53832.205 18.877 0.090
53833.151 18.945 0.057
53835.050 18.799 0.024
53840.080 18.842 0.026
53840.200 18.811 0.194
53841.156 19.056 0.095
53843.162 18.931 0.042
53845.040 18.884 0.020
53845.156 19.023 0.053
53853.070 18.974 0.020
53866.030 19.142 0.035
53867.000 19.129 0.032
53870.050 19.207 0.041
53871.020 19.147 0.027
53872.010 19.217 0.026
53890.040 19.467 0.034
