53767.220 17.628 0.010
53768.270 17.276 0.012
53771.220 16.493 0.011
53772.210 16.318 0.011
53773.170 16.144 0.006
53774.210 16.024 0.008
53775.060 15.901 0.007
53778.210 15.642 0.012
53781.220 15.527 0.007
53783.130 15.505 0.008
53784.220 15.523 0.011
53785.240 15.520 0.011
53786.270 15.546 0.012
53788.270 15.629 0.011
53790.120 15.717 0.006
53795.140 15.918 0.006
53798.180 16.036 0.009
53799.200 16.070 0.006
53801.150 16.152 0.011
53802.180 16.205 0.010
53805.130 16.339 0.010
53809.140 16.477 0.011
53815.100 16.656 0.011
53819.120 16.770 0.011
53824.140 16.876 0.009
53831.100 17.030 0.013
53835.050 17.110 0.009
53840.080 17.212 0.009
53845.040 17.304 0.012
53853.070 17.508 0.010
53866.030 17.758 0.012
53867.000 17.788 0.015
53870.050 17.858 0.014
53871.020 17.866 0.012
53872.010 17.884 0.016
53890.040 18.265 0.016
