53767.220 17.896 0.012
53768.270 17.551 0.010
53770.362 16.853 0.015
53771.220 16.650 0.009
53772.210 16.459 0.010
53773.170 16.273 0.008
53774.210 16.118 0.008
53775.060 15.998 0.006
53776.341 15.931 0.022
53777.304 15.868 0.026
53778.210 15.764 0.013
53779.323 15.741 0.014
53781.220 15.708 0.008
53783.130 15.752 0.008
53784.220 15.808 0.009
53785.240 15.871 0.009
53786.270 15.946 0.013
53786.334 15.912 0.013
53787.330 15.991 0.013
53788.270 16.107 0.013
53788.308 16.082 0.013
53790.120 16.280 0.008
53794.277 16.570 0.013
53795.140 16.700 0.007
53797.273 16.838 0.030
53798.180 16.879 0.010
53798.286 16.815 0.014
53799.200 16.936 0.007
53800.267 16.919 0.016
53801.150 17.045 0.011
53802.180 17.093 0.010
53803.290 17.070 0.025
53805.130 17.253 0.010
53808.245 17.341 0.061
53809.140 17.368 0.011
53811.246 17.486 0.032
53815.100 17.509 0.012
53815.234 17.442 0.025
53817.238 17.538 0.024
53818.224 17.600 0.044
53819.120 17.592 0.013
53824.140 17.663 0.011
53827.198 17.658 0.026
53828.176 17.748 0.070
53831.100 17.754 0.014
53831.162 17.782 0.041
53832.199 17.780 0.039
53833.148 17.828 0.053
53835.050 17.804 0.013
53837.182 17.918 0.030
53840.080 17.865 0.013
53841.153 17.895 0.036
53843.159 17.889 0.030
53845.040 17.913 0.011
53845.153 17.905 0.024
53853.070 18.067 0.012
53866.030 18.285 0.017
53867.000 18.300 0.020
53870.050 18.319 0.017
53871.020 18.310 0.014
53872.010 18.359 0.018
53890.040 18.625 0.018
