5.377624000000022352e+04 1.521199999999999974e+01 2.100000000000000130e-02
5.377625000000000000e+04 1.518200000000000038e+01 1.799999999999999864e-02
5.377722999999998137e+04 1.514499999999999957e+01 2.599999999999999881e-02
5.377724000000022352e+04 1.513899999999999935e+01 2.000000000000000042e-02
5.377918000000016764e+04 1.506400000000000006e+01 2.599999999999999881e-02
5.377918999999994412e+04 1.497300000000000075e+01 2.100000000000000130e-02
5.378225999999977648e+04 1.487800000000000011e+01 1.899999999999999953e-02
5.378227000000001863e+04 1.483799999999999919e+01 1.600000000000000033e-02
5.378924000000022352e+04 1.479599999999999937e+01 2.000000000000000042e-02
5.378925000000000000e+04 1.477999999999999936e+01 1.799999999999999864e-02
5.379624000000022352e+04 1.491900000000000048e+01 1.700000000000000122e-02
5.379624000000022352e+04 1.491200000000000081e+01 1.799999999999999864e-02
5.380016000000014901e+04 1.500799999999999912e+01 1.700000000000000122e-02
5.380016999999992549e+04 1.501800000000000068e+01 1.400000000000000029e-02
5.380324000000022352e+04 1.512599999999999945e+01 2.599999999999999881e-02
5.380324000000022352e+04 1.511100000000000065e+01 2.800000000000000058e-02
5.380722000000020489e+04 1.523000000000000043e+01 1.799999999999999864e-02
5.380722999999998137e+04 1.524799999999999933e+01 2.000000000000000042e-02
5.381022000000020489e+04 1.531499999999999950e+01 2.400000000000000050e-02
5.381022000000020489e+04 1.533900000000000041e+01 2.299999999999999961e-02
5.381410999999986961e+04 1.539300000000000068e+01 2.299999999999999961e-02
5.381410999999986961e+04 1.543500000000000050e+01 2.199999999999999872e-02
5.381716999999992549e+04 1.548099999999999987e+01 2.000000000000000042e-02
5.381716999999992549e+04 1.551900000000000013e+01 2.100000000000000130e-02
5.382214999999990687e+04 1.567200000000000060e+01 2.800000000000000058e-02
5.382216000000014901e+04 1.564100000000000001e+01 3.099999999999999978e-02
5.382608999999985099e+04 1.577800000000000047e+01 3.099999999999999978e-02
5.382610000000009313e+04 1.575300000000000011e+01 2.800000000000000058e-02
5.383716000000014901e+04 nan nan
5.383716000000014901e+04 nan nan
5.384810000000009313e+04 1.650400000000000134e+01 9.299999999999999933e-02
5.384810000000009313e+04 nan nan
5.386008999999985099e+04 1.669800000000000040e+01 8.100000000000000255e-02
5.386010000000009313e+04 1.666799999999999926e+01 9.600000000000000200e-02
5.386806000000005588e+04 1.684199999999999875e+01 5.199999999999999761e-02
5.386806999999983236e+04 1.689099999999999824e+01 6.099999999999999867e-02
#WIRC
5.377329999999981374e+04	15.118	6.800000000000000488e-02
5.377331000000005588e+04	15.037	7.199999999999999456e-02
5.378420999999996275e+04	14.505	7.199999999999999456e-02
5.378422000000020489e+04	14.447	4.800000000000000100e-02
5.378622000000020489e+04	14.476	7.599999999999999811e-02
5.378622000000020489e+04	14.443	4.800000000000000100e-02
5.378720000000018626e+04	14.373	6.900000000000000577e-02
5.378720999999996275e+04	14.387	6.400000000000000133e-02
5.383210000000009313e+04	15.562	4.599999999999999922e-02
5.383210999999986961e+04	15.543	4.599999999999999922e-02
5.384310000000009313e+04	15.748	1.019999999999999934e-01
5.384310999999986961e+04	15.855	4.800000000000000100e-02
5.384606999999983236e+04	15.948	4.700000000000000011e-02
5.384608000000007451e+04	15.913	4.700000000000000011e-02
