5.376722000000020489e+04 1.753900000000000148e+01 8.000000000000000167e-03
5.376827000000001863e+04 1.717399999999999949e+01 8.000000000000000167e-03
5.377122000000020489e+04 1.639799999999999969e+01 8.999999999999999320e-03
5.377220999999996275e+04 1.621999999999999886e+01 1.000000000000000021e-02
5.377316999999992549e+04 1.606099999999999994e+01 6.000000000000000125e-03
5.377420999999996275e+04 1.591699999999999982e+01 8.000000000000000167e-03
5.377506000000005588e+04 1.579499999999999993e+01 5.000000000000000104e-03
5.377820999999996275e+04 nan nan
5.378122000000020489e+04 1.548700000000000010e+01 8.000000000000000167e-03
5.378312999999988824e+04 1.549399999999999977e+01 1.000000000000000021e-02
5.378422000000020489e+04 1.552800000000000047e+01 1.000000000000000021e-02
5.378524000000022352e+04 1.556499999999999950e+01 1.099999999999999936e-02
5.378627000000001863e+04 1.561200000000000010e+01 1.200000000000000025e-02
5.378827000000001863e+04 1.571599999999999930e+01 1.099999999999999936e-02
5.379012000000011176e+04 1.584800000000000075e+01 6.000000000000000125e-03
5.379514000000013039e+04 1.616799999999999926e+01 6.000000000000000125e-03
5.379818000000016764e+04 1.632999999999999829e+01 8.999999999999999320e-03
5.379920000000018626e+04 1.639399999999999835e+01 8.999999999999999320e-03
5.380114999999990687e+04 1.649200000000000088e+01 1.200000000000000025e-02
5.380218000000016764e+04 1.654100000000000037e+01 1.000000000000000021e-02
5.380512999999988824e+04 1.667599999999999838e+01 8.999999999999999320e-03
5.380914000000013039e+04 1.683899999999999864e+01 1.099999999999999936e-02
5.381510000000009313e+04 1.699800000000000111e+01 1.099999999999999936e-02
5.381912000000011176e+04 1.709600000000000009e+01 1.000000000000000021e-02
5.382414000000013039e+04 1.721099999999999852e+01 1.200000000000000025e-02
5.383110000000009313e+04 1.733099999999999952e+01 1.299999999999999940e-02
5.383504999999981374e+04 1.739300000000000068e+01 8.999999999999999320e-03
5.384008000000007451e+04 1.748300000000000054e+01 1.200000000000000025e-02
5.384504000000003725e+04 1.756200000000000117e+01 1.299999999999999940e-02
5.385306999999983236e+04 1.771000000000000085e+01 1.000000000000000021e-02
5.386602999999979511e+04 1.793199999999999861e+01 1.400000000000000029e-02
5.386700000000000000e+04 1.794699999999999918e+01 1.700000000000000122e-02
5.387004999999981374e+04 1.800499999999999901e+01 1.499999999999999944e-02
5.387102000000001863e+04 1.802299999999999969e+01 1.499999999999999944e-02
5.387200999999977648e+04 1.803699999999999903e+01 1.700000000000000122e-02
5.389004000000003725e+04 1.834100000000000108e+01 1.600000000000000033e-02
