53773.300 15.611 0.036
53773.310 15.631 0.034
53776.240 15.301 0.016
53776.250 15.261 0.016
53777.230 15.223 0.020
53777.240 15.227 0.020
53779.180 15.101 0.019
53779.190 15.066 0.018
53782.260 14.996 0.016
53782.270 14.988 0.017
53784.210 15.025 0.021
53784.220 15.015 0.032
53786.220 15.018 0.036
53786.220 15.054 0.022
53787.200 15.003 0.027
53787.210 14.999 0.030
53789.240 14.990 0.019
53789.250 15.024 0.019
53796.240 15.198 0.016
53796.240 15.217 0.019
53800.160 15.380 0.016
53800.170 15.336 0.016
53803.240 15.435 0.021
53803.240 15.457 0.023
53807.220 15.650 0.024
53807.230 15.618 0.022
53810.220 15.761 0.021
53810.220 15.774 0.025
53814.110 15.858 0.025
53814.110 15.861 0.025
53817.170 15.965 0.023
53817.170 15.967 0.025
53822.150 16.198 0.034
53822.160 16.184 0.028
53826.090 16.345 0.040
53826.100 16.252 0.029
53832.100 16.454 0.024
53832.110 16.506 0.025
53837.160 16.676 0.047
53837.160 16.696 0.043
53843.100 16.848 0.022
53843.110 16.770 0.057
53846.070 16.955 0.025
53846.080 16.957 0.025
53848.100 16.940 0.071
53848.100 17.122 0.062
53860.090 17.578 0.123
53868.060 17.680 0.064
53868.070 17.704 0.078
