54115.100 18.150 0.060
54116.100 18.170 0.060
54117.100 18.430 0.050
54117.237 19.028 0.059
54118.165 18.892 0.153
54118.200 18.260 0.060
54119.100 18.440 0.050
54120.200 18.620 0.080
54123.100 18.600 0.070
54124.100 18.700 0.050
54125.100 18.730 0.070
54128.100 18.660 0.110
54134.300 18.770 0.100
54135.100 19.060 0.080
54135.140 19.756 0.153
54138.114 20.260 0.193
54139.155 20.337 0.221
54140.203 20.431 0.236
54141.100 19.250 0.080
54144.119 20.614 0.248
54147.100 19.100 0.090
54148.100 19.140 0.100
54149.100 19.180 0.110
54153.100 19.130 0.090
