53733.382 18.203 0.025
53734.427 18.132 0.026
53736.464 18.237 0.030
53737.432 18.163 0.030
53739.503 18.140 0.029
53743.469 18.195 0.030
53745.385 18.271 0.030
53746.501 18.354 0.051
53748.474 18.432 0.059
53755.353 18.799 0.061
53761.359 19.223 0.071
53764.392 19.367 0.096
53765.326 19.204 0.090
53766.480 19.239 0.042
53768.368 19.362 0.047
53776.396 19.447 0.113
53777.285 19.665 0.298
53779.304 19.615 0.190
53781.288 19.662 0.104
53786.298 19.740 0.122
53787.277 19.755 0.097
53788.295 19.850 0.093
53794.222 19.835 0.108
53797.243 19.945 0.097
53798.255 19.871 0.088
53799.317 19.848 0.081
53803.281 19.972 0.135
53807.245 19.959 0.142
53811.233 19.999 0.134
53817.227 20.155 0.162
53827.236 20.389 0.152
53838.123 20.543 0.237
