53732.500 17.710 0.020
53734.300 17.680 0.040
53736.500 17.630 0.030
53739.300 17.680 0.020
53741.500 17.680 0.060
53743.200 17.810 0.040
53744.300 17.880 0.050
53745.200 17.920 0.060
53747.400 17.870 0.080
53748.200 18.140 0.150
53753.300 18.370 0.060
53755.200 18.490 0.080
53756.300 18.580 0.020
53757.200 18.600 0.030
53758.200 18.570 0.060
53761.300 18.730 0.070
53763.300 18.830 0.030
53764.200 18.920 0.170
53765.100 19.140 0.210
53766.100 18.880 0.040
53767.100 19.080 0.050
53768.200 18.980 0.050
53769.300 19.140 0.080
53770.300 19.030 0.050
53775.400 19.190 0.070
