53733.380 17.968 0.021
53734.426 17.953 0.022
53736.462 17.940 0.022
53737.431 17.897 0.021
53739.501 17.997 0.022
53743.468 18.120 0.022
53745.384 18.227 0.025
53746.500 18.317 0.038
53748.473 18.443 0.048
53748.485 18.472 0.059
53755.351 18.839 0.050
53761.357 19.392 0.072
53765.324 19.602 0.052
53766.478 19.633 0.049
53768.366 19.651 0.055
53774.383 19.720 0.415
53776.394 19.684 0.139
53779.303 19.931 0.236
53781.286 19.798 0.111
53786.297 20.148 0.142
53787.276 20.131 0.153
53788.293 20.043 0.284
53794.220 20.326 0.311
53797.241 20.385 0.295
53798.253 20.410 0.301
53799.315 20.412 0.302
53800.171 20.128 0.324
53800.233 20.389 0.323
53803.279 20.159 0.333
53807.242 20.129 0.338
53808.232 20.196 0.326
53811.230 20.493 0.364
