53732.500 17.980 0.030
53733.378 18.066 0.022
53733.400 17.960 0.040
53734.300 18.000 0.040
53734.423 18.076 0.023
53736.460 18.087 0.022
53736.500 18.000 0.050
53737.428 18.111 0.024
53739.300 18.080 0.030
53739.499 18.189 0.021
53741.500 18.250 0.070
53743.200 18.360 0.060
53743.465 18.419 0.030
53744.200 18.420 0.050
53745.200 18.620 0.090
53745.381 18.577 0.054
53746.497 18.732 0.099
53747.400 18.470 0.070
53748.200 18.560 0.110
53748.461 18.725 0.093
53753.300 19.030 0.060
53755.200 19.000 0.100
53755.349 19.279 0.096
53756.200 19.130 0.040
53757.200 19.110 0.040
53758.200 19.090 0.060
53761.354 19.526 0.088
53762.200 19.320 0.060
53763.200 19.380 0.050
53764.386 19.665 0.084
53765.100 19.720 0.200
53765.321 19.965 0.091
53766.100 19.350 0.100
53766.475 19.916 0.086
53767.100 19.460 0.040
53768.200 19.550 0.050
53768.362 19.902 0.071
53769.300 19.700 0.070
53770.300 19.570 0.050
53772.200 19.530 0.200
53775.400 19.820 0.100
53776.399 20.160 0.298
53786.300 20.089 0.245
53787.273 20.480 0.267
53788.291 20.496 0.236
53794.218 20.600 0.254
53797.246 20.839 0.312
53798.249 20.552 0.278
53799.319 20.436 0.340
