####### SN1993J ########## 

SN1993J_Lbol_BVRIYJH_total.dat
IIb
21.891110022098896 42.23540221415531 0.10452163001088226 0.0559280577608
Before peak :

No t_1/2
-0.9702864343826182
After peak :

t_1/2 = 14.794970687940175
-1.0003339305910501
5 -3176.5610736989493
10 -3228.744205406977
15 -3319.6345713984706
20 -3455.833568111747
25 -3648.2885080442716
30 -3914.757066748079
Tail fit : 0.045462213515116076 +- 2.824885210762034e-07
SN1993J 	 IIb 	 21.891110022098896 	 1.719500134605249e+42 	 42.23540221415531 	 0.10452163001088226 	 0.0559280577608 	 0.045462213515116076 	 None 	 14.794970687940175 	 99 	 48.2911100220988 	 0.03797150536971605

####### SN2004ex ########## 

SN2004ex_Lbol_BVRIYJH_total.dat
IIb
20.858375509728276 42.12514702431325 0.07749646492076137 0.0419416217626
Before peak :

No t_1/2
-0.9322771273679659
After peak :

t_1/2 = 17.30463734869111
-1.0066056282627027
5 -159.40548445796762
10 -166.17330960405272
15 -178.83667049946504
20 -200.2197107839934
25 -236.64974497650255
30 -304.47679686906525
Tail fit : 0.04892825928547654 +- 1.2873060282678985e-06
SN2004ex 	 IIb 	 20.858375509728276 	 1.3339729535880259e+42 	 42.12514702431325 	 0.07749646492076137 	 0.0419416217626 	 0.04892825928547654 	 None 	 17.30463734869111 	 99 	 30.458375509728242 	 1.6324526093985936

####### SN2004ff ########## 

SN2004ff_Lbol_BVRIYJH_total.dat
IIb
15.328769802497314 42.27867827043181 0.08261871413621455 0.0490253324903
After peak :

t_1/2 = 18.19178418947802
-1.0010930384479042
5 -958.9051716962853
10 -1027.6430297157654
15 -1167.1064908376543
20 -1440.9608796347081
25 -2063.814796600267
30 -4377.59433421589
Tail fit failed
SN2004ff 	 IIb 	 15.328769802497314 	 1.8996704642046202e+42 	 42.27867827043181 	 0.08261871413621455 	 0.0490253324903 	 None 	 None 	 18.19178418947802 	 99 	 23.928769802497285 	 0.5187333359230051

####### SN2004ff ########## 

SN2004ff_Lbol_BVRIYJH_total.dat
IIb
15.328769802497314 42.27867827043181 0.08261871413621455 0.0490253324903
After peak :

t_1/2 = 18.19178418947802
-1.0010930384479042
5 -958.9051716962853
10 -1027.6430297157654
15 -1167.1064908376543
20 -1440.9608796347081
25 -2063.814796600267
30 -4377.59433421589
Tail fit failed
SN2004ff 	 IIb 	 15.328769802497314 	 1.8996704642046202e+42 	 42.27867827043181 	 0.08261871413621455 	 0.0490253324903 	 None 	 None 	 18.19178418947802 	 99 	 23.928769802497285 	 0.5187333359230051

####### SN2004gq ########## 

SN2004gq_Lbol_BVRIYJH_total.dat
Ib
12.423871996075768 42.140186516533 0.0498936060762449 0.0380024378758
Before peak :

No t_1/2
-0.91504519713477
After peak :

t_1/2 = 22.23951898680486
-1.0003208697501413
5 -3260.0135109148014
10 -3436.8418625944937
15 -3778.437032297385
20 -4389.233175657657
25 -5540.962240154781
30 -8157.390364991689
Tail fit : 0.04877875430796882 +- 6.596886262273685e-07
SN2004gq 	 Ib 	 12.423871996075768 	 1.380977225813648e+42 	 42.140186516533 	 0.0498936060762449 	 0.0380024378758 	 0.04877875430796882 	 None 	 22.23951898680486 	 99 	 27.223871996075715 	 0.06763153170719072

####### SN2004gv ########## 

SN2004gv_Lbol_BVRIYJH_total.dat
Ib
22.378764339934783 42.273806147146296 0.11654891120730095 0.0788042041563
Before peak :

No t_1/2
-0.8943676396282229
After peak :

No t_1/2
-1.0041655706757993
5 -252.55782077036957
10 -261.5349290181287
15 -278.0106268335027
20 -304.9173894869943
25 -348.2884255167549
30 -421.6595499744854
Tail fit failed
SN2004gv 	 Ib 	 22.378764339934783 	 1.8784781470807133e+42 	 42.273806147146296 	 0.11654891120730095 	 0.0788042041563 	 None 	 None 	 None 	 99 	 33.178764339934744 	 1.2447005277155254

####### SN2005aw ########## 

SN2005aw_Lbol_BVRIYJH_total.dat
Ic
12.009233500105976 42.438953162672895 0.09649294521742921 0.074039609649
After peak :

t_1/2 = 21.52564102670147
-1.0040618710098999
5 -258.54964049916083
10 -274.764615146294
15 -306.8586931776804
20 -366.9145396801741
25 -490.48639184910564
30 -834.5270416690942
Tail fit failed
SN2005aw 	 Ic 	 12.009233500105976 	 2.747597817130508e+42 	 42.438953162672895 	 0.09649294521742921 	 0.074039609649 	 None 	 None 	 21.52564102670147 	 99 	 25.409233500105927 	 1.9564668355798176

####### SN2005em ########## 

SN2005em_Lbol_BVRIYJH_total.dat
Ic
13.431337812296663 42.19470472982102 0.06048376716078533 0.0452844788353
Before peak :

No t_1/2
-0.96357779558749
After peak :

t_1/2 = 18.85850137530717
-0.9986142430657164
5 753.7151925677848
10 789.9417054338186
15 858.719623968712
20 977.8894283316658
25 1190.180322499041
30 1619.7908027115766
Tail fit failed
SN2005em 	 Ic 	 13.431337812296663 	 1.5656862220352293e+42 	 42.19470472982102 	 0.06048376716078533 	 0.0452844788353 	 None 	 None 	 18.85850137530717 	 99 	 28.83133781229661 	 -0.3070471321475754

####### SN2005hg ########## 

SN2005hg_Lbol_BVRIYJH_total.dat
Ib
18.92914785912322 42.29287703544121 0.10402733395598499 0.0723641898719
Before peak :

No t_1/2
-0.9389895246668418
After peak :

t_1/2 = 23.703101130650147
-1.0001342717910489
5 -7799.361535307969
10 -8101.009251973013
15 -8659.186819746044
20 -9583.675696935738
25 -11108.563993991276
30 -13790.511688807359
Tail fit : 0.07113417840824908 +- 7.815753342181768e-06
SN2005hg 	 Ib 	 18.92914785912322 	 1.9628044568439523e+42 	 42.29287703544121 	 0.10402733395598499 	 0.0723641898719 	 0.07113417840824908 	 None 	 23.703101130650147 	 99 	 31.92914785912317 	 0.03949843744077697

####### SN2005kl ########## 

SN2005kl_Lbol_BVRIYJH_total.dat
Ic
18.489202130574874 41.81773504543013 0.03406643162356808 0.0238065375019
Before peak :

No t_1/2
-0.9553376892414592
After peak :

t_1/2 = 25.283449288832124
-1.0009617756405027
5 -1091.3542742088673
10 -1127.6752226449203
15 -1193.9035248265643
20 -1300.8767499881283
25 -1470.2787064744089
30 -1748.6472823791153
Tail fit : 0.023008917928891863 +- 1.4923488943515352e-06
SN2005kl 	 Ic 	 18.489202130574874 	 6.572567355353616e+41 	 41.81773504543013 	 0.03406643162356808 	 0.0238065375019 	 0.023008917928891863 	 None 	 25.283449288832124 	 99 	 34.28920213057482 	 0.07724909245110378

####### SN2005mf ########## 

SN2005mf_Lbol_BVRIYJH_total.dat
Ic
10.981740620982277 42.18877725940253 0.050458213187312376 0.0394597699289
After peak :

t_1/2 = 19.398383180753882
-0.997127513791099
5 364.96543342587995
10 400.902578716616
15 479.55137549484607
20 660.887025746236
25 1284.6248948273246
30 -8471.482949914724
Tail fit failed
SN2005mf 	 Ic 	 10.981740620982277 	 1.5444621139106128e+42 	 42.18877725940253 	 0.050458213187312376 	 0.0394597699289 	 None 	 None 	 19.398383180753882 	 99 	 20.78174062098224 	 -1.1345671300244664

####### SN2006aj ########## 

SN2006aj_Lbol_BVRIYJH_total.dat
Ic_GRB
10.17545014521454 42.701086983392685 0.15479480927873715 0.122958535081
Before peak :

No t_1/2
-0.7772150383126887
After peak :

No t_1/2
-0.822441390737434
5 5.214958860700824
10 7.474357469600437
15 20.503246251073755
20 -19.659080014730392
25 -6.485752310542771
30 -3.9447537225116838
Tail fit failed
SN2006aj 	 Ic_GRB 	 10.17545014521454 	 5.024432121198388e+42 	 42.701086983392685 	 0.15479480927873715 	 0.122958535081 	 None 	 None 	 None 	 99 	 12.375450145214542 	 -518.7195860469274

####### SN2006ba ########## 

SN2006ba_Lbol_BVRIYJH_total.dat
IIb
20.91295678471469 42.13904153627885 0.08021295016602374 0.0433838489926
Before peak :

No t_1/2
-0.835965633167091
After peak :

t_1/2 = 20.35570501181134
-0.9993050904765352
5 1512.4365103819634
10 1553.3433753400927
15 1626.667419516093
20 1741.7650325447705
25 1916.0582226820025
30 2183.019498065503
Tail fit failed
SN2006ba 	 IIb 	 20.91295678471469 	 1.3773411926310332e+42 	 42.13904153627885 	 0.08021295016602374 	 0.0433838489926 	 None 	 None 	 20.35570501181134 	 99 	 37.91295678471463 	 -0.10227925029138163

####### SN2006ep ########## 

SN2006ep_Lbol_BVRIYJH_total.dat
Ib
14.577034361970503 42.01371453168113 0.04287863076664889 0.0315248609328
Before peak :

No t_1/2
-0.9361788285189231
After peak :

No t_1/2
-0.9997103080042095
5 3609.142301905547
10 3818.7911874416372
15 4228.114447984864
20 4974.55731349714
25 6435.100572354397
30 10036.204298634071
Tail fit failed
SN2006ep 	 Ib 	 14.577034361970503 	 1.032082779159479e+42 	 42.01371453168113 	 0.04287863076664889 	 0.0315248609328 	 None 	 None 	 None 	 99 	 26.377034361970516 	 -0.05668235119854482

####### SN2006fo ########## 

SN2006fo_Lbol_BVRIYJH_total.dat
Ib
24.53066039122543 42.46136066861224 0.1952029893746607 0.130494397278
After peak :

No t_1/2
-0.9997371162236509
5 3993.7314421151063
10 4113.055554974065
15 4328.600165093611
20 4671.310113367426
25 5200.690568846324
30 6036.804513007137
Tail fit failed
SN2006fo 	 Ib 	 24.53066039122543 	 2.893081502878004e+42 	 42.46136066861224 	 0.1952029893746607 	 0.130494397278 	 None 	 None 	 None 	 99 	 36.13066039122539 	 -0.106045160999102

####### SN2006lc ########## 

SN2006lc_Lbol_BVRIYJH_total.dat
Ib
25.97954396066424 42.233334398249504 0.12148790251761397 0.0807928256594
Before peak :

No t_1/2
-0.7028382165679361
After peak :

No t_1/2
-0.9730012403642858
5 37.744237382899634
10 39.50544705832058
15 42.825785918421545
20 48.50733204469265
25 58.409688857344655
30 77.63275827624867
Tail fit failed
SN2006lc 	 Ib 	 25.97954396066424 	 1.711332500446777e+42 	 42.233334398249504 	 0.12148790251761397 	 0.0807928256594 	 None 	 None 	 None 	 99 	 29.57954396066423 	 -11.265302960575818

####### SN2006T ########## 

SN2006T_Lbol_BVRIYJH_total.dat
IIb
23.534311882374 42.209291487509894 0.10522406791788524 0.0554820097056
Before peak :

No t_1/2
-0.8430574138519069
After peak :

t_1/2 = 18.46093791840095
-1.0070279490566094
5 -150.35438136713063
10 -154.9728755201512
15 -163.3396037431932
20 -176.7063909885514
25 -197.50962478288307
30 -230.75743450130452
Tail fit : 0.04521046157838417 +- 7.603149792153555e-08
SN2006T 	 IIb 	 23.534311882374 	 1.619166416715091e+42 	 42.209291487509894 	 0.10522406791788524 	 0.0554820097056 	 0.04521046157838417 	 None 	 18.46093791840095 	 99 	 35.534311882373956 	 1.593291948845943

####### SN2007C ########## 

SN2007C_Lbol_BVRIYJH_total.dat
Ib
20.45434027708633 42.03890351831565 0.06237797020492842 0.0427804463841
After peak :

t_1/2 = 16.589944069808666
-1.0007771427726566
5 -1368.1208202198213
10 -1387.7020596859822
15 -1421.6144385317968
20 -1471.9771443353368
25 -1542.2267411203022
30 -1637.7643211244683
Tail fit : 0.03008891264149943 +- 4.1413007141152456e-07
SN2007C 	 Ib 	 20.45434027708633 	 1.0937133628859134e+42 	 42.03890351831565 	 0.06237797020492842 	 0.0427804463841 	 0.03008891264149943 	 None 	 16.589944069808666 	 99 	 51.65434027708622 	 0.04703412706252852

####### SN2007gr ########## 

SN2007gr_Lbol_BVRIYJH_total.dat
Ic
13.222621543374215 42.11298222222586 0.04943015041904413 0.0371371563732
Before peak :

No t_1/2
-0.8832228317780534
After peak :

t_1/2 = 18.618241795366217
-1.003789665127902
5 -276.9780899912023
10 -293.20889035460266
15 -324.96377439474793
20 -383.0961077816721
25 -497.6864742364691
30 -785.0894710525228
Tail fit : 0.02940809483983898 +- 6.467744029233787e-08
SN2007gr 	 Ic 	 13.222621543374215 	 1.2971261722478031e+42 	 42.11298222222586 	 0.04943015041904413 	 0.0371371563732 	 0.02940809483983898 	 None 	 18.618241795366217 	 99 	 26.222621543374167 	 0.8670286046891241

####### SN2007kj ########## 

SN2007kj_Lbol_BVRIYJH_total.dat
Ib
18.16085407291111 42.014763536986024 0.05272129380658839 0.0369749123414
Before peak :

No t_1/2
-0.8592596344651879
After peak :

t_1/2 = 14.929372200705973
-0.9936670486006427
5 164.23986648512889
10 175.2441217773001
15 197.24823670793486
20 239.23982505316923
25 329.14997079899405
30 607.4801386160477
Tail fit : 0.031071635778148542 +- 5.17627610958349e-07
SN2007kj 	 Ib 	 18.16085407291111 	 1.0345787098029098e+42 	 42.014763536986024 	 0.05272129380658839 	 0.0369749123414 	 0.031071635778148542 	 None 	 14.929372200705973 	 99 	 24.760854072911087 	 -1.7715580277055665

####### SN2007uy ########## 

SN2007uy_Lbol_BVRIYJH_total.dat
Ib
19.358271236959794 42.57905883138129 0.20537942155953434 0.142259939015
Before peak :

No t_1/2
-0.9065275522422984
After peak :

t_1/2 = 18.958401026520136
-0.9988538413917347
5 911.9714953237255
10 950.7089058930711
15 1023.1321757162045
20 1145.2507306804298
25 1352.80192823271
30 1737.557425942138
Tail fit : 0.10249691868019135 +- 5.1809829361360885e-06
SN2007uy 	 Ib 	 19.358271236959794 	 3.7936637207849815e+42 	 42.57905883138129 	 0.20537942155953434 	 0.142259939015 	 0.10249691868019135 	 None 	 18.958401026520136 	 99 	 30.558271236959754 	 -0.7444431666314699

####### SN2007Y ########## 

SN2007Y_Lbol_BVRIYJH_total.dat
Ib
20.182982908272976 41.681799075508344 0.02706753371514393 0.0186069494663
Before peak :

t_1/2 = 10.482606353679781
-0.9423084881683342
After peak :

t_1/2 = 18.802258930707048
-1.0028277771601815
5 -371.1150448200274
10 -386.36795645116223
15 -414.7892590068457
20 -462.43290323122386
25 -542.6114252383821
30 -688.6497968213629
FWHM: 29.28486528438683
Tail fit failed
SN2007Y 	 Ib 	 20.182982908272976 	 4.806169416256304e+41 	 41.681799075508344 	 0.02706753371514393 	 0.0186069494663 	 None 	 10.482606353679781 	 18.802258930707048 	 29.28486528438683 	 30.982982908272987 	 0.2337046368776352

####### SN2008aq ########## 

SN2008aq_Lbol_BVRIYJH_total.dat
IIb
20.588407614493466 41.79551781110522 0.03583622111684188 0.0194580975527
Before peak :

No t_1/2
-0.9147444968752068
After peak :

t_1/2 = 21.869145387891077
-0.9996805191821105
5 3273.215701596489
10 3421.9582529864833
15 3702.354345933121
20 4182.0820185821785
25 5017.994227323109
30 6639.978002977855
Tail fit : 0.019321533032704223 +- 4.001985015809066e-07
SN2008aq 	 IIb 	 20.588407614493466 	 6.2447896062754395e+41 	 41.79551781110522 	 0.03583622111684188 	 0.0194580975527 	 0.019321533032704223 	 None 	 21.869145387891077 	 99 	 29.588407614493434 	 -0.03929201705277219

####### SN2008ax ########## 

SN2008ax_Lbol_BVRIYJH_total.dat
IIb
21.865974648167978 41.885226006761414 0.0466191809543303 0.024951674976
Before peak :

No t_1/2
-0.9031204182821642
After peak :

t_1/2 = 18.938583104827515
-0.9981652038082729
5 568.9737851336456
10 597.0859614770144
15 650.6539539792888
20 744.0811646807254
25 912.4613552089529
30 1261.0510122324445
Tail fit : 0.022755176846416036 +- 8.681567927470378e-09
SN2008ax 	 IIb 	 21.865974648167978 	 7.677609280521095e+41 	 41.885226006761414 	 0.0466191809543303 	 0.024951674976 	 0.022755176846416036 	 None 	 18.938583104827515 	 99 	 28.46597464816795 	 -0.3235183377647832

####### SN2008D ########## 

SN2008D_Lbol_BVRIYJH_total.dat
Ib
20.418181818183548 42.144994391573185 0.0795054372408142 0.0545435922674
Before peak :

t_1/2 = 13.749031026736453
-0.9890205843894012
After peak :

t_1/2 = 20.58297304116234
-0.9991561450339096
5 1238.481705800762
10 1296.3147774669465
15 1405.7075709542348
20 1593.9996129673998
25 1925.5530941755135
30 2581.7325355347243
FWHM: 34.332004067898794
Tail fit : 0.04275524058279478 +- 4.4624647656111675e-07
SN2008D 	 Ib 	 20.418181818183548 	 1.3963503286389505e+42 	 42.144994391573185 	 0.0795054372408142 	 0.0545435922674 	 0.04275524058279478 	 13.749031026736453 	 20.58297304116234 	 34.332004067898794 	 29.21818181818355 	 -0.2376811918530786

####### SN2008hh ########## 

SN2008hh_Lbol_BVRIYJH_total.dat
Ic
11.182939150929126 42.239960587744925 0.05759146626609973 0.044867272729
After peak :

No t_1/2
-0.9397037779191445
5 16.66751443133632
10 19.61218038411869
15 27.540241098062122
20 60.839910346534396
25 -124.64950372657036
30 -27.499724754672457
Tail fit failed
SN2008hh 	 Ic 	 11.182939150929126 	 1.7376431303564302e+42 	 42.239960587744925 	 0.05759146626609973 	 0.044867272729 	 None 	 None 	 None 	 99 	 16.582939150929107 	 -41.85803373866204

####### SN2009bb ########## 

SN2009bb_Lbol_BVRIYJH_total.dat
Ic
12.771481760136789 42.64956127943958 0.16503956488521712 0.124948051154
Before peak :

No t_1/2
-0.8800600178362935
After peak :

t_1/2 = 16.0617486845386
-0.999672349122457
5 3243.6318203697383
10 3287.7808297477986
15 3364.094358585681
20 3477.0829448094287
25 3634.0060659049827
30 3846.1529363546674
Tail fit : 0.07510254979385775 +- 5.960207725118118e-06
SN2009bb 	 Ic 	 12.771481760136789 	 4.4623258405824797e+42 	 42.64956127943958 	 0.16503956488521712 	 0.124948051154 	 0.07510254979385775 	 None 	 16.0617486845386 	 99 	 52.97148176013664 	 -0.05045954354132576

####### SN2009iz ########## 

SN2009iz_Lbol_BVRIYJH_total.dat
Ib
28.83841489267614 42.1087669141901 0.09962272072781499 0.065897295882
Before peak :

No t_1/2
-0.9509037898137898
After peak :

t_1/2 = 28.919290333403914
-0.9986045880064677
5 756.1115996357694
10 771.7151943699561
15 799.2012707068704
20 841.139020339865
25 901.9848503017646
30 989.4488329601797
Tail fit : 0.0693276831434976 +- 4.961276803319174e-07
SN2009iz 	 Ib 	 28.83841489267614 	 1.2845970317855107e+42 	 42.1087669141901 	 0.09962272072781499 	 0.065897295882 	 0.0693276831434976 	 None 	 28.919290333403914 	 99 	 43.23841489267609 	 -0.1883569753335923

####### SN2009jf ########## 

SN2009jf_Lbol_BVRIYJH_total.dat
Ib
21.650411747193612 42.44958112845665 0.16939551389347657 0.115100028457
After peak :

t_1/2 = 24.7794473896445
-1.0039980692141182
5 -263.2512024451564
10 -272.1155880337606
15 -288.30073461438
20 -314.5025420685584
25 -356.1459051433201
30 -424.9793697227365
Tail fit : 0.1087911923705118 +- 6.995578589075979e-07
SN2009jf 	 Ib 	 21.650411747193612 	 2.8156659469780606e+42 	 42.44958112845665 	 0.16939551389347657 	 0.115100028457 	 0.1087911923705118 	 None 	 24.7794473896445 	 99 	 34.050411747193564 	 1.62537638869642

####### SN2009K ########## 

SN2009K_Lbol_BVRIYJH_total.dat
IIb
27.055795357535715 42.29985202526868 0.14664557064072736 0.0758604041642
Before peak :

t_1/2 = 16.373291548371654
-0.9930656206031727
After peak :

No t_1/2
-0.7754050130698154
5 3.6570618785451434
10 3.8737630597807344
15 4.283514944638185
20 4.988357842472945
25 6.228122878841607
30 8.676664566975845
Tail fit failed
SN2009K 	 IIb 	 27.055795357535715 	 1.994582596197817e+42 	 42.29985202526868 	 0.14664557064072736 	 0.0758604041642 	 None 	 16.373291548371654 	 None 	 99 	 29.25579535753571 	 -116.30328700345194

####### SN2010as ########## 

SN2010as_Lbol_BVRIYJH_total.dat
IIb
17.679122406436484 42.48368637067443 0.15131106004011377 0.0857675068379
Before peak :

t_1/2 = 10.76485293331195
-0.9185141995517938
After peak :

t_1/2 = 21.08247658068285
-0.9980276540235986
5 529.2861058107997
10 554.2808832686418
15 601.6213209542304
20 683.2968856443699
25 827.7051949669548
30 1115.7443780568356
FWHM: 31.8473295139948
Tail fit : 0.08849120253667588 +- 1.0600418275395197e-05
SN2010as 	 IIb 	 17.679122406436484 	 3.0456947218050015e+42 	 42.48368637067443 	 0.15131106004011377 	 0.0857675068379 	 0.08849120253667588 	 10.76485293331195 	 21.08247658068285 	 31.8473295139948 	 29.07912240643644 	 -1.0700348093095613

####### SN2010bh ########## 

SN2010bh_Lbol_BVRIYJH_total.dat
Ic_GRB
9.235108593013308 42.57821694615697 0.10870113678375729 0.0879942838455
Before peak :

No t_1/2
-0.8806088965546095
After peak :

No t_1/2
-0.9954124807593246
5 230.15239618821957
10 263.36432210116305
15 346.6036937082123
20 620.6228843572522
25 -45909.74153725624
30 -497.3801995845684
Tail fit failed
SN2010bh 	 Ic_GRB 	 9.235108593013308 	 3.7863167801123926e+42 	 42.57821694615697 	 0.10870113678375729 	 0.0879942838455 	 None 	 None 	 None 	 99 	 17.635108593013314 	 -5.385459425326644

####### SN2011fu ########## 

SN2011fu_Lbol_BVRIYJH_total.dat
IIb
22.30166830225709 42.366170887217415 0.14370852736031983 0.0765852351343
Before peak :

No t_1/2
-0.8435058329056117
After peak :

No t_1/2
-1.0003086900051177
5 -3409.694317345764
10 -3498.9347243237467
15 -3658.52619635985
20 -3908.088670816986
25 -4283.809303107321
30 -4854.226355400232
Tail fit failed
SN2011fu 	 IIb 	 22.30166830225709 	 2.3236509321483668e+42 	 42.366170887217415 	 0.14370852736031983 	 0.0765852351343 	 None 	 None 	 None 	 99 	 38.50166830225704 	 0.07841509828521165

####### SN2011dh ########## 

SN2011dh_Lbol_BVRIYJH_total.dat
IIb
20.25449101796549 42.04195686529871 0.06223833162692932 0.0339358383691
Before peak :

t_1/2 = 10.830778963000471
-0.9200334536970828
After peak :

t_1/2 = 22.822689500172228
-1.0003378817659696
5 -3146.0531578297423
10 -3190.3968139451263
15 -3267.1485468600135
20 -3381.0232769435534
25 -3539.6489117888636
30 -3754.974254783442
FWHM: 33.6534684631727
Tail fit : 0.03917427135833756 +- 2.686938815851495e-08
SN2011dh 	 IIb 	 20.25449101796549 	 1.1014299086359663e+42 	 42.04195686529871 	 0.06223833162692932 	 0.0339358383691 	 0.03917427135833756 	 10.830778963000471 	 22.822689500172228 	 33.6534684631727 	 52.054491017965375 	 0.020156660709980123

####### SN2011hs ########## 

SN2011hs_Lbol_BVRIYJH_total.dat
IIb
17.294481455700158 41.92918398095113 0.04133898055453057 0.0235921168401
Before peak :

No t_1/2
-0.8033751527136744
After peak :

t_1/2 = 14.126578049536374
-1.0038923439235805
5 -269.6673453559324
10 -284.63070335458605
15 -313.6525399991948
20 -365.9292659912808
25 -465.8641004672379
30 -699.7307030933225
Tail fit failed
SN2011hs 	 IIb 	 17.294481455700158 	 8.495402910950095e+41 	 41.92918398095113 	 0.04133898055453057 	 0.0235921168401 	 None 	 None 	 14.126578049536374 	 99 	 26.894481455700124 	 0.700333336773884

####### SN2013df ########## 

SN2013df_Lbol_BVRIYJH_total.dat
IIb
21.923343974460735 42.21160707609828 0.09908474885068363 0.0530014818046
Before peak :

No t_1/2
-0.9259046448262302
After peak :

t_1/2 = 14.807380305955512
-0.9931132718366833
5 150.86769486305383
10 158.1081340061405
15 171.84216261699044
20 195.60063526240037
25 237.8049225243577
30 322.74824715896216
Tail fit : 0.05765292289908408 +- 3.124099430142259e-07
SN2013df 	 IIb 	 21.923343974460735 	 1.6278226088098265e+42 	 42.21160707609828 	 0.09908474885068363 	 0.0530014818046 	 0.05765292289908408 	 None 	 14.807380305955512 	 99 	 28.923343974460707 	 -2.479853675526056

####### SN2016coi ########## 

SN2016coi_Lbol_BVRIYJH_total.dat
Ic
19.49302510960224 42.41284918589319 0.1409944089727299 0.0975361187429
Before peak :

No t_1/2
-0.9565301064279705
After peak :

t_1/2 = 23.840658068793676
-0.9983929794472279
5 649.721799691476
10 683.2401632058046
15 747.4981202862923
20 860.8047346613426
25 1069.0725978480602
30 1517.62634773793
Tail fit : 0.10240304309722037 +- 2.0323041394681535e-07
SN2016coi 	 Ic 	 19.49302510960224 	 2.58731428238631e+42 	 42.41284918589319 	 0.1409944089727299 	 0.0975361187429 	 0.10240304309722037 	 None 	 23.840658068793676 	 99 	 27.89302510960225 	 -0.9014822585950988

####### SN2017czd ########## 

SN2017czd_Lbol_BVRIYJH_total.dat
IIb
14.503942083600469 41.79368300076163 0.025718217258411186 0.0155456878733
Before peak :

No t_1/2
-0.5587282073835561
After peak :

No t_1/2
-0.9088819048846453
5 10.581691842365803
10 11.960637144628082
15 15.169216271370942
20 23.745848490637616
25 76.81248876751616
30 -49.00234059136724
Tail fit failed
SN2017czd 	 IIb 	 14.503942083600469 	 6.218462228975917e+41 	 41.79368300076163 	 0.025718217258411186 	 0.0155456878733 	 None 	 None 	 None 	 99 	 19.10394208360045 	 -21.748268559746155

