51481.050 19.876
51481.050 19.880
51482.080 20.687
51482.080 20.690
51482.110 20.500
51482.110 20.500
51484.050 20.980
51484.050 20.981
51485.100 20.040
51485.100 20.040
51486.040 19.248
51486.040 19.250
51487.030 18.788
51487.030 18.790
51488.080 18.420
51488.080 18.422
51488.130 18.359
51488.130 18.360
51488.140 18.307
51488.140 18.310
51489.030 18.196
51489.030 18.200
51490.030 17.975
51490.030 17.980
51490.130 17.760
51490.130 17.762
51490.140 17.686
51490.140 17.690
51492.020 17.679
51492.020 17.680
51492.120 17.426
51492.120 17.430
51492.130 17.780
51492.130 17.783
51493.040 17.560
51493.040 17.563
51495.070 17.460
51495.070 17.460
51495.090 17.300
51495.090 17.304
51495.100 17.265
51495.100 17.270
51496.060 17.500
51496.060 17.503
51497.040 17.486
51497.040 17.490
51497.050 17.370
51497.050 17.371
51498.040 17.520
51498.040 17.520
51498.040 17.537
51498.040 17.540
51498.050 17.450
51498.050 17.454
51498.060 17.559
51498.060 17.560
51499.060 17.560
51499.060 17.562
51499.070 17.528
51499.070 17.530
51499.160 17.607
51499.160 17.610
51500.040 17.570
51500.040 17.574
51500.050 17.610
51500.050 17.614
51501.020 17.618
51501.020 17.620
51501.030 17.720
51501.030 17.720
51501.050 17.855
51501.050 17.860
51501.070 17.810
51501.070 17.811
51503.020 17.980
51503.020 17.981
51503.030 18.210
51503.030 18.214
51505.030 18.350
51505.030 18.352
51506.050 18.480
51506.050 18.484
51508.080 18.966
51508.080 18.970
51509.050 19.040
51509.050 19.041
