51481.050 20.160 999.000
51481.050 20.164 0.064
51482.110 19.360 0.056
51482.110 19.360 999.000
51482.120 19.489 0.080
51482.120 19.490 999.000
51482.130 19.559 0.087
51482.130 19.560 999.000
51483.150 19.167 0.044
51483.150 19.170 999.000
51484.050 18.608 0.023
51484.050 18.610 999.000
51484.080 18.569 0.023
51484.080 18.570 999.000
51484.090 18.530 999.000
51484.090 18.533 0.027
51485.100 18.010 999.000
51485.100 18.014 0.024
51486.040 17.715 0.017
51486.040 17.720 999.000
51486.120 17.676 0.015
51486.120 17.680 999.000
51486.130 17.666 0.015
51486.130 17.670 999.000
51487.030 17.430 999.000
51487.030 17.431 0.015
51488.080 17.250 999.000
51488.080 17.254 0.016
51488.130 17.200 0.011
51488.130 17.200 999.000
51488.140 17.190 999.000
51488.140 17.194 0.011
51489.030 17.077 0.017
51489.030 17.080 999.000
51490.030 16.915 0.017
51490.030 16.920 999.000
51490.130 16.859 0.011
51490.130 16.860 999.000
51490.140 16.860 999.000
51490.140 16.863 0.011
51492.020 16.680 999.000
51492.020 16.683 0.015
51492.120 16.640 999.000
51492.120 16.643 0.011
51492.130 16.640 999.000
51492.130 16.642 0.011
51493.040 16.585 0.015
51493.040 16.590 999.000
51495.070 16.460 0.015
51495.070 16.460 999.000
51495.090 16.420 999.000
51495.090 16.424 0.011
51495.100 16.410 999.000
51495.100 16.412 0.011
51496.060 16.390 999.000
51496.060 16.393 0.015
51496.160 16.407 0.015
51496.160 16.410 999.000
51497.040 16.329 0.011
51497.040 16.330 999.000
51497.050 16.335 0.011
51497.050 16.340 999.000
51498.040 16.298 0.011
51498.040 16.300 999.000
51498.050 16.310 0.011
51498.050 16.310 999.000
51498.060 16.330 999.000
51498.060 16.331 0.015
51498.070 16.325 0.015
51498.070 16.330 999.000
51499.060 16.285 0.011
51499.060 16.290 999.000
51499.070 16.280 999.000
51499.070 16.283 0.011
51499.160 16.299 0.015
51499.160 16.300 999.000
51500.040 16.260 999.000
51500.040 16.263 0.011
51500.050 16.257 0.011
51500.050 16.260 999.000
51501.020 16.247 0.011
51501.020 16.250 999.000
51501.030 16.250 999.000
51501.030 16.253 0.011
51501.070 16.285 0.015
51501.070 16.290 999.000
51503.020 16.260 0.011
51503.020 16.260 999.000
51503.030 16.267 0.011
51503.030 16.270 999.000
51504.030 16.279 0.011
51504.030 16.280 999.000
51504.040 16.270 0.011
51504.040 16.270 999.000
51505.020 16.316 0.011
51505.020 16.320 999.000
51505.030 16.290 999.000
51505.030 16.294 0.011
51506.050 16.340 999.000
51506.050 16.343 0.015
51507.080 16.398 0.011
51507.080 16.400 999.000
51507.090 16.390 0.011
51507.090 16.390 999.000
51508.040 16.448 0.011
51508.040 16.450 999.000
51508.050 16.430 999.000
51508.050 16.433 0.011
51508.080 16.435 0.015
51508.080 16.440 999.000
51509.050 16.496 0.015
51509.050 16.500 999.000
51511.060 16.650 999.000
51511.060 16.654 0.011
51511.070 16.650 999.000
51511.070 16.651 0.011
51513.090 16.799 0.013
51513.090 16.800 999.000
51513.100 16.780 999.000
51513.100 16.782 0.013
51515.090 16.937 0.012
51515.090 16.940 999.000
51515.100 16.920 999.000
51515.100 16.921 0.012
51517.030 17.046 0.012
51517.030 17.050 999.000
51517.040 17.058 0.011
51517.040 17.060 999.000
51519.030 17.160 999.000
51519.030 17.162 0.012
51519.040 17.160 999.000
51519.040 17.162 0.011
51521.080 17.245 0.013
51521.080 17.250 999.000
51521.090 17.240 999.000
51521.090 17.242 0.014
