51481.050 19.816
51481.050 19.820
51482.110 19.590
51482.110 19.592
51482.120 19.328
51482.120 19.330
51482.130 19.316
51482.130 19.320
51483.150 18.990
51483.150 18.990
51484.050 18.510
51484.050 18.510
51484.080 18.340
51484.080 18.344
51484.090 18.388
51484.090 18.390
51485.100 17.969
51485.100 17.970
51486.040 17.630
51486.040 17.633
51486.120 17.547
51486.120 17.550
51486.130 17.600
51486.130 17.601
51487.030 17.350
51487.030 17.354
51488.080 17.160
51488.080 17.161
51488.130 17.070
51488.130 17.072
51488.140 17.000
51488.140 17.004
51489.030 16.940
51489.030 16.943
51490.030 16.800
51490.030 16.801
51490.130 16.735
51490.130 16.740
51490.140 16.748
51490.140 16.750
51492.020 16.510
51492.020 16.514
51492.120 16.490
51492.120 16.490
51492.130 16.488
51492.130 16.490
51493.040 16.427
51493.040 16.430
51495.070 16.278
51495.070 16.280
51495.090 16.230
51495.090 16.233
51495.100 16.220
51495.100 16.222
51496.060 16.185
51496.060 16.190
51497.040 16.090
51497.040 16.094
51497.050 16.116
51497.050 16.120
51498.040 16.068
51498.040 16.070
51498.050 16.070
51498.050 16.072
51498.060 16.097
51498.060 16.100
51498.070 16.100
51498.070 16.103
51499.060 16.029
51499.060 16.030
51499.070 16.015
51499.070 16.020
51499.160 16.050
51499.160 16.050
51500.040 15.986
51500.040 15.990
51500.050 15.980
51500.050 15.983
51501.020 15.980
51501.020 15.984
51501.030 15.967
51501.030 15.970
51501.070 16.039
51501.070 16.040
51503.020 15.966
51503.020 15.970
51503.030 15.970
51503.030 15.974
51504.030 15.988
51504.030 15.990
51504.040 15.970
51504.040 15.970
51505.020 15.988
51505.020 15.990
51505.030 15.990
51505.030 15.994
51506.050 16.070
51506.050 16.072
51507.080 16.038
51507.080 16.040
51507.090 16.070
51507.090 16.070
51508.040 16.089
51508.040 16.090
51508.050 16.120
51508.050 16.120
51508.080 16.130
51508.080 16.130
51509.050 16.170
51509.050 16.173
51511.060 16.230
51511.060 16.232
51511.070 16.240
51511.070 16.244
51513.090 16.337
51513.090 16.340
51513.100 16.337
51513.100 16.340
51515.090 16.480
51515.090 16.484
51515.100 16.450
51515.100 16.452
51517.030 16.570
51517.030 16.573
51517.040 16.568
51517.040 16.570
51519.030 16.629
51519.030 16.630
51519.040 16.639
51519.040 16.640
51521.080 16.680
51521.080 16.684
51521.090 16.770
51521.090 16.770
