51481.050 20.410
51481.050 20.414
51482.110 20.157
51482.110 20.160
51482.120 19.909
51482.120 19.910
51482.130 20.140
51482.130 20.141
51483.150 19.609
51483.150 19.610
51483.160 19.670
51483.160 19.673
51484.050 19.058
51484.050 19.060
51484.080 18.950
51484.080 18.951
51484.090 18.920
51484.090 18.922
51485.100 18.460
51485.100 18.461
51486.040 18.107
51486.040 18.110
51486.120 17.988
51486.120 17.990
51486.130 17.988
51486.130 17.990
51487.000 17.570
51487.030 17.790
51487.030 17.791
51488.000 17.570
51488.030 17.610
51488.030 17.613
51488.080 17.547
51488.080 17.550
51488.130 17.490
51488.130 17.494
51488.140 17.476
51488.140 17.480
51489.030 17.368
51489.030 17.370
51490.030 17.217
51490.030 17.220
51490.130 17.140
51490.130 17.141
51490.140 17.136
51490.140 17.140
51492.020 16.968
51492.020 16.970
51492.120 16.930
51492.120 16.931
51492.130 16.906
51492.130 16.910
51493.040 16.900
51493.040 16.900
51495.070 16.777
51495.070 16.780
51495.090 16.720
51495.090 16.720
51495.100 16.719
51495.100 16.720
51496.060 16.740
51496.060 16.740
51497.040 16.650
51497.040 16.653
51497.050 16.665
51497.050 16.670
51498.040 16.627
51498.040 16.630
51498.050 16.647
51498.050 16.650
51498.060 16.668
51498.060 16.670
51498.070 16.670
51498.070 16.670
51499.060 16.615
51499.060 16.620
51499.070 16.629
51499.070 16.630
51499.160 16.670
51499.160 16.671
51500.040 16.628
51500.040 16.630
51500.050 16.608
51500.050 16.610
51501.020 16.600
51501.020 16.600
51501.030 16.619
51501.030 16.620
51501.070 16.680
51501.070 16.680
51503.020 16.660
51503.020 16.660
51503.030 16.639
51503.030 16.640
51504.030 16.690
51504.030 16.691
51504.040 16.678
51504.040 16.680
51505.020 16.720
51505.020 16.723
51505.030 16.716
51505.030 16.720
51506.050 16.845
51506.050 16.850
51507.080 16.850
51507.080 16.851
51507.090 16.877
51507.090 16.880
51508.040 16.920
51508.040 16.922
51508.050 16.907
51508.050 16.910
51508.080 16.970
51508.080 16.972
51511.060 17.200
51511.060 17.203
51511.070 17.196
51511.070 17.200
51513.090 17.420
51513.090 17.421
51513.100 17.370
51513.100 17.371
51515.090 17.510
51515.090 17.514
51515.100 17.489
51515.100 17.490
51517.030 17.660
51517.030 17.663
51517.040 17.688
51517.040 17.690
51519.030 17.800
51519.030 17.803
51519.040 17.770
51519.040 17.774
51521.080 17.890
51521.080 17.894
51521.090 17.875
51521.090 17.880
