51481.050 20.626
51481.050 20.630
51482.080 20.689
51482.080 20.690
51482.110 20.966
51482.110 20.970
51482.130 20.690
51482.130 20.691
51484.050 20.339
51484.050 20.340
51484.080 20.180
51484.080 20.183
51484.090 20.058
51484.090 20.060
51485.100 19.509
51485.100 19.510
51486.040 18.920
51486.040 18.920
51486.120 18.928
51486.120 18.930
51486.130 18.858
51486.130 18.860
51487.030 18.525
51487.030 18.530
51488.080 18.250
51488.080 18.252
51488.130 18.236
51488.130 18.240
51488.140 18.210
51488.140 18.212
51489.030 18.020
51489.030 18.021
51490.030 17.830
51490.030 17.831
51490.130 17.835
51490.130 17.840
51490.140 17.810
51490.140 17.811
51492.020 17.550
51492.020 17.550
51492.120 17.556
51492.120 17.560
51492.130 17.565
51492.130 17.570
51493.040 17.470
51493.040 17.470
51495.070 17.379
51495.070 17.380
51495.090 17.390
51495.090 17.391
51495.100 17.395
51495.100 17.400
51496.060 17.355
51496.060 17.360
51496.160 17.326
51496.160 17.330
51497.040 17.340
51497.040 17.340
51497.050 17.350
51497.050 17.353
51498.040 17.360
51498.040 17.364
51498.050 17.350
51498.050 17.351
51498.060 17.330
51498.060 17.332
51498.070 17.330
51498.070 17.334
51499.060 17.360
51499.060 17.363
51499.070 17.375
51499.070 17.380
51499.160 17.376
51499.160 17.380
51500.040 17.408
51500.040 17.410
51500.050 17.410
51500.050 17.411
51501.020 17.450
51501.020 17.450
51501.030 17.418
51501.030 17.420
51501.070 17.470
51501.070 17.474
51503.020 17.540
51503.020 17.541
51503.030 17.560
51503.030 17.563
51504.030 17.620
51504.030 17.623
51504.040 17.620
51504.040 17.620
51505.020 17.717
51505.020 17.720
51505.030 17.708
51505.030 17.710
51506.050 17.815
51506.050 17.820
51507.080 17.930
51507.080 17.932
51507.090 17.930
51507.090 17.930
51508.040 18.066
51508.040 18.070
51508.050 18.060
51508.050 18.060
51508.080 18.060
51508.080 18.062
51509.050 18.150
51509.050 18.154
51511.060 18.437
51511.060 18.440
51511.070 18.450
51511.070 18.452
51513.090 18.670
51513.090 18.674
51513.100 18.580
51513.100 18.580
51515.090 18.800
51515.090 18.801
51515.100 18.940
51515.100 18.942
51517.030 19.035
51517.030 19.040
51517.040 19.070
51517.040 19.073
51519.030 19.170
51519.030 19.173
51519.040 19.210
51519.040 19.214
51521.080 19.200
51521.080 19.202
51521.090 19.250
51521.090 19.254
