54559.486 16.298 0.017
54563.490 16.255 0.017
54566.437 16.116 0.017
54571.483 16.010 0.017
54572.486 16.026 0.015
54574.447 16.140 0.017
54579.301 16.607 0.017
54586.296 17.129 0.019
54587.307 17.142 0.021
54590.442 17.334 0.023
54592.463 17.378 0.019
54593.408 17.366 0.021
54594.428 17.394 0.021
54595.433 17.434 0.026
54597.449 17.430 0.021
54600.450 17.517 0.022
54601.470 17.556 0.022
54602.463 17.598 0.022
54603.388 17.654 0.037
54606.437 17.645 0.028
54608.445 17.738 0.037
54614.431 17.836 0.025
54615.430 17.836 0.025
54618.409 17.853 0.028
54622.415 18.018 0.031
54624.386 18.018 0.025
54625.416 18.049 0.029
54626.423 18.113 0.032
54627.356 18.051 0.029
54629.336 18.067 0.030
54631.317 18.143 0.033
54634.351 18.221 0.036
54635.386 18.342 0.044
54636.328 18.291 0.039
54637.240 18.320 0.039
54639.325 18.436 0.096
54643.372 18.450 0.037
54645.384 18.488 0.043
54649.269 18.486 0.063
54676.271 19.108 0.067
