54559.489 16.474 0.017
54563.493 16.408 0.018
54566.439 16.209 0.016
54571.485 16.105 0.017
54572.488 16.177 0.015
54573.340 16.270 0.022
54574.450 16.394 0.017
54579.303 16.954 0.024
54586.298 17.468 0.025
54587.309 17.507 0.024
54590.436 17.640 0.052
54592.465 17.729 0.025
54593.410 17.749 0.030
54594.430 17.810 0.032
54595.441 17.782 0.033
54597.452 17.880 0.032
54600.453 17.898 0.033
54601.472 17.902 0.032
54602.466 17.927 0.032
54603.390 17.977 0.068
54606.439 18.087 0.058
54608.448 18.102 0.137
54614.433 18.172 0.041
54615.433 18.231 0.041
54618.412 18.204 0.034
54622.417 18.225 0.037
54624.388 18.328 0.042
54625.418 18.295 0.043
54626.425 18.372 0.041
54627.359 18.337 0.042
54629.338 18.349 0.044
54631.326 18.505 0.056
54634.354 18.483 0.064
54635.398 18.558 0.080
54636.331 18.624 0.089
54637.242 18.690 0.067
54639.294 18.537 0.088
54643.375 18.745 0.070
54645.386 18.743 0.069
54649.272 18.897 0.123
54676.275 19.375 0.098
