54559.492 17.247 0.025
54563.496 16.844 0.021
54566.442 16.584 0.017
54571.488 16.702 0.018
54572.491 16.784 0.019
54574.453 17.166 0.025
54579.306 18.224 0.062
54586.301 18.760 0.060
54590.448 18.826 0.095
54592.468 18.910 0.058
54593.413 18.810 0.070
54594.433 18.858 0.059
54595.447 18.851 0.064
54597.455 18.815 0.084
54600.456 18.883 0.081
54601.475 18.843 0.100
54602.469 19.118 0.094
54603.395 18.851 0.113
54614.436 19.047 0.082
54615.436 18.970 0.088
54618.415 18.985 0.057
54622.420 19.061 0.063
54624.391 19.065 0.075
54625.421 19.162 0.070
54626.428 19.113 0.068
54627.362 19.107 0.093
54629.341 19.376 0.104
54631.323 19.429 0.157
54639.301 19.345 0.180
54643.381 19.421 0.116
54645.389 19.183 0.101
54646.312 18.996 0.298
54649.275 19.662 0.137
54676.279 20.079 0.178
