54560.759 19.388 999.000
54562.502 19.521 0.577
54564.503 19.647 999.000
54566.279 19.762 999.000
54568.790 19.764 999.000
54570.834 19.330 0.495
54573.242 19.690 999.000
54576.517 19.745 999.000
54578.361 19.582 999.000
54588.959 19.756 999.000
54590.866 18.512 999.000
54592.403 19.560 999.000
54633.815 19.881 999.000
54637.514 19.975 999.000
54641.474 19.967 999.000
54653.308 19.738 999.000
54669.866 19.845 999.000
54673.774 19.900 999.000
54677.311 19.868 999.000
54681.747 19.376 999.000
54685.206 19.871 999.000
54689.821 19.871 999.000
54701.437 19.864 999.000
54705.510 19.852 999.000
54745.145 19.887 999.000
54753.502 19.836 999.000
