54560.755 17.620 0.191
54562.501 17.398 0.151
54564.500 17.003 0.117
54566.276 16.790 0.103
54568.787 16.829 0.104
54570.831 16.906 0.112
54573.240 17.662 0.167
54576.513 18.648 0.322
54578.360 19.038 999.000
54580.192 19.216 0.484
54582.527 19.362 999.000
54584.548 19.391 999.000
54587.492 19.329 999.000
54590.864 18.003 999.000
54592.399 19.091 999.000
54594.836 19.317 999.000
54595.569 19.404 999.000
54598.315 19.452 999.000
54600.287 19.416 999.000
54603.196 19.478 999.000
54613.473 19.355 999.000
54614.243 19.342 999.000
54616.383 19.533 999.000
54620.328 19.549 999.000
54628.799 19.538 999.000
54640.062 19.567 999.000
54652.970 18.341 999.000
54756.114 19.496 999.000
