54559.484 16.352 0.019
54563.488 16.341 0.017
54566.434 16.207 0.019
54571.481 16.061 0.021
54572.484 16.067 0.016
54573.336 16.061 0.019
54574.445 16.139 0.020
54579.298 16.509 0.021
54586.294 16.890 0.022
54587.304 16.922 0.019
54590.440 17.052 0.028
54592.460 17.087 0.021
54593.405 17.113 0.025
54594.425 17.131 0.023
54595.447 17.138 0.024
54597.447 17.190 0.025
54600.448 17.274 0.027
54601.467 17.301 0.030
54602.461 17.356 0.023
54603.385 17.401 0.029
54606.435 17.431 0.030
54608.443 17.504 0.041
54614.429 17.572 0.027
54615.428 17.590 0.030
54618.407 17.642 0.024
54622.412 17.804 0.036
54624.384 17.768 0.029
54625.414 17.814 0.035
54626.420 17.870 0.031
54627.354 17.840 0.037
54629.334 17.901 0.037
54631.315 17.929 0.041
54634.349 18.037 0.047
54635.393 18.054 0.050
54636.326 18.080 0.050
54637.238 17.984 0.045
54639.293 18.277 0.067
54643.370 18.288 0.056
54645.382 18.299 0.044
54646.304 18.321 0.100
54676.266 18.921 0.073
