54560.754 19.000 999.000
54562.500 19.114 0.460
54564.499 18.815 0.347
54566.275 18.821 0.330
54568.786 18.886 0.347
54570.830 18.678 0.311
54573.239 19.381 999.000
54576.512 19.462 999.000
54578.359 19.246 999.000
54580.189 19.651 999.000
54582.523 19.650 999.000
54584.544 19.657 999.000
54587.520 19.586 999.000
54590.864 18.064 999.000
54592.397 19.224 999.000
54594.831 19.546 999.000
54595.565 19.637 999.000
54598.309 19.685 999.000
54600.281 19.648 999.000
54603.194 19.716 999.000
54604.070 17.508 999.000
54613.470 19.646 999.000
54614.240 19.625 999.000
54631.628 18.601 999.000
54635.150 19.751 999.000
54639.495 19.825 999.000
54651.190 19.747 999.000
54653.771 19.753 999.000
54667.122 19.723 999.000
54671.799 19.702 999.000
54675.575 19.051 999.000
54679.169 19.730 999.000
54683.768 19.654 999.000
54687.178 19.687 999.000
54691.099 19.733 999.000
54695.307 19.720 999.000
54703.236 19.549 999.000
54743.306 19.737 999.000
54747.597 19.722 999.000
54751.528 19.731 999.000
