54560.756 17.249 0.117
54562.501 17.128 0.103
54564.501 16.910 0.091
54566.276 16.719 0.083
54568.788 16.735 0.083
54570.832 16.743 0.086
54573.241 17.096 0.098
54576.514 17.820 0.139
54578.360 18.078 0.175
54580.194 18.266 0.186
54582.464 18.389 0.216
54584.549 18.804 0.278
54587.493 18.840 0.295
54590.865 18.501 999.000
54592.400 18.836 0.297
54594.839 19.318 0.431
54595.570 19.032 0.337
54598.318 19.177 0.359
54600.290 19.136 0.354
54603.197 18.854 0.275
54613.475 19.171 0.373
54614.245 19.462 0.481
54624.184 19.619 0.496
54626.325 19.296 0.377
54643.935 19.385 0.403
54644.700 19.225 0.364
54645.737 19.368 0.403
54648.396 19.407 0.411
54731.364 19.820 999.000
54735.241 19.813 999.000
54737.352 19.814 999.000
54739.726 19.811 999.000
