54560.761 16.414 0.109
54562.504 16.467 0.102
54564.504 16.299 0.091
54566.280 16.238 0.085
54568.792 16.168 0.083
54570.934 16.123 0.092
54573.244 16.278 0.089
54576.519 16.814 0.110
54578.362 16.881 0.125
54580.195 16.965 0.135
54582.465 17.452 0.178
54584.550 17.603 0.190
54587.527 17.439 0.233
54590.866 17.458 0.346
54592.406 17.805 0.222
54594.840 18.040 0.270
54595.571 17.804 0.224
54598.320 18.019 0.234
54600.291 17.922 0.225
54603.198 17.918 0.215
54613.476 18.141 0.302
54614.212 18.455 0.426
54624.178 18.325 0.267
54626.320 18.310 0.262
54643.928 18.681 0.352
54644.698 19.094 999.000
54645.734 18.788 0.394
54648.390 18.764 0.375
54707.987 19.205 999.000
54709.190 19.053 999.000
54724.643 19.177 999.000
54725.712 19.181 999.000
