54560.763 19.091 999.000
54562.505 19.308 999.000
54564.506 19.283 999.000
54566.282 19.467 999.000
54568.793 19.498 999.000
54570.935 18.989 999.000
54573.245 19.333 999.000
54576.521 19.471 999.000
54578.363 19.232 999.000
54588.963 19.630 999.000
54590.867 17.915 999.000
54592.408 19.232 999.000
54618.452 19.796 999.000
54622.836 19.776 999.000
54641.997 19.180 999.000
54642.993 18.992 999.000
54654.570 19.898 999.000
54666.924 19.777 999.000
54669.998 18.995 999.000
54690.000 17.320 999.000
54694.503 19.778 999.000
