5.411829999999981374e+04 1.617699999999999960e+01 5.000000000000000104e-03
5.411927999999979511e+04 1.621999999999999886e+01 7.000000000000000146e-03
5.412133999999985099e+04 1.634100000000000108e+01 4.000000000000000083e-03
5.412335000000009313e+04 1.651899999999999835e+01 8.999999999999999320e-03
5.412737000000011176e+04 1.691000000000000014e+01 8.999999999999999320e-03
5.412837999999988824e+04 1.699299999999999855e+01 8.000000000000000167e-03
5.413137000000011176e+04 1.725700000000000145e+01 1.200000000000000025e-02
5.413337000000011176e+04 1.738700000000000045e+01 1.099999999999999936e-02
5.414333999999985099e+04 1.789000000000000057e+01 1.099999999999999936e-02
5.415331999999983236e+04 1.812699999999999889e+01 1.400000000000000029e-02
5.415833000000007451e+04 1.819300000000000139e+01 1.600000000000000033e-02
5.416035999999986961e+04 1.820200000000000173e+01 1.299999999999999940e-02
5.416125000000000000e+04 1.825199999999999889e+01 1.899999999999999953e-02
5.416327000000001863e+04 1.828800000000000026e+01 2.199999999999999872e-02
5.416927999999979511e+04 1.839900000000000091e+01 1.600000000000000033e-02
5.417927000000001863e+04 1.854899999999999949e+01 1.899999999999999953e-02
5.418525999999977648e+04 1.867200000000000060e+01 1.600000000000000033e-02
5.419725999999977648e+04 1.887199999999999989e+01 2.800000000000000058e-02
5.420431999999983236e+04 1.899200000000000088e+01 2.199999999999999872e-02
5.424310999999986961e+04 1.971900000000000119e+01 3.899999999999999994e-02
