5.411829999999981374e+04 1.674800000000000111e+01 5.000000000000000104e-03
5.411927999999979511e+04 1.681099999999999994e+01 6.000000000000000125e-03
5.412133999999985099e+04 1.700400000000000134e+01 6.000000000000000125e-03
5.412335000000009313e+04 1.722899999999999920e+01 8.999999999999999320e-03
5.412737000000011176e+04 1.772500000000000142e+01 1.000000000000000021e-02
5.412837999999988824e+04 1.783099999999999952e+01 1.000000000000000021e-02
5.413137000000011176e+04 1.806700000000000017e+01 1.299999999999999940e-02
5.413337000000011176e+04 1.821999999999999886e+01 1.499999999999999944e-02
5.414333999999985099e+04 1.866499999999999915e+01 1.499999999999999944e-02
5.415331999999983236e+04 nan nan
5.415833000000007451e+04 1.892800000000000082e+01 1.899999999999999953e-02
5.416035999999986961e+04 1.891799999999999926e+01 1.700000000000000122e-02
5.416125000000000000e+04 1.893400000000000105e+01 2.500000000000000139e-02
5.416327000000001863e+04 1.893100000000000094e+01 2.900000000000000147e-02
5.416927999999979511e+04 1.902199999999999847e+01 2.199999999999999872e-02
5.417927000000001863e+04 1.914300000000000068e+01 2.000000000000000042e-02
5.418525999999977648e+04 1.921199999999999974e+01 2.000000000000000042e-02
5.419725999999977648e+04 1.937099999999999866e+01 2.800000000000000058e-02
5.420431999999983236e+04 nan nan
5.424310999999986961e+04 2.014499999999999957e+01 3.500000000000000333e-02
