5.411829999999981374e+04 1.735399999999999920e+01 1.000000000000000021e-02
5.411927999999979511e+04 1.742699999999999960e+01 1.099999999999999936e-02
5.412133999999985099e+04 1.765099999999999980e+01 1.099999999999999936e-02
5.412335000000009313e+04 1.791900000000000048e+01 1.299999999999999940e-02
5.412737000000011176e+04 1.848000000000000043e+01 1.700000000000000122e-02
5.412837999999988824e+04 1.859400000000000119e+01 1.799999999999999864e-02
5.413137000000011176e+04 1.889000000000000057e+01 2.299999999999999961e-02
5.413337000000011176e+04 1.901200000000000045e+01 3.899999999999999994e-02
5.414333999999985099e+04 1.943199999999999861e+01 2.800000000000000058e-02
5.415331999999983236e+04 1.960200000000000031e+01 2.999999999999999889e-02
5.415833000000007451e+04 1.962999999999999901e+01 3.500000000000000333e-02
5.416035999999986961e+04 1.970400000000000063e+01 3.599999999999999728e-02
5.416125000000000000e+04 1.969800000000000040e+01 5.399999999999999939e-02
5.416327000000001863e+04 1.962300000000000111e+01 6.600000000000000311e-02
5.416927999999979511e+04 1.969699999999999918e+01 4.599999999999999922e-02
5.417927000000001863e+04 1.976000000000000156e+01 3.699999999999999817e-02
5.418525999999977648e+04 1.982799999999999940e+01 3.500000000000000333e-02
5.419725999999977648e+04 2.008399999999999963e+01 6.600000000000000311e-02
5.420431999999983236e+04 2.004100000000000037e+01 5.299999999999999850e-02
5.424310999999986961e+04 2.073699999999999832e+01 7.900000000000000078e-02
