5.410935000000009313e+04 1.543800000000000061e+01 2.199999999999999872e-02
5.410935999999986961e+04 1.540399999999999991e+01 1.299999999999999940e-02
5.411437000000011176e+04 1.490199999999999925e+01 1.299999999999999940e-02
5.411437000000011176e+04 1.492099999999999937e+01 1.200000000000000025e-02
5.412027000000001863e+04 1.464600000000000080e+01 8.999999999999999320e-03
5.412027999999979511e+04 1.468900000000000006e+01 1.000000000000000021e-02
5.412233999999985099e+04 1.465600000000000058e+01 1.200000000000000025e-02
5.412235000000009313e+04 1.470100000000000051e+01 1.299999999999999940e-02
5.412435000000009313e+04 1.473900000000000077e+01 1.600000000000000033e-02
5.412435999999986961e+04 1.469999999999999929e+01 1.600000000000000033e-02
5.412937000000011176e+04 1.484500000000000064e+01 1.400000000000000029e-02
5.412937999999988824e+04 1.488899999999999935e+01 1.200000000000000025e-02
5.413535000000009313e+04 1.518399999999999928e+01 1.600000000000000033e-02
5.413535999999986961e+04 1.519100000000000072e+01 1.200000000000000025e-02
5.418429999999981374e+04 1.699200000000000088e+01 3.699999999999999817e-02
5.418431000000005588e+04 1.696300000000000097e+01 2.800000000000000058e-02
5.419622999999998137e+04 1.725000000000000000e+01 4.000000000000000083e-02
5.419624000000022352e+04 1.743599999999999994e+01 6.400000000000000133e-02
5.423418999999994412e+04 nan nan
5.423416999999992549e+04 nan nan
5.425808999999985099e+04 nan nan
5.425810000000009313e+04 nan nan
