5.411829999999981374e+04 1.550999999999999979e+01 5.000000000000000104e-03
5.411927999999979511e+04 1.549600000000000044e+01 5.000000000000000104e-03
5.412133999999985099e+04 1.553700000000000081e+01 6.000000000000000125e-03
5.412335000000009313e+04 1.561800000000000033e+01 8.000000000000000167e-03
5.412737000000011176e+04 1.584999999999999964e+01 8.999999999999999320e-03
5.412837999999988824e+04 1.590600000000000058e+01 1.099999999999999936e-02
5.413137000000011176e+04 1.608800000000000097e+01 1.200000000000000025e-02
5.413337000000011176e+04 1.619200000000000017e+01 8.999999999999999320e-03
5.414333999999985099e+04 1.672400000000000020e+01 1.400000000000000029e-02
5.415331999999983236e+04 nan nan
5.415833000000007451e+04 1.710000000000000142e+01 1.299999999999999940e-02
5.416035999999986961e+04 1.716499999999999915e+01 1.000000000000000021e-02
5.416125000000000000e+04 1.717699999999999960e+01 1.000000000000000021e-02
5.416327000000001863e+04 1.723100000000000165e+01 1.200000000000000025e-02
5.416927999999979511e+04 1.735600000000000165e+01 1.299999999999999940e-02
5.417927000000001863e+04 1.756700000000000017e+01 1.299999999999999940e-02
5.418525999999977648e+04 1.766300000000000026e+01 1.400000000000000029e-02
5.419725999999977648e+04 1.790099999999999980e+01 1.600000000000000033e-02
5.420431999999983236e+04 1.803699999999999903e+01 1.600000000000000033e-02
5.424310999999986961e+04 1.867999999999999972e+01 1.799999999999999864e-02
