54109.350 15.478 0.016
54109.360 15.523 0.022
54114.370 14.988 0.013
54114.370 15.025 0.013
54120.270 14.804 0.009
54120.280 14.793 0.011
54122.340 14.797 0.013
54122.350 14.784 0.021
54124.350 14.845 0.017
54124.360 14.841 0.019
54129.370 15.020 0.013
54129.380 14.995 0.021
54135.350 15.265 0.013
54135.360 15.250 0.017
54157.350 16.226 0.072
54157.360 16.148 0.064
54170.290 16.428 0.064
54170.300 16.444 0.067
54184.300 16.767 0.023
54184.310 16.785 0.027
54196.230 17.110 0.031
54196.240 17.048 0.027
54224.100 17.595 0.095
54224.100 17.770 0.087
54234.170 17.873 0.074
54234.190 17.807 0.061
54258.090 18.655 0.129
54258.100 18.528 0.105
