54111.400 15.690 0.030
54114.400 15.560 0.020
54115.400 15.570 0.020
54116.400 15.510 0.020
54117.400 15.460 0.020
54118.400 15.480 0.020
54122.400 15.620 0.020
54123.400 15.600 0.020
54124.400 15.720 0.020
54125.400 15.830 0.030
54126.600 15.790 0.040
54128.500 16.070 0.020
54129.500 16.030 0.030
54134.400 16.310 0.030
54135.400 16.350 0.030
54136.400 16.440 0.030
54146.400 16.820 0.030
54147.300 16.920 0.020
54148.300 16.940 0.020
54149.300 17.030 0.080
54153.300 17.050 0.030
54156.400 17.070 0.030
