54114.498 17.302 0.018
54117.510 17.421 0.019
54118.300 17.354 0.010
54119.280 17.427 0.011
54121.340 17.651 0.011
54122.550 17.994 0.031
54123.350 17.919 0.013
54127.370 18.480 0.017
54128.380 18.594 0.018
54128.458 18.699 0.035
54128.505 18.792 0.050
54131.370 18.890 0.023
54133.370 19.012 0.039
54141.358 19.535 0.102
54143.340 19.432 0.028
54152.419 19.735 0.094
54153.320 19.602 0.030
54158.330 19.630 0.035
54158.392 19.647 0.115
54159.489 19.712 0.141
54160.360 19.704 0.036
54160.367 19.673 0.195
54161.250 19.698 0.054
54163.270 19.623 0.066
54169.280 19.697 0.046
54169.384 20.093 0.189
54170.312 19.831 0.150
54172.392 20.024 0.148
54179.270 19.760 0.037
54185.260 19.828 0.035
54188.277 19.952 0.244
54197.260 20.084 0.066
54204.320 20.041 0.053
54232.308 20.849 0.230
54243.110 20.737 0.079
