54115.462 14.489 0.045
54117.433 14.340 0.060
54126.524 14.314 0.061
54147.554 14.970 0.047
54148.534 15.032 0.175
54152.346 15.190 0.059
54153.387 14.894 0.055
54154.478 14.924 0.107
54155.428 15.354 0.052
54157.428 15.175 0.175
54158.364 15.323 0.175
54160.365 15.276 0.100
54161.433 15.324 0.132
54162.420 15.408 0.250
54169.325 15.585 0.175
54170.352 15.823 0.175
54171.338 15.357 0.068
54172.392 15.846 0.371
54173.320 15.504 0.175
54174.340 15.872 0.080
54177.301 15.841 0.197
54179.295 15.787 0.207
54190.334 16.082 0.127
54191.287 16.288 0.148
54198.300 15.896 0.090
54204.274 16.449 0.175
54205.320 16.118 0.226
54206.265 16.611 0.334
54216.226 16.619 0.250
54217.334 16.703 0.250
54218.236 16.791 0.250
54222.250 16.311 0.083
54223.251 16.351 0.175
