5.411829999999981374e+04 1.576999999999999957e+01 4.000000000000000083e-03
5.411927999999979511e+04 1.577399999999999913e+01 4.000000000000000083e-03
5.412133999999985099e+04 1.583699999999999974e+01 5.000000000000000104e-03
5.412335000000009313e+04 1.593900000000000006e+01 8.999999999999999320e-03
5.412737000000011176e+04 1.622899999999999920e+01 8.000000000000000167e-03
5.412837999999988824e+04 1.630499999999999972e+01 7.000000000000000146e-03
5.413137000000011176e+04 1.652100000000000080e+01 1.099999999999999936e-02
5.413337000000011176e+04 1.663800000000000168e+01 8.999999999999999320e-03
5.414333999999985099e+04 1.714799999999999969e+01 1.499999999999999944e-02
5.415331999999983236e+04 nan nan
5.415833000000007451e+04 1.753699999999999903e+01 1.200000000000000025e-02
5.416035999999986961e+04 1.754899999999999949e+01 8.999999999999999320e-03
5.416125000000000000e+04 1.759400000000000119e+01 1.000000000000000021e-02
5.416327000000001863e+04 1.761100000000000065e+01 1.200000000000000025e-02
5.416927999999979511e+04 1.774200000000000088e+01 1.099999999999999936e-02
5.417927000000001863e+04 1.792800000000000082e+01 1.299999999999999940e-02
5.418525999999977648e+04 1.804599999999999937e+01 1.299999999999999940e-02
5.419725999999977648e+04 1.826899999999999835e+01 1.600000000000000033e-02
5.420431999999983236e+04 1.841199999999999903e+01 1.600000000000000033e-02
5.424310999999986961e+04 1.906500000000000128e+01 1.899999999999999953e-02
