54114.493 15.853 0.014
54117.505 15.782 0.014
54122.545 15.898 0.016
54126.448 16.179 0.015
54128.453 16.310 0.017
54128.500 16.313 0.018
54136.458 16.818 0.020
54141.353 17.062 0.020
54148.354 17.279 0.021
54152.414 17.395 0.020
54153.420 17.360 0.035
54158.387 17.538 0.025
54159.485 17.579 0.028
54160.363 17.591 0.028
54161.371 17.641 0.036
54162.340 17.655 0.050
54168.428 17.749 0.031
54169.379 17.762 0.028
54170.305 17.776 0.019
54172.385 17.815 0.027
54188.270 18.112 0.030
54206.365 18.376 0.043
54209.297 18.556 0.039
54232.301 18.907 0.049
54234.253 18.966 0.060
54237.211 19.071 0.060
54239.329 19.136 0.069
54253.281 19.156 0.073
