54111.400 16.190 0.030
54114.400 16.060 0.020
54114.495 16.147 0.013
54115.400 16.100 0.030
54116.400 16.070 0.030
54117.400 16.040 0.020
54117.507 16.125 0.012
54118.300 16.177 0.005
54118.400 16.040 0.020
54119.280 16.220 0.007
54121.340 16.341 0.004
54122.400 16.290 0.030
54122.547 16.378 0.014
54123.350 16.519 0.009
54123.400 16.330 0.020
54124.400 16.510 0.020
54125.400 16.520 0.020
54126.450 16.756 0.016
54126.500 16.620 0.030
54127.370 16.910 0.009
54128.380 16.993 0.008
54128.400 16.880 0.030
54128.455 16.882 0.019
54128.502 16.909 0.021
54129.500 16.910 0.020
54131.370 17.257 0.012
54133.370 17.387 0.011
54134.400 17.240 0.050
54135.400 17.270 0.040
54136.400 17.350 0.030
54136.459 17.439 0.030
54141.355 17.735 0.032
54143.340 17.890 0.011
54146.300 17.670 0.060
54147.300 17.760 0.040
54148.300 17.770 0.030
54148.356 17.993 0.032
54149.300 17.910 0.030
54150.422 17.999 0.095
54152.416 18.038 0.029
54153.300 17.910 0.040
54153.320 18.127 0.014
54153.422 18.070 0.066
54156.400 17.920 0.030
54158.330 18.193 0.016
54158.389 18.090 0.044
54159.486 18.182 0.044
54160.360 18.202 0.013
54160.364 18.249 0.047
54161.250 18.252 0.019
54161.373 18.254 0.058
54162.341 18.163 0.073
54163.270 18.288 0.022
54168.429 18.225 0.057
54169.280 18.399 0.016
54169.381 18.266 0.048
54170.308 18.327 0.044
54172.388 18.417 0.034
54179.270 18.549 0.019
54185.260 18.672 0.016
54188.273 18.630 0.057
54197.260 18.872 0.028
54204.320 18.992 0.022
54208.267 19.107 0.068
54209.300 19.125 0.061
54232.304 19.616 0.107
54234.256 19.435 0.096
54237.214 19.686 0.109
54239.332 19.651 0.120
54243.110 19.719 0.039
54253.284 19.815 0.245
