5.411829999999981374e+04 1.895400000000000063e+01 5.299999999999999850e-02
5.411927999999979511e+04 1.913100000000000023e+01 7.399999999999999634e-02
5.412133999999985099e+04 1.934499999999999886e+01 5.899999999999999689e-02
5.412335000000009313e+04 1.972899999999999920e+01 5.999999999999999778e-02
5.412737000000011176e+04 2.062600000000000122e+01 8.000000000000000167e-02
5.412837999999988824e+04 nan nan
5.413137000000011176e+04 nan nan
5.413337000000011176e+04 nan nan
5.414333999999985099e+04 nan nan
5.415331999999983236e+04 nan nan
5.415833000000007451e+04 nan nan
5.416035999999986961e+04 nan nan
5.416125000000000000e+04 nan nan
5.416327000000001863e+04 nan nan
5.416927999999979511e+04 nan nan
5.417927000000001863e+04 nan nan
5.418525999999977648e+04 nan nan
5.419725999999977648e+04 nan nan
5.420431999999983236e+04 nan nan
5.424310999999986961e+04 nan nan
