54114.492 15.667 0.020
54117.504 15.568 0.019
54122.543 15.618 0.022
54126.447 15.838 0.020
54128.452 15.982 0.023
54128.499 16.028 0.027
54136.456 16.590 0.034
54141.352 16.673 0.024
54148.353 16.952 0.023
54152.413 17.062 0.025
54153.418 17.037 0.034
54158.385 17.203 0.028
54159.483 17.213 0.029
54160.361 17.254 0.030
54161.369 17.275 0.031
54162.338 17.309 0.045
54168.426 17.415 0.033
54169.377 17.497 0.035
54170.302 17.481 0.030
54172.382 17.520 0.029
54188.267 17.794 0.030
54196.320 17.831 0.063
54206.362 18.250 0.048
54208.261 18.161 0.038
54209.294 18.298 0.051
54210.274 18.252 0.044
54234.250 18.689 0.060
54237.208 18.711 0.066
54239.326 18.806 0.070
54253.278 19.064 0.082
