53752.100 17.690 0.060
53752.224 18.006 0.040
53753.100 17.770 0.050
53754.126 17.942 0.043
53754.154 18.014 0.040
53759.135 18.289 0.035
53761.200 18.160 0.070
53762.097 18.527 0.040
53762.100 18.230 0.070
53765.100 18.420 0.090
53765.160 18.787 0.050
53766.100 18.430 0.080
53766.203 18.850 0.054
53767.100 18.620 0.080
53768.100 18.600 0.070
53776.100 19.000 0.110
53777.139 19.786 0.146
53777.200 18.910 0.070
53779.100 18.840 0.130
53779.152 19.755 0.178
53781.100 18.880 0.060
53786.143 19.906 0.187
53788.100 18.940 0.070
