53622.458 25.187 0.713
53627.415 24.072 0.894
53634.408 25.390 0.878
53640.414 18.301 0.011
53643.456 18.036 0.018
53646.475 17.894 0.009
53657.459 17.927 0.023
53663.477 18.235 0.015
53665.477 18.363 0.017
53668.466 18.574 0.026
53669.371 18.614 0.018
53670.471 18.680 0.029
53671.456 18.719 0.015
53674.356 18.922 0.028
53676.445 19.001 0.030
53679.417 19.126 0.027
53681.408 19.188 0.024
53684.370 19.296 0.041
53687.311 19.454 0.042
53696.374 20.108 0.053
53697.365 20.195 0.051
53700.364 20.435 0.084
53705.351 20.769 0.102
