53622.459 23.037 0.562
53627.417 23.418 0.647
53634.410 23.918 0.613
53640.415 18.307 0.048
53643.458 18.004 0.034
53646.477 17.839 0.022
53657.296 17.741 0.051
53657.461 17.801 0.024
53663.478 17.943 0.028
53664.414 18.103 0.085
53665.478 18.015 0.035
53668.467 18.242 0.042
53669.373 18.216 0.037
53670.473 18.298 0.055
53671.458 18.331 0.030
53674.357 18.501 0.043
53676.447 18.578 0.053
53679.419 18.545 0.046
53681.410 18.661 0.044
53684.372 18.681 0.066
53687.313 18.878 0.070
53696.376 19.603 0.103
53697.367 19.482 0.083
53700.366 19.716 0.122
53705.352 20.167 0.213
