53622.458 25.942 0.817
53627.416 24.002 1.279
53634.409 22.754 1.691
53640.415 18.855 0.038
53643.457 18.729 0.031
53646.476 18.915 0.039
53657.460 20.608 0.113
53663.478 25.920 2.444
53664.413 20.610 0.353
53665.478 20.973 0.275
53668.466 21.386 0.346
53669.372 21.987 0.419
53670.472 21.708 0.487
53671.457 22.395 0.580
53674.357 22.017 0.382
53676.446 22.527 0.559
53679.418 24.014 1.507
53681.409 22.921 1.035
53684.371 22.453 0.861
53687.312 23.808 2.488
53696.375 23.797 1.626
53697.366 23.986 1.593
53700.365 22.769 0.830
53705.352 23.249 1.405
