53622.457 26.099 0.500
53627.414 25.724 0.756
53634.407 25.667 1.246
53640.413 18.314 0.016
53643.456 17.963 0.012
53646.475 17.786 0.006
53657.294 17.989 0.026
53657.458 18.006 0.012
53663.476 18.431 0.022
53665.476 18.572 0.016
53668.465 18.834 0.019
53669.370 18.854 0.017
53670.470 18.898 0.024
53671.455 18.961 0.015
53674.355 19.133 0.020
53676.444 19.196 0.023
53679.416 19.348 0.025
53681.408 19.451 0.022
53687.311 19.778 0.053
53696.373 20.360 0.043
53697.364 20.459 0.047
53700.363 20.776 0.076
53705.350 21.155 0.094
