53622.460 26.171 0.574
53627.417 25.962 0.746
53634.410 26.267 1.597
53640.416 18.453 0.019
53643.459 18.134 0.011
53646.478 18.064 0.029
53657.297 18.795 0.040
53657.462 18.843 0.015
53663.479 19.410 0.035
53664.414 19.411 0.062
53665.479 19.582 0.042
53668.468 19.846 0.032
53669.374 19.978 0.035
53670.474 19.983 0.042
53671.458 20.032 0.027
53674.358 20.232 0.033
53676.448 20.290 0.034
53679.419 20.427 0.039
53681.411 20.475 0.037
53684.373 20.604 0.061
53687.314 20.814 0.132
53696.377 21.364 0.097
53697.368 21.322 0.084
53700.367 21.663 0.097
53705.353 21.834 0.125
