3.150 -15.321 0.001
3.470 -15.377 0.001
3.820 -15.424 0.001
4.200 -15.468 0.001
4.620 -15.510 0.002
5.080 -15.543 0.001
5.590 -15.560 0.001
6.150 -15.597 0.001
6.760 -15.660 0.001
7.440 -15.753 0.001
8.180 -15.873 0.002
9.000 -16.015 0.001
9.900 -16.170 0.001
10.890 -16.330 0.001
11.980 -16.488 0.002
13.180 -16.639 0.002
14.500 -16.778 0.001
15.950 -16.903 0.002
17.550 -17.012 0.001
19.310 -17.106 0.001
21.240 -17.188 0.001
23.360 -17.261 0.001
25.700 -17.311 0.002
28.270 -17.321 0.002
31.100 -17.262 0.002
34.210 -17.189 0.001
37.630 -17.081 0.002
41.390 -16.923 0.001
45.530 -16.757 0.002
50.080 -16.589 0.002
55.090 -16.469 0.002
60.600 -16.281 0.001
66.660 -16.052 0.002
73.330 -15.830 0.001
80.660 -15.577 0.001
88.730 -15.325 0.002
97.600 -15.096 0.001
107.400 -14.892 0.001
118.100 -14.704 0.002
129.900 -14.532 0.002
142.900 -14.353 0.001
157.200 -14.218 0.001
172.900 -13.965 0.002
190.200 -13.648 0.001
