3.150 -14.991 0.001
3.470 -15.079 0.002
3.820 -15.165 0.002
4.200 -15.249 0.002
4.620 -15.334 0.001
5.080 -15.417 0.002
5.590 -15.449 0.001
6.150 -15.487 0.001
6.760 -15.542 0.001
7.440 -15.629 0.002
8.180 -15.749 0.001
9.000 -15.898 0.002
9.900 -16.066 0.001
10.890 -16.240 0.002
11.980 -16.412 0.001
13.180 -16.576 0.002
14.500 -16.727 0.001
15.950 -16.865 0.001
17.550 -16.989 0.002
19.310 -17.099 0.002
21.240 -17.195 0.002
23.360 -17.281 0.002
25.700 -17.354 0.002
28.270 -17.403 0.001
31.100 -17.403 0.002
34.210 -17.347 0.002
37.630 -17.220 0.001
41.390 -17.091 0.001
45.530 -17.000 0.002
50.080 -16.935 0.002
55.090 -16.817 0.002
60.600 -16.645 0.002
66.660 -16.489 0.002
73.330 -16.355 0.001
80.660 -16.190 0.001
88.730 -16.003 0.002
97.600 -15.801 0.001
107.400 -15.581 0.001
118.100 -15.373 0.002
129.900 -15.138 0.001
142.900 -14.909 0.002
157.200 -14.688 0.001
172.900 -14.436 0.001
190.200 -14.162 0.002
