3.150 -15.130 0.002
3.470 -15.188 0.001
3.820 -15.251 0.002
4.200 -15.315 0.001
4.620 -15.380 0.002
5.080 -15.437 0.002
5.590 -15.444 0.002
6.150 -15.461 0.002
6.760 -15.501 0.001
7.440 -15.579 0.001
8.180 -15.697 0.002
9.000 -15.853 0.001
9.900 -16.033 0.001
10.890 -16.225 0.002
11.980 -16.416 0.002
13.180 -16.598 0.001
14.500 -16.765 0.002
15.950 -16.914 0.001
17.550 -17.044 0.001
19.310 -17.152 0.002
21.240 -17.236 0.001
23.360 -17.300 0.002
25.700 -17.337 0.002
28.270 -17.339 0.002
31.100 -17.277 0.001
34.210 -17.134 0.001
37.630 -16.939 0.002
41.390 -16.742 0.001
45.530 -16.580 0.001
50.080 -16.441 0.002
55.090 -16.262 0.002
60.600 -16.064 0.002
66.660 -15.883 0.002
73.330 -15.730 0.002
80.660 -15.544 0.002
88.730 -15.337 0.002
97.600 -15.113 0.002
107.400 -14.865 0.002
118.100 -14.617 0.001
129.900 -14.340 0.001
142.900 -14.063 0.002
157.200 -13.814 0.001
172.900 -13.519 0.001
190.200 -13.214 0.001
