3.150 -15.342 0.002
3.470 -15.397 0.002
3.820 -15.447 0.001
4.200 -15.492 0.001
4.620 -15.535 0.001
5.080 -15.578 0.001
5.590 -15.621 0.002
6.150 -15.682 0.001
6.760 -15.762 0.001
7.440 -15.865 0.001
8.180 -15.990 0.001
9.000 -16.135 0.002
9.900 -16.292 0.001
10.890 -16.452 0.002
11.980 -16.610 0.002
13.180 -16.757 0.002
14.500 -16.892 0.001
15.950 -17.012 0.001
17.550 -17.117 0.001
19.310 -17.213 0.002
21.240 -17.308 0.002
23.360 -17.403 0.001
25.700 -17.463 0.002
28.270 -17.502 0.001
31.100 -17.508 0.001
34.210 -17.479 0.001
37.630 -17.402 0.002
41.390 -17.307 0.001
45.530 -17.204 0.001
50.080 -17.066 0.002
55.090 -16.892 0.001
60.600 -16.657 0.001
66.660 -16.436 0.002
73.330 -16.251 0.001
80.660 -16.026 0.002
88.730 -15.788 0.001
97.600 -15.547 0.002
107.400 -15.304 0.002
118.100 -15.073 0.001
129.900 -14.845 0.002
142.900 -14.628 0.001
157.200 -14.393 0.001
172.900 -14.119 0.002
190.200 -13.781 0.001
