57072.394 17.383 0.050
57072.397 17.320 0.073
57074.169 17.340 0.053
57074.172 17.329 0.076
57076.167 17.401 0.072
57076.168 17.369 0.093
57078.322 17.371 0.069
57078.325 17.300 0.090
57080.517 17.425 0.069
57080.520 17.401 0.091
57083.117 17.266 0.096
57084.342 17.364 0.069
57084.347 17.275 0.089
57089.976 17.372 0.069
57089.977 17.302 0.089
57093.764 17.181 0.060
57093.766 17.140 0.082
57098.987 17.232 0.069
57098.991 17.132 0.089
57102.651 17.131 0.077
57106.872 17.380 0.059
57106.875 17.287 0.080
57111.503 17.340 0.051
57111.506 17.297 0.075
57118.422 17.667 0.062
57118.426 17.606 0.084
57120.816 17.879 0.072
57120.819 17.835 0.092
57122.075 17.917 0.097
57122.077 17.904 0.117
57128.629 18.266 0.079
57128.632 18.234 0.098
57131.540 18.457 0.107
57136.314 18.617 0.125
57136.318 18.642 0.144
57144.310 18.963 0.163
57144.468 19.126 0.114
57151.187 19.164 0.100
57151.192 19.164 0.116
57160.630 19.236 0.126
57160.633 19.174 0.136
57172.407 20.101 0.240
57172.410 19.980 0.223
57231.373 20.227 0.359
57232.370 20.062 0.234
57232.370 19.997 0.209
56984.000 55.493 999.000
56984.000 55.674 999.000
56984.000 55.773 999.000
56984.000 55.862 999.000
56984.000 55.877 999.000
56984.000 55.893 999.000
56984.000 55.916 999.000
56984.000 55.980 999.000
56984.000 56.206 999.000
56989.436 55.493 999.000
56989.436 55.674 999.000
56989.436 55.773 999.000
56989.436 55.862 999.000
56989.436 55.877 999.000
56989.436 55.893 999.000
56989.436 55.916 999.000
56989.436 55.980 999.000
56989.436 56.206 999.000
56994.872 55.493 999.000
56994.872 55.674 999.000
56994.872 55.773 999.000
56994.872 55.862 999.000
56994.872 55.877 999.000
56994.872 55.893 999.000
56994.872 55.916 999.000
56994.872 55.980 999.000
56994.872 56.206 999.000
57000.307 20.502 999.000
57000.307 20.648 999.000
57000.307 20.873 999.000
57000.307 22.995 999.000
57000.307 23.102 999.000
57000.307 23.407 999.000
57000.307 23.534 999.000
57000.307 55.980 999.000
57000.307 56.206 999.000
57005.743 19.057 999.000
57005.743 19.141 999.000
57005.743 19.237 999.000
57005.743 19.798 999.000
57005.743 19.798 999.000
57005.743 19.855 999.000
57005.743 19.899 999.000
57005.743 20.336 999.000
57005.743 20.694 999.000
57011.179 18.304 999.000
57011.179 18.361 999.000
57011.179 18.416 999.000
57011.179 18.640 999.000
57011.179 18.684 999.000
57011.179 18.745 999.000
57011.179 18.755 999.000
57011.179 18.969 999.000
57011.179 19.235 999.000
57014.000 18.030 999.000
57014.000 18.078 999.000
57014.000 18.120 999.000
57014.000 18.262 999.000
57014.000 18.316 999.000
57014.000 18.374 999.000
57014.000 18.378 999.000
57014.000 18.543 999.000
57014.000 18.782 999.000
57014.070 18.024 999.000
57014.070 18.072 999.000
57014.070 18.114 999.000
57014.070 18.254 999.000
57014.070 18.308 999.000
57014.070 18.366 999.000
57014.070 18.370 999.000
57014.070 18.534 999.000
57014.070 18.772 999.000
57016.615 17.822 999.000
57016.615 17.862 999.000
57016.615 17.895 999.000
57016.615 17.984 999.000
57016.615 18.045 999.000
57016.615 18.099 999.000
57016.615 18.100 999.000
57016.615 18.235 999.000
57016.615 18.452 999.000
57022.050 17.486 999.000
57022.050 17.513 999.000
57022.050 17.531 999.000
57022.050 17.551 999.000
57022.050 17.622 999.000
57022.050 17.665 999.000
57022.050 17.667 999.000
57022.050 17.760 999.000
57022.050 17.941 999.000
57027.486 17.243 999.000
57027.486 17.247 999.000
57027.486 17.260 999.000
57027.486 17.267 999.000
57027.486 17.324 999.000
57027.486 17.358 999.000
57027.486 17.361 999.000
57027.486 17.429 999.000
57027.486 17.580 999.000
57032.922 17.028 999.000
57032.922 17.066 999.000
57032.922 17.073 999.000
57032.922 17.074 999.000
57032.922 17.110 999.000
57032.922 17.136 999.000
57032.922 17.138 999.000
57032.922 17.191 999.000
57032.922 17.316 999.000
57033.490 17.009 999.000
57033.490 17.050 999.000
57033.490 17.055 999.000
57033.490 17.057 999.000
57033.490 17.091 999.000
57033.490 17.116 999.000
57033.490 17.119 999.000
57033.490 17.170 999.000
57033.490 17.293 999.000
57038.358 16.870 999.000
57038.358 16.930 999.000
57038.358 16.937 999.000
57038.358 16.938 999.000
57038.358 16.956 999.000
57038.358 16.974 999.000
57038.358 16.977 999.000
57038.358 17.020 999.000
57038.358 17.121 999.000
57042.030 16.792 999.000
57042.030 16.858 999.000
57042.030 16.870 999.000
57042.030 16.873 999.000
57042.030 16.879 999.000
57042.030 16.892 999.000
57042.030 16.895 999.000
57042.030 16.934 999.000
57042.030 17.020 999.000
57043.793 16.761 999.000
57043.793 16.829 999.000
57043.793 16.843 999.000
57043.793 16.848 999.000
57043.793 16.849 999.000
57043.793 16.860 999.000
57043.793 16.863 999.000
57043.793 16.900 999.000
57043.793 16.979 999.000
57048.700 16.695 999.000
57048.700 16.767 999.000
57048.700 16.785 999.000
57048.700 16.786 999.000
57048.700 16.790 999.000
57048.700 16.794 999.000
57048.700 16.795 999.000
57048.700 16.828 999.000
57048.700 16.888 999.000
57049.229 16.690 999.000
57049.229 16.762 999.000
57049.229 16.779 999.000
57049.229 16.781 999.000
57049.229 16.785 999.000
57049.229 16.788 999.000
57049.229 16.790 999.000
57049.229 16.822 999.000
57049.229 16.880 999.000
57049.700 16.685 999.000
57049.700 16.758 999.000
57049.700 16.775 999.000
57049.700 16.777 999.000
57049.700 16.780 999.000
57049.700 16.783 999.000
57049.700 16.787 999.000
57049.700 16.816 999.000
57049.700 16.873 999.000
57051.470 16.670 999.000
57051.470 16.743 999.000
57051.470 16.760 999.000
57051.470 16.763 999.000
57051.470 16.764 999.000
57051.470 16.767 999.000
57051.470 16.775 999.000
57051.470 16.799 999.000
57051.470 16.850 999.000
57053.500 16.657 999.000
57053.500 16.730 999.000
57053.500 16.748 999.000
57053.500 16.748 999.000
57053.500 16.753 999.000
57053.500 16.753 999.000
57053.500 16.765 999.000
57053.500 16.784 999.000
57053.500 16.827 999.000
57054.665 16.651 999.000
57054.665 16.724 999.000
57054.665 16.741 999.000
57054.665 16.742 999.000
57054.665 16.746 999.000
57054.665 16.748 999.000
57054.665 16.761 999.000
57054.665 16.777 999.000
57054.665 16.816 999.000
57060.101 16.641 999.000
57060.101 16.712 999.000
57060.101 16.726 999.000
57060.101 16.733 999.000
57060.101 16.733 999.000
57060.101 16.740 999.000
57060.101 16.755 999.000
57060.101 16.763 999.000
57060.101 16.784 999.000
57065.536 16.657 999.000
57065.536 16.723 999.000
57065.536 16.737 999.000
57065.536 16.746 999.000
57065.536 16.749 999.000
57065.536 16.754 999.000
57065.536 16.772 999.000
57065.536 16.775 999.000
57065.536 16.779 999.000
57068.470 16.676 999.000
57068.470 16.739 999.000
57068.470 16.752 999.000
57068.470 16.763 999.000
57068.470 16.767 999.000
57068.470 16.771 999.000
57068.470 16.787 999.000
57068.470 16.790 999.000
57068.470 16.792 999.000
57068.970 16.679 999.000
57068.970 16.742 999.000
57068.970 16.756 999.000
57068.970 16.766 999.000
57068.970 16.771 999.000
57068.970 16.775 999.000
57068.970 16.790 999.000
57068.970 16.793 999.000
57068.970 16.796 999.000
57069.450 16.683 999.000
57069.450 16.746 999.000
57069.450 16.759 999.000
57069.450 16.770 999.000
57069.450 16.775 999.000
57069.450 16.778 999.000
57069.450 16.792 999.000
57069.450 16.797 999.000
57069.450 16.800 999.000
57070.972 16.697 999.000
57070.972 16.757 999.000
57070.972 16.771 999.000
57070.972 16.783 999.000
57070.972 16.788 999.000
57070.972 16.791 999.000
57070.972 16.801 999.000
57070.972 16.809 999.000
57070.972 16.813 999.000
57071.600 16.703 999.000
57071.600 16.763 999.000
57071.600 16.776 999.000
57071.600 16.789 999.000
57071.600 16.794 999.000
57071.600 16.796 999.000
57071.600 16.805 999.000
57071.600 16.815 999.000
57071.600 16.818 999.000
57072.394 16.711 999.000
57072.394 16.770 999.000
57072.394 16.784 999.000
57072.394 16.797 999.000
57072.394 16.802 999.000
57072.394 16.804 999.000
57072.394 16.811 999.000
57072.394 16.823 999.000
57072.394 16.826 999.000
57072.590 16.713 999.000
57072.590 16.772 999.000
57072.590 16.785 999.000
57072.590 16.799 999.000
57072.590 16.804 999.000
57072.590 16.806 999.000
57072.590 16.812 999.000
57072.590 16.825 999.000
57072.590 16.828 999.000
57073.880 16.727 999.000
57073.880 16.785 999.000
57073.880 16.798 999.000
57073.880 16.813 999.000
57073.880 16.818 999.000
57073.880 16.819 999.000
57073.880 16.823 999.000
57073.880 16.838 999.000
57073.880 16.842 999.000
57074.169 16.731 999.000
57074.169 16.788 999.000
57074.169 16.802 999.000
57074.169 16.816 999.000
57074.169 16.821 999.000
57074.169 16.822 999.000
57074.169 16.826 999.000
57074.169 16.841 999.000
57074.169 16.846 999.000
57074.210 16.731 999.000
57074.210 16.788 999.000
57074.210 16.802 999.000
57074.210 16.816 999.000
57074.210 16.822 999.000
57074.210 16.823 999.000
57074.210 16.826 999.000
57074.210 16.841 999.000
57074.210 16.846 999.000
57076.167 16.755 999.000
57076.167 16.810 999.000
57076.167 16.825 999.000
57076.167 16.841 999.000
57076.167 16.846 999.000
57076.167 16.846 999.000
57076.167 16.846 999.000
57076.167 16.864 999.000
57076.167 16.870 999.000
57076.408 16.759 999.000
57076.408 16.813 999.000
57076.408 16.828 999.000
57076.408 16.844 999.000
57076.408 16.848 999.000
57076.408 16.849 999.000
57076.408 16.849 999.000
57076.408 16.867 999.000
57076.408 16.874 999.000
57077.170 16.769 999.000
57077.170 16.823 999.000
57077.170 16.837 999.000
57077.170 16.854 999.000
57077.170 16.857 999.000
57077.170 16.858 999.000
57077.170 16.860 999.000
57077.170 16.877 999.000
57077.170 16.884 999.000
57077.450 16.773 999.000
57077.450 16.826 999.000
57077.450 16.841 999.000
57077.450 16.858 999.000
57077.450 16.860 999.000
57077.450 16.862 999.000
57077.450 16.864 999.000
57077.450 16.880 999.000
57077.450 16.888 999.000
57077.620 16.775 999.000
57077.620 16.829 999.000
57077.620 16.843 999.000
57077.620 16.860 999.000
57077.620 16.862 999.000
57077.620 16.864 999.000
57077.620 16.866 999.000
57077.620 16.883 999.000
57077.620 16.890 999.000
57078.322 16.786 999.000
57078.322 16.838 999.000
57078.322 16.853 999.000
57078.322 16.871 999.000
57078.322 16.871 999.000
57078.322 16.874 999.000
57078.322 16.876 999.000
57078.322 16.892 999.000
57078.322 16.901 999.000
57078.470 16.788 999.000
57078.470 16.840 999.000
57078.470 16.855 999.000
57078.470 16.873 999.000
57078.470 16.873 999.000
57078.470 16.876 999.000
57078.470 16.878 999.000
57078.470 16.894 999.000
57078.470 16.903 999.000
57078.960 16.795 999.000
57078.960 16.847 999.000
57078.960 16.862 999.000
57078.960 16.879 999.000
57078.960 16.880 999.000
57078.960 16.883 999.000
57078.960 16.886 999.000
57078.960 16.901 999.000
57078.960 16.910 999.000
57079.340 16.801 999.000
57079.340 16.852 999.000
57079.340 16.867 999.000
57079.340 16.884 999.000
57079.340 16.886 999.000
57079.340 16.888 999.000
57079.340 16.891 999.000
57079.340 16.907 999.000
57079.340 16.916 999.000
57080.080 16.813 999.000
57080.080 16.863 999.000
57080.080 16.878 999.000
57080.080 16.895 999.000
57080.080 16.898 999.000
57080.080 16.899 999.000
57080.080 16.903 999.000
57080.080 16.917 999.000
57080.080 16.928 999.000
57080.330 16.817 999.000
57080.330 16.867 999.000
57080.330 16.882 999.000
57080.330 16.898 999.000
57080.330 16.902 999.000
57080.330 16.903 999.000
57080.330 16.907 999.000
57080.330 16.921 999.000
57080.330 16.932 999.000
57080.517 16.820 999.000
57080.517 16.870 999.000
57080.517 16.885 999.000
57080.517 16.901 999.000
57080.517 16.905 999.000
57080.517 16.906 999.000
57080.517 16.910 999.000
57080.517 16.924 999.000
57080.517 16.935 999.000
57081.330 16.834 999.000
57081.330 16.882 999.000
57081.330 16.898 999.000
57081.330 16.913 999.000
57081.330 16.919 999.000
57081.330 16.919 999.000
57081.330 16.923 999.000
57081.330 16.937 999.000
57081.330 16.949 999.000
57081.500 16.836 999.000
57081.500 16.885 999.000
57081.500 16.901 999.000
57081.500 16.916 999.000
57081.500 16.922 999.000
57081.500 16.922 999.000
57081.500 16.926 999.000
57081.500 16.939 999.000
57081.500 16.952 999.000
57081.844 16.842 999.000
57081.844 16.891 999.000
57081.844 16.906 999.000
57081.844 16.921 999.000
57081.844 16.927 999.000
57081.844 16.928 999.000
57081.844 16.932 999.000
57081.844 16.945 999.000
57081.844 16.958 999.000
57082.240 16.849 999.000
57082.240 16.897 999.000
57082.240 16.913 999.000
57082.240 16.927 999.000
57082.240 16.934 999.000
57082.240 16.935 999.000
57082.240 16.939 999.000
57082.240 16.951 999.000
57082.240 16.965 999.000
57082.940 16.862 999.000
57082.940 16.909 999.000
57082.940 16.925 999.000
57082.940 16.939 999.000
57082.940 16.946 999.000
57082.940 16.947 999.000
57082.940 16.951 999.000
57082.940 16.963 999.000
57082.940 16.977 999.000
57084.240 16.886 999.000
57084.240 16.932 999.000
57084.240 16.948 999.000
57084.240 16.961 999.000
57084.240 16.969 999.000
57084.240 16.972 999.000
57084.240 16.975 999.000
57084.240 16.985 999.000
57084.240 17.002 999.000
57084.342 16.888 999.000
57084.342 16.933 999.000
57084.342 16.950 999.000
57084.342 16.963 999.000
57084.342 16.970 999.000
57084.342 16.974 999.000
57084.342 16.977 999.000
57084.342 16.987 999.000
57084.342 17.004 999.000
57085.220 16.905 999.000
57085.220 16.950 999.000
57085.220 16.966 999.000
57085.220 16.979 999.000
57085.220 16.987 999.000
57085.220 16.991 999.000
57085.220 16.994 999.000
57085.220 17.003 999.000
57085.220 17.022 999.000
57085.260 16.906 999.000
57085.260 16.950 999.000
57085.260 16.967 999.000
57085.260 16.979 999.000
57085.260 16.987 999.000
57085.260 16.992 999.000
57085.260 16.995 999.000
57085.260 17.004 999.000
57085.260 17.022 999.000
57086.010 16.921 999.000
57086.010 16.964 999.000
57086.010 16.981 999.000
57086.010 16.994 999.000
57086.010 17.002 999.000
57086.010 17.007 999.000
57086.010 17.010 999.000
57086.010 17.018 999.000
57086.010 17.038 999.000
57087.279 16.947 999.000
57087.279 16.989 999.000
57087.279 17.007 999.000
57087.279 17.019 999.000
57087.279 17.027 999.000
57087.279 17.034 999.000
57087.279 17.036 999.000
57087.279 17.042 999.000
57087.279 17.065 999.000
57089.976 17.007 999.000
57089.976 17.046 999.000
57089.976 17.064 999.000
57089.976 17.076 999.000
57089.976 17.084 999.000
57089.976 17.095 999.000
57089.976 17.096 999.000
57089.976 17.098 999.000
57089.976 17.126 999.000
57090.476 17.019 999.000
57090.476 17.057 999.000
57090.476 17.076 999.000
57090.476 17.087 999.000
57090.476 17.095 999.000
57090.476 17.107 999.000
57090.476 17.107 999.000
57090.476 17.108 999.000
57090.476 17.138 999.000
57090.970 17.030 999.000
57090.970 17.069 999.000
57090.970 17.087 999.000
57090.970 17.099 999.000
57090.970 17.106 999.000
57090.970 17.119 999.000
57090.970 17.119 999.000
57090.970 17.119 999.000
57090.970 17.150 999.000
57092.170 17.060 999.000
57092.170 17.096 999.000
57092.170 17.115 999.000
57092.170 17.127 999.000
57092.170 17.134 999.000
57092.170 17.146 999.000
57092.170 17.148 999.000
57092.170 17.149 999.000
57092.170 17.180 999.000
57092.715 17.073 999.000
57092.715 17.109 999.000
57092.715 17.129 999.000
57092.715 17.140 999.000
57092.715 17.147 999.000
57092.715 17.159 999.000
57092.715 17.161 999.000
57092.715 17.163 999.000
57092.715 17.194 999.000
57093.020 17.081 999.000
57093.020 17.117 999.000
57093.020 17.136 999.000
57093.020 17.148 999.000
57093.020 17.154 999.000
57093.020 17.166 999.000
57093.020 17.169 999.000
57093.020 17.171 999.000
57093.020 17.202 999.000
57093.764 17.100 999.000
57093.764 17.135 999.000
57093.764 17.155 999.000
57093.764 17.167 999.000
57093.764 17.173 999.000
57093.764 17.184 999.000
57093.764 17.188 999.000
57093.764 17.191 999.000
57093.764 17.222 999.000
57094.290 17.113 999.000
57094.290 17.148 999.000
57094.290 17.168 999.000
57094.290 17.180 999.000
57094.290 17.186 999.000
57094.290 17.197 999.000
57094.290 17.202 999.000
57094.290 17.205 999.000
57094.290 17.236 999.000
57094.870 17.129 999.000
57094.870 17.163 999.000
57094.870 17.183 999.000
57094.870 17.195 999.000
57094.870 17.200 999.000
57094.870 17.211 999.000
57094.870 17.217 999.000
57094.870 17.221 999.000
57094.870 17.252 999.000
57095.270 17.139 999.000
57095.270 17.173 999.000
57095.270 17.193 999.000
57095.270 17.206 999.000
57095.270 17.211 999.000
57095.270 17.221 999.000
57095.270 17.227 999.000
57095.270 17.232 999.000
57095.270 17.263 999.000
57095.470 17.145 999.000
57095.470 17.178 999.000
57095.470 17.198 999.000
57095.470 17.211 999.000
57095.470 17.216 999.000
57095.470 17.226 999.000
57095.470 17.233 999.000
57095.470 17.237 999.000
57095.470 17.269 999.000
57095.930 17.157 999.000
57095.930 17.190 999.000
57095.930 17.211 999.000
57095.930 17.224 999.000
57095.930 17.228 999.000
57095.930 17.238 999.000
57095.930 17.245 999.000
57095.930 17.250 999.000
57095.930 17.282 999.000
57097.210 17.193 999.000
57097.210 17.224 999.000
57097.210 17.245 999.000
57097.210 17.259 999.000
57097.210 17.262 999.000
57097.210 17.271 999.000
57097.210 17.281 999.000
57097.210 17.287 999.000
57097.210 17.319 999.000
57098.151 17.220 999.000
57098.151 17.250 999.000
57098.151 17.272 999.000
57098.151 17.286 999.000
57098.151 17.288 999.000
57098.151 17.296 999.000
57098.151 17.308 999.000
57098.151 17.315 999.000
57098.151 17.347 999.000
57098.210 17.221 999.000
57098.210 17.252 999.000
57098.210 17.273 999.000
57098.210 17.288 999.000
57098.210 17.290 999.000
57098.210 17.298 999.000
57098.210 17.309 999.000
57098.210 17.317 999.000
57098.210 17.348 999.000
57098.610 17.233 999.000
57098.610 17.263 999.000
57098.610 17.285 999.000
57098.610 17.299 999.000
57098.610 17.301 999.000
57098.610 17.308 999.000
57098.610 17.321 999.000
57098.610 17.329 999.000
57098.610 17.361 999.000
57098.987 17.244 999.000
57098.987 17.273 999.000
57098.987 17.296 999.000
57098.987 17.310 999.000
57098.987 17.311 999.000
57098.987 17.319 999.000
57098.987 17.332 999.000
57098.987 17.340 999.000
57098.987 17.372 999.000
57099.250 17.252 999.000
57099.250 17.281 999.000
57099.250 17.303 999.000
57099.250 17.318 999.000
57099.250 17.319 999.000
57099.250 17.326 999.000
57099.250 17.340 999.000
57099.250 17.348 999.000
57099.250 17.380 999.000
57100.984 17.304 999.000
57100.984 17.331 999.000
57100.984 17.355 999.000
57100.984 17.369 999.000
57100.984 17.371 999.000
57100.984 17.375 999.000
57100.984 17.392 999.000
57100.984 17.402 999.000
57100.984 17.435 999.000
57101.310 17.314 999.000
57101.310 17.341 999.000
57101.310 17.365 999.000
57101.310 17.379 999.000
57101.310 17.381 999.000
57101.310 17.384 999.000
57101.310 17.402 999.000
57101.310 17.413 999.000
57101.310 17.445 999.000
57102.170 17.341 999.000
57102.170 17.367 999.000
57102.170 17.391 999.000
57102.170 17.405 999.000
57102.170 17.408 999.000
57102.170 17.410 999.000
57102.170 17.429 999.000
57102.170 17.441 999.000
57102.170 17.473 999.000
57102.520 17.352 999.000
57102.520 17.378 999.000
57102.520 17.402 999.000
57102.520 17.416 999.000
57102.520 17.419 999.000
57102.520 17.420 999.000
57102.520 17.440 999.000
57102.520 17.452 999.000
57102.520 17.485 999.000
57103.400 17.380 999.000
57103.400 17.405 999.000
57103.400 17.430 999.000
57103.400 17.443 999.000
57103.400 17.447 999.000
57103.400 17.448 999.000
57103.400 17.468 999.000
57103.400 17.482 999.000
57103.400 17.515 999.000
57103.587 17.387 999.000
57103.587 17.411 999.000
57103.587 17.436 999.000
57103.587 17.449 999.000
57103.587 17.452 999.000
57103.587 17.454 999.000
57103.587 17.475 999.000
57103.587 17.488 999.000
57103.587 17.521 999.000
57103.760 17.392 999.000
57103.760 17.416 999.000
57103.760 17.441 999.000
57103.760 17.454 999.000
57103.760 17.458 999.000
57103.760 17.460 999.000
57103.760 17.480 999.000
57103.760 17.494 999.000
57103.760 17.527 999.000
57104.180 17.406 999.000
57104.180 17.430 999.000
57104.180 17.455 999.000
57104.180 17.468 999.000
57104.180 17.470 999.000
57104.180 17.474 999.000
57104.180 17.494 999.000
57104.180 17.508 999.000
57104.180 17.541 999.000
57104.430 17.414 999.000
57104.430 17.437 999.000
57104.430 17.463 999.000
57104.430 17.476 999.000
57104.430 17.478 999.000
57104.430 17.482 999.000
57104.430 17.502 999.000
57104.430 17.517 999.000
57104.430 17.550 999.000
57106.440 17.482 999.000
57106.440 17.503 999.000
57106.440 17.530 999.000
57106.440 17.541 999.000
57106.440 17.542 999.000
57106.440 17.551 999.000
57106.440 17.570 999.000
57106.440 17.587 999.000
57106.440 17.621 999.000
57106.872 17.497 999.000
57106.872 17.517 999.000
57106.872 17.545 999.000
57106.872 17.556 999.000
57106.872 17.556 999.000
57106.872 17.567 999.000
57106.872 17.585 999.000
57106.872 17.603 999.000
57106.872 17.637 999.000
57109.022 17.573 999.000
57109.022 17.591 999.000
57109.022 17.620 999.000
57109.022 17.628 999.000
57109.022 17.629 999.000
57109.022 17.644 999.000
57109.022 17.662 999.000
57109.022 17.682 999.000
57109.022 17.717 999.000
57110.160 17.614 999.000
57110.160 17.631 999.000
57110.160 17.661 999.000
57110.160 17.667 999.000
57110.160 17.670 999.000
57110.160 17.687 999.000
57110.160 17.704 999.000
57110.160 17.725 999.000
57110.160 17.760 999.000
57110.180 17.615 999.000
57110.180 17.632 999.000
57110.180 17.662 999.000
57110.180 17.668 999.000
57110.180 17.670 999.000
57110.180 17.687 999.000
57110.180 17.704 999.000
57110.180 17.726 999.000
57110.180 17.761 999.000
57110.210 17.616 999.000
57110.210 17.633 999.000
57110.210 17.663 999.000
57110.210 17.669 999.000
57110.210 17.671 999.000
57110.210 17.688 999.000
57110.210 17.705 999.000
57110.210 17.727 999.000
57110.210 17.762 999.000
57110.699 17.634 999.000
57110.699 17.651 999.000
57110.699 17.681 999.000
57110.699 17.686 999.000
57110.699 17.689 999.000
57110.699 17.707 999.000
57110.699 17.724 999.000
57110.699 17.746 999.000
57110.699 17.781 999.000
57111.503 17.664 999.000
57111.503 17.680 999.000
57111.503 17.711 999.000
57111.503 17.714 999.000
57111.503 17.718 999.000
57111.503 17.738 999.000
57111.503 17.754 999.000
57111.503 17.777 999.000
57111.503 17.813 999.000
57113.290 17.732 999.000
57113.290 17.746 999.000
57113.290 17.779 999.000
57113.290 17.779 999.000
57113.290 17.784 999.000
57113.290 17.808 999.000
57113.290 17.823 999.000
57113.290 17.848 999.000
57113.290 17.885 999.000
57114.458 17.778 999.000
57114.458 17.790 999.000
57114.458 17.822 999.000
57114.458 17.824 999.000
57114.458 17.829 999.000
57114.458 17.855 999.000
57114.458 17.869 999.000
57114.458 17.896 999.000
57114.458 17.933 999.000
57116.930 17.877 999.000
57116.930 17.887 999.000
57116.930 17.916 999.000
57116.930 17.923 999.000
57116.930 17.926 999.000
57116.930 17.957 999.000
57116.930 17.970 999.000
57116.930 18.000 999.000
57116.930 18.038 999.000
57117.250 17.890 999.000
57117.250 17.899 999.000
57117.250 17.929 999.000
57117.250 17.936 999.000
57117.250 17.938 999.000
57117.250 17.970 999.000
57117.250 17.983 999.000
57117.250 18.013 999.000
57117.250 18.051 999.000
57118.210 17.930 999.000
57118.210 17.938 999.000
57118.210 17.966 999.000
57118.210 17.976 999.000
57118.210 17.977 999.000
57118.210 18.011 999.000
57118.210 18.023 999.000
57118.210 18.055 999.000
57118.210 18.093 999.000
57118.422 17.939 999.000
57118.422 17.947 999.000
57118.422 17.975 999.000
57118.422 17.985 999.000
57118.422 17.986 999.000
57118.422 18.020 999.000
57118.422 18.032 999.000
57118.422 18.064 999.000
57118.422 18.103 999.000
57119.894 18.001 999.000
57119.894 18.007 999.000
57119.894 18.034 999.000
57119.894 18.046 999.000
57119.894 18.047 999.000
57119.894 18.084 999.000
57119.894 18.095 999.000
57119.894 18.129 999.000
57119.894 18.169 999.000
57120.150 18.012 999.000
57120.150 18.018 999.000
57120.150 18.044 999.000
57120.150 18.057 999.000
57120.150 18.058 999.000
57120.150 18.095 999.000
57120.150 18.106 999.000
57120.150 18.140 999.000
57120.150 18.180 999.000
57120.210 18.015 999.000
57120.210 18.020 999.000
57120.210 18.047 999.000
57120.210 18.060 999.000
57120.210 18.060 999.000
57120.210 18.098 999.000
57120.210 18.109 999.000
57120.210 18.143 999.000
57120.210 18.183 999.000
57120.450 18.025 999.000
57120.450 18.030 999.000
57120.450 18.057 999.000
57120.450 18.070 999.000
57120.450 18.071 999.000
57120.450 18.109 999.000
57120.450 18.119 999.000
57120.450 18.154 999.000
57120.450 18.194 999.000
57120.816 18.041 999.000
57120.816 18.046 999.000
57120.816 18.072 999.000
57120.816 18.085 999.000
57120.816 18.086 999.000
57120.816 18.125 999.000
57120.816 18.135 999.000
57120.816 18.170 999.000
57120.816 18.210 999.000
57122.075 18.095 999.000
57122.075 18.099 999.000
57122.075 18.124 999.000
57122.075 18.139 999.000
57122.075 18.141 999.000
57122.075 18.181 999.000
57122.075 18.191 999.000
57122.075 18.227 999.000
57122.075 18.268 999.000
57122.130 18.098 999.000
57122.130 18.101 999.000
57122.130 18.126 999.000
57122.130 18.141 999.000
57122.130 18.143 999.000
57122.130 18.184 999.000
57122.130 18.193 999.000
57122.130 18.230 999.000
57122.130 18.271 999.000
57122.785 18.126 999.000
57122.785 18.129 999.000
57122.785 18.154 999.000
57122.785 18.169 999.000
57122.785 18.172 999.000
57122.785 18.214 999.000
57122.785 18.223 999.000
57122.785 18.260 999.000
57122.785 18.302 999.000
57122.850 18.129 999.000
57122.850 18.132 999.000
57122.850 18.157 999.000
57122.850 18.172 999.000
57122.850 18.175 999.000
57122.850 18.217 999.000
57122.850 18.226 999.000
57122.850 18.263 999.000
57122.850 18.305 999.000
57123.870 18.175 999.000
57123.870 18.176 999.000
57123.870 18.200 999.000
57123.870 18.217 999.000
57123.870 18.221 999.000
57123.870 18.263 999.000
57123.870 18.272 999.000
57123.870 18.310 999.000
57123.870 18.353 999.000
57125.330 18.241 999.000
57125.330 18.241 999.000
57125.330 18.263 999.000
57125.330 18.281 999.000
57125.330 18.287 999.000
57125.330 18.331 999.000
57125.330 18.339 999.000
57125.330 18.379 999.000
57125.330 18.423 999.000
57126.180 18.279 999.000
57126.180 18.279 999.000
57126.180 18.301 999.000
57126.180 18.320 999.000
57126.180 18.326 999.000
57126.180 18.372 999.000
57126.180 18.379 999.000
57126.180 18.420 999.000
57126.180 18.464 999.000
57127.720 18.348 999.000
57127.720 18.351 999.000
57127.720 18.370 999.000
57127.720 18.390 999.000
57127.720 18.398 999.000
57127.720 18.445 999.000
57127.720 18.452 999.000
57127.720 18.495 999.000
57127.720 18.540 999.000
57128.160 18.368 999.000
57128.160 18.371 999.000
57128.160 18.389 999.000
57128.160 18.410 999.000
57128.160 18.418 999.000
57128.160 18.467 999.000
57128.160 18.473 999.000
57128.160 18.516 999.000
57128.160 18.562 999.000
57128.629 18.390 999.000
57128.629 18.394 999.000
57128.629 18.411 999.000
57128.629 18.432 999.000
57128.629 18.440 999.000
57128.629 18.490 999.000
57128.629 18.496 999.000
57128.629 18.539 999.000
57128.629 18.585 999.000
57129.940 18.451 999.000
57129.940 18.456 999.000
57129.940 18.471 999.000
57129.940 18.493 999.000
57129.940 18.503 999.000
57129.940 18.554 999.000
57129.940 18.559 999.000
57129.940 18.605 999.000
57129.940 18.652 999.000
57130.765 18.490 999.000
57130.765 18.495 999.000
57130.765 18.509 999.000
57130.765 18.532 999.000
57130.765 18.543 999.000
57130.765 18.595 999.000
57130.765 18.600 999.000
57130.765 18.646 999.000
57130.765 18.694 999.000
57131.527 18.526 999.000
57131.527 18.532 999.000
57131.527 18.545 999.000
57131.527 18.569 999.000
57131.527 18.580 999.000
57131.527 18.633 999.000
57131.527 18.638 999.000
57131.527 18.685 999.000
57131.527 18.733 999.000
57131.710 18.534 999.000
57131.710 18.541 999.000
57131.710 18.553 999.000
57131.710 18.577 999.000
57131.710 18.589 999.000
57131.710 18.642 999.000
57131.710 18.647 999.000
57131.710 18.694 999.000
57131.710 18.743 999.000
57132.930 18.593 999.000
57132.930 18.601 999.000
57132.930 18.611 999.000
57132.930 18.636 999.000
57132.930 18.649 999.000
57132.930 18.704 999.000
57132.930 18.708 999.000
57132.930 18.756 999.000
57132.930 18.806 999.000
57134.240 18.656 999.000
57134.240 18.666 999.000
57134.240 18.674 999.000
57134.240 18.701 999.000
57134.240 18.715 999.000
57134.240 18.771 999.000
57134.240 18.775 999.000
57134.240 18.824 999.000
57134.240 18.875 999.000
57134.860 18.687 999.000
57134.860 18.697 999.000
57134.860 18.704 999.000
57134.860 18.731 999.000
57134.860 18.746 999.000
57134.860 18.803 999.000
57134.860 18.807 999.000
57134.860 18.857 999.000
57134.860 18.908 999.000
57135.440 18.715 999.000
57135.440 18.726 999.000
57135.440 18.733 999.000
57135.440 18.760 999.000
57135.440 18.775 999.000
57135.440 18.833 999.000
57135.440 18.837 999.000
57135.440 18.887 999.000
57135.440 18.940 999.000
57135.940 18.740 999.000
57135.940 18.751 999.000
57135.940 18.757 999.000
57135.940 18.785 999.000
57135.940 18.801 999.000
57135.940 18.859 999.000
57135.940 18.863 999.000
57135.940 18.914 999.000
57135.940 18.966 999.000
57136.201 18.753 999.000
57136.201 18.764 999.000
57136.201 18.770 999.000
57136.201 18.798 999.000
57136.201 18.814 999.000
57136.201 18.873 999.000
57136.201 18.876 999.000
57136.201 18.928 999.000
57136.201 18.981 999.000
57136.314 18.759 999.000
57136.314 18.770 999.000
57136.314 18.776 999.000
57136.314 18.804 999.000
57136.314 18.820 999.000
57136.314 18.879 999.000
57136.314 18.882 999.000
57136.314 18.934 999.000
57136.314 18.987 999.000
57137.210 18.803 999.000
57137.210 18.815 999.000
57137.210 18.820 999.000
57137.210 18.849 999.000
57137.210 18.866 999.000
57137.210 18.926 999.000
57137.210 18.929 999.000
57137.210 18.981 999.000
57137.210 19.035 999.000
57137.270 18.806 999.000
57137.270 18.818 999.000
57137.270 18.823 999.000
57137.270 18.852 999.000
57137.270 18.869 999.000
57137.270 18.929 999.000
57137.270 18.933 999.000
57137.270 18.984 999.000
57137.270 19.039 999.000
57138.860 18.886 999.000
57138.860 18.900 999.000
57138.860 18.903 999.000
57138.860 18.933 999.000
57138.860 18.952 999.000
57138.860 19.014 999.000
57138.860 19.017 999.000
57138.860 19.070 999.000
57138.860 19.126 999.000
57138.880 18.887 999.000
57138.880 18.901 999.000
57138.880 18.904 999.000
57138.880 18.934 999.000
57138.880 18.953 999.000
57138.880 19.015 999.000
57138.880 19.018 999.000
57138.880 19.071 999.000
57138.880 19.127 999.000
57139.210 18.904 999.000
57139.210 18.918 999.000
57139.210 18.921 999.000
57139.210 18.951 999.000
57139.210 18.970 999.000
57139.210 19.032 999.000
57139.210 19.036 999.000
57139.210 19.089 999.000
57139.210 19.145 999.000
57140.100 18.950 999.000
57140.100 18.964 999.000
57140.100 18.966 999.000
57140.100 18.998 999.000
57140.100 19.017 999.000
57140.100 19.080 999.000
57140.100 19.084 999.000
57140.100 19.138 999.000
57140.100 19.195 999.000
57141.170 19.005 999.000
57141.170 19.020 999.000
57141.170 19.021 999.000
57141.170 19.053 999.000
57141.170 19.074 999.000
57141.170 19.138 999.000
57141.170 19.142 999.000
57141.170 19.196 999.000
57141.170 19.255 999.000
57141.637 19.029 999.000
57141.637 19.045 999.000
57141.637 19.046 999.000
57141.637 19.078 999.000
57141.637 19.098 999.000
57141.637 19.164 999.000
57141.637 19.167 999.000
57141.637 19.222 999.000
57141.637 19.281 999.000
57144.468 19.177 999.000
57144.468 19.194 999.000
57144.468 19.195 999.000
57144.468 19.229 999.000
57144.468 19.251 999.000
57144.468 19.320 999.000
57144.468 19.324 999.000
57144.468 19.335 999.000
57144.468 19.396 999.000
57144.710 19.190 999.000
57144.710 19.207 999.000
57144.710 19.208 999.000
57144.710 19.242 999.000
57144.710 19.265 999.000
57144.710 19.333 999.000
57144.710 19.337 999.000
57144.710 19.340 999.000
57144.710 19.401 999.000
57144.890 19.200 999.000
57144.890 19.217 999.000
57144.890 19.218 999.000
57144.890 19.251 999.000
57144.890 19.274 999.000
57144.890 19.343 999.000
57144.890 19.343 999.000
57144.890 19.347 999.000
57144.890 19.404 999.000
57147.073 19.263 999.000
57147.073 19.323 999.000
57147.073 19.334 999.000
57147.073 19.336 999.000
57147.073 19.364 999.000
57147.073 19.384 999.000
57147.073 19.387 999.000
57147.073 19.435 999.000
57147.073 19.444 999.000
57148.310 19.287 999.000
57148.310 19.345 999.000
57148.310 19.359 999.000
57148.310 19.387 999.000
57148.310 19.404 999.000
57148.310 19.407 999.000
57148.310 19.410 999.000
57148.310 19.457 999.000
57148.310 19.467 999.000
57150.030 19.320 999.000
57150.030 19.377 999.000
57150.030 19.390 999.000
57150.030 19.420 999.000
57150.030 19.439 999.000
57150.030 19.442 999.000
57150.030 19.444 999.000
57150.030 19.489 999.000
57150.030 19.499 999.000
57150.960 19.337 999.000
57150.960 19.394 999.000
57150.960 19.407 999.000
57150.960 19.438 999.000
57150.960 19.456 999.000
57150.960 19.459 999.000
57150.960 19.462 999.000
57150.960 19.506 999.000
57150.960 19.517 999.000
57151.187 19.342 999.000
57151.187 19.398 999.000
57151.187 19.411 999.000
57151.187 19.442 999.000
57151.187 19.461 999.000
57151.187 19.463 999.000
57151.187 19.467 999.000
57151.187 19.510 999.000
57151.187 19.521 999.000
57152.160 19.360 999.000
57152.160 19.416 999.000
57152.160 19.429 999.000
57152.160 19.461 999.000
57152.160 19.479 999.000
57152.160 19.481 999.000
57152.160 19.486 999.000
57152.160 19.528 999.000
57152.160 19.539 999.000
57152.508 19.367 999.000
57152.508 19.423 999.000
57152.508 19.435 999.000
57152.508 19.467 999.000
57152.508 19.485 999.000
57152.508 19.488 999.000
57152.508 19.493 999.000
57152.508 19.534 999.000
57152.508 19.546 999.000
57155.150 19.418 999.000
57155.150 19.472 999.000
57155.150 19.484 999.000
57155.150 19.518 999.000
57155.150 19.535 999.000
57155.150 19.537 999.000
57155.150 19.544 999.000
57155.150 19.583 999.000
57155.150 19.595 999.000
57155.760 19.430 999.000
57155.760 19.483 999.000
57155.760 19.495 999.000
57155.760 19.529 999.000
57155.760 19.547 999.000
57155.760 19.548 999.000
57155.760 19.556 999.000
57155.760 19.594 999.000
57155.760 19.607 999.000
57157.944 19.472 999.000
57157.944 19.524 999.000
57157.944 19.535 999.000
57157.944 19.571 999.000
57157.944 19.588 999.000
57157.944 19.589 999.000
57157.944 19.599 999.000
57157.944 19.635 999.000
57157.944 19.648 999.000
57158.800 19.489 999.000
57158.800 19.540 999.000
57158.800 19.551 999.000
57158.800 19.587 999.000
57158.800 19.604 999.000
57158.800 19.605 999.000
57158.800 19.616 999.000
57158.800 19.650 999.000
57158.800 19.664 999.000
57160.050 19.513 999.000
57160.050 19.563 999.000
57160.050 19.575 999.000
57160.050 19.611 999.000
57160.050 19.627 999.000
57160.050 19.628 999.000
57160.050 19.640 999.000
57160.050 19.673 999.000
57160.050 19.687 999.000
57160.630 19.524 999.000
57160.630 19.574 999.000
57160.630 19.586 999.000
57160.630 19.622 999.000
57160.630 19.638 999.000
57160.630 19.639 999.000
57160.630 19.652 999.000
57160.630 19.684 999.000
57160.630 19.698 999.000
57161.010 19.531 999.000
57161.010 19.581 999.000
57161.010 19.593 999.000
57161.010 19.630 999.000
57161.010 19.646 999.000
57161.010 19.646 999.000
57161.010 19.659 999.000
57161.010 19.691 999.000
57161.010 19.706 999.000
57161.700 19.544 999.000
57161.700 19.594 999.000
57161.700 19.605 999.000
57161.700 19.643 999.000
57161.700 19.659 999.000
57161.700 19.659 999.000
57161.700 19.673 999.000
57161.700 19.704 999.000
57161.700 19.719 999.000
57162.730 19.564 999.000
57162.730 19.613 999.000
57162.730 19.625 999.000
57162.730 19.663 999.000
57162.730 19.678 999.000
57162.730 19.679 999.000
57162.730 19.693 999.000
57162.730 19.723 999.000
57162.730 19.738 999.000
57162.900 19.568 999.000
57162.900 19.616 999.000
57162.900 19.628 999.000
57162.900 19.666 999.000
57162.900 19.681 999.000
57162.900 19.682 999.000
57162.900 19.696 999.000
57162.900 19.726 999.000
57162.900 19.741 999.000
57163.380 19.577 999.000
57163.380 19.625 999.000
57163.380 19.637 999.000
57163.380 19.675 999.000
57163.380 19.690 999.000
57163.380 19.691 999.000
57163.380 19.705 999.000
57163.380 19.735 999.000
57163.380 19.750 999.000
57166.353 19.634 999.000
57166.353 19.681 999.000
57166.353 19.693 999.000
57166.353 19.732 999.000
57166.353 19.746 999.000
57166.353 19.747 999.000
57166.353 19.763 999.000
57166.353 19.789 999.000
57166.353 19.806 999.000
57166.920 19.645 999.000
57166.920 19.692 999.000
57166.920 19.703 999.000
57166.920 19.742 999.000
57166.920 19.757 999.000
57166.920 19.757 999.000
57166.920 19.774 999.000
57166.920 19.800 999.000
57166.920 19.817 999.000
57168.816 19.681 999.000
57168.816 19.727 999.000
57168.816 19.739 999.000
57168.816 19.778 999.000
57168.816 19.792 999.000
57168.816 19.793 999.000
57168.816 19.810 999.000
57168.816 19.834 999.000
57168.816 19.852 999.000
57171.900 19.740 999.000
57171.900 19.785 999.000
57171.900 19.797 999.000
57171.900 19.837 999.000
57171.900 19.849 999.000
57171.900 19.850 999.000
57171.900 19.869 999.000
57171.900 19.890 999.000
57171.900 19.910 999.000
57172.407 19.750 999.000
57172.407 19.794 999.000
57172.407 19.806 999.000
57172.407 19.846 999.000
57172.407 19.859 999.000
57172.407 19.860 999.000
57172.407 19.879 999.000
57172.407 19.900 999.000
57172.407 19.919 999.000
57173.380 19.768 999.000
57173.380 19.812 999.000
57173.380 19.824 999.000
57173.380 19.865 999.000
57173.380 19.877 999.000
57173.380 19.878 999.000
57173.380 19.897 999.000
57173.380 19.917 999.000
57173.380 19.937 999.000
57174.252 19.785 999.000
57174.252 19.829 999.000
57174.252 19.841 999.000
57174.252 19.881 999.000
57174.252 19.893 999.000
57174.252 19.894 999.000
57174.252 19.914 999.000
57174.252 19.933 999.000
57174.252 19.953 999.000
57175.020 19.799 999.000
57175.020 19.843 999.000
57175.020 19.855 999.000
57175.020 19.895 999.000
57175.020 19.907 999.000
57175.020 19.908 999.000
57175.020 19.928 999.000
57175.020 19.947 999.000
57175.020 19.968 999.000
57176.950 19.836 999.000
57176.950 19.879 999.000
57176.950 19.891 999.000
57176.950 19.932 999.000
57176.950 19.943 999.000
57176.950 19.944 999.000
57176.950 19.965 999.000
57176.950 19.982 999.000
57176.950 20.003 999.000
57178.110 19.857 999.000
57178.110 19.900 999.000
57178.110 19.912 999.000
57178.110 19.953 999.000
57178.110 19.964 999.000
57178.110 19.965 999.000
57178.110 19.986 999.000
57178.110 20.002 999.000
57178.110 20.025 999.000
57179.110 19.876 999.000
57179.110 19.919 999.000
57179.110 19.931 999.000
57179.110 19.972 999.000
57179.110 19.982 999.000
57179.110 19.984 999.000
57179.110 20.005 999.000
57179.110 20.020 999.000
57179.110 20.043 999.000
57179.687 19.887 999.000
57179.687 19.929 999.000
57179.687 19.942 999.000
57179.687 19.982 999.000
57179.687 19.993 999.000
57179.687 19.994 999.000
57179.687 20.016 999.000
57179.687 20.030 999.000
57179.687 20.054 999.000
57182.120 19.932 999.000
57182.120 19.974 999.000
57182.120 19.987 999.000
57182.120 20.027 999.000
57182.120 20.037 999.000
57182.120 20.039 999.000
57182.120 20.061 999.000
57182.120 20.074 999.000
57182.120 20.098 999.000
57183.020 19.949 999.000
57183.020 19.990 999.000
57183.020 20.003 999.000
57183.020 20.044 999.000
57183.020 20.053 999.000
57183.020 20.055 999.000
57183.020 20.077 999.000
57183.020 20.090 999.000
57183.020 20.114 999.000
57184.030 19.967 999.000
57184.030 20.009 999.000
57184.030 20.022 999.000
57184.030 20.062 999.000
57184.030 20.071 999.000
57184.030 20.074 999.000
57184.030 20.096 999.000
57184.030 20.107 999.000
57184.030 20.133 999.000
57184.960 19.985 999.000
57184.960 20.026 999.000
57184.960 20.039 999.000
57184.960 20.079 999.000
57184.960 20.088 999.000
57184.960 20.091 999.000
57184.960 20.113 999.000
57184.960 20.124 999.000
57184.960 20.149 999.000
57185.020 19.986 999.000
57185.020 20.027 999.000
57185.020 20.040 999.000
57185.020 20.081 999.000
57185.020 20.089 999.000
57185.020 20.092 999.000
57185.020 20.114 999.000
57185.020 20.125 999.000
57185.020 20.150 999.000
57185.123 19.988 999.000
57185.123 20.029 999.000
57185.123 20.042 999.000
57185.123 20.082 999.000
57185.123 20.091 999.000
57185.123 20.094 999.000
57185.123 20.116 999.000
57185.123 20.127 999.000
57185.123 20.152 999.000
57185.212 19.989 999.000
57185.212 20.030 999.000
57185.212 20.044 999.000
57185.212 20.084 999.000
57185.212 20.093 999.000
57185.212 20.095 999.000
57185.212 20.118 999.000
57185.212 20.128 999.000
57185.212 20.154 999.000
57186.770 20.018 999.000
57186.770 20.059 999.000
57186.770 20.072 999.000
57186.770 20.112 999.000
57186.770 20.120 999.000
57186.770 20.123 999.000
57186.770 20.146 999.000
57186.770 20.155 999.000
57186.770 20.182 999.000
57190.559 20.087 999.000
57190.559 20.127 999.000
57190.559 20.141 999.000
57190.559 20.181 999.000
57190.559 20.188 999.000
57190.559 20.191 999.000
57190.559 20.214 999.000
57190.559 20.221 999.000
57190.559 20.250 999.000
57192.710 20.125 999.000
57192.710 20.165 999.000
57192.710 20.180 999.000
57192.710 20.219 999.000
57192.710 20.225 999.000
57192.710 20.230 999.000
57192.710 20.253 999.000
57192.710 20.258 999.000
57192.710 20.288 999.000
57195.995 20.184 999.000
57195.995 20.224 999.000
57195.995 20.239 999.000
57195.995 20.277 999.000
57195.995 20.283 999.000
57195.995 20.287 999.000
57195.995 20.311 999.000
57195.995 20.314 999.000
57195.995 20.345 999.000
57199.060 20.238 999.000
57199.060 20.277 999.000
57199.060 20.294 999.000
57199.060 20.331 999.000
57199.060 20.335 999.000
57199.060 20.341 999.000
57199.060 20.364 999.000
57199.060 20.366 999.000
57199.060 20.398 999.000
57199.380 20.244 999.000
57199.380 20.283 999.000
57199.380 20.299 999.000
57199.380 20.336 999.000
57199.380 20.341 999.000
57199.380 20.346 999.000
57199.380 20.370 999.000
57199.380 20.371 999.000
57199.380 20.404 999.000
57201.430 20.279 999.000
57201.430 20.319 999.000
57201.430 20.336 999.000
57201.430 20.372 999.000
57201.430 20.376 999.000
57201.430 20.382 999.000
57201.430 20.405 999.000
57201.430 20.406 999.000
57201.430 20.439 999.000
57205.700 20.353 999.000
57205.700 20.392 999.000
57205.700 20.410 999.000
57205.700 20.445 999.000
57205.700 20.448 999.000
57205.700 20.455 999.000
57205.700 20.476 999.000
57205.700 20.478 999.000
57205.700 20.511 999.000
57206.340 20.364 999.000
57206.340 20.403 999.000
57206.340 20.421 999.000
57206.340 20.456 999.000
57206.340 20.459 999.000
57206.340 20.466 999.000
57206.340 20.487 999.000
57206.340 20.489 999.000
57206.340 20.522 999.000
57206.833 20.372 999.000
57206.833 20.411 999.000
57206.833 20.430 999.000
57206.833 20.464 999.000
57206.833 20.467 999.000
57206.833 20.474 999.000
57206.833 20.495 999.000
57206.833 20.497 999.000
57206.833 20.530 999.000
57206.866 20.373 999.000
57206.866 20.412 999.000
57206.866 20.430 999.000
57206.866 20.465 999.000
57206.866 20.467 999.000
57206.866 20.475 999.000
57206.866 20.495 999.000
57206.866 20.498 999.000
57206.866 20.531 999.000
57210.040 20.427 999.000
57210.040 20.466 999.000
57210.040 20.485 999.000
57210.040 20.518 999.000
57210.040 20.520 999.000
57210.040 20.528 999.000
57210.040 20.547 999.000
57210.040 20.551 999.000
57210.040 20.584 999.000
57212.302 20.465 999.000
57212.302 20.504 999.000
57212.302 20.523 999.000
57212.302 20.556 999.000
57212.302 20.557 999.000
57212.302 20.566 999.000
57212.302 20.584 999.000
57212.302 20.588 999.000
57212.302 20.621 999.000
57212.390 20.466 999.000
57212.390 20.505 999.000
57212.390 20.525 999.000
57212.390 20.557 999.000
57212.390 20.558 999.000
57212.390 20.567 999.000
57212.390 20.585 999.000
57212.390 20.590 999.000
57212.390 20.623 999.000
57217.730 20.554 999.000
57217.730 20.593 999.000
57217.730 20.614 999.000
57217.730 20.645 999.000
57217.730 20.645 999.000
57217.730 20.654 999.000
57217.730 20.670 999.000
57217.730 20.677 999.000
57217.730 20.710 999.000
57217.738 20.554 999.000
57217.738 20.593 999.000
57217.738 20.614 999.000
57217.738 20.645 999.000
57217.738 20.645 999.000
57217.738 20.655 999.000
57217.738 20.670 999.000
57217.738 20.677 999.000
57217.738 20.710 999.000
57221.000 20.607 999.000
57221.000 20.646 999.000
57221.000 20.668 999.000
57221.000 20.697 999.000
57221.000 20.698 999.000
57221.000 20.707 999.000
57221.000 20.721 999.000
57221.000 20.729 999.000
57221.000 20.762 999.000
57223.173 20.642 999.000
57223.173 20.681 999.000
57223.173 20.704 999.000
57223.173 20.731 999.000
57223.173 20.732 999.000
57223.173 20.742 999.000
57223.173 20.755 999.000
57223.173 20.764 999.000
57223.173 20.797 999.000
57228.609 20.729 999.000
57228.609 20.767 999.000
57228.609 20.791 999.000
57228.609 20.816 999.000
57228.609 20.818 999.000
57228.609 20.828 999.000
57228.609 20.838 999.000
57228.609 20.849 999.000
57228.609 20.882 999.000
57230.350 20.756 999.000
57230.350 20.795 999.000
57230.350 20.819 999.000
57230.350 20.843 999.000
57230.350 20.845 999.000
57230.350 20.855 999.000
57230.350 20.864 999.000
57230.350 20.876 999.000
57230.350 20.909 999.000
57232.370 20.787 999.000
57232.370 20.826 999.000
57232.370 20.850 999.000
57232.370 20.873 999.000
57232.370 20.876 999.000
57232.370 20.886 999.000
57232.370 20.895 999.000
57232.370 20.907 999.000
57232.370 20.940 999.000
57234.045 20.813 999.000
57234.045 20.852 999.000
57234.045 20.877 999.000
57234.045 20.899 999.000
57234.045 20.902 999.000
57234.045 20.912 999.000
57234.045 20.920 999.000
57234.045 20.933 999.000
57234.045 20.965 999.000
57236.710 20.854 999.000
57236.710 20.893 999.000
57236.710 20.918 999.000
57236.710 20.939 999.000
57236.710 20.943 999.000
57236.710 20.952 999.000
57236.710 20.960 999.000
57236.710 20.974 999.000
57236.710 21.006 999.000
57239.481 20.896 999.000
57239.481 20.935 999.000
57239.481 20.961 999.000
57239.481 20.980 999.000
57239.481 20.985 999.000
57239.481 20.994 999.000
57239.481 21.000 999.000
57239.481 21.015 999.000
57239.481 21.047 999.000
57244.916 20.977 999.000
57244.916 21.016 999.000
57244.916 21.043 999.000
57244.916 21.061 999.000
57244.916 21.066 999.000
57244.916 21.075 999.000
57244.916 21.079 999.000
57244.916 21.096 999.000
57244.916 21.128 999.000
57250.352 21.057 999.000
57250.352 21.096 999.000
57250.352 21.124 999.000
57250.352 21.139 999.000
57250.352 21.145 999.000
57250.352 21.154 999.000
57250.352 21.157 999.000
57250.352 21.175 999.000
57250.352 21.207 999.000
57255.788 21.135 999.000
57255.788 21.174 999.000
57255.788 21.203 999.000
57255.788 21.217 999.000
57255.788 21.223 999.000
57255.788 21.232 999.000
57255.788 21.233 999.000
57255.788 21.253 999.000
57255.788 21.285 999.000
57261.224 21.212 999.000
57261.224 21.251 999.000
57261.224 21.281 999.000
57261.224 21.293 999.000
57261.224 21.300 999.000
57261.224 21.308 999.000
57261.224 21.309 999.000
57261.224 21.330 999.000
57261.224 21.361 999.000
57266.659 21.288 999.000
57266.659 21.327 999.000
57266.659 21.357 999.000
57266.659 21.367 999.000
57266.659 21.376 999.000
57266.659 21.382 999.000
57266.659 21.385 999.000
57266.659 21.405 999.000
57266.659 21.436 999.000
57272.095 21.362 999.000
57272.095 21.401 999.000
57272.095 21.432 999.000
57272.095 21.441 999.000
57272.095 21.450 999.000
57272.095 21.455 999.000
57272.095 21.459 999.000
57272.095 21.480 999.000
57272.095 21.510 999.000
57277.531 21.436 999.000
57277.531 21.474 999.000
57277.531 21.506 999.000
57277.531 21.513 999.000
57277.531 21.523 999.000
57277.531 21.526 999.000
57277.531 21.532 999.000
57277.531 21.553 999.000
57277.531 21.583 999.000
57282.967 21.508 999.000
57282.967 21.546 999.000
57282.967 21.578 999.000
57282.967 21.585 999.000
57282.967 21.595 999.000
57282.967 21.597 999.000
57282.967 21.603 999.000
57282.967 21.625 999.000
57282.967 21.655 999.000
57288.402 21.578 999.000
57288.402 21.616 999.000
57288.402 21.650 999.000
57288.402 21.655 999.000
57288.402 21.666 999.000
57288.402 21.666 999.000
57288.402 21.674 999.000
57288.402 21.695 999.000
57288.402 21.725 999.000
57293.838 21.648 999.000
57293.838 21.686 999.000
57293.838 21.720 999.000
57293.838 21.724 999.000
57293.838 21.735 999.000
57293.838 21.735 999.000
57293.838 21.744 999.000
57293.838 21.765 999.000
57293.838 21.795 999.000
57299.274 21.717 999.000
57299.274 21.755 999.000
57299.274 21.789 999.000
57299.274 21.792 999.000
57299.274 21.802 999.000
57299.274 21.804 999.000
57299.274 21.812 999.000
57299.274 21.834 999.000
57299.274 21.863 999.000
57304.710 21.784 999.000
57304.710 21.822 999.000
57304.710 21.857 999.000
57304.710 21.859 999.000
57304.710 21.868 999.000
57304.710 21.872 999.000
57304.710 21.880 999.000
57304.710 21.902 999.000
57304.710 21.931 999.000
57310.145 21.851 999.000
57310.145 21.888 999.000
57310.145 21.923 999.000
57310.145 21.925 999.000
57310.145 21.934 999.000
57310.145 21.938 999.000
57310.145 21.946 999.000
57310.145 21.968 999.000
57310.145 21.997 999.000
57315.581 21.917 999.000
57315.581 21.954 999.000
57315.581 21.989 999.000
57315.581 21.990 999.000
57315.581 21.998 999.000
57315.581 22.004 999.000
57315.581 22.012 999.000
57315.581 22.034 999.000
57315.581 22.062 999.000
57321.017 21.982 999.000
57321.017 22.018 999.000
57321.017 22.054 999.000
57321.017 22.055 999.000
57321.017 22.062 999.000
57321.017 22.069 999.000
57321.017 22.076 999.000
57321.017 22.099 999.000
57321.017 22.127 999.000
57326.453 22.045 999.000
57326.453 22.082 999.000
57326.453 22.118 999.000
57326.453 22.118 999.000
57326.453 22.125 999.000
57326.453 22.133 999.000
57326.453 22.140 999.000
57326.453 22.163 999.000
57326.453 22.191 999.000
57330.722 22.095 999.000
57330.722 22.131 999.000
57330.722 22.167 999.000
57330.722 22.168 999.000
57330.722 22.173 999.000
57330.722 22.182 999.000
57330.722 22.189 999.000
57330.722 22.213 999.000
57330.722 22.240 999.000
57331.888 22.108 999.000
57331.888 22.145 999.000
57331.888 22.180 999.000
57331.888 22.181 999.000
57331.888 22.186 999.000
57331.888 22.196 999.000
57331.888 22.203 999.000
57331.888 22.226 999.000
57331.888 22.254 999.000
57335.787 22.153 999.000
57335.787 22.189 999.000
57335.787 22.225 999.000
57335.787 22.226 999.000
57335.787 22.230 999.000
57335.787 22.240 999.000
57335.787 22.247 999.000
57335.787 22.271 999.000
57335.787 22.298 999.000
57337.324 22.170 999.000
57337.324 22.207 999.000
57337.324 22.242 999.000
57337.324 22.244 999.000
57337.324 22.247 999.000
57337.324 22.258 999.000
57337.324 22.265 999.000
57337.324 22.288 999.000
57337.324 22.315 999.000
57342.760 22.232 999.000
57342.760 22.268 999.000
57342.760 22.303 999.000
57342.760 22.305 999.000
57342.760 22.308 999.000
57342.760 22.319 999.000
57342.760 22.326 999.000
57342.760 22.350 999.000
57342.760 22.377 999.000
57348.196 22.292 999.000
57348.196 22.328 999.000
57348.196 22.363 999.000
57348.196 22.366 999.000
57348.196 22.367 999.000
57348.196 22.380 999.000
57348.196 22.386 999.000
57348.196 22.410 999.000
57348.196 22.437 999.000
57353.632 22.351 999.000
57353.632 22.387 999.000
57353.632 22.422 999.000
57353.632 22.425 999.000
57353.632 22.426 999.000
57353.632 22.439 999.000
57353.632 22.446 999.000
57353.632 22.470 999.000
57353.632 22.496 999.000
57359.067 22.410 999.000
57359.067 22.446 999.000
57359.067 22.481 999.000
57359.067 22.484 999.000
57359.067 22.484 999.000
57359.067 22.498 999.000
57359.067 22.505 999.000
57359.067 22.529 999.000
57359.067 22.555 999.000
57364.503 22.468 999.000
57364.503 22.504 999.000
57364.503 22.538 999.000
57364.503 22.541 999.000
57364.503 22.542 999.000
57364.503 22.556 999.000
57364.503 22.563 999.000
57364.503 22.588 999.000
57364.503 22.613 999.000
57369.939 22.526 999.000
57369.939 22.561 999.000
57369.939 22.595 999.000
57369.939 22.597 999.000
57369.939 22.600 999.000
57369.939 22.614 999.000
57369.939 22.620 999.000
57369.939 22.645 999.000
57369.939 22.670 999.000
57373.330 22.561 999.000
57373.330 22.596 999.000
57373.330 22.631 999.000
57373.330 22.632 999.000
57373.330 22.635 999.000
57373.330 22.649 999.000
57373.330 22.655 999.000
57373.330 22.681 999.000
57373.330 22.706 999.000
57375.375 22.582 999.000
57375.375 22.617 999.000
57375.375 22.652 999.000
57375.375 22.653 999.000
57375.375 22.657 999.000
57375.375 22.670 999.000
57375.375 22.677 999.000
57375.375 22.702 999.000
57375.375 22.727 999.000
57378.080 22.610 999.000
57378.080 22.645 999.000
57378.080 22.680 999.000
57378.080 22.680 999.000
57378.080 22.684 999.000
57378.080 22.698 999.000
57378.080 22.705 999.000
57378.080 22.730 999.000
57378.080 22.755 999.000
57379.200 22.622 999.000
57379.200 22.657 999.000
57379.200 22.691 999.000
57379.200 22.692 999.000
57379.200 22.696 999.000
57379.200 22.710 999.000
57379.200 22.716 999.000
57379.200 22.742 999.000
57379.200 22.766 999.000
57380.810 22.638 999.000
57380.810 22.673 999.000
57380.810 22.707 999.000
57380.810 22.708 999.000
57380.810 22.713 999.000
57380.810 22.726 999.000
57380.810 22.733 999.000
57380.810 22.758 999.000
57380.810 22.783 999.000
57386.246 22.693 999.000
57386.246 22.728 999.000
57386.246 22.762 999.000
57386.246 22.762 999.000
57386.246 22.768 999.000
57386.246 22.782 999.000
57386.246 22.788 999.000
57386.246 22.814 999.000
57386.246 22.838 999.000
57391.682 22.748 999.000
57391.682 22.783 999.000
57391.682 22.816 999.000
57391.682 22.817 999.000
57391.682 22.822 999.000
57391.682 22.836 999.000
57391.682 22.842 999.000
57391.682 22.869 999.000
57391.682 22.893 999.000
57397.118 22.802 999.000
57397.118 22.836 999.000
57397.118 22.869 999.000
57397.118 22.870 999.000
57397.118 22.876 999.000
57397.118 22.890 999.000
57397.118 22.896 999.000
57397.118 22.923 999.000
57397.118 22.946 999.000
57401.580 22.845 999.000
57401.580 22.880 999.000
57401.580 22.912 999.000
57401.580 22.914 999.000
57401.580 22.920 999.000
57401.580 22.934 999.000
57401.580 22.940 999.000
57401.580 22.967 999.000
57401.580 22.990 999.000
57402.553 22.855 999.000
57402.553 22.889 999.000
57402.553 22.922 999.000
57402.553 22.923 999.000
57402.553 22.930 999.000
57402.553 22.944 999.000
57402.553 22.950 999.000
57402.553 22.976 999.000
57402.553 23.000 999.000
57403.500 22.864 999.000
57403.500 22.898 999.000
57403.500 22.931 999.000
57403.500 22.932 999.000
57403.500 22.939 999.000
57403.500 22.953 999.000
57403.500 22.959 999.000
57403.500 22.986 999.000
57403.500 23.009 999.000
57404.300 22.872 999.000
57404.300 22.906 999.000
57404.300 22.938 999.000
57404.300 22.940 999.000
57404.300 22.947 999.000
57404.300 22.961 999.000
57404.300 22.967 999.000
57404.300 22.993 999.000
57404.300 23.017 999.000
57407.989 22.908 999.000
57407.989 22.942 999.000
57407.989 22.974 999.000
57407.989 22.976 999.000
57407.989 22.982 999.000
57407.989 22.996 999.000
57407.989 23.002 999.000
57407.989 23.029 999.000
57407.989 23.052 999.000
57409.470 22.922 999.000
57409.470 22.956 999.000
57409.470 22.988 999.000
57409.470 22.990 999.000
57409.470 22.997 999.000
57409.470 23.011 999.000
57409.470 23.016 999.000
57409.470 23.043 999.000
57409.470 23.066 999.000
57413.425 22.960 999.000
57413.425 22.994 999.000
57413.425 23.025 999.000
57413.425 23.027 999.000
57413.425 23.034 999.000
57413.425 23.049 999.000
57413.425 23.054 999.000
57413.425 23.081 999.000
57413.425 23.104 999.000
57418.861 23.011 999.000
57418.861 23.045 999.000
57418.861 23.076 999.000
57418.861 23.079 999.000
57418.861 23.086 999.000
57418.861 23.100 999.000
57418.861 23.106 999.000
57418.861 23.133 999.000
57418.861 23.156 999.000
57423.220 23.052 999.000
57423.220 23.086 999.000
57423.220 23.116 999.000
57423.220 23.119 999.000
57423.220 23.127 999.000
57423.220 23.141 999.000
57423.220 23.147 999.000
57423.220 23.174 999.000
57423.220 23.196 999.000
57423.520 23.055 999.000
57423.520 23.088 999.000
57423.520 23.119 999.000
57423.520 23.122 999.000
57423.520 23.130 999.000
57423.520 23.144 999.000
57423.520 23.149 999.000
57423.520 23.177 999.000
57423.520 23.199 999.000
57424.296 23.062 999.000
57424.296 23.096 999.000
57424.296 23.126 999.000
57424.296 23.129 999.000
57424.296 23.137 999.000
57424.296 23.151 999.000
57424.296 23.157 999.000
57424.296 23.184 999.000
57424.296 23.206 999.000
57425.630 23.074 999.000
57425.630 23.108 999.000
57425.630 23.138 999.000
57425.630 23.142 999.000
57425.630 23.149 999.000
57425.630 23.163 999.000
57425.630 23.169 999.000
57425.630 23.197 999.000
57425.630 23.219 999.000
57429.732 23.112 999.000
57429.732 23.146 999.000
57429.732 23.175 999.000
57429.732 23.179 999.000
57429.732 23.187 999.000
57429.732 23.201 999.000
57429.732 23.207 999.000
57429.732 23.235 999.000
57429.732 23.257 999.000
57433.210 23.144 999.000
57433.210 23.177 999.000
57433.210 23.207 999.000
57433.210 23.211 999.000
57433.210 23.219 999.000
57433.210 23.233 999.000
57433.210 23.239 999.000
57433.210 23.267 999.000
57433.210 23.289 999.000
57433.550 23.147 999.000
57433.550 23.181 999.000
57433.550 23.210 999.000
57433.550 23.214 999.000
57433.550 23.222 999.000
57433.550 23.236 999.000
57433.550 23.242 999.000
57433.550 23.270 999.000
57433.550 23.292 999.000
57435.168 23.162 999.000
57435.168 23.195 999.000
57435.168 23.224 999.000
57435.168 23.229 999.000
57435.168 23.237 999.000
57435.168 23.251 999.000
57435.168 23.257 999.000
57435.168 23.285 999.000
57435.168 23.306 999.000
57437.720 23.185 999.000
57437.720 23.218 999.000
57437.720 23.247 999.000
57437.720 23.252 999.000
57437.720 23.260 999.000
57437.720 23.274 999.000
57437.720 23.280 999.000
57437.720 23.308 999.000
57437.720 23.330 999.000
57440.604 23.211 999.000
57440.604 23.244 999.000
57440.604 23.273 999.000
57440.604 23.278 999.000
57440.604 23.286 999.000
57440.604 23.300 999.000
57440.604 23.306 999.000
57440.604 23.334 999.000
57440.604 23.356 999.000
57444.240 23.243 999.000
57444.240 23.277 999.000
57444.240 23.305 999.000
57444.240 23.310 999.000
57444.240 23.319 999.000
57444.240 23.333 999.000
57444.240 23.338 999.000
57444.240 23.367 999.000
57444.240 23.388 999.000
57446.039 23.259 999.000
57446.039 23.293 999.000
57446.039 23.321 999.000
57446.039 23.326 999.000
57446.039 23.335 999.000
57446.039 23.349 999.000
57446.039 23.354 999.000
57446.039 23.383 999.000
57446.039 23.404 999.000
57450.520 23.299 999.000
57450.520 23.332 999.000
57450.520 23.360 999.000
57450.520 23.366 999.000
57450.520 23.375 999.000
57450.520 23.389 999.000
57450.520 23.394 999.000
57450.520 23.423 999.000
57450.520 23.444 999.000
57451.475 23.307 999.000
57451.475 23.341 999.000
57451.475 23.368 999.000
57451.475 23.374 999.000
57451.475 23.383 999.000
57451.475 23.397 999.000
57451.475 23.403 999.000
57451.475 23.431 999.000
57451.475 23.452 999.000
57456.270 23.349 999.000
57456.270 23.382 999.000
57456.270 23.410 999.000
57456.270 23.416 999.000
57456.270 23.425 999.000
57456.270 23.439 999.000
57456.270 23.445 999.000
57456.270 23.474 999.000
57456.270 23.494 999.000
57456.911 23.355 999.000
57456.911 23.388 999.000
57456.911 23.415 999.000
57456.911 23.421 999.000
57456.911 23.431 999.000
57456.911 23.445 999.000
57456.911 23.450 999.000
57456.911 23.479 999.000
57456.911 23.500 999.000
57458.570 23.369 999.000
57458.570 23.402 999.000
57458.570 23.429 999.000
57458.570 23.436 999.000
57458.570 23.445 999.000
57458.570 23.460 999.000
57458.570 23.465 999.000
57458.570 23.494 999.000
57458.570 23.514 999.000
57462.347 23.402 999.000
57462.347 23.435 999.000
57462.347 23.462 999.000
57462.347 23.468 999.000
57462.347 23.478 999.000
57462.347 23.492 999.000
57462.347 23.497 999.000
57462.347 23.527 999.000
57462.347 23.547 999.000
57465.530 23.429 999.000
57465.530 23.462 999.000
57465.530 23.489 999.000
57465.530 23.495 999.000
57465.530 23.505 999.000
57465.530 23.520 999.000
57465.530 23.525 999.000
57465.530 23.554 999.000
57465.530 23.574 999.000
57467.782 23.449 999.000
57467.782 23.481 999.000
57467.782 23.507 999.000
57467.782 23.515 999.000
57467.782 23.524 999.000
57467.782 23.539 999.000
57467.782 23.544 999.000
57467.782 23.573 999.000
57467.782 23.594 999.000
57473.218 23.495 999.000
57473.218 23.527 999.000
57473.218 23.553 999.000
57473.218 23.561 999.000
57473.218 23.570 999.000
57473.218 23.585 999.000
57473.218 23.590 999.000
57473.218 23.620 999.000
57473.218 23.640 999.000
57478.654 23.540 999.000
57478.654 23.573 999.000
57478.654 23.598 999.000
57478.654 23.606 999.000
57478.654 23.616 999.000
57478.654 23.631 999.000
57478.654 23.636 999.000
57478.654 23.666 999.000
57478.654 23.685 999.000
57484.090 23.585 999.000
57484.090 23.618 999.000
57484.090 23.643 999.000
57484.090 23.651 999.000
57484.090 23.661 999.000
57484.090 23.676 999.000
57484.090 23.681 999.000
57484.090 23.711 999.000
57484.090 23.730 999.000
57488.150 23.619 999.000
57488.150 23.651 999.000
57488.150 23.676 999.000
57488.150 23.684 999.000
57488.150 23.695 999.000
57488.150 23.710 999.000
57488.150 23.714 999.000
57488.150 23.745 999.000
57488.150 23.764 999.000
57489.525 23.630 999.000
57489.525 23.662 999.000
57489.525 23.687 999.000
57489.525 23.696 999.000
57489.525 23.706 999.000
57489.525 23.721 999.000
57489.525 23.726 999.000
57489.525 23.756 999.000
57489.525 23.775 999.000
57492.140 23.651 999.000
57492.140 23.684 999.000
57492.140 23.708 999.000
57492.140 23.717 999.000
57492.140 23.727 999.000
57492.140 23.742 999.000
57492.140 23.747 999.000
57492.140 23.777 999.000
57492.140 23.796 999.000
57494.961 23.674 999.000
57494.961 23.707 999.000
57494.961 23.730 999.000
57494.961 23.740 999.000
57494.961 23.750 999.000
57494.961 23.765 999.000
57494.961 23.770 999.000
57494.961 23.800 999.000
57494.961 23.819 999.000
57500.397 23.718 999.000
57500.397 23.750 999.000
57500.397 23.774 999.000
57500.397 23.783 999.000
57500.397 23.794 999.000
57500.397 23.809 999.000
57500.397 23.814 999.000
57500.397 23.845 999.000
57500.397 23.863 999.000
57505.833 23.761 999.000
57505.833 23.794 999.000
57505.833 23.817 999.000
57505.833 23.827 999.000
57505.833 23.838 999.000
57505.833 23.853 999.000
57505.833 23.857 999.000
57505.833 23.888 999.000
57505.833 23.907 999.000
57511.268 23.804 999.000
57511.268 23.836 999.000
57511.268 23.859 999.000
57511.268 23.869 999.000
57511.268 23.881 999.000
57511.268 23.896 999.000
57511.268 23.900 999.000
57511.268 23.931 999.000
57511.268 23.950 999.000
57516.704 23.847 999.000
57516.704 23.879 999.000
57516.704 23.901 999.000
57516.704 23.912 999.000
57516.704 23.923 999.000
57516.704 23.938 999.000
57516.704 23.943 999.000
57516.704 23.974 999.000
57516.704 23.992 999.000
57522.140 23.889 999.000
57522.140 23.921 999.000
57522.140 23.943 999.000
57522.140 23.954 999.000
57522.140 23.965 999.000
57522.140 23.981 999.000
57522.140 23.985 999.000
57522.140 24.017 999.000
57522.140 24.034 999.000
