53743.440 22.462 0.251
53743.480 21.464 999.000
53743.560 21.448 999.000
53797.480 21.285 999.000
53827.560 21.488 999.000
53875.440 21.334 999.000
53875.480 21.435 999.000
53875.520 21.424 999.000
53875.560 21.441 999.000
54147.440 21.353 999.000
54147.480 21.320 999.000
54147.520 21.462 999.000
54147.560 21.245 999.000
54172.440 22.071 999.000
54172.480 22.110 999.000
54172.520 22.122 999.000
54172.560 21.904 999.000
54210.440 21.992 999.000
54210.480 21.912 999.000
54210.560 22.017 999.000
54565.440 21.461 999.000
54565.480 21.944 999.000
54565.560 22.003 999.000
54589.440 22.032 999.000
54589.480 22.053 999.000
54589.520 22.051 999.000
54589.560 22.077 999.000
54834.440 22.008 999.000
54834.480 21.825 999.000
54834.520 21.762 999.000
54834.560 22.242 0.214
54862.440 21.751 999.000
54862.480 21.765 999.000
54862.520 21.745 999.000
54862.560 22.288 0.231
54881.440 21.902 999.000
54881.560 21.830 999.000
54882.480 21.537 0.163
54882.520 21.457 999.000
54882.560 21.878 999.000
54924.440 21.570 999.000
54924.480 21.371 999.000
54924.520 21.342 999.000
54924.560 21.473 999.000
55268.440 22.202 0.232
55268.480 21.953 0.207
55268.520 21.553 999.000
55268.560 21.490 999.000
55589.440 21.787 999.000
55589.520 21.763 999.000
55589.560 22.002 999.000
55634.440 21.871 999.000
55634.480 21.960 999.000
55634.520 21.915 999.000
55634.560 21.372 999.000
55656.480 21.891 999.000
55656.520 21.997 999.000
55681.440 21.471 999.000
55681.480 21.515 999.000
55681.520 21.492 999.000
55681.560 21.913 999.000
55987.440 21.691 999.000
55987.480 21.488 999.000
55987.520 21.507 999.000
55987.560 21.560 999.000
55999.440 21.911 999.000
55999.480 21.383 0.153
55999.520 21.918 999.000
55999.560 21.755 999.000
56035.440 21.586 999.000
56035.480 21.887 999.000
56035.520 21.763 999.000
56035.560 21.603 999.000
56364.440 21.684 999.000
56364.480 21.652 999.000
56364.520 21.627 999.000
56364.560 21.652 999.000
56402.440 21.468 999.000
56402.480 21.411 999.000
56402.520 21.265 999.000
56402.560 21.041 999.000
57064.440 16.919 0.021
57064.480 16.960 0.021
57064.520 16.925 0.021
57064.560 16.998 0.021
