57072.392 16.541 0.065
57072.394 16.570 0.049
57074.169 16.535 0.045
57074.177 16.524 0.062
57076.167 16.564 0.082
57078.322 16.488 0.054
57078.329 16.504 0.070
57080.517 16.499 0.055
57080.524 16.544 0.071
57083.121 16.610 0.078
57084.342 16.515 0.054
57084.357 16.471 0.069
57089.974 16.335 0.074
57089.976 16.362 0.059
57093.763 16.371 0.071
57093.764 16.380 0.056
57098.987 16.356 0.065
57102.645 16.411 0.070
57106.870 16.376 0.070
57106.872 16.395 0.055
57111.500 16.572 0.064
57111.503 16.527 0.047
57118.420 16.797 0.074
57118.422 16.785 0.059
57120.815 16.961 0.081
57120.816 16.966 0.068
57122.075 16.925 0.100
57122.075 16.917 0.086
57128.627 17.294 0.081
57128.629 17.325 0.068
57136.314 17.793 0.122
57144.466 18.150 0.103
57144.468 18.137 0.093
57151.184 18.150 0.098
57151.187 18.144 0.089
57160.628 18.179 0.109
57160.630 18.204 0.105
57172.406 18.600 0.148
57172.407 18.562 0.147
57231.400 19.194 0.229
57232.365 19.262 0.200
57232.370 19.267 0.236
57390.336 20.604 0.235
56984.000 54.317 999.000
56984.000 54.521 999.000
56984.000 54.571 999.000
56984.000 54.636 999.000
56984.000 54.641 999.000
56984.000 54.681 999.000
56984.000 54.693 999.000
56984.000 54.727 999.000
56984.000 54.961 999.000
56989.436 54.317 999.000
56989.436 54.521 999.000
56989.436 54.571 999.000
56989.436 54.636 999.000
56989.436 54.641 999.000
56989.436 54.681 999.000
56989.436 54.693 999.000
56989.436 54.727 999.000
56989.436 54.961 999.000
56994.872 54.317 999.000
56994.872 54.521 999.000
56994.872 54.571 999.000
56994.872 54.636 999.000
56994.872 54.641 999.000
56994.872 54.681 999.000
56994.872 54.693 999.000
56994.872 54.727 999.000
56994.872 54.961 999.000
57000.307 20.298 999.000
57000.307 20.438 999.000
57000.307 20.726 999.000
57000.307 22.777 999.000
57000.307 22.887 999.000
57000.307 23.242 999.000
57000.307 23.443 999.000
57000.307 54.727 999.000
57000.307 54.961 999.000
57005.743 18.829 999.000
57005.743 18.908 999.000
57005.743 19.070 999.000
57005.743 19.560 999.000
57005.743 19.617 999.000
57005.743 19.684 999.000
57005.743 19.711 999.000
57005.743 20.078 999.000
57005.743 20.424 999.000
57011.179 18.052 999.000
57011.179 18.106 999.000
57011.179 18.228 999.000
57011.179 18.422 999.000
57011.179 18.486 999.000
57011.179 18.505 999.000
57011.179 18.546 999.000
57011.179 18.689 999.000
57011.179 18.948 999.000
57014.000 17.767 999.000
57014.000 17.812 999.000
57014.000 17.921 999.000
57014.000 18.042 999.000
57014.000 18.104 999.000
57014.000 18.115 999.000
57014.000 18.158 999.000
57014.000 18.252 999.000
57014.000 18.485 999.000
57014.070 17.760 999.000
57014.070 17.805 999.000
57014.070 17.914 999.000
57014.070 18.034 999.000
57014.070 18.096 999.000
57014.070 18.107 999.000
57014.070 18.149 999.000
57014.070 18.242 999.000
57014.070 18.475 999.000
57016.615 17.547 999.000
57016.615 17.585 999.000
57016.615 17.685 999.000
57016.615 17.759 999.000
57016.615 17.818 999.000
57016.615 17.826 999.000
57016.615 17.869 999.000
57016.615 17.932 999.000
57016.615 18.147 999.000
57022.050 17.187 999.000
57022.050 17.213 999.000
57022.050 17.300 999.000
57022.050 17.312 999.000
57022.050 17.364 999.000
57022.050 17.370 999.000
57022.050 17.412 999.000
57022.050 17.434 999.000
57022.050 17.616 999.000
57027.486 16.919 999.000
57027.486 16.936 999.000
57027.486 16.990 999.000
57027.486 17.013 999.000
57027.486 17.035 999.000
57027.486 17.043 999.000
57027.486 17.079 999.000
57027.486 17.081 999.000
57027.486 17.235 999.000
57032.922 16.716 999.000
57032.922 16.726 999.000
57032.922 16.750 999.000
57032.922 16.788 999.000
57032.922 16.796 999.000
57032.922 16.799 999.000
57032.922 16.817 999.000
57032.922 16.834 999.000
57032.922 16.950 999.000
57033.490 16.698 999.000
57033.490 16.707 999.000
57033.490 16.728 999.000
57033.490 16.766 999.000
57033.490 16.776 999.000
57033.490 16.778 999.000
57033.490 16.793 999.000
57033.490 16.812 999.000
57033.490 16.924 999.000
57038.358 16.562 999.000
57038.358 16.566 999.000
57038.358 16.569 999.000
57038.358 16.602 999.000
57038.358 16.616 999.000
57038.358 16.620 999.000
57038.358 16.629 999.000
57038.358 16.647 999.000
57038.358 16.732 999.000
57042.030 16.474 999.000
57042.030 16.480 999.000
57042.030 16.480 999.000
57042.030 16.503 999.000
57042.030 16.516 999.000
57042.030 16.520 999.000
57042.030 16.540 999.000
57042.030 16.548 999.000
57042.030 16.615 999.000
57043.793 16.435 999.000
57043.793 16.445 999.000
57043.793 16.446 999.000
57043.793 16.462 999.000
57043.793 16.473 999.000
57043.793 16.480 999.000
57043.793 16.502 999.000
57043.793 16.507 999.000
57043.793 16.566 999.000
57048.700 16.345 999.000
57048.700 16.363 999.000
57048.700 16.368 999.000
57048.700 16.368 999.000
57048.700 16.374 999.000
57048.700 16.389 999.000
57048.700 16.412 999.000
57048.700 16.417 999.000
57048.700 16.452 999.000
57049.229 16.337 999.000
57049.229 16.355 999.000
57049.229 16.359 999.000
57049.229 16.361 999.000
57049.229 16.365 999.000
57049.229 16.381 999.000
57049.229 16.404 999.000
57049.229 16.409 999.000
57049.229 16.442 999.000
57049.700 16.330 999.000
57049.700 16.349 999.000
57049.700 16.352 999.000
57049.700 16.355 999.000
57049.700 16.358 999.000
57049.700 16.374 999.000
57049.700 16.396 999.000
57049.700 16.402 999.000
57049.700 16.433 999.000
57051.470 16.306 999.000
57051.470 16.326 999.000
57051.470 16.327 999.000
57051.470 16.331 999.000
57051.470 16.333 999.000
57051.470 16.349 999.000
57051.470 16.370 999.000
57051.470 16.378 999.000
57051.470 16.401 999.000
57053.500 16.282 999.000
57053.500 16.301 999.000
57053.500 16.305 999.000
57053.500 16.305 999.000
57053.500 16.312 999.000
57053.500 16.325 999.000
57053.500 16.344 999.000
57053.500 16.355 999.000
57053.500 16.368 999.000
57054.665 16.270 999.000
57054.665 16.288 999.000
57054.665 16.291 999.000
57054.665 16.293 999.000
57054.665 16.302 999.000
57054.665 16.313 999.000
57054.665 16.331 999.000
57054.665 16.343 999.000
57054.665 16.351 999.000
57060.101 16.229 999.000
57060.101 16.244 999.000
57060.101 16.245 999.000
57060.101 16.255 999.000
57060.101 16.266 999.000
57060.101 16.272 999.000
57060.101 16.286 999.000
57060.101 16.290 999.000
57060.101 16.301 999.000
57065.536 16.212 999.000
57065.536 16.224 999.000
57065.536 16.225 999.000
57065.536 16.238 999.000
57065.536 16.251 999.000
57065.536 16.255 999.000
57065.536 16.255 999.000
57065.536 16.264 999.000
57065.536 16.281 999.000
57068.470 16.212 999.000
57068.470 16.223 999.000
57068.470 16.223 999.000
57068.470 16.238 999.000
57068.470 16.246 999.000
57068.470 16.251 999.000
57068.470 16.255 999.000
57068.470 16.261 999.000
57068.470 16.280 999.000
57068.970 16.212 999.000
57068.970 16.223 999.000
57068.970 16.223 999.000
57068.970 16.238 999.000
57068.970 16.245 999.000
57068.970 16.252 999.000
57068.970 16.255 999.000
57068.970 16.261 999.000
57068.970 16.280 999.000
57069.450 16.213 999.000
57069.450 16.224 999.000
57069.450 16.224 999.000
57069.450 16.239 999.000
57069.450 16.245 999.000
57069.450 16.253 999.000
57069.450 16.256 999.000
57069.450 16.262 999.000
57069.450 16.280 999.000
57070.972 16.216 999.000
57070.972 16.227 999.000
57070.972 16.227 999.000
57070.972 16.242 999.000
57070.972 16.244 999.000
57070.972 16.256 999.000
57070.972 16.259 999.000
57070.972 16.264 999.000
57070.972 16.283 999.000
57071.600 16.218 999.000
57071.600 16.229 999.000
57071.600 16.229 999.000
57071.600 16.244 999.000
57071.600 16.244 999.000
57071.600 16.257 999.000
57071.600 16.261 999.000
57071.600 16.265 999.000
57071.600 16.284 999.000
57072.394 16.221 999.000
57072.394 16.231 999.000
57072.394 16.231 999.000
57072.394 16.245 999.000
57072.394 16.246 999.000
57072.394 16.260 999.000
57072.394 16.264 999.000
57072.394 16.267 999.000
57072.394 16.286 999.000
57072.590 16.222 999.000
57072.590 16.232 999.000
57072.590 16.232 999.000
57072.590 16.246 999.000
57072.590 16.247 999.000
57072.590 16.261 999.000
57072.590 16.265 999.000
57072.590 16.268 999.000
57072.590 16.287 999.000
57073.880 16.227 999.000
57073.880 16.237 999.000
57073.880 16.237 999.000
57073.880 16.248 999.000
57073.880 16.252 999.000
57073.880 16.266 999.000
57073.880 16.270 999.000
57073.880 16.272 999.000
57073.880 16.291 999.000
57074.169 16.229 999.000
57074.169 16.239 999.000
57074.169 16.239 999.000
57074.169 16.249 999.000
57074.169 16.253 999.000
57074.169 16.267 999.000
57074.169 16.272 999.000
57074.169 16.274 999.000
57074.169 16.293 999.000
57074.210 16.229 999.000
57074.210 16.239 999.000
57074.210 16.239 999.000
57074.210 16.249 999.000
57074.210 16.253 999.000
57074.210 16.267 999.000
57074.210 16.272 999.000
57074.210 16.274 999.000
57074.210 16.293 999.000
57076.167 16.240 999.000
57076.167 16.250 999.000
57076.167 16.250 999.000
57076.167 16.256 999.000
57076.167 16.263 999.000
57076.167 16.277 999.000
57076.167 16.283 999.000
57076.167 16.283 999.000
57076.167 16.302 999.000
57076.408 16.241 999.000
57076.408 16.251 999.000
57076.408 16.251 999.000
57076.408 16.257 999.000
57076.408 16.265 999.000
57076.408 16.279 999.000
57076.408 16.284 999.000
57076.408 16.284 999.000
57076.408 16.304 999.000
57077.170 16.246 999.000
57077.170 16.256 999.000
57077.170 16.256 999.000
57077.170 16.261 999.000
57077.170 16.270 999.000
57077.170 16.283 999.000
57077.170 16.289 999.000
57077.170 16.289 999.000
57077.170 16.308 999.000
57077.450 16.248 999.000
57077.450 16.258 999.000
57077.450 16.258 999.000
57077.450 16.262 999.000
57077.450 16.271 999.000
57077.450 16.285 999.000
57077.450 16.291 999.000
57077.450 16.291 999.000
57077.450 16.310 999.000
57077.620 16.250 999.000
57077.620 16.259 999.000
57077.620 16.259 999.000
57077.620 16.263 999.000
57077.620 16.273 999.000
57077.620 16.286 999.000
57077.620 16.292 999.000
57077.620 16.293 999.000
57077.620 16.311 999.000
57078.322 16.255 999.000
57078.322 16.265 999.000
57078.322 16.265 999.000
57078.322 16.267 999.000
57078.322 16.277 999.000
57078.322 16.291 999.000
57078.322 16.296 999.000
57078.322 16.298 999.000
57078.322 16.315 999.000
57078.470 16.256 999.000
57078.470 16.266 999.000
57078.470 16.266 999.000
57078.470 16.268 999.000
57078.470 16.278 999.000
57078.470 16.292 999.000
57078.470 16.298 999.000
57078.470 16.299 999.000
57078.470 16.316 999.000
57078.960 16.260 999.000
57078.960 16.270 999.000
57078.960 16.270 999.000
57078.960 16.271 999.000
57078.960 16.282 999.000
57078.960 16.296 999.000
57078.960 16.301 999.000
57078.960 16.303 999.000
57078.960 16.320 999.000
57079.340 16.263 999.000
57079.340 16.273 999.000
57079.340 16.273 999.000
57079.340 16.273 999.000
57079.340 16.285 999.000
57079.340 16.298 999.000
57079.340 16.304 999.000
57079.340 16.306 999.000
57079.340 16.323 999.000
57080.080 16.269 999.000
57080.080 16.278 999.000
57080.080 16.279 999.000
57080.080 16.279 999.000
57080.080 16.291 999.000
57080.080 16.304 999.000
57080.080 16.310 999.000
57080.080 16.312 999.000
57080.080 16.329 999.000
57080.330 16.271 999.000
57080.330 16.280 999.000
57080.330 16.281 999.000
57080.330 16.282 999.000
57080.330 16.293 999.000
57080.330 16.306 999.000
57080.330 16.312 999.000
57080.330 16.314 999.000
57080.330 16.331 999.000
57080.517 16.273 999.000
57080.517 16.282 999.000
57080.517 16.283 999.000
57080.517 16.283 999.000
57080.517 16.295 999.000
57080.517 16.308 999.000
57080.517 16.313 999.000
57080.517 16.316 999.000
57080.517 16.332 999.000
57081.330 16.281 999.000
57081.330 16.288 999.000
57081.330 16.291 999.000
57081.330 16.291 999.000
57081.330 16.302 999.000
57081.330 16.315 999.000
57081.330 16.320 999.000
57081.330 16.324 999.000
57081.330 16.339 999.000
57081.500 16.282 999.000
57081.500 16.289 999.000
57081.500 16.293 999.000
57081.500 16.293 999.000
57081.500 16.303 999.000
57081.500 16.316 999.000
57081.500 16.322 999.000
57081.500 16.325 999.000
57081.500 16.341 999.000
57081.844 16.286 999.000
57081.844 16.292 999.000
57081.844 16.296 999.000
57081.844 16.296 999.000
57081.844 16.307 999.000
57081.844 16.320 999.000
57081.844 16.325 999.000
57081.844 16.329 999.000
57081.844 16.344 999.000
57082.240 16.290 999.000
57082.240 16.296 999.000
57082.240 16.300 999.000
57082.240 16.300 999.000
57082.240 16.310 999.000
57082.240 16.323 999.000
57082.240 16.329 999.000
57082.240 16.333 999.000
57082.240 16.347 999.000
57082.940 16.297 999.000
57082.940 16.302 999.000
57082.940 16.308 999.000
57082.940 16.308 999.000
57082.940 16.317 999.000
57082.940 16.330 999.000
57082.940 16.335 999.000
57082.940 16.340 999.000
57082.940 16.354 999.000
57084.240 16.311 999.000
57084.240 16.315 999.000
57084.240 16.323 999.000
57084.240 16.323 999.000
57084.240 16.331 999.000
57084.240 16.343 999.000
57084.240 16.349 999.000
57084.240 16.354 999.000
57084.240 16.367 999.000
57084.342 16.313 999.000
57084.342 16.316 999.000
57084.342 16.324 999.000
57084.342 16.324 999.000
57084.342 16.332 999.000
57084.342 16.344 999.000
57084.342 16.350 999.000
57084.342 16.356 999.000
57084.342 16.369 999.000
57085.220 16.323 999.000
57085.220 16.326 999.000
57085.220 16.334 999.000
57085.220 16.335 999.000
57085.220 16.342 999.000
57085.220 16.354 999.000
57085.220 16.360 999.000
57085.220 16.366 999.000
57085.220 16.378 999.000
57085.260 16.323 999.000
57085.260 16.326 999.000
57085.260 16.335 999.000
57085.260 16.335 999.000
57085.260 16.342 999.000
57085.260 16.354 999.000
57085.260 16.360 999.000
57085.260 16.366 999.000
57085.260 16.379 999.000
57086.010 16.333 999.000
57086.010 16.335 999.000
57086.010 16.345 999.000
57086.010 16.345 999.000
57086.010 16.351 999.000
57086.010 16.363 999.000
57086.010 16.369 999.000
57086.010 16.376 999.000
57086.010 16.387 999.000
57087.279 16.349 999.000
57087.279 16.350 999.000
57087.279 16.362 999.000
57087.279 16.362 999.000
57087.279 16.367 999.000
57087.279 16.378 999.000
57087.279 16.385 999.000
57087.279 16.392 999.000
57087.279 16.403 999.000
57089.976 16.387 999.000
57089.976 16.388 999.000
57089.976 16.402 999.000
57089.976 16.402 999.000
57089.976 16.404 999.000
57089.976 16.414 999.000
57089.976 16.422 999.000
57089.976 16.430 999.000
57089.976 16.439 999.000
57090.476 16.394 999.000
57090.476 16.395 999.000
57090.476 16.410 999.000
57090.476 16.410 999.000
57090.476 16.411 999.000
57090.476 16.421 999.000
57090.476 16.429 999.000
57090.476 16.438 999.000
57090.476 16.446 999.000
57090.970 16.401 999.000
57090.970 16.403 999.000
57090.970 16.418 999.000
57090.970 16.418 999.000
57090.970 16.419 999.000
57090.970 16.428 999.000
57090.970 16.436 999.000
57090.970 16.446 999.000
57090.970 16.453 999.000
57092.170 16.420 999.000
57092.170 16.423 999.000
57092.170 16.437 999.000
57092.170 16.438 999.000
57092.170 16.438 999.000
57092.170 16.446 999.000
57092.170 16.455 999.000
57092.170 16.465 999.000
57092.170 16.472 999.000
57092.715 16.429 999.000
57092.715 16.432 999.000
57092.715 16.446 999.000
57092.715 16.447 999.000
57092.715 16.448 999.000
57092.715 16.455 999.000
57092.715 16.464 999.000
57092.715 16.474 999.000
57092.715 16.480 999.000
57093.020 16.434 999.000
57093.020 16.437 999.000
57093.020 16.451 999.000
57093.020 16.453 999.000
57093.020 16.453 999.000
57093.020 16.459 999.000
57093.020 16.469 999.000
57093.020 16.479 999.000
57093.020 16.485 999.000
57093.764 16.447 999.000
57093.764 16.450 999.000
57093.764 16.463 999.000
57093.764 16.466 999.000
57093.764 16.467 999.000
57093.764 16.471 999.000
57093.764 16.481 999.000
57093.764 16.492 999.000
57093.764 16.498 999.000
57094.290 16.456 999.000
57094.290 16.459 999.000
57094.290 16.472 999.000
57094.290 16.476 999.000
57094.290 16.476 999.000
57094.290 16.480 999.000
57094.290 16.490 999.000
57094.290 16.501 999.000
57094.290 16.506 999.000
57094.870 16.466 999.000
57094.870 16.470 999.000
57094.870 16.482 999.000
57094.870 16.487 999.000
57094.870 16.487 999.000
57094.870 16.490 999.000
57094.870 16.500 999.000
57094.870 16.511 999.000
57094.870 16.516 999.000
57095.270 16.474 999.000
57095.270 16.477 999.000
57095.270 16.489 999.000
57095.270 16.494 999.000
57095.270 16.495 999.000
57095.270 16.496 999.000
57095.270 16.507 999.000
57095.270 16.519 999.000
57095.270 16.523 999.000
57095.470 16.477 999.000
57095.470 16.481 999.000
57095.470 16.493 999.000
57095.470 16.498 999.000
57095.470 16.499 999.000
57095.470 16.500 999.000
57095.470 16.511 999.000
57095.470 16.522 999.000
57095.470 16.527 999.000
57095.930 16.486 999.000
57095.930 16.489 999.000
57095.930 16.501 999.000
57095.930 16.507 999.000
57095.930 16.508 999.000
57095.930 16.508 999.000
57095.930 16.519 999.000
57095.930 16.531 999.000
57095.930 16.535 999.000
57097.210 16.510 999.000
57097.210 16.514 999.000
57097.210 16.525 999.000
57097.210 16.531 999.000
57097.210 16.533 999.000
57097.210 16.534 999.000
57097.210 16.543 999.000
57097.210 16.555 999.000
57097.210 16.558 999.000
57098.151 16.529 999.000
57098.151 16.533 999.000
57098.151 16.543 999.000
57098.151 16.548 999.000
57098.151 16.552 999.000
57098.151 16.553 999.000
57098.151 16.561 999.000
57098.151 16.574 999.000
57098.151 16.576 999.000
57098.210 16.530 999.000
57098.210 16.534 999.000
57098.210 16.544 999.000
57098.210 16.549 999.000
57098.210 16.554 999.000
57098.210 16.555 999.000
57098.210 16.563 999.000
57098.210 16.575 999.000
57098.210 16.577 999.000
57098.610 16.539 999.000
57098.610 16.542 999.000
57098.610 16.552 999.000
57098.610 16.557 999.000
57098.610 16.562 999.000
57098.610 16.563 999.000
57098.610 16.571 999.000
57098.610 16.583 999.000
57098.610 16.585 999.000
57098.987 16.546 999.000
57098.987 16.550 999.000
57098.987 16.559 999.000
57098.987 16.564 999.000
57098.987 16.570 999.000
57098.987 16.572 999.000
57098.987 16.578 999.000
57098.987 16.591 999.000
57098.987 16.593 999.000
57099.250 16.552 999.000
57099.250 16.556 999.000
57099.250 16.565 999.000
57099.250 16.569 999.000
57099.250 16.576 999.000
57099.250 16.577 999.000
57099.250 16.583 999.000
57099.250 16.596 999.000
57099.250 16.598 999.000
57100.984 16.589 999.000
57100.984 16.593 999.000
57100.984 16.600 999.000
57100.984 16.604 999.000
57100.984 16.615 999.000
57100.984 16.616 999.000
57100.984 16.620 999.000
57100.984 16.633 999.000
57100.984 16.633 999.000
57101.310 16.597 999.000
57101.310 16.600 999.000
57101.310 16.607 999.000
57101.310 16.611 999.000
57101.310 16.622 999.000
57101.310 16.624 999.000
57101.310 16.627 999.000
57101.310 16.640 999.000
57101.310 16.640 999.000
57102.170 16.616 999.000
57102.170 16.620 999.000
57102.170 16.626 999.000
57102.170 16.629 999.000
57102.170 16.642 999.000
57102.170 16.644 999.000
57102.170 16.646 999.000
57102.170 16.658 999.000
57102.170 16.659 999.000
57102.520 16.624 999.000
57102.520 16.628 999.000
57102.520 16.634 999.000
57102.520 16.636 999.000
57102.520 16.651 999.000
57102.520 16.653 999.000
57102.520 16.653 999.000
57102.520 16.666 999.000
57102.520 16.667 999.000
57103.400 16.645 999.000
57103.400 16.648 999.000
57103.400 16.653 999.000
57103.400 16.655 999.000
57103.400 16.672 999.000
57103.400 16.673 999.000
57103.400 16.674 999.000
57103.400 16.686 999.000
57103.400 16.687 999.000
57103.587 16.649 999.000
57103.587 16.652 999.000
57103.587 16.657 999.000
57103.587 16.659 999.000
57103.587 16.677 999.000
57103.587 16.678 999.000
57103.587 16.679 999.000
57103.587 16.690 999.000
57103.587 16.691 999.000
57103.760 16.653 999.000
57103.760 16.657 999.000
57103.760 16.661 999.000
57103.760 16.663 999.000
57103.760 16.681 999.000
57103.760 16.682 999.000
57103.760 16.683 999.000
57103.760 16.694 999.000
57103.760 16.695 999.000
57104.180 16.664 999.000
57104.180 16.667 999.000
57104.180 16.671 999.000
57104.180 16.672 999.000
57104.180 16.691 999.000
57104.180 16.691 999.000
57104.180 16.694 999.000
57104.180 16.703 999.000
57104.180 16.705 999.000
57104.430 16.670 999.000
57104.430 16.673 999.000
57104.430 16.677 999.000
57104.430 16.678 999.000
57104.430 16.697 999.000
57104.430 16.698 999.000
57104.430 16.700 999.000
57104.430 16.709 999.000
57104.430 16.711 999.000
57106.440 16.720 999.000
57106.440 16.722 999.000
57106.440 16.724 999.000
57106.440 16.725 999.000
57106.440 16.746 999.000
57106.440 16.749 999.000
57106.440 16.752 999.000
57106.440 16.756 999.000
57106.440 16.760 999.000
57106.872 16.731 999.000
57106.872 16.734 999.000
57106.872 16.735 999.000
57106.872 16.735 999.000
57106.872 16.756 999.000
57106.872 16.761 999.000
57106.872 16.764 999.000
57106.872 16.767 999.000
57106.872 16.771 999.000
57109.022 16.787 999.000
57109.022 16.789 999.000
57109.022 16.789 999.000
57109.022 16.790 999.000
57109.022 16.811 999.000
57109.022 16.819 999.000
57109.022 16.820 999.000
57109.022 16.823 999.000
57109.022 16.826 999.000
57110.160 16.816 999.000
57110.160 16.819 999.000
57110.160 16.820 999.000
57110.160 16.821 999.000
57110.160 16.842 999.000
57110.160 16.850 999.000
57110.160 16.852 999.000
57110.160 16.856 999.000
57110.160 16.856 999.000
57110.180 16.817 999.000
57110.180 16.820 999.000
57110.180 16.821 999.000
57110.180 16.822 999.000
57110.180 16.842 999.000
57110.180 16.850 999.000
57110.180 16.852 999.000
57110.180 16.857 999.000
57110.180 16.857 999.000
57110.210 16.817 999.000
57110.210 16.821 999.000
57110.210 16.822 999.000
57110.210 16.823 999.000
57110.210 16.843 999.000
57110.210 16.851 999.000
57110.210 16.853 999.000
57110.210 16.857 999.000
57110.210 16.858 999.000
57110.699 16.830 999.000
57110.699 16.834 999.000
57110.699 16.835 999.000
57110.699 16.836 999.000
57110.699 16.856 999.000
57110.699 16.864 999.000
57110.699 16.867 999.000
57110.699 16.871 999.000
57110.699 16.872 999.000
57111.503 16.851 999.000
57111.503 16.855 999.000
57111.503 16.858 999.000
57111.503 16.859 999.000
57111.503 16.878 999.000
57111.503 16.885 999.000
57111.503 16.891 999.000
57111.503 16.893 999.000
57111.503 16.895 999.000
57113.290 16.899 999.000
57113.290 16.905 999.000
57113.290 16.911 999.000
57113.290 16.911 999.000
57113.290 16.929 999.000
57113.290 16.934 999.000
57113.290 16.943 999.000
57113.290 16.944 999.000
57113.290 16.950 999.000
57114.458 16.932 999.000
57114.458 16.938 999.000
57114.458 16.945 999.000
57114.458 16.946 999.000
57114.458 16.963 999.000
57114.458 16.967 999.000
57114.458 16.977 999.000
57114.458 16.980 999.000
57114.458 16.986 999.000
57116.930 17.003 999.000
57116.930 17.011 999.000
57116.930 17.022 999.000
57116.930 17.023 999.000
57116.930 17.037 999.000
57116.930 17.039 999.000
57116.930 17.051 999.000
57116.930 17.059 999.000
57116.930 17.066 999.000
57117.250 17.012 999.000
57117.250 17.021 999.000
57117.250 17.032 999.000
57117.250 17.034 999.000
57117.250 17.047 999.000
57117.250 17.049 999.000
57117.250 17.061 999.000
57117.250 17.069 999.000
57117.250 17.077 999.000
57118.210 17.041 999.000
57118.210 17.050 999.000
57118.210 17.062 999.000
57118.210 17.065 999.000
57118.210 17.076 999.000
57118.210 17.078 999.000
57118.210 17.090 999.000
57118.210 17.101 999.000
57118.210 17.109 999.000
57118.422 17.047 999.000
57118.422 17.057 999.000
57118.422 17.069 999.000
57118.422 17.072 999.000
57118.422 17.083 999.000
57118.422 17.084 999.000
57118.422 17.097 999.000
57118.422 17.108 999.000
57118.422 17.116 999.000
57119.894 17.092 999.000
57119.894 17.103 999.000
57119.894 17.118 999.000
57119.894 17.121 999.000
57119.894 17.130 999.000
57119.894 17.130 999.000
57119.894 17.144 999.000
57119.894 17.157 999.000
57119.894 17.167 999.000
57120.150 17.100 999.000
57120.150 17.111 999.000
57120.150 17.126 999.000
57120.150 17.129 999.000
57120.150 17.138 999.000
57120.150 17.138 999.000
57120.150 17.152 999.000
57120.150 17.166 999.000
57120.150 17.176 999.000
57120.210 17.102 999.000
57120.210 17.113 999.000
57120.210 17.128 999.000
57120.210 17.131 999.000
57120.210 17.139 999.000
57120.210 17.140 999.000
57120.210 17.154 999.000
57120.210 17.168 999.000
57120.210 17.178 999.000
57120.450 17.109 999.000
57120.450 17.121 999.000
57120.450 17.136 999.000
57120.450 17.140 999.000
57120.450 17.147 999.000
57120.450 17.148 999.000
57120.450 17.161 999.000
57120.450 17.176 999.000
57120.450 17.186 999.000
57120.816 17.121 999.000
57120.816 17.133 999.000
57120.816 17.148 999.000
57120.816 17.152 999.000
57120.816 17.159 999.000
57120.816 17.160 999.000
57120.816 17.173 999.000
57120.816 17.189 999.000
57120.816 17.199 999.000
57122.075 17.161 999.000
57122.075 17.174 999.000
57122.075 17.191 999.000
57122.075 17.195 999.000
57122.075 17.199 999.000
57122.075 17.202 999.000
57122.075 17.215 999.000
57122.075 17.233 999.000
57122.075 17.244 999.000
57122.130 17.163 999.000
57122.130 17.176 999.000
57122.130 17.193 999.000
57122.130 17.197 999.000
57122.130 17.201 999.000
57122.130 17.204 999.000
57122.130 17.216 999.000
57122.130 17.235 999.000
57122.130 17.246 999.000
57122.785 17.184 999.000
57122.785 17.197 999.000
57122.785 17.216 999.000
57122.785 17.220 999.000
57122.785 17.222 999.000
57122.785 17.226 999.000
57122.785 17.238 999.000
57122.785 17.258 999.000
57122.785 17.270 999.000
57122.850 17.186 999.000
57122.850 17.199 999.000
57122.850 17.218 999.000
57122.850 17.223 999.000
57122.850 17.224 999.000
57122.850 17.228 999.000
57122.850 17.240 999.000
57122.850 17.261 999.000
57122.850 17.272 999.000
57123.870 17.219 999.000
57123.870 17.234 999.000
57123.870 17.254 999.000
57123.870 17.258 999.000
57123.870 17.259 999.000
57123.870 17.263 999.000
57123.870 17.275 999.000
57123.870 17.297 999.000
57123.870 17.309 999.000
57125.330 17.268 999.000
57125.330 17.284 999.000
57125.330 17.306 999.000
57125.330 17.307 999.000
57125.330 17.311 999.000
57125.330 17.313 999.000
57125.330 17.325 999.000
57125.330 17.351 999.000
57125.330 17.364 999.000
57126.180 17.297 999.000
57126.180 17.313 999.000
57126.180 17.336 999.000
57126.180 17.337 999.000
57126.180 17.343 999.000
57126.180 17.343 999.000
57126.180 17.354 999.000
57126.180 17.382 999.000
57126.180 17.396 999.000
57127.720 17.350 999.000
57127.720 17.368 999.000
57127.720 17.389 999.000
57127.720 17.394 999.000
57127.720 17.399 999.000
57127.720 17.400 999.000
57127.720 17.409 999.000
57127.720 17.441 999.000
57127.720 17.456 999.000
57128.160 17.366 999.000
57128.160 17.383 999.000
57128.160 17.405 999.000
57128.160 17.411 999.000
57128.160 17.415 999.000
57128.160 17.417 999.000
57128.160 17.425 999.000
57128.160 17.458 999.000
57128.160 17.473 999.000
57128.629 17.382 999.000
57128.629 17.400 999.000
57128.629 17.421 999.000
57128.629 17.428 999.000
57128.629 17.432 999.000
57128.629 17.435 999.000
57128.629 17.442 999.000
57128.629 17.476 999.000
57128.629 17.491 999.000
57129.940 17.429 999.000
57129.940 17.448 999.000
57129.940 17.468 999.000
57129.940 17.478 999.000
57129.940 17.480 999.000
57129.940 17.485 999.000
57129.940 17.489 999.000
57129.940 17.527 999.000
57129.940 17.544 999.000
57130.765 17.459 999.000
57130.765 17.479 999.000
57130.765 17.498 999.000
57130.765 17.510 999.000
57130.765 17.511 999.000
57130.765 17.517 999.000
57130.765 17.520 999.000
57130.765 17.559 999.000
57130.765 17.577 999.000
57131.527 17.487 999.000
57131.527 17.507 999.000
57131.527 17.526 999.000
57131.527 17.540 999.000
57131.527 17.540 999.000
57131.527 17.547 999.000
57131.527 17.548 999.000
57131.527 17.590 999.000
57131.527 17.608 999.000
57131.710 17.494 999.000
57131.710 17.514 999.000
57131.710 17.533 999.000
57131.710 17.547 999.000
57131.710 17.547 999.000
57131.710 17.554 999.000
57131.710 17.555 999.000
57131.710 17.597 999.000
57131.710 17.615 999.000
57132.930 17.539 999.000
57132.930 17.560 999.000
57132.930 17.578 999.000
57132.930 17.594 999.000
57132.930 17.596 999.000
57132.930 17.601 999.000
57132.930 17.603 999.000
57132.930 17.646 999.000
57132.930 17.666 999.000
57134.240 17.588 999.000
57134.240 17.611 999.000
57134.240 17.627 999.000
57134.240 17.645 999.000
57134.240 17.648 999.000
57134.240 17.651 999.000
57134.240 17.656 999.000
57134.240 17.700 999.000
57134.240 17.721 999.000
57134.860 17.612 999.000
57134.860 17.635 999.000
57134.860 17.651 999.000
57134.860 17.669 999.000
57134.860 17.674 999.000
57134.860 17.675 999.000
57134.860 17.681 999.000
57134.860 17.725 999.000
57134.860 17.747 999.000
57135.440 17.634 999.000
57135.440 17.658 999.000
57135.440 17.673 999.000
57135.440 17.692 999.000
57135.440 17.697 999.000
57135.440 17.698 999.000
57135.440 17.705 999.000
57135.440 17.750 999.000
57135.440 17.772 999.000
57135.940 17.654 999.000
57135.940 17.677 999.000
57135.940 17.692 999.000
57135.940 17.712 999.000
57135.940 17.717 999.000
57135.940 17.718 999.000
57135.940 17.726 999.000
57135.940 17.771 999.000
57135.940 17.793 999.000
57136.201 17.664 999.000
57136.201 17.688 999.000
57136.201 17.702 999.000
57136.201 17.723 999.000
57136.201 17.728 999.000
57136.201 17.729 999.000
57136.201 17.736 999.000
57136.201 17.782 999.000
57136.201 17.805 999.000
57136.314 17.668 999.000
57136.314 17.692 999.000
57136.314 17.707 999.000
57136.314 17.727 999.000
57136.314 17.732 999.000
57136.314 17.734 999.000
57136.314 17.741 999.000
57136.314 17.786 999.000
57136.314 17.809 999.000
57137.210 17.704 999.000
57137.210 17.728 999.000
57137.210 17.741 999.000
57137.210 17.764 999.000
57137.210 17.767 999.000
57137.210 17.771 999.000
57137.210 17.778 999.000
57137.210 17.824 999.000
57137.210 17.848 999.000
57137.270 17.706 999.000
57137.270 17.730 999.000
57137.270 17.744 999.000
57137.270 17.766 999.000
57137.270 17.770 999.000
57137.270 17.774 999.000
57137.270 17.781 999.000
57137.270 17.827 999.000
57137.270 17.851 999.000
57138.860 17.769 999.000
57138.860 17.795 999.000
57138.860 17.807 999.000
57138.860 17.831 999.000
57138.860 17.833 999.000
57138.860 17.841 999.000
57138.860 17.848 999.000
57138.860 17.895 999.000
57138.860 17.921 999.000
57138.880 17.770 999.000
57138.880 17.795 999.000
57138.880 17.807 999.000
57138.880 17.832 999.000
57138.880 17.834 999.000
57138.880 17.842 999.000
57138.880 17.849 999.000
57138.880 17.896 999.000
57138.880 17.922 999.000
57139.210 17.783 999.000
57139.210 17.809 999.000
57139.210 17.820 999.000
57139.210 17.846 999.000
57139.210 17.848 999.000
57139.210 17.856 999.000
57139.210 17.863 999.000
57139.210 17.910 999.000
57139.210 17.936 999.000
57140.100 17.819 999.000
57140.100 17.846 999.000
57140.100 17.856 999.000
57140.100 17.883 999.000
57140.100 17.884 999.000
57140.100 17.894 999.000
57140.100 17.901 999.000
57140.100 17.949 999.000
57140.100 17.976 999.000
57141.170 17.863 999.000
57141.170 17.890 999.000
57141.170 17.899 999.000
57141.170 17.928 999.000
57141.170 17.928 999.000
57141.170 17.941 999.000
57141.170 17.948 999.000
57141.170 17.996 999.000
57141.170 18.025 999.000
57141.637 17.882 999.000
57141.637 17.910 999.000
57141.637 17.918 999.000
57141.637 17.947 999.000
57141.637 17.947 999.000
57141.637 17.961 999.000
57141.637 17.968 999.000
57141.637 18.017 999.000
57141.637 18.046 999.000
57144.468 18.001 999.000
57144.468 18.030 999.000
57144.468 18.036 999.000
57144.468 18.065 999.000
57144.468 18.069 999.000
57144.468 18.087 999.000
57144.468 18.094 999.000
57144.468 18.112 999.000
57144.468 18.143 999.000
57144.710 18.012 999.000
57144.710 18.040 999.000
57144.710 18.046 999.000
57144.710 18.076 999.000
57144.710 18.079 999.000
57144.710 18.098 999.000
57144.710 18.104 999.000
57144.710 18.116 999.000
57144.710 18.148 999.000
57144.890 18.019 999.000
57144.890 18.048 999.000
57144.890 18.053 999.000
57144.890 18.083 999.000
57144.890 18.087 999.000
57144.890 18.106 999.000
57144.890 18.112 999.000
57144.890 18.120 999.000
57144.890 18.151 999.000
57147.073 18.109 999.000
57147.073 18.110 999.000
57147.073 18.113 999.000
57147.073 18.146 999.000
57147.073 18.160 999.000
57147.073 18.162 999.000
57147.073 18.177 999.000
57147.073 18.189 999.000
57147.073 18.191 999.000
57148.310 18.133 999.000
57148.310 18.133 999.000
57148.310 18.137 999.000
57148.310 18.169 999.000
57148.310 18.183 999.000
57148.310 18.185 999.000
57148.310 18.212 999.000
57148.310 18.214 999.000
57148.310 18.230 999.000
57150.030 18.164 999.000
57150.030 18.166 999.000
57150.030 18.169 999.000
57150.030 18.201 999.000
57150.030 18.215 999.000
57150.030 18.218 999.000
57150.030 18.243 999.000
57150.030 18.246 999.000
57150.030 18.268 999.000
57150.960 18.182 999.000
57150.960 18.184 999.000
57150.960 18.185 999.000
57150.960 18.218 999.000
57150.960 18.233 999.000
57150.960 18.236 999.000
57150.960 18.260 999.000
57150.960 18.263 999.000
57150.960 18.286 999.000
57151.187 18.186 999.000
57151.187 18.188 999.000
57151.187 18.190 999.000
57151.187 18.222 999.000
57151.187 18.237 999.000
57151.187 18.240 999.000
57151.187 18.265 999.000
57151.187 18.268 999.000
57151.187 18.291 999.000
57152.160 18.204 999.000
57152.160 18.207 999.000
57152.160 18.207 999.000
57152.160 18.240 999.000
57152.160 18.255 999.000
57152.160 18.259 999.000
57152.160 18.282 999.000
57152.160 18.286 999.000
57152.160 18.310 999.000
57152.508 18.210 999.000
57152.508 18.214 999.000
57152.508 18.214 999.000
57152.508 18.247 999.000
57152.508 18.262 999.000
57152.508 18.265 999.000
57152.508 18.289 999.000
57152.508 18.292 999.000
57152.508 18.317 999.000
57155.150 18.259 999.000
57155.150 18.262 999.000
57155.150 18.265 999.000
57155.150 18.296 999.000
57155.150 18.312 999.000
57155.150 18.316 999.000
57155.150 18.337 999.000
57155.150 18.342 999.000
57155.150 18.369 999.000
57155.760 18.271 999.000
57155.760 18.274 999.000
57155.760 18.276 999.000
57155.760 18.307 999.000
57155.760 18.323 999.000
57155.760 18.327 999.000
57155.760 18.349 999.000
57155.760 18.353 999.000
57155.760 18.381 999.000
57157.944 18.311 999.000
57157.944 18.314 999.000
57157.944 18.318 999.000
57157.944 18.348 999.000
57157.944 18.364 999.000
57157.944 18.369 999.000
57157.944 18.389 999.000
57157.944 18.394 999.000
57157.944 18.423 999.000
57158.800 18.327 999.000
57158.800 18.330 999.000
57158.800 18.335 999.000
57158.800 18.364 999.000
57158.800 18.380 999.000
57158.800 18.385 999.000
57158.800 18.405 999.000
57158.800 18.411 999.000
57158.800 18.440 999.000
57160.050 18.351 999.000
57160.050 18.353 999.000
57160.050 18.359 999.000
57160.050 18.387 999.000
57160.050 18.404 999.000
57160.050 18.409 999.000
57160.050 18.428 999.000
57160.050 18.434 999.000
57160.050 18.465 999.000
57160.630 18.361 999.000
57160.630 18.364 999.000
57160.630 18.370 999.000
57160.630 18.398 999.000
57160.630 18.415 999.000
57160.630 18.420 999.000
57160.630 18.438 999.000
57160.630 18.445 999.000
57160.630 18.476 999.000
57161.010 18.369 999.000
57161.010 18.371 999.000
57161.010 18.378 999.000
57161.010 18.405 999.000
57161.010 18.422 999.000
57161.010 18.428 999.000
57161.010 18.445 999.000
57161.010 18.452 999.000
57161.010 18.483 999.000
57161.700 18.382 999.000
57161.700 18.384 999.000
57161.700 18.391 999.000
57161.700 18.418 999.000
57161.700 18.435 999.000
57161.700 18.441 999.000
57161.700 18.458 999.000
57161.700 18.465 999.000
57161.700 18.497 999.000
57162.730 18.401 999.000
57162.730 18.404 999.000
57162.730 18.411 999.000
57162.730 18.438 999.000
57162.730 18.454 999.000
57162.730 18.461 999.000
57162.730 18.477 999.000
57162.730 18.485 999.000
57162.730 18.517 999.000
57162.900 18.404 999.000
57162.900 18.407 999.000
57162.900 18.414 999.000
57162.900 18.441 999.000
57162.900 18.458 999.000
57162.900 18.464 999.000
57162.900 18.480 999.000
57162.900 18.488 999.000
57162.900 18.520 999.000
57163.380 18.413 999.000
57163.380 18.416 999.000
57163.380 18.423 999.000
57163.380 18.450 999.000
57163.380 18.467 999.000
57163.380 18.473 999.000
57163.380 18.489 999.000
57163.380 18.497 999.000
57163.380 18.529 999.000
57166.353 18.469 999.000
57166.353 18.471 999.000
57166.353 18.480 999.000
57166.353 18.505 999.000
57166.353 18.522 999.000
57166.353 18.530 999.000
57166.353 18.544 999.000
57166.353 18.553 999.000
57166.353 18.587 999.000
57166.920 18.479 999.000
57166.920 18.482 999.000
57166.920 18.491 999.000
57166.920 18.516 999.000
57166.920 18.533 999.000
57166.920 18.540 999.000
57166.920 18.554 999.000
57166.920 18.563 999.000
57166.920 18.598 999.000
57168.816 18.515 999.000
57168.816 18.518 999.000
57168.816 18.528 999.000
57168.816 18.552 999.000
57168.816 18.569 999.000
57168.816 18.576 999.000
57168.816 18.589 999.000
57168.816 18.599 999.000
57168.816 18.634 999.000
57171.900 18.572 999.000
57171.900 18.575 999.000
57171.900 18.587 999.000
57171.900 18.609 999.000
57171.900 18.626 999.000
57171.900 18.635 999.000
57171.900 18.645 999.000
57171.900 18.656 999.000
57171.900 18.693 999.000
57172.407 18.582 999.000
57172.407 18.585 999.000
57172.407 18.596 999.000
57172.407 18.619 999.000
57172.407 18.635 999.000
57172.407 18.644 999.000
57172.407 18.654 999.000
57172.407 18.666 999.000
57172.407 18.703 999.000
57173.380 18.600 999.000
57173.380 18.603 999.000
57173.380 18.615 999.000
57173.380 18.637 999.000
57173.380 18.653 999.000
57173.380 18.663 999.000
57173.380 18.672 999.000
57173.380 18.684 999.000
57173.380 18.721 999.000
57174.252 18.616 999.000
57174.252 18.619 999.000
57174.252 18.631 999.000
57174.252 18.653 999.000
57174.252 18.669 999.000
57174.252 18.679 999.000
57174.252 18.687 999.000
57174.252 18.700 999.000
57174.252 18.738 999.000
57175.020 18.630 999.000
57175.020 18.634 999.000
57175.020 18.646 999.000
57175.020 18.667 999.000
57175.020 18.684 999.000
57175.020 18.693 999.000
57175.020 18.701 999.000
57175.020 18.714 999.000
57175.020 18.753 999.000
57176.950 18.666 999.000
57176.950 18.670 999.000
57176.950 18.682 999.000
57176.950 18.703 999.000
57176.950 18.719 999.000
57176.950 18.730 999.000
57176.950 18.736 999.000
57176.950 18.750 999.000
57176.950 18.789 999.000
57178.110 18.688 999.000
57178.110 18.691 999.000
57178.110 18.704 999.000
57178.110 18.724 999.000
57178.110 18.740 999.000
57178.110 18.751 999.000
57178.110 18.757 999.000
57178.110 18.771 999.000
57178.110 18.811 999.000
57179.110 18.706 999.000
57179.110 18.710 999.000
57179.110 18.723 999.000
57179.110 18.743 999.000
57179.110 18.759 999.000
57179.110 18.770 999.000
57179.110 18.775 999.000
57179.110 18.790 999.000
57179.110 18.829 999.000
57179.687 18.717 999.000
57179.687 18.721 999.000
57179.687 18.733 999.000
57179.687 18.753 999.000
57179.687 18.769 999.000
57179.687 18.780 999.000
57179.687 18.785 999.000
57179.687 18.800 999.000
57179.687 18.840 999.000
57182.120 18.762 999.000
57182.120 18.766 999.000
57182.120 18.779 999.000
57182.120 18.798 999.000
57182.120 18.813 999.000
57182.120 18.825 999.000
57182.120 18.828 999.000
57182.120 18.845 999.000
57182.120 18.885 999.000
57183.020 18.778 999.000
57183.020 18.782 999.000
57183.020 18.795 999.000
57183.020 18.814 999.000
57183.020 18.830 999.000
57183.020 18.842 999.000
57183.020 18.844 999.000
57183.020 18.861 999.000
57183.020 18.902 999.000
57184.030 18.796 999.000
57184.030 18.801 999.000
57184.030 18.814 999.000
57184.030 18.833 999.000
57184.030 18.848 999.000
57184.030 18.860 999.000
57184.030 18.862 999.000
57184.030 18.879 999.000
57184.030 18.920 999.000
57184.960 18.813 999.000
57184.960 18.818 999.000
57184.960 18.831 999.000
57184.960 18.849 999.000
57184.960 18.865 999.000
57184.960 18.877 999.000
57184.960 18.878 999.000
57184.960 18.896 999.000
57184.960 18.937 999.000
57185.020 18.814 999.000
57185.020 18.819 999.000
57185.020 18.832 999.000
57185.020 18.851 999.000
57185.020 18.866 999.000
57185.020 18.878 999.000
57185.020 18.879 999.000
57185.020 18.897 999.000
57185.020 18.938 999.000
57185.123 18.816 999.000
57185.123 18.821 999.000
57185.123 18.834 999.000
57185.123 18.852 999.000
57185.123 18.867 999.000
57185.123 18.880 999.000
57185.123 18.881 999.000
57185.123 18.899 999.000
57185.123 18.940 999.000
57185.212 18.818 999.000
57185.212 18.823 999.000
57185.212 18.836 999.000
57185.212 18.854 999.000
57185.212 18.869 999.000
57185.212 18.882 999.000
57185.212 18.883 999.000
57185.212 18.901 999.000
57185.212 18.942 999.000
57186.770 18.846 999.000
57186.770 18.851 999.000
57186.770 18.864 999.000
57186.770 18.882 999.000
57186.770 18.897 999.000
57186.770 18.910 999.000
57186.770 18.910 999.000
57186.770 18.929 999.000
57186.770 18.970 999.000
57190.559 18.915 999.000
57190.559 18.920 999.000
57190.559 18.933 999.000
57190.559 18.950 999.000
57190.559 18.964 999.000
57190.559 18.976 999.000
57190.559 18.979 999.000
57190.559 18.996 999.000
57190.559 19.039 999.000
57192.710 18.953 999.000
57192.710 18.959 999.000
57192.710 18.972 999.000
57192.710 18.988 999.000
57192.710 19.002 999.000
57192.710 19.013 999.000
57192.710 19.017 999.000
57192.710 19.034 999.000
57192.710 19.077 999.000
57195.995 19.011 999.000
57195.995 19.018 999.000
57195.995 19.030 999.000
57195.995 19.046 999.000
57195.995 19.059 999.000
57195.995 19.069 999.000
57195.995 19.075 999.000
57195.995 19.092 999.000
57195.995 19.135 999.000
57199.060 19.065 999.000
57199.060 19.073 999.000
57199.060 19.085 999.000
57199.060 19.100 999.000
57199.060 19.112 999.000
57199.060 19.120 999.000
57199.060 19.129 999.000
57199.060 19.145 999.000
57199.060 19.188 999.000
57199.380 19.071 999.000
57199.380 19.078 999.000
57199.380 19.090 999.000
57199.380 19.105 999.000
57199.380 19.117 999.000
57199.380 19.126 999.000
57199.380 19.134 999.000
57199.380 19.150 999.000
57199.380 19.194 999.000
57201.430 19.106 999.000
57201.430 19.114 999.000
57201.430 19.126 999.000
57201.430 19.141 999.000
57201.430 19.152 999.000
57201.430 19.160 999.000
57201.430 19.170 999.000
57201.430 19.186 999.000
57201.430 19.229 999.000
57205.700 19.180 999.000
57205.700 19.189 999.000
57205.700 19.200 999.000
57205.700 19.214 999.000
57205.700 19.224 999.000
57205.700 19.231 999.000
57205.700 19.243 999.000
57205.700 19.258 999.000
57205.700 19.302 999.000
57206.340 19.191 999.000
57206.340 19.200 999.000
57206.340 19.210 999.000
57206.340 19.225 999.000
57206.340 19.235 999.000
57206.340 19.241 999.000
57206.340 19.254 999.000
57206.340 19.269 999.000
57206.340 19.313 999.000
57206.833 19.199 999.000
57206.833 19.208 999.000
57206.833 19.219 999.000
57206.833 19.233 999.000
57206.833 19.243 999.000
57206.833 19.249 999.000
57206.833 19.262 999.000
57206.833 19.277 999.000
57206.833 19.321 999.000
57206.866 19.200 999.000
57206.866 19.209 999.000
57206.866 19.219 999.000
57206.866 19.233 999.000
57206.866 19.244 999.000
57206.866 19.250 999.000
57206.866 19.263 999.000
57206.866 19.278 999.000
57206.866 19.322 999.000
57210.040 19.253 999.000
57210.040 19.263 999.000
57210.040 19.273 999.000
57210.040 19.287 999.000
57210.040 19.296 999.000
57210.040 19.301 999.000
57210.040 19.316 999.000
57210.040 19.331 999.000
57210.040 19.375 999.000
57212.302 19.291 999.000
57212.302 19.302 999.000
57212.302 19.311 999.000
57212.302 19.324 999.000
57212.302 19.334 999.000
57212.302 19.338 999.000
57212.302 19.354 999.000
57212.302 19.368 999.000
57212.302 19.412 999.000
57212.390 19.293 999.000
57212.390 19.303 999.000
57212.390 19.313 999.000
57212.390 19.326 999.000
57212.390 19.335 999.000
57212.390 19.339 999.000
57212.390 19.355 999.000
57212.390 19.369 999.000
57212.390 19.414 999.000
57217.730 19.381 999.000
57217.730 19.393 999.000
57217.730 19.401 999.000
57217.730 19.413 999.000
57217.730 19.421 999.000
57217.730 19.424 999.000
57217.730 19.443 999.000
57217.730 19.456 999.000
57217.730 19.501 999.000
57217.738 19.381 999.000
57217.738 19.393 999.000
57217.738 19.401 999.000
57217.738 19.413 999.000
57217.738 19.421 999.000
57217.738 19.424 999.000
57217.738 19.443 999.000
57217.738 19.456 999.000
57217.738 19.501 999.000
57221.000 19.434 999.000
57221.000 19.447 999.000
57221.000 19.454 999.000
57221.000 19.466 999.000
57221.000 19.473 999.000
57221.000 19.475 999.000
57221.000 19.496 999.000
57221.000 19.509 999.000
57221.000 19.554 999.000
57223.173 19.469 999.000
57223.173 19.482 999.000
57223.173 19.489 999.000
57223.173 19.501 999.000
57223.173 19.508 999.000
57223.173 19.509 999.000
57223.173 19.530 999.000
57223.173 19.543 999.000
57223.173 19.588 999.000
57228.609 19.555 999.000
57228.609 19.570 999.000
57228.609 19.575 999.000
57228.609 19.587 999.000
57228.609 19.592 999.000
57228.609 19.592 999.000
57228.609 19.616 999.000
57228.609 19.628 999.000
57228.609 19.673 999.000
57230.350 19.582 999.000
57230.350 19.597 999.000
57230.350 19.602 999.000
57230.350 19.614 999.000
57230.350 19.619 999.000
57230.350 19.619 999.000
57230.350 19.643 999.000
57230.350 19.655 999.000
57230.350 19.700 999.000
57232.370 19.614 999.000
57232.370 19.629 999.000
57232.370 19.634 999.000
57232.370 19.645 999.000
57232.370 19.649 999.000
57232.370 19.650 999.000
57232.370 19.674 999.000
57232.370 19.686 999.000
57232.370 19.732 999.000
57234.045 19.640 999.000
57234.045 19.655 999.000
57234.045 19.660 999.000
57234.045 19.671 999.000
57234.045 19.674 999.000
57234.045 19.675 999.000
57234.045 19.700 999.000
57234.045 19.712 999.000
57234.045 19.757 999.000
57236.710 19.680 999.000
57236.710 19.697 999.000
57236.710 19.700 999.000
57236.710 19.711 999.000
57236.710 19.714 999.000
57236.710 19.716 999.000
57236.710 19.741 999.000
57236.710 19.752 999.000
57236.710 19.798 999.000
57239.481 19.722 999.000
57239.481 19.740 999.000
57239.481 19.742 999.000
57239.481 19.753 999.000
57239.481 19.755 999.000
57239.481 19.757 999.000
57239.481 19.783 999.000
57239.481 19.794 999.000
57239.481 19.840 999.000
57244.916 19.804 999.000
57244.916 19.822 999.000
57244.916 19.824 999.000
57244.916 19.834 999.000
57244.916 19.834 999.000
57244.916 19.837 999.000
57244.916 19.864 999.000
57244.916 19.875 999.000
57244.916 19.920 999.000
57250.352 19.883 999.000
57250.352 19.903 999.000
57250.352 19.904 999.000
57250.352 19.911 999.000
57250.352 19.913 999.000
57250.352 19.916 999.000
57250.352 19.943 999.000
57250.352 19.954 999.000
57250.352 20.000 999.000
57255.788 19.962 999.000
57255.788 19.982 999.000
57255.788 19.982 999.000
57255.788 19.988 999.000
57255.788 19.991 999.000
57255.788 19.993 999.000
57255.788 20.021 999.000
57255.788 20.031 999.000
57255.788 20.077 999.000
57261.224 20.039 999.000
57261.224 20.059 999.000
57261.224 20.060 999.000
57261.224 20.063 999.000
57261.224 20.068 999.000
57261.224 20.069 999.000
57261.224 20.098 999.000
57261.224 20.108 999.000
57261.224 20.154 999.000
57266.659 20.114 999.000
57266.659 20.135 999.000
57266.659 20.136 999.000
57266.659 20.137 999.000
57266.659 20.143 999.000
57266.659 20.144 999.000
57266.659 20.174 999.000
57266.659 20.183 999.000
57266.659 20.230 999.000
57272.095 20.188 999.000
57272.095 20.209 999.000
57272.095 20.209 999.000
57272.095 20.211 999.000
57272.095 20.217 999.000
57272.095 20.218 999.000
57272.095 20.248 999.000
57272.095 20.257 999.000
57272.095 20.304 999.000
57277.531 20.262 999.000
57277.531 20.281 999.000
57277.531 20.282 999.000
57277.531 20.285 999.000
57277.531 20.290 999.000
57277.531 20.290 999.000
57277.531 20.321 999.000
57277.531 20.330 999.000
57277.531 20.377 999.000
57282.967 20.333 999.000
57282.967 20.351 999.000
57282.967 20.354 999.000
57282.967 20.357 999.000
57282.967 20.361 999.000
57282.967 20.362 999.000
57282.967 20.393 999.000
57282.967 20.401 999.000
57282.967 20.449 999.000
57288.402 20.404 999.000
57288.402 20.421 999.000
57288.402 20.425 999.000
57288.402 20.428 999.000
57288.402 20.431 999.000
57288.402 20.433 999.000
57288.402 20.464 999.000
57288.402 20.472 999.000
57288.402 20.520 999.000
57293.838 20.474 999.000
57293.838 20.489 999.000
57293.838 20.495 999.000
57293.838 20.498 999.000
57293.838 20.500 999.000
57293.838 20.502 999.000
57293.838 20.533 999.000
57293.838 20.541 999.000
57293.838 20.589 999.000
57299.274 20.542 999.000
57299.274 20.556 999.000
57299.274 20.563 999.000
57299.274 20.567 999.000
57299.274 20.568 999.000
57299.274 20.571 999.000
57299.274 20.602 999.000
57299.274 20.610 999.000
57299.274 20.658 999.000
57304.710 20.610 999.000
57304.710 20.623 999.000
57304.710 20.631 999.000
57304.710 20.635 999.000
57304.710 20.636 999.000
57304.710 20.638 999.000
57304.710 20.670 999.000
57304.710 20.677 999.000
57304.710 20.726 999.000
57310.145 20.676 999.000
57310.145 20.688 999.000
57310.145 20.698 999.000
57310.145 20.702 999.000
57310.145 20.702 999.000
57310.145 20.705 999.000
57310.145 20.736 999.000
57310.145 20.744 999.000
57310.145 20.793 999.000
57315.581 20.741 999.000
57315.581 20.753 999.000
57315.581 20.763 999.000
57315.581 20.767 999.000
57315.581 20.768 999.000
57315.581 20.770 999.000
57315.581 20.802 999.000
57315.581 20.809 999.000
57315.581 20.858 999.000
57321.017 20.806 999.000
57321.017 20.816 999.000
57321.017 20.828 999.000
57321.017 20.831 999.000
57321.017 20.833 999.000
57321.017 20.835 999.000
57321.017 20.867 999.000
57321.017 20.874 999.000
57321.017 20.923 999.000
57326.453 20.870 999.000
57326.453 20.879 999.000
57326.453 20.892 999.000
57326.453 20.894 999.000
57326.453 20.897 999.000
57326.453 20.899 999.000
57326.453 20.931 999.000
57326.453 20.937 999.000
57326.453 20.987 999.000
57330.722 20.919 999.000
57330.722 20.928 999.000
57330.722 20.941 999.000
57330.722 20.944 999.000
57330.722 20.947 999.000
57330.722 20.948 999.000
57330.722 20.980 999.000
57330.722 20.987 999.000
57330.722 21.037 999.000
57331.888 20.932 999.000
57331.888 20.941 999.000
57331.888 20.955 999.000
57331.888 20.957 999.000
57331.888 20.960 999.000
57331.888 20.962 999.000
57331.888 20.994 999.000
57331.888 21.000 999.000
57331.888 21.050 999.000
57335.787 20.977 999.000
57335.787 20.985 999.000
57335.787 20.999 999.000
57335.787 21.001 999.000
57335.787 21.005 999.000
57335.787 21.006 999.000
57335.787 21.038 999.000
57335.787 21.045 999.000
57335.787 21.095 999.000
57337.324 20.994 999.000
57337.324 21.002 999.000
57337.324 21.017 999.000
57337.324 21.019 999.000
57337.324 21.022 999.000
57337.324 21.024 999.000
57337.324 21.056 999.000
57337.324 21.062 999.000
57337.324 21.113 999.000
57342.760 21.055 999.000
57342.760 21.062 999.000
57342.760 21.078 999.000
57342.760 21.080 999.000
57342.760 21.084 999.000
57342.760 21.085 999.000
57342.760 21.117 999.000
57342.760 21.123 999.000
57342.760 21.174 999.000
57348.196 21.115 999.000
57348.196 21.121 999.000
57348.196 21.138 999.000
57348.196 21.140 999.000
57348.196 21.144 999.000
57348.196 21.145 999.000
57348.196 21.178 999.000
57348.196 21.183 999.000
57348.196 21.235 999.000
57353.632 21.175 999.000
57353.632 21.180 999.000
57353.632 21.198 999.000
57353.632 21.199 999.000
57353.632 21.204 999.000
57353.632 21.205 999.000
57353.632 21.237 999.000
57353.632 21.243 999.000
57353.632 21.295 999.000
57359.067 21.233 999.000
57359.067 21.238 999.000
57359.067 21.257 999.000
57359.067 21.257 999.000
57359.067 21.263 999.000
57359.067 21.264 999.000
57359.067 21.296 999.000
57359.067 21.302 999.000
57359.067 21.354 999.000
57364.503 21.291 999.000
57364.503 21.295 999.000
57364.503 21.315 999.000
57364.503 21.315 999.000
57364.503 21.321 999.000
57364.503 21.322 999.000
57364.503 21.354 999.000
57364.503 21.360 999.000
57364.503 21.412 999.000
57369.939 21.348 999.000
57369.939 21.352 999.000
57369.939 21.372 999.000
57369.939 21.372 999.000
57369.939 21.379 999.000
57369.939 21.379 999.000
57369.939 21.412 999.000
57369.939 21.417 999.000
57369.939 21.469 999.000
57373.330 21.384 999.000
57373.330 21.386 999.000
57373.330 21.407 999.000
57373.330 21.408 999.000
57373.330 21.414 999.000
57373.330 21.414 999.000
57373.330 21.447 999.000
57373.330 21.452 999.000
57373.330 21.505 999.000
57375.375 21.405 999.000
57375.375 21.407 999.000
57375.375 21.428 999.000
57375.375 21.429 999.000
57375.375 21.435 999.000
57375.375 21.436 999.000
57375.375 21.468 999.000
57375.375 21.474 999.000
57375.375 21.526 999.000
57378.080 21.433 999.000
57378.080 21.435 999.000
57378.080 21.456 999.000
57378.080 21.457 999.000
57378.080 21.463 999.000
57378.080 21.464 999.000
57378.080 21.496 999.000
57378.080 21.502 999.000
57378.080 21.554 999.000
57379.200 21.444 999.000
57379.200 21.446 999.000
57379.200 21.468 999.000
57379.200 21.468 999.000
57379.200 21.475 999.000
57379.200 21.475 999.000
57379.200 21.508 999.000
57379.200 21.513 999.000
57379.200 21.566 999.000
57380.810 21.461 999.000
57380.810 21.462 999.000
57380.810 21.484 999.000
57380.810 21.485 999.000
57380.810 21.491 999.000
57380.810 21.492 999.000
57380.810 21.524 999.000
57380.810 21.529 999.000
57380.810 21.583 999.000
57386.246 21.516 999.000
57386.246 21.517 999.000
57386.246 21.539 999.000
57386.246 21.540 999.000
57386.246 21.547 999.000
57386.246 21.547 999.000
57386.246 21.580 999.000
57386.246 21.585 999.000
57386.246 21.638 999.000
57391.682 21.570 999.000
57391.682 21.570 999.000
57391.682 21.593 999.000
57391.682 21.594 999.000
57391.682 21.601 999.000
57391.682 21.601 999.000
57391.682 21.634 999.000
57391.682 21.639 999.000
57391.682 21.693 999.000
57397.118 21.624 999.000
57397.118 21.624 999.000
57397.118 21.647 999.000
57397.118 21.648 999.000
57397.118 21.655 999.000
57397.118 21.655 999.000
57397.118 21.688 999.000
57397.118 21.693 999.000
57397.118 21.747 999.000
57401.580 21.667 999.000
57401.580 21.667 999.000
57401.580 21.690 999.000
57401.580 21.692 999.000
57401.580 21.699 999.000
57401.580 21.699 999.000
57401.580 21.732 999.000
57401.580 21.737 999.000
57401.580 21.791 999.000
57402.553 21.676 999.000
57402.553 21.677 999.000
57402.553 21.700 999.000
57402.553 21.701 999.000
57402.553 21.708 999.000
57402.553 21.708 999.000
57402.553 21.742 999.000
57402.553 21.746 999.000
57402.553 21.800 999.000
57403.500 21.685 999.000
57403.500 21.686 999.000
57403.500 21.709 999.000
57403.500 21.711 999.000
57403.500 21.718 999.000
57403.500 21.718 999.000
57403.500 21.751 999.000
57403.500 21.755 999.000
57403.500 21.810 999.000
57404.300 21.693 999.000
57404.300 21.694 999.000
57404.300 21.717 999.000
57404.300 21.718 999.000
57404.300 21.725 999.000
57404.300 21.725 999.000
57404.300 21.759 999.000
57404.300 21.763 999.000
57404.300 21.818 999.000
57407.989 21.728 999.000
57407.989 21.729 999.000
57407.989 21.752 999.000
57407.989 21.754 999.000
57407.989 21.761 999.000
57407.989 21.761 999.000
57407.989 21.794 999.000
57407.989 21.799 999.000
57407.989 21.853 999.000
57409.470 21.742 999.000
57409.470 21.744 999.000
57409.470 21.766 999.000
57409.470 21.768 999.000
57409.470 21.775 999.000
57409.470 21.775 999.000
57409.470 21.809 999.000
57409.470 21.813 999.000
57409.470 21.868 999.000
57413.425 21.779 999.000
57413.425 21.781 999.000
57413.425 21.804 999.000
57413.425 21.806 999.000
57413.425 21.813 999.000
57413.425 21.813 999.000
57413.425 21.847 999.000
57413.425 21.851 999.000
57413.425 21.906 999.000
57418.861 21.830 999.000
57418.861 21.832 999.000
57418.861 21.855 999.000
57418.861 21.857 999.000
57418.861 21.865 999.000
57418.861 21.865 999.000
57418.861 21.898 999.000
57418.861 21.902 999.000
57418.861 21.957 999.000
57423.220 21.870 999.000
57423.220 21.873 999.000
57423.220 21.896 999.000
57423.220 21.898 999.000
57423.220 21.905 999.000
57423.220 21.906 999.000
57423.220 21.939 999.000
57423.220 21.943 999.000
57423.220 21.998 999.000
57423.520 21.873 999.000
57423.520 21.876 999.000
57423.520 21.899 999.000
57423.520 21.901 999.000
57423.520 21.908 999.000
57423.520 21.908 999.000
57423.520 21.942 999.000
57423.520 21.946 999.000
57423.520 22.001 999.000
57424.296 21.880 999.000
57424.296 21.883 999.000
57424.296 21.906 999.000
57424.296 21.908 999.000
57424.296 21.915 999.000
57424.296 21.916 999.000
57424.296 21.949 999.000
57424.296 21.953 999.000
57424.296 22.008 999.000
57425.630 21.892 999.000
57425.630 21.895 999.000
57425.630 21.918 999.000
57425.630 21.921 999.000
57425.630 21.928 999.000
57425.630 21.928 999.000
57425.630 21.961 999.000
57425.630 21.965 999.000
57425.630 22.021 999.000
57429.732 21.930 999.000
57429.732 21.933 999.000
57429.732 21.956 999.000
57429.732 21.959 999.000
57429.732 21.966 999.000
57429.732 21.966 999.000
57429.732 21.999 999.000
57429.732 22.003 999.000
57429.732 22.059 999.000
57433.210 21.961 999.000
57433.210 21.965 999.000
57433.210 21.988 999.000
57433.210 21.990 999.000
57433.210 21.998 999.000
57433.210 21.998 999.000
57433.210 22.031 999.000
57433.210 22.035 999.000
57433.210 22.091 999.000
57433.550 21.964 999.000
57433.550 21.968 999.000
57433.550 21.991 999.000
57433.550 21.993 999.000
57433.550 22.001 999.000
57433.550 22.001 999.000
57433.550 22.034 999.000
57433.550 22.038 999.000
57433.550 22.094 999.000
57435.168 21.979 999.000
57435.168 21.983 999.000
57435.168 22.005 999.000
57435.168 22.008 999.000
57435.168 22.016 999.000
57435.168 22.016 999.000
57435.168 22.049 999.000
57435.168 22.053 999.000
57435.168 22.109 999.000
57437.720 22.001 999.000
57437.720 22.006 999.000
57437.720 22.028 999.000
57437.720 22.031 999.000
57437.720 22.039 999.000
57437.720 22.039 999.000
57437.720 22.072 999.000
57437.720 22.076 999.000
57437.720 22.132 999.000
57440.604 22.027 999.000
57440.604 22.032 999.000
57440.604 22.054 999.000
57440.604 22.057 999.000
57440.604 22.065 999.000
57440.604 22.065 999.000
57440.604 22.098 999.000
57440.604 22.102 999.000
57440.604 22.158 999.000
57444.240 22.059 999.000
57444.240 22.064 999.000
57444.240 22.087 999.000
57444.240 22.090 999.000
57444.240 22.097 999.000
57444.240 22.098 999.000
57444.240 22.131 999.000
57444.240 22.135 999.000
57444.240 22.191 999.000
57446.039 22.075 999.000
57446.039 22.080 999.000
57446.039 22.103 999.000
57446.039 22.106 999.000
57446.039 22.113 999.000
57446.039 22.114 999.000
57446.039 22.147 999.000
57446.039 22.151 999.000
57446.039 22.207 999.000
57450.520 22.114 999.000
57450.520 22.120 999.000
57450.520 22.142 999.000
57450.520 22.146 999.000
57450.520 22.153 999.000
57450.520 22.153 999.000
57450.520 22.187 999.000
57450.520 22.190 999.000
57450.520 22.247 999.000
57451.475 22.122 999.000
57451.475 22.128 999.000
57451.475 22.151 999.000
57451.475 22.154 999.000
57451.475 22.162 999.000
57451.475 22.162 999.000
57451.475 22.195 999.000
57451.475 22.199 999.000
57451.475 22.256 999.000
57456.270 22.164 999.000
57456.270 22.170 999.000
57456.270 22.192 999.000
57456.270 22.196 999.000
57456.270 22.204 999.000
57456.270 22.204 999.000
57456.270 22.237 999.000
57456.270 22.241 999.000
57456.270 22.298 999.000
57456.911 22.169 999.000
57456.911 22.176 999.000
57456.911 22.198 999.000
57456.911 22.202 999.000
57456.911 22.209 999.000
57456.911 22.209 999.000
57456.911 22.243 999.000
57456.911 22.246 999.000
57456.911 22.303 999.000
57458.570 22.184 999.000
57458.570 22.190 999.000
57458.570 22.212 999.000
57458.570 22.216 999.000
57458.570 22.224 999.000
57458.570 22.224 999.000
57458.570 22.258 999.000
57458.570 22.261 999.000
57458.570 22.318 999.000
57462.347 22.216 999.000
57462.347 22.223 999.000
57462.347 22.245 999.000
57462.347 22.249 999.000
57462.347 22.256 999.000
57462.347 22.256 999.000
57462.347 22.290 999.000
57462.347 22.294 999.000
57462.347 22.351 999.000
57465.530 22.243 999.000
57465.530 22.250 999.000
57465.530 22.272 999.000
57465.530 22.276 999.000
57465.530 22.284 999.000
57465.530 22.284 999.000
57465.530 22.318 999.000
57465.530 22.321 999.000
57465.530 22.378 999.000
57467.782 22.262 999.000
57467.782 22.269 999.000
57467.782 22.291 999.000
57467.782 22.295 999.000
57467.782 22.303 999.000
57467.782 22.303 999.000
57467.782 22.337 999.000
57467.782 22.340 999.000
57467.782 22.398 999.000
57473.218 22.307 999.000
57473.218 22.315 999.000
57473.218 22.337 999.000
57473.218 22.341 999.000
57473.218 22.349 999.000
57473.218 22.349 999.000
57473.218 22.383 999.000
57473.218 22.386 999.000
57473.218 22.444 999.000
57478.654 22.352 999.000
57478.654 22.360 999.000
57478.654 22.383 999.000
57478.654 22.387 999.000
57478.654 22.395 999.000
57478.654 22.395 999.000
57478.654 22.429 999.000
57478.654 22.432 999.000
57478.654 22.490 999.000
57484.090 22.397 999.000
57484.090 22.405 999.000
57484.090 22.428 999.000
57484.090 22.432 999.000
57484.090 22.440 999.000
57484.090 22.440 999.000
57484.090 22.474 999.000
57484.090 22.477 999.000
57484.090 22.535 999.000
57488.150 22.430 999.000
57488.150 22.439 999.000
57488.150 22.461 999.000
57488.150 22.465 999.000
57488.150 22.473 999.000
57488.150 22.474 999.000
57488.150 22.508 999.000
57488.150 22.510 999.000
57488.150 22.569 999.000
57489.525 22.441 999.000
57489.525 22.450 999.000
57489.525 22.472 999.000
57489.525 22.477 999.000
57489.525 22.485 999.000
57489.525 22.485 999.000
57489.525 22.519 999.000
57489.525 22.522 999.000
57489.525 22.580 999.000
57492.140 22.462 999.000
57492.140 22.471 999.000
57492.140 22.493 999.000
57492.140 22.498 999.000
57492.140 22.506 999.000
57492.140 22.506 999.000
57492.140 22.540 999.000
57492.140 22.543 999.000
57492.140 22.602 999.000
57494.961 22.485 999.000
57494.961 22.494 999.000
57494.961 22.516 999.000
57494.961 22.521 999.000
57494.961 22.529 999.000
57494.961 22.529 999.000
57494.961 22.563 999.000
57494.961 22.566 999.000
57494.961 22.625 999.000
57500.397 22.528 999.000
57500.397 22.538 999.000
57500.397 22.560 999.000
57500.397 22.565 999.000
57500.397 22.573 999.000
57500.397 22.573 999.000
57500.397 22.607 999.000
57500.397 22.610 999.000
57500.397 22.669 999.000
57505.833 22.571 999.000
57505.833 22.581 999.000
57505.833 22.603 999.000
57505.833 22.608 999.000
57505.833 22.616 999.000
57505.833 22.616 999.000
57505.833 22.651 999.000
57505.833 22.653 999.000
57505.833 22.712 999.000
57511.268 22.613 999.000
57511.268 22.624 999.000
57511.268 22.646 999.000
57511.268 22.651 999.000
57511.268 22.659 999.000
57511.268 22.659 999.000
57511.268 22.694 999.000
57511.268 22.696 999.000
57511.268 22.756 999.000
57516.704 22.655 999.000
57516.704 22.666 999.000
57516.704 22.688 999.000
57516.704 22.693 999.000
57516.704 22.702 999.000
57516.704 22.702 999.000
57516.704 22.736 999.000
57516.704 22.739 999.000
57516.704 22.798 999.000
57522.140 22.697 999.000
57522.140 22.708 999.000
57522.140 22.730 999.000
57522.140 22.736 999.000
57522.140 22.744 999.000
57522.140 22.744 999.000
57522.140 22.779 999.000
57522.140 22.781 999.000
57522.140 22.841 999.000
