57072.394 16.914 0.040
57072.395 16.966 0.059
57089.976 16.727 0.057
57089.976 16.769 0.071
57093.764 16.644 0.051
57093.765 16.737 0.068
57098.987 16.576 0.052
57098.988 16.637 0.068
57102.648 16.633 0.060
57106.872 16.633 0.044
57106.873 16.704 0.062
57111.503 16.724 0.037
57111.504 16.799 0.057
57118.422 16.860 0.045
57118.423 16.963 0.063
57120.816 17.023 0.051
57120.817 17.109 0.067
57122.075 16.985 0.065
57122.076 17.043 0.078
57128.629 17.190 0.056
57128.630 17.304 0.071
57136.314 17.550 0.080
57136.315 17.650 0.090
57144.468 17.660 0.068
57144.469 17.753 0.079
57151.187 17.735 0.056
57151.188 17.789 0.069
57160.630 17.920 0.084
57160.631 17.993 0.088
57172.407 18.594 0.154
57172.407 18.665 0.137
57231.370 19.020 0.299
57232.367 19.040 0.208
57232.370 18.896 0.249
57390.339 20.285 0.212
56984.000 53.861 999.000
56984.000 54.134 999.000
56984.000 54.146 999.000
56984.000 54.231 999.000
56984.000 54.246 999.000
56984.000 54.289 999.000
56984.000 54.294 999.000
56984.000 54.301 999.000
56984.000 54.534 999.000
56989.436 53.861 999.000
56989.436 54.134 999.000
56989.436 54.146 999.000
56989.436 54.231 999.000
56989.436 54.246 999.000
56989.436 54.289 999.000
56989.436 54.294 999.000
56989.436 54.301 999.000
56989.436 54.534 999.000
56994.872 53.861 999.000
56994.872 54.134 999.000
56994.872 54.146 999.000
56994.872 54.231 999.000
56994.872 54.246 999.000
56994.872 54.289 999.000
56994.872 54.294 999.000
56994.872 54.301 999.000
56994.872 54.534 999.000
57000.307 21.646 999.000
57000.307 21.761 999.000
57000.307 21.974 999.000
57000.307 24.095 999.000
57000.307 24.267 999.000
57000.307 24.543 999.000
57000.307 24.729 999.000
57000.307 54.301 999.000
57000.307 54.534 999.000
57005.743 20.139 999.000
57005.743 20.196 999.000
57005.743 20.284 999.000
57005.743 20.900 999.000
57005.743 20.901 999.000
57005.743 20.935 999.000
57005.743 20.977 999.000
57005.743 21.393 999.000
57005.743 21.692 999.000
57011.179 19.323 999.000
57011.179 19.358 999.000
57011.179 19.410 999.000
57011.179 19.721 999.000
57011.179 19.724 999.000
57011.179 19.736 999.000
57011.179 19.777 999.000
57011.179 19.968 999.000
57011.179 20.187 999.000
57014.000 19.017 999.000
57014.000 19.044 999.000
57014.000 19.086 999.000
57014.000 19.313 999.000
57014.000 19.324 999.000
57014.000 19.336 999.000
57014.000 19.371 999.000
57014.000 19.511 999.000
57014.000 19.709 999.000
57014.070 19.010 999.000
57014.070 19.037 999.000
57014.070 19.078 999.000
57014.070 19.304 999.000
57014.070 19.315 999.000
57014.070 19.328 999.000
57014.070 19.362 999.000
57014.070 19.501 999.000
57014.070 19.699 999.000
57016.615 18.779 999.000
57016.615 18.800 999.000
57016.615 18.834 999.000
57016.615 19.008 999.000
57016.615 19.022 999.000
57016.615 19.034 999.000
57016.615 19.065 999.000
57016.615 19.173 999.000
57016.615 19.356 999.000
57022.050 18.379 999.000
57022.050 18.391 999.000
57022.050 18.415 999.000
57022.050 18.517 999.000
57022.050 18.536 999.000
57022.050 18.544 999.000
57022.050 18.571 999.000
57022.050 18.637 999.000
57022.050 18.794 999.000
57027.486 18.072 999.000
57027.486 18.076 999.000
57027.486 18.093 999.000
57027.486 18.153 999.000
57027.486 18.173 999.000
57027.486 18.177 999.000
57027.486 18.204 999.000
57027.486 18.243 999.000
57027.486 18.380 999.000
57032.922 17.827 999.000
57032.922 17.828 999.000
57032.922 17.839 999.000
57032.922 17.871 999.000
57032.922 17.891 999.000
57032.922 17.892 999.000
57032.922 17.918 999.000
57032.922 17.940 999.000
57032.922 18.060 999.000
57033.490 17.804 999.000
57033.490 17.806 999.000
57033.490 17.815 999.000
57033.490 17.846 999.000
57033.490 17.865 999.000
57033.490 17.865 999.000
57033.490 17.892 999.000
57033.490 17.912 999.000
57033.490 18.031 999.000
57038.358 17.626 999.000
57038.358 17.632 999.000
57038.358 17.634 999.000
57038.358 17.649 999.000
57038.358 17.664 999.000
57038.358 17.667 999.000
57038.358 17.691 999.000
57038.358 17.700 999.000
57038.358 17.805 999.000
57042.030 17.511 999.000
57042.030 17.518 999.000
57042.030 17.520 999.000
57042.030 17.524 999.000
57042.030 17.536 999.000
57042.030 17.541 999.000
57042.030 17.564 999.000
57042.030 17.566 999.000
57042.030 17.662 999.000
57043.793 17.462 999.000
57043.793 17.468 999.000
57043.793 17.471 999.000
57043.793 17.472 999.000
57043.793 17.481 999.000
57043.793 17.487 999.000
57043.793 17.508 999.000
57043.793 17.509 999.000
57043.793 17.600 999.000
57048.700 17.340 999.000
57048.700 17.341 999.000
57048.700 17.344 999.000
57048.700 17.347 999.000
57048.700 17.353 999.000
57048.700 17.355 999.000
57048.700 17.367 999.000
57048.700 17.374 999.000
57048.700 17.449 999.000
57049.229 17.328 999.000
57049.229 17.328 999.000
57049.229 17.332 999.000
57049.229 17.334 999.000
57049.229 17.341 999.000
57049.229 17.342 999.000
57049.229 17.354 999.000
57049.229 17.361 999.000
57049.229 17.434 999.000
57049.700 17.317 999.000
57049.700 17.318 999.000
57049.700 17.322 999.000
57049.700 17.322 999.000
57049.700 17.331 999.000
57049.700 17.331 999.000
57049.700 17.342 999.000
57049.700 17.350 999.000
57049.700 17.421 999.000
57051.470 17.278 999.000
57051.470 17.281 999.000
57051.470 17.281 999.000
57051.470 17.284 999.000
57051.470 17.291 999.000
57051.470 17.294 999.000
57051.470 17.299 999.000
57051.470 17.309 999.000
57051.470 17.375 999.000
57053.500 17.237 999.000
57053.500 17.238 999.000
57053.500 17.241 999.000
57053.500 17.244 999.000
57053.500 17.248 999.000
57053.500 17.254 999.000
57053.500 17.256 999.000
57053.500 17.266 999.000
57053.500 17.325 999.000
57054.665 17.215 999.000
57054.665 17.215 999.000
57054.665 17.220 999.000
57054.665 17.223 999.000
57054.665 17.225 999.000
57054.665 17.230 999.000
57054.665 17.235 999.000
57054.665 17.242 999.000
57054.665 17.299 999.000
57060.101 17.120 999.000
57060.101 17.125 999.000
57060.101 17.132 999.000
57060.101 17.132 999.000
57060.101 17.133 999.000
57060.101 17.135 999.000
57060.101 17.148 999.000
57060.101 17.150 999.000
57060.101 17.190 999.000
57065.536 17.047 999.000
57065.536 17.056 999.000
57065.536 17.057 999.000
57065.536 17.061 999.000
57065.536 17.065 999.000
57065.536 17.067 999.000
57065.536 17.074 999.000
57065.536 17.083 999.000
57065.536 17.105 999.000
57068.470 17.016 999.000
57068.470 17.023 999.000
57068.470 17.028 999.000
57068.470 17.030 999.000
57068.470 17.035 999.000
57068.470 17.037 999.000
57068.470 17.043 999.000
57068.470 17.054 999.000
57068.470 17.068 999.000
57068.970 17.011 999.000
57068.970 17.018 999.000
57068.970 17.024 999.000
57068.970 17.025 999.000
57068.970 17.031 999.000
57068.970 17.033 999.000
57068.970 17.038 999.000
57068.970 17.049 999.000
57068.970 17.062 999.000
57069.450 17.007 999.000
57069.450 17.013 999.000
57069.450 17.019 999.000
57069.450 17.021 999.000
57069.450 17.026 999.000
57069.450 17.028 999.000
57069.450 17.033 999.000
57069.450 17.045 999.000
57069.450 17.057 999.000
57070.972 16.993 999.000
57070.972 17.000 999.000
57070.972 17.007 999.000
57070.972 17.007 999.000
57070.972 17.014 999.000
57070.972 17.016 999.000
57070.972 17.020 999.000
57070.972 17.033 999.000
57070.972 17.041 999.000
57071.600 16.988 999.000
57071.600 16.994 999.000
57071.600 17.002 999.000
57071.600 17.003 999.000
57071.600 17.009 999.000
57071.600 17.011 999.000
57071.600 17.015 999.000
57071.600 17.028 999.000
57071.600 17.034 999.000
57072.394 16.982 999.000
57072.394 16.988 999.000
57072.394 16.996 999.000
57072.394 16.997 999.000
57072.394 17.003 999.000
57072.394 17.006 999.000
57072.394 17.008 999.000
57072.394 17.022 999.000
57072.394 17.027 999.000
57072.590 16.981 999.000
57072.590 16.986 999.000
57072.590 16.995 999.000
57072.590 16.996 999.000
57072.590 17.002 999.000
57072.590 17.004 999.000
57072.590 17.007 999.000
57072.590 17.021 999.000
57072.590 17.025 999.000
57073.880 16.972 999.000
57073.880 16.977 999.000
57073.880 16.986 999.000
57073.880 16.988 999.000
57073.880 16.994 999.000
57073.880 16.996 999.000
57073.880 16.998 999.000
57073.880 17.012 999.000
57073.880 17.014 999.000
57074.169 16.970 999.000
57074.169 16.975 999.000
57074.169 16.984 999.000
57074.169 16.986 999.000
57074.169 16.992 999.000
57074.169 16.994 999.000
57074.169 16.996 999.000
57074.169 17.011 999.000
57074.169 17.012 999.000
57074.210 16.970 999.000
57074.210 16.975 999.000
57074.210 16.984 999.000
57074.210 16.986 999.000
57074.210 16.992 999.000
57074.210 16.994 999.000
57074.210 16.996 999.000
57074.210 17.010 999.000
57074.210 17.012 999.000
57076.167 16.959 999.000
57076.167 16.963 999.000
57076.167 16.973 999.000
57076.167 16.976 999.000
57076.167 16.981 999.000
57076.167 16.983 999.000
57076.167 16.984 999.000
57076.167 16.997 999.000
57076.167 17.000 999.000
57076.408 16.958 999.000
57076.408 16.962 999.000
57076.408 16.971 999.000
57076.408 16.975 999.000
57076.408 16.979 999.000
57076.408 16.982 999.000
57076.408 16.983 999.000
57076.408 16.996 999.000
57076.408 16.998 999.000
57077.170 16.954 999.000
57077.170 16.958 999.000
57077.170 16.968 999.000
57077.170 16.972 999.000
57077.170 16.976 999.000
57077.170 16.978 999.000
57077.170 16.979 999.000
57077.170 16.991 999.000
57077.170 16.995 999.000
57077.450 16.953 999.000
57077.450 16.956 999.000
57077.450 16.966 999.000
57077.450 16.971 999.000
57077.450 16.975 999.000
57077.450 16.977 999.000
57077.450 16.977 999.000
57077.450 16.989 999.000
57077.450 16.993 999.000
57077.620 16.952 999.000
57077.620 16.956 999.000
57077.620 16.965 999.000
57077.620 16.970 999.000
57077.620 16.974 999.000
57077.620 16.976 999.000
57077.620 16.976 999.000
57077.620 16.988 999.000
57077.620 16.993 999.000
57078.322 16.949 999.000
57078.322 16.952 999.000
57078.322 16.962 999.000
57078.322 16.967 999.000
57078.322 16.971 999.000
57078.322 16.973 999.000
57078.322 16.974 999.000
57078.322 16.984 999.000
57078.322 16.990 999.000
57078.470 16.948 999.000
57078.470 16.952 999.000
57078.470 16.962 999.000
57078.470 16.967 999.000
57078.470 16.970 999.000
57078.470 16.973 999.000
57078.470 16.973 999.000
57078.470 16.983 999.000
57078.470 16.989 999.000
57078.960 16.947 999.000
57078.960 16.950 999.000
57078.960 16.960 999.000
57078.960 16.965 999.000
57078.960 16.969 999.000
57078.960 16.971 999.000
57078.960 16.971 999.000
57078.960 16.981 999.000
57078.960 16.987 999.000
57079.340 16.945 999.000
57079.340 16.948 999.000
57079.340 16.958 999.000
57079.340 16.964 999.000
57079.340 16.967 999.000
57079.340 16.969 999.000
57079.340 16.970 999.000
57079.340 16.979 999.000
57079.340 16.986 999.000
57080.080 16.943 999.000
57080.080 16.946 999.000
57080.080 16.956 999.000
57080.080 16.962 999.000
57080.080 16.965 999.000
57080.080 16.967 999.000
57080.080 16.968 999.000
57080.080 16.975 999.000
57080.080 16.983 999.000
57080.330 16.942 999.000
57080.330 16.945 999.000
57080.330 16.955 999.000
57080.330 16.961 999.000
57080.330 16.964 999.000
57080.330 16.966 999.000
57080.330 16.967 999.000
57080.330 16.974 999.000
57080.330 16.983 999.000
57080.517 16.942 999.000
57080.517 16.944 999.000
57080.517 16.955 999.000
57080.517 16.961 999.000
57080.517 16.963 999.000
57080.517 16.965 999.000
57080.517 16.966 999.000
57080.517 16.974 999.000
57080.517 16.982 999.000
57081.330 16.940 999.000
57081.330 16.942 999.000
57081.330 16.952 999.000
57081.330 16.959 999.000
57081.330 16.961 999.000
57081.330 16.963 999.000
57081.330 16.964 999.000
57081.330 16.971 999.000
57081.330 16.980 999.000
57081.500 16.939 999.000
57081.500 16.942 999.000
57081.500 16.952 999.000
57081.500 16.959 999.000
57081.500 16.961 999.000
57081.500 16.962 999.000
57081.500 16.964 999.000
57081.500 16.970 999.000
57081.500 16.979 999.000
57081.844 16.938 999.000
57081.844 16.941 999.000
57081.844 16.951 999.000
57081.844 16.958 999.000
57081.844 16.960 999.000
57081.844 16.961 999.000
57081.844 16.963 999.000
57081.844 16.969 999.000
57081.844 16.978 999.000
57082.240 16.938 999.000
57082.240 16.940 999.000
57082.240 16.950 999.000
57082.240 16.958 999.000
57082.240 16.959 999.000
57082.240 16.960 999.000
57082.240 16.963 999.000
57082.240 16.967 999.000
57082.240 16.978 999.000
57082.940 16.937 999.000
57082.940 16.939 999.000
57082.940 16.949 999.000
57082.940 16.957 999.000
57082.940 16.958 999.000
57082.940 16.959 999.000
57082.940 16.961 999.000
57082.940 16.965 999.000
57082.940 16.976 999.000
57084.240 16.935 999.000
57084.240 16.937 999.000
57084.240 16.947 999.000
57084.240 16.956 999.000
57084.240 16.956 999.000
57084.240 16.957 999.000
57084.240 16.960 999.000
57084.240 16.962 999.000
57084.240 16.974 999.000
57084.342 16.935 999.000
57084.342 16.937 999.000
57084.342 16.947 999.000
57084.342 16.956 999.000
57084.342 16.956 999.000
57084.342 16.957 999.000
57084.342 16.960 999.000
57084.342 16.962 999.000
57084.342 16.974 999.000
57085.220 16.935 999.000
57085.220 16.936 999.000
57085.220 16.946 999.000
57085.220 16.956 999.000
57085.220 16.956 999.000
57085.220 16.956 999.000
57085.220 16.959 999.000
57085.220 16.961 999.000
57085.220 16.973 999.000
57085.260 16.935 999.000
57085.260 16.936 999.000
57085.260 16.946 999.000
57085.260 16.956 999.000
57085.260 16.956 999.000
57085.260 16.956 999.000
57085.260 16.959 999.000
57085.260 16.961 999.000
57085.260 16.973 999.000
57086.010 16.935 999.000
57086.010 16.936 999.000
57086.010 16.946 999.000
57086.010 16.955 999.000
57086.010 16.956 999.000
57086.010 16.956 999.000
57086.010 16.959 999.000
57086.010 16.960 999.000
57086.010 16.973 999.000
57087.279 16.935 999.000
57087.279 16.936 999.000
57087.279 16.946 999.000
57087.279 16.956 999.000
57087.279 16.956 999.000
57087.279 16.957 999.000
57087.279 16.959 999.000
57087.279 16.960 999.000
57087.279 16.973 999.000
57089.976 16.939 999.000
57089.976 16.940 999.000
57089.976 16.949 999.000
57089.976 16.958 999.000
57089.976 16.959 999.000
57089.976 16.961 999.000
57089.976 16.961 999.000
57089.976 16.963 999.000
57089.976 16.975 999.000
57090.476 16.941 999.000
57090.476 16.941 999.000
57090.476 16.950 999.000
57090.476 16.959 999.000
57090.476 16.960 999.000
57090.476 16.961 999.000
57090.476 16.963 999.000
57090.476 16.964 999.000
57090.476 16.976 999.000
57090.970 16.942 999.000
57090.970 16.942 999.000
57090.970 16.951 999.000
57090.970 16.960 999.000
57090.970 16.961 999.000
57090.970 16.962 999.000
57090.970 16.964 999.000
57090.970 16.965 999.000
57090.970 16.977 999.000
57092.170 16.945 999.000
57092.170 16.946 999.000
57092.170 16.954 999.000
57092.170 16.963 999.000
57092.170 16.964 999.000
57092.170 16.965 999.000
57092.170 16.968 999.000
57092.170 16.969 999.000
57092.170 16.979 999.000
57092.715 16.947 999.000
57092.715 16.948 999.000
57092.715 16.956 999.000
57092.715 16.965 999.000
57092.715 16.965 999.000
57092.715 16.966 999.000
57092.715 16.970 999.000
57092.715 16.970 999.000
57092.715 16.981 999.000
57093.020 16.948 999.000
57093.020 16.949 999.000
57093.020 16.957 999.000
57093.020 16.966 999.000
57093.020 16.966 999.000
57093.020 16.967 999.000
57093.020 16.971 999.000
57093.020 16.971 999.000
57093.020 16.981 999.000
57093.764 16.951 999.000
57093.764 16.952 999.000
57093.764 16.959 999.000
57093.764 16.968 999.000
57093.764 16.969 999.000
57093.764 16.969 999.000
57093.764 16.974 999.000
57093.764 16.974 999.000
57093.764 16.984 999.000
57094.290 16.953 999.000
57094.290 16.954 999.000
57094.290 16.961 999.000
57094.290 16.970 999.000
57094.290 16.970 999.000
57094.290 16.971 999.000
57094.290 16.976 999.000
57094.290 16.976 999.000
57094.290 16.985 999.000
57094.870 16.956 999.000
57094.870 16.957 999.000
57094.870 16.964 999.000
57094.870 16.972 999.000
57094.870 16.973 999.000
57094.870 16.973 999.000
57094.870 16.978 999.000
57094.870 16.978 999.000
57094.870 16.987 999.000
57095.270 16.957 999.000
57095.270 16.958 999.000
57095.270 16.965 999.000
57095.270 16.974 999.000
57095.270 16.974 999.000
57095.270 16.975 999.000
57095.270 16.980 999.000
57095.270 16.980 999.000
57095.270 16.989 999.000
57095.470 16.958 999.000
57095.470 16.959 999.000
57095.470 16.966 999.000
57095.470 16.975 999.000
57095.470 16.975 999.000
57095.470 16.976 999.000
57095.470 16.981 999.000
57095.470 16.981 999.000
57095.470 16.990 999.000
57095.930 16.961 999.000
57095.930 16.962 999.000
57095.930 16.968 999.000
57095.930 16.977 999.000
57095.930 16.977 999.000
57095.930 16.978 999.000
57095.930 16.983 999.000
57095.930 16.984 999.000
57095.930 16.992 999.000
57097.210 16.968 999.000
57097.210 16.969 999.000
57097.210 16.975 999.000
57097.210 16.983 999.000
57097.210 16.983 999.000
57097.210 16.984 999.000
57097.210 16.989 999.000
57097.210 16.991 999.000
57097.210 16.997 999.000
57098.151 16.973 999.000
57098.151 16.975 999.000
57098.151 16.980 999.000
57098.151 16.988 999.000
57098.151 16.988 999.000
57098.151 16.989 999.000
57098.151 16.994 999.000
57098.151 16.996 999.000
57098.151 17.002 999.000
57098.210 16.974 999.000
57098.210 16.975 999.000
57098.210 16.980 999.000
57098.210 16.988 999.000
57098.210 16.989 999.000
57098.210 16.989 999.000
57098.210 16.995 999.000
57098.210 16.996 999.000
57098.210 17.002 999.000
57098.610 16.976 999.000
57098.610 16.978 999.000
57098.610 16.982 999.000
57098.610 16.991 999.000
57098.610 16.991 999.000
57098.610 16.992 999.000
57098.610 16.997 999.000
57098.610 16.999 999.000
57098.610 17.004 999.000
57098.987 16.978 999.000
57098.987 16.980 999.000
57098.987 16.985 999.000
57098.987 16.993 999.000
57098.987 16.993 999.000
57098.987 16.994 999.000
57098.987 16.999 999.000
57098.987 17.001 999.000
57098.987 17.006 999.000
57099.250 16.980 999.000
57099.250 16.982 999.000
57099.250 16.986 999.000
57099.250 16.994 999.000
57099.250 16.995 999.000
57099.250 16.995 999.000
57099.250 17.001 999.000
57099.250 17.003 999.000
57099.250 17.008 999.000
57100.984 16.993 999.000
57100.984 16.994 999.000
57100.984 16.998 999.000
57100.984 17.006 999.000
57100.984 17.006 999.000
57100.984 17.007 999.000
57100.984 17.012 999.000
57100.984 17.015 999.000
57100.984 17.018 999.000
57101.310 16.995 999.000
57101.310 16.997 999.000
57101.310 17.000 999.000
57101.310 17.008 999.000
57101.310 17.008 999.000
57101.310 17.009 999.000
57101.310 17.015 999.000
57101.310 17.018 999.000
57101.310 17.020 999.000
57102.170 17.002 999.000
57102.170 17.004 999.000
57102.170 17.006 999.000
57102.170 17.014 999.000
57102.170 17.014 999.000
57102.170 17.015 999.000
57102.170 17.021 999.000
57102.170 17.024 999.000
57102.170 17.026 999.000
57102.520 17.005 999.000
57102.520 17.007 999.000
57102.520 17.009 999.000
57102.520 17.017 999.000
57102.520 17.017 999.000
57102.520 17.018 999.000
57102.520 17.024 999.000
57102.520 17.027 999.000
57102.520 17.028 999.000
57103.400 17.012 999.000
57103.400 17.014 999.000
57103.400 17.016 999.000
57103.400 17.023 999.000
57103.400 17.023 999.000
57103.400 17.025 999.000
57103.400 17.030 999.000
57103.400 17.034 999.000
57103.400 17.034 999.000
57103.587 17.014 999.000
57103.587 17.016 999.000
57103.587 17.017 999.000
57103.587 17.025 999.000
57103.587 17.025 999.000
57103.587 17.027 999.000
57103.587 17.032 999.000
57103.587 17.036 999.000
57103.587 17.036 999.000
57103.760 17.015 999.000
57103.760 17.017 999.000
57103.760 17.019 999.000
57103.760 17.026 999.000
57103.760 17.026 999.000
57103.760 17.028 999.000
57103.760 17.033 999.000
57103.760 17.037 999.000
57103.760 17.037 999.000
57104.180 17.019 999.000
57104.180 17.021 999.000
57104.180 17.022 999.000
57104.180 17.030 999.000
57104.180 17.030 999.000
57104.180 17.032 999.000
57104.180 17.037 999.000
57104.180 17.040 999.000
57104.180 17.041 999.000
57104.430 17.021 999.000
57104.430 17.023 999.000
57104.430 17.024 999.000
57104.430 17.032 999.000
57104.430 17.032 999.000
57104.430 17.034 999.000
57104.430 17.039 999.000
57104.430 17.042 999.000
57104.430 17.043 999.000
57106.440 17.041 999.000
57106.440 17.042 999.000
57106.440 17.043 999.000
57106.440 17.049 999.000
57106.440 17.050 999.000
57106.440 17.052 999.000
57106.440 17.056 999.000
57106.440 17.059 999.000
57106.440 17.061 999.000
57106.872 17.045 999.000
57106.872 17.047 999.000
57106.872 17.047 999.000
57106.872 17.053 999.000
57106.872 17.054 999.000
57106.872 17.056 999.000
57106.872 17.061 999.000
57106.872 17.062 999.000
57106.872 17.066 999.000
57109.022 17.068 999.000
57109.022 17.068 999.000
57109.022 17.070 999.000
57109.022 17.074 999.000
57109.022 17.075 999.000
57109.022 17.078 999.000
57109.022 17.082 999.000
57109.022 17.082 999.000
57109.022 17.088 999.000
57110.160 17.081 999.000
57110.160 17.081 999.000
57110.160 17.084 999.000
57110.160 17.086 999.000
57110.160 17.087 999.000
57110.160 17.091 999.000
57110.160 17.093 999.000
57110.160 17.094 999.000
57110.160 17.100 999.000
57110.180 17.081 999.000
57110.180 17.082 999.000
57110.180 17.084 999.000
57110.180 17.086 999.000
57110.180 17.087 999.000
57110.180 17.091 999.000
57110.180 17.094 999.000
57110.180 17.094 999.000
57110.180 17.100 999.000
57110.210 17.081 999.000
57110.210 17.082 999.000
57110.210 17.084 999.000
57110.210 17.086 999.000
57110.210 17.088 999.000
57110.210 17.091 999.000
57110.210 17.094 999.000
57110.210 17.094 999.000
57110.210 17.101 999.000
57110.699 17.087 999.000
57110.699 17.088 999.000
57110.699 17.090 999.000
57110.699 17.091 999.000
57110.699 17.093 999.000
57110.699 17.097 999.000
57110.699 17.099 999.000
57110.699 17.099 999.000
57110.699 17.106 999.000
57111.503 17.096 999.000
57111.503 17.098 999.000
57111.503 17.100 999.000
57111.503 17.100 999.000
57111.503 17.102 999.000
57111.503 17.106 999.000
57111.503 17.107 999.000
57111.503 17.108 999.000
57111.503 17.116 999.000
57113.290 17.117 999.000
57113.290 17.121 999.000
57113.290 17.121 999.000
57113.290 17.123 999.000
57113.290 17.123 999.000
57113.290 17.127 999.000
57113.290 17.128 999.000
57113.290 17.129 999.000
57113.290 17.137 999.000
57114.458 17.132 999.000
57114.458 17.135 999.000
57114.458 17.136 999.000
57114.458 17.138 999.000
57114.458 17.138 999.000
57114.458 17.140 999.000
57114.458 17.143 999.000
57114.458 17.143 999.000
57114.458 17.152 999.000
57116.930 17.165 999.000
57116.930 17.167 999.000
57116.930 17.170 999.000
57116.930 17.171 999.000
57116.930 17.171 999.000
57116.930 17.173 999.000
57116.930 17.175 999.000
57116.930 17.177 999.000
57116.930 17.185 999.000
57117.250 17.170 999.000
57117.250 17.171 999.000
57117.250 17.174 999.000
57117.250 17.175 999.000
57117.250 17.176 999.000
57117.250 17.178 999.000
57117.250 17.179 999.000
57117.250 17.181 999.000
57117.250 17.189 999.000
57118.210 17.183 999.000
57118.210 17.184 999.000
57118.210 17.188 999.000
57118.210 17.188 999.000
57118.210 17.191 999.000
57118.210 17.192 999.000
57118.210 17.193 999.000
57118.210 17.195 999.000
57118.210 17.203 999.000
57118.422 17.186 999.000
57118.422 17.187 999.000
57118.422 17.190 999.000
57118.422 17.191 999.000
57118.422 17.194 999.000
57118.422 17.195 999.000
57118.422 17.195 999.000
57118.422 17.198 999.000
57118.422 17.206 999.000
57119.894 17.208 999.000
57119.894 17.208 999.000
57119.894 17.211 999.000
57119.894 17.212 999.000
57119.894 17.216 999.000
57119.894 17.217 999.000
57119.894 17.218 999.000
57119.894 17.221 999.000
57119.894 17.227 999.000
57120.150 17.212 999.000
57120.150 17.212 999.000
57120.150 17.214 999.000
57120.150 17.216 999.000
57120.150 17.220 999.000
57120.150 17.221 999.000
57120.150 17.222 999.000
57120.150 17.224 999.000
57120.150 17.231 999.000
57120.210 17.213 999.000
57120.210 17.213 999.000
57120.210 17.215 999.000
57120.210 17.217 999.000
57120.210 17.221 999.000
57120.210 17.222 999.000
57120.210 17.223 999.000
57120.210 17.225 999.000
57120.210 17.232 999.000
57120.450 17.216 999.000
57120.450 17.217 999.000
57120.450 17.218 999.000
57120.450 17.220 999.000
57120.450 17.224 999.000
57120.450 17.226 999.000
57120.450 17.227 999.000
57120.450 17.229 999.000
57120.450 17.235 999.000
57120.816 17.222 999.000
57120.816 17.222 999.000
57120.816 17.224 999.000
57120.816 17.226 999.000
57120.816 17.230 999.000
57120.816 17.232 999.000
57120.816 17.233 999.000
57120.816 17.235 999.000
57120.816 17.241 999.000
57122.075 17.240 999.000
57122.075 17.242 999.000
57122.075 17.242 999.000
57122.075 17.245 999.000
57122.075 17.249 999.000
57122.075 17.253 999.000
57122.075 17.253 999.000
57122.075 17.255 999.000
57122.075 17.260 999.000
57122.130 17.241 999.000
57122.130 17.243 999.000
57122.130 17.243 999.000
57122.130 17.246 999.000
57122.130 17.249 999.000
57122.130 17.254 999.000
57122.130 17.254 999.000
57122.130 17.256 999.000
57122.130 17.261 999.000
57122.785 17.251 999.000
57122.785 17.252 999.000
57122.785 17.253 999.000
57122.785 17.256 999.000
57122.785 17.259 999.000
57122.785 17.265 999.000
57122.785 17.265 999.000
57122.785 17.266 999.000
57122.785 17.271 999.000
57122.850 17.252 999.000
57122.850 17.253 999.000
57122.850 17.254 999.000
57122.850 17.257 999.000
57122.850 17.260 999.000
57122.850 17.266 999.000
57122.850 17.266 999.000
57122.850 17.268 999.000
57122.850 17.272 999.000
57123.870 17.268 999.000
57123.870 17.269 999.000
57123.870 17.271 999.000
57123.870 17.274 999.000
57123.870 17.276 999.000
57123.870 17.284 999.000
57123.870 17.284 999.000
57123.870 17.285 999.000
57123.870 17.289 999.000
57125.330 17.292 999.000
57125.330 17.292 999.000
57125.330 17.296 999.000
57125.330 17.298 999.000
57125.330 17.300 999.000
57125.330 17.310 999.000
57125.330 17.310 999.000
57125.330 17.310 999.000
57125.330 17.313 999.000
57126.180 17.305 999.000
57126.180 17.306 999.000
57126.180 17.311 999.000
57126.180 17.312 999.000
57126.180 17.314 999.000
57126.180 17.324 999.000
57126.180 17.325 999.000
57126.180 17.326 999.000
57126.180 17.327 999.000
57127.720 17.331 999.000
57127.720 17.332 999.000
57127.720 17.338 999.000
57127.720 17.339 999.000
57127.720 17.340 999.000
57127.720 17.352 999.000
57127.720 17.353 999.000
57127.720 17.354 999.000
57127.720 17.354 999.000
57128.160 17.338 999.000
57128.160 17.340 999.000
57128.160 17.346 999.000
57128.160 17.347 999.000
57128.160 17.347 999.000
57128.160 17.360 999.000
57128.160 17.362 999.000
57128.160 17.362 999.000
57128.160 17.363 999.000
57128.629 17.346 999.000
57128.629 17.348 999.000
57128.629 17.355 999.000
57128.629 17.355 999.000
57128.629 17.356 999.000
57128.629 17.369 999.000
57128.629 17.370 999.000
57128.629 17.370 999.000
57128.629 17.372 999.000
57129.940 17.369 999.000
57129.940 17.372 999.000
57129.940 17.379 999.000
57129.940 17.379 999.000
57129.940 17.379 999.000
57129.940 17.394 999.000
57129.940 17.394 999.000
57129.940 17.396 999.000
57129.940 17.398 999.000
57130.765 17.384 999.000
57130.765 17.387 999.000
57130.765 17.393 999.000
57130.765 17.394 999.000
57130.765 17.395 999.000
57130.765 17.409 999.000
57130.765 17.409 999.000
57130.765 17.412 999.000
57130.765 17.414 999.000
57131.527 17.397 999.000
57131.527 17.401 999.000
57131.527 17.407 999.000
57131.527 17.409 999.000
57131.527 17.410 999.000
57131.527 17.423 999.000
57131.527 17.424 999.000
57131.527 17.427 999.000
57131.527 17.430 999.000
57131.710 17.401 999.000
57131.710 17.404 999.000
57131.710 17.411 999.000
57131.710 17.412 999.000
57131.710 17.413 999.000
57131.710 17.426 999.000
57131.710 17.428 999.000
57131.710 17.431 999.000
57131.710 17.434 999.000
57132.930 17.423 999.000
57132.930 17.427 999.000
57132.930 17.433 999.000
57132.930 17.436 999.000
57132.930 17.438 999.000
57132.930 17.450 999.000
57132.930 17.452 999.000
57132.930 17.456 999.000
57132.930 17.459 999.000
57134.240 17.448 999.000
57134.240 17.453 999.000
57134.240 17.458 999.000
57134.240 17.461 999.000
57134.240 17.464 999.000
57134.240 17.475 999.000
57134.240 17.479 999.000
57134.240 17.483 999.000
57134.240 17.487 999.000
57134.860 17.460 999.000
57134.860 17.465 999.000
57134.860 17.470 999.000
57134.860 17.474 999.000
57134.860 17.477 999.000
57134.860 17.487 999.000
57134.860 17.491 999.000
57134.860 17.496 999.000
57134.860 17.500 999.000
57135.440 17.471 999.000
57135.440 17.476 999.000
57135.440 17.482 999.000
57135.440 17.485 999.000
57135.440 17.489 999.000
57135.440 17.499 999.000
57135.440 17.503 999.000
57135.440 17.508 999.000
57135.440 17.513 999.000
57135.940 17.481 999.000
57135.940 17.486 999.000
57135.940 17.491 999.000
57135.940 17.495 999.000
57135.940 17.499 999.000
57135.940 17.509 999.000
57135.940 17.514 999.000
57135.940 17.519 999.000
57135.940 17.524 999.000
57136.201 17.486 999.000
57136.201 17.492 999.000
57136.201 17.497 999.000
57136.201 17.501 999.000
57136.201 17.505 999.000
57136.201 17.514 999.000
57136.201 17.519 999.000
57136.201 17.525 999.000
57136.201 17.530 999.000
57136.314 17.488 999.000
57136.314 17.494 999.000
57136.314 17.499 999.000
57136.314 17.503 999.000
57136.314 17.507 999.000
57136.314 17.516 999.000
57136.314 17.522 999.000
57136.314 17.527 999.000
57136.314 17.532 999.000
57137.210 17.506 999.000
57137.210 17.512 999.000
57137.210 17.517 999.000
57137.210 17.522 999.000
57137.210 17.526 999.000
57137.210 17.534 999.000
57137.210 17.541 999.000
57137.210 17.547 999.000
57137.210 17.552 999.000
57137.270 17.507 999.000
57137.270 17.513 999.000
57137.270 17.518 999.000
57137.270 17.523 999.000
57137.270 17.528 999.000
57137.270 17.536 999.000
57137.270 17.542 999.000
57137.270 17.548 999.000
57137.270 17.554 999.000
57138.860 17.539 999.000
57138.860 17.546 999.000
57138.860 17.550 999.000
57138.860 17.556 999.000
57138.860 17.562 999.000
57138.860 17.568 999.000
57138.860 17.577 999.000
57138.860 17.583 999.000
57138.860 17.590 999.000
57138.880 17.540 999.000
57138.880 17.547 999.000
57138.880 17.551 999.000
57138.880 17.557 999.000
57138.880 17.563 999.000
57138.880 17.569 999.000
57138.880 17.577 999.000
57138.880 17.584 999.000
57138.880 17.590 999.000
57139.210 17.547 999.000
57139.210 17.554 999.000
57139.210 17.557 999.000
57139.210 17.564 999.000
57139.210 17.570 999.000
57139.210 17.576 999.000
57139.210 17.584 999.000
57139.210 17.591 999.000
57139.210 17.598 999.000
57140.100 17.565 999.000
57140.100 17.573 999.000
57140.100 17.576 999.000
57140.100 17.583 999.000
57140.100 17.590 999.000
57140.100 17.595 999.000
57140.100 17.604 999.000
57140.100 17.611 999.000
57140.100 17.619 999.000
57141.170 17.588 999.000
57141.170 17.596 999.000
57141.170 17.599 999.000
57141.170 17.606 999.000
57141.170 17.614 999.000
57141.170 17.617 999.000
57141.170 17.628 999.000
57141.170 17.636 999.000
57141.170 17.644 999.000
57141.637 17.598 999.000
57141.637 17.606 999.000
57141.637 17.608 999.000
57141.637 17.617 999.000
57141.637 17.625 999.000
57141.637 17.628 999.000
57141.637 17.639 999.000
57141.637 17.647 999.000
57141.637 17.655 999.000
57144.468 17.660 999.000
57144.468 17.669 999.000
57144.468 17.670 999.000
57144.468 17.681 999.000
57144.468 17.690 999.000
57144.468 17.691 999.000
57144.468 17.705 999.000
57144.468 17.708 999.000
57144.468 17.717 999.000
57144.710 17.665 999.000
57144.710 17.675 999.000
57144.710 17.675 999.000
57144.710 17.686 999.000
57144.710 17.695 999.000
57144.710 17.697 999.000
57144.710 17.710 999.000
57144.710 17.712 999.000
57144.710 17.721 999.000
57144.890 17.669 999.000
57144.890 17.679 999.000
57144.890 17.679 999.000
57144.890 17.690 999.000
57144.890 17.699 999.000
57144.890 17.701 999.000
57144.890 17.715 999.000
57144.890 17.715 999.000
57144.890 17.725 999.000
57147.073 17.719 999.000
57147.073 17.723 999.000
57147.073 17.723 999.000
57147.073 17.738 999.000
57147.073 17.741 999.000
57147.073 17.749 999.000
57147.073 17.756 999.000
57147.073 17.762 999.000
57147.073 17.765 999.000
57148.310 17.742 999.000
57148.310 17.745 999.000
57148.310 17.747 999.000
57148.310 17.761 999.000
57148.310 17.764 999.000
57148.310 17.778 999.000
57148.310 17.779 999.000
57148.310 17.785 999.000
57148.310 17.788 999.000
57150.030 17.773 999.000
57150.030 17.777 999.000
57150.030 17.780 999.000
57150.030 17.794 999.000
57150.030 17.795 999.000
57150.030 17.811 999.000
57150.030 17.812 999.000
57150.030 17.816 999.000
57150.030 17.820 999.000
57150.960 17.790 999.000
57150.960 17.794 999.000
57150.960 17.798 999.000
57150.960 17.811 999.000
57150.960 17.813 999.000
57150.960 17.829 999.000
57150.960 17.830 999.000
57150.960 17.833 999.000
57150.960 17.837 999.000
57151.187 17.794 999.000
57151.187 17.798 999.000
57151.187 17.802 999.000
57151.187 17.816 999.000
57151.187 17.817 999.000
57151.187 17.833 999.000
57151.187 17.835 999.000
57151.187 17.838 999.000
57151.187 17.842 999.000
57152.160 17.812 999.000
57152.160 17.816 999.000
57152.160 17.821 999.000
57152.160 17.834 999.000
57152.160 17.835 999.000
57152.160 17.851 999.000
57152.160 17.854 999.000
57152.160 17.855 999.000
57152.160 17.860 999.000
57152.508 17.818 999.000
57152.508 17.823 999.000
57152.508 17.827 999.000
57152.508 17.841 999.000
57152.508 17.841 999.000
57152.508 17.858 999.000
57152.508 17.861 999.000
57152.508 17.862 999.000
57152.508 17.866 999.000
57155.150 17.867 999.000
57155.150 17.872 999.000
57155.150 17.878 999.000
57155.150 17.890 999.000
57155.150 17.891 999.000
57155.150 17.907 999.000
57155.150 17.910 999.000
57155.150 17.913 999.000
57155.150 17.916 999.000
57155.760 17.878 999.000
57155.760 17.883 999.000
57155.760 17.890 999.000
57155.760 17.902 999.000
57155.760 17.903 999.000
57155.760 17.919 999.000
57155.760 17.922 999.000
57155.760 17.925 999.000
57155.760 17.927 999.000
57157.944 17.919 999.000
57157.944 17.924 999.000
57157.944 17.932 999.000
57157.944 17.943 999.000
57157.944 17.945 999.000
57157.944 17.960 999.000
57157.944 17.962 999.000
57157.944 17.967 999.000
57157.944 17.968 999.000
57158.800 17.935 999.000
57158.800 17.940 999.000
57158.800 17.949 999.000
57158.800 17.959 999.000
57158.800 17.961 999.000
57158.800 17.976 999.000
57158.800 17.978 999.000
57158.800 17.984 999.000
57158.800 17.984 999.000
57160.050 17.958 999.000
57160.050 17.963 999.000
57160.050 17.973 999.000
57160.050 17.982 999.000
57160.050 17.985 999.000
57160.050 18.000 999.000
57160.050 18.001 999.000
57160.050 18.008 999.000
57160.050 18.009 999.000
57160.630 17.969 999.000
57160.630 17.974 999.000
57160.630 17.984 999.000
57160.630 17.993 999.000
57160.630 17.996 999.000
57160.630 18.011 999.000
57160.630 18.011 999.000
57160.630 18.019 999.000
57160.630 18.020 999.000
57161.010 17.976 999.000
57161.010 17.981 999.000
57161.010 17.991 999.000
57161.010 18.000 999.000
57161.010 18.003 999.000
57161.010 18.018 999.000
57161.010 18.018 999.000
57161.010 18.026 999.000
57161.010 18.027 999.000
57161.700 17.989 999.000
57161.700 17.994 999.000
57161.700 18.005 999.000
57161.700 18.013 999.000
57161.700 18.016 999.000
57161.700 18.031 999.000
57161.700 18.031 999.000
57161.700 18.039 999.000
57161.700 18.041 999.000
57162.730 18.008 999.000
57162.730 18.013 999.000
57162.730 18.024 999.000
57162.730 18.032 999.000
57162.730 18.036 999.000
57162.730 18.050 999.000
57162.730 18.050 999.000
57162.730 18.058 999.000
57162.730 18.061 999.000
57162.900 18.011 999.000
57162.900 18.017 999.000
57162.900 18.028 999.000
57162.900 18.036 999.000
57162.900 18.039 999.000
57162.900 18.053 999.000
57162.900 18.053 999.000
57162.900 18.062 999.000
57162.900 18.064 999.000
57163.380 18.020 999.000
57163.380 18.026 999.000
57163.380 18.037 999.000
57163.380 18.045 999.000
57163.380 18.049 999.000
57163.380 18.062 999.000
57163.380 18.062 999.000
57163.380 18.071 999.000
57163.380 18.073 999.000
57166.353 18.076 999.000
57166.353 18.081 999.000
57166.353 18.094 999.000
57166.353 18.100 999.000
57166.353 18.105 999.000
57166.353 18.117 999.000
57166.353 18.118 999.000
57166.353 18.127 999.000
57166.353 18.131 999.000
57166.920 18.087 999.000
57166.920 18.092 999.000
57166.920 18.105 999.000
57166.920 18.111 999.000
57166.920 18.116 999.000
57166.920 18.127 999.000
57166.920 18.129 999.000
57166.920 18.137 999.000
57166.920 18.142 999.000
57168.816 18.122 999.000
57168.816 18.127 999.000
57168.816 18.141 999.000
57168.816 18.146 999.000
57168.816 18.152 999.000
57168.816 18.162 999.000
57168.816 18.164 999.000
57168.816 18.173 999.000
57168.816 18.178 999.000
57171.900 18.180 999.000
57171.900 18.185 999.000
57171.900 18.200 999.000
57171.900 18.204 999.000
57171.900 18.210 999.000
57171.900 18.218 999.000
57171.900 18.222 999.000
57171.900 18.230 999.000
57171.900 18.237 999.000
57172.407 18.189 999.000
57172.407 18.194 999.000
57172.407 18.210 999.000
57172.407 18.213 999.000
57172.407 18.220 999.000
57172.407 18.227 999.000
57172.407 18.231 999.000
57172.407 18.240 999.000
57172.407 18.247 999.000
57173.380 18.208 999.000
57173.380 18.213 999.000
57173.380 18.228 999.000
57173.380 18.231 999.000
57173.380 18.238 999.000
57173.380 18.244 999.000
57173.380 18.249 999.000
57173.380 18.258 999.000
57173.380 18.265 999.000
57174.252 18.224 999.000
57174.252 18.229 999.000
57174.252 18.245 999.000
57174.252 18.248 999.000
57174.252 18.255 999.000
57174.252 18.260 999.000
57174.252 18.265 999.000
57174.252 18.274 999.000
57174.252 18.282 999.000
57175.020 18.238 999.000
57175.020 18.243 999.000
57175.020 18.259 999.000
57175.020 18.262 999.000
57175.020 18.269 999.000
57175.020 18.274 999.000
57175.020 18.279 999.000
57175.020 18.288 999.000
57175.020 18.296 999.000
57176.950 18.274 999.000
57176.950 18.279 999.000
57176.950 18.296 999.000
57176.950 18.298 999.000
57176.950 18.305 999.000
57176.950 18.309 999.000
57176.950 18.315 999.000
57176.950 18.324 999.000
57176.950 18.333 999.000
57178.110 18.296 999.000
57178.110 18.300 999.000
57178.110 18.318 999.000
57178.110 18.319 999.000
57178.110 18.327 999.000
57178.110 18.330 999.000
57178.110 18.336 999.000
57178.110 18.345 999.000
57178.110 18.355 999.000
57179.110 18.314 999.000
57179.110 18.319 999.000
57179.110 18.336 999.000
57179.110 18.337 999.000
57179.110 18.345 999.000
57179.110 18.347 999.000
57179.110 18.354 999.000
57179.110 18.363 999.000
57179.110 18.373 999.000
57179.687 18.325 999.000
57179.687 18.329 999.000
57179.687 18.347 999.000
57179.687 18.348 999.000
57179.687 18.356 999.000
57179.687 18.358 999.000
57179.687 18.365 999.000
57179.687 18.374 999.000
57179.687 18.384 999.000
57182.120 18.370 999.000
57182.120 18.374 999.000
57182.120 18.392 999.000
57182.120 18.393 999.000
57182.120 18.401 999.000
57182.120 18.401 999.000
57182.120 18.409 999.000
57182.120 18.418 999.000
57182.120 18.429 999.000
57183.020 18.387 999.000
57183.020 18.391 999.000
57183.020 18.409 999.000
57183.020 18.409 999.000
57183.020 18.417 999.000
57183.020 18.417 999.000
57183.020 18.425 999.000
57183.020 18.435 999.000
57183.020 18.446 999.000
57184.030 18.405 999.000
57184.030 18.409 999.000
57184.030 18.427 999.000
57184.030 18.428 999.000
57184.030 18.435 999.000
57184.030 18.436 999.000
57184.030 18.444 999.000
57184.030 18.453 999.000
57184.030 18.464 999.000
57184.960 18.422 999.000
57184.960 18.426 999.000
57184.960 18.444 999.000
57184.960 18.445 999.000
57184.960 18.451 999.000
57184.960 18.453 999.000
57184.960 18.460 999.000
57184.960 18.470 999.000
57184.960 18.481 999.000
57185.020 18.424 999.000
57185.020 18.427 999.000
57185.020 18.445 999.000
57185.020 18.446 999.000
57185.020 18.452 999.000
57185.020 18.454 999.000
57185.020 18.461 999.000
57185.020 18.471 999.000
57185.020 18.482 999.000
57185.123 18.425 999.000
57185.123 18.429 999.000
57185.123 18.447 999.000
57185.123 18.448 999.000
57185.123 18.454 999.000
57185.123 18.456 999.000
57185.123 18.463 999.000
57185.123 18.473 999.000
57185.123 18.484 999.000
57185.212 18.427 999.000
57185.212 18.431 999.000
57185.212 18.449 999.000
57185.212 18.449 999.000
57185.212 18.456 999.000
57185.212 18.458 999.000
57185.212 18.465 999.000
57185.212 18.474 999.000
57185.212 18.486 999.000
57186.770 18.456 999.000
57186.770 18.459 999.000
57186.770 18.477 999.000
57186.770 18.478 999.000
57186.770 18.483 999.000
57186.770 18.486 999.000
57186.770 18.493 999.000
57186.770 18.502 999.000
57186.770 18.514 999.000
57190.559 18.525 999.000
57190.559 18.527 999.000
57190.559 18.545 999.000
57190.559 18.547 999.000
57190.559 18.549 999.000
57190.559 18.554 999.000
57190.559 18.560 999.000
57190.559 18.570 999.000
57190.559 18.583 999.000
57192.710 18.564 999.000
57192.710 18.566 999.000
57192.710 18.583 999.000
57192.710 18.586 999.000
57192.710 18.586 999.000
57192.710 18.593 999.000
57192.710 18.598 999.000
57192.710 18.608 999.000
57192.710 18.621 999.000
57195.995 18.623 999.000
57195.995 18.624 999.000
57195.995 18.641 999.000
57195.995 18.642 999.000
57195.995 18.644 999.000
57195.995 18.651 999.000
57195.995 18.655 999.000
57195.995 18.666 999.000
57195.995 18.679 999.000
57199.060 18.677 999.000
57199.060 18.678 999.000
57199.060 18.693 999.000
57199.060 18.695 999.000
57199.060 18.698 999.000
57199.060 18.704 999.000
57199.060 18.708 999.000
57199.060 18.719 999.000
57199.060 18.732 999.000
57199.380 18.683 999.000
57199.380 18.683 999.000
57199.380 18.699 999.000
57199.380 18.700 999.000
57199.380 18.704 999.000
57199.380 18.710 999.000
57199.380 18.713 999.000
57199.380 18.724 999.000
57199.380 18.738 999.000
57201.430 18.719 999.000
57201.430 18.719 999.000
57201.430 18.733 999.000
57201.430 18.736 999.000
57201.430 18.740 999.000
57201.430 18.745 999.000
57201.430 18.748 999.000
57201.430 18.759 999.000
57201.430 18.773 999.000
57205.700 18.792 999.000
57205.700 18.793 999.000
57205.700 18.804 999.000
57205.700 18.809 999.000
57205.700 18.813 999.000
57205.700 18.819 999.000
57205.700 18.820 999.000
57205.700 18.832 999.000
57205.700 18.846 999.000
57206.340 18.803 999.000
57206.340 18.804 999.000
57206.340 18.814 999.000
57206.340 18.819 999.000
57206.340 18.824 999.000
57206.340 18.829 999.000
57206.340 18.831 999.000
57206.340 18.843 999.000
57206.340 18.857 999.000
57206.833 18.812 999.000
57206.833 18.813 999.000
57206.833 18.822 999.000
57206.833 18.828 999.000
57206.833 18.833 999.000
57206.833 18.838 999.000
57206.833 18.839 999.000
57206.833 18.851 999.000
57206.833 18.865 999.000
57206.866 18.812 999.000
57206.866 18.814 999.000
57206.866 18.823 999.000
57206.866 18.828 999.000
57206.866 18.833 999.000
57206.866 18.838 999.000
57206.866 18.840 999.000
57206.866 18.851 999.000
57206.866 18.866 999.000
57210.040 18.866 999.000
57210.040 18.868 999.000
57210.040 18.874 999.000
57210.040 18.882 999.000
57210.040 18.887 999.000
57210.040 18.892 999.000
57210.040 18.892 999.000
57210.040 18.904 999.000
57210.040 18.919 999.000
57212.302 18.904 999.000
57212.302 18.906 999.000
57212.302 18.911 999.000
57212.302 18.919 999.000
57212.302 18.925 999.000
57212.302 18.929 999.000
57212.302 18.929 999.000
57212.302 18.942 999.000
57212.302 18.956 999.000
57212.390 18.905 999.000
57212.390 18.908 999.000
57212.390 18.912 999.000
57212.390 18.921 999.000
57212.390 18.926 999.000
57212.390 18.931 999.000
57212.390 18.931 999.000
57212.390 18.943 999.000
57212.390 18.958 999.000
57217.730 18.993 999.000
57217.730 18.997 999.000
57217.730 18.997 999.000
57217.730 19.008 999.000
57217.730 19.014 999.000
57217.730 19.017 999.000
57217.730 19.018 999.000
57217.730 19.030 999.000
57217.730 19.045 999.000
57217.738 18.993 999.000
57217.738 18.997 999.000
57217.738 18.998 999.000
57217.738 19.008 999.000
57217.738 19.015 999.000
57217.738 19.017 999.000
57217.738 19.018 999.000
57217.738 19.030 999.000
57217.738 19.045 999.000
57221.000 19.046 999.000
57221.000 19.048 999.000
57221.000 19.051 999.000
57221.000 19.061 999.000
57221.000 19.068 999.000
57221.000 19.069 999.000
57221.000 19.071 999.000
57221.000 19.083 999.000
57221.000 19.098 999.000
57223.173 19.081 999.000
57223.173 19.082 999.000
57223.173 19.087 999.000
57223.173 19.096 999.000
57223.173 19.103 999.000
57223.173 19.103 999.000
57223.173 19.106 999.000
57223.173 19.117 999.000
57223.173 19.132 999.000
57228.609 19.165 999.000
57228.609 19.168 999.000
57228.609 19.174 999.000
57228.609 19.181 999.000
57228.609 19.188 999.000
57228.609 19.189 999.000
57228.609 19.192 999.000
57228.609 19.202 999.000
57228.609 19.217 999.000
57230.350 19.192 999.000
57230.350 19.195 999.000
57230.350 19.202 999.000
57230.350 19.208 999.000
57230.350 19.215 999.000
57230.350 19.216 999.000
57230.350 19.219 999.000
57230.350 19.229 999.000
57230.350 19.244 999.000
57232.370 19.222 999.000
57232.370 19.226 999.000
57232.370 19.234 999.000
57232.370 19.240 999.000
57232.370 19.246 999.000
57232.370 19.247 999.000
57232.370 19.250 999.000
57232.370 19.260 999.000
57232.370 19.276 999.000
57234.045 19.247 999.000
57234.045 19.252 999.000
57234.045 19.260 999.000
57234.045 19.265 999.000
57234.045 19.271 999.000
57234.045 19.273 999.000
57234.045 19.276 999.000
57234.045 19.286 999.000
57234.045 19.301 999.000
57236.710 19.287 999.000
57236.710 19.293 999.000
57236.710 19.301 999.000
57236.710 19.306 999.000
57236.710 19.311 999.000
57236.710 19.314 999.000
57236.710 19.316 999.000
57236.710 19.326 999.000
57236.710 19.342 999.000
57239.481 19.328 999.000
57239.481 19.335 999.000
57239.481 19.344 999.000
57239.481 19.348 999.000
57239.481 19.353 999.000
57239.481 19.356 999.000
57239.481 19.358 999.000
57239.481 19.368 999.000
57239.481 19.383 999.000
57244.916 19.407 999.000
57244.916 19.416 999.000
57244.916 19.426 999.000
57244.916 19.429 999.000
57244.916 19.433 999.000
57244.916 19.437 999.000
57244.916 19.439 999.000
57244.916 19.448 999.000
57244.916 19.464 999.000
57250.352 19.484 999.000
57250.352 19.496 999.000
57250.352 19.507 999.000
57250.352 19.508 999.000
57250.352 19.511 999.000
57250.352 19.517 999.000
57250.352 19.519 999.000
57250.352 19.528 999.000
57250.352 19.543 999.000
57255.788 19.561 999.000
57255.788 19.574 999.000
57255.788 19.586 999.000
57255.788 19.586 999.000
57255.788 19.589 999.000
57255.788 19.596 999.000
57255.788 19.597 999.000
57255.788 19.605 999.000
57255.788 19.621 999.000
57261.224 19.636 999.000
57261.224 19.651 999.000
57261.224 19.663 999.000
57261.224 19.664 999.000
57261.224 19.665 999.000
57261.224 19.673 999.000
57261.224 19.674 999.000
57261.224 19.682 999.000
57261.224 19.698 999.000
57266.659 19.709 999.000
57266.659 19.727 999.000
57266.659 19.738 999.000
57266.659 19.740 999.000
57266.659 19.740 999.000
57266.659 19.748 999.000
57266.659 19.749 999.000
57266.659 19.757 999.000
57266.659 19.774 999.000
57272.095 19.782 999.000
57272.095 19.801 999.000
57272.095 19.812 999.000
57272.095 19.813 999.000
57272.095 19.815 999.000
57272.095 19.823 999.000
57272.095 19.823 999.000
57272.095 19.831 999.000
57272.095 19.848 999.000
57277.531 19.854 999.000
57277.531 19.874 999.000
57277.531 19.885 999.000
57277.531 19.886 999.000
57277.531 19.889 999.000
57277.531 19.896 999.000
57277.531 19.896 999.000
57277.531 19.904 999.000
57277.531 19.921 999.000
57282.967 19.924 999.000
57282.967 19.946 999.000
57282.967 19.957 999.000
57282.967 19.957 999.000
57282.967 19.962 999.000
57282.967 19.968 999.000
57282.967 19.968 999.000
57282.967 19.975 999.000
57282.967 19.993 999.000
57288.402 19.994 999.000
57288.402 20.017 999.000
57288.402 20.027 999.000
57288.402 20.028 999.000
57288.402 20.033 999.000
57288.402 20.039 999.000
57288.402 20.039 999.000
57288.402 20.046 999.000
57288.402 20.064 999.000
57293.838 20.062 999.000
57293.838 20.086 999.000
57293.838 20.096 999.000
57293.838 20.097 999.000
57293.838 20.103 999.000
57293.838 20.108 999.000
57293.838 20.109 999.000
57293.838 20.115 999.000
57293.838 20.133 999.000
57299.274 20.129 999.000
57299.274 20.155 999.000
57299.274 20.164 999.000
57299.274 20.166 999.000
57299.274 20.172 999.000
57299.274 20.177 999.000
57299.274 20.178 999.000
57299.274 20.184 999.000
57299.274 20.202 999.000
57304.710 20.196 999.000
57304.710 20.222 999.000
57304.710 20.231 999.000
57304.710 20.233 999.000
57304.710 20.240 999.000
57304.710 20.245 999.000
57304.710 20.245 999.000
57304.710 20.251 999.000
57304.710 20.270 999.000
57310.145 20.261 999.000
57310.145 20.289 999.000
57310.145 20.297 999.000
57310.145 20.300 999.000
57310.145 20.307 999.000
57310.145 20.311 999.000
57310.145 20.312 999.000
57310.145 20.317 999.000
57310.145 20.337 999.000
57315.581 20.326 999.000
57315.581 20.354 999.000
57315.581 20.363 999.000
57315.581 20.365 999.000
57315.581 20.373 999.000
57315.581 20.377 999.000
57315.581 20.378 999.000
57315.581 20.383 999.000
57315.581 20.402 999.000
57321.017 20.389 999.000
57321.017 20.419 999.000
57321.017 20.427 999.000
57321.017 20.430 999.000
57321.017 20.438 999.000
57321.017 20.442 999.000
57321.017 20.442 999.000
57321.017 20.448 999.000
57321.017 20.467 999.000
57326.453 20.452 999.000
57326.453 20.482 999.000
57326.453 20.490 999.000
57326.453 20.494 999.000
57326.453 20.502 999.000
57326.453 20.505 999.000
57326.453 20.506 999.000
57326.453 20.511 999.000
57326.453 20.531 999.000
57330.722 20.500 999.000
57330.722 20.532 999.000
57330.722 20.539 999.000
57330.722 20.543 999.000
57330.722 20.551 999.000
57330.722 20.555 999.000
57330.722 20.556 999.000
57330.722 20.561 999.000
57330.722 20.581 999.000
57331.888 20.514 999.000
57331.888 20.545 999.000
57331.888 20.553 999.000
57331.888 20.557 999.000
57331.888 20.565 999.000
57331.888 20.568 999.000
57331.888 20.569 999.000
57331.888 20.574 999.000
57331.888 20.594 999.000
57335.787 20.558 999.000
57335.787 20.589 999.000
57335.787 20.597 999.000
57335.787 20.601 999.000
57335.787 20.609 999.000
57335.787 20.613 999.000
57335.787 20.614 999.000
57335.787 20.619 999.000
57335.787 20.639 999.000
57337.324 20.575 999.000
57337.324 20.607 999.000
57337.324 20.614 999.000
57337.324 20.619 999.000
57337.324 20.627 999.000
57337.324 20.631 999.000
57337.324 20.631 999.000
57337.324 20.636 999.000
57337.324 20.657 999.000
57342.760 20.635 999.000
57342.760 20.668 999.000
57342.760 20.675 999.000
57342.760 20.680 999.000
57342.760 20.688 999.000
57342.760 20.692 999.000
57342.760 20.693 999.000
57342.760 20.697 999.000
57342.760 20.718 999.000
57348.196 20.694 999.000
57348.196 20.728 999.000
57348.196 20.735 999.000
57348.196 20.740 999.000
57348.196 20.749 999.000
57348.196 20.752 999.000
57348.196 20.753 999.000
57348.196 20.757 999.000
57348.196 20.779 999.000
57353.632 20.753 999.000
57353.632 20.787 999.000
57353.632 20.794 999.000
57353.632 20.800 999.000
57353.632 20.809 999.000
57353.632 20.812 999.000
57353.632 20.813 999.000
57353.632 20.817 999.000
57353.632 20.838 999.000
57359.067 20.811 999.000
57359.067 20.846 999.000
57359.067 20.853 999.000
57359.067 20.858 999.000
57359.067 20.868 999.000
57359.067 20.870 999.000
57359.067 20.872 999.000
57359.067 20.876 999.000
57359.067 20.898 999.000
57364.503 20.868 999.000
57364.503 20.904 999.000
57364.503 20.911 999.000
57364.503 20.916 999.000
57364.503 20.926 999.000
57364.503 20.929 999.000
57364.503 20.930 999.000
57364.503 20.934 999.000
57364.503 20.956 999.000
57369.939 20.924 999.000
57369.939 20.961 999.000
57369.939 20.968 999.000
57369.939 20.974 999.000
57369.939 20.983 999.000
57369.939 20.986 999.000
57369.939 20.987 999.000
57369.939 20.991 999.000
57369.939 21.013 999.000
57373.330 20.959 999.000
57373.330 20.996 999.000
57373.330 21.003 999.000
57373.330 21.009 999.000
57373.330 21.019 999.000
57373.330 21.021 999.000
57373.330 21.023 999.000
57373.330 21.026 999.000
57373.330 21.049 999.000
57375.375 20.980 999.000
57375.375 21.018 999.000
57375.375 21.024 999.000
57375.375 21.030 999.000
57375.375 21.040 999.000
57375.375 21.042 999.000
57375.375 21.044 999.000
57375.375 21.047 999.000
57375.375 21.070 999.000
57378.080 21.008 999.000
57378.080 21.045 999.000
57378.080 21.052 999.000
57378.080 21.058 999.000
57378.080 21.068 999.000
57378.080 21.070 999.000
57378.080 21.072 999.000
57378.080 21.075 999.000
57378.080 21.098 999.000
57379.200 21.019 999.000
57379.200 21.057 999.000
57379.200 21.063 999.000
57379.200 21.070 999.000
57379.200 21.079 999.000
57379.200 21.082 999.000
57379.200 21.083 999.000
57379.200 21.087 999.000
57379.200 21.110 999.000
57380.810 21.035 999.000
57380.810 21.073 999.000
57380.810 21.080 999.000
57380.810 21.086 999.000
57380.810 21.096 999.000
57380.810 21.098 999.000
57380.810 21.100 999.000
57380.810 21.103 999.000
57380.810 21.126 999.000
57386.246 21.090 999.000
57386.246 21.128 999.000
57386.246 21.135 999.000
57386.246 21.142 999.000
57386.246 21.151 999.000
57386.246 21.154 999.000
57386.246 21.155 999.000
57386.246 21.159 999.000
57386.246 21.182 999.000
57391.682 21.143 999.000
57391.682 21.183 999.000
57391.682 21.189 999.000
57391.682 21.196 999.000
57391.682 21.206 999.000
57391.682 21.208 999.000
57391.682 21.210 999.000
57391.682 21.213 999.000
57391.682 21.237 999.000
57397.118 21.197 999.000
57397.118 21.236 999.000
57397.118 21.242 999.000
57397.118 21.250 999.000
57397.118 21.260 999.000
57397.118 21.262 999.000
57397.118 21.264 999.000
57397.118 21.267 999.000
57397.118 21.291 999.000
57401.580 21.240 999.000
57401.580 21.280 999.000
57401.580 21.286 999.000
57401.580 21.294 999.000
57401.580 21.304 999.000
57401.580 21.306 999.000
57401.580 21.308 999.000
57401.580 21.311 999.000
57401.580 21.335 999.000
57402.553 21.249 999.000
57402.553 21.289 999.000
57402.553 21.295 999.000
57402.553 21.303 999.000
57402.553 21.313 999.000
57402.553 21.315 999.000
57402.553 21.317 999.000
57402.553 21.320 999.000
57402.553 21.344 999.000
57403.500 21.258 999.000
57403.500 21.299 999.000
57403.500 21.305 999.000
57403.500 21.312 999.000
57403.500 21.322 999.000
57403.500 21.324 999.000
57403.500 21.327 999.000
57403.500 21.329 999.000
57403.500 21.354 999.000
57404.300 21.266 999.000
57404.300 21.306 999.000
57404.300 21.312 999.000
57404.300 21.320 999.000
57404.300 21.330 999.000
57404.300 21.332 999.000
57404.300 21.334 999.000
57404.300 21.337 999.000
57404.300 21.361 999.000
57407.989 21.301 999.000
57407.989 21.342 999.000
57407.989 21.348 999.000
57407.989 21.356 999.000
57407.989 21.366 999.000
57407.989 21.368 999.000
57407.989 21.370 999.000
57407.989 21.373 999.000
57407.989 21.397 999.000
57409.470 21.315 999.000
57409.470 21.356 999.000
57409.470 21.362 999.000
57409.470 21.370 999.000
57409.470 21.380 999.000
57409.470 21.382 999.000
57409.470 21.384 999.000
57409.470 21.387 999.000
57409.470 21.412 999.000
57413.425 21.352 999.000
57413.425 21.394 999.000
57413.425 21.400 999.000
57413.425 21.408 999.000
57413.425 21.418 999.000
57413.425 21.420 999.000
57413.425 21.422 999.000
57413.425 21.425 999.000
57413.425 21.450 999.000
57418.861 21.403 999.000
57418.861 21.445 999.000
57418.861 21.451 999.000
57418.861 21.459 999.000
57418.861 21.469 999.000
57418.861 21.471 999.000
57418.861 21.474 999.000
57418.861 21.476 999.000
57418.861 21.501 999.000
57423.220 21.443 999.000
57423.220 21.486 999.000
57423.220 21.491 999.000
57423.220 21.500 999.000
57423.220 21.510 999.000
57423.220 21.512 999.000
57423.220 21.515 999.000
57423.220 21.517 999.000
57423.220 21.542 999.000
57423.520 21.446 999.000
57423.520 21.488 999.000
57423.520 21.494 999.000
57423.520 21.503 999.000
57423.520 21.513 999.000
57423.520 21.515 999.000
57423.520 21.517 999.000
57423.520 21.520 999.000
57423.520 21.545 999.000
57424.296 21.453 999.000
57424.296 21.496 999.000
57424.296 21.501 999.000
57424.296 21.510 999.000
57424.296 21.520 999.000
57424.296 21.522 999.000
57424.296 21.525 999.000
57424.296 21.527 999.000
57424.296 21.552 999.000
57425.630 21.465 999.000
57425.630 21.508 999.000
57425.630 21.514 999.000
57425.630 21.523 999.000
57425.630 21.533 999.000
57425.630 21.534 999.000
57425.630 21.537 999.000
57425.630 21.539 999.000
57425.630 21.565 999.000
57429.732 21.503 999.000
57429.732 21.546 999.000
57429.732 21.551 999.000
57429.732 21.561 999.000
57429.732 21.570 999.000
57429.732 21.572 999.000
57429.732 21.575 999.000
57429.732 21.577 999.000
57429.732 21.603 999.000
57433.210 21.534 999.000
57433.210 21.578 999.000
57433.210 21.583 999.000
57433.210 21.592 999.000
57433.210 21.602 999.000
57433.210 21.604 999.000
57433.210 21.607 999.000
57433.210 21.609 999.000
57433.210 21.635 999.000
57433.550 21.537 999.000
57433.550 21.581 999.000
57433.550 21.586 999.000
57433.550 21.596 999.000
57433.550 21.605 999.000
57433.550 21.607 999.000
57433.550 21.610 999.000
57433.550 21.612 999.000
57433.550 21.638 999.000
57435.168 21.552 999.000
57435.168 21.595 999.000
57435.168 21.601 999.000
57435.168 21.610 999.000
57435.168 21.620 999.000
57435.168 21.622 999.000
57435.168 21.625 999.000
57435.168 21.627 999.000
57435.168 21.653 999.000
57437.720 21.574 999.000
57437.720 21.618 999.000
57437.720 21.624 999.000
57437.720 21.633 999.000
57437.720 21.643 999.000
57437.720 21.645 999.000
57437.720 21.648 999.000
57437.720 21.650 999.000
57437.720 21.676 999.000
57440.604 21.600 999.000
57440.604 21.644 999.000
57440.604 21.650 999.000
57440.604 21.659 999.000
57440.604 21.669 999.000
57440.604 21.671 999.000
57440.604 21.674 999.000
57440.604 21.676 999.000
57440.604 21.702 999.000
57444.240 21.632 999.000
57444.240 21.677 999.000
57444.240 21.682 999.000
57444.240 21.692 999.000
57444.240 21.702 999.000
57444.240 21.704 999.000
57444.240 21.707 999.000
57444.240 21.709 999.000
57444.240 21.735 999.000
57446.039 21.648 999.000
57446.039 21.693 999.000
57446.039 21.698 999.000
57446.039 21.708 999.000
57446.039 21.718 999.000
57446.039 21.720 999.000
57446.039 21.723 999.000
57446.039 21.725 999.000
57446.039 21.751 999.000
57450.520 21.687 999.000
57450.520 21.732 999.000
57450.520 21.738 999.000
57450.520 21.748 999.000
57450.520 21.758 999.000
57450.520 21.759 999.000
57450.520 21.763 999.000
57450.520 21.764 999.000
57450.520 21.791 999.000
57451.475 21.695 999.000
57451.475 21.741 999.000
57451.475 21.746 999.000
57451.475 21.756 999.000
57451.475 21.766 999.000
57451.475 21.768 999.000
57451.475 21.771 999.000
57451.475 21.773 999.000
57451.475 21.800 999.000
57456.270 21.737 999.000
57456.270 21.783 999.000
57456.270 21.788 999.000
57456.270 21.798 999.000
57456.270 21.808 999.000
57456.270 21.810 999.000
57456.270 21.813 999.000
57456.270 21.815 999.000
57456.270 21.842 999.000
57456.911 21.742 999.000
57456.911 21.788 999.000
57456.911 21.794 999.000
57456.911 21.804 999.000
57456.911 21.814 999.000
57456.911 21.815 999.000
57456.911 21.819 999.000
57456.911 21.820 999.000
57456.911 21.847 999.000
57458.570 21.757 999.000
57458.570 21.803 999.000
57458.570 21.808 999.000
57458.570 21.818 999.000
57458.570 21.828 999.000
57458.570 21.830 999.000
57458.570 21.833 999.000
57458.570 21.835 999.000
57458.570 21.862 999.000
57462.347 21.789 999.000
57462.347 21.835 999.000
57462.347 21.840 999.000
57462.347 21.851 999.000
57462.347 21.861 999.000
57462.347 21.862 999.000
57462.347 21.866 999.000
57462.347 21.867 999.000
57462.347 21.895 999.000
57465.530 21.816 999.000
57465.530 21.862 999.000
57465.530 21.868 999.000
57465.530 21.878 999.000
57465.530 21.888 999.000
57465.530 21.890 999.000
57465.530 21.893 999.000
57465.530 21.895 999.000
57465.530 21.922 999.000
57467.782 21.835 999.000
57467.782 21.882 999.000
57467.782 21.887 999.000
57467.782 21.898 999.000
57467.782 21.908 999.000
57467.782 21.909 999.000
57467.782 21.912 999.000
57467.782 21.914 999.000
57467.782 21.942 999.000
57473.218 21.880 999.000
57473.218 21.928 999.000
57473.218 21.933 999.000
57473.218 21.944 999.000
57473.218 21.954 999.000
57473.218 21.955 999.000
57473.218 21.959 999.000
57473.218 21.960 999.000
57473.218 21.988 999.000
57478.654 21.925 999.000
57478.654 21.973 999.000
57478.654 21.978 999.000
57478.654 21.989 999.000
57478.654 21.999 999.000
57478.654 22.000 999.000
57478.654 22.004 999.000
57478.654 22.006 999.000
57478.654 22.034 999.000
57484.090 21.970 999.000
57484.090 22.018 999.000
57484.090 22.023 999.000
57484.090 22.035 999.000
57484.090 22.045 999.000
57484.090 22.046 999.000
57484.090 22.050 999.000
57484.090 22.051 999.000
57484.090 22.079 999.000
57488.150 22.003 999.000
57488.150 22.051 999.000
57488.150 22.057 999.000
57488.150 22.068 999.000
57488.150 22.078 999.000
57488.150 22.079 999.000
57488.150 22.083 999.000
57488.150 22.084 999.000
57488.150 22.113 999.000
57489.525 22.014 999.000
57489.525 22.063 999.000
57489.525 22.068 999.000
57489.525 22.079 999.000
57489.525 22.089 999.000
57489.525 22.090 999.000
57489.525 22.094 999.000
57489.525 22.096 999.000
57489.525 22.124 999.000
57492.140 22.035 999.000
57492.140 22.084 999.000
57492.140 22.089 999.000
57492.140 22.101 999.000
57492.140 22.111 999.000
57492.140 22.112 999.000
57492.140 22.116 999.000
57492.140 22.117 999.000
57492.140 22.146 999.000
57494.961 22.058 999.000
57494.961 22.107 999.000
57494.961 22.112 999.000
57494.961 22.124 999.000
57494.961 22.134 999.000
57494.961 22.135 999.000
57494.961 22.139 999.000
57494.961 22.140 999.000
57494.961 22.169 999.000
57500.397 22.101 999.000
57500.397 22.150 999.000
57500.397 22.156 999.000
57500.397 22.168 999.000
57500.397 22.178 999.000
57500.397 22.178 999.000
57500.397 22.183 999.000
57500.397 22.184 999.000
57500.397 22.213 999.000
57505.833 22.144 999.000
57505.833 22.194 999.000
57505.833 22.199 999.000
57505.833 22.211 999.000
57505.833 22.221 999.000
57505.833 22.222 999.000
57505.833 22.226 999.000
57505.833 22.227 999.000
57505.833 22.256 999.000
57511.268 22.186 999.000
57511.268 22.237 999.000
57511.268 22.242 999.000
57511.268 22.254 999.000
57511.268 22.264 999.000
57511.268 22.265 999.000
57511.268 22.269 999.000
57511.268 22.270 999.000
57511.268 22.299 999.000
57516.704 22.228 999.000
57516.704 22.279 999.000
57516.704 22.284 999.000
57516.704 22.297 999.000
57516.704 22.307 999.000
57516.704 22.307 999.000
57516.704 22.312 999.000
57516.704 22.313 999.000
57516.704 22.342 999.000
57522.140 22.270 999.000
57522.140 22.321 999.000
57522.140 22.326 999.000
57522.140 22.339 999.000
57522.140 22.349 999.000
57522.140 22.349 999.000
57522.140 22.354 999.000
57522.140 22.355 999.000
57522.140 22.385 999.000
