57074.210 16.910
57079.340 16.860
57080.330 16.800
57081.330 16.830
57082.240 16.810
57084.240 16.810
57085.260 16.750
57091.976 16.761
57091.977 16.648
57091.979 16.779
57093.913 16.763
57093.915 16.702
57093.916 16.749
57094.290 16.710
57095.270 16.710
57095.939 16.741
57095.940 16.799
57095.942 16.702
57096.917 16.776
57096.920 16.679
57097.210 16.640
57097.902 16.815
57097.903 16.787
57097.905 16.727
57098.210 16.650
57099.250 16.640
57101.310 16.690
57104.180 16.680
57109.985 16.823
57109.987 16.792
57110.210 16.710
57113.290 16.720
57117.250 16.850
57120.210 16.840
57120.880 16.994
57120.882 16.985
57120.883 16.916
57121.880 16.995
57121.882 16.936
57121.883 17.012
57123.898 17.026
57123.899 16.985
57123.901 17.089
57126.180 16.930
57127.918 17.036
57127.919 17.100
57127.921 17.020
57128.160 16.970
57128.870 16.994
57128.871 17.037
57128.873 17.024
57130.086 17.047
57130.088 17.062
57130.089 17.032
57134.240 17.100
57134.910 17.187
57134.911 17.200
57134.913 17.243
57135.892 17.218
57135.893 17.199
57135.895 17.242
57136.913 17.206
57136.914 17.246
57136.916 17.179
57137.210 17.150
57139.210 17.160
57141.170 17.270
57152.160 17.240
57155.150 17.220
57160.050 17.380
57161.010 17.440
57171.893 17.655
57171.894 17.846
57171.896 17.705
57175.020 17.530
57178.110 17.790
57182.120 17.720
57183.020 17.830
57184.030 17.880
57185.020 17.780
57190.906 17.994
57190.908 18.098
57190.909 18.265
57193.906 18.083
57193.908 18.140
57193.910 18.115
57199.060 17.960
57210.040 18.100
57221.000 18.380
56984.000 53.088
56984.000 53.088
56984.000 53.390
56984.000 53.390
56984.000 53.398
56984.000 53.398
56984.000 53.485
56984.000 53.485
56984.000 53.505
56984.000 53.505
56984.000 53.543
56984.000 53.543
56984.000 53.543
56984.000 53.543
56984.000 53.557
56984.000 53.557
56984.000 53.776
56984.000 53.776
56989.436 53.088
56989.436 53.088
56989.436 53.390
56989.436 53.390
56989.436 53.398
56989.436 53.398
56989.436 53.485
56989.436 53.485
56989.436 53.505
56989.436 53.505
56989.436 53.543
56989.436 53.543
56989.436 53.543
56989.436 53.543
56989.436 53.557
56989.436 53.557
56989.436 53.776
56989.436 53.776
56994.872 53.088
56994.872 53.088
56994.872 53.390
56994.872 53.390
56994.872 53.398
56994.872 53.398
56994.872 53.485
56994.872 53.485
56994.872 53.505
56994.872 53.505
56994.872 53.543
56994.872 53.543
56994.872 53.543
56994.872 53.543
56994.872 53.557
56994.872 53.557
56994.872 53.776
56994.872 53.776
57000.307 21.713
57000.307 21.713
57000.307 21.817
57000.307 21.817
57000.307 21.991
57000.307 21.991
57000.307 24.150
57000.307 24.150
57000.307 24.348
57000.307 24.348
57000.307 24.586
57000.307 24.586
57000.307 24.759
57000.307 24.759
57000.307 53.543
57000.307 53.543
57000.307 53.776
57000.307 53.776
57005.743 20.189
57005.743 20.189
57005.743 20.237
57005.743 20.237
57005.743 20.289
57005.743 20.289
57005.743 20.942
57005.743 20.942
57005.743 20.952
57005.743 20.952
57005.743 20.965
57005.743 20.965
57005.743 21.006
57005.743 21.006
57005.743 21.448
57005.743 21.448
57005.743 21.727
57005.743 21.727
57011.179 19.358
57011.179 19.358
57011.179 19.384
57011.179 19.384
57011.179 19.401
57011.179 19.401
57011.179 19.724
57011.179 19.724
57011.179 19.763
57011.179 19.763
57011.179 19.774
57011.179 19.774
57011.179 19.792
57011.179 19.792
57011.179 20.008
57011.179 20.008
57011.179 20.210
57011.179 20.210
57014.000 19.044
57014.000 19.044
57014.000 19.063
57014.000 19.063
57014.000 19.070
57014.000 19.070
57014.000 19.309
57014.000 19.309
57014.000 19.355
57014.000 19.355
57014.000 19.365
57014.000 19.365
57014.000 19.378
57014.000 19.378
57014.000 19.543
57014.000 19.543
57014.000 19.726
57014.000 19.726
57014.070 19.037
57014.070 19.037
57014.070 19.056
57014.070 19.056
57014.070 19.062
57014.070 19.062
57014.070 19.300
57014.070 19.300
57014.070 19.346
57014.070 19.346
57014.070 19.356
57014.070 19.356
57014.070 19.369
57014.070 19.369
57014.070 19.533
57014.070 19.533
57014.070 19.716
57014.070 19.716
57016.615 18.798
57016.615 18.798
57016.615 18.811
57016.615 18.811
57016.615 18.811
57016.615 18.811
57016.615 18.996
57016.615 18.996
57016.615 19.046
57016.615 19.046
57016.615 19.056
57016.615 19.056
57016.615 19.065
57016.615 19.065
57016.615 19.198
57016.615 19.198
57016.615 19.367
57016.615 19.367
57022.050 18.378
57022.050 18.378
57022.050 18.383
57022.050 18.383
57022.050 18.387
57022.050 18.387
57022.050 18.491
57022.050 18.491
57022.050 18.541
57022.050 18.541
57022.050 18.553
57022.050 18.553
57022.050 18.557
57022.050 18.557
57022.050 18.646
57022.050 18.646
57022.050 18.792
57022.050 18.792
57027.486 18.042
57027.486 18.042
57027.486 18.057
57027.486 18.057
57027.486 18.059
57027.486 18.059
57027.486 18.112
57027.486 18.112
57027.486 18.159
57027.486 18.159
57027.486 18.173
57027.486 18.173
57027.486 18.173
57027.486 18.173
57027.486 18.236
57027.486 18.236
57027.486 18.364
57027.486 18.364
57032.922 17.772
57032.922 17.772
57032.922 17.791
57032.922 17.791
57032.922 17.798
57032.922 17.798
57032.922 17.815
57032.922 17.815
57032.922 17.857
57032.922 17.857
57032.922 17.872
57032.922 17.872
57032.922 17.874
57032.922 17.874
57032.922 17.915
57032.922 17.915
57032.922 18.029
57032.922 18.029
57033.490 17.747
57033.490 17.747
57033.490 17.766
57033.490 17.766
57033.490 17.774
57033.490 17.774
57033.490 17.787
57033.490 17.787
57033.490 17.829
57033.490 17.829
57033.490 17.844
57033.490 17.844
57033.490 17.846
57033.490 17.846
57033.490 17.886
57033.490 17.886
57033.490 17.998
57033.490 17.998
57038.358 17.552
57038.358 17.552
57038.358 17.573
57038.358 17.573
57038.358 17.576
57038.358 17.576
57038.358 17.583
57038.358 17.583
57038.358 17.613
57038.358 17.613
57038.358 17.628
57038.358 17.628
57038.358 17.632
57038.358 17.632
57038.358 17.658
57038.358 17.658
57038.358 17.759
57038.358 17.759
57042.030 17.425
57042.030 17.425
57042.030 17.440
57042.030 17.440
57042.030 17.446
57042.030 17.446
57042.030 17.459
57042.030 17.459
57042.030 17.473
57042.030 17.473
57042.030 17.489
57042.030 17.489
57042.030 17.494
57042.030 17.494
57042.030 17.511
57042.030 17.511
57042.030 17.605
57042.030 17.605
57043.793 17.369
57043.793 17.369
57043.793 17.381
57043.793 17.381
57043.793 17.391
57043.793 17.391
57043.793 17.405
57043.793 17.405
57043.793 17.412
57043.793 17.412
57043.793 17.428
57043.793 17.428
57043.793 17.433
57043.793 17.433
57043.793 17.447
57043.793 17.447
57043.793 17.538
57043.793 17.538
57048.700 17.230
57048.700 17.230
57048.700 17.234
57048.700 17.234
57048.700 17.252
57048.700 17.252
57048.700 17.260
57048.700 17.260
57048.700 17.268
57048.700 17.268
57048.700 17.277
57048.700 17.277
57048.700 17.283
57048.700 17.283
57048.700 17.288
57048.700 17.288
57048.700 17.370
57048.700 17.370
57049.229 17.216
57049.229 17.216
57049.229 17.220
57049.229 17.220
57049.229 17.238
57049.229 17.238
57049.229 17.245
57049.229 17.245
57049.229 17.255
57049.229 17.255
57049.229 17.262
57049.229 17.262
57049.229 17.268
57049.229 17.268
57049.229 17.272
57049.229 17.272
57049.229 17.354
57049.229 17.354
57049.700 17.204
57049.700 17.204
57049.700 17.207
57049.700 17.207
57049.700 17.226
57049.700 17.226
57049.700 17.232
57049.700 17.232
57049.700 17.243
57049.700 17.243
57049.700 17.249
57049.700 17.249
57049.700 17.255
57049.700 17.255
57049.700 17.259
57049.700 17.259
57049.700 17.339
57049.700 17.339
57051.470 17.160
57051.470 17.160
57051.470 17.162
57051.470 17.162
57051.470 17.183
57051.470 17.183
57051.470 17.184
57051.470 17.184
57051.470 17.200
57051.470 17.200
57051.470 17.202
57051.470 17.202
57051.470 17.208
57051.470 17.208
57051.470 17.209
57051.470 17.209
57051.470 17.287
57051.470 17.287
57053.500 17.113
57053.500 17.113
57053.500 17.113
57053.500 17.113
57053.500 17.133
57053.500 17.133
57053.500 17.136
57053.500 17.136
57053.500 17.151
57053.500 17.151
57053.500 17.154
57053.500 17.154
57053.500 17.156
57053.500 17.156
57053.500 17.157
57053.500 17.157
57053.500 17.230
57053.500 17.230
57054.665 17.087
57054.665 17.087
57054.665 17.088
57054.665 17.088
57054.665 17.105
57054.665 17.105
57054.665 17.110
57054.665 17.110
57054.665 17.123
57054.665 17.123
57054.665 17.127
57054.665 17.127
57054.665 17.128
57054.665 17.128
57054.665 17.130
57054.665 17.130
57054.665 17.200
57054.665 17.200
57060.101 16.977
57060.101 16.977
57060.101 16.980
57060.101 16.980
57060.101 16.989
57060.101 16.989
57060.101 17.002
57060.101 17.002
57060.101 17.007
57060.101 17.007
57060.101 17.008
57060.101 17.008
57060.101 17.015
57060.101 17.015
57060.101 17.022
57060.101 17.022
57060.101 17.071
57060.101 17.071
57065.536 16.886
57065.536 16.886
57065.536 16.891
57065.536 16.891
57065.536 16.893
57065.536 16.893
57065.536 16.906
57065.536 16.906
57065.536 16.912
57065.536 16.912
57065.536 16.912
57065.536 16.912
57065.536 16.919
57065.536 16.919
57065.536 16.933
57065.536 16.933
57065.536 16.964
57065.536 16.964
57068.470 16.845
57068.470 16.845
57068.470 16.849
57068.470 16.849
57068.470 16.849
57068.470 16.849
57068.470 16.860
57068.470 16.860
57068.470 16.868
57068.470 16.868
57068.470 16.870
57068.470 16.870
57068.470 16.875
57068.470 16.875
57068.470 16.891
57068.470 16.891
57068.470 16.914
57068.470 16.914
57068.970 16.839
57068.970 16.839
57068.970 16.842
57068.970 16.842
57068.970 16.843
57068.970 16.843
57068.970 16.853
57068.970 16.853
57068.970 16.861
57068.970 16.861
57068.970 16.863
57068.970 16.863
57068.970 16.868
57068.970 16.868
57068.970 16.884
57068.970 16.884
57068.970 16.906
57068.970 16.906
57069.450 16.832
57069.450 16.832
57069.450 16.835
57069.450 16.835
57069.450 16.836
57069.450 16.836
57069.450 16.846
57069.450 16.846
57069.450 16.854
57069.450 16.854
57069.450 16.857
57069.450 16.857
57069.450 16.861
57069.450 16.861
57069.450 16.878
57069.450 16.878
57069.450 16.898
57069.450 16.898
57070.972 16.814
57070.972 16.814
57070.972 16.815
57070.972 16.815
57070.972 16.817
57070.972 16.817
57070.972 16.825
57070.972 16.825
57070.972 16.834
57070.972 16.834
57070.972 16.837
57070.972 16.837
57070.972 16.841
57070.972 16.841
57070.972 16.859
57070.972 16.859
57070.972 16.876
57070.972 16.876
57071.600 16.806
57071.600 16.806
57071.600 16.807
57071.600 16.807
57071.600 16.810
57071.600 16.810
57071.600 16.816
57071.600 16.816
57071.600 16.826
57071.600 16.826
57071.600 16.830
57071.600 16.830
57071.600 16.832
57071.600 16.832
57071.600 16.851
57071.600 16.851
57071.600 16.867
57071.600 16.867
57072.394 16.797
57072.394 16.797
57072.394 16.797
57072.394 16.797
57072.394 16.801
57072.394 16.801
57072.394 16.806
57072.394 16.806
57072.394 16.816
57072.394 16.816
57072.394 16.820
57072.394 16.820
57072.394 16.823
57072.394 16.823
57072.394 16.842
57072.394 16.842
57072.394 16.856
57072.394 16.856
57072.590 16.794
57072.590 16.794
57072.590 16.795
57072.590 16.795
57072.590 16.799
57072.590 16.799
57072.590 16.804
57072.590 16.804
57072.590 16.813
57072.590 16.813
57072.590 16.818
57072.590 16.818
57072.590 16.820
57072.590 16.820
57072.590 16.840
57072.590 16.840
57072.590 16.853
57072.590 16.853
57073.880 16.779
57073.880 16.779
57073.880 16.781
57073.880 16.781
57073.880 16.785
57073.880 16.785
57073.880 16.788
57073.880 16.788
57073.880 16.798
57073.880 16.798
57073.880 16.804
57073.880 16.804
57073.880 16.805
57073.880 16.805
57073.880 16.825
57073.880 16.825
57073.880 16.836
57073.880 16.836
57074.169 16.776
57074.169 16.776
57074.169 16.778
57074.169 16.778
57074.169 16.781
57074.169 16.781
57074.169 16.784
57074.169 16.784
57074.169 16.795
57074.169 16.795
57074.169 16.800
57074.169 16.800
57074.169 16.802
57074.169 16.802
57074.169 16.822
57074.169 16.822
57074.169 16.832
57074.169 16.832
57074.210 16.775
57074.210 16.775
57074.210 16.778
57074.210 16.778
57074.210 16.781
57074.210 16.781
57074.210 16.784
57074.210 16.784
57074.210 16.795
57074.210 16.795
57074.210 16.800
57074.210 16.800
57074.210 16.801
57074.210 16.801
57074.210 16.821
57074.210 16.821
57074.210 16.832
57074.210 16.832
57076.167 16.755
57076.167 16.755
57076.167 16.758
57076.167 16.758
57076.167 16.761
57076.167 16.761
57076.167 16.762
57076.167 16.762
57076.167 16.773
57076.167 16.773
57076.167 16.780
57076.167 16.780
57076.167 16.780
57076.167 16.780
57076.167 16.801
57076.167 16.801
57076.167 16.808
57076.167 16.808
57076.408 16.752
57076.408 16.752
57076.408 16.756
57076.408 16.756
57076.408 16.759
57076.408 16.759
57076.408 16.759
57076.408 16.759
57076.408 16.771
57076.408 16.771
57076.408 16.777
57076.408 16.777
57076.408 16.777
57076.408 16.777
57076.408 16.799
57076.408 16.799
57076.408 16.805
57076.408 16.805
57077.170 16.744
57077.170 16.744
57077.170 16.749
57077.170 16.749
57077.170 16.751
57077.170 16.751
57077.170 16.752
57077.170 16.752
57077.170 16.763
57077.170 16.763
57077.170 16.770
57077.170 16.770
57077.170 16.770
57077.170 16.770
57077.170 16.792
57077.170 16.792
57077.170 16.797
57077.170 16.797
57077.450 16.742
57077.450 16.742
57077.450 16.747
57077.450 16.747
57077.450 16.748
57077.450 16.748
57077.450 16.750
57077.450 16.750
57077.450 16.761
57077.450 16.761
57077.450 16.767
57077.450 16.767
57077.450 16.768
57077.450 16.768
57077.450 16.789
57077.450 16.789
57077.450 16.793
57077.450 16.793
57077.620 16.740
57077.620 16.740
57077.620 16.745
57077.620 16.745
57077.620 16.747
57077.620 16.747
57077.620 16.748
57077.620 16.748
57077.620 16.759
57077.620 16.759
57077.620 16.765
57077.620 16.765
57077.620 16.766
57077.620 16.766
57077.620 16.787
57077.620 16.787
57077.620 16.792
57077.620 16.792
57078.322 16.734
57078.322 16.734
57078.322 16.739
57078.322 16.739
57078.322 16.740
57078.322 16.740
57078.322 16.742
57078.322 16.742
57078.322 16.752
57078.322 16.752
57078.322 16.759
57078.322 16.759
57078.322 16.760
57078.322 16.760
57078.322 16.781
57078.322 16.781
57078.322 16.784
57078.322 16.784
57078.470 16.732
57078.470 16.732
57078.470 16.738
57078.470 16.738
57078.470 16.738
57078.470 16.738
57078.470 16.741
57078.470 16.741
57078.470 16.751
57078.470 16.751
57078.470 16.757
57078.470 16.757
57078.470 16.758
57078.470 16.758
57078.470 16.780
57078.470 16.780
57078.470 16.783
57078.470 16.783
57078.960 16.728
57078.960 16.728
57078.960 16.734
57078.960 16.734
57078.960 16.734
57078.960 16.734
57078.960 16.737
57078.960 16.737
57078.960 16.746
57078.960 16.746
57078.960 16.753
57078.960 16.753
57078.960 16.754
57078.960 16.754
57078.960 16.775
57078.960 16.775
57078.960 16.778
57078.960 16.778
57079.340 16.725
57079.340 16.725
57079.340 16.730
57079.340 16.730
57079.340 16.731
57079.340 16.731
57079.340 16.734
57079.340 16.734
57079.340 16.743
57079.340 16.743
57079.340 16.749
57079.340 16.749
57079.340 16.751
57079.340 16.751
57079.340 16.772
57079.340 16.772
57079.340 16.774
57079.340 16.774
57080.080 16.718
57080.080 16.718
57080.080 16.724
57080.080 16.724
57080.080 16.725
57080.080 16.725
57080.080 16.728
57080.080 16.728
57080.080 16.737
57080.080 16.737
57080.080 16.743
57080.080 16.743
57080.080 16.745
57080.080 16.745
57080.080 16.766
57080.080 16.766
57080.080 16.767
57080.080 16.767
57080.330 16.716
57080.330 16.716
57080.330 16.721
57080.330 16.721
57080.330 16.723
57080.330 16.723
57080.330 16.726
57080.330 16.726
57080.330 16.735
57080.330 16.735
57080.330 16.741
57080.330 16.741
57080.330 16.743
57080.330 16.743
57080.330 16.764
57080.330 16.764
57080.330 16.764
57080.330 16.764
57080.517 16.715
57080.517 16.715
57080.517 16.720
57080.517 16.720
57080.517 16.722
57080.517 16.722
57080.517 16.724
57080.517 16.724
57080.517 16.733
57080.517 16.733
57080.517 16.739
57080.517 16.739
57080.517 16.741
57080.517 16.741
57080.517 16.762
57080.517 16.762
57080.517 16.762
57080.517 16.762
57081.330 16.708
57081.330 16.708
57081.330 16.713
57081.330 16.713
57081.330 16.716
57081.330 16.716
57081.330 16.718
57081.330 16.718
57081.330 16.726
57081.330 16.726
57081.330 16.733
57081.330 16.733
57081.330 16.735
57081.330 16.735
57081.330 16.755
57081.330 16.755
57081.330 16.756
57081.330 16.756
57081.500 16.707
57081.500 16.707
57081.500 16.712
57081.500 16.712
57081.500 16.715
57081.500 16.715
57081.500 16.717
57081.500 16.717
57081.500 16.725
57081.500 16.725
57081.500 16.731
57081.500 16.731
57081.500 16.734
57081.500 16.734
57081.500 16.754
57081.500 16.754
57081.500 16.755
57081.500 16.755
57081.844 16.704
57081.844 16.704
57081.844 16.709
57081.844 16.709
57081.844 16.713
57081.844 16.713
57081.844 16.715
57081.844 16.715
57081.844 16.723
57081.844 16.723
57081.844 16.728
57081.844 16.728
57081.844 16.731
57081.844 16.731
57081.844 16.751
57081.844 16.751
57081.844 16.752
57081.844 16.752
57082.240 16.701
57082.240 16.701
57082.240 16.706
57082.240 16.706
57082.240 16.710
57082.240 16.710
57082.240 16.712
57082.240 16.712
57082.240 16.720
57082.240 16.720
57082.240 16.725
57082.240 16.725
57082.240 16.728
57082.240 16.728
57082.240 16.747
57082.240 16.747
57082.240 16.749
57082.240 16.749
57082.940 16.696
57082.940 16.696
57082.940 16.700
57082.940 16.700
57082.940 16.706
57082.940 16.706
57082.940 16.707
57082.940 16.707
57082.940 16.714
57082.940 16.714
57082.940 16.720
57082.940 16.720
57082.940 16.723
57082.940 16.723
57082.940 16.741
57082.940 16.741
57082.940 16.744
57082.940 16.744
57084.240 16.688
57084.240 16.688
57084.240 16.691
57084.240 16.691
57084.240 16.698
57084.240 16.698
57084.240 16.699
57084.240 16.699
57084.240 16.705
57084.240 16.705
57084.240 16.711
57084.240 16.711
57084.240 16.715
57084.240 16.715
57084.240 16.731
57084.240 16.731
57084.240 16.735
57084.240 16.735
57084.342 16.687
57084.342 16.687
57084.342 16.690
57084.342 16.690
57084.342 16.697
57084.342 16.697
57084.342 16.699
57084.342 16.699
57084.342 16.705
57084.342 16.705
57084.342 16.710
57084.342 16.710
57084.342 16.714
57084.342 16.714
57084.342 16.731
57084.342 16.731
57084.342 16.735
57084.342 16.735
57085.220 16.682
57085.220 16.682
57085.220 16.685
57085.220 16.685
57085.220 16.692
57085.220 16.692
57085.220 16.693
57085.220 16.693
57085.220 16.699
57085.220 16.699
57085.220 16.705
57085.220 16.705
57085.220 16.709
57085.220 16.709
57085.220 16.724
57085.220 16.724
57085.220 16.729
57085.220 16.729
57085.260 16.681
57085.260 16.681
57085.260 16.684
57085.260 16.684
57085.260 16.692
57085.260 16.692
57085.260 16.693
57085.260 16.693
57085.260 16.699
57085.260 16.699
57085.260 16.704
57085.260 16.704
57085.260 16.708
57085.260 16.708
57085.260 16.724
57085.260 16.724
57085.260 16.729
57085.260 16.729
57086.010 16.677
57086.010 16.677
57086.010 16.680
57086.010 16.680
57086.010 16.688
57086.010 16.688
57086.010 16.689
57086.010 16.689
57086.010 16.694
57086.010 16.694
57086.010 16.700
57086.010 16.700
57086.010 16.704
57086.010 16.704
57086.010 16.719
57086.010 16.719
57086.010 16.724
57086.010 16.724
57087.279 16.670
57087.279 16.670
57087.279 16.672
57087.279 16.672
57087.279 16.682
57087.279 16.682
57087.279 16.683
57087.279 16.683
57087.279 16.687
57087.279 16.687
57087.279 16.693
57087.279 16.693
57087.279 16.697
57087.279 16.697
57087.279 16.711
57087.279 16.711
57087.279 16.717
57087.279 16.717
57089.976 16.658
57089.976 16.658
57089.976 16.659
57089.976 16.659
57089.976 16.672
57089.976 16.672
57089.976 16.672
57089.976 16.672
57089.976 16.675
57089.976 16.675
57089.976 16.679
57089.976 16.679
57089.976 16.685
57089.976 16.685
57089.976 16.697
57089.976 16.697
57089.976 16.704
57089.976 16.704
57090.476 16.656
57090.476 16.656
57090.476 16.657
57090.476 16.657
57090.476 16.670
57090.476 16.670
57090.476 16.670
57090.476 16.670
57090.476 16.673
57090.476 16.673
57090.476 16.677
57090.476 16.677
57090.476 16.683
57090.476 16.683
57090.476 16.694
57090.476 16.694
57090.476 16.702
57090.476 16.702
57090.970 16.655
57090.970 16.655
57090.970 16.655
57090.970 16.655
57090.970 16.668
57090.970 16.668
57090.970 16.669
57090.970 16.669
57090.970 16.671
57090.970 16.671
57090.970 16.675
57090.970 16.675
57090.970 16.681
57090.970 16.681
57090.970 16.692
57090.970 16.692
57090.970 16.700
57090.970 16.700
57092.170 16.651
57092.170 16.651
57092.170 16.651
57092.170 16.651
57092.170 16.665
57092.170 16.665
57092.170 16.665
57092.170 16.665
57092.170 16.667
57092.170 16.667
57092.170 16.671
57092.170 16.671
57092.170 16.677
57092.170 16.677
57092.170 16.687
57092.170 16.687
57092.170 16.696
57092.170 16.696
57092.715 16.649
57092.715 16.649
57092.715 16.649
57092.715 16.649
57092.715 16.663
57092.715 16.663
57092.715 16.664
57092.715 16.664
57092.715 16.665
57092.715 16.665
57092.715 16.669
57092.715 16.669
57092.715 16.675
57092.715 16.675
57092.715 16.685
57092.715 16.685
57092.715 16.694
57092.715 16.694
57093.020 16.648
57093.020 16.648
57093.020 16.648
57093.020 16.648
57093.020 16.662
57093.020 16.662
57093.020 16.663
57093.020 16.663
57093.020 16.664
57093.020 16.664
57093.020 16.668
57093.020 16.668
57093.020 16.674
57093.020 16.674
57093.020 16.684
57093.020 16.684
57093.020 16.693
57093.020 16.693
57093.764 16.646
57093.764 16.646
57093.764 16.646
57093.764 16.646
57093.764 16.661
57093.764 16.661
57093.764 16.662
57093.764 16.662
57093.764 16.662
57093.764 16.662
57093.764 16.666
57093.764 16.666
57093.764 16.672
57093.764 16.672
57093.764 16.682
57093.764 16.682
57093.764 16.691
57093.764 16.691
57094.290 16.645
57094.290 16.645
57094.290 16.645
57094.290 16.645
57094.290 16.660
57094.290 16.660
57094.290 16.660
57094.290 16.660
57094.290 16.661
57094.290 16.661
57094.290 16.665
57094.290 16.665
57094.290 16.671
57094.290 16.671
57094.290 16.680
57094.290 16.680
57094.290 16.689
57094.290 16.689
57094.870 16.643
57094.870 16.643
57094.870 16.644
57094.870 16.644
57094.870 16.659
57094.870 16.659
57094.870 16.659
57094.870 16.659
57094.870 16.660
57094.870 16.660
57094.870 16.663
57094.870 16.663
57094.870 16.670
57094.870 16.670
57094.870 16.679
57094.870 16.679
57094.870 16.688
57094.870 16.688
57095.270 16.643
57095.270 16.643
57095.270 16.643
57095.270 16.643
57095.270 16.658
57095.270 16.658
57095.270 16.658
57095.270 16.658
57095.270 16.659
57095.270 16.659
57095.270 16.662
57095.270 16.662
57095.270 16.669
57095.270 16.669
57095.270 16.678
57095.270 16.678
57095.270 16.687
57095.270 16.687
57095.470 16.642
57095.470 16.642
57095.470 16.643
57095.470 16.643
57095.470 16.658
57095.470 16.658
57095.470 16.658
57095.470 16.658
57095.470 16.659
57095.470 16.659
57095.470 16.662
57095.470 16.662
57095.470 16.669
57095.470 16.669
57095.470 16.677
57095.470 16.677
57095.470 16.687
57095.470 16.687
57095.930 16.641
57095.930 16.641
57095.930 16.642
57095.930 16.642
57095.930 16.657
57095.930 16.657
57095.930 16.657
57095.930 16.657
57095.930 16.659
57095.930 16.659
57095.930 16.661
57095.930 16.661
57095.930 16.668
57095.930 16.668
57095.930 16.676
57095.930 16.676
57095.930 16.686
57095.930 16.686
57097.210 16.639
57097.210 16.639
57097.210 16.641
57097.210 16.641
57097.210 16.655
57097.210 16.655
57097.210 16.656
57097.210 16.656
57097.210 16.657
57097.210 16.657
57097.210 16.659
57097.210 16.659
57097.210 16.666
57097.210 16.666
57097.210 16.674
57097.210 16.674
57097.210 16.683
57097.210 16.683
57098.151 16.638
57098.151 16.638
57098.151 16.640
57098.151 16.640
57098.151 16.654
57098.151 16.654
57098.151 16.655
57098.151 16.655
57098.151 16.657
57098.151 16.657
57098.151 16.657
57098.151 16.657
57098.151 16.665
57098.151 16.665
57098.151 16.672
57098.151 16.672
57098.151 16.682
57098.151 16.682
57098.210 16.638
57098.210 16.638
57098.210 16.640
57098.210 16.640
57098.210 16.654
57098.210 16.654
57098.210 16.655
57098.210 16.655
57098.210 16.657
57098.210 16.657
57098.210 16.657
57098.210 16.657
57098.210 16.665
57098.210 16.665
57098.210 16.672
57098.210 16.672
57098.210 16.682
57098.210 16.682
57098.610 16.638
57098.610 16.638
57098.610 16.640
57098.610 16.640
57098.610 16.654
57098.610 16.654
57098.610 16.655
57098.610 16.655
57098.610 16.657
57098.610 16.657
57098.610 16.657
57098.610 16.657
57098.610 16.664
57098.610 16.664
57098.610 16.672
57098.610 16.672
57098.610 16.681
57098.610 16.681
57098.987 16.638
57098.987 16.638
57098.987 16.640
57098.987 16.640
57098.987 16.653
57098.987 16.653
57098.987 16.655
57098.987 16.655
57098.987 16.657
57098.987 16.657
57098.987 16.657
57098.987 16.657
57098.987 16.664
57098.987 16.664
57098.987 16.672
57098.987 16.672
57098.987 16.681
57098.987 16.681
57099.250 16.637
57099.250 16.637
57099.250 16.640
57099.250 16.640
57099.250 16.653
57099.250 16.653
57099.250 16.654
57099.250 16.654
57099.250 16.656
57099.250 16.656
57099.250 16.657
57099.250 16.657
57099.250 16.664
57099.250 16.664
57099.250 16.671
57099.250 16.671
57099.250 16.681
57099.250 16.681
57100.984 16.637
57100.984 16.637
57100.984 16.640
57100.984 16.640
57100.984 16.653
57100.984 16.653
57100.984 16.655
57100.984 16.655
57100.984 16.656
57100.984 16.656
57100.984 16.658
57100.984 16.658
57100.984 16.663
57100.984 16.663
57100.984 16.671
57100.984 16.671
57100.984 16.680
57100.984 16.680
57101.310 16.637
57101.310 16.637
57101.310 16.640
57101.310 16.640
57101.310 16.653
57101.310 16.653
57101.310 16.655
57101.310 16.655
57101.310 16.656
57101.310 16.656
57101.310 16.658
57101.310 16.658
57101.310 16.663
57101.310 16.663
57101.310 16.671
57101.310 16.671
57101.310 16.679
57101.310 16.679
57102.170 16.638
57102.170 16.638
57102.170 16.641
57102.170 16.641
57102.170 16.653
57102.170 16.653
57102.170 16.655
57102.170 16.655
57102.170 16.656
57102.170 16.656
57102.170 16.659
57102.170 16.659
57102.170 16.664
57102.170 16.664
57102.170 16.671
57102.170 16.671
57102.170 16.679
57102.170 16.679
57102.520 16.638
57102.520 16.638
57102.520 16.641
57102.520 16.641
57102.520 16.653
57102.520 16.653
57102.520 16.656
57102.520 16.656
57102.520 16.656
57102.520 16.656
57102.520 16.659
57102.520 16.659
57102.520 16.664
57102.520 16.664
57102.520 16.671
57102.520 16.671
57102.520 16.680
57102.520 16.680
57103.400 16.639
57103.400 16.639
57103.400 16.642
57103.400 16.642
57103.400 16.654
57103.400 16.654
57103.400 16.657
57103.400 16.657
57103.400 16.657
57103.400 16.657
57103.400 16.660
57103.400 16.660
57103.400 16.664
57103.400 16.664
57103.400 16.671
57103.400 16.671
57103.400 16.680
57103.400 16.680
57103.587 16.639
57103.587 16.639
57103.587 16.642
57103.587 16.642
57103.587 16.654
57103.587 16.654
57103.587 16.657
57103.587 16.657
57103.587 16.657
57103.587 16.657
57103.587 16.661
57103.587 16.661
57103.587 16.665
57103.587 16.665
57103.587 16.672
57103.587 16.672
57103.587 16.680
57103.587 16.680
57103.760 16.639
57103.760 16.639
57103.760 16.643
57103.760 16.643
57103.760 16.654
57103.760 16.654
57103.760 16.657
57103.760 16.657
57103.760 16.657
57103.760 16.657
57103.760 16.661
57103.760 16.661
57103.760 16.665
57103.760 16.665
57103.760 16.672
57103.760 16.672
57103.760 16.680
57103.760 16.680
57104.180 16.640
57104.180 16.640
57104.180 16.643
57104.180 16.643
57104.180 16.655
57104.180 16.655
57104.180 16.657
57104.180 16.657
57104.180 16.658
57104.180 16.658
57104.180 16.662
57104.180 16.662
57104.180 16.665
57104.180 16.665
57104.180 16.672
57104.180 16.672
57104.180 16.680
57104.180 16.680
57104.430 16.640
57104.430 16.640
57104.430 16.644
57104.430 16.644
57104.430 16.655
57104.430 16.655
57104.430 16.658
57104.430 16.658
57104.430 16.658
57104.430 16.658
57104.430 16.662
57104.430 16.662
57104.430 16.666
57104.430 16.666
57104.430 16.673
57104.430 16.673
57104.430 16.681
57104.430 16.681
57106.440 16.644
57106.440 16.644
57106.440 16.648
57106.440 16.648
57106.440 16.658
57106.440 16.658
57106.440 16.661
57106.440 16.661
57106.440 16.662
57106.440 16.662
57106.440 16.667
57106.440 16.667
57106.440 16.669
57106.440 16.669
57106.440 16.676
57106.440 16.676
57106.440 16.683
57106.440 16.683
57106.872 16.645
57106.872 16.645
57106.872 16.649
57106.872 16.649
57106.872 16.659
57106.872 16.659
57106.872 16.662
57106.872 16.662
57106.872 16.663
57106.872 16.663
57106.872 16.668
57106.872 16.668
57106.872 16.669
57106.872 16.669
57106.872 16.677
57106.872 16.677
57106.872 16.684
57106.872 16.684
57109.022 16.651
57109.022 16.651
57109.022 16.655
57109.022 16.655
57109.022 16.665
57109.022 16.665
57109.022 16.667
57109.022 16.667
57109.022 16.669
57109.022 16.669
57109.022 16.674
57109.022 16.674
57109.022 16.675
57109.022 16.675
57109.022 16.682
57109.022 16.682
57109.022 16.688
57109.022 16.688
57110.160 16.655
57110.160 16.655
57110.160 16.659
57110.160 16.659
57110.160 16.668
57110.160 16.668
57110.160 16.670
57110.160 16.670
57110.160 16.673
57110.160 16.673
57110.160 16.678
57110.160 16.678
57110.160 16.678
57110.160 16.678
57110.160 16.685
57110.160 16.685
57110.160 16.691
57110.160 16.691
57110.180 16.655
57110.180 16.655
57110.180 16.660
57110.180 16.660
57110.180 16.668
57110.180 16.668
57110.180 16.670
57110.180 16.670
57110.180 16.673
57110.180 16.673
57110.180 16.678
57110.180 16.678
57110.180 16.678
57110.180 16.678
57110.180 16.686
57110.180 16.686
57110.180 16.691
57110.180 16.691
57110.210 16.655
57110.210 16.655
57110.210 16.660
57110.210 16.660
57110.210 16.668
57110.210 16.668
57110.210 16.670
57110.210 16.670
57110.210 16.673
57110.210 16.673
57110.210 16.678
57110.210 16.678
57110.210 16.678
57110.210 16.678
57110.210 16.686
57110.210 16.686
57110.210 16.691
57110.210 16.691
57110.699 16.657
57110.699 16.657
57110.699 16.661
57110.699 16.661
57110.699 16.670
57110.699 16.670
57110.699 16.672
57110.699 16.672
57110.699 16.675
57110.699 16.675
57110.699 16.680
57110.699 16.680
57110.699 16.680
57110.699 16.680
57110.699 16.687
57110.699 16.687
57110.699 16.692
57110.699 16.692
57111.503 16.660
57111.503 16.660
57111.503 16.665
57111.503 16.665
57111.503 16.673
57111.503 16.673
57111.503 16.674
57111.503 16.674
57111.503 16.678
57111.503 16.678
57111.503 16.682
57111.503 16.682
57111.503 16.684
57111.503 16.684
57111.503 16.690
57111.503 16.690
57111.503 16.695
57111.503 16.695
57113.290 16.667
57113.290 16.667
57113.290 16.673
57113.290 16.673
57113.290 16.680
57113.290 16.680
57113.290 16.681
57113.290 16.681
57113.290 16.685
57113.290 16.685
57113.290 16.689
57113.290 16.689
57113.290 16.691
57113.290 16.691
57113.290 16.697
57113.290 16.697
57113.290 16.701
57113.290 16.701
57114.458 16.673
57114.458 16.673
57114.458 16.678
57114.458 16.678
57114.458 16.685
57114.458 16.685
57114.458 16.686
57114.458 16.686
57114.458 16.690
57114.458 16.690
57114.458 16.694
57114.458 16.694
57114.458 16.697
57114.458 16.697
57114.458 16.703
57114.458 16.703
57114.458 16.705
57114.458 16.705
57116.930 16.686
57116.930 16.686
57116.930 16.692
57116.930 16.692
57116.930 16.697
57116.930 16.697
57116.930 16.699
57116.930 16.699
57116.930 16.703
57116.930 16.703
57116.930 16.706
57116.930 16.706
57116.930 16.710
57116.930 16.710
57116.930 16.715
57116.930 16.715
57116.930 16.716
57116.930 16.716
57117.250 16.688
57117.250 16.688
57117.250 16.694
57117.250 16.694
57117.250 16.699
57117.250 16.699
57117.250 16.700
57117.250 16.700
57117.250 16.704
57117.250 16.704
57117.250 16.707
57117.250 16.707
57117.250 16.712
57117.250 16.712
57117.250 16.717
57117.250 16.717
57117.250 16.718
57117.250 16.718
57118.210 16.694
57118.210 16.694
57118.210 16.700
57118.210 16.700
57118.210 16.704
57118.210 16.704
57118.210 16.706
57118.210 16.706
57118.210 16.710
57118.210 16.710
57118.210 16.713
57118.210 16.713
57118.210 16.718
57118.210 16.718
57118.210 16.722
57118.210 16.722
57118.210 16.722
57118.210 16.722
57118.422 16.695
57118.422 16.695
57118.422 16.701
57118.422 16.701
57118.422 16.706
57118.422 16.706
57118.422 16.707
57118.422 16.707
57118.422 16.711
57118.422 16.711
57118.422 16.714
57118.422 16.714
57118.422 16.719
57118.422 16.719
57118.422 16.724
57118.422 16.724
57118.422 16.724
57118.422 16.724
57119.894 16.705
57119.894 16.705
57119.894 16.711
57119.894 16.711
57119.894 16.714
57119.894 16.714
57119.894 16.716
57119.894 16.716
57119.894 16.720
57119.894 16.720
57119.894 16.722
57119.894 16.722
57119.894 16.728
57119.894 16.728
57119.894 16.731
57119.894 16.731
57119.894 16.733
57119.894 16.733
57120.150 16.707
57120.150 16.707
57120.150 16.712
57120.150 16.712
57120.150 16.716
57120.150 16.716
57120.150 16.717
57120.150 16.717
57120.150 16.722
57120.150 16.722
57120.150 16.724
57120.150 16.724
57120.150 16.730
57120.150 16.730
57120.150 16.733
57120.150 16.733
57120.150 16.734
57120.150 16.734
57120.210 16.707
57120.210 16.707
57120.210 16.713
57120.210 16.713
57120.210 16.716
57120.210 16.716
57120.210 16.718
57120.210 16.718
57120.210 16.722
57120.210 16.722
57120.210 16.724
57120.210 16.724
57120.210 16.730
57120.210 16.730
57120.210 16.733
57120.210 16.733
57120.210 16.735
57120.210 16.735
57120.450 16.709
57120.450 16.709
57120.450 16.714
57120.450 16.714
57120.450 16.718
57120.450 16.718
57120.450 16.719
57120.450 16.719
57120.450 16.723
57120.450 16.723
57120.450 16.726
57120.450 16.726
57120.450 16.732
57120.450 16.732
57120.450 16.735
57120.450 16.735
57120.450 16.736
57120.450 16.736
57120.816 16.711
57120.816 16.711
57120.816 16.717
57120.816 16.717
57120.816 16.720
57120.816 16.720
57120.816 16.721
57120.816 16.721
57120.816 16.726
57120.816 16.726
57120.816 16.728
57120.816 16.728
57120.816 16.734
57120.816 16.734
57120.816 16.737
57120.816 16.737
57120.816 16.738
57120.816 16.738
57122.075 16.720
57122.075 16.720
57122.075 16.726
57122.075 16.726
57122.075 16.729
57122.075 16.729
57122.075 16.730
57122.075 16.730
57122.075 16.734
57122.075 16.734
57122.075 16.736
57122.075 16.736
57122.075 16.743
57122.075 16.743
57122.075 16.744
57122.075 16.744
57122.075 16.747
57122.075 16.747
57122.130 16.721
57122.130 16.721
57122.130 16.726
57122.130 16.726
57122.130 16.729
57122.130 16.729
57122.130 16.730
57122.130 16.730
57122.130 16.734
57122.130 16.734
57122.130 16.736
57122.130 16.736
57122.130 16.744
57122.130 16.744
57122.130 16.745
57122.130 16.745
57122.130 16.747
57122.130 16.747
57122.785 16.725
57122.785 16.725
57122.785 16.731
57122.785 16.731
57122.785 16.733
57122.785 16.733
57122.785 16.735
57122.785 16.735
57122.785 16.739
57122.785 16.739
57122.785 16.741
57122.785 16.741
57122.785 16.748
57122.785 16.748
57122.785 16.749
57122.785 16.749
57122.785 16.752
57122.785 16.752
57122.850 16.726
57122.850 16.726
57122.850 16.732
57122.850 16.732
57122.850 16.734
57122.850 16.734
57122.850 16.735
57122.850 16.735
57122.850 16.739
57122.850 16.739
57122.850 16.741
57122.850 16.741
57122.850 16.749
57122.850 16.749
57122.850 16.749
57122.850 16.749
57122.850 16.753
57122.850 16.753
57123.870 16.734
57123.870 16.734
57123.870 16.740
57123.870 16.740
57123.870 16.741
57123.870 16.741
57123.870 16.743
57123.870 16.743
57123.870 16.747
57123.870 16.747
57123.870 16.748
57123.870 16.748
57123.870 16.756
57123.870 16.756
57123.870 16.756
57123.870 16.756
57123.870 16.760
57123.870 16.760
57125.330 16.746
57125.330 16.746
57125.330 16.751
57125.330 16.751
57125.330 16.752
57125.330 16.752
57125.330 16.754
57125.330 16.754
57125.330 16.758
57125.330 16.758
57125.330 16.759
57125.330 16.759
57125.330 16.766
57125.330 16.766
57125.330 16.768
57125.330 16.768
57125.330 16.771
57125.330 16.771
57126.180 16.753
57126.180 16.753
57126.180 16.759
57126.180 16.759
57126.180 16.759
57126.180 16.759
57126.180 16.760
57126.180 16.760
57126.180 16.764
57126.180 16.764
57126.180 16.765
57126.180 16.765
57126.180 16.772
57126.180 16.772
57126.180 16.774
57126.180 16.774
57126.180 16.778
57126.180 16.778
57127.720 16.766
57127.720 16.766
57127.720 16.771
57127.720 16.771
57127.720 16.772
57127.720 16.772
57127.720 16.773
57127.720 16.773
57127.720 16.776
57127.720 16.776
57127.720 16.778
57127.720 16.778
57127.720 16.784
57127.720 16.784
57127.720 16.787
57127.720 16.787
57127.720 16.791
57127.720 16.791
57128.160 16.770
57128.160 16.770
57128.160 16.775
57128.160 16.775
57128.160 16.776
57128.160 16.776
57128.160 16.777
57128.160 16.777
57128.160 16.780
57128.160 16.780
57128.160 16.781
57128.160 16.781
57128.160 16.787
57128.160 16.787
57128.160 16.791
57128.160 16.791
57128.160 16.795
57128.160 16.795
57128.629 16.775
57128.629 16.775
57128.629 16.779
57128.629 16.779
57128.629 16.780
57128.629 16.780
57128.629 16.781
57128.629 16.781
57128.629 16.784
57128.629 16.784
57128.629 16.785
57128.629 16.785
57128.629 16.791
57128.629 16.791
57128.629 16.795
57128.629 16.795
57128.629 16.799
57128.629 16.799
57129.940 16.787
57129.940 16.787
57129.940 16.790
57129.940 16.790
57129.940 16.792
57129.940 16.792
57129.940 16.792
57129.940 16.792
57129.940 16.795
57129.940 16.795
57129.940 16.796
57129.940 16.796
57129.940 16.802
57129.940 16.802
57129.940 16.806
57129.940 16.806
57129.940 16.810
57129.940 16.810
57130.765 16.795
57130.765 16.795
57130.765 16.798
57130.765 16.798
57130.765 16.800
57130.765 16.800
57130.765 16.800
57130.765 16.800
57130.765 16.803
57130.765 16.803
57130.765 16.803
57130.765 16.803
57130.765 16.808
57130.765 16.808
57130.765 16.814
57130.765 16.814
57130.765 16.818
57130.765 16.818
57131.527 16.803
57131.527 16.803
57131.527 16.805
57131.527 16.805
57131.527 16.807
57131.527 16.807
57131.527 16.808
57131.527 16.808
57131.527 16.809
57131.527 16.809
57131.527 16.810
57131.527 16.810
57131.527 16.815
57131.527 16.815
57131.527 16.821
57131.527 16.821
57131.527 16.825
57131.527 16.825
57131.710 16.804
57131.710 16.804
57131.710 16.806
57131.710 16.806
57131.710 16.809
57131.710 16.809
57131.710 16.810
57131.710 16.810
57131.710 16.811
57131.710 16.811
57131.710 16.812
57131.710 16.812
57131.710 16.817
57131.710 16.817
57131.710 16.823
57131.710 16.823
57131.710 16.827
57131.710 16.827
57132.930 16.817
57132.930 16.817
57132.930 16.818
57132.930 16.818
57132.930 16.821
57132.930 16.821
57132.930 16.822
57132.930 16.822
57132.930 16.822
57132.930 16.822
57132.930 16.823
57132.930 16.823
57132.930 16.828
57132.930 16.828
57132.930 16.834
57132.930 16.834
57132.930 16.839
57132.930 16.839
57134.240 16.831
57134.240 16.831
57134.240 16.831
57134.240 16.831
57134.240 16.834
57134.240 16.834
57134.240 16.835
57134.240 16.835
57134.240 16.835
57134.240 16.835
57134.240 16.836
57134.240 16.836
57134.240 16.840
57134.240 16.840
57134.240 16.847
57134.240 16.847
57134.240 16.852
57134.240 16.852
57134.860 16.837
57134.860 16.837
57134.860 16.838
57134.860 16.838
57134.860 16.840
57134.860 16.840
57134.860 16.841
57134.860 16.841
57134.860 16.842
57134.860 16.842
57134.860 16.842
57134.860 16.842
57134.860 16.845
57134.860 16.845
57134.860 16.853
57134.860 16.853
57134.860 16.858
57134.860 16.858
57135.440 16.843
57135.440 16.843
57135.440 16.844
57135.440 16.844
57135.440 16.846
57135.440 16.846
57135.440 16.847
57135.440 16.847
57135.440 16.847
57135.440 16.847
57135.440 16.848
57135.440 16.848
57135.440 16.851
57135.440 16.851
57135.440 16.859
57135.440 16.859
57135.440 16.864
57135.440 16.864
57135.940 16.848
57135.940 16.848
57135.940 16.849
57135.940 16.849
57135.940 16.851
57135.940 16.851
57135.940 16.852
57135.940 16.852
57135.940 16.852
57135.940 16.852
57135.940 16.854
57135.940 16.854
57135.940 16.856
57135.940 16.856
57135.940 16.864
57135.940 16.864
57135.940 16.869
57135.940 16.869
57136.201 16.851
57136.201 16.851
57136.201 16.852
57136.201 16.852
57136.201 16.854
57136.201 16.854
57136.201 16.854
57136.201 16.854
57136.201 16.855
57136.201 16.855
57136.201 16.857
57136.201 16.857
57136.201 16.858
57136.201 16.858
57136.201 16.867
57136.201 16.867
57136.201 16.872
57136.201 16.872
57136.314 16.852
57136.314 16.852
57136.314 16.854
57136.314 16.854
57136.314 16.855
57136.314 16.855
57136.314 16.855
57136.314 16.855
57136.314 16.856
57136.314 16.856
57136.314 16.858
57136.314 16.858
57136.314 16.860
57136.314 16.860
57136.314 16.868
57136.314 16.868
57136.314 16.873
57136.314 16.873
57137.210 16.861
57137.210 16.861
57137.210 16.864
57137.210 16.864
57137.210 16.865
57137.210 16.865
57137.210 16.865
57137.210 16.865
57137.210 16.865
57137.210 16.865
57137.210 16.868
57137.210 16.868
57137.210 16.868
57137.210 16.868
57137.210 16.878
57137.210 16.878
57137.210 16.883
57137.210 16.883
57137.270 16.862
57137.270 16.862
57137.270 16.864
57137.270 16.864
57137.270 16.865
57137.270 16.865
57137.270 16.865
57137.270 16.865
57137.270 16.866
57137.270 16.866
57137.270 16.868
57137.270 16.868
57137.270 16.869
57137.270 16.869
57137.270 16.878
57137.270 16.878
57137.270 16.884
57137.270 16.884
57138.860 16.879
57138.860 16.879
57138.860 16.882
57138.860 16.882
57138.860 16.883
57138.860 16.883
57138.860 16.883
57138.860 16.883
57138.860 16.883
57138.860 16.883
57138.860 16.885
57138.860 16.885
57138.860 16.887
57138.860 16.887
57138.860 16.895
57138.860 16.895
57138.860 16.901
57138.860 16.901
57138.880 16.879
57138.880 16.879
57138.880 16.882
57138.880 16.882
57138.880 16.883
57138.880 16.883
57138.880 16.883
57138.880 16.883
57138.880 16.883
57138.880 16.883
57138.880 16.886
57138.880 16.886
57138.880 16.887
57138.880 16.887
57138.880 16.895
57138.880 16.895
57138.880 16.901
57138.880 16.901
57139.210 16.883
57139.210 16.883
57139.210 16.886
57139.210 16.886
57139.210 16.887
57139.210 16.887
57139.210 16.887
57139.210 16.887
57139.210 16.887
57139.210 16.887
57139.210 16.889
57139.210 16.889
57139.210 16.891
57139.210 16.891
57139.210 16.899
57139.210 16.899
57139.210 16.905
57139.210 16.905
57140.100 16.893
57140.100 16.893
57140.100 16.895
57140.100 16.895
57140.100 16.896
57140.100 16.896
57140.100 16.897
57140.100 16.897
57140.100 16.898
57140.100 16.898
57140.100 16.899
57140.100 16.899
57140.100 16.901
57140.100 16.901
57140.100 16.909
57140.100 16.909
57140.100 16.915
57140.100 16.915
57141.170 16.905
57141.170 16.905
57141.170 16.907
57141.170 16.907
57141.170 16.908
57141.170 16.908
57141.170 16.910
57141.170 16.910
57141.170 16.910
57141.170 16.910
57141.170 16.911
57141.170 16.911
57141.170 16.914
57141.170 16.914
57141.170 16.921
57141.170 16.921
57141.170 16.927
57141.170 16.927
57141.637 16.910
57141.637 16.910
57141.637 16.912
57141.637 16.912
57141.637 16.914
57141.637 16.914
57141.637 16.915
57141.637 16.915
57141.637 16.915
57141.637 16.915
57141.637 16.917
57141.637 16.917
57141.637 16.920
57141.637 16.920
57141.637 16.926
57141.637 16.926
57141.637 16.933
57141.637 16.933
57144.468 16.944
57144.468 16.944
57144.468 16.945
57144.468 16.945
57144.468 16.947
57144.468 16.947
57144.468 16.948
57144.468 16.948
57144.468 16.950
57144.468 16.950
57144.468 16.959
57144.468 16.959
57144.468 16.960
57144.468 16.960
57144.468 16.962
57144.468 16.962
57144.468 16.967
57144.468 16.967
57144.710 16.947
57144.710 16.947
57144.710 16.948
57144.710 16.948
57144.710 16.950
57144.710 16.950
57144.710 16.951
57144.710 16.951
57144.710 16.953
57144.710 16.953
57144.710 16.962
57144.710 16.962
57144.710 16.964
57144.710 16.964
57144.710 16.966
57144.710 16.966
57144.710 16.970
57144.710 16.970
57144.890 16.949
57144.890 16.949
57144.890 16.950
57144.890 16.950
57144.890 16.952
57144.890 16.952
57144.890 16.953
57144.890 16.953
57144.890 16.955
57144.890 16.955
57144.890 16.964
57144.890 16.964
57144.890 16.967
57144.890 16.967
57144.890 16.970
57144.890 16.970
57144.890 16.972
57144.890 16.972
57147.073 16.979
57147.073 16.979
57147.073 16.981
57147.073 16.981
57147.073 16.986
57147.073 16.986
57147.073 16.987
57147.073 16.987
57147.073 16.991
57147.073 16.991
57147.073 16.995
57147.073 16.995
57147.073 17.004
57147.073 17.004
57147.073 17.008
57147.073 17.008
57147.073 17.010
57147.073 17.010
57148.310 17.001
57148.310 17.001
57148.310 17.005
57148.310 17.005
57148.310 17.006
57148.310 17.006
57148.310 17.009
57148.310 17.009
57148.310 17.011
57148.310 17.011
57148.310 17.018
57148.310 17.018
57148.310 17.027
57148.310 17.027
57148.310 17.031
57148.310 17.031
57148.310 17.033
57148.310 17.033
57150.030 17.032
57150.030 17.032
57150.030 17.037
57150.030 17.037
57150.030 17.039
57150.030 17.039
57150.030 17.040
57150.030 17.040
57150.030 17.043
57150.030 17.043
57150.030 17.049
57150.030 17.049
57150.030 17.059
57150.030 17.059
57150.030 17.063
57150.030 17.063
57150.030 17.066
57150.030 17.066
57150.960 17.049
57150.960 17.049
57150.960 17.055
57150.960 17.055
57150.960 17.057
57150.960 17.057
57150.960 17.058
57150.960 17.058
57150.960 17.061
57150.960 17.061
57150.960 17.066
57150.960 17.066
57150.960 17.076
57150.960 17.076
57150.960 17.080
57150.960 17.080
57150.960 17.083
57150.960 17.083
57151.187 17.053
57151.187 17.053
57151.187 17.059
57151.187 17.059
57151.187 17.061
57151.187 17.061
57151.187 17.062
57151.187 17.062
57151.187 17.066
57151.187 17.066
57151.187 17.071
57151.187 17.071
57151.187 17.080
57151.187 17.080
57151.187 17.084
57151.187 17.084
57151.187 17.087
57151.187 17.087
57152.160 17.071
57152.160 17.071
57152.160 17.078
57152.160 17.078
57152.160 17.080
57152.160 17.080
57152.160 17.080
57152.160 17.080
57152.160 17.084
57152.160 17.084
57152.160 17.089
57152.160 17.089
57152.160 17.098
57152.160 17.098
57152.160 17.102
57152.160 17.102
57152.160 17.106
57152.160 17.106
57152.508 17.078
57152.508 17.078
57152.508 17.085
57152.508 17.085
57152.508 17.086
57152.508 17.086
57152.508 17.087
57152.508 17.087
57152.508 17.091
57152.508 17.091
57152.508 17.095
57152.508 17.095
57152.508 17.104
57152.508 17.104
57152.508 17.109
57152.508 17.109
57152.508 17.112
57152.508 17.112
57155.150 17.126
57155.150 17.126
57155.150 17.135
57155.150 17.135
57155.150 17.135
57155.150 17.135
57155.150 17.139
57155.150 17.139
57155.150 17.142
57155.150 17.142
57155.150 17.144
57155.150 17.144
57155.150 17.153
57155.150 17.153
57155.150 17.158
57155.150 17.158
57155.150 17.162
57155.150 17.162
57155.760 17.137
57155.760 17.137
57155.760 17.147
57155.760 17.147
57155.760 17.147
57155.760 17.147
57155.760 17.151
57155.760 17.151
57155.760 17.154
57155.760 17.154
57155.760 17.156
57155.760 17.156
57155.760 17.164
57155.760 17.164
57155.760 17.170
57155.760 17.170
57155.760 17.173
57155.760 17.173
57157.944 17.178
57157.944 17.178
57157.944 17.187
57157.944 17.187
57157.944 17.188
57157.944 17.188
57157.944 17.194
57157.944 17.194
57157.944 17.196
57157.944 17.196
57157.944 17.196
57157.944 17.196
57157.944 17.204
57157.944 17.204
57157.944 17.211
57157.944 17.211
57157.944 17.214
57157.944 17.214
57158.800 17.194
57158.800 17.194
57158.800 17.203
57158.800 17.203
57158.800 17.205
57158.800 17.205
57158.800 17.211
57158.800 17.211
57158.800 17.212
57158.800 17.212
57158.800 17.212
57158.800 17.212
57158.800 17.220
57158.800 17.220
57158.800 17.227
57158.800 17.227
57158.800 17.231
57158.800 17.231
57160.050 17.217
57160.050 17.217
57160.050 17.227
57160.050 17.227
57160.050 17.229
57160.050 17.229
57160.050 17.235
57160.050 17.235
57160.050 17.236
57160.050 17.236
57160.050 17.237
57160.050 17.237
57160.050 17.243
57160.050 17.243
57160.050 17.251
57160.050 17.251
57160.050 17.254
57160.050 17.254
57160.630 17.228
57160.630 17.228
57160.630 17.238
57160.630 17.238
57160.630 17.240
57160.630 17.240
57160.630 17.246
57160.630 17.246
57160.630 17.247
57160.630 17.247
57160.630 17.248
57160.630 17.248
57160.630 17.254
57160.630 17.254
57160.630 17.261
57160.630 17.261
57160.630 17.265
57160.630 17.265
57161.010 17.235
57161.010 17.235
57161.010 17.245
57161.010 17.245
57161.010 17.247
57161.010 17.247
57161.010 17.254
57161.010 17.254
57161.010 17.254
57161.010 17.254
57161.010 17.255
57161.010 17.255
57161.010 17.261
57161.010 17.261
57161.010 17.269
57161.010 17.269
57161.010 17.272
57161.010 17.272
57161.700 17.248
57161.700 17.248
57161.700 17.258
57161.700 17.258
57161.700 17.260
57161.700 17.260
57161.700 17.267
57161.700 17.267
57161.700 17.267
57161.700 17.267
57161.700 17.268
57161.700 17.268
57161.700 17.273
57161.700 17.273
57161.700 17.282
57161.700 17.282
57161.700 17.285
57161.700 17.285
57162.730 17.267
57162.730 17.267
57162.730 17.277
57162.730 17.277
57162.730 17.280
57162.730 17.280
57162.730 17.286
57162.730 17.286
57162.730 17.287
57162.730 17.287
57162.730 17.288
57162.730 17.288
57162.730 17.292
57162.730 17.292
57162.730 17.301
57162.730 17.301
57162.730 17.305
57162.730 17.305
57162.900 17.270
57162.900 17.270
57162.900 17.280
57162.900 17.280
57162.900 17.283
57162.900 17.283
57162.900 17.289
57162.900 17.289
57162.900 17.290
57162.900 17.290
57162.900 17.292
57162.900 17.292
57162.900 17.295
57162.900 17.295
57162.900 17.304
57162.900 17.304
57162.900 17.308
57162.900 17.308
57163.380 17.279
57163.380 17.279
57163.380 17.289
57163.380 17.289
57163.380 17.292
57163.380 17.292
57163.380 17.298
57163.380 17.298
57163.380 17.300
57163.380 17.300
57163.380 17.301
57163.380 17.301
57163.380 17.304
57163.380 17.304
57163.380 17.313
57163.380 17.313
57163.380 17.317
57163.380 17.317
57166.353 17.335
57166.353 17.335
57166.353 17.345
57166.353 17.345
57166.353 17.349
57166.353 17.349
57166.353 17.354
57166.353 17.354
57166.353 17.357
57166.353 17.357
57166.353 17.358
57166.353 17.358
57166.353 17.359
57166.353 17.359
57166.353 17.369
57166.353 17.369
57166.353 17.373
57166.353 17.373
57166.920 17.346
57166.920 17.346
57166.920 17.355
57166.920 17.355
57166.920 17.360
57166.920 17.360
57166.920 17.365
57166.920 17.365
57166.920 17.368
57166.920 17.368
57166.920 17.369
57166.920 17.369
57166.920 17.369
57166.920 17.369
57166.920 17.380
57166.920 17.380
57166.920 17.383
57166.920 17.383
57168.816 17.381
57168.816 17.381
57168.816 17.391
57168.816 17.391
57168.816 17.396
57168.816 17.396
57168.816 17.400
57168.816 17.400
57168.816 17.404
57168.816 17.404
57168.816 17.405
57168.816 17.405
57168.816 17.405
57168.816 17.405
57168.816 17.415
57168.816 17.415
57168.816 17.419
57168.816 17.419
57171.900 17.439
57171.900 17.439
57171.900 17.448
57171.900 17.448
57171.900 17.454
57171.900 17.454
57171.900 17.458
57171.900 17.458
57171.900 17.460
57171.900 17.460
57171.900 17.464
57171.900 17.464
57171.900 17.464
57171.900 17.464
57171.900 17.473
57171.900 17.473
57171.900 17.476
57171.900 17.476
57172.407 17.448
57172.407 17.448
57172.407 17.458
57172.407 17.458
57172.407 17.464
57172.407 17.464
57172.407 17.467
57172.407 17.467
57172.407 17.469
57172.407 17.469
57172.407 17.473
57172.407 17.473
57172.407 17.474
57172.407 17.474
57172.407 17.482
57172.407 17.482
57172.407 17.485
57172.407 17.485
57173.380 17.467
57173.380 17.467
57173.380 17.476
57173.380 17.476
57173.380 17.482
57173.380 17.482
57173.380 17.485
57173.380 17.485
57173.380 17.487
57173.380 17.487
57173.380 17.492
57173.380 17.492
57173.380 17.492
57173.380 17.492
57173.380 17.500
57173.380 17.500
57173.380 17.504
57173.380 17.504
57174.252 17.483
57174.252 17.483
57174.252 17.492
57174.252 17.492
57174.252 17.498
57174.252 17.498
57174.252 17.501
57174.252 17.501
57174.252 17.502
57174.252 17.502
57174.252 17.508
57174.252 17.508
57174.252 17.509
57174.252 17.509
57174.252 17.516
57174.252 17.516
57174.252 17.520
57174.252 17.520
57175.020 17.497
57175.020 17.497
57175.020 17.507
57175.020 17.507
57175.020 17.513
57175.020 17.513
57175.020 17.516
57175.020 17.516
57175.020 17.516
57175.020 17.516
57175.020 17.523
57175.020 17.523
57175.020 17.523
57175.020 17.523
57175.020 17.531
57175.020 17.531
57175.020 17.534
57175.020 17.534
57176.950 17.533
57176.950 17.533
57176.950 17.542
57176.950 17.542
57176.950 17.549
57176.950 17.549
57176.950 17.551
57176.950 17.551
57176.950 17.551
57176.950 17.551
57176.950 17.559
57176.950 17.559
57176.950 17.560
57176.950 17.560
57176.950 17.566
57176.950 17.566
57176.950 17.569
57176.950 17.569
57178.110 17.555
57178.110 17.555
57178.110 17.564
57178.110 17.564
57178.110 17.570
57178.110 17.570
57178.110 17.572
57178.110 17.572
57178.110 17.573
57178.110 17.573
57178.110 17.581
57178.110 17.581
57178.110 17.581
57178.110 17.581
57178.110 17.588
57178.110 17.588
57178.110 17.591
57178.110 17.591
57179.110 17.574
57179.110 17.574
57179.110 17.582
57179.110 17.582
57179.110 17.589
57179.110 17.589
57179.110 17.590
57179.110 17.590
57179.110 17.591
57179.110 17.591
57179.110 17.600
57179.110 17.600
57179.110 17.600
57179.110 17.600
57179.110 17.606
57179.110 17.606
57179.110 17.609
57179.110 17.609
57179.687 17.584
57179.687 17.584
57179.687 17.593
57179.687 17.593
57179.687 17.600
57179.687 17.600
57179.687 17.600
57179.687 17.600
57179.687 17.602
57179.687 17.602
57179.687 17.610
57179.687 17.610
57179.687 17.611
57179.687 17.611
57179.687 17.617
57179.687 17.617
57179.687 17.619
57179.687 17.619
57182.120 17.629
57182.120 17.629
57182.120 17.638
57182.120 17.638
57182.120 17.643
57182.120 17.643
57182.120 17.645
57182.120 17.645
57182.120 17.646
57182.120 17.646
57182.120 17.656
57182.120 17.656
57182.120 17.656
57182.120 17.656
57182.120 17.661
57182.120 17.661
57182.120 17.664
57182.120 17.664
57183.020 17.646
57183.020 17.646
57183.020 17.654
57183.020 17.654
57183.020 17.659
57183.020 17.659
57183.020 17.661
57183.020 17.661
57183.020 17.663
57183.020 17.663
57183.020 17.672
57183.020 17.672
57183.020 17.673
57183.020 17.673
57183.020 17.677
57183.020 17.677
57183.020 17.680
57183.020 17.680
57184.030 17.665
57184.030 17.665
57184.030 17.673
57184.030 17.673
57184.030 17.677
57184.030 17.677
57184.030 17.680
57184.030 17.680
57184.030 17.681
57184.030 17.681
57184.030 17.691
57184.030 17.691
57184.030 17.691
57184.030 17.691
57184.030 17.696
57184.030 17.696
57184.030 17.698
57184.030 17.698
57184.960 17.682
57184.960 17.682
57184.960 17.689
57184.960 17.689
57184.960 17.693
57184.960 17.693
57184.960 17.697
57184.960 17.697
57184.960 17.698
57184.960 17.698
57184.960 17.708
57184.960 17.708
57184.960 17.709
57184.960 17.709
57184.960 17.712
57184.960 17.712
57184.960 17.715
57184.960 17.715
57185.020 17.683
57185.020 17.683
57185.020 17.691
57185.020 17.691
57185.020 17.694
57185.020 17.694
57185.020 17.698
57185.020 17.698
57185.020 17.699
57185.020 17.699
57185.020 17.709
57185.020 17.709
57185.020 17.710
57185.020 17.710
57185.020 17.714
57185.020 17.714
57185.020 17.716
57185.020 17.716
57185.123 17.685
57185.123 17.685
57185.123 17.692
57185.123 17.692
57185.123 17.696
57185.123 17.696
57185.123 17.700
57185.123 17.700
57185.123 17.701
57185.123 17.701
57185.123 17.711
57185.123 17.711
57185.123 17.712
57185.123 17.712
57185.123 17.715
57185.123 17.715
57185.123 17.718
57185.123 17.718
57185.212 17.686
57185.212 17.686
57185.212 17.694
57185.212 17.694
57185.212 17.698
57185.212 17.698
57185.212 17.701
57185.212 17.701
57185.212 17.703
57185.212 17.703
57185.212 17.712
57185.212 17.712
57185.212 17.713
57185.212 17.713
57185.212 17.717
57185.212 17.717
57185.212 17.719
57185.212 17.719
57186.770 17.715
57186.770 17.715
57186.770 17.722
57186.770 17.722
57186.770 17.725
57186.770 17.725
57186.770 17.730
57186.770 17.730
57186.770 17.731
57186.770 17.731
57186.770 17.741
57186.770 17.741
57186.770 17.742
57186.770 17.742
57186.770 17.745
57186.770 17.745
57186.770 17.747
57186.770 17.747
57190.559 17.784
57190.559 17.784
57190.559 17.791
57190.559 17.791
57190.559 17.791
57190.559 17.791
57190.559 17.798
57190.559 17.798
57190.559 17.799
57190.559 17.799
57190.559 17.809
57190.559 17.809
57190.559 17.811
57190.559 17.811
57190.559 17.813
57190.559 17.813
57190.559 17.814
57190.559 17.814
57192.710 17.823
57192.710 17.823
57192.710 17.828
57192.710 17.828
57192.710 17.829
57192.710 17.829
57192.710 17.836
57192.710 17.836
57192.710 17.837
57192.710 17.837
57192.710 17.847
57192.710 17.847
57192.710 17.849
57192.710 17.849
57192.710 17.851
57192.710 17.851
57192.710 17.852
57192.710 17.852
57195.995 17.882
57195.995 17.882
57195.995 17.884
57195.995 17.884
57195.995 17.887
57195.995 17.887
57195.995 17.895
57195.995 17.895
57195.995 17.895
57195.995 17.895
57195.995 17.905
57195.995 17.905
57195.995 17.908
57195.995 17.908
57195.995 17.908
57195.995 17.908
57195.995 17.909
57195.995 17.909
57199.060 17.936
57199.060 17.936
57199.060 17.936
57199.060 17.936
57199.060 17.941
57199.060 17.941
57199.060 17.948
57199.060 17.948
57199.060 17.948
57199.060 17.948
57199.060 17.959
57199.060 17.959
57199.060 17.961
57199.060 17.961
57199.060 17.962
57199.060 17.962
57199.060 17.962
57199.060 17.962
57199.380 17.941
57199.380 17.941
57199.380 17.942
57199.380 17.942
57199.380 17.947
57199.380 17.947
57199.380 17.954
57199.380 17.954
57199.380 17.954
57199.380 17.954
57199.380 17.964
57199.380 17.964
57199.380 17.967
57199.380 17.967
57199.380 17.968
57199.380 17.968
57199.380 17.968
57199.380 17.968
57201.430 17.975
57201.430 17.975
57201.430 17.978
57201.430 17.978
57201.430 17.982
57201.430 17.982
57201.430 17.989
57201.430 17.989
57201.430 17.989
57201.430 17.989
57201.430 18.000
57201.430 18.000
57201.430 18.002
57201.430 18.002
57201.430 18.003
57201.430 18.003
57201.430 18.003
57201.430 18.003
57205.700 18.046
57205.700 18.046
57205.700 18.053
57205.700 18.053
57205.700 18.056
57205.700 18.056
57205.700 18.062
57205.700 18.062
57205.700 18.062
57205.700 18.062
57205.700 18.073
57205.700 18.073
57205.700 18.074
57205.700 18.074
57205.700 18.075
57205.700 18.075
57205.700 18.077
57205.700 18.077
57206.340 18.056
57206.340 18.056
57206.340 18.064
57206.340 18.064
57206.340 18.067
57206.340 18.067
57206.340 18.073
57206.340 18.073
57206.340 18.073
57206.340 18.073
57206.340 18.083
57206.340 18.083
57206.340 18.085
57206.340 18.085
57206.340 18.085
57206.340 18.085
57206.340 18.088
57206.340 18.088
57206.833 18.064
57206.833 18.064
57206.833 18.072
57206.833 18.072
57206.833 18.075
57206.833 18.075
57206.833 18.081
57206.833 18.081
57206.833 18.081
57206.833 18.081
57206.833 18.092
57206.833 18.092
57206.833 18.093
57206.833 18.093
57206.833 18.093
57206.833 18.093
57206.833 18.096
57206.833 18.096
57206.866 18.065
57206.866 18.065
57206.866 18.073
57206.866 18.073
57206.866 18.076
57206.866 18.076
57206.866 18.082
57206.866 18.082
57206.866 18.082
57206.866 18.082
57206.866 18.092
57206.866 18.092
57206.866 18.094
57206.866 18.094
57206.866 18.094
57206.866 18.094
57206.866 18.097
57206.866 18.097
57210.040 18.117
57210.040 18.117
57210.040 18.127
57210.040 18.127
57210.040 18.129
57210.040 18.129
57210.040 18.135
57210.040 18.135
57210.040 18.135
57210.040 18.135
57210.040 18.145
57210.040 18.145
57210.040 18.147
57210.040 18.147
57210.040 18.147
57210.040 18.147
57210.040 18.151
57210.040 18.151
57212.302 18.153
57212.302 18.153
57212.302 18.166
57212.302 18.166
57212.302 18.167
57212.302 18.167
57212.302 18.173
57212.302 18.173
57212.302 18.173
57212.302 18.173
57212.302 18.183
57212.302 18.183
57212.302 18.184
57212.302 18.184
57212.302 18.184
57212.302 18.184
57212.302 18.189
57212.302 18.189
57212.390 18.154
57212.390 18.154
57212.390 18.167
57212.390 18.167
57212.390 18.169
57212.390 18.169
57212.390 18.174
57212.390 18.174
57212.390 18.175
57212.390 18.175
57212.390 18.184
57212.390 18.184
57212.390 18.185
57212.390 18.185
57212.390 18.186
57212.390 18.186
57212.390 18.190
57212.390 18.190
57217.730 18.239
57217.730 18.239
57217.730 18.257
57217.730 18.257
57217.730 18.257
57217.730 18.257
57217.730 18.262
57217.730 18.262
57217.730 18.262
57217.730 18.262
57217.730 18.271
57217.730 18.271
57217.730 18.272
57217.730 18.272
57217.730 18.273
57217.730 18.273
57217.730 18.278
57217.730 18.278
57217.738 18.239
57217.738 18.239
57217.738 18.257
57217.738 18.257
57217.738 18.257
57217.738 18.257
57217.738 18.262
57217.738 18.262
57217.738 18.262
57217.738 18.262
57217.738 18.272
57217.738 18.272
57217.738 18.272
57217.738 18.272
57217.738 18.273
57217.738 18.273
57217.738 18.278
57217.738 18.278
57221.000 18.291
57221.000 18.291
57221.000 18.310
57221.000 18.310
57221.000 18.310
57221.000 18.310
57221.000 18.315
57221.000 18.315
57221.000 18.315
57221.000 18.315
57221.000 18.324
57221.000 18.324
57221.000 18.324
57221.000 18.324
57221.000 18.325
57221.000 18.325
57221.000 18.331
57221.000 18.331
57223.173 18.324
57223.173 18.324
57223.173 18.345
57223.173 18.345
57223.173 18.346
57223.173 18.346
57223.173 18.349
57223.173 18.349
57223.173 18.350
57223.173 18.350
57223.173 18.358
57223.173 18.358
57223.173 18.359
57223.173 18.359
57223.173 18.360
57223.173 18.360
57223.173 18.366
57223.173 18.366
57228.609 18.408
57228.609 18.408
57228.609 18.431
57228.609 18.431
57228.609 18.433
57228.609 18.433
57228.609 18.435
57228.609 18.435
57228.609 18.435
57228.609 18.435
57228.609 18.443
57228.609 18.443
57228.609 18.444
57228.609 18.444
57228.609 18.445
57228.609 18.445
57228.609 18.452
57228.609 18.452
57230.350 18.434
57230.350 18.434
57230.350 18.458
57230.350 18.458
57230.350 18.461
57230.350 18.461
57230.350 18.462
57230.350 18.462
57230.350 18.463
57230.350 18.463
57230.350 18.469
57230.350 18.469
57230.350 18.471
57230.350 18.471
57230.350 18.472
57230.350 18.472
57230.350 18.480
57230.350 18.480
57232.370 18.464
57232.370 18.464
57232.370 18.490
57232.370 18.490
57232.370 18.493
57232.370 18.493
57232.370 18.493
57232.370 18.493
57232.370 18.494
57232.370 18.494
57232.370 18.500
57232.370 18.500
57232.370 18.502
57232.370 18.502
57232.370 18.503
57232.370 18.503
57232.370 18.511
57232.370 18.511
57234.045 18.489
57234.045 18.489
57234.045 18.516
57234.045 18.516
57234.045 18.519
57234.045 18.519
57234.045 18.519
57234.045 18.519
57234.045 18.520
57234.045 18.520
57234.045 18.526
57234.045 18.526
57234.045 18.528
57234.045 18.528
57234.045 18.528
57234.045 18.528
57234.045 18.537
57234.045 18.537
57236.710 18.529
57236.710 18.529
57236.710 18.556
57236.710 18.556
57236.710 18.560
57236.710 18.560
57236.710 18.560
57236.710 18.560
57236.710 18.561
57236.710 18.561
57236.710 18.566
57236.710 18.566
57236.710 18.568
57236.710 18.568
57236.710 18.569
57236.710 18.569
57236.710 18.578
57236.710 18.578
57239.481 18.570
57239.481 18.570
57239.481 18.598
57239.481 18.598
57239.481 18.602
57239.481 18.602
57239.481 18.602
57239.481 18.602
57239.481 18.603
57239.481 18.603
57239.481 18.607
57239.481 18.607
57239.481 18.610
57239.481 18.610
57239.481 18.610
57239.481 18.610
57239.481 18.620
57239.481 18.620
57244.916 18.649
57244.916 18.649
57244.916 18.680
57244.916 18.680
57244.916 18.683
57244.916 18.683
57244.916 18.683
57244.916 18.683
57244.916 18.686
57244.916 18.686
57244.916 18.687
57244.916 18.687
57244.916 18.691
57244.916 18.691
57244.916 18.691
57244.916 18.691
57244.916 18.701
57244.916 18.701
57250.352 18.726
57250.352 18.726
57250.352 18.760
57250.352 18.760
57250.352 18.762
57250.352 18.762
57250.352 18.762
57250.352 18.762
57250.352 18.766
57250.352 18.766
57250.352 18.766
57250.352 18.766
57250.352 18.770
57250.352 18.770
57250.352 18.770
57250.352 18.770
57250.352 18.781
57250.352 18.781
57255.788 18.803
57255.788 18.803
57255.788 18.838
57255.788 18.838
57255.788 18.840
57255.788 18.840
57255.788 18.841
57255.788 18.841
57255.788 18.843
57255.788 18.843
57255.788 18.846
57255.788 18.846
57255.788 18.848
57255.788 18.848
57255.788 18.848
57255.788 18.848
57255.788 18.859
57255.788 18.859
57261.224 18.878
57261.224 18.878
57261.224 18.915
57261.224 18.915
57261.224 18.917
57261.224 18.917
57261.224 18.917
57261.224 18.917
57261.224 18.919
57261.224 18.919
57261.224 18.923
57261.224 18.923
57261.224 18.924
57261.224 18.924
57261.224 18.925
57261.224 18.925
57261.224 18.936
57261.224 18.936
57266.659 18.952
57266.659 18.952
57266.659 18.990
57266.659 18.990
57266.659 18.992
57266.659 18.992
57266.659 18.993
57266.659 18.993
57266.659 18.994
57266.659 18.994
57266.659 18.999
57266.659 18.999
57266.659 19.000
57266.659 19.000
57266.659 19.000
57266.659 19.000
57266.659 19.012
57266.659 19.012
57272.095 19.024
57272.095 19.024
57272.095 19.065
57272.095 19.065
57272.095 19.066
57272.095 19.066
57272.095 19.067
57272.095 19.067
57272.095 19.068
57272.095 19.068
57272.095 19.073
57272.095 19.073
57272.095 19.074
57272.095 19.074
57272.095 19.075
57272.095 19.075
57272.095 19.086
57272.095 19.086
57277.531 19.096
57277.531 19.096
57277.531 19.138
57277.531 19.138
57277.531 19.139
57277.531 19.139
57277.531 19.140
57277.531 19.140
57277.531 19.140
57277.531 19.140
57277.531 19.146
57277.531 19.146
57277.531 19.147
57277.531 19.147
57277.531 19.148
57277.531 19.148
57277.531 19.160
57277.531 19.160
57282.967 19.166
57282.967 19.166
57282.967 19.209
57282.967 19.209
57282.967 19.211
57282.967 19.211
57282.967 19.211
57282.967 19.211
57282.967 19.212
57282.967 19.212
57282.967 19.218
57282.967 19.218
57282.967 19.219
57282.967 19.219
57282.967 19.221
57282.967 19.221
57282.967 19.232
57282.967 19.232
57288.402 19.236
57288.402 19.236
57288.402 19.280
57288.402 19.280
57288.402 19.281
57288.402 19.281
57288.402 19.281
57288.402 19.281
57288.402 19.283
57288.402 19.283
57288.402 19.288
57288.402 19.288
57288.402 19.290
57288.402 19.290
57288.402 19.292
57288.402 19.292
57288.402 19.302
57288.402 19.302
57293.838 19.304
57293.838 19.304
57293.838 19.350
57293.838 19.350
57293.838 19.351
57293.838 19.351
57293.838 19.351
57293.838 19.351
57293.838 19.353
57293.838 19.353
57293.838 19.358
57293.838 19.358
57293.838 19.360
57293.838 19.360
57293.838 19.362
57293.838 19.362
57293.838 19.372
57293.838 19.372
57299.274 19.372
57299.274 19.372
57299.274 19.418
57299.274 19.418
57299.274 19.419
57299.274 19.419
57299.274 19.420
57299.274 19.420
57299.274 19.421
57299.274 19.421
57299.274 19.426
57299.274 19.426
57299.274 19.429
57299.274 19.429
57299.274 19.431
57299.274 19.431
57299.274 19.441
57299.274 19.441
57304.710 19.438
57304.710 19.438
57304.710 19.486
57304.710 19.486
57304.710 19.486
57304.710 19.486
57304.710 19.487
57304.710 19.487
57304.710 19.489
57304.710 19.489
57304.710 19.494
57304.710 19.494
57304.710 19.496
57304.710 19.496
57304.710 19.499
57304.710 19.499
57304.710 19.508
57304.710 19.508
57310.145 19.503
57310.145 19.503
57310.145 19.552
57310.145 19.552
57310.145 19.552
57310.145 19.552
57310.145 19.554
57310.145 19.554
57310.145 19.556
57310.145 19.556
57310.145 19.560
57310.145 19.560
57310.145 19.563
57310.145 19.563
57310.145 19.566
57310.145 19.566
57310.145 19.575
57310.145 19.575
57315.581 19.568
57315.581 19.568
57315.581 19.617
57315.581 19.617
57315.581 19.618
57315.581 19.618
57315.581 19.619
57315.581 19.619
57315.581 19.621
57315.581 19.621
57315.581 19.626
57315.581 19.626
57315.581 19.629
57315.581 19.629
57315.581 19.632
57315.581 19.632
57315.581 19.641
57315.581 19.641
57321.017 19.631
57321.017 19.631
57321.017 19.681
57321.017 19.681
57321.017 19.682
57321.017 19.682
57321.017 19.684
57321.017 19.684
57321.017 19.686
57321.017 19.686
57321.017 19.690
57321.017 19.690
57321.017 19.694
57321.017 19.694
57321.017 19.697
57321.017 19.697
57321.017 19.705
57321.017 19.705
57326.453 19.694
57326.453 19.694
57326.453 19.745
57326.453 19.745
57326.453 19.746
57326.453 19.746
57326.453 19.747
57326.453 19.747
57326.453 19.750
57326.453 19.750
57326.453 19.754
57326.453 19.754
57326.453 19.758
57326.453 19.758
57326.453 19.761
57326.453 19.761
57326.453 19.769
57326.453 19.769
57330.722 19.743
57330.722 19.743
57330.722 19.794
57330.722 19.794
57330.722 19.795
57330.722 19.795
57330.722 19.797
57330.722 19.797
57330.722 19.800
57330.722 19.800
57330.722 19.803
57330.722 19.803
57330.722 19.807
57330.722 19.807
57330.722 19.810
57330.722 19.810
57330.722 19.819
57330.722 19.819
57331.888 19.756
57331.888 19.756
57331.888 19.807
57331.888 19.807
57331.888 19.808
57331.888 19.808
57331.888 19.810
57331.888 19.810
57331.888 19.813
57331.888 19.813
57331.888 19.817
57331.888 19.817
57331.888 19.821
57331.888 19.821
57331.888 19.824
57331.888 19.824
57331.888 19.832
57331.888 19.832
57335.787 19.800
57335.787 19.800
57335.787 19.852
57335.787 19.852
57335.787 19.853
57335.787 19.853
57335.787 19.855
57335.787 19.855
57335.787 19.858
57335.787 19.858
57335.787 19.861
57335.787 19.861
57335.787 19.866
57335.787 19.866
57335.787 19.869
57335.787 19.869
57335.787 19.877
57335.787 19.877
57337.324 19.817
57337.324 19.817
57337.324 19.869
57337.324 19.869
57337.324 19.870
57337.324 19.870
57337.324 19.872
57337.324 19.872
57337.324 19.875
57337.324 19.875
57337.324 19.879
57337.324 19.879
57337.324 19.883
57337.324 19.883
57337.324 19.886
57337.324 19.886
57337.324 19.894
57337.324 19.894
57342.760 19.877
57342.760 19.877
57342.760 19.930
57342.760 19.930
57342.760 19.931
57342.760 19.931
57342.760 19.933
57342.760 19.933
57342.760 19.936
57342.760 19.936
57342.760 19.940
57342.760 19.940
57342.760 19.945
57342.760 19.945
57342.760 19.947
57342.760 19.947
57342.760 19.955
57342.760 19.955
57348.196 19.937
57348.196 19.937
57348.196 19.990
57348.196 19.990
57348.196 19.992
57348.196 19.992
57348.196 19.994
57348.196 19.994
57348.196 19.997
57348.196 19.997
57348.196 20.000
57348.196 20.000
57348.196 20.005
57348.196 20.005
57348.196 20.008
57348.196 20.008
57348.196 20.016
57348.196 20.016
57353.632 19.995
57353.632 19.995
57353.632 20.049
57353.632 20.049
57353.632 20.051
57353.632 20.051
57353.632 20.053
57353.632 20.053
57353.632 20.057
57353.632 20.057
57353.632 20.059
57353.632 20.059
57353.632 20.065
57353.632 20.065
57353.632 20.068
57353.632 20.068
57353.632 20.075
57353.632 20.075
57359.067 20.053
57359.067 20.053
57359.067 20.107
57359.067 20.107
57359.067 20.110
57359.067 20.110
57359.067 20.112
57359.067 20.112
57359.067 20.115
57359.067 20.115
57359.067 20.118
57359.067 20.118
57359.067 20.124
57359.067 20.124
57359.067 20.127
57359.067 20.127
57359.067 20.134
57359.067 20.134
57364.503 20.110
57364.503 20.110
57364.503 20.165
57364.503 20.165
57364.503 20.167
57364.503 20.167
57364.503 20.170
57364.503 20.170
57364.503 20.174
57364.503 20.174
57364.503 20.176
57364.503 20.176
57364.503 20.182
57364.503 20.182
57364.503 20.185
57364.503 20.185
57364.503 20.192
57364.503 20.192
57369.939 20.167
57369.939 20.167
57369.939 20.222
57369.939 20.222
57369.939 20.225
57369.939 20.225
57369.939 20.228
57369.939 20.228
57369.939 20.231
57369.939 20.231
57369.939 20.233
57369.939 20.233
57369.939 20.240
57369.939 20.240
57369.939 20.242
57369.939 20.242
57369.939 20.250
57369.939 20.250
57373.330 20.202
57373.330 20.202
57373.330 20.257
57373.330 20.257
57373.330 20.260
57373.330 20.260
57373.330 20.263
57373.330 20.263
57373.330 20.266
57373.330 20.266
57373.330 20.269
57373.330 20.269
57373.330 20.275
57373.330 20.275
57373.330 20.278
57373.330 20.278
57373.330 20.285
57373.330 20.285
57375.375 20.222
57375.375 20.222
57375.375 20.279
57375.375 20.279
57375.375 20.281
57375.375 20.281
57375.375 20.284
57375.375 20.284
57375.375 20.288
57375.375 20.288
57375.375 20.290
57375.375 20.290
57375.375 20.297
57375.375 20.297
57375.375 20.299
57375.375 20.299
57375.375 20.306
57375.375 20.306
57378.080 20.250
57378.080 20.250
57378.080 20.306
57378.080 20.306
57378.080 20.309
57378.080 20.309
57378.080 20.312
57378.080 20.312
57378.080 20.316
57378.080 20.316
57378.080 20.318
57378.080 20.318
57378.080 20.325
57378.080 20.325
57378.080 20.327
57378.080 20.327
57378.080 20.334
57378.080 20.334
57379.200 20.261
57379.200 20.261
57379.200 20.318
57379.200 20.318
57379.200 20.320
57379.200 20.320
57379.200 20.324
57379.200 20.324
57379.200 20.327
57379.200 20.327
57379.200 20.329
57379.200 20.329
57379.200 20.336
57379.200 20.336
57379.200 20.338
57379.200 20.338
57379.200 20.346
57379.200 20.346
57380.810 20.278
57380.810 20.278
57380.810 20.334
57380.810 20.334
57380.810 20.337
57380.810 20.337
57380.810 20.340
57380.810 20.340
57380.810 20.344
57380.810 20.344
57380.810 20.346
57380.810 20.346
57380.810 20.353
57380.810 20.353
57380.810 20.355
57380.810 20.355
57380.810 20.362
57380.810 20.362
57386.246 20.332
57386.246 20.332
57386.246 20.389
57386.246 20.389
57386.246 20.392
57386.246 20.392
57386.246 20.395
57386.246 20.395
57386.246 20.399
57386.246 20.399
57386.246 20.401
57386.246 20.401
57386.246 20.408
57386.246 20.408
57386.246 20.410
57386.246 20.410
57386.246 20.417
57386.246 20.417
57391.682 20.386
57391.682 20.386
57391.682 20.443
57391.682 20.443
57391.682 20.446
57391.682 20.446
57391.682 20.450
57391.682 20.450
57391.682 20.454
57391.682 20.454
57391.682 20.456
57391.682 20.456
57391.682 20.463
57391.682 20.463
57391.682 20.465
57391.682 20.465
57391.682 20.472
57391.682 20.472
57397.118 20.439
57397.118 20.439
57397.118 20.497
57397.118 20.497
57397.118 20.500
57397.118 20.500
57397.118 20.504
57397.118 20.504
57397.118 20.508
57397.118 20.508
57397.118 20.509
57397.118 20.509
57397.118 20.517
57397.118 20.517
57397.118 20.519
57397.118 20.519
57397.118 20.526
57397.118 20.526
57401.580 20.482
57401.580 20.482
57401.580 20.540
57401.580 20.540
57401.580 20.543
57401.580 20.543
57401.580 20.548
57401.580 20.548
57401.580 20.552
57401.580 20.552
57401.580 20.553
57401.580 20.553
57401.580 20.561
57401.580 20.561
57401.580 20.563
57401.580 20.563
57401.580 20.569
57401.580 20.569
57402.553 20.491
57402.553 20.491
57402.553 20.550
57402.553 20.550
57402.553 20.553
57402.553 20.553
57402.553 20.557
57402.553 20.557
57402.553 20.561
57402.553 20.561
57402.553 20.563
57402.553 20.563
57402.553 20.571
57402.553 20.571
57402.553 20.572
57402.553 20.572
57402.553 20.579
57402.553 20.579
57403.500 20.500
57403.500 20.500
57403.500 20.559
57403.500 20.559
57403.500 20.562
57403.500 20.562
57403.500 20.566
57403.500 20.566
57403.500 20.570
57403.500 20.570
57403.500 20.572
57403.500 20.572
57403.500 20.580
57403.500 20.580
57403.500 20.581
57403.500 20.581
57403.500 20.588
57403.500 20.588
57404.300 20.508
57404.300 20.508
57404.300 20.567
57404.300 20.567
57404.300 20.570
57404.300 20.570
57404.300 20.574
57404.300 20.574
57404.300 20.578
57404.300 20.578
57404.300 20.580
57404.300 20.580
57404.300 20.588
57404.300 20.588
57404.300 20.589
57404.300 20.589
57404.300 20.596
57404.300 20.596
57407.989 20.543
57407.989 20.543
57407.989 20.602
57407.989 20.602
57407.989 20.605
57407.989 20.605
57407.989 20.610
57407.989 20.610
57407.989 20.614
57407.989 20.614
57407.989 20.615
57407.989 20.615
57407.989 20.624
57407.989 20.624
57407.989 20.625
57407.989 20.625
57407.989 20.632
57407.989 20.632
57409.470 20.557
57409.470 20.557
57409.470 20.617
57409.470 20.617
57409.470 20.620
57409.470 20.620
57409.470 20.624
57409.470 20.624
57409.470 20.628
57409.470 20.628
57409.470 20.630
57409.470 20.630
57409.470 20.638
57409.470 20.638
57409.470 20.639
57409.470 20.639
57409.470 20.646
57409.470 20.646
57413.425 20.594
57413.425 20.594
57413.425 20.654
57413.425 20.654
57413.425 20.657
57413.425 20.657
57413.425 20.662
57413.425 20.662
57413.425 20.666
57413.425 20.666
57413.425 20.667
57413.425 20.667
57413.425 20.676
57413.425 20.676
57413.425 20.677
57413.425 20.677
57413.425 20.684
57413.425 20.684
57418.861 20.645
57418.861 20.645
57418.861 20.705
57418.861 20.705
57418.861 20.708
57418.861 20.708
57418.861 20.713
57418.861 20.713
57418.861 20.717
57418.861 20.717
57418.861 20.719
57418.861 20.719
57418.861 20.728
57418.861 20.728
57418.861 20.728
57418.861 20.728
57418.861 20.735
57418.861 20.735
57423.220 20.685
57423.220 20.685
57423.220 20.746
57423.220 20.746
57423.220 20.749
57423.220 20.749
57423.220 20.754
57423.220 20.754
57423.220 20.758
57423.220 20.758
57423.220 20.760
57423.220 20.760
57423.220 20.769
57423.220 20.769
57423.220 20.769
57423.220 20.769
57423.220 20.776
57423.220 20.776
57423.520 20.688
57423.520 20.688
57423.520 20.749
57423.520 20.749
57423.520 20.752
57423.520 20.752
57423.520 20.757
57423.520 20.757
57423.520 20.761
57423.520 20.761
57423.520 20.762
57423.520 20.762
57423.520 20.772
57423.520 20.772
57423.520 20.772
57423.520 20.772
57423.520 20.779
57423.520 20.779
57424.296 20.695
57424.296 20.695
57424.296 20.756
57424.296 20.756
57424.296 20.759
57424.296 20.759
57424.296 20.764
57424.296 20.764
57424.296 20.768
57424.296 20.768
57424.296 20.770
57424.296 20.770
57424.296 20.779
57424.296 20.779
57424.296 20.779
57424.296 20.779
57424.296 20.786
57424.296 20.786
57425.630 20.707
57425.630 20.707
57425.630 20.768
57425.630 20.768
57425.630 20.772
57425.630 20.772
57425.630 20.776
57425.630 20.776
57425.630 20.781
57425.630 20.781
57425.630 20.782
57425.630 20.782
57425.630 20.791
57425.630 20.791
57425.630 20.792
57425.630 20.792
57425.630 20.798
57425.630 20.798
57429.732 20.745
57429.732 20.745
57429.732 20.806
57429.732 20.806
57429.732 20.809
57429.732 20.809
57429.732 20.814
57429.732 20.814
57429.732 20.819
57429.732 20.819
57429.732 20.820
57429.732 20.820
57429.732 20.829
57429.732 20.829
57429.732 20.830
57429.732 20.830
57429.732 20.836
57429.732 20.836
57433.210 20.776
57433.210 20.776
57433.210 20.838
57433.210 20.838
57433.210 20.841
57433.210 20.841
57433.210 20.846
57433.210 20.846
57433.210 20.851
57433.210 20.851
57433.210 20.852
57433.210 20.852
57433.210 20.861
57433.210 20.861
57433.210 20.862
57433.210 20.862
57433.210 20.868
57433.210 20.868
57433.550 20.779
57433.550 20.779
57433.550 20.841
57433.550 20.841
57433.550 20.844
57433.550 20.844
57433.550 20.849
57433.550 20.849
57433.550 20.854
57433.550 20.854
57433.550 20.855
57433.550 20.855
57433.550 20.865
57433.550 20.865
57433.550 20.865
57433.550 20.865
57433.550 20.871
57433.550 20.871
57435.168 20.794
57435.168 20.794
57435.168 20.855
57435.168 20.855
57435.168 20.859
57435.168 20.859
57435.168 20.864
57435.168 20.864
57435.168 20.869
57435.168 20.869
57435.168 20.869
57435.168 20.869
57435.168 20.879
57435.168 20.879
57435.168 20.879
57435.168 20.879
57435.168 20.886
57435.168 20.886
57437.720 20.817
57437.720 20.817
57437.720 20.878
57437.720 20.878
57437.720 20.882
57437.720 20.882
57437.720 20.887
57437.720 20.887
57437.720 20.892
57437.720 20.892
57437.720 20.893
57437.720 20.893
57437.720 20.903
57437.720 20.903
57437.720 20.903
57437.720 20.903
57437.720 20.909
57437.720 20.909
57440.604 20.842
57440.604 20.842
57440.604 20.904
57440.604 20.904
57440.604 20.908
57440.604 20.908
57440.604 20.913
57440.604 20.913
57440.604 20.918
57440.604 20.918
57440.604 20.919
57440.604 20.919
57440.604 20.929
57440.604 20.929
57440.604 20.929
57440.604 20.929
57440.604 20.935
57440.604 20.935
57444.240 20.874
57444.240 20.874
57444.240 20.937
57444.240 20.937
57444.240 20.940
57444.240 20.940
57444.240 20.946
57444.240 20.946
57444.240 20.950
57444.240 20.950
57444.240 20.951
57444.240 20.951
57444.240 20.961
57444.240 20.961
57444.240 20.962
57444.240 20.962
57444.240 20.967
57444.240 20.967
57446.039 20.890
57446.039 20.890
57446.039 20.953
57446.039 20.953
57446.039 20.956
57446.039 20.956
57446.039 20.962
57446.039 20.962
57446.039 20.967
57446.039 20.967
57446.039 20.967
57446.039 20.967
57446.039 20.977
57446.039 20.977
57446.039 20.978
57446.039 20.978
57446.039 20.983
57446.039 20.983
57450.520 20.929
57450.520 20.929
57450.520 20.992
57450.520 20.992
57450.520 20.996
57450.520 20.996
57450.520 21.002
57450.520 21.002
57450.520 21.006
57450.520 21.006
57450.520 21.007
57450.520 21.007
57450.520 21.017
57450.520 21.017
57450.520 21.018
57450.520 21.018
57450.520 21.023
57450.520 21.023
57451.475 20.938
57451.475 20.938
57451.475 21.001
57451.475 21.001
57451.475 21.004
57451.475 21.004
57451.475 21.010
57451.475 21.010
57451.475 21.015
57451.475 21.015
57451.475 21.015
57451.475 21.015
57451.475 21.025
57451.475 21.025
57451.475 21.026
57451.475 21.026
57451.475 21.031
57451.475 21.031
57456.270 20.979
57456.270 20.979
57456.270 21.042
57456.270 21.042
57456.270 21.046
57456.270 21.046
57456.270 21.052
57456.270 21.052
57456.270 21.057
57456.270 21.057
57456.270 21.057
57456.270 21.057
57456.270 21.067
57456.270 21.067
57456.270 21.068
57456.270 21.068
57456.270 21.073
57456.270 21.073
57456.911 20.985
57456.911 20.985
57456.911 21.048
57456.911 21.048
57456.911 21.052
57456.911 21.052
57456.911 21.058
57456.911 21.058
57456.911 21.062
57456.911 21.062
57456.911 21.063
57456.911 21.063
57456.911 21.073
57456.911 21.073
57456.911 21.074
57456.911 21.074
57456.911 21.079
57456.911 21.079
57458.570 20.999
57458.570 20.999
57458.570 21.062
57458.570 21.062
57458.570 21.066
57458.570 21.066
57458.570 21.072
57458.570 21.072
57458.570 21.077
57458.570 21.077
57458.570 21.077
57458.570 21.077
57458.570 21.087
57458.570 21.087
57458.570 21.088
57458.570 21.088
57458.570 21.093
57458.570 21.093
57462.347 21.031
57462.347 21.031
57462.347 21.095
57462.347 21.095
57462.347 21.099
57462.347 21.099
57462.347 21.105
57462.347 21.105
57462.347 21.110
57462.347 21.110
57462.347 21.110
57462.347 21.110
57462.347 21.120
57462.347 21.120
57462.347 21.121
57462.347 21.121
57462.347 21.126
57462.347 21.126
57465.530 21.058
57465.530 21.058
57465.530 21.122
57465.530 21.122
57465.530 21.126
57465.530 21.126
57465.530 21.132
57465.530 21.132
57465.530 21.137
57465.530 21.137
57465.530 21.137
57465.530 21.137
57465.530 21.148
57465.530 21.148
57465.530 21.149
57465.530 21.149
57465.530 21.153
57465.530 21.153
57467.782 21.077
57467.782 21.077
57467.782 21.141
57467.782 21.141
57467.782 21.145
57467.782 21.145
57467.782 21.151
57467.782 21.151
57467.782 21.156
57467.782 21.156
57467.782 21.157
57467.782 21.157
57467.782 21.167
57467.782 21.167
57467.782 21.168
57467.782 21.168
57467.782 21.173
57467.782 21.173
57473.218 21.122
57473.218 21.122
57473.218 21.187
57473.218 21.187
57473.218 21.191
57473.218 21.191
57473.218 21.198
57473.218 21.198
57473.218 21.202
57473.218 21.202
57473.218 21.203
57473.218 21.203
57473.218 21.213
57473.218 21.213
57473.218 21.214
57473.218 21.214
57473.218 21.219
57473.218 21.219
57478.654 21.168
57478.654 21.168
57478.654 21.233
57478.654 21.233
57478.654 21.236
57478.654 21.236
57478.654 21.243
57478.654 21.243
57478.654 21.248
57478.654 21.248
57478.654 21.248
57478.654 21.248
57478.654 21.259
57478.654 21.259
57478.654 21.260
57478.654 21.260
57478.654 21.264
57478.654 21.264
57484.090 21.212
57484.090 21.212
57484.090 21.278
57484.090 21.278
57484.090 21.282
57484.090 21.282
57484.090 21.288
57484.090 21.288
57484.090 21.293
57484.090 21.293
57484.090 21.293
57484.090 21.293
57484.090 21.304
57484.090 21.304
57484.090 21.306
57484.090 21.306
57484.090 21.309
57484.090 21.309
57488.150 21.245
57488.150 21.245
57488.150 21.311
57488.150 21.311
57488.150 21.315
57488.150 21.315
57488.150 21.322
57488.150 21.322
57488.150 21.327
57488.150 21.327
57488.150 21.327
57488.150 21.327
57488.150 21.337
57488.150 21.337
57488.150 21.339
57488.150 21.339
57488.150 21.343
57488.150 21.343
57489.525 21.256
57489.525 21.256
57489.525 21.322
57489.525 21.322
57489.525 21.326
57489.525 21.326
57489.525 21.333
57489.525 21.333
57489.525 21.338
57489.525 21.338
57489.525 21.338
57489.525 21.338
57489.525 21.349
57489.525 21.349
57489.525 21.351
57489.525 21.351
57489.525 21.354
57489.525 21.354
57492.140 21.277
57492.140 21.277
57492.140 21.344
57492.140 21.344
57492.140 21.347
57492.140 21.347
57492.140 21.355
57492.140 21.355
57492.140 21.360
57492.140 21.360
57492.140 21.360
57492.140 21.360
57492.140 21.370
57492.140 21.370
57492.140 21.372
57492.140 21.372
57492.140 21.375
57492.140 21.375
57494.961 21.300
57494.961 21.300
57494.961 21.366
57494.961 21.366
57494.961 21.370
57494.961 21.370
57494.961 21.378
57494.961 21.378
57494.961 21.382
57494.961 21.382
57494.961 21.383
57494.961 21.383
57494.961 21.393
57494.961 21.393
57494.961 21.395
57494.961 21.395
57494.961 21.398
57494.961 21.398
57500.397 21.343
57500.397 21.343
57500.397 21.410
57500.397 21.410
57500.397 21.414
57500.397 21.414
57500.397 21.421
57500.397 21.421
57500.397 21.426
57500.397 21.426
57500.397 21.427
57500.397 21.427
57500.397 21.437
57500.397 21.437
57500.397 21.439
57500.397 21.439
57500.397 21.442
57500.397 21.442
57505.833 21.386
57505.833 21.386
57505.833 21.453
57505.833 21.453
57505.833 21.457
57505.833 21.457
57505.833 21.465
57505.833 21.465
57505.833 21.470
57505.833 21.470
57505.833 21.470
57505.833 21.470
57505.833 21.480
57505.833 21.480
57505.833 21.483
57505.833 21.483
57505.833 21.485
57505.833 21.485
57511.268 21.428
57511.268 21.428
57511.268 21.496
57511.268 21.496
57511.268 21.500
57511.268 21.500
57511.268 21.508
57511.268 21.508
57511.268 21.513
57511.268 21.513
57511.268 21.513
57511.268 21.513
57511.268 21.523
57511.268 21.523
57511.268 21.526
57511.268 21.526
57511.268 21.528
57511.268 21.528
57516.704 21.471
57516.704 21.471
57516.704 21.538
57516.704 21.538
57516.704 21.542
57516.704 21.542
57516.704 21.551
57516.704 21.551
57516.704 21.555
57516.704 21.555
57516.704 21.556
57516.704 21.556
57516.704 21.566
57516.704 21.566
57516.704 21.569
57516.704 21.569
57516.704 21.571
57516.704 21.571
57522.140 21.512
57522.140 21.512
57522.140 21.580
57522.140 21.580
57522.140 21.585
57522.140 21.585
57522.140 21.593
57522.140 21.593
57522.140 21.597
57522.140 21.597
57522.140 21.598
57522.140 21.598
57522.140 21.608
57522.140 21.608
57522.140 21.611
57522.140 21.611
57522.140 21.613
57522.140 21.613
