57074.210 16.990 0.090
57079.340 16.990 0.080
57080.330 16.940 0.050
57081.330 16.930 0.060
57082.240 17.050 0.170
57084.240 17.070 0.120
57085.260 17.000 0.140
57091.967 16.789 0.026
57091.970 16.792 0.026
57094.290 16.810 0.040
57095.270 16.850 0.050
57097.210 16.760 0.080
57098.210 16.800 0.070
57099.250 16.810 0.050
57101.310 16.800 0.050
57104.180 16.770 0.080
57110.210 16.870 0.070
57113.290 16.850 0.100
57117.250 16.960 0.120
57118.210 17.140 0.160
57120.210 17.020 0.180
57120.876 17.047 0.032
57120.879 17.017 0.033
57121.876 17.066 0.041
57121.878 17.067 0.035
57126.180 17.280 0.070
57128.160 17.330 0.060
57130.082 17.361 0.052
57130.083 17.299 0.053
57130.085 17.260 0.052
57134.240 17.570 0.070
57134.906 17.604 0.056
57134.907 17.665 0.049
57134.909 17.478 0.050
57135.887 17.576 0.047
57135.890 17.525 0.048
57136.909 17.610 0.051
57136.910 17.743 0.058
57137.210 17.660 0.070
57139.210 17.860 0.070
57141.170 17.880 0.130
57152.160 17.760 0.070
57155.150 17.890 0.060
57160.050 17.920 0.070
57161.010 18.030 0.060
57175.020 18.600 0.220
57183.020 18.550 0.080
57184.030 18.650 0.080
57185.020 18.560 0.070
57190.895 18.685 0.110
57190.897 18.436 0.108
57190.899 18.698 0.120
57193.896 19.148 0.162
57193.897 19.243 0.165
57193.899 18.375 0.112
57199.060 18.770 0.160
57200.896 18.479 999.000
57200.898 18.420 999.000
57200.900 18.130 999.000
57201.897 18.344 999.000
57210.040 18.760 0.200
57221.000 18.660 0.200
56984.000 53.825 999.000
56984.000 54.100 999.000
56984.000 54.111 999.000
56984.000 54.195 999.000
56984.000 54.210 999.000
56984.000 54.253 999.000
56984.000 54.258 999.000
56984.000 54.265 999.000
56984.000 54.498 999.000
56989.436 53.825 999.000
56989.436 54.100 999.000
56989.436 54.111 999.000
56989.436 54.195 999.000
56989.436 54.210 999.000
56989.436 54.253 999.000
56989.436 54.258 999.000
56989.436 54.265 999.000
56989.436 54.498 999.000
56994.872 53.825 999.000
56994.872 54.100 999.000
56994.872 54.111 999.000
56994.872 54.195 999.000
56994.872 54.210 999.000
56994.872 54.253 999.000
56994.872 54.258 999.000
56994.872 54.265 999.000
56994.872 54.498 999.000
57000.307 21.627 999.000
57000.307 21.742 999.000
57000.307 21.954 999.000
57000.307 24.076 999.000
57000.307 24.248 999.000
57000.307 24.524 999.000
57000.307 24.709 999.000
57000.307 54.265 999.000
57000.307 54.498 999.000
57005.743 20.120 999.000
57005.743 20.176 999.000
57005.743 20.265 999.000
57005.743 20.881 999.000
57005.743 20.882 999.000
57005.743 20.916 999.000
57005.743 20.958 999.000
57005.743 21.374 999.000
57005.743 21.673 999.000
57011.179 19.304 999.000
57011.179 19.338 999.000
57011.179 19.390 999.000
57011.179 19.702 999.000
57011.179 19.705 999.000
57011.179 19.717 999.000
57011.179 19.758 999.000
57011.179 19.948 999.000
57011.179 20.168 999.000
57014.000 18.998 999.000
57014.000 19.025 999.000
57014.000 19.066 999.000
57014.000 19.294 999.000
57014.000 19.305 999.000
57014.000 19.317 999.000
57014.000 19.351 999.000
57014.000 19.492 999.000
57014.000 19.690 999.000
57014.070 18.991 999.000
57014.070 19.018 999.000
57014.070 19.059 999.000
57014.070 19.285 999.000
57014.070 19.296 999.000
57014.070 19.308 999.000
57014.070 19.342 999.000
57014.070 19.482 999.000
57014.070 19.679 999.000
57016.615 18.759 999.000
57016.615 18.780 999.000
57016.615 18.814 999.000
57016.615 18.988 999.000
57016.615 19.003 999.000
57016.615 19.014 999.000
57016.615 19.045 999.000
57016.615 19.154 999.000
57016.615 19.336 999.000
57022.050 18.360 999.000
57022.050 18.371 999.000
57022.050 18.394 999.000
57022.050 18.497 999.000
57022.050 18.516 999.000
57022.050 18.524 999.000
57022.050 18.551 999.000
57022.050 18.617 999.000
57022.050 18.775 999.000
57027.486 18.052 999.000
57027.486 18.056 999.000
57027.486 18.073 999.000
57027.486 18.132 999.000
57027.486 18.153 999.000
57027.486 18.157 999.000
57027.486 18.183 999.000
57027.486 18.223 999.000
57027.486 18.360 999.000
57032.922 17.806 999.000
57032.922 17.808 999.000
57032.922 17.818 999.000
57032.922 17.851 999.000
57032.922 17.871 999.000
57032.922 17.871 999.000
57032.922 17.898 999.000
57032.922 17.919 999.000
57032.922 18.040 999.000
57033.490 17.783 999.000
57033.490 17.786 999.000
57033.490 17.795 999.000
57033.490 17.825 999.000
57033.490 17.845 999.000
57033.490 17.845 999.000
57033.490 17.871 999.000
57033.490 17.892 999.000
57033.490 18.010 999.000
57038.358 17.605 999.000
57038.358 17.611 999.000
57038.358 17.613 999.000
57038.358 17.628 999.000
57038.358 17.644 999.000
57038.358 17.647 999.000
57038.358 17.670 999.000
57038.358 17.679 999.000
57038.358 17.785 999.000
57042.030 17.491 999.000
57042.030 17.497 999.000
57042.030 17.499 999.000
57042.030 17.503 999.000
57042.030 17.516 999.000
57042.030 17.521 999.000
57042.030 17.543 999.000
57042.030 17.545 999.000
57042.030 17.641 999.000
57043.793 17.441 999.000
57043.793 17.447 999.000
57043.793 17.450 999.000
57043.793 17.451 999.000
57043.793 17.460 999.000
57043.793 17.466 999.000
57043.793 17.487 999.000
57043.793 17.488 999.000
57043.793 17.579 999.000
57048.700 17.319 999.000
57048.700 17.320 999.000
57048.700 17.323 999.000
57048.700 17.325 999.000
57048.700 17.331 999.000
57048.700 17.334 999.000
57048.700 17.346 999.000
57048.700 17.353 999.000
57048.700 17.427 999.000
57049.229 17.307 999.000
57049.229 17.307 999.000
57049.229 17.311 999.000
57049.229 17.312 999.000
57049.229 17.320 999.000
57049.229 17.321 999.000
57049.229 17.333 999.000
57049.229 17.340 999.000
57049.229 17.413 999.000
57049.700 17.296 999.000
57049.700 17.297 999.000
57049.700 17.300 999.000
57049.700 17.301 999.000
57049.700 17.310 999.000
57049.700 17.310 999.000
57049.700 17.321 999.000
57049.700 17.328 999.000
57049.700 17.400 999.000
57051.470 17.257 999.000
57051.470 17.259 999.000
57051.470 17.260 999.000
57051.470 17.263 999.000
57051.470 17.269 999.000
57051.470 17.273 999.000
57051.470 17.278 999.000
57051.470 17.287 999.000
57051.470 17.353 999.000
57053.500 17.215 999.000
57053.500 17.216 999.000
57053.500 17.219 999.000
57053.500 17.223 999.000
57053.500 17.227 999.000
57053.500 17.233 999.000
57053.500 17.234 999.000
57053.500 17.244 999.000
57053.500 17.304 999.000
57054.665 17.193 999.000
57054.665 17.193 999.000
57054.665 17.198 999.000
57054.665 17.201 999.000
57054.665 17.204 999.000
57054.665 17.208 999.000
57054.665 17.213 999.000
57054.665 17.221 999.000
57054.665 17.277 999.000
57060.101 17.098 999.000
57060.101 17.103 999.000
57060.101 17.110 999.000
57060.101 17.111 999.000
57060.101 17.111 999.000
57060.101 17.113 999.000
57060.101 17.126 999.000
57060.101 17.128 999.000
57060.101 17.169 999.000
57065.536 17.025 999.000
57065.536 17.033 999.000
57065.536 17.034 999.000
57065.536 17.038 999.000
57065.536 17.042 999.000
57065.536 17.044 999.000
57065.536 17.052 999.000
57065.536 17.061 999.000
57065.536 17.083 999.000
57068.470 16.993 999.000
57068.470 17.000 999.000
57068.470 17.005 999.000
57068.470 17.007 999.000
57068.470 17.013 999.000
57068.470 17.014 999.000
57068.470 17.020 999.000
57068.470 17.031 999.000
57068.470 17.045 999.000
57068.970 16.988 999.000
57068.970 16.995 999.000
57068.970 17.001 999.000
57068.970 17.002 999.000
57068.970 17.008 999.000
57068.970 17.010 999.000
57068.970 17.015 999.000
57068.970 17.027 999.000
57068.970 17.040 999.000
57069.450 16.984 999.000
57069.450 16.991 999.000
57069.450 16.997 999.000
57069.450 16.998 999.000
57069.450 17.004 999.000
57069.450 17.006 999.000
57069.450 17.011 999.000
57069.450 17.023 999.000
57069.450 17.034 999.000
57070.972 16.971 999.000
57070.972 16.977 999.000
57070.972 16.985 999.000
57070.972 16.985 999.000
57070.972 16.991 999.000
57070.972 16.993 999.000
57070.972 16.997 999.000
57070.972 17.010 999.000
57070.972 17.018 999.000
57071.600 16.966 999.000
57071.600 16.971 999.000
57071.600 16.980 999.000
57071.600 16.980 999.000
57071.600 16.986 999.000
57071.600 16.988 999.000
57071.600 16.992 999.000
57071.600 17.005 999.000
57071.600 17.012 999.000
57072.394 16.959 999.000
57072.394 16.965 999.000
57072.394 16.974 999.000
57072.394 16.974 999.000
57072.394 16.981 999.000
57072.394 16.982 999.000
57072.394 16.985 999.000
57072.394 16.999 999.000
57072.394 17.004 999.000
57072.590 16.958 999.000
57072.590 16.963 999.000
57072.590 16.972 999.000
57072.590 16.973 999.000
57072.590 16.979 999.000
57072.590 16.981 999.000
57072.590 16.984 999.000
57072.590 16.998 999.000
57072.590 17.002 999.000
57073.880 16.949 999.000
57073.880 16.954 999.000
57073.880 16.963 999.000
57073.880 16.965 999.000
57073.880 16.971 999.000
57073.880 16.973 999.000
57073.880 16.975 999.000
57073.880 16.990 999.000
57073.880 16.991 999.000
57074.169 16.947 999.000
57074.169 16.952 999.000
57074.169 16.961 999.000
57074.169 16.963 999.000
57074.169 16.969 999.000
57074.169 16.971 999.000
57074.169 16.973 999.000
57074.169 16.988 999.000
57074.169 16.989 999.000
57074.210 16.947 999.000
57074.210 16.952 999.000
57074.210 16.961 999.000
57074.210 16.963 999.000
57074.210 16.968 999.000
57074.210 16.971 999.000
57074.210 16.973 999.000
57074.210 16.987 999.000
57074.210 16.989 999.000
57076.167 16.935 999.000
57076.167 16.940 999.000
57076.167 16.949 999.000
57076.167 16.953 999.000
57076.167 16.957 999.000
57076.167 16.960 999.000
57076.167 16.961 999.000
57076.167 16.974 999.000
57076.167 16.976 999.000
57076.408 16.934 999.000
57076.408 16.938 999.000
57076.408 16.948 999.000
57076.408 16.952 999.000
57076.408 16.956 999.000
57076.408 16.958 999.000
57076.408 16.959 999.000
57076.408 16.972 999.000
57076.408 16.975 999.000
57077.170 16.930 999.000
57077.170 16.934 999.000
57077.170 16.944 999.000
57077.170 16.948 999.000
57077.170 16.953 999.000
57077.170 16.955 999.000
57077.170 16.955 999.000
57077.170 16.968 999.000
57077.170 16.971 999.000
57077.450 16.929 999.000
57077.450 16.933 999.000
57077.450 16.943 999.000
57077.450 16.947 999.000
57077.450 16.951 999.000
57077.450 16.954 999.000
57077.450 16.954 999.000
57077.450 16.966 999.000
57077.450 16.970 999.000
57077.620 16.928 999.000
57077.620 16.932 999.000
57077.620 16.942 999.000
57077.620 16.947 999.000
57077.620 16.950 999.000
57077.620 16.953 999.000
57077.620 16.953 999.000
57077.620 16.965 999.000
57077.620 16.969 999.000
57078.322 16.925 999.000
57078.322 16.929 999.000
57078.322 16.939 999.000
57078.322 16.944 999.000
57078.322 16.948 999.000
57078.322 16.950 999.000
57078.322 16.950 999.000
57078.322 16.961 999.000
57078.322 16.966 999.000
57078.470 16.925 999.000
57078.470 16.928 999.000
57078.470 16.938 999.000
57078.470 16.943 999.000
57078.470 16.947 999.000
57078.470 16.949 999.000
57078.470 16.949 999.000
57078.470 16.960 999.000
57078.470 16.966 999.000
57078.960 16.923 999.000
57078.960 16.926 999.000
57078.960 16.936 999.000
57078.960 16.942 999.000
57078.960 16.945 999.000
57078.960 16.947 999.000
57078.960 16.948 999.000
57078.960 16.957 999.000
57078.960 16.964 999.000
57079.340 16.922 999.000
57079.340 16.925 999.000
57079.340 16.935 999.000
57079.340 16.941 999.000
57079.340 16.944 999.000
57079.340 16.946 999.000
57079.340 16.946 999.000
57079.340 16.956 999.000
57079.340 16.962 999.000
57080.080 16.919 999.000
57080.080 16.922 999.000
57080.080 16.932 999.000
57080.080 16.938 999.000
57080.080 16.941 999.000
57080.080 16.943 999.000
57080.080 16.944 999.000
57080.080 16.952 999.000
57080.080 16.960 999.000
57080.330 16.918 999.000
57080.330 16.921 999.000
57080.330 16.932 999.000
57080.330 16.938 999.000
57080.330 16.940 999.000
57080.330 16.942 999.000
57080.330 16.943 999.000
57080.330 16.951 999.000
57080.330 16.959 999.000
57080.517 16.918 999.000
57080.517 16.921 999.000
57080.517 16.931 999.000
57080.517 16.937 999.000
57080.517 16.940 999.000
57080.517 16.941 999.000
57080.517 16.943 999.000
57080.517 16.950 999.000
57080.517 16.958 999.000
57081.330 16.916 999.000
57081.330 16.918 999.000
57081.330 16.929 999.000
57081.330 16.936 999.000
57081.330 16.938 999.000
57081.330 16.939 999.000
57081.330 16.941 999.000
57081.330 16.947 999.000
57081.330 16.956 999.000
57081.500 16.915 999.000
57081.500 16.918 999.000
57081.500 16.928 999.000
57081.500 16.935 999.000
57081.500 16.937 999.000
57081.500 16.939 999.000
57081.500 16.940 999.000
57081.500 16.946 999.000
57081.500 16.956 999.000
57081.844 16.915 999.000
57081.844 16.917 999.000
57081.844 16.927 999.000
57081.844 16.935 999.000
57081.844 16.936 999.000
57081.844 16.938 999.000
57081.844 16.939 999.000
57081.844 16.945 999.000
57081.844 16.955 999.000
57082.240 16.914 999.000
57082.240 16.916 999.000
57082.240 16.927 999.000
57082.240 16.934 999.000
57082.240 16.936 999.000
57082.240 16.937 999.000
57082.240 16.939 999.000
57082.240 16.944 999.000
57082.240 16.954 999.000
57082.940 16.913 999.000
57082.940 16.915 999.000
57082.940 16.925 999.000
57082.940 16.933 999.000
57082.940 16.934 999.000
57082.940 16.935 999.000
57082.940 16.937 999.000
57082.940 16.942 999.000
57082.940 16.952 999.000
57084.240 16.911 999.000
57084.240 16.913 999.000
57084.240 16.923 999.000
57084.240 16.932 999.000
57084.240 16.932 999.000
57084.240 16.933 999.000
57084.240 16.936 999.000
57084.240 16.939 999.000
57084.240 16.950 999.000
57084.342 16.911 999.000
57084.342 16.912 999.000
57084.342 16.923 999.000
57084.342 16.932 999.000
57084.342 16.932 999.000
57084.342 16.933 999.000
57084.342 16.936 999.000
57084.342 16.938 999.000
57084.342 16.950 999.000
57085.220 16.910 999.000
57085.220 16.912 999.000
57085.220 16.922 999.000
57085.220 16.932 999.000
57085.220 16.932 999.000
57085.220 16.932 999.000
57085.220 16.935 999.000
57085.220 16.937 999.000
57085.220 16.949 999.000
57085.260 16.910 999.000
57085.260 16.912 999.000
57085.260 16.922 999.000
57085.260 16.932 999.000
57085.260 16.932 999.000
57085.260 16.932 999.000
57085.260 16.935 999.000
57085.260 16.937 999.000
57085.260 16.949 999.000
57086.010 16.910 999.000
57086.010 16.911 999.000
57086.010 16.922 999.000
57086.010 16.931 999.000
57086.010 16.931 999.000
57086.010 16.932 999.000
57086.010 16.935 999.000
57086.010 16.936 999.000
57086.010 16.949 999.000
57087.279 16.911 999.000
57087.279 16.912 999.000
57087.279 16.922 999.000
57087.279 16.931 999.000
57087.279 16.931 999.000
57087.279 16.933 999.000
57087.279 16.935 999.000
57087.279 16.935 999.000
57087.279 16.948 999.000
57089.976 16.915 999.000
57089.976 16.915 999.000
57089.976 16.925 999.000
57089.976 16.934 999.000
57089.976 16.934 999.000
57089.976 16.936 999.000
57089.976 16.937 999.000
57089.976 16.938 999.000
57089.976 16.950 999.000
57090.476 16.916 999.000
57090.476 16.916 999.000
57090.476 16.925 999.000
57090.476 16.935 999.000
57090.476 16.935 999.000
57090.476 16.937 999.000
57090.476 16.938 999.000
57090.476 16.939 999.000
57090.476 16.951 999.000
57090.970 16.917 999.000
57090.970 16.917 999.000
57090.970 16.926 999.000
57090.970 16.936 999.000
57090.970 16.936 999.000
57090.970 16.938 999.000
57090.970 16.939 999.000
57090.970 16.940 999.000
57090.970 16.952 999.000
57092.170 16.920 999.000
57092.170 16.921 999.000
57092.170 16.929 999.000
57092.170 16.938 999.000
57092.170 16.939 999.000
57092.170 16.940 999.000
57092.170 16.943 999.000
57092.170 16.944 999.000
57092.170 16.954 999.000
57092.715 16.922 999.000
57092.715 16.922 999.000
57092.715 16.931 999.000
57092.715 16.940 999.000
57092.715 16.940 999.000
57092.715 16.942 999.000
57092.715 16.945 999.000
57092.715 16.945 999.000
57092.715 16.956 999.000
57093.020 16.923 999.000
57093.020 16.924 999.000
57093.020 16.932 999.000
57093.020 16.941 999.000
57093.020 16.941 999.000
57093.020 16.942 999.000
57093.020 16.946 999.000
57093.020 16.946 999.000
57093.020 16.957 999.000
57093.764 16.926 999.000
57093.764 16.926 999.000
57093.764 16.934 999.000
57093.764 16.943 999.000
57093.764 16.944 999.000
57093.764 16.945 999.000
57093.764 16.949 999.000
57093.764 16.949 999.000
57093.764 16.959 999.000
57094.290 16.928 999.000
57094.290 16.929 999.000
57094.290 16.936 999.000
57094.290 16.945 999.000
57094.290 16.945 999.000
57094.290 16.946 999.000
57094.290 16.951 999.000
57094.290 16.951 999.000
57094.290 16.960 999.000
57094.870 16.930 999.000
57094.870 16.931 999.000
57094.870 16.938 999.000
57094.870 16.947 999.000
57094.870 16.948 999.000
57094.870 16.948 999.000
57094.870 16.953 999.000
57094.870 16.953 999.000
57094.870 16.962 999.000
57095.270 16.932 999.000
57095.270 16.933 999.000
57095.270 16.940 999.000
57095.270 16.949 999.000
57095.270 16.949 999.000
57095.270 16.950 999.000
57095.270 16.955 999.000
57095.270 16.955 999.000
57095.270 16.964 999.000
57095.470 16.933 999.000
57095.470 16.934 999.000
57095.470 16.941 999.000
57095.470 16.950 999.000
57095.470 16.950 999.000
57095.470 16.951 999.000
57095.470 16.956 999.000
57095.470 16.956 999.000
57095.470 16.964 999.000
57095.930 16.935 999.000
57095.930 16.936 999.000
57095.930 16.943 999.000
57095.930 16.951 999.000
57095.930 16.952 999.000
57095.930 16.953 999.000
57095.930 16.958 999.000
57095.930 16.958 999.000
57095.930 16.966 999.000
57097.210 16.942 999.000
57097.210 16.943 999.000
57097.210 16.949 999.000
57097.210 16.957 999.000
57097.210 16.958 999.000
57097.210 16.959 999.000
57097.210 16.964 999.000
57097.210 16.965 999.000
57097.210 16.972 999.000
57098.151 16.947 999.000
57098.151 16.949 999.000
57098.151 16.954 999.000
57098.151 16.962 999.000
57098.151 16.963 999.000
57098.151 16.964 999.000
57098.151 16.969 999.000
57098.151 16.971 999.000
57098.151 16.976 999.000
57098.210 16.948 999.000
57098.210 16.949 999.000
57098.210 16.954 999.000
57098.210 16.963 999.000
57098.210 16.963 999.000
57098.210 16.964 999.000
57098.210 16.969 999.000
57098.210 16.971 999.000
57098.210 16.976 999.000
57098.610 16.950 999.000
57098.610 16.952 999.000
57098.610 16.957 999.000
57098.610 16.965 999.000
57098.610 16.965 999.000
57098.610 16.966 999.000
57098.610 16.971 999.000
57098.610 16.973 999.000
57098.610 16.979 999.000
57098.987 16.952 999.000
57098.987 16.954 999.000
57098.987 16.959 999.000
57098.987 16.967 999.000
57098.987 16.967 999.000
57098.987 16.968 999.000
57098.987 16.974 999.000
57098.987 16.976 999.000
57098.987 16.980 999.000
57099.250 16.954 999.000
57099.250 16.956 999.000
57099.250 16.960 999.000
57099.250 16.969 999.000
57099.250 16.969 999.000
57099.250 16.970 999.000
57099.250 16.975 999.000
57099.250 16.977 999.000
57099.250 16.982 999.000
57100.984 16.966 999.000
57100.984 16.968 999.000
57100.984 16.972 999.000
57100.984 16.980 999.000
57100.984 16.980 999.000
57100.984 16.981 999.000
57100.984 16.986 999.000
57100.984 16.989 999.000
57100.984 16.992 999.000
57101.310 16.969 999.000
57101.310 16.971 999.000
57101.310 16.974 999.000
57101.310 16.982 999.000
57101.310 16.982 999.000
57101.310 16.983 999.000
57101.310 16.989 999.000
57101.310 16.992 999.000
57101.310 16.994 999.000
57102.170 16.975 999.000
57102.170 16.977 999.000
57102.170 16.980 999.000
57102.170 16.988 999.000
57102.170 16.988 999.000
57102.170 16.989 999.000
57102.170 16.995 999.000
57102.170 16.998 999.000
57102.170 17.000 999.000
57102.520 16.978 999.000
57102.520 16.980 999.000
57102.520 16.983 999.000
57102.520 16.990 999.000
57102.520 16.990 999.000
57102.520 16.992 999.000
57102.520 16.997 999.000
57102.520 17.001 999.000
57102.520 17.002 999.000
57103.400 16.985 999.000
57103.400 16.988 999.000
57103.400 16.989 999.000
57103.400 16.997 999.000
57103.400 16.997 999.000
57103.400 16.999 999.000
57103.400 17.004 999.000
57103.400 17.008 999.000
57103.400 17.008 999.000
57103.587 16.987 999.000
57103.587 16.989 999.000
57103.587 16.991 999.000
57103.587 16.998 999.000
57103.587 16.999 999.000
57103.587 17.000 999.000
57103.587 17.005 999.000
57103.587 17.009 999.000
57103.587 17.009 999.000
57103.760 16.989 999.000
57103.760 16.991 999.000
57103.760 16.992 999.000
57103.760 17.000 999.000
57103.760 17.000 999.000
57103.760 17.002 999.000
57103.760 17.007 999.000
57103.760 17.011 999.000
57103.760 17.011 999.000
57104.180 16.992 999.000
57104.180 16.994 999.000
57104.180 16.996 999.000
57104.180 17.003 999.000
57104.180 17.003 999.000
57104.180 17.005 999.000
57104.180 17.010 999.000
57104.180 17.014 999.000
57104.180 17.014 999.000
57104.430 16.994 999.000
57104.430 16.997 999.000
57104.430 16.998 999.000
57104.430 17.005 999.000
57104.430 17.005 999.000
57104.430 17.007 999.000
57104.430 17.012 999.000
57104.430 17.016 999.000
57104.430 17.017 999.000
57106.440 17.013 999.000
57106.440 17.016 999.000
57106.440 17.016 999.000
57106.440 17.022 999.000
57106.440 17.023 999.000
57106.440 17.025 999.000
57106.440 17.030 999.000
57106.440 17.032 999.000
57106.440 17.035 999.000
57106.872 17.018 999.000
57106.872 17.020 999.000
57106.872 17.020 999.000
57106.872 17.026 999.000
57106.872 17.027 999.000
57106.872 17.029 999.000
57106.872 17.034 999.000
57106.872 17.036 999.000
57106.872 17.039 999.000
57109.022 17.041 999.000
57109.022 17.041 999.000
57109.022 17.043 999.000
57109.022 17.047 999.000
57109.022 17.048 999.000
57109.022 17.051 999.000
57109.022 17.055 999.000
57109.022 17.055 999.000
57109.022 17.061 999.000
57110.160 17.053 999.000
57110.160 17.054 999.000
57110.160 17.056 999.000
57110.160 17.058 999.000
57110.160 17.060 999.000
57110.160 17.063 999.000
57110.160 17.066 999.000
57110.160 17.066 999.000
57110.160 17.073 999.000
57110.180 17.053 999.000
57110.180 17.054 999.000
57110.180 17.056 999.000
57110.180 17.059 999.000
57110.180 17.060 999.000
57110.180 17.064 999.000
57110.180 17.066 999.000
57110.180 17.067 999.000
57110.180 17.073 999.000
57110.210 17.054 999.000
57110.210 17.054 999.000
57110.210 17.057 999.000
57110.210 17.059 999.000
57110.210 17.060 999.000
57110.210 17.064 999.000
57110.210 17.067 999.000
57110.210 17.067 999.000
57110.210 17.073 999.000
57110.699 17.059 999.000
57110.699 17.060 999.000
57110.699 17.062 999.000
57110.699 17.064 999.000
57110.699 17.065 999.000
57110.699 17.070 999.000
57110.699 17.072 999.000
57110.699 17.072 999.000
57110.699 17.079 999.000
57111.503 17.068 999.000
57111.503 17.070 999.000
57111.503 17.072 999.000
57111.503 17.073 999.000
57111.503 17.074 999.000
57111.503 17.079 999.000
57111.503 17.080 999.000
57111.503 17.081 999.000
57111.503 17.088 999.000
57113.290 17.089 999.000
57113.290 17.092 999.000
57113.290 17.093 999.000
57113.290 17.094 999.000
57113.290 17.095 999.000
57113.290 17.099 999.000
57113.290 17.100 999.000
57113.290 17.101 999.000
57113.290 17.109 999.000
57114.458 17.104 999.000
57114.458 17.107 999.000
57114.458 17.108 999.000
57114.458 17.109 999.000
57114.458 17.110 999.000
57114.458 17.113 999.000
57114.458 17.115 999.000
57114.458 17.115 999.000
57114.458 17.124 999.000
57116.930 17.136 999.000
57116.930 17.138 999.000
57116.930 17.141 999.000
57116.930 17.142 999.000
57116.930 17.143 999.000
57116.930 17.144 999.000
57116.930 17.147 999.000
57116.930 17.148 999.000
57116.930 17.156 999.000
57117.250 17.141 999.000
57117.250 17.143 999.000
57117.250 17.146 999.000
57117.250 17.147 999.000
57117.250 17.147 999.000
57117.250 17.149 999.000
57117.250 17.151 999.000
57117.250 17.153 999.000
57117.250 17.161 999.000
57118.210 17.154 999.000
57118.210 17.155 999.000
57118.210 17.159 999.000
57118.210 17.159 999.000
57118.210 17.161 999.000
57118.210 17.163 999.000
57118.210 17.164 999.000
57118.210 17.166 999.000
57118.210 17.174 999.000
57118.422 17.157 999.000
57118.422 17.158 999.000
57118.422 17.162 999.000
57118.422 17.162 999.000
57118.422 17.164 999.000
57118.422 17.166 999.000
57118.422 17.167 999.000
57118.422 17.170 999.000
57118.422 17.177 999.000
57119.894 17.179 999.000
57119.894 17.179 999.000
57119.894 17.182 999.000
57119.894 17.183 999.000
57119.894 17.187 999.000
57119.894 17.187 999.000
57119.894 17.188 999.000
57119.894 17.191 999.000
57119.894 17.198 999.000
57120.150 17.183 999.000
57120.150 17.183 999.000
57120.150 17.185 999.000
57120.150 17.187 999.000
57120.150 17.191 999.000
57120.150 17.191 999.000
57120.150 17.192 999.000
57120.150 17.195 999.000
57120.150 17.202 999.000
57120.210 17.184 999.000
57120.210 17.184 999.000
57120.210 17.186 999.000
57120.210 17.188 999.000
57120.210 17.192 999.000
57120.210 17.192 999.000
57120.210 17.193 999.000
57120.210 17.196 999.000
57120.210 17.203 999.000
57120.450 17.187 999.000
57120.450 17.187 999.000
57120.450 17.189 999.000
57120.450 17.191 999.000
57120.450 17.195 999.000
57120.450 17.196 999.000
57120.450 17.197 999.000
57120.450 17.200 999.000
57120.450 17.206 999.000
57120.816 17.192 999.000
57120.816 17.193 999.000
57120.816 17.194 999.000
57120.816 17.196 999.000
57120.816 17.201 999.000
57120.816 17.202 999.000
57120.816 17.203 999.000
57120.816 17.205 999.000
57120.816 17.212 999.000
57122.075 17.211 999.000
57122.075 17.212 999.000
57122.075 17.212 999.000
57122.075 17.216 999.000
57122.075 17.219 999.000
57122.075 17.223 999.000
57122.075 17.223 999.000
57122.075 17.225 999.000
57122.075 17.231 999.000
57122.130 17.212 999.000
57122.130 17.213 999.000
57122.130 17.213 999.000
57122.130 17.216 999.000
57122.130 17.220 999.000
57122.130 17.224 999.000
57122.130 17.224 999.000
57122.130 17.226 999.000
57122.130 17.232 999.000
57122.785 17.222 999.000
57122.785 17.223 999.000
57122.785 17.223 999.000
57122.785 17.227 999.000
57122.785 17.230 999.000
57122.785 17.235 999.000
57122.785 17.235 999.000
57122.785 17.237 999.000
57122.785 17.242 999.000
57122.850 17.223 999.000
57122.850 17.224 999.000
57122.850 17.225 999.000
57122.850 17.228 999.000
57122.850 17.231 999.000
57122.850 17.236 999.000
57122.850 17.236 999.000
57122.850 17.238 999.000
57122.850 17.243 999.000
57123.870 17.239 999.000
57123.870 17.239 999.000
57123.870 17.241 999.000
57123.870 17.244 999.000
57123.870 17.247 999.000
57123.870 17.253 999.000
57123.870 17.253 999.000
57123.870 17.255 999.000
57123.870 17.259 999.000
57125.330 17.262 999.000
57125.330 17.262 999.000
57125.330 17.266 999.000
57125.330 17.268 999.000
57125.330 17.270 999.000
57125.330 17.279 999.000
57125.330 17.279 999.000
57125.330 17.279 999.000
57125.330 17.283 999.000
57126.180 17.275 999.000
57126.180 17.276 999.000
57126.180 17.280 999.000
57126.180 17.282 999.000
57126.180 17.284 999.000
57126.180 17.294 999.000
57126.180 17.294 999.000
57126.180 17.294 999.000
57126.180 17.297 999.000
57127.720 17.300 999.000
57127.720 17.302 999.000
57127.720 17.307 999.000
57127.720 17.308 999.000
57127.720 17.309 999.000
57127.720 17.321 999.000
57127.720 17.322 999.000
57127.720 17.323 999.000
57127.720 17.323 999.000
57128.160 17.308 999.000
57128.160 17.309 999.000
57128.160 17.315 999.000
57128.160 17.316 999.000
57128.160 17.317 999.000
57128.160 17.329 999.000
57128.160 17.330 999.000
57128.160 17.331 999.000
57128.160 17.331 999.000
57128.629 17.316 999.000
57128.629 17.318 999.000
57128.629 17.324 999.000
57128.629 17.324 999.000
57128.629 17.325 999.000
57128.629 17.338 999.000
57128.629 17.339 999.000
57128.629 17.339 999.000
57128.629 17.340 999.000
57129.940 17.338 999.000
57129.940 17.341 999.000
57129.940 17.348 999.000
57129.940 17.348 999.000
57129.940 17.348 999.000
57129.940 17.362 999.000
57129.940 17.363 999.000
57129.940 17.364 999.000
57129.940 17.366 999.000
57130.765 17.352 999.000
57130.765 17.355 999.000
57130.765 17.362 999.000
57130.765 17.363 999.000
57130.765 17.363 999.000
57130.765 17.378 999.000
57130.765 17.378 999.000
57130.765 17.380 999.000
57130.765 17.382 999.000
57131.527 17.366 999.000
57131.527 17.369 999.000
57131.527 17.376 999.000
57131.527 17.377 999.000
57131.527 17.378 999.000
57131.527 17.392 999.000
57131.527 17.392 999.000
57131.527 17.395 999.000
57131.527 17.397 999.000
57131.710 17.369 999.000
57131.710 17.373 999.000
57131.710 17.379 999.000
57131.710 17.380 999.000
57131.710 17.382 999.000
57131.710 17.395 999.000
57131.710 17.396 999.000
57131.710 17.399 999.000
57131.710 17.401 999.000
57132.930 17.391 999.000
57132.930 17.396 999.000
57132.930 17.402 999.000
57132.930 17.404 999.000
57132.930 17.405 999.000
57132.930 17.418 999.000
57132.930 17.420 999.000
57132.930 17.423 999.000
57132.930 17.426 999.000
57134.240 17.416 999.000
57134.240 17.421 999.000
57134.240 17.426 999.000
57134.240 17.429 999.000
57134.240 17.432 999.000
57134.240 17.443 999.000
57134.240 17.446 999.000
57134.240 17.450 999.000
57134.240 17.454 999.000
57134.860 17.428 999.000
57134.860 17.433 999.000
57134.860 17.438 999.000
57134.860 17.441 999.000
57134.860 17.444 999.000
57134.860 17.455 999.000
57134.860 17.459 999.000
57134.860 17.463 999.000
57134.860 17.467 999.000
57135.440 17.439 999.000
57135.440 17.444 999.000
57135.440 17.449 999.000
57135.440 17.453 999.000
57135.440 17.456 999.000
57135.440 17.466 999.000
57135.440 17.471 999.000
57135.440 17.475 999.000
57135.440 17.479 999.000
57135.940 17.448 999.000
57135.940 17.454 999.000
57135.940 17.459 999.000
57135.940 17.463 999.000
57135.940 17.466 999.000
57135.940 17.476 999.000
57135.940 17.481 999.000
57135.940 17.486 999.000
57135.940 17.490 999.000
57136.201 17.453 999.000
57136.201 17.459 999.000
57136.201 17.464 999.000
57136.201 17.468 999.000
57136.201 17.472 999.000
57136.201 17.481 999.000
57136.201 17.486 999.000
57136.201 17.491 999.000
57136.201 17.496 999.000
57136.314 17.456 999.000
57136.314 17.461 999.000
57136.314 17.466 999.000
57136.314 17.470 999.000
57136.314 17.474 999.000
57136.314 17.484 999.000
57136.314 17.489 999.000
57136.314 17.494 999.000
57136.314 17.498 999.000
57137.210 17.473 999.000
57137.210 17.479 999.000
57137.210 17.484 999.000
57137.210 17.489 999.000
57137.210 17.493 999.000
57137.210 17.502 999.000
57137.210 17.508 999.000
57137.210 17.513 999.000
57137.210 17.518 999.000
57137.270 17.474 999.000
57137.270 17.481 999.000
57137.270 17.485 999.000
57137.270 17.490 999.000
57137.270 17.494 999.000
57137.270 17.503 999.000
57137.270 17.509 999.000
57137.270 17.514 999.000
57137.270 17.520 999.000
57138.860 17.506 999.000
57138.860 17.513 999.000
57138.860 17.517 999.000
57138.860 17.523 999.000
57138.860 17.529 999.000
57138.860 17.535 999.000
57138.860 17.543 999.000
57138.860 17.549 999.000
57138.860 17.555 999.000
57138.880 17.507 999.000
57138.880 17.514 999.000
57138.880 17.518 999.000
57138.880 17.523 999.000
57138.880 17.529 999.000
57138.880 17.536 999.000
57138.880 17.543 999.000
57138.880 17.550 999.000
57138.880 17.556 999.000
57139.210 17.513 999.000
57139.210 17.520 999.000
57139.210 17.524 999.000
57139.210 17.530 999.000
57139.210 17.536 999.000
57139.210 17.543 999.000
57139.210 17.551 999.000
57139.210 17.557 999.000
57139.210 17.563 999.000
57140.100 17.532 999.000
57140.100 17.539 999.000
57140.100 17.543 999.000
57140.100 17.549 999.000
57140.100 17.556 999.000
57140.100 17.561 999.000
57140.100 17.570 999.000
57140.100 17.577 999.000
57140.100 17.584 999.000
57141.170 17.554 999.000
57141.170 17.562 999.000
57141.170 17.565 999.000
57141.170 17.572 999.000
57141.170 17.580 999.000
57141.170 17.584 999.000
57141.170 17.594 999.000
57141.170 17.601 999.000
57141.170 17.609 999.000
57141.637 17.564 999.000
57141.637 17.572 999.000
57141.637 17.575 999.000
57141.637 17.583 999.000
57141.637 17.590 999.000
57141.637 17.594 999.000
57141.637 17.604 999.000
57141.637 17.612 999.000
57141.637 17.620 999.000
57144.468 17.625 999.000
57144.468 17.634 999.000
57144.468 17.636 999.000
57144.468 17.646 999.000
57144.468 17.655 999.000
57144.468 17.656 999.000
57144.468 17.669 999.000
57144.468 17.672 999.000
57144.468 17.681 999.000
57144.710 17.631 999.000
57144.710 17.640 999.000
57144.710 17.641 999.000
57144.710 17.651 999.000
57144.710 17.661 999.000
57144.710 17.662 999.000
57144.710 17.675 999.000
57144.710 17.677 999.000
57144.710 17.686 999.000
57144.890 17.635 999.000
57144.890 17.644 999.000
57144.890 17.645 999.000
57144.890 17.655 999.000
57144.890 17.665 999.000
57144.890 17.666 999.000
57144.890 17.679 999.000
57144.890 17.680 999.000
57144.890 17.689 999.000
57147.073 17.684 999.000
57147.073 17.688 999.000
57147.073 17.688 999.000
57147.073 17.702 999.000
57147.073 17.706 999.000
57147.073 17.714 999.000
57147.073 17.720 999.000
57147.073 17.726 999.000
57147.073 17.729 999.000
57148.310 17.707 999.000
57148.310 17.710 999.000
57148.310 17.712 999.000
57148.310 17.725 999.000
57148.310 17.728 999.000
57148.310 17.742 999.000
57148.310 17.744 999.000
57148.310 17.749 999.000
57148.310 17.752 999.000
57150.030 17.738 999.000
57150.030 17.742 999.000
57150.030 17.745 999.000
57150.030 17.758 999.000
57150.030 17.760 999.000
57150.030 17.776 999.000
57150.030 17.776 999.000
57150.030 17.780 999.000
57150.030 17.784 999.000
57150.960 17.755 999.000
57150.960 17.759 999.000
57150.960 17.763 999.000
57150.960 17.776 999.000
57150.960 17.777 999.000
57150.960 17.793 999.000
57150.960 17.795 999.000
57150.960 17.798 999.000
57150.960 17.801 999.000
57151.187 17.759 999.000
57151.187 17.763 999.000
57151.187 17.767 999.000
57151.187 17.780 999.000
57151.187 17.781 999.000
57151.187 17.797 999.000
57151.187 17.799 999.000
57151.187 17.802 999.000
57151.187 17.806 999.000
57152.160 17.777 999.000
57152.160 17.781 999.000
57152.160 17.786 999.000
57152.160 17.799 999.000
57152.160 17.799 999.000
57152.160 17.816 999.000
57152.160 17.818 999.000
57152.160 17.820 999.000
57152.160 17.824 999.000
57152.508 17.783 999.000
57152.508 17.788 999.000
57152.508 17.793 999.000
57152.508 17.805 999.000
57152.508 17.806 999.000
57152.508 17.822 999.000
57152.508 17.825 999.000
57152.508 17.826 999.000
57152.508 17.830 999.000
57155.150 17.832 999.000
57155.150 17.837 999.000
57155.150 17.843 999.000
57155.150 17.855 999.000
57155.150 17.856 999.000
57155.150 17.872 999.000
57155.150 17.875 999.000
57155.150 17.877 999.000
57155.150 17.880 999.000
57155.760 17.843 999.000
57155.760 17.848 999.000
57155.760 17.855 999.000
57155.760 17.866 999.000
57155.760 17.867 999.000
57155.760 17.883 999.000
57155.760 17.886 999.000
57155.760 17.889 999.000
57155.760 17.891 999.000
57157.944 17.883 999.000
57157.944 17.889 999.000
57157.944 17.897 999.000
57157.944 17.907 999.000
57157.944 17.909 999.000
57157.944 17.925 999.000
57157.944 17.926 999.000
57157.944 17.932 999.000
57157.944 17.932 999.000
57158.800 17.899 999.000
57158.800 17.905 999.000
57158.800 17.914 999.000
57158.800 17.923 999.000
57158.800 17.925 999.000
57158.800 17.941 999.000
57158.800 17.942 999.000
57158.800 17.948 999.000
57158.800 17.949 999.000
57160.050 17.923 999.000
57160.050 17.928 999.000
57160.050 17.938 999.000
57160.050 17.947 999.000
57160.050 17.949 999.000
57160.050 17.964 999.000
57160.050 17.965 999.000
57160.050 17.972 999.000
57160.050 17.973 999.000
57160.630 17.934 999.000
57160.630 17.939 999.000
57160.630 17.949 999.000
57160.630 17.957 999.000
57160.630 17.960 999.000
57160.630 17.975 999.000
57160.630 17.976 999.000
57160.630 17.983 999.000
57160.630 17.984 999.000
57161.010 17.941 999.000
57161.010 17.946 999.000
57161.010 17.957 999.000
57161.010 17.965 999.000
57161.010 17.968 999.000
57161.010 17.982 999.000
57161.010 17.983 999.000
57161.010 17.990 999.000
57161.010 17.992 999.000
57161.700 17.953 999.000
57161.700 17.959 999.000
57161.700 17.970 999.000
57161.700 17.977 999.000
57161.700 17.981 999.000
57161.700 17.995 999.000
57161.700 17.995 999.000
57161.700 18.003 999.000
57161.700 18.005 999.000
57162.730 17.973 999.000
57162.730 17.978 999.000
57162.730 17.990 999.000
57162.730 17.997 999.000
57162.730 18.001 999.000
57162.730 18.014 999.000
57162.730 18.015 999.000
57162.730 18.023 999.000
57162.730 18.025 999.000
57162.900 17.976 999.000
57162.900 17.981 999.000
57162.900 17.993 999.000
57162.900 18.000 999.000
57162.900 18.004 999.000
57162.900 18.017 999.000
57162.900 18.018 999.000
57162.900 18.026 999.000
57162.900 18.028 999.000
57163.380 17.985 999.000
57163.380 17.990 999.000
57163.380 18.002 999.000
57163.380 18.009 999.000
57163.380 18.013 999.000
57163.380 18.026 999.000
57163.380 18.027 999.000
57163.380 18.035 999.000
57163.380 18.038 999.000
57166.353 18.041 999.000
57166.353 18.046 999.000
57166.353 18.059 999.000
57166.353 18.065 999.000
57166.353 18.070 999.000
57166.353 18.081 999.000
57166.353 18.083 999.000
57166.353 18.091 999.000
57166.353 18.095 999.000
57166.920 18.051 999.000
57166.920 18.057 999.000
57166.920 18.070 999.000
57166.920 18.075 999.000
57166.920 18.080 999.000
57166.920 18.091 999.000
57166.920 18.093 999.000
57166.920 18.101 999.000
57166.920 18.106 999.000
57168.816 18.087 999.000
57168.816 18.092 999.000
57168.816 18.107 999.000
57168.816 18.111 999.000
57168.816 18.116 999.000
57168.816 18.126 999.000
57168.816 18.129 999.000
57168.816 18.137 999.000
57168.816 18.143 999.000
57171.900 18.145 999.000
57171.900 18.150 999.000
57171.900 18.165 999.000
57171.900 18.168 999.000
57171.900 18.175 999.000
57171.900 18.182 999.000
57171.900 18.186 999.000
57171.900 18.194 999.000
57171.900 18.202 999.000
57172.407 18.154 999.000
57172.407 18.159 999.000
57172.407 18.175 999.000
57172.407 18.178 999.000
57172.407 18.184 999.000
57172.407 18.191 999.000
57172.407 18.196 999.000
57172.407 18.204 999.000
57172.407 18.211 999.000
57173.380 18.172 999.000
57173.380 18.177 999.000
57173.380 18.193 999.000
57173.380 18.196 999.000
57173.380 18.203 999.000
57173.380 18.209 999.000
57173.380 18.214 999.000
57173.380 18.222 999.000
57173.380 18.230 999.000
57174.252 18.189 999.000
57174.252 18.194 999.000
57174.252 18.210 999.000
57174.252 18.212 999.000
57174.252 18.219 999.000
57174.252 18.224 999.000
57174.252 18.230 999.000
57174.252 18.238 999.000
57174.252 18.246 999.000
57175.020 18.203 999.000
57175.020 18.208 999.000
57175.020 18.225 999.000
57175.020 18.226 999.000
57175.020 18.234 999.000
57175.020 18.238 999.000
57175.020 18.244 999.000
57175.020 18.252 999.000
57175.020 18.261 999.000
57176.950 18.239 999.000
57176.950 18.244 999.000
57176.950 18.261 999.000
57176.950 18.262 999.000
57176.950 18.270 999.000
57176.950 18.273 999.000
57176.950 18.279 999.000
57176.950 18.288 999.000
57176.950 18.297 999.000
57178.110 18.260 999.000
57178.110 18.265 999.000
57178.110 18.283 999.000
57178.110 18.283 999.000
57178.110 18.291 999.000
57178.110 18.294 999.000
57178.110 18.301 999.000
57178.110 18.309 999.000
57178.110 18.319 999.000
57179.110 18.279 999.000
57179.110 18.284 999.000
57179.110 18.301 999.000
57179.110 18.302 999.000
57179.110 18.310 999.000
57179.110 18.312 999.000
57179.110 18.319 999.000
57179.110 18.328 999.000
57179.110 18.338 999.000
57179.687 18.290 999.000
57179.687 18.294 999.000
57179.687 18.312 999.000
57179.687 18.312 999.000
57179.687 18.320 999.000
57179.687 18.322 999.000
57179.687 18.329 999.000
57179.687 18.338 999.000
57179.687 18.348 999.000
57182.120 18.335 999.000
57182.120 18.339 999.000
57182.120 18.357 999.000
57182.120 18.358 999.000
57182.120 18.365 999.000
57182.120 18.365 999.000
57182.120 18.374 999.000
57182.120 18.383 999.000
57182.120 18.393 999.000
57183.020 18.351 999.000
57183.020 18.355 999.000
57183.020 18.373 999.000
57183.020 18.374 999.000
57183.020 18.381 999.000
57183.020 18.382 999.000
57183.020 18.390 999.000
57183.020 18.399 999.000
57183.020 18.410 999.000
57184.030 18.370 999.000
57184.030 18.374 999.000
57184.030 18.392 999.000
57184.030 18.393 999.000
57184.030 18.399 999.000
57184.030 18.400 999.000
57184.030 18.408 999.000
57184.030 18.417 999.000
57184.030 18.429 999.000
57184.960 18.387 999.000
57184.960 18.391 999.000
57184.960 18.409 999.000
57184.960 18.410 999.000
57184.960 18.415 999.000
57184.960 18.417 999.000
57184.960 18.425 999.000
57184.960 18.434 999.000
57184.960 18.446 999.000
57185.020 18.388 999.000
57185.020 18.392 999.000
57185.020 18.410 999.000
57185.020 18.411 999.000
57185.020 18.416 999.000
57185.020 18.419 999.000
57185.020 18.426 999.000
57185.020 18.435 999.000
57185.020 18.447 999.000
57185.123 18.390 999.000
57185.123 18.394 999.000
57185.123 18.412 999.000
57185.123 18.413 999.000
57185.123 18.418 999.000
57185.123 18.420 999.000
57185.123 18.428 999.000
57185.123 18.437 999.000
57185.123 18.449 999.000
57185.212 18.392 999.000
57185.212 18.395 999.000
57185.212 18.413 999.000
57185.212 18.415 999.000
57185.212 18.420 999.000
57185.212 18.422 999.000
57185.212 18.429 999.000
57185.212 18.439 999.000
57185.212 18.450 999.000
57186.770 18.420 999.000
57186.770 18.424 999.000
57186.770 18.441 999.000
57186.770 18.443 999.000
57186.770 18.447 999.000
57186.770 18.450 999.000
57186.770 18.457 999.000
57186.770 18.467 999.000
57186.770 18.479 999.000
57190.559 18.489 999.000
57190.559 18.492 999.000
57190.559 18.509 999.000
57190.559 18.512 999.000
57190.559 18.513 999.000
57190.559 18.519 999.000
57190.559 18.524 999.000
57190.559 18.534 999.000
57190.559 18.547 999.000
57192.710 18.528 999.000
57192.710 18.530 999.000
57192.710 18.548 999.000
57192.710 18.550 999.000
57192.710 18.551 999.000
57192.710 18.557 999.000
57192.710 18.562 999.000
57192.710 18.572 999.000
57192.710 18.585 999.000
57195.995 18.587 999.000
57195.995 18.589 999.000
57195.995 18.606 999.000
57195.995 18.606 999.000
57195.995 18.609 999.000
57195.995 18.615 999.000
57195.995 18.619 999.000
57195.995 18.630 999.000
57195.995 18.643 999.000
57199.060 18.642 999.000
57199.060 18.642 999.000
57199.060 18.658 999.000
57199.060 18.659 999.000
57199.060 18.663 999.000
57199.060 18.669 999.000
57199.060 18.672 999.000
57199.060 18.683 999.000
57199.060 18.697 999.000
57199.380 18.647 999.000
57199.380 18.648 999.000
57199.380 18.663 999.000
57199.380 18.665 999.000
57199.380 18.669 999.000
57199.380 18.674 999.000
57199.380 18.678 999.000
57199.380 18.688 999.000
57199.380 18.702 999.000
57201.430 18.684 999.000
57201.430 18.684 999.000
57201.430 18.697 999.000
57201.430 18.700 999.000
57201.430 18.705 999.000
57201.430 18.710 999.000
57201.430 18.713 999.000
57201.430 18.724 999.000
57201.430 18.738 999.000
57205.700 18.757 999.000
57205.700 18.758 999.000
57205.700 18.768 999.000
57205.700 18.773 999.000
57205.700 18.778 999.000
57205.700 18.783 999.000
57205.700 18.785 999.000
57205.700 18.796 999.000
57205.700 18.810 999.000
57206.340 18.768 999.000
57206.340 18.769 999.000
57206.340 18.778 999.000
57206.340 18.784 999.000
57206.340 18.789 999.000
57206.340 18.794 999.000
57206.340 18.795 999.000
57206.340 18.807 999.000
57206.340 18.821 999.000
57206.833 18.776 999.000
57206.833 18.778 999.000
57206.833 18.786 999.000
57206.833 18.792 999.000
57206.833 18.798 999.000
57206.833 18.802 999.000
57206.833 18.804 999.000
57206.833 18.815 999.000
57206.833 18.829 999.000
57206.866 18.777 999.000
57206.866 18.778 999.000
57206.866 18.787 999.000
57206.866 18.793 999.000
57206.866 18.798 999.000
57206.866 18.803 999.000
57206.866 18.804 999.000
57206.866 18.816 999.000
57206.866 18.830 999.000
57210.040 18.831 999.000
57210.040 18.833 999.000
57210.040 18.839 999.000
57210.040 18.846 999.000
57210.040 18.852 999.000
57210.040 18.856 999.000
57210.040 18.857 999.000
57210.040 18.869 999.000
57210.040 18.883 999.000
57212.302 18.869 999.000
57212.302 18.871 999.000
57212.302 18.875 999.000
57212.302 18.884 999.000
57212.302 18.890 999.000
57212.302 18.894 999.000
57212.302 18.894 999.000
57212.302 18.906 999.000
57212.302 18.921 999.000
57212.390 18.870 999.000
57212.390 18.873 999.000
57212.390 18.876 999.000
57212.390 18.885 999.000
57212.390 18.891 999.000
57212.390 18.895 999.000
57212.390 18.895 999.000
57212.390 18.907 999.000
57212.390 18.922 999.000
57217.730 18.958 999.000
57217.730 18.961 999.000
57217.730 18.962 999.000
57217.730 18.973 999.000
57217.730 18.980 999.000
57217.730 18.982 999.000
57217.730 18.983 999.000
57217.730 18.994 999.000
57217.730 19.009 999.000
57217.738 18.958 999.000
57217.738 18.961 999.000
57217.738 18.962 999.000
57217.738 18.973 999.000
57217.738 18.980 999.000
57217.738 18.982 999.000
57217.738 18.983 999.000
57217.738 18.994 999.000
57217.738 19.009 999.000
57221.000 19.011 999.000
57221.000 19.013 999.000
57221.000 19.016 999.000
57221.000 19.025 999.000
57221.000 19.033 999.000
57221.000 19.034 999.000
57221.000 19.036 999.000
57221.000 19.047 999.000
57221.000 19.062 999.000
57223.173 19.046 999.000
57223.173 19.046 999.000
57223.173 19.051 999.000
57223.173 19.060 999.000
57223.173 19.068 999.000
57223.173 19.068 999.000
57223.173 19.070 999.000
57223.173 19.081 999.000
57223.173 19.096 999.000
57228.609 19.130 999.000
57228.609 19.132 999.000
57228.609 19.139 999.000
57228.609 19.146 999.000
57228.609 19.153 999.000
57228.609 19.154 999.000
57228.609 19.156 999.000
57228.609 19.166 999.000
57228.609 19.182 999.000
57230.350 19.156 999.000
57230.350 19.160 999.000
57230.350 19.167 999.000
57230.350 19.173 999.000
57230.350 19.179 999.000
57230.350 19.181 999.000
57230.350 19.183 999.000
57230.350 19.193 999.000
57230.350 19.209 999.000
57232.370 19.186 999.000
57232.370 19.191 999.000
57232.370 19.198 999.000
57232.370 19.204 999.000
57232.370 19.210 999.000
57232.370 19.213 999.000
57232.370 19.214 999.000
57232.370 19.224 999.000
57232.370 19.240 999.000
57234.045 19.211 999.000
57234.045 19.217 999.000
57234.045 19.225 999.000
57234.045 19.230 999.000
57234.045 19.236 999.000
57234.045 19.238 999.000
57234.045 19.240 999.000
57234.045 19.250 999.000
57234.045 19.266 999.000
57236.710 19.251 999.000
57236.710 19.258 999.000
57236.710 19.266 999.000
57236.710 19.270 999.000
57236.710 19.276 999.000
57236.710 19.279 999.000
57236.710 19.281 999.000
57236.710 19.290 999.000
57236.710 19.306 999.000
57239.481 19.292 999.000
57239.481 19.300 999.000
57239.481 19.309 999.000
57239.481 19.312 999.000
57239.481 19.317 999.000
57239.481 19.321 999.000
57239.481 19.323 999.000
57239.481 19.332 999.000
57239.481 19.348 999.000
57244.916 19.371 999.000
57244.916 19.381 999.000
57244.916 19.391 999.000
57244.916 19.393 999.000
57244.916 19.397 999.000
57244.916 19.403 999.000
57244.916 19.404 999.000
57244.916 19.413 999.000
57244.916 19.428 999.000
57250.352 19.448 999.000
57250.352 19.461 999.000
57250.352 19.472 999.000
57250.352 19.473 999.000
57250.352 19.476 999.000
57250.352 19.482 999.000
57250.352 19.483 999.000
57250.352 19.492 999.000
57250.352 19.508 999.000
57255.788 19.525 999.000
57255.788 19.539 999.000
57255.788 19.551 999.000
57255.788 19.551 999.000
57255.788 19.553 999.000
57255.788 19.561 999.000
57255.788 19.561 999.000
57255.788 19.569 999.000
57255.788 19.586 999.000
57261.224 19.600 999.000
57261.224 19.616 999.000
57261.224 19.627 999.000
57261.224 19.629 999.000
57261.224 19.629 999.000
57261.224 19.638 999.000
57261.224 19.638 999.000
57261.224 19.646 999.000
57261.224 19.662 999.000
57266.659 19.674 999.000
57266.659 19.692 999.000
57266.659 19.703 999.000
57266.659 19.704 999.000
57266.659 19.705 999.000
57266.659 19.713 999.000
57266.659 19.714 999.000
57266.659 19.721 999.000
57266.659 19.738 999.000
57272.095 19.746 999.000
57272.095 19.766 999.000
57272.095 19.777 999.000
57272.095 19.778 999.000
57272.095 19.780 999.000
57272.095 19.788 999.000
57272.095 19.788 999.000
57272.095 19.795 999.000
57272.095 19.812 999.000
57277.531 19.818 999.000
57277.531 19.839 999.000
57277.531 19.850 999.000
57277.531 19.850 999.000
57277.531 19.854 999.000
57277.531 19.861 999.000
57277.531 19.861 999.000
57277.531 19.868 999.000
57277.531 19.885 999.000
57282.967 19.888 999.000
57282.967 19.911 999.000
57282.967 19.921 999.000
57282.967 19.921 999.000
57282.967 19.926 999.000
57282.967 19.933 999.000
57282.967 19.933 999.000
57282.967 19.939 999.000
57282.967 19.957 999.000
57288.402 19.958 999.000
57288.402 19.981 999.000
57288.402 19.992 999.000
57288.402 19.992 999.000
57288.402 19.998 999.000
57288.402 20.004 999.000
57288.402 20.004 999.000
57288.402 20.010 999.000
57288.402 20.028 999.000
57293.838 20.026 999.000
57293.838 20.051 999.000
57293.838 20.061 999.000
57293.838 20.062 999.000
57293.838 20.068 999.000
57293.838 20.073 999.000
57293.838 20.074 999.000
57293.838 20.079 999.000
57293.838 20.098 999.000
57299.274 20.093 999.000
57299.274 20.120 999.000
57299.274 20.129 999.000
57299.274 20.130 999.000
57299.274 20.137 999.000
57299.274 20.142 999.000
57299.274 20.142 999.000
57299.274 20.148 999.000
57299.274 20.166 999.000
57304.710 20.160 999.000
57304.710 20.187 999.000
57304.710 20.196 999.000
57304.710 20.198 999.000
57304.710 20.205 999.000
57304.710 20.210 999.000
57304.710 20.210 999.000
57304.710 20.215 999.000
57304.710 20.234 999.000
57310.145 20.225 999.000
57310.145 20.253 999.000
57310.145 20.262 999.000
57310.145 20.264 999.000
57310.145 20.271 999.000
57310.145 20.276 999.000
57310.145 20.277 999.000
57310.145 20.282 999.000
57310.145 20.301 999.000
57315.581 20.290 999.000
57315.581 20.319 999.000
57315.581 20.327 999.000
57315.581 20.330 999.000
57315.581 20.337 999.000
57315.581 20.342 999.000
57315.581 20.342 999.000
57315.581 20.347 999.000
57315.581 20.367 999.000
57321.017 20.353 999.000
57321.017 20.383 999.000
57321.017 20.391 999.000
57321.017 20.394 999.000
57321.017 20.402 999.000
57321.017 20.407 999.000
57321.017 20.407 999.000
57321.017 20.412 999.000
57321.017 20.432 999.000
57326.453 20.416 999.000
57326.453 20.447 999.000
57326.453 20.455 999.000
57326.453 20.458 999.000
57326.453 20.466 999.000
57326.453 20.471 999.000
57326.453 20.471 999.000
57326.453 20.475 999.000
57326.453 20.496 999.000
57330.722 20.465 999.000
57330.722 20.496 999.000
57330.722 20.504 999.000
57330.722 20.508 999.000
57330.722 20.516 999.000
57330.722 20.520 999.000
57330.722 20.520 999.000
57330.722 20.525 999.000
57330.722 20.545 999.000
57331.888 20.478 999.000
57331.888 20.510 999.000
57331.888 20.517 999.000
57331.888 20.521 999.000
57331.888 20.529 999.000
57331.888 20.534 999.000
57331.888 20.534 999.000
57331.888 20.538 999.000
57331.888 20.559 999.000
57335.787 20.522 999.000
57335.787 20.554 999.000
57335.787 20.562 999.000
57335.787 20.566 999.000
57335.787 20.574 999.000
57335.787 20.578 999.000
57335.787 20.578 999.000
57335.787 20.583 999.000
57335.787 20.603 999.000
57337.324 20.539 999.000
57337.324 20.572 999.000
57337.324 20.579 999.000
57337.324 20.583 999.000
57337.324 20.592 999.000
57337.324 20.596 999.000
57337.324 20.596 999.000
57337.324 20.600 999.000
57337.324 20.621 999.000
57342.760 20.599 999.000
57342.760 20.633 999.000
57342.760 20.640 999.000
57342.760 20.644 999.000
57342.760 20.653 999.000
57342.760 20.657 999.000
57342.760 20.657 999.000
57342.760 20.661 999.000
57342.760 20.682 999.000
57348.196 20.659 999.000
57348.196 20.693 999.000
57348.196 20.700 999.000
57348.196 20.704 999.000
57348.196 20.714 999.000
57348.196 20.717 999.000
57348.196 20.718 999.000
57348.196 20.722 999.000
57348.196 20.743 999.000
57353.632 20.717 999.000
57353.632 20.752 999.000
57353.632 20.759 999.000
57353.632 20.764 999.000
57353.632 20.773 999.000
57353.632 20.777 999.000
57353.632 20.777 999.000
57353.632 20.781 999.000
57353.632 20.803 999.000
57359.067 20.775 999.000
57359.067 20.811 999.000
57359.067 20.818 999.000
57359.067 20.823 999.000
57359.067 20.832 999.000
57359.067 20.836 999.000
57359.067 20.836 999.000
57359.067 20.840 999.000
57359.067 20.862 999.000
57364.503 20.832 999.000
57364.503 20.869 999.000
57364.503 20.875 999.000
57364.503 20.881 999.000
57364.503 20.890 999.000
57364.503 20.894 999.000
57364.503 20.894 999.000
57364.503 20.898 999.000
57364.503 20.920 999.000
57369.939 20.889 999.000
57369.939 20.926 999.000
57369.939 20.932 999.000
57369.939 20.938 999.000
57369.939 20.948 999.000
57369.939 20.951 999.000
57369.939 20.952 999.000
57369.939 20.955 999.000
57369.939 20.978 999.000
57373.330 20.924 999.000
57373.330 20.961 999.000
57373.330 20.968 999.000
57373.330 20.974 999.000
57373.330 20.983 999.000
57373.330 20.986 999.000
57373.330 20.987 999.000
57373.330 20.990 999.000
57373.330 21.013 999.000
57375.375 20.944 999.000
57375.375 20.982 999.000
57375.375 20.989 999.000
57375.375 20.995 999.000
57375.375 21.005 999.000
57375.375 21.008 999.000
57375.375 21.008 999.000
57375.375 21.012 999.000
57375.375 21.035 999.000
57378.080 20.972 999.000
57378.080 21.010 999.000
57378.080 21.016 999.000
57378.080 21.023 999.000
57378.080 21.032 999.000
57378.080 21.036 999.000
57378.080 21.036 999.000
57378.080 21.040 999.000
57378.080 21.063 999.000
57379.200 20.983 999.000
57379.200 21.022 999.000
57379.200 21.028 999.000
57379.200 21.034 999.000
57379.200 21.044 999.000
57379.200 21.047 999.000
57379.200 21.048 999.000
57379.200 21.051 999.000
57379.200 21.074 999.000
57380.810 21.000 999.000
57380.810 21.038 999.000
57380.810 21.044 999.000
57380.810 21.051 999.000
57380.810 21.061 999.000
57380.810 21.064 999.000
57380.810 21.064 999.000
57380.810 21.068 999.000
57380.810 21.091 999.000
57386.246 21.054 999.000
57386.246 21.093 999.000
57386.246 21.099 999.000
57386.246 21.106 999.000
57386.246 21.116 999.000
57386.246 21.119 999.000
57386.246 21.120 999.000
57386.246 21.123 999.000
57386.246 21.146 999.000
57391.682 21.108 999.000
57391.682 21.147 999.000
57391.682 21.153 999.000
57391.682 21.161 999.000
57391.682 21.170 999.000
57391.682 21.173 999.000
57391.682 21.174 999.000
57391.682 21.177 999.000
57391.682 21.201 999.000
57397.118 21.161 999.000
57397.118 21.201 999.000
57397.118 21.207 999.000
57397.118 21.214 999.000
57397.118 21.224 999.000
57397.118 21.227 999.000
57397.118 21.228 999.000
57397.118 21.231 999.000
57397.118 21.255 999.000
57401.580 21.204 999.000
57401.580 21.245 999.000
57401.580 21.251 999.000
57401.580 21.258 999.000
57401.580 21.268 999.000
57401.580 21.271 999.000
57401.580 21.272 999.000
57401.580 21.275 999.000
57401.580 21.299 999.000
57402.553 21.213 999.000
57402.553 21.254 999.000
57402.553 21.260 999.000
57402.553 21.268 999.000
57402.553 21.278 999.000
57402.553 21.280 999.000
57402.553 21.282 999.000
57402.553 21.284 999.000
57402.553 21.309 999.000
57403.500 21.222 999.000
57403.500 21.263 999.000
57403.500 21.269 999.000
57403.500 21.277 999.000
57403.500 21.287 999.000
57403.500 21.290 999.000
57403.500 21.291 999.000
57403.500 21.293 999.000
57403.500 21.318 999.000
57404.300 21.230 999.000
57404.300 21.271 999.000
57404.300 21.277 999.000
57404.300 21.285 999.000
57404.300 21.295 999.000
57404.300 21.297 999.000
57404.300 21.299 999.000
57404.300 21.301 999.000
57404.300 21.326 999.000
57407.989 21.265 999.000
57407.989 21.307 999.000
57407.989 21.312 999.000
57407.989 21.320 999.000
57407.989 21.330 999.000
57407.989 21.333 999.000
57407.989 21.335 999.000
57407.989 21.337 999.000
57407.989 21.362 999.000
57409.470 21.279 999.000
57409.470 21.321 999.000
57409.470 21.327 999.000
57409.470 21.335 999.000
57409.470 21.345 999.000
57409.470 21.347 999.000
57409.470 21.349 999.000
57409.470 21.351 999.000
57409.470 21.376 999.000
57413.425 21.316 999.000
57413.425 21.359 999.000
57413.425 21.364 999.000
57413.425 21.372 999.000
57413.425 21.382 999.000
57413.425 21.385 999.000
57413.425 21.387 999.000
57413.425 21.389 999.000
57413.425 21.414 999.000
57418.861 21.367 999.000
57418.861 21.410 999.000
57418.861 21.415 999.000
57418.861 21.424 999.000
57418.861 21.434 999.000
57418.861 21.436 999.000
57418.861 21.438 999.000
57418.861 21.440 999.000
57418.861 21.466 999.000
57423.220 21.407 999.000
57423.220 21.451 999.000
57423.220 21.456 999.000
57423.220 21.465 999.000
57423.220 21.475 999.000
57423.220 21.477 999.000
57423.220 21.479 999.000
57423.220 21.481 999.000
57423.220 21.507 999.000
57423.520 21.410 999.000
57423.520 21.453 999.000
57423.520 21.459 999.000
57423.520 21.467 999.000
57423.520 21.478 999.000
57423.520 21.480 999.000
57423.520 21.482 999.000
57423.520 21.484 999.000
57423.520 21.509 999.000
57424.296 21.417 999.000
57424.296 21.461 999.000
57424.296 21.466 999.000
57424.296 21.475 999.000
57424.296 21.485 999.000
57424.296 21.487 999.000
57424.296 21.489 999.000
57424.296 21.491 999.000
57424.296 21.517 999.000
57425.630 21.429 999.000
57425.630 21.473 999.000
57425.630 21.478 999.000
57425.630 21.487 999.000
57425.630 21.497 999.000
57425.630 21.500 999.000
57425.630 21.502 999.000
57425.630 21.503 999.000
57425.630 21.529 999.000
57429.732 21.467 999.000
57429.732 21.511 999.000
57429.732 21.516 999.000
57429.732 21.525 999.000
57429.732 21.535 999.000
57429.732 21.537 999.000
57429.732 21.539 999.000
57429.732 21.541 999.000
57429.732 21.567 999.000
57433.210 21.498 999.000
57433.210 21.542 999.000
57433.210 21.548 999.000
57433.210 21.557 999.000
57433.210 21.567 999.000
57433.210 21.569 999.000
57433.210 21.571 999.000
57433.210 21.573 999.000
57433.210 21.599 999.000
57433.550 21.501 999.000
57433.550 21.546 999.000
57433.550 21.551 999.000
57433.550 21.560 999.000
57433.550 21.570 999.000
57433.550 21.572 999.000
57433.550 21.575 999.000
57433.550 21.576 999.000
57433.550 21.602 999.000
57435.168 21.516 999.000
57435.168 21.560 999.000
57435.168 21.566 999.000
57435.168 21.575 999.000
57435.168 21.585 999.000
57435.168 21.587 999.000
57435.168 21.589 999.000
57435.168 21.591 999.000
57435.168 21.617 999.000
57437.720 21.539 999.000
57437.720 21.583 999.000
57437.720 21.589 999.000
57437.720 21.598 999.000
57437.720 21.608 999.000
57437.720 21.610 999.000
57437.720 21.612 999.000
57437.720 21.614 999.000
57437.720 21.640 999.000
57440.604 21.564 999.000
57440.604 21.609 999.000
57440.604 21.615 999.000
57440.604 21.624 999.000
57440.604 21.634 999.000
57440.604 21.636 999.000
57440.604 21.639 999.000
57440.604 21.640 999.000
57440.604 21.667 999.000
57444.240 21.596 999.000
57444.240 21.642 999.000
57444.240 21.647 999.000
57444.240 21.657 999.000
57444.240 21.667 999.000
57444.240 21.669 999.000
57444.240 21.671 999.000
57444.240 21.673 999.000
57444.240 21.699 999.000
57446.039 21.612 999.000
57446.039 21.658 999.000
57446.039 21.663 999.000
57446.039 21.673 999.000
57446.039 21.683 999.000
57446.039 21.685 999.000
57446.039 21.687 999.000
57446.039 21.689 999.000
57446.039 21.715 999.000
57450.520 21.651 999.000
57450.520 21.697 999.000
57450.520 21.702 999.000
57450.520 21.712 999.000
57450.520 21.723 999.000
57450.520 21.724 999.000
57450.520 21.727 999.000
57450.520 21.728 999.000
57450.520 21.755 999.000
57451.475 21.660 999.000
57451.475 21.706 999.000
57451.475 21.711 999.000
57451.475 21.721 999.000
57451.475 21.731 999.000
57451.475 21.733 999.000
57451.475 21.735 999.000
57451.475 21.737 999.000
57451.475 21.764 999.000
57456.270 21.701 999.000
57456.270 21.747 999.000
57456.270 21.753 999.000
57456.270 21.763 999.000
57456.270 21.773 999.000
57456.270 21.775 999.000
57456.270 21.778 999.000
57456.270 21.779 999.000
57456.270 21.806 999.000
57456.911 21.707 999.000
57456.911 21.753 999.000
57456.911 21.758 999.000
57456.911 21.768 999.000
57456.911 21.779 999.000
57456.911 21.780 999.000
57456.911 21.783 999.000
57456.911 21.784 999.000
57456.911 21.812 999.000
57458.570 21.721 999.000
57458.570 21.767 999.000
57458.570 21.773 999.000
57458.570 21.783 999.000
57458.570 21.793 999.000
57458.570 21.795 999.000
57458.570 21.798 999.000
57458.570 21.799 999.000
57458.570 21.826 999.000
57462.347 21.753 999.000
57462.347 21.800 999.000
57462.347 21.805 999.000
57462.347 21.815 999.000
57462.347 21.826 999.000
57462.347 21.827 999.000
57462.347 21.830 999.000
57462.347 21.832 999.000
57462.347 21.859 999.000
57465.530 21.780 999.000
57465.530 21.827 999.000
57465.530 21.832 999.000
57465.530 21.843 999.000
57465.530 21.853 999.000
57465.530 21.855 999.000
57465.530 21.858 999.000
57465.530 21.859 999.000
57465.530 21.886 999.000
57467.782 21.799 999.000
57467.782 21.846 999.000
57467.782 21.851 999.000
57467.782 21.862 999.000
57467.782 21.872 999.000
57467.782 21.874 999.000
57467.782 21.877 999.000
57467.782 21.878 999.000
57467.782 21.906 999.000
57473.218 21.844 999.000
57473.218 21.892 999.000
57473.218 21.897 999.000
57473.218 21.908 999.000
57473.218 21.918 999.000
57473.218 21.920 999.000
57473.218 21.923 999.000
57473.218 21.924 999.000
57473.218 21.952 999.000
57478.654 21.889 999.000
57478.654 21.938 999.000
57478.654 21.943 999.000
57478.654 21.954 999.000
57478.654 21.964 999.000
57478.654 21.966 999.000
57478.654 21.969 999.000
57478.654 21.970 999.000
57478.654 21.998 999.000
57484.090 21.934 999.000
57484.090 21.983 999.000
57484.090 21.988 999.000
57484.090 21.999 999.000
57484.090 22.009 999.000
57484.090 22.011 999.000
57484.090 22.014 999.000
57484.090 22.015 999.000
57484.090 22.043 999.000
57488.150 21.967 999.000
57488.150 22.016 999.000
57488.150 22.021 999.000
57488.150 22.033 999.000
57488.150 22.043 999.000
57488.150 22.044 999.000
57488.150 22.048 999.000
57488.150 22.048 999.000
57488.150 22.077 999.000
57489.525 21.978 999.000
57489.525 22.027 999.000
57489.525 22.032 999.000
57489.525 22.044 999.000
57489.525 22.054 999.000
57489.525 22.055 999.000
57489.525 22.059 999.000
57489.525 22.060 999.000
57489.525 22.088 999.000
57492.140 21.999 999.000
57492.140 22.049 999.000
57492.140 22.054 999.000
57492.140 22.065 999.000
57492.140 22.075 999.000
57492.140 22.077 999.000
57492.140 22.080 999.000
57492.140 22.081 999.000
57492.140 22.110 999.000
57494.961 22.022 999.000
57494.961 22.072 999.000
57494.961 22.076 999.000
57494.961 22.088 999.000
57494.961 22.098 999.000
57494.961 22.100 999.000
57494.961 22.103 999.000
57494.961 22.104 999.000
57494.961 22.133 999.000
57500.397 22.065 999.000
57500.397 22.115 999.000
57500.397 22.120 999.000
57500.397 22.132 999.000
57500.397 22.142 999.000
57500.397 22.144 999.000
57500.397 22.147 999.000
57500.397 22.148 999.000
57500.397 22.177 999.000
57505.833 22.108 999.000
57505.833 22.159 999.000
57505.833 22.163 999.000
57505.833 22.176 999.000
57505.833 22.186 999.000
57505.833 22.187 999.000
57505.833 22.191 999.000
57505.833 22.191 999.000
57505.833 22.221 999.000
57511.268 22.150 999.000
57511.268 22.201 999.000
57511.268 22.206 999.000
57511.268 22.219 999.000
57511.268 22.229 999.000
57511.268 22.230 999.000
57511.268 22.234 999.000
57511.268 22.234 999.000
57511.268 22.264 999.000
57516.704 22.192 999.000
57516.704 22.244 999.000
57516.704 22.249 999.000
57516.704 22.261 999.000
57516.704 22.271 999.000
57516.704 22.272 999.000
57516.704 22.276 999.000
57516.704 22.277 999.000
57516.704 22.307 999.000
57522.140 22.234 999.000
57522.140 22.286 999.000
57522.140 22.291 999.000
57522.140 22.303 999.000
57522.140 22.313 999.000
57522.140 22.314 999.000
57522.140 22.319 999.000
57522.140 22.319 999.000
57522.140 22.349 999.000
