57072.394 15.963 0.060
57072.394 15.933 0.038
57074.169 15.937 0.033
57074.169 15.979 0.057
57076.167 16.084 0.059
57076.167 16.001 0.037
57078.322 15.968 0.037
57078.322 15.998 0.059
57080.517 15.940 0.037
57080.517 16.008 0.059
57083.115 15.958 0.060
57083.409 15.789 0.130
57084.342 15.947 0.037
57084.342 15.959 0.059
57089.976 16.021 0.073
57089.976 15.959 0.055
57090.476 15.814 0.031
57090.476 15.808 0.051
57093.764 15.728 0.048
57093.764 15.790 0.068
57098.987 15.737 0.050
57098.987 15.771 0.069
57100.984 15.689 0.060
57100.984 15.726 0.077
57102.647 15.767 0.063
57106.872 15.775 0.043
57106.872 15.799 0.063
57110.699 15.933 0.059
57110.699 15.891 0.036
57111.503 15.911 0.060
57111.503 15.847 0.037
57118.422 16.087 0.045
57118.422 16.130 0.065
57120.816 16.180 0.048
57120.816 16.239 0.068
57122.075 16.263 0.063
57122.075 16.299 0.079
57122.785 16.352 0.056
57122.785 16.282 0.032
57128.629 16.616 0.057
57128.629 16.691 0.074
57131.527 16.743 0.045
57131.527 16.790 0.065
57136.314 16.897 0.089
57136.314 16.891 0.077
57144.306 17.001 0.099
57144.468 17.089 0.068
57151.187 17.316 0.074
57151.187 17.241 0.058
57160.630 17.429 0.092
57160.630 17.394 0.084
57166.353 17.650 0.038
57166.353 17.727 0.059
57172.407 18.133 0.141
57172.407 18.110 0.152
57185.212 18.137 0.042
57185.212 18.190 0.061
57206.833 18.401 0.063
57206.833 18.325 0.047
57231.369 18.660 0.302
57232.367 18.457 0.177
57232.370 18.399 0.320
57330.722 19.916 0.237
57330.722 20.194 0.216
57335.787 19.726 0.214
57335.787 19.797 0.168
57357.729 19.918 0.105
57390.338 19.985 0.223
56984.000 53.289 999.000
56984.000 53.536 999.000
56984.000 53.571 999.000
56984.000 53.661 999.000
56984.000 53.667 999.000
56984.000 53.711 999.000
56984.000 53.714 999.000
56984.000 53.741 999.000
56984.000 53.971 999.000
56989.436 53.289 999.000
56989.436 53.536 999.000
56989.436 53.571 999.000
56989.436 53.661 999.000
56989.436 53.667 999.000
56989.436 53.711 999.000
56989.436 53.714 999.000
56989.436 53.741 999.000
56989.436 53.971 999.000
56994.872 53.289 999.000
56994.872 53.536 999.000
56994.872 53.571 999.000
56994.872 53.661 999.000
56994.872 53.667 999.000
56994.872 53.711 999.000
56994.872 53.714 999.000
56994.872 53.741 999.000
56994.872 53.971 999.000
57000.307 20.396 999.000
57000.307 20.518 999.000
57000.307 20.746 999.000
57000.307 22.855 999.000
57000.307 23.009 999.000
57000.307 23.302 999.000
57000.307 23.485 999.000
57000.307 53.741 999.000
57000.307 53.971 999.000
57005.743 18.902 999.000
57005.743 18.966 999.000
57005.743 19.068 999.000
57005.743 19.656 999.000
57005.743 19.673 999.000
57005.743 19.704 999.000
57005.743 19.749 999.000
57005.743 20.158 999.000
57005.743 20.472 999.000
57011.179 18.100 999.000
57011.179 18.140 999.000
57011.179 18.205 999.000
57011.179 18.493 999.000
57011.179 18.502 999.000
57011.179 18.520 999.000
57011.179 18.561 999.000
57011.179 18.745 999.000
57011.179 18.977 999.000
57014.000 17.801 999.000
57014.000 17.833 999.000
57014.000 17.887 999.000
57014.000 18.100 999.000
57014.000 18.100 999.000
57014.000 18.126 999.000
57014.000 18.161 999.000
57014.000 18.295 999.000
57014.000 18.504 999.000
57014.070 17.794 999.000
57014.070 17.826 999.000
57014.070 17.880 999.000
57014.070 18.091 999.000
57014.070 18.091 999.000
57014.070 18.117 999.000
57014.070 18.152 999.000
57014.070 18.286 999.000
57014.070 18.494 999.000
57016.615 17.569 999.000
57016.615 17.595 999.000
57016.615 17.641 999.000
57016.615 17.800 999.000
57016.615 17.805 999.000
57016.615 17.830 999.000
57016.615 17.861 999.000
57016.615 17.964 999.000
57016.615 18.156 999.000
57022.050 17.184 999.000
57022.050 17.199 999.000
57022.050 17.233 999.000
57022.050 17.321 999.000
57022.050 17.332 999.000
57022.050 17.352 999.000
57022.050 17.380 999.000
57022.050 17.441 999.000
57022.050 17.606 999.000
57027.486 16.890 999.000
57027.486 16.898 999.000
57027.486 16.924 999.000
57027.486 16.970 999.000
57027.486 16.984 999.000
57027.486 16.999 999.000
57027.486 17.025 999.000
57027.486 17.061 999.000
57027.486 17.203 999.000
57032.922 16.661 999.000
57032.922 16.663 999.000
57032.922 16.683 999.000
57032.922 16.702 999.000
57032.922 16.717 999.000
57032.922 16.727 999.000
57032.922 16.753 999.000
57032.922 16.772 999.000
57032.922 16.895 999.000
57033.490 16.640 999.000
57033.490 16.641 999.000
57033.490 16.661 999.000
57033.490 16.678 999.000
57033.490 16.693 999.000
57033.490 16.702 999.000
57033.490 16.728 999.000
57033.490 16.746 999.000
57033.490 16.867 999.000
57038.358 16.476 999.000
57038.358 16.480 999.000
57038.358 16.492 999.000
57038.358 16.494 999.000
57038.358 16.508 999.000
57038.358 16.514 999.000
57038.358 16.541 999.000
57038.358 16.548 999.000
57038.358 16.654 999.000
57042.030 16.372 999.000
57042.030 16.378 999.000
57042.030 16.379 999.000
57042.030 16.385 999.000
57042.030 16.394 999.000
57042.030 16.397 999.000
57042.030 16.423 999.000
57042.030 16.425 999.000
57042.030 16.520 999.000
57043.793 16.327 999.000
57043.793 16.330 999.000
57043.793 16.335 999.000
57043.793 16.340 999.000
57043.793 16.345 999.000
57043.793 16.347 999.000
57043.793 16.372 999.000
57043.793 16.373 999.000
57043.793 16.463 999.000
57048.700 16.214 999.000
57048.700 16.220 999.000
57048.700 16.226 999.000
57048.700 16.228 999.000
57048.700 16.230 999.000
57048.700 16.231 999.000
57048.700 16.247 999.000
57048.700 16.253 999.000
57048.700 16.325 999.000
57049.229 16.203 999.000
57049.229 16.210 999.000
57049.229 16.215 999.000
57049.229 16.217 999.000
57049.229 16.219 999.000
57049.229 16.221 999.000
57049.229 16.235 999.000
57049.229 16.241 999.000
57049.229 16.312 999.000
57049.700 16.194 999.000
57049.700 16.201 999.000
57049.700 16.205 999.000
57049.700 16.207 999.000
57049.700 16.210 999.000
57049.700 16.212 999.000
57049.700 16.225 999.000
57049.700 16.231 999.000
57049.700 16.300 999.000
57051.470 16.160 999.000
57051.470 16.169 999.000
57051.470 16.170 999.000
57051.470 16.173 999.000
57051.470 16.178 999.000
57051.470 16.181 999.000
57051.470 16.188 999.000
57051.470 16.196 999.000
57051.470 16.259 999.000
57053.500 16.125 999.000
57053.500 16.133 999.000
57053.500 16.136 999.000
57053.500 16.137 999.000
57053.500 16.143 999.000
57053.500 16.149 999.000
57053.500 16.149 999.000
57053.500 16.159 999.000
57053.500 16.216 999.000
57054.665 16.106 999.000
57054.665 16.113 999.000
57054.665 16.118 999.000
57054.665 16.118 999.000
57054.665 16.125 999.000
57054.665 16.129 999.000
57054.665 16.132 999.000
57054.665 16.139 999.000
57054.665 16.193 999.000
57060.101 16.034 999.000
57060.101 16.037 999.000
57060.101 16.044 999.000
57060.101 16.049 999.000
57060.101 16.050 999.000
57060.101 16.054 999.000
57060.101 16.063 999.000
57060.101 16.065 999.000
57060.101 16.101 999.000
57065.536 15.984 999.000
57065.536 15.984 999.000
57065.536 15.992 999.000
57065.536 15.994 999.000
57065.536 16.000 999.000
57065.536 16.004 999.000
57065.536 16.008 999.000
57065.536 16.017 999.000
57065.536 16.034 999.000
57068.470 15.964 999.000
57068.470 15.966 999.000
57068.470 15.973 999.000
57068.470 15.973 999.000
57068.470 15.981 999.000
57068.470 15.984 999.000
57068.470 15.987 999.000
57068.470 15.999 999.000
57068.470 16.008 999.000
57068.970 15.961 999.000
57068.970 15.963 999.000
57068.970 15.970 999.000
57068.970 15.970 999.000
57068.970 15.978 999.000
57068.970 15.982 999.000
57068.970 15.984 999.000
57068.970 15.996 999.000
57068.970 16.004 999.000
57069.450 15.958 999.000
57069.450 15.961 999.000
57069.450 15.967 999.000
57069.450 15.967 999.000
57069.450 15.976 999.000
57069.450 15.979 999.000
57069.450 15.981 999.000
57069.450 15.994 999.000
57069.450 16.000 999.000
57070.972 15.951 999.000
57070.972 15.955 999.000
57070.972 15.960 999.000
57070.972 15.960 999.000
57070.972 15.969 999.000
57070.972 15.972 999.000
57070.972 15.974 999.000
57070.972 15.987 999.000
57070.972 15.990 999.000
57071.600 15.949 999.000
57071.600 15.952 999.000
57071.600 15.957 999.000
57071.600 15.958 999.000
57071.600 15.967 999.000
57071.600 15.970 999.000
57071.600 15.971 999.000
57071.600 15.985 999.000
57071.600 15.986 999.000
57072.394 15.946 999.000
57072.394 15.950 999.000
57072.394 15.954 999.000
57072.394 15.955 999.000
57072.394 15.964 999.000
57072.394 15.967 999.000
57072.394 15.968 999.000
57072.394 15.982 999.000
57072.394 15.982 999.000
57072.590 15.945 999.000
57072.590 15.949 999.000
57072.590 15.953 999.000
57072.590 15.955 999.000
57072.590 15.963 999.000
57072.590 15.966 999.000
57072.590 15.967 999.000
57072.590 15.981 999.000
57072.590 15.982 999.000
57073.880 15.942 999.000
57073.880 15.946 999.000
57073.880 15.950 999.000
57073.880 15.951 999.000
57073.880 15.960 999.000
57073.880 15.963 999.000
57073.880 15.963 999.000
57073.880 15.975 999.000
57073.880 15.978 999.000
57074.169 15.941 999.000
57074.169 15.946 999.000
57074.169 15.949 999.000
57074.169 15.950 999.000
57074.169 15.959 999.000
57074.169 15.962 999.000
57074.169 15.962 999.000
57074.169 15.974 999.000
57074.169 15.977 999.000
57074.210 15.941 999.000
57074.210 15.946 999.000
57074.210 15.949 999.000
57074.210 15.950 999.000
57074.210 15.959 999.000
57074.210 15.962 999.000
57074.210 15.962 999.000
57074.210 15.973 999.000
57074.210 15.977 999.000
57076.167 15.938 999.000
57076.167 15.943 999.000
57076.167 15.945 999.000
57076.167 15.947 999.000
57076.167 15.956 999.000
57076.167 15.958 999.000
57076.167 15.959 999.000
57076.167 15.967 999.000
57076.167 15.974 999.000
57076.408 15.938 999.000
57076.408 15.943 999.000
57076.408 15.945 999.000
57076.408 15.947 999.000
57076.408 15.956 999.000
57076.408 15.958 999.000
57076.408 15.958 999.000
57076.408 15.966 999.000
57076.408 15.974 999.000
57077.170 15.937 999.000
57077.170 15.943 999.000
57077.170 15.945 999.000
57077.170 15.947 999.000
57077.170 15.955 999.000
57077.170 15.957 999.000
57077.170 15.958 999.000
57077.170 15.965 999.000
57077.170 15.973 999.000
57077.450 15.937 999.000
57077.450 15.943 999.000
57077.450 15.944 999.000
57077.450 15.946 999.000
57077.450 15.955 999.000
57077.450 15.957 999.000
57077.450 15.958 999.000
57077.450 15.964 999.000
57077.450 15.973 999.000
57077.620 15.937 999.000
57077.620 15.943 999.000
57077.620 15.944 999.000
57077.620 15.946 999.000
57077.620 15.955 999.000
57077.620 15.957 999.000
57077.620 15.958 999.000
57077.620 15.964 999.000
57077.620 15.973 999.000
57078.322 15.937 999.000
57078.322 15.944 999.000
57078.322 15.944 999.000
57078.322 15.946 999.000
57078.322 15.955 999.000
57078.322 15.957 999.000
57078.322 15.958 999.000
57078.322 15.963 999.000
57078.322 15.973 999.000
57078.470 15.937 999.000
57078.470 15.944 999.000
57078.470 15.944 999.000
57078.470 15.947 999.000
57078.470 15.955 999.000
57078.470 15.957 999.000
57078.470 15.958 999.000
57078.470 15.963 999.000
57078.470 15.973 999.000
57078.960 15.938 999.000
57078.960 15.944 999.000
57078.960 15.945 999.000
57078.960 15.947 999.000
57078.960 15.956 999.000
57078.960 15.957 999.000
57078.960 15.958 999.000
57078.960 15.962 999.000
57078.960 15.973 999.000
57079.340 15.938 999.000
57079.340 15.945 999.000
57079.340 15.945 999.000
57079.340 15.947 999.000
57079.340 15.956 999.000
57079.340 15.957 999.000
57079.340 15.958 999.000
57079.340 15.962 999.000
57079.340 15.974 999.000
57080.080 15.939 999.000
57080.080 15.946 999.000
57080.080 15.946 999.000
57080.080 15.948 999.000
57080.080 15.957 999.000
57080.080 15.957 999.000
57080.080 15.959 999.000
57080.080 15.962 999.000
57080.080 15.974 999.000
57080.330 15.939 999.000
57080.330 15.946 999.000
57080.330 15.946 999.000
57080.330 15.948 999.000
57080.330 15.957 999.000
57080.330 15.958 999.000
57080.330 15.959 999.000
57080.330 15.962 999.000
57080.330 15.975 999.000
57080.517 15.940 999.000
57080.517 15.946 999.000
57080.517 15.946 999.000
57080.517 15.949 999.000
57080.517 15.957 999.000
57080.517 15.958 999.000
57080.517 15.959 999.000
57080.517 15.962 999.000
57080.517 15.975 999.000
57081.330 15.941 999.000
57081.330 15.948 999.000
57081.330 15.948 999.000
57081.330 15.950 999.000
57081.330 15.958 999.000
57081.330 15.959 999.000
57081.330 15.961 999.000
57081.330 15.962 999.000
57081.330 15.976 999.000
57081.500 15.942 999.000
57081.500 15.948 999.000
57081.500 15.949 999.000
57081.500 15.950 999.000
57081.500 15.959 999.000
57081.500 15.959 999.000
57081.500 15.961 999.000
57081.500 15.962 999.000
57081.500 15.976 999.000
57081.844 15.943 999.000
57081.844 15.949 999.000
57081.844 15.949 999.000
57081.844 15.951 999.000
57081.844 15.960 999.000
57081.844 15.960 999.000
57081.844 15.962 999.000
57081.844 15.963 999.000
57081.844 15.977 999.000
57082.240 15.944 999.000
57082.240 15.950 999.000
57082.240 15.951 999.000
57082.240 15.952 999.000
57082.240 15.960 999.000
57082.240 15.961 999.000
57082.240 15.963 999.000
57082.240 15.963 999.000
57082.240 15.978 999.000
57082.940 15.946 999.000
57082.940 15.952 999.000
57082.940 15.953 999.000
57082.940 15.954 999.000
57082.940 15.962 999.000
57082.940 15.962 999.000
57082.940 15.964 999.000
57082.940 15.964 999.000
57082.940 15.979 999.000
57084.240 15.950 999.000
57084.240 15.957 999.000
57084.240 15.957 999.000
57084.240 15.958 999.000
57084.240 15.966 999.000
57084.240 15.966 999.000
57084.240 15.967 999.000
57084.240 15.968 999.000
57084.240 15.983 999.000
57084.342 15.951 999.000
57084.342 15.957 999.000
57084.342 15.958 999.000
57084.342 15.959 999.000
57084.342 15.966 999.000
57084.342 15.967 999.000
57084.342 15.968 999.000
57084.342 15.969 999.000
57084.342 15.984 999.000
57085.220 15.955 999.000
57085.220 15.961 999.000
57085.220 15.962 999.000
57085.220 15.962 999.000
57085.220 15.970 999.000
57085.220 15.970 999.000
57085.220 15.970 999.000
57085.220 15.972 999.000
57085.220 15.987 999.000
57085.260 15.955 999.000
57085.260 15.961 999.000
57085.260 15.962 999.000
57085.260 15.962 999.000
57085.260 15.970 999.000
57085.260 15.970 999.000
57085.260 15.971 999.000
57085.260 15.972 999.000
57085.260 15.987 999.000
57086.010 15.959 999.000
57086.010 15.964 999.000
57086.010 15.965 999.000
57086.010 15.966 999.000
57086.010 15.973 999.000
57086.010 15.973 999.000
57086.010 15.973 999.000
57086.010 15.976 999.000
57086.010 15.990 999.000
57087.279 15.965 999.000
57087.279 15.971 999.000
57087.279 15.972 999.000
57087.279 15.972 999.000
57087.279 15.979 999.000
57087.279 15.979 999.000
57087.279 15.979 999.000
57087.279 15.982 999.000
57087.279 15.996 999.000
57089.976 15.983 999.000
57089.976 15.988 999.000
57089.976 15.989 999.000
57089.976 15.990 999.000
57089.976 15.993 999.000
57089.976 15.994 999.000
57089.976 15.995 999.000
57089.976 15.998 999.000
57089.976 16.010 999.000
57090.476 15.987 999.000
57090.476 15.992 999.000
57090.476 15.992 999.000
57090.476 15.993 999.000
57090.476 15.997 999.000
57090.476 15.998 999.000
57090.476 15.999 999.000
57090.476 16.001 999.000
57090.476 16.014 999.000
57090.970 15.991 999.000
57090.970 15.996 999.000
57090.970 15.996 999.000
57090.970 15.997 999.000
57090.970 16.000 999.000
57090.970 16.001 999.000
57090.970 16.002 999.000
57090.970 16.004 999.000
57090.970 16.017 999.000
57092.170 16.001 999.000
57092.170 16.005 999.000
57092.170 16.006 999.000
57092.170 16.007 999.000
57092.170 16.009 999.000
57092.170 16.010 999.000
57092.170 16.011 999.000
57092.170 16.013 999.000
57092.170 16.025 999.000
57092.715 16.006 999.000
57092.715 16.009 999.000
57092.715 16.011 999.000
57092.715 16.011 999.000
57092.715 16.013 999.000
57092.715 16.014 999.000
57092.715 16.015 999.000
57092.715 16.018 999.000
57092.715 16.029 999.000
57093.020 16.008 999.000
57093.020 16.012 999.000
57093.020 16.013 999.000
57093.020 16.014 999.000
57093.020 16.016 999.000
57093.020 16.017 999.000
57093.020 16.018 999.000
57093.020 16.020 999.000
57093.020 16.032 999.000
57093.764 16.015 999.000
57093.764 16.019 999.000
57093.764 16.020 999.000
57093.764 16.020 999.000
57093.764 16.022 999.000
57093.764 16.023 999.000
57093.764 16.024 999.000
57093.764 16.026 999.000
57093.764 16.038 999.000
57094.290 16.020 999.000
57094.290 16.023 999.000
57094.290 16.025 999.000
57094.290 16.025 999.000
57094.290 16.026 999.000
57094.290 16.028 999.000
57094.290 16.029 999.000
57094.290 16.031 999.000
57094.290 16.042 999.000
57094.870 16.026 999.000
57094.870 16.029 999.000
57094.870 16.031 999.000
57094.870 16.031 999.000
57094.870 16.032 999.000
57094.870 16.033 999.000
57094.870 16.034 999.000
57094.870 16.036 999.000
57094.870 16.047 999.000
57095.270 16.030 999.000
57095.270 16.033 999.000
57095.270 16.035 999.000
57095.270 16.035 999.000
57095.270 16.036 999.000
57095.270 16.037 999.000
57095.270 16.038 999.000
57095.270 16.040 999.000
57095.270 16.051 999.000
57095.470 16.033 999.000
57095.470 16.035 999.000
57095.470 16.037 999.000
57095.470 16.037 999.000
57095.470 16.037 999.000
57095.470 16.039 999.000
57095.470 16.040 999.000
57095.470 16.042 999.000
57095.470 16.052 999.000
57095.930 16.037 999.000
57095.930 16.039 999.000
57095.930 16.042 999.000
57095.930 16.042 999.000
57095.930 16.042 999.000
57095.930 16.043 999.000
57095.930 16.044 999.000
57095.930 16.046 999.000
57095.930 16.057 999.000
57097.210 16.052 999.000
57097.210 16.053 999.000
57097.210 16.055 999.000
57097.210 16.055 999.000
57097.210 16.056 999.000
57097.210 16.056 999.000
57097.210 16.057 999.000
57097.210 16.059 999.000
57097.210 16.069 999.000
57098.151 16.063 999.000
57098.151 16.063 999.000
57098.151 16.066 999.000
57098.151 16.066 999.000
57098.151 16.066 999.000
57098.151 16.067 999.000
57098.151 16.068 999.000
57098.151 16.069 999.000
57098.151 16.078 999.000
57098.210 16.063 999.000
57098.210 16.064 999.000
57098.210 16.066 999.000
57098.210 16.066 999.000
57098.210 16.067 999.000
57098.210 16.068 999.000
57098.210 16.068 999.000
57098.210 16.070 999.000
57098.210 16.079 999.000
57098.610 16.068 999.000
57098.610 16.068 999.000
57098.610 16.071 999.000
57098.610 16.071 999.000
57098.610 16.071 999.000
57098.610 16.072 999.000
57098.610 16.073 999.000
57098.610 16.074 999.000
57098.610 16.083 999.000
57098.987 16.073 999.000
57098.987 16.073 999.000
57098.987 16.075 999.000
57098.987 16.075 999.000
57098.987 16.076 999.000
57098.987 16.076 999.000
57098.987 16.078 999.000
57098.987 16.079 999.000
57098.987 16.087 999.000
57099.250 16.076 999.000
57099.250 16.076 999.000
57099.250 16.078 999.000
57099.250 16.079 999.000
57099.250 16.079 999.000
57099.250 16.079 999.000
57099.250 16.081 999.000
57099.250 16.082 999.000
57099.250 16.090 999.000
57100.984 16.097 999.000
57100.984 16.099 999.000
57100.984 16.100 999.000
57100.984 16.100 999.000
57100.984 16.100 999.000
57100.984 16.100 999.000
57100.984 16.102 999.000
57100.984 16.104 999.000
57100.984 16.110 999.000
57101.310 16.102 999.000
57101.310 16.104 999.000
57101.310 16.104 999.000
57101.310 16.104 999.000
57101.310 16.104 999.000
57101.310 16.104 999.000
57101.310 16.106 999.000
57101.310 16.108 999.000
57101.310 16.114 999.000
57102.170 16.113 999.000
57102.170 16.115 999.000
57102.170 16.115 999.000
57102.170 16.115 999.000
57102.170 16.116 999.000
57102.170 16.116 999.000
57102.170 16.117 999.000
57102.170 16.120 999.000
57102.170 16.124 999.000
57102.520 16.118 999.000
57102.520 16.119 999.000
57102.520 16.119 999.000
57102.520 16.120 999.000
57102.520 16.120 999.000
57102.520 16.121 999.000
57102.520 16.122 999.000
57102.520 16.125 999.000
57102.520 16.129 999.000
57103.400 16.130 999.000
57103.400 16.131 999.000
57103.400 16.131 999.000
57103.400 16.132 999.000
57103.400 16.133 999.000
57103.400 16.134 999.000
57103.400 16.134 999.000
57103.400 16.138 999.000
57103.400 16.140 999.000
57103.587 16.133 999.000
57103.587 16.134 999.000
57103.587 16.134 999.000
57103.587 16.135 999.000
57103.587 16.135 999.000
57103.587 16.136 999.000
57103.587 16.136 999.000
57103.587 16.141 999.000
57103.587 16.142 999.000
57103.760 16.135 999.000
57103.760 16.136 999.000
57103.760 16.136 999.000
57103.760 16.138 999.000
57103.760 16.138 999.000
57103.760 16.139 999.000
57103.760 16.139 999.000
57103.760 16.144 999.000
57103.760 16.145 999.000
57104.180 16.141 999.000
57104.180 16.142 999.000
57104.180 16.142 999.000
57104.180 16.144 999.000
57104.180 16.144 999.000
57104.180 16.144 999.000
57104.180 16.145 999.000
57104.180 16.150 999.000
57104.180 16.150 999.000
57104.430 16.145 999.000
57104.430 16.145 999.000
57104.430 16.146 999.000
57104.430 16.147 999.000
57104.430 16.147 999.000
57104.430 16.148 999.000
57104.430 16.149 999.000
57104.430 16.154 999.000
57104.430 16.154 999.000
57106.440 16.175 999.000
57106.440 16.175 999.000
57106.440 16.176 999.000
57106.440 16.177 999.000
57106.440 16.178 999.000
57106.440 16.178 999.000
57106.440 16.181 999.000
57106.440 16.182 999.000
57106.440 16.186 999.000
57106.872 16.181 999.000
57106.872 16.182 999.000
57106.872 16.182 999.000
57106.872 16.184 999.000
57106.872 16.185 999.000
57106.872 16.185 999.000
57106.872 16.188 999.000
57106.872 16.188 999.000
57106.872 16.194 999.000
57109.022 16.215 999.000
57109.022 16.217 999.000
57109.022 16.218 999.000
57109.022 16.218 999.000
57109.022 16.220 999.000
57109.022 16.221 999.000
57109.022 16.221 999.000
57109.022 16.226 999.000
57109.022 16.231 999.000
57110.160 16.234 999.000
57110.160 16.236 999.000
57110.160 16.236 999.000
57110.160 16.237 999.000
57110.160 16.239 999.000
57110.160 16.239 999.000
57110.160 16.241 999.000
57110.160 16.246 999.000
57110.160 16.252 999.000
57110.180 16.234 999.000
57110.180 16.236 999.000
57110.180 16.237 999.000
57110.180 16.238 999.000
57110.180 16.239 999.000
57110.180 16.239 999.000
57110.180 16.241 999.000
57110.180 16.247 999.000
57110.180 16.252 999.000
57110.210 16.235 999.000
57110.210 16.237 999.000
57110.210 16.237 999.000
57110.210 16.238 999.000
57110.210 16.240 999.000
57110.210 16.240 999.000
57110.210 16.242 999.000
57110.210 16.247 999.000
57110.210 16.253 999.000
57110.699 16.243 999.000
57110.699 16.245 999.000
57110.699 16.245 999.000
57110.699 16.247 999.000
57110.699 16.248 999.000
57110.699 16.248 999.000
57110.699 16.251 999.000
57110.699 16.256 999.000
57110.699 16.262 999.000
57111.503 16.257 999.000
57111.503 16.259 999.000
57111.503 16.260 999.000
57111.503 16.261 999.000
57111.503 16.261 999.000
57111.503 16.263 999.000
57111.503 16.266 999.000
57111.503 16.272 999.000
57111.503 16.277 999.000
57113.290 16.289 999.000
57113.290 16.291 999.000
57113.290 16.292 999.000
57113.290 16.292 999.000
57113.290 16.295 999.000
57113.290 16.296 999.000
57113.290 16.300 999.000
57113.290 16.306 999.000
57113.290 16.313 999.000
57114.458 16.311 999.000
57114.458 16.313 999.000
57114.458 16.313 999.000
57114.458 16.314 999.000
57114.458 16.318 999.000
57114.458 16.318 999.000
57114.458 16.323 999.000
57114.458 16.330 999.000
57114.458 16.337 999.000
57116.930 16.359 999.000
57116.930 16.360 999.000
57116.930 16.361 999.000
57116.930 16.363 999.000
57116.930 16.367 999.000
57116.930 16.368 999.000
57116.930 16.374 999.000
57116.930 16.383 999.000
57116.930 16.390 999.000
57117.250 16.366 999.000
57117.250 16.366 999.000
57117.250 16.367 999.000
57117.250 16.370 999.000
57117.250 16.374 999.000
57117.250 16.375 999.000
57117.250 16.381 999.000
57117.250 16.390 999.000
57117.250 16.397 999.000
57118.210 16.385 999.000
57118.210 16.385 999.000
57118.210 16.387 999.000
57118.210 16.390 999.000
57118.210 16.394 999.000
57118.210 16.395 999.000
57118.210 16.401 999.000
57118.210 16.411 999.000
57118.210 16.419 999.000
57118.422 16.389 999.000
57118.422 16.390 999.000
57118.422 16.391 999.000
57118.422 16.395 999.000
57118.422 16.398 999.000
57118.422 16.400 999.000
57118.422 16.406 999.000
57118.422 16.416 999.000
57118.422 16.424 999.000
57119.894 16.419 999.000
57119.894 16.421 999.000
57119.894 16.422 999.000
57119.894 16.426 999.000
57119.894 16.430 999.000
57119.894 16.432 999.000
57119.894 16.439 999.000
57119.894 16.449 999.000
57119.894 16.458 999.000
57120.150 16.425 999.000
57120.150 16.426 999.000
57120.150 16.427 999.000
57120.150 16.432 999.000
57120.150 16.435 999.000
57120.150 16.438 999.000
57120.150 16.445 999.000
57120.150 16.455 999.000
57120.150 16.464 999.000
57120.210 16.426 999.000
57120.210 16.428 999.000
57120.210 16.428 999.000
57120.210 16.433 999.000
57120.210 16.437 999.000
57120.210 16.439 999.000
57120.210 16.446 999.000
57120.210 16.457 999.000
57120.210 16.465 999.000
57120.450 16.431 999.000
57120.450 16.433 999.000
57120.450 16.433 999.000
57120.450 16.438 999.000
57120.450 16.442 999.000
57120.450 16.445 999.000
57120.450 16.452 999.000
57120.450 16.462 999.000
57120.450 16.471 999.000
57120.816 16.439 999.000
57120.816 16.441 999.000
57120.816 16.441 999.000
57120.816 16.446 999.000
57120.816 16.450 999.000
57120.816 16.453 999.000
57120.816 16.460 999.000
57120.816 16.471 999.000
57120.816 16.480 999.000
57122.075 16.466 999.000
57122.075 16.469 999.000
57122.075 16.469 999.000
57122.075 16.475 999.000
57122.075 16.478 999.000
57122.075 16.482 999.000
57122.075 16.490 999.000
57122.075 16.501 999.000
57122.075 16.511 999.000
57122.130 16.467 999.000
57122.130 16.470 999.000
57122.130 16.470 999.000
57122.130 16.476 999.000
57122.130 16.479 999.000
57122.130 16.483 999.000
57122.130 16.491 999.000
57122.130 16.502 999.000
57122.130 16.512 999.000
57122.785 16.481 999.000
57122.785 16.485 999.000
57122.785 16.485 999.000
57122.785 16.491 999.000
57122.785 16.494 999.000
57122.785 16.499 999.000
57122.785 16.507 999.000
57122.785 16.518 999.000
57122.785 16.528 999.000
57122.850 16.483 999.000
57122.850 16.486 999.000
57122.850 16.486 999.000
57122.850 16.493 999.000
57122.850 16.496 999.000
57122.850 16.501 999.000
57122.850 16.508 999.000
57122.850 16.520 999.000
57122.850 16.530 999.000
57123.870 16.505 999.000
57123.870 16.509 999.000
57123.870 16.510 999.000
57123.870 16.516 999.000
57123.870 16.519 999.000
57123.870 16.525 999.000
57123.870 16.533 999.000
57123.870 16.545 999.000
57123.870 16.556 999.000
57125.330 16.539 999.000
57125.330 16.543 999.000
57125.330 16.544 999.000
57125.330 16.551 999.000
57125.330 16.554 999.000
57125.330 16.561 999.000
57125.330 16.569 999.000
57125.330 16.582 999.000
57125.330 16.593 999.000
57126.180 16.559 999.000
57126.180 16.563 999.000
57126.180 16.564 999.000
57126.180 16.572 999.000
57126.180 16.575 999.000
57126.180 16.582 999.000
57126.180 16.591 999.000
57126.180 16.604 999.000
57126.180 16.616 999.000
57127.720 16.595 999.000
57127.720 16.600 999.000
57127.720 16.602 999.000
57127.720 16.611 999.000
57127.720 16.613 999.000
57127.720 16.622 999.000
57127.720 16.631 999.000
57127.720 16.645 999.000
57127.720 16.657 999.000
57128.160 16.606 999.000
57128.160 16.611 999.000
57128.160 16.613 999.000
57128.160 16.622 999.000
57128.160 16.624 999.000
57128.160 16.633 999.000
57128.160 16.642 999.000
57128.160 16.657 999.000
57128.160 16.669 999.000
57128.629 16.618 999.000
57128.629 16.623 999.000
57128.629 16.625 999.000
57128.629 16.634 999.000
57128.629 16.636 999.000
57128.629 16.646 999.000
57128.629 16.655 999.000
57128.629 16.670 999.000
57128.629 16.682 999.000
57129.940 16.650 999.000
57129.940 16.656 999.000
57129.940 16.658 999.000
57129.940 16.668 999.000
57129.940 16.669 999.000
57129.940 16.681 999.000
57129.940 16.690 999.000
57129.940 16.705 999.000
57129.940 16.719 999.000
57130.765 16.671 999.000
57130.765 16.677 999.000
57130.765 16.680 999.000
57130.765 16.690 999.000
57130.765 16.691 999.000
57130.765 16.703 999.000
57130.765 16.713 999.000
57130.765 16.728 999.000
57130.765 16.743 999.000
57131.527 16.691 999.000
57131.527 16.696 999.000
57131.527 16.700 999.000
57131.527 16.710 999.000
57131.527 16.711 999.000
57131.527 16.724 999.000
57131.527 16.734 999.000
57131.527 16.750 999.000
57131.527 16.765 999.000
57131.710 16.695 999.000
57131.710 16.701 999.000
57131.710 16.705 999.000
57131.710 16.715 999.000
57131.710 16.715 999.000
57131.710 16.729 999.000
57131.710 16.739 999.000
57131.710 16.755 999.000
57131.710 16.770 999.000
57132.930 16.727 999.000
57132.930 16.733 999.000
57132.930 16.737 999.000
57132.930 16.748 999.000
57132.930 16.748 999.000
57132.930 16.764 999.000
57132.930 16.773 999.000
57132.930 16.790 999.000
57132.930 16.806 999.000
57134.240 16.762 999.000
57134.240 16.768 999.000
57134.240 16.773 999.000
57134.240 16.784 999.000
57134.240 16.784 999.000
57134.240 16.801 999.000
57134.240 16.811 999.000
57134.240 16.828 999.000
57134.240 16.845 999.000
57134.860 16.779 999.000
57134.860 16.785 999.000
57134.860 16.790 999.000
57134.860 16.801 999.000
57134.860 16.802 999.000
57134.860 16.819 999.000
57134.860 16.829 999.000
57134.860 16.847 999.000
57134.860 16.864 999.000
57135.440 16.795 999.000
57135.440 16.801 999.000
57135.440 16.806 999.000
57135.440 16.817 999.000
57135.440 16.818 999.000
57135.440 16.836 999.000
57135.440 16.846 999.000
57135.440 16.864 999.000
57135.440 16.882 999.000
57135.940 16.809 999.000
57135.940 16.814 999.000
57135.940 16.820 999.000
57135.940 16.831 999.000
57135.940 16.832 999.000
57135.940 16.851 999.000
57135.940 16.860 999.000
57135.940 16.879 999.000
57135.940 16.897 999.000
57136.201 16.816 999.000
57136.201 16.822 999.000
57136.201 16.828 999.000
57136.201 16.838 999.000
57136.201 16.840 999.000
57136.201 16.858 999.000
57136.201 16.868 999.000
57136.201 16.887 999.000
57136.201 16.905 999.000
57136.314 16.819 999.000
57136.314 16.825 999.000
57136.314 16.831 999.000
57136.314 16.841 999.000
57136.314 16.843 999.000
57136.314 16.862 999.000
57136.314 16.871 999.000
57136.314 16.890 999.000
57136.314 16.909 999.000
57137.210 16.844 999.000
57137.210 16.850 999.000
57137.210 16.857 999.000
57137.210 16.867 999.000
57137.210 16.869 999.000
57137.210 16.889 999.000
57137.210 16.898 999.000
57137.210 16.918 999.000
57137.210 16.937 999.000
57137.270 16.846 999.000
57137.270 16.851 999.000
57137.270 16.858 999.000
57137.270 16.869 999.000
57137.270 16.871 999.000
57137.270 16.890 999.000
57137.270 16.900 999.000
57137.270 16.920 999.000
57137.270 16.938 999.000
57138.860 16.891 999.000
57138.860 16.897 999.000
57138.860 16.905 999.000
57138.860 16.914 999.000
57138.860 16.918 999.000
57138.860 16.939 999.000
57138.860 16.948 999.000
57138.860 16.969 999.000
57138.860 16.989 999.000
57138.880 16.892 999.000
57138.880 16.897 999.000
57138.880 16.905 999.000
57138.880 16.915 999.000
57138.880 16.918 999.000
57138.880 16.939 999.000
57138.880 16.949 999.000
57138.880 16.969 999.000
57138.880 16.990 999.000
57139.210 16.901 999.000
57139.210 16.907 999.000
57139.210 16.915 999.000
57139.210 16.925 999.000
57139.210 16.928 999.000
57139.210 16.950 999.000
57139.210 16.959 999.000
57139.210 16.980 999.000
57139.210 17.000 999.000
57140.100 16.927 999.000
57140.100 16.932 999.000
57140.100 16.941 999.000
57140.100 16.951 999.000
57140.100 16.955 999.000
57140.100 16.977 999.000
57140.100 16.987 999.000
57140.100 17.008 999.000
57140.100 17.029 999.000
57141.170 16.959 999.000
57141.170 16.964 999.000
57141.170 16.973 999.000
57141.170 16.982 999.000
57141.170 16.987 999.000
57141.170 17.011 999.000
57141.170 17.020 999.000
57141.170 17.042 999.000
57141.170 17.064 999.000
57141.637 16.973 999.000
57141.637 16.978 999.000
57141.637 16.987 999.000
57141.637 16.996 999.000
57141.637 17.002 999.000
57141.637 17.026 999.000
57141.637 17.035 999.000
57141.637 17.057 999.000
57141.637 17.080 999.000
57144.468 17.059 999.000
57144.468 17.063 999.000
57144.468 17.075 999.000
57144.468 17.083 999.000
57144.468 17.090 999.000
57144.468 17.118 999.000
57144.468 17.126 999.000
57144.468 17.133 999.000
57144.468 17.157 999.000
57144.710 17.066 999.000
57144.710 17.070 999.000
57144.710 17.083 999.000
57144.710 17.090 999.000
57144.710 17.098 999.000
57144.710 17.126 999.000
57144.710 17.134 999.000
57144.710 17.137 999.000
57144.710 17.161 999.000
57144.890 17.072 999.000
57144.890 17.076 999.000
57144.890 17.088 999.000
57144.890 17.096 999.000
57144.890 17.104 999.000
57144.890 17.132 999.000
57144.890 17.140 999.000
57144.890 17.140 999.000
57144.890 17.165 999.000
57147.073 17.125 999.000
57147.073 17.140 999.000
57147.073 17.141 999.000
57147.073 17.163 999.000
57147.073 17.164 999.000
57147.073 17.171 999.000
57147.073 17.181 999.000
57147.073 17.200 999.000
57147.073 17.205 999.000
57148.310 17.148 999.000
57148.310 17.163 999.000
57148.310 17.164 999.000
57148.310 17.186 999.000
57148.310 17.194 999.000
57148.310 17.204 999.000
57148.310 17.204 999.000
57148.310 17.223 999.000
57148.310 17.228 999.000
57150.030 17.181 999.000
57150.030 17.194 999.000
57150.030 17.195 999.000
57150.030 17.219 999.000
57150.030 17.226 999.000
57150.030 17.236 999.000
57150.030 17.240 999.000
57150.030 17.254 999.000
57150.030 17.260 999.000
57150.960 17.199 999.000
57150.960 17.211 999.000
57150.960 17.212 999.000
57150.960 17.236 999.000
57150.960 17.243 999.000
57150.960 17.254 999.000
57150.960 17.258 999.000
57150.960 17.271 999.000
57150.960 17.277 999.000
57151.187 17.203 999.000
57151.187 17.215 999.000
57151.187 17.216 999.000
57151.187 17.241 999.000
57151.187 17.247 999.000
57151.187 17.258 999.000
57151.187 17.262 999.000
57151.187 17.275 999.000
57151.187 17.281 999.000
57152.160 17.222 999.000
57152.160 17.233 999.000
57152.160 17.234 999.000
57152.160 17.259 999.000
57152.160 17.265 999.000
57152.160 17.276 999.000
57152.160 17.281 999.000
57152.160 17.293 999.000
57152.160 17.300 999.000
57152.508 17.229 999.000
57152.508 17.240 999.000
57152.508 17.240 999.000
57152.508 17.266 999.000
57152.508 17.272 999.000
57152.508 17.283 999.000
57152.508 17.288 999.000
57152.508 17.300 999.000
57152.508 17.306 999.000
57155.150 17.280 999.000
57155.150 17.289 999.000
57155.150 17.289 999.000
57155.150 17.316 999.000
57155.150 17.321 999.000
57155.150 17.332 999.000
57155.150 17.340 999.000
57155.150 17.348 999.000
57155.150 17.356 999.000
57155.760 17.292 999.000
57155.760 17.300 999.000
57155.760 17.300 999.000
57155.760 17.328 999.000
57155.760 17.332 999.000
57155.760 17.344 999.000
57155.760 17.352 999.000
57155.760 17.359 999.000
57155.760 17.367 999.000
57157.944 17.334 999.000
57157.944 17.341 999.000
57157.944 17.341 999.000
57157.944 17.370 999.000
57157.944 17.373 999.000
57157.944 17.385 999.000
57157.944 17.395 999.000
57157.944 17.400 999.000
57157.944 17.408 999.000
57158.800 17.350 999.000
57158.800 17.357 999.000
57158.800 17.357 999.000
57158.800 17.386 999.000
57158.800 17.389 999.000
57158.800 17.401 999.000
57158.800 17.412 999.000
57158.800 17.415 999.000
57158.800 17.424 999.000
57160.050 17.374 999.000
57160.050 17.380 999.000
57160.050 17.380 999.000
57160.050 17.410 999.000
57160.050 17.412 999.000
57160.050 17.425 999.000
57160.050 17.436 999.000
57160.050 17.439 999.000
57160.050 17.448 999.000
57160.630 17.386 999.000
57160.630 17.391 999.000
57160.630 17.391 999.000
57160.630 17.421 999.000
57160.630 17.423 999.000
57160.630 17.436 999.000
57160.630 17.447 999.000
57160.630 17.449 999.000
57160.630 17.459 999.000
57161.010 17.393 999.000
57161.010 17.398 999.000
57161.010 17.398 999.000
57161.010 17.428 999.000
57161.010 17.430 999.000
57161.010 17.443 999.000
57161.010 17.455 999.000
57161.010 17.456 999.000
57161.010 17.466 999.000
57161.700 17.406 999.000
57161.700 17.411 999.000
57161.700 17.411 999.000
57161.700 17.441 999.000
57161.700 17.443 999.000
57161.700 17.456 999.000
57161.700 17.468 999.000
57161.700 17.469 999.000
57161.700 17.479 999.000
57162.730 17.426 999.000
57162.730 17.430 999.000
57162.730 17.431 999.000
57162.730 17.461 999.000
57162.730 17.463 999.000
57162.730 17.475 999.000
57162.730 17.488 999.000
57162.730 17.488 999.000
57162.730 17.498 999.000
57162.900 17.429 999.000
57162.900 17.433 999.000
57162.900 17.434 999.000
57162.900 17.464 999.000
57162.900 17.466 999.000
57162.900 17.478 999.000
57162.900 17.491 999.000
57162.900 17.491 999.000
57162.900 17.501 999.000
57163.380 17.439 999.000
57163.380 17.442 999.000
57163.380 17.443 999.000
57163.380 17.473 999.000
57163.380 17.475 999.000
57163.380 17.487 999.000
57163.380 17.500 999.000
57163.380 17.501 999.000
57163.380 17.510 999.000
57166.353 17.496 999.000
57166.353 17.498 999.000
57166.353 17.498 999.000
57166.353 17.530 999.000
57166.353 17.531 999.000
57166.353 17.543 999.000
57166.353 17.554 999.000
57166.353 17.558 999.000
57166.353 17.566 999.000
57166.920 17.507 999.000
57166.920 17.508 999.000
57166.920 17.509 999.000
57166.920 17.541 999.000
57166.920 17.541 999.000
57166.920 17.554 999.000
57166.920 17.565 999.000
57166.920 17.569 999.000
57166.920 17.577 999.000
57168.816 17.543 999.000
57168.816 17.544 999.000
57168.816 17.545 999.000
57168.816 17.577 999.000
57168.816 17.577 999.000
57168.816 17.589 999.000
57168.816 17.599 999.000
57168.816 17.606 999.000
57168.816 17.612 999.000
57171.900 17.602 999.000
57171.900 17.602 999.000
57171.900 17.602 999.000
57171.900 17.634 999.000
57171.900 17.635 999.000
57171.900 17.647 999.000
57171.900 17.655 999.000
57171.900 17.665 999.000
57171.900 17.670 999.000
57172.407 17.611 999.000
57172.407 17.611 999.000
57172.407 17.612 999.000
57172.407 17.644 999.000
57172.407 17.645 999.000
57172.407 17.656 999.000
57172.407 17.665 999.000
57172.407 17.674 999.000
57172.407 17.679 999.000
57173.380 17.629 999.000
57173.380 17.630 999.000
57173.380 17.630 999.000
57173.380 17.662 999.000
57173.380 17.663 999.000
57173.380 17.674 999.000
57173.380 17.682 999.000
57173.380 17.693 999.000
57173.380 17.698 999.000
57174.252 17.646 999.000
57174.252 17.646 999.000
57174.252 17.646 999.000
57174.252 17.678 999.000
57174.252 17.680 999.000
57174.252 17.690 999.000
57174.252 17.698 999.000
57174.252 17.709 999.000
57174.252 17.714 999.000
57175.020 17.660 999.000
57175.020 17.660 999.000
57175.020 17.661 999.000
57175.020 17.692 999.000
57175.020 17.694 999.000
57175.020 17.704 999.000
57175.020 17.712 999.000
57175.020 17.724 999.000
57175.020 17.728 999.000
57176.950 17.696 999.000
57176.950 17.696 999.000
57176.950 17.697 999.000
57176.950 17.728 999.000
57176.950 17.730 999.000
57176.950 17.740 999.000
57176.950 17.747 999.000
57176.950 17.760 999.000
57176.950 17.764 999.000
57178.110 17.717 999.000
57178.110 17.718 999.000
57178.110 17.719 999.000
57178.110 17.749 999.000
57178.110 17.752 999.000
57178.110 17.761 999.000
57178.110 17.767 999.000
57178.110 17.782 999.000
57178.110 17.785 999.000
57179.110 17.736 999.000
57179.110 17.736 999.000
57179.110 17.738 999.000
57179.110 17.768 999.000
57179.110 17.770 999.000
57179.110 17.779 999.000
57179.110 17.785 999.000
57179.110 17.801 999.000
57179.110 17.803 999.000
57179.687 17.747 999.000
57179.687 17.747 999.000
57179.687 17.749 999.000
57179.687 17.778 999.000
57179.687 17.781 999.000
57179.687 17.790 999.000
57179.687 17.796 999.000
57179.687 17.811 999.000
57179.687 17.814 999.000
57182.120 17.791 999.000
57182.120 17.792 999.000
57182.120 17.794 999.000
57182.120 17.823 999.000
57182.120 17.826 999.000
57182.120 17.834 999.000
57182.120 17.839 999.000
57182.120 17.856 999.000
57182.120 17.858 999.000
57183.020 17.808 999.000
57183.020 17.809 999.000
57183.020 17.811 999.000
57183.020 17.839 999.000
57183.020 17.842 999.000
57183.020 17.850 999.000
57183.020 17.855 999.000
57183.020 17.873 999.000
57183.020 17.875 999.000
57184.030 17.826 999.000
57184.030 17.827 999.000
57184.030 17.829 999.000
57184.030 17.858 999.000
57184.030 17.861 999.000
57184.030 17.869 999.000
57184.030 17.873 999.000
57184.030 17.892 999.000
57184.030 17.893 999.000
57184.960 17.843 999.000
57184.960 17.844 999.000
57184.960 17.846 999.000
57184.960 17.875 999.000
57184.960 17.878 999.000
57184.960 17.885 999.000
57184.960 17.889 999.000
57184.960 17.909 999.000
57184.960 17.910 999.000
57185.020 17.844 999.000
57185.020 17.845 999.000
57185.020 17.847 999.000
57185.020 17.876 999.000
57185.020 17.879 999.000
57185.020 17.886 999.000
57185.020 17.890 999.000
57185.020 17.910 999.000
57185.020 17.911 999.000
57185.123 17.846 999.000
57185.123 17.847 999.000
57185.123 17.849 999.000
57185.123 17.878 999.000
57185.123 17.881 999.000
57185.123 17.888 999.000
57185.123 17.892 999.000
57185.123 17.912 999.000
57185.123 17.913 999.000
57185.212 17.848 999.000
57185.212 17.849 999.000
57185.212 17.851 999.000
57185.212 17.879 999.000
57185.212 17.883 999.000
57185.212 17.890 999.000
57185.212 17.893 999.000
57185.212 17.913 999.000
57185.212 17.914 999.000
57186.770 17.876 999.000
57186.770 17.878 999.000
57186.770 17.880 999.000
57186.770 17.907 999.000
57186.770 17.911 999.000
57186.770 17.918 999.000
57186.770 17.921 999.000
57186.770 17.942 999.000
57186.770 17.942 999.000
57190.559 17.944 999.000
57190.559 17.947 999.000
57190.559 17.948 999.000
57190.559 17.975 999.000
57190.559 17.979 999.000
57190.559 17.985 999.000
57190.559 17.986 999.000
57190.559 18.010 999.000
57190.559 18.010 999.000
57192.710 17.983 999.000
57192.710 17.986 999.000
57192.710 17.987 999.000
57192.710 18.014 999.000
57192.710 18.018 999.000
57192.710 18.023 999.000
57192.710 18.023 999.000
57192.710 18.048 999.000
57192.710 18.048 999.000
57195.995 18.041 999.000
57195.995 18.045 999.000
57195.995 18.046 999.000
57195.995 18.071 999.000
57195.995 18.076 999.000
57195.995 18.079 999.000
57195.995 18.080 999.000
57195.995 18.105 999.000
57195.995 18.106 999.000
57199.060 18.095 999.000
57199.060 18.099 999.000
57199.060 18.100 999.000
57199.060 18.125 999.000
57199.060 18.129 999.000
57199.060 18.131 999.000
57199.060 18.133 999.000
57199.060 18.159 999.000
57199.060 18.160 999.000
57199.380 18.100 999.000
57199.380 18.105 999.000
57199.380 18.105 999.000
57199.380 18.130 999.000
57199.380 18.135 999.000
57199.380 18.137 999.000
57199.380 18.138 999.000
57199.380 18.164 999.000
57199.380 18.165 999.000
57201.430 18.136 999.000
57201.430 18.141 999.000
57201.430 18.141 999.000
57201.430 18.166 999.000
57201.430 18.170 999.000
57201.430 18.171 999.000
57201.430 18.173 999.000
57201.430 18.199 999.000
57201.430 18.201 999.000
57205.700 18.209 999.000
57205.700 18.215 999.000
57205.700 18.215 999.000
57205.700 18.239 999.000
57205.700 18.241 999.000
57205.700 18.243 999.000
57205.700 18.245 999.000
57205.700 18.272 999.000
57205.700 18.273 999.000
57206.340 18.220 999.000
57206.340 18.226 999.000
57206.340 18.226 999.000
57206.340 18.250 999.000
57206.340 18.252 999.000
57206.340 18.254 999.000
57206.340 18.256 999.000
57206.340 18.282 999.000
57206.340 18.284 999.000
57206.833 18.229 999.000
57206.833 18.234 999.000
57206.833 18.235 999.000
57206.833 18.258 999.000
57206.833 18.260 999.000
57206.833 18.263 999.000
57206.833 18.264 999.000
57206.833 18.291 999.000
57206.833 18.293 999.000
57206.866 18.229 999.000
57206.866 18.235 999.000
57206.866 18.235 999.000
57206.866 18.259 999.000
57206.866 18.261 999.000
57206.866 18.263 999.000
57206.866 18.265 999.000
57206.866 18.291 999.000
57206.866 18.293 999.000
57210.040 18.283 999.000
57210.040 18.288 999.000
57210.040 18.290 999.000
57210.040 18.312 999.000
57210.040 18.312 999.000
57210.040 18.317 999.000
57210.040 18.317 999.000
57210.040 18.344 999.000
57210.040 18.346 999.000
57212.302 18.321 999.000
57212.302 18.326 999.000
57212.302 18.328 999.000
57212.302 18.349 999.000
57212.302 18.349 999.000
57212.302 18.354 999.000
57212.302 18.354 999.000
57212.302 18.382 999.000
57212.302 18.384 999.000
57212.390 18.322 999.000
57212.390 18.328 999.000
57212.390 18.330 999.000
57212.390 18.350 999.000
57212.390 18.351 999.000
57212.390 18.356 999.000
57212.390 18.356 999.000
57212.390 18.383 999.000
57212.390 18.385 999.000
57217.730 18.410 999.000
57217.730 18.416 999.000
57217.730 18.419 999.000
57217.730 18.435 999.000
57217.730 18.438 999.000
57217.730 18.442 999.000
57217.730 18.443 999.000
57217.730 18.470 999.000
57217.730 18.472 999.000
57217.738 18.411 999.000
57217.738 18.416 999.000
57217.738 18.419 999.000
57217.738 18.435 999.000
57217.738 18.439 999.000
57217.738 18.442 999.000
57217.738 18.443 999.000
57217.738 18.470 999.000
57217.738 18.473 999.000
57221.000 18.464 999.000
57221.000 18.469 999.000
57221.000 18.473 999.000
57221.000 18.486 999.000
57221.000 18.491 999.000
57221.000 18.494 999.000
57221.000 18.496 999.000
57221.000 18.522 999.000
57221.000 18.525 999.000
57223.173 18.499 999.000
57223.173 18.504 999.000
57223.173 18.509 999.000
57223.173 18.520 999.000
57223.173 18.526 999.000
57223.173 18.528 999.000
57223.173 18.531 999.000
57223.173 18.557 999.000
57223.173 18.560 999.000
57228.609 18.585 999.000
57228.609 18.590 999.000
57228.609 18.596 999.000
57228.609 18.603 999.000
57228.609 18.612 999.000
57228.609 18.613 999.000
57228.609 18.617 999.000
57228.609 18.642 999.000
57228.609 18.645 999.000
57230.350 18.612 999.000
57230.350 18.618 999.000
57230.350 18.624 999.000
57230.350 18.630 999.000
57230.350 18.639 999.000
57230.350 18.640 999.000
57230.350 18.644 999.000
57230.350 18.669 999.000
57230.350 18.672 999.000
57232.370 18.643 999.000
57232.370 18.649 999.000
57232.370 18.656 999.000
57232.370 18.660 999.000
57232.370 18.670 999.000
57232.370 18.671 999.000
57232.370 18.675 999.000
57232.370 18.700 999.000
57232.370 18.703 999.000
57234.045 18.669 999.000
57234.045 18.675 999.000
57234.045 18.682 999.000
57234.045 18.685 999.000
57234.045 18.696 999.000
57234.045 18.696 999.000
57234.045 18.701 999.000
57234.045 18.726 999.000
57234.045 18.729 999.000
57236.710 18.710 999.000
57236.710 18.716 999.000
57236.710 18.723 999.000
57236.710 18.725 999.000
57236.710 18.736 999.000
57236.710 18.736 999.000
57236.710 18.741 999.000
57236.710 18.766 999.000
57236.710 18.769 999.000
57239.481 18.752 999.000
57239.481 18.758 999.000
57239.481 18.765 999.000
57239.481 18.766 999.000
57239.481 18.778 999.000
57239.481 18.778 999.000
57239.481 18.783 999.000
57239.481 18.808 999.000
57239.481 18.811 999.000
57244.916 18.833 999.000
57244.916 18.839 999.000
57244.916 18.844 999.000
57244.916 18.848 999.000
57244.916 18.858 999.000
57244.916 18.859 999.000
57244.916 18.864 999.000
57244.916 18.888 999.000
57244.916 18.892 999.000
57250.352 18.913 999.000
57250.352 18.919 999.000
57250.352 18.922 999.000
57250.352 18.929 999.000
57250.352 18.936 999.000
57250.352 18.938 999.000
57250.352 18.944 999.000
57250.352 18.967 999.000
57250.352 18.971 999.000
57255.788 18.992 999.000
57255.788 18.997 999.000
57255.788 18.998 999.000
57255.788 19.008 999.000
57255.788 19.014 999.000
57255.788 19.016 999.000
57255.788 19.022 999.000
57255.788 19.045 999.000
57255.788 19.049 999.000
57261.224 19.068 999.000
57261.224 19.073 999.000
57261.224 19.074 999.000
57261.224 19.086 999.000
57261.224 19.090 999.000
57261.224 19.093 999.000
57261.224 19.099 999.000
57261.224 19.121 999.000
57261.224 19.126 999.000
57266.659 19.144 999.000
57266.659 19.147 999.000
57266.659 19.150 999.000
57266.659 19.162 999.000
57266.659 19.165 999.000
57266.659 19.169 999.000
57266.659 19.174 999.000
57266.659 19.197 999.000
57266.659 19.201 999.000
57272.095 19.218 999.000
57272.095 19.220 999.000
57272.095 19.224 999.000
57272.095 19.237 999.000
57272.095 19.238 999.000
57272.095 19.243 999.000
57272.095 19.248 999.000
57272.095 19.271 999.000
57272.095 19.275 999.000
57277.531 19.291 999.000
57277.531 19.292 999.000
57277.531 19.297 999.000
57277.531 19.311 999.000
57277.531 19.311 999.000
57277.531 19.316 999.000
57277.531 19.321 999.000
57277.531 19.343 999.000
57277.531 19.348 999.000
57282.967 19.362 999.000
57282.967 19.363 999.000
57282.967 19.369 999.000
57282.967 19.382 999.000
57282.967 19.383 999.000
57282.967 19.387 999.000
57282.967 19.393 999.000
57282.967 19.415 999.000
57282.967 19.420 999.000
57288.402 19.431 999.000
57288.402 19.434 999.000
57288.402 19.440 999.000
57288.402 19.452 999.000
57288.402 19.455 999.000
57288.402 19.458 999.000
57288.402 19.464 999.000
57288.402 19.486 999.000
57288.402 19.491 999.000
57293.838 19.500 999.000
57293.838 19.503 999.000
57293.838 19.510 999.000
57293.838 19.521 999.000
57293.838 19.525 999.000
57293.838 19.528 999.000
57293.838 19.534 999.000
57293.838 19.555 999.000
57293.838 19.561 999.000
57299.274 19.567 999.000
57299.274 19.572 999.000
57299.274 19.579 999.000
57299.274 19.589 999.000
57299.274 19.594 999.000
57299.274 19.596 999.000
57299.274 19.603 999.000
57299.274 19.623 999.000
57299.274 19.630 999.000
57304.710 19.633 999.000
57304.710 19.639 999.000
57304.710 19.646 999.000
57304.710 19.656 999.000
57304.710 19.662 999.000
57304.710 19.664 999.000
57304.710 19.670 999.000
57304.710 19.691 999.000
57304.710 19.697 999.000
57310.145 19.699 999.000
57310.145 19.706 999.000
57310.145 19.713 999.000
57310.145 19.722 999.000
57310.145 19.729 999.000
57310.145 19.730 999.000
57310.145 19.737 999.000
57310.145 19.757 999.000
57310.145 19.764 999.000
57315.581 19.763 999.000
57315.581 19.771 999.000
57315.581 19.779 999.000
57315.581 19.788 999.000
57315.581 19.795 999.000
57315.581 19.796 999.000
57315.581 19.803 999.000
57315.581 19.823 999.000
57315.581 19.830 999.000
57321.017 19.827 999.000
57321.017 19.836 999.000
57321.017 19.843 999.000
57321.017 19.852 999.000
57321.017 19.860 999.000
57321.017 19.860 999.000
57321.017 19.867 999.000
57321.017 19.887 999.000
57321.017 19.895 999.000
57326.453 19.890 999.000
57326.453 19.899 999.000
57326.453 19.907 999.000
57326.453 19.915 999.000
57326.453 19.924 999.000
57326.453 19.924 999.000
57326.453 19.931 999.000
57326.453 19.951 999.000
57326.453 19.959 999.000
57330.722 19.938 999.000
57330.722 19.949 999.000
57330.722 19.957 999.000
57330.722 19.964 999.000
57330.722 19.973 999.000
57330.722 19.973 999.000
57330.722 19.981 999.000
57330.722 20.000 999.000
57330.722 20.008 999.000
57331.888 19.952 999.000
57331.888 19.962 999.000
57331.888 19.970 999.000
57331.888 19.978 999.000
57331.888 19.987 999.000
57331.888 19.987 999.000
57331.888 19.994 999.000
57331.888 20.014 999.000
57331.888 20.022 999.000
57335.787 19.995 999.000
57335.787 20.007 999.000
57335.787 20.015 999.000
57335.787 20.022 999.000
57335.787 20.031 999.000
57335.787 20.031 999.000
57335.787 20.039 999.000
57335.787 20.058 999.000
57335.787 20.067 999.000
57337.324 20.013 999.000
57337.324 20.024 999.000
57337.324 20.032 999.000
57337.324 20.039 999.000
57337.324 20.049 999.000
57337.324 20.049 999.000
57337.324 20.056 999.000
57337.324 20.076 999.000
57337.324 20.084 999.000
57342.760 20.073 999.000
57342.760 20.085 999.000
57342.760 20.093 999.000
57342.760 20.100 999.000
57342.760 20.110 999.000
57342.760 20.110 999.000
57342.760 20.118 999.000
57342.760 20.137 999.000
57342.760 20.145 999.000
57348.196 20.132 999.000
57348.196 20.145 999.000
57348.196 20.154 999.000
57348.196 20.160 999.000
57348.196 20.170 999.000
57348.196 20.171 999.000
57348.196 20.178 999.000
57348.196 20.197 999.000
57348.196 20.206 999.000
57353.632 20.191 999.000
57353.632 20.205 999.000
57353.632 20.213 999.000
57353.632 20.220 999.000
57353.632 20.230 999.000
57353.632 20.230 999.000
57353.632 20.238 999.000
57353.632 20.257 999.000
57353.632 20.266 999.000
57359.067 20.249 999.000
57359.067 20.263 999.000
57359.067 20.272 999.000
57359.067 20.278 999.000
57359.067 20.289 999.000
57359.067 20.289 999.000
57359.067 20.297 999.000
57359.067 20.315 999.000
57359.067 20.325 999.000
57364.503 20.306 999.000
57364.503 20.321 999.000
57364.503 20.330 999.000
57364.503 20.336 999.000
57364.503 20.347 999.000
57364.503 20.348 999.000
57364.503 20.355 999.000
57364.503 20.373 999.000
57364.503 20.383 999.000
57369.939 20.362 999.000
57369.939 20.378 999.000
57369.939 20.387 999.000
57369.939 20.393 999.000
57369.939 20.404 999.000
57369.939 20.405 999.000
57369.939 20.412 999.000
57369.939 20.431 999.000
57369.939 20.441 999.000
57373.330 20.397 999.000
57373.330 20.414 999.000
57373.330 20.423 999.000
57373.330 20.428 999.000
57373.330 20.439 999.000
57373.330 20.440 999.000
57373.330 20.448 999.000
57373.330 20.466 999.000
57373.330 20.476 999.000
57375.375 20.418 999.000
57375.375 20.435 999.000
57375.375 20.444 999.000
57375.375 20.449 999.000
57375.375 20.461 999.000
57375.375 20.462 999.000
57375.375 20.469 999.000
57375.375 20.487 999.000
57375.375 20.498 999.000
57378.080 20.446 999.000
57378.080 20.463 999.000
57378.080 20.472 999.000
57378.080 20.477 999.000
57378.080 20.489 999.000
57378.080 20.490 999.000
57378.080 20.497 999.000
57378.080 20.515 999.000
57378.080 20.526 999.000
57379.200 20.457 999.000
57379.200 20.474 999.000
57379.200 20.483 999.000
57379.200 20.488 999.000
57379.200 20.500 999.000
57379.200 20.501 999.000
57379.200 20.508 999.000
57379.200 20.527 999.000
57379.200 20.537 999.000
57380.810 20.473 999.000
57380.810 20.490 999.000
57380.810 20.500 999.000
57380.810 20.505 999.000
57380.810 20.517 999.000
57380.810 20.518 999.000
57380.810 20.525 999.000
57380.810 20.543 999.000
57380.810 20.554 999.000
57386.246 20.527 999.000
57386.246 20.545 999.000
57386.246 20.555 999.000
57386.246 20.560 999.000
57386.246 20.572 999.000
57386.246 20.573 999.000
57386.246 20.580 999.000
57386.246 20.598 999.000
57386.246 20.609 999.000
57391.682 20.581 999.000
57391.682 20.600 999.000
57391.682 20.610 999.000
57391.682 20.614 999.000
57391.682 20.626 999.000
57391.682 20.628 999.000
57391.682 20.635 999.000
57391.682 20.653 999.000
57391.682 20.664 999.000
57397.118 20.634 999.000
57397.118 20.654 999.000
57397.118 20.663 999.000
57397.118 20.668 999.000
57397.118 20.680 999.000
57397.118 20.682 999.000
57397.118 20.689 999.000
57397.118 20.707 999.000
57397.118 20.718 999.000
57401.580 20.677 999.000
57401.580 20.697 999.000
57401.580 20.707 999.000
57401.580 20.711 999.000
57401.580 20.724 999.000
57401.580 20.725 999.000
57401.580 20.733 999.000
57401.580 20.750 999.000
57401.580 20.762 999.000
57402.553 20.687 999.000
57402.553 20.707 999.000
57402.553 20.717 999.000
57402.553 20.721 999.000
57402.553 20.734 999.000
57402.553 20.735 999.000
57402.553 20.742 999.000
57402.553 20.760 999.000
57402.553 20.772 999.000
57403.500 20.696 999.000
57403.500 20.716 999.000
57403.500 20.726 999.000
57403.500 20.730 999.000
57403.500 20.743 999.000
57403.500 20.744 999.000
57403.500 20.751 999.000
57403.500 20.769 999.000
57403.500 20.781 999.000
57404.300 20.704 999.000
57404.300 20.724 999.000
57404.300 20.734 999.000
57404.300 20.737 999.000
57404.300 20.751 999.000
57404.300 20.752 999.000
57404.300 20.759 999.000
57404.300 20.777 999.000
57404.300 20.789 999.000
57407.989 20.739 999.000
57407.989 20.759 999.000
57407.989 20.769 999.000
57407.989 20.773 999.000
57407.989 20.786 999.000
57407.989 20.788 999.000
57407.989 20.795 999.000
57407.989 20.813 999.000
57407.989 20.825 999.000
57409.470 20.753 999.000
57409.470 20.773 999.000
57409.470 20.784 999.000
57409.470 20.787 999.000
57409.470 20.800 999.000
57409.470 20.802 999.000
57409.470 20.809 999.000
57409.470 20.827 999.000
57409.470 20.839 999.000
57413.425 20.790 999.000
57413.425 20.811 999.000
57413.425 20.821 999.000
57413.425 20.825 999.000
57413.425 20.838 999.000
57413.425 20.840 999.000
57413.425 20.847 999.000
57413.425 20.865 999.000
57413.425 20.877 999.000
57418.861 20.841 999.000
57418.861 20.862 999.000
57418.861 20.873 999.000
57418.861 20.876 999.000
57418.861 20.890 999.000
57418.861 20.891 999.000
57418.861 20.899 999.000
57418.861 20.916 999.000
57418.861 20.929 999.000
57423.220 20.881 999.000
57423.220 20.903 999.000
57423.220 20.913 999.000
57423.220 20.916 999.000
57423.220 20.931 999.000
57423.220 20.932 999.000
57423.220 20.940 999.000
57423.220 20.957 999.000
57423.220 20.970 999.000
57423.520 20.884 999.000
57423.520 20.906 999.000
57423.520 20.916 999.000
57423.520 20.919 999.000
57423.520 20.933 999.000
57423.520 20.935 999.000
57423.520 20.942 999.000
57423.520 20.960 999.000
57423.520 20.973 999.000
57424.296 20.891 999.000
57424.296 20.913 999.000
57424.296 20.924 999.000
57424.296 20.926 999.000
57424.296 20.941 999.000
57424.296 20.942 999.000
57424.296 20.950 999.000
57424.296 20.967 999.000
57424.296 20.980 999.000
57425.630 20.903 999.000
57425.630 20.925 999.000
57425.630 20.936 999.000
57425.630 20.939 999.000
57425.630 20.953 999.000
57425.630 20.954 999.000
57425.630 20.962 999.000
57425.630 20.979 999.000
57425.630 20.992 999.000
57429.732 20.940 999.000
57429.732 20.963 999.000
57429.732 20.974 999.000
57429.732 20.977 999.000
57429.732 20.991 999.000
57429.732 20.992 999.000
57429.732 21.000 999.000
57429.732 21.017 999.000
57429.732 21.030 999.000
57433.210 20.972 999.000
57433.210 20.995 999.000
57433.210 21.006 999.000
57433.210 21.008 999.000
57433.210 21.023 999.000
57433.210 21.024 999.000
57433.210 21.032 999.000
57433.210 21.049 999.000
57433.210 21.062 999.000
57433.550 20.975 999.000
57433.550 20.998 999.000
57433.550 21.009 999.000
57433.550 21.011 999.000
57433.550 21.026 999.000
57433.550 21.027 999.000
57433.550 21.035 999.000
57433.550 21.052 999.000
57433.550 21.066 999.000
57435.168 20.989 999.000
57435.168 21.013 999.000
57435.168 21.023 999.000
57435.168 21.026 999.000
57435.168 21.041 999.000
57435.168 21.042 999.000
57435.168 21.050 999.000
57435.168 21.067 999.000
57435.168 21.080 999.000
57437.720 21.012 999.000
57437.720 21.036 999.000
57437.720 21.047 999.000
57437.720 21.049 999.000
57437.720 21.064 999.000
57437.720 21.065 999.000
57437.720 21.073 999.000
57437.720 21.090 999.000
57437.720 21.104 999.000
57440.604 21.038 999.000
57440.604 21.062 999.000
57440.604 21.073 999.000
57440.604 21.075 999.000
57440.604 21.090 999.000
57440.604 21.091 999.000
57440.604 21.099 999.000
57440.604 21.116 999.000
57440.604 21.130 999.000
57444.240 21.070 999.000
57444.240 21.094 999.000
57444.240 21.105 999.000
57444.240 21.107 999.000
57444.240 21.122 999.000
57444.240 21.124 999.000
57444.240 21.132 999.000
57444.240 21.148 999.000
57444.240 21.162 999.000
57446.039 21.086 999.000
57446.039 21.110 999.000
57446.039 21.121 999.000
57446.039 21.123 999.000
57446.039 21.138 999.000
57446.039 21.140 999.000
57446.039 21.148 999.000
57446.039 21.164 999.000
57446.039 21.179 999.000
57450.520 21.125 999.000
57450.520 21.150 999.000
57450.520 21.161 999.000
57450.520 21.163 999.000
57450.520 21.178 999.000
57450.520 21.180 999.000
57450.520 21.187 999.000
57450.520 21.204 999.000
57450.520 21.218 999.000
57451.475 21.133 999.000
57451.475 21.158 999.000
57451.475 21.169 999.000
57451.475 21.171 999.000
57451.475 21.187 999.000
57451.475 21.188 999.000
57451.475 21.196 999.000
57451.475 21.213 999.000
57451.475 21.227 999.000
57456.270 21.175 999.000
57456.270 21.200 999.000
57456.270 21.211 999.000
57456.270 21.213 999.000
57456.270 21.229 999.000
57456.270 21.230 999.000
57456.270 21.238 999.000
57456.270 21.255 999.000
57456.270 21.269 999.000
57456.911 21.180 999.000
57456.911 21.205 999.000
57456.911 21.217 999.000
57456.911 21.219 999.000
57456.911 21.234 999.000
57456.911 21.236 999.000
57456.911 21.244 999.000
57456.911 21.260 999.000
57456.911 21.275 999.000
57458.570 21.194 999.000
57458.570 21.220 999.000
57458.570 21.231 999.000
57458.570 21.233 999.000
57458.570 21.249 999.000
57458.570 21.250 999.000
57458.570 21.258 999.000
57458.570 21.275 999.000
57458.570 21.289 999.000
57462.347 21.227 999.000
57462.347 21.252 999.000
57462.347 21.264 999.000
57462.347 21.266 999.000
57462.347 21.281 999.000
57462.347 21.283 999.000
57462.347 21.291 999.000
57462.347 21.307 999.000
57462.347 21.322 999.000
57465.530 21.254 999.000
57465.530 21.280 999.000
57465.530 21.291 999.000
57465.530 21.293 999.000
57465.530 21.309 999.000
57465.530 21.310 999.000
57465.530 21.318 999.000
57465.530 21.335 999.000
57465.530 21.350 999.000
57467.782 21.273 999.000
57467.782 21.299 999.000
57467.782 21.310 999.000
57467.782 21.312 999.000
57467.782 21.328 999.000
57467.782 21.330 999.000
57467.782 21.337 999.000
57467.782 21.354 999.000
57467.782 21.369 999.000
57473.218 21.318 999.000
57473.218 21.345 999.000
57473.218 21.356 999.000
57473.218 21.358 999.000
57473.218 21.374 999.000
57473.218 21.376 999.000
57473.218 21.384 999.000
57473.218 21.400 999.000
57473.218 21.415 999.000
57478.654 21.363 999.000
57478.654 21.390 999.000
57478.654 21.402 999.000
57478.654 21.403 999.000
57478.654 21.420 999.000
57478.654 21.421 999.000
57478.654 21.429 999.000
57478.654 21.445 999.000
57478.654 21.461 999.000
57484.090 21.408 999.000
57484.090 21.435 999.000
57484.090 21.447 999.000
57484.090 21.448 999.000
57484.090 21.465 999.000
57484.090 21.467 999.000
57484.090 21.475 999.000
57484.090 21.491 999.000
57484.090 21.507 999.000
57488.150 21.441 999.000
57488.150 21.469 999.000
57488.150 21.481 999.000
57488.150 21.482 999.000
57488.150 21.498 999.000
57488.150 21.500 999.000
57488.150 21.508 999.000
57488.150 21.524 999.000
57488.150 21.540 999.000
57489.525 21.452 999.000
57489.525 21.480 999.000
57489.525 21.492 999.000
57489.525 21.493 999.000
57489.525 21.510 999.000
57489.525 21.511 999.000
57489.525 21.519 999.000
57489.525 21.535 999.000
57489.525 21.552 999.000
57492.140 21.473 999.000
57492.140 21.501 999.000
57492.140 21.513 999.000
57492.140 21.514 999.000
57492.140 21.531 999.000
57492.140 21.533 999.000
57492.140 21.541 999.000
57492.140 21.557 999.000
57492.140 21.573 999.000
57494.961 21.496 999.000
57494.961 21.524 999.000
57494.961 21.536 999.000
57494.961 21.537 999.000
57494.961 21.554 999.000
57494.961 21.556 999.000
57494.961 21.564 999.000
57494.961 21.580 999.000
57494.961 21.596 999.000
57500.397 21.539 999.000
57500.397 21.568 999.000
57500.397 21.580 999.000
57500.397 21.581 999.000
57500.397 21.598 999.000
57500.397 21.599 999.000
57500.397 21.608 999.000
57500.397 21.623 999.000
57500.397 21.640 999.000
57505.833 21.582 999.000
57505.833 21.611 999.000
57505.833 21.623 999.000
57505.833 21.624 999.000
57505.833 21.641 999.000
57505.833 21.643 999.000
57505.833 21.651 999.000
57505.833 21.667 999.000
57505.833 21.684 999.000
57511.268 21.624 999.000
57511.268 21.654 999.000
57511.268 21.666 999.000
57511.268 21.667 999.000
57511.268 21.684 999.000
57511.268 21.686 999.000
57511.268 21.694 999.000
57511.268 21.710 999.000
57511.268 21.727 999.000
57516.704 21.666 999.000
57516.704 21.696 999.000
57516.704 21.709 999.000
57516.704 21.709 999.000
57516.704 21.727 999.000
57516.704 21.728 999.000
57516.704 21.737 999.000
57516.704 21.752 999.000
57516.704 21.770 999.000
57522.140 21.708 999.000
57522.140 21.738 999.000
57522.140 21.751 999.000
57522.140 21.751 999.000
57522.140 21.769 999.000
57522.140 21.771 999.000
57522.140 21.779 999.000
57522.140 21.795 999.000
57522.140 21.812 999.000
