57072.394 16.853 0.043
57072.403 16.844 0.061
57074.169 16.916 0.054
57074.175 16.921 0.071
57075.360 16.933 0.140
57076.167 16.908 0.122
57078.322 17.087 0.075
57078.327 17.142 0.092
57080.517 17.046 0.073
57080.522 17.023 0.088
57083.119 16.814 0.091
57084.342 16.873 0.070
57084.352 16.851 0.085
57089.976 16.733 0.058
57089.981 16.744 0.074
57093.764 16.715 0.055
57093.770 16.723 0.072
57098.987 16.775 0.087
57098.995 16.739 0.102
57102.656 16.718 0.081
57106.872 16.784 0.068
57106.879 16.728 0.083
57111.503 17.083 0.100
57111.579 17.042 0.114
57118.422 17.327 0.079
57118.431 17.353 0.095
57120.816 17.411 0.089
57120.821 17.401 0.103
57122.075 17.406 0.133
57122.079 17.425 0.149
57128.629 17.955 0.072
57128.638 17.958 0.087
57131.526 18.154 0.110
57131.527 18.182 0.101
57136.314 18.581 0.353
57136.321 18.505 0.357
57144.316 18.631 0.137
57144.468 18.656 0.093
57151.187 19.020 0.134
57151.200 19.017 0.142
57160.630 18.953 0.109
57160.640 18.977 0.121
57172.407 19.491 0.164
57172.416 19.585 0.175
57231.381 19.641 0.221
57232.370 20.316 0.249
57232.376 20.157 0.201
57390.346 21.537 0.328
56984.000 55.043 999.000
56984.000 55.212 999.000
56984.000 55.288 999.000
56984.000 55.349 999.000
56984.000 55.352 999.000
56984.000 55.384 999.000
56984.000 55.405 999.000
56984.000 55.454 999.000
56984.000 55.687 999.000
56989.436 55.043 999.000
56989.436 55.212 999.000
56989.436 55.288 999.000
56989.436 55.349 999.000
56989.436 55.352 999.000
56989.436 55.384 999.000
56989.436 55.405 999.000
56989.436 55.454 999.000
56989.436 55.687 999.000
56994.872 55.043 999.000
56994.872 55.212 999.000
56994.872 55.288 999.000
56994.872 55.349 999.000
56994.872 55.352 999.000
56994.872 55.384 999.000
56994.872 55.405 999.000
56994.872 55.454 999.000
56994.872 55.687 999.000
57000.307 20.275 999.000
57000.307 20.421 999.000
57000.307 20.704 999.000
57000.307 22.763 999.000
57000.307 22.863 999.000
57000.307 23.216 999.000
57000.307 23.398 999.000
57000.307 55.454 999.000
57000.307 55.687 999.000
57005.743 18.820 999.000
57005.743 18.904 999.000
57005.743 19.059 999.000
57005.743 19.548 999.000
57005.743 19.615 999.000
57005.743 19.652 999.000
57005.743 19.698 999.000
57005.743 20.076 999.000
57005.743 20.434 999.000
57011.179 18.056 999.000
57011.179 18.115 999.000
57011.179 18.229 999.000
57011.179 18.423 999.000
57011.179 18.485 999.000
57011.179 18.495 999.000
57011.179 18.545 999.000
57011.179 18.700 999.000
57011.179 18.968 999.000
57014.000 17.777 999.000
57014.000 17.826 999.000
57014.000 17.928 999.000
57014.000 18.050 999.000
57014.000 18.102 999.000
57014.000 18.120 999.000
57014.000 18.163 999.000
57014.000 18.269 999.000
57014.000 18.510 999.000
57014.070 17.771 999.000
57014.070 17.820 999.000
57014.070 17.922 999.000
57014.070 18.042 999.000
57014.070 18.093 999.000
57014.070 18.112 999.000
57014.070 18.155 999.000
57014.070 18.260 999.000
57014.070 18.500 999.000
57016.615 17.564 999.000
57016.615 17.605 999.000
57016.615 17.698 999.000
57016.615 17.774 999.000
57016.615 17.819 999.000
57016.615 17.840 999.000
57016.615 17.880 999.000
57016.615 17.955 999.000
57016.615 18.177 999.000
57022.050 17.218 999.000
57022.050 17.247 999.000
57022.050 17.326 999.000
57022.050 17.340 999.000
57022.050 17.376 999.000
57022.050 17.399 999.000
57022.050 17.436 999.000
57022.050 17.470 999.000
57022.050 17.657 999.000
57027.486 16.964 999.000
57027.486 16.984 999.000
57027.486 17.032 999.000
57027.486 17.052 999.000
57027.486 17.062 999.000
57027.486 17.083 999.000
57027.486 17.118 999.000
57027.486 17.129 999.000
57027.486 17.288 999.000
57032.922 16.776 999.000
57032.922 16.788 999.000
57032.922 16.807 999.000
57032.922 16.832 999.000
57032.922 16.848 999.000
57032.922 16.850 999.000
57032.922 16.882 999.000
57032.922 16.886 999.000
57032.922 17.015 999.000
57033.490 16.760 999.000
57033.490 16.770 999.000
57033.490 16.787 999.000
57033.490 16.812 999.000
57033.490 16.829 999.000
57033.490 16.830 999.000
57033.490 16.860 999.000
57033.490 16.865 999.000
57033.490 16.991 999.000
57038.358 16.637 999.000
57038.358 16.642 999.000
57038.358 16.642 999.000
57038.358 16.664 999.000
57038.358 16.678 999.000
57038.358 16.695 999.000
57038.358 16.700 999.000
57038.358 16.714 999.000
57038.358 16.811 999.000
57042.030 16.558 999.000
57042.030 16.566 999.000
57042.030 16.567 999.000
57042.030 16.578 999.000
57042.030 16.590 999.000
57042.030 16.607 999.000
57042.030 16.616 999.000
57042.030 16.625 999.000
57042.030 16.703 999.000
57043.793 16.524 999.000
57043.793 16.537 999.000
57043.793 16.537 999.000
57043.793 16.543 999.000
57043.793 16.554 999.000
57043.793 16.569 999.000
57043.793 16.584 999.000
57043.793 16.589 999.000
57043.793 16.659 999.000
57048.700 16.450 999.000
57048.700 16.467 999.000
57048.700 16.470 999.000
57048.700 16.474 999.000
57048.700 16.475 999.000
57048.700 16.486 999.000
57048.700 16.509 999.000
57048.700 16.513 999.000
57048.700 16.559 999.000
57049.229 16.444 999.000
57049.229 16.461 999.000
57049.229 16.464 999.000
57049.229 16.468 999.000
57049.229 16.469 999.000
57049.229 16.479 999.000
57049.229 16.502 999.000
57049.229 16.506 999.000
57049.229 16.550 999.000
57049.700 16.438 999.000
57049.700 16.455 999.000
57049.700 16.459 999.000
57049.700 16.462 999.000
57049.700 16.464 999.000
57049.700 16.473 999.000
57049.700 16.496 999.000
57049.700 16.501 999.000
57049.700 16.542 999.000
57051.470 16.420 999.000
57051.470 16.437 999.000
57051.470 16.442 999.000
57051.470 16.443 999.000
57051.470 16.449 999.000
57051.470 16.452 999.000
57051.470 16.476 999.000
57051.470 16.483 999.000
57051.470 16.515 999.000
57053.500 16.403 999.000
57053.500 16.419 999.000
57053.500 16.424 999.000
57053.500 16.427 999.000
57053.500 16.433 999.000
57053.500 16.434 999.000
57053.500 16.457 999.000
57053.500 16.466 999.000
57053.500 16.489 999.000
57054.665 16.395 999.000
57054.665 16.411 999.000
57054.665 16.415 999.000
57054.665 16.419 999.000
57054.665 16.423 999.000
57054.665 16.428 999.000
57054.665 16.448 999.000
57054.665 16.457 999.000
57054.665 16.476 999.000
57060.101 16.374 999.000
57060.101 16.389 999.000
57060.101 16.390 999.000
57060.101 16.397 999.000
57060.101 16.400 999.000
57060.101 16.411 999.000
57060.101 16.421 999.000
57060.101 16.432 999.000
57060.101 16.434 999.000
57065.536 16.377 999.000
57065.536 16.391 999.000
57065.536 16.392 999.000
57065.536 16.397 999.000
57065.536 16.403 999.000
57065.536 16.416 999.000
57065.536 16.416 999.000
57065.536 16.419 999.000
57065.536 16.434 999.000
57068.470 16.389 999.000
57068.470 16.401 999.000
57068.470 16.403 999.000
57068.470 16.408 999.000
57068.470 16.413 999.000
57068.470 16.418 999.000
57068.470 16.427 999.000
57068.470 16.428 999.000
57068.470 16.443 999.000
57068.970 16.391 999.000
57068.970 16.403 999.000
57068.970 16.406 999.000
57068.970 16.410 999.000
57068.970 16.416 999.000
57068.970 16.419 999.000
57068.970 16.429 999.000
57068.970 16.430 999.000
57068.970 16.445 999.000
57069.450 16.394 999.000
57069.450 16.406 999.000
57069.450 16.409 999.000
57069.450 16.413 999.000
57069.450 16.418 999.000
57069.450 16.421 999.000
57069.450 16.432 999.000
57069.450 16.433 999.000
57069.450 16.447 999.000
57070.972 16.404 999.000
57070.972 16.415 999.000
57070.972 16.418 999.000
57070.972 16.422 999.000
57070.972 16.426 999.000
57070.972 16.427 999.000
57070.972 16.441 999.000
57070.972 16.441 999.000
57070.972 16.456 999.000
57071.600 16.408 999.000
57071.600 16.420 999.000
57071.600 16.423 999.000
57071.600 16.427 999.000
57071.600 16.429 999.000
57071.600 16.431 999.000
57071.600 16.445 999.000
57071.600 16.445 999.000
57071.600 16.459 999.000
57072.394 16.414 999.000
57072.394 16.426 999.000
57072.394 16.429 999.000
57072.394 16.433 999.000
57072.394 16.433 999.000
57072.394 16.437 999.000
57072.394 16.450 999.000
57072.394 16.451 999.000
57072.394 16.465 999.000
57072.590 16.416 999.000
57072.590 16.427 999.000
57072.590 16.430 999.000
57072.590 16.434 999.000
57072.590 16.434 999.000
57072.590 16.439 999.000
57072.590 16.452 999.000
57072.590 16.453 999.000
57072.590 16.466 999.000
57073.880 16.427 999.000
57073.880 16.438 999.000
57073.880 16.442 999.000
57073.880 16.442 999.000
57073.880 16.445 999.000
57073.880 16.449 999.000
57073.880 16.462 999.000
57073.880 16.463 999.000
57073.880 16.476 999.000
57074.169 16.430 999.000
57074.169 16.441 999.000
57074.169 16.444 999.000
57074.169 16.444 999.000
57074.169 16.448 999.000
57074.169 16.451 999.000
57074.169 16.464 999.000
57074.169 16.466 999.000
57074.169 16.478 999.000
57074.210 16.430 999.000
57074.210 16.441 999.000
57074.210 16.444 999.000
57074.210 16.445 999.000
57074.210 16.448 999.000
57074.210 16.452 999.000
57074.210 16.464 999.000
57074.210 16.466 999.000
57074.210 16.479 999.000
57076.167 16.450 999.000
57076.167 16.459 999.000
57076.167 16.461 999.000
57076.167 16.464 999.000
57076.167 16.468 999.000
57076.167 16.470 999.000
57076.167 16.482 999.000
57076.167 16.484 999.000
57076.167 16.496 999.000
57076.408 16.452 999.000
57076.408 16.461 999.000
57076.408 16.463 999.000
57076.408 16.467 999.000
57076.408 16.470 999.000
57076.408 16.473 999.000
57076.408 16.485 999.000
57076.408 16.487 999.000
57076.408 16.499 999.000
57077.170 16.461 999.000
57077.170 16.468 999.000
57077.170 16.472 999.000
57077.170 16.475 999.000
57077.170 16.479 999.000
57077.170 16.481 999.000
57077.170 16.493 999.000
57077.170 16.495 999.000
57077.170 16.507 999.000
57077.450 16.464 999.000
57077.450 16.471 999.000
57077.450 16.475 999.000
57077.450 16.479 999.000
57077.450 16.482 999.000
57077.450 16.484 999.000
57077.450 16.496 999.000
57077.450 16.498 999.000
57077.450 16.510 999.000
57077.620 16.466 999.000
57077.620 16.473 999.000
57077.620 16.477 999.000
57077.620 16.480 999.000
57077.620 16.484 999.000
57077.620 16.486 999.000
57077.620 16.497 999.000
57077.620 16.499 999.000
57077.620 16.511 999.000
57078.322 16.474 999.000
57078.322 16.480 999.000
57078.322 16.486 999.000
57078.322 16.489 999.000
57078.322 16.493 999.000
57078.322 16.494 999.000
57078.322 16.505 999.000
57078.322 16.507 999.000
57078.322 16.519 999.000
57078.470 16.476 999.000
57078.470 16.481 999.000
57078.470 16.488 999.000
57078.470 16.491 999.000
57078.470 16.495 999.000
57078.470 16.495 999.000
57078.470 16.507 999.000
57078.470 16.509 999.000
57078.470 16.521 999.000
57078.960 16.482 999.000
57078.960 16.487 999.000
57078.960 16.494 999.000
57078.960 16.497 999.000
57078.960 16.501 999.000
57078.960 16.501 999.000
57078.960 16.513 999.000
57078.960 16.515 999.000
57078.960 16.527 999.000
57079.340 16.487 999.000
57079.340 16.491 999.000
57079.340 16.499 999.000
57079.340 16.502 999.000
57079.340 16.506 999.000
57079.340 16.506 999.000
57079.340 16.517 999.000
57079.340 16.519 999.000
57079.340 16.531 999.000
57080.080 16.497 999.000
57080.080 16.499 999.000
57080.080 16.509 999.000
57080.080 16.512 999.000
57080.080 16.515 999.000
57080.080 16.516 999.000
57080.080 16.527 999.000
57080.080 16.528 999.000
57080.080 16.540 999.000
57080.330 16.501 999.000
57080.330 16.502 999.000
57080.330 16.512 999.000
57080.330 16.515 999.000
57080.330 16.518 999.000
57080.330 16.519 999.000
57080.330 16.530 999.000
57080.330 16.532 999.000
57080.330 16.543 999.000
57080.517 16.503 999.000
57080.517 16.505 999.000
57080.517 16.515 999.000
57080.517 16.518 999.000
57080.517 16.521 999.000
57080.517 16.522 999.000
57080.517 16.532 999.000
57080.517 16.534 999.000
57080.517 16.546 999.000
57081.330 16.515 999.000
57081.330 16.515 999.000
57081.330 16.526 999.000
57081.330 16.529 999.000
57081.330 16.532 999.000
57081.330 16.534 999.000
57081.330 16.543 999.000
57081.330 16.545 999.000
57081.330 16.556 999.000
57081.500 16.517 999.000
57081.500 16.517 999.000
57081.500 16.529 999.000
57081.500 16.532 999.000
57081.500 16.534 999.000
57081.500 16.536 999.000
57081.500 16.545 999.000
57081.500 16.547 999.000
57081.500 16.559 999.000
57081.844 16.521 999.000
57081.844 16.522 999.000
57081.844 16.534 999.000
57081.844 16.537 999.000
57081.844 16.539 999.000
57081.844 16.542 999.000
57081.844 16.550 999.000
57081.844 16.552 999.000
57081.844 16.563 999.000
57082.240 16.527 999.000
57082.240 16.528 999.000
57082.240 16.540 999.000
57082.240 16.542 999.000
57082.240 16.544 999.000
57082.240 16.548 999.000
57082.240 16.556 999.000
57082.240 16.557 999.000
57082.240 16.569 999.000
57082.940 16.536 999.000
57082.940 16.539 999.000
57082.940 16.551 999.000
57082.940 16.553 999.000
57082.940 16.555 999.000
57082.940 16.559 999.000
57082.940 16.566 999.000
57082.940 16.567 999.000
57082.940 16.579 999.000
57084.240 16.556 999.000
57084.240 16.560 999.000
57084.240 16.572 999.000
57084.240 16.574 999.000
57084.240 16.575 999.000
57084.240 16.580 999.000
57084.240 16.586 999.000
57084.240 16.587 999.000
57084.240 16.598 999.000
57084.342 16.557 999.000
57084.342 16.561 999.000
57084.342 16.574 999.000
57084.342 16.576 999.000
57084.342 16.576 999.000
57084.342 16.582 999.000
57084.342 16.588 999.000
57084.342 16.588 999.000
57084.342 16.600 999.000
57085.220 16.571 999.000
57085.220 16.576 999.000
57085.220 16.589 999.000
57085.220 16.590 999.000
57085.220 16.590 999.000
57085.220 16.597 999.000
57085.220 16.602 999.000
57085.220 16.602 999.000
57085.220 16.614 999.000
57085.260 16.572 999.000
57085.260 16.577 999.000
57085.260 16.590 999.000
57085.260 16.591 999.000
57085.260 16.591 999.000
57085.260 16.598 999.000
57085.260 16.602 999.000
57085.260 16.603 999.000
57085.260 16.615 999.000
57086.010 16.584 999.000
57086.010 16.590 999.000
57086.010 16.603 999.000
57086.010 16.604 999.000
57086.010 16.604 999.000
57086.010 16.611 999.000
57086.010 16.615 999.000
57086.010 16.615 999.000
57086.010 16.627 999.000
57087.279 16.606 999.000
57087.279 16.613 999.000
57087.279 16.626 999.000
57087.279 16.627 999.000
57087.279 16.627 999.000
57087.279 16.635 999.000
57087.279 16.636 999.000
57087.279 16.637 999.000
57087.279 16.649 999.000
57089.976 16.657 999.000
57089.976 16.666 999.000
57089.976 16.676 999.000
57089.976 16.680 999.000
57089.976 16.682 999.000
57089.976 16.686 999.000
57089.976 16.688 999.000
57089.976 16.690 999.000
57089.976 16.699 999.000
57090.476 16.667 999.000
57090.476 16.676 999.000
57090.476 16.686 999.000
57090.476 16.690 999.000
57090.476 16.693 999.000
57090.476 16.695 999.000
57090.476 16.698 999.000
57090.476 16.701 999.000
57090.476 16.709 999.000
57090.970 16.677 999.000
57090.970 16.687 999.000
57090.970 16.696 999.000
57090.970 16.701 999.000
57090.970 16.703 999.000
57090.970 16.705 999.000
57090.970 16.708 999.000
57090.970 16.712 999.000
57090.970 16.719 999.000
57092.170 16.702 999.000
57092.170 16.713 999.000
57092.170 16.721 999.000
57092.170 16.727 999.000
57092.170 16.729 999.000
57092.170 16.730 999.000
57092.170 16.734 999.000
57092.170 16.739 999.000
57092.170 16.743 999.000
57092.715 16.714 999.000
57092.715 16.725 999.000
57092.715 16.733 999.000
57092.715 16.739 999.000
57092.715 16.741 999.000
57092.715 16.743 999.000
57092.715 16.745 999.000
57092.715 16.752 999.000
57092.715 16.755 999.000
57093.020 16.721 999.000
57093.020 16.732 999.000
57093.020 16.739 999.000
57093.020 16.745 999.000
57093.020 16.747 999.000
57093.020 16.750 999.000
57093.020 16.752 999.000
57093.020 16.759 999.000
57093.020 16.762 999.000
57093.764 16.738 999.000
57093.764 16.749 999.000
57093.764 16.756 999.000
57093.764 16.762 999.000
57093.764 16.763 999.000
57093.764 16.768 999.000
57093.764 16.769 999.000
57093.764 16.777 999.000
57093.764 16.778 999.000
57094.290 16.750 999.000
57094.290 16.761 999.000
57094.290 16.768 999.000
57094.290 16.775 999.000
57094.290 16.775 999.000
57094.290 16.781 999.000
57094.290 16.781 999.000
57094.290 16.790 999.000
57094.290 16.790 999.000
57094.870 16.764 999.000
57094.870 16.775 999.000
57094.870 16.781 999.000
57094.870 16.787 999.000
57094.870 16.788 999.000
57094.870 16.794 999.000
57094.870 16.795 999.000
57094.870 16.803 999.000
57094.870 16.804 999.000
57095.270 16.773 999.000
57095.270 16.785 999.000
57095.270 16.790 999.000
57095.270 16.796 999.000
57095.270 16.798 999.000
57095.270 16.804 999.000
57095.270 16.805 999.000
57095.270 16.812 999.000
57095.270 16.814 999.000
57095.470 16.778 999.000
57095.470 16.790 999.000
57095.470 16.795 999.000
57095.470 16.801 999.000
57095.470 16.803 999.000
57095.470 16.808 999.000
57095.470 16.810 999.000
57095.470 16.817 999.000
57095.470 16.819 999.000
57095.930 16.789 999.000
57095.930 16.801 999.000
57095.930 16.806 999.000
57095.930 16.812 999.000
57095.930 16.814 999.000
57095.930 16.819 999.000
57095.930 16.822 999.000
57095.930 16.827 999.000
57095.930 16.831 999.000
57097.210 16.822 999.000
57097.210 16.833 999.000
57097.210 16.837 999.000
57097.210 16.842 999.000
57097.210 16.846 999.000
57097.210 16.851 999.000
57097.210 16.855 999.000
57097.210 16.858 999.000
57097.210 16.865 999.000
57098.151 16.846 999.000
57098.151 16.858 999.000
57098.151 16.860 999.000
57098.151 16.865 999.000
57098.151 16.871 999.000
57098.151 16.875 999.000
57098.151 16.881 999.000
57098.151 16.882 999.000
57098.151 16.891 999.000
57098.210 16.848 999.000
57098.210 16.860 999.000
57098.210 16.862 999.000
57098.210 16.866 999.000
57098.210 16.872 999.000
57098.210 16.876 999.000
57098.210 16.882 999.000
57098.210 16.883 999.000
57098.210 16.892 999.000
57098.610 16.858 999.000
57098.610 16.870 999.000
57098.610 16.872 999.000
57098.610 16.876 999.000
57098.610 16.883 999.000
57098.610 16.887 999.000
57098.610 16.893 999.000
57098.610 16.893 999.000
57098.610 16.903 999.000
57098.987 16.868 999.000
57098.987 16.880 999.000
57098.987 16.882 999.000
57098.987 16.885 999.000
57098.987 16.893 999.000
57098.987 16.897 999.000
57098.987 16.903 999.000
57098.987 16.904 999.000
57098.987 16.914 999.000
57099.250 16.876 999.000
57099.250 16.887 999.000
57099.250 16.889 999.000
57099.250 16.892 999.000
57099.250 16.900 999.000
57099.250 16.903 999.000
57099.250 16.910 999.000
57099.250 16.911 999.000
57099.250 16.921 999.000
57100.984 16.924 999.000
57100.984 16.935 999.000
57100.984 16.936 999.000
57100.984 16.937 999.000
57100.984 16.947 999.000
57100.984 16.951 999.000
57100.984 16.956 999.000
57100.984 16.961 999.000
57100.984 16.972 999.000
57101.310 16.933 999.000
57101.310 16.944 999.000
57101.310 16.945 999.000
57101.310 16.946 999.000
57101.310 16.956 999.000
57101.310 16.960 999.000
57101.310 16.965 999.000
57101.310 16.971 999.000
57101.310 16.982 999.000
57102.170 16.958 999.000
57102.170 16.968 999.000
57102.170 16.969 999.000
57102.170 16.970 999.000
57102.170 16.981 999.000
57102.170 16.984 999.000
57102.170 16.988 999.000
57102.170 16.997 999.000
57102.170 17.008 999.000
57102.520 16.969 999.000
57102.520 16.978 999.000
57102.520 16.978 999.000
57102.520 16.980 999.000
57102.520 16.991 999.000
57102.520 16.994 999.000
57102.520 16.998 999.000
57102.520 17.007 999.000
57102.520 17.018 999.000
57103.400 16.995 999.000
57103.400 17.003 999.000
57103.400 17.003 999.000
57103.400 17.006 999.000
57103.400 17.017 999.000
57103.400 17.020 999.000
57103.400 17.023 999.000
57103.400 17.035 999.000
57103.400 17.046 999.000
57103.587 17.001 999.000
57103.587 17.008 999.000
57103.587 17.008 999.000
57103.587 17.012 999.000
57103.587 17.023 999.000
57103.587 17.025 999.000
57103.587 17.029 999.000
57103.587 17.040 999.000
57103.587 17.052 999.000
57103.760 17.006 999.000
57103.760 17.013 999.000
57103.760 17.013 999.000
57103.760 17.017 999.000
57103.760 17.028 999.000
57103.760 17.030 999.000
57103.760 17.034 999.000
57103.760 17.046 999.000
57103.760 17.057 999.000
57104.180 17.019 999.000
57104.180 17.025 999.000
57104.180 17.026 999.000
57104.180 17.030 999.000
57104.180 17.040 999.000
57104.180 17.043 999.000
57104.180 17.046 999.000
57104.180 17.059 999.000
57104.180 17.071 999.000
57104.430 17.027 999.000
57104.430 17.032 999.000
57104.430 17.033 999.000
57104.430 17.038 999.000
57104.430 17.048 999.000
57104.430 17.050 999.000
57104.430 17.053 999.000
57104.430 17.067 999.000
57104.430 17.079 999.000
57106.440 17.091 999.000
57106.440 17.091 999.000
57106.440 17.094 999.000
57106.440 17.101 999.000
57106.440 17.110 999.000
57106.440 17.112 999.000
57106.440 17.114 999.000
57106.440 17.133 999.000
57106.440 17.145 999.000
57106.872 17.104 999.000
57106.872 17.105 999.000
57106.872 17.107 999.000
57106.872 17.115 999.000
57106.872 17.124 999.000
57106.872 17.126 999.000
57106.872 17.127 999.000
57106.872 17.147 999.000
57106.872 17.160 999.000
57109.022 17.171 999.000
57109.022 17.176 999.000
57109.022 17.178 999.000
57109.022 17.187 999.000
57109.022 17.194 999.000
57109.022 17.195 999.000
57109.022 17.196 999.000
57109.022 17.221 999.000
57109.022 17.235 999.000
57110.160 17.208 999.000
57110.160 17.214 999.000
57110.160 17.217 999.000
57110.160 17.226 999.000
57110.160 17.233 999.000
57110.160 17.233 999.000
57110.160 17.234 999.000
57110.160 17.262 999.000
57110.160 17.276 999.000
57110.180 17.208 999.000
57110.180 17.214 999.000
57110.180 17.218 999.000
57110.180 17.227 999.000
57110.180 17.233 999.000
57110.180 17.234 999.000
57110.180 17.235 999.000
57110.180 17.263 999.000
57110.180 17.277 999.000
57110.210 17.209 999.000
57110.210 17.215 999.000
57110.210 17.219 999.000
57110.210 17.228 999.000
57110.210 17.234 999.000
57110.210 17.235 999.000
57110.210 17.236 999.000
57110.210 17.264 999.000
57110.210 17.278 999.000
57110.699 17.225 999.000
57110.699 17.232 999.000
57110.699 17.237 999.000
57110.699 17.245 999.000
57110.699 17.251 999.000
57110.699 17.251 999.000
57110.699 17.253 999.000
57110.699 17.282 999.000
57110.699 17.296 999.000
57111.503 17.252 999.000
57111.503 17.259 999.000
57111.503 17.266 999.000
57111.503 17.273 999.000
57111.503 17.278 999.000
57111.503 17.279 999.000
57111.503 17.281 999.000
57111.503 17.311 999.000
57111.503 17.326 999.000
57113.290 17.312 999.000
57113.290 17.322 999.000
57113.290 17.331 999.000
57113.290 17.338 999.000
57113.290 17.340 999.000
57113.290 17.343 999.000
57113.290 17.344 999.000
57113.290 17.378 999.000
57113.290 17.394 999.000
57114.458 17.353 999.000
57114.458 17.363 999.000
57114.458 17.376 999.000
57114.458 17.381 999.000
57114.458 17.382 999.000
57114.458 17.386 999.000
57114.458 17.387 999.000
57114.458 17.423 999.000
57114.458 17.439 999.000
57116.930 17.442 999.000
57116.930 17.455 999.000
57116.930 17.472 999.000
57116.930 17.472 999.000
57116.930 17.477 999.000
57116.930 17.479 999.000
57116.930 17.480 999.000
57116.930 17.522 999.000
57116.930 17.539 999.000
57117.250 17.454 999.000
57117.250 17.467 999.000
57117.250 17.484 999.000
57117.250 17.485 999.000
57117.250 17.490 999.000
57117.250 17.491 999.000
57117.250 17.493 999.000
57117.250 17.535 999.000
57117.250 17.552 999.000
57118.210 17.490 999.000
57118.210 17.504 999.000
57118.210 17.520 999.000
57118.210 17.524 999.000
57118.210 17.528 999.000
57118.210 17.528 999.000
57118.210 17.530 999.000
57118.210 17.574 999.000
57118.210 17.593 999.000
57118.422 17.498 999.000
57118.422 17.512 999.000
57118.422 17.528 999.000
57118.422 17.533 999.000
57118.422 17.537 999.000
57118.422 17.537 999.000
57118.422 17.538 999.000
57118.422 17.583 999.000
57118.422 17.602 999.000
57119.894 17.554 999.000
57119.894 17.570 999.000
57119.894 17.585 999.000
57119.894 17.594 999.000
57119.894 17.595 999.000
57119.894 17.597 999.000
57119.894 17.597 999.000
57119.894 17.645 999.000
57119.894 17.665 999.000
57120.150 17.564 999.000
57120.150 17.580 999.000
57120.150 17.595 999.000
57120.150 17.604 999.000
57120.150 17.605 999.000
57120.150 17.607 999.000
57120.150 17.608 999.000
57120.150 17.656 999.000
57120.150 17.676 999.000
57120.210 17.566 999.000
57120.210 17.582 999.000
57120.210 17.598 999.000
57120.210 17.607 999.000
57120.210 17.608 999.000
57120.210 17.610 999.000
57120.210 17.610 999.000
57120.210 17.658 999.000
57120.210 17.678 999.000
57120.450 17.576 999.000
57120.450 17.592 999.000
57120.450 17.607 999.000
57120.450 17.617 999.000
57120.450 17.618 999.000
57120.450 17.620 999.000
57120.450 17.620 999.000
57120.450 17.669 999.000
57120.450 17.689 999.000
57120.816 17.590 999.000
57120.816 17.606 999.000
57120.816 17.622 999.000
57120.816 17.632 999.000
57120.816 17.633 999.000
57120.816 17.635 999.000
57120.816 17.635 999.000
57120.816 17.684 999.000
57120.816 17.705 999.000
57122.075 17.640 999.000
57122.075 17.658 999.000
57122.075 17.672 999.000
57122.075 17.684 999.000
57122.075 17.687 999.000
57122.075 17.687 999.000
57122.075 17.689 999.000
57122.075 17.739 999.000
57122.075 17.760 999.000
57122.130 17.642 999.000
57122.130 17.660 999.000
57122.130 17.674 999.000
57122.130 17.686 999.000
57122.130 17.689 999.000
57122.130 17.689 999.000
57122.130 17.691 999.000
57122.130 17.742 999.000
57122.130 17.763 999.000
57122.785 17.668 999.000
57122.785 17.687 999.000
57122.785 17.701 999.000
57122.785 17.714 999.000
57122.785 17.717 999.000
57122.785 17.718 999.000
57122.785 17.719 999.000
57122.785 17.770 999.000
57122.785 17.792 999.000
57122.850 17.671 999.000
57122.850 17.690 999.000
57122.850 17.704 999.000
57122.850 17.717 999.000
57122.850 17.720 999.000
57122.850 17.720 999.000
57122.850 17.722 999.000
57122.850 17.773 999.000
57122.850 17.795 999.000
57123.870 17.713 999.000
57123.870 17.732 999.000
57123.870 17.746 999.000
57123.870 17.760 999.000
57123.870 17.763 999.000
57123.870 17.765 999.000
57123.870 17.766 999.000
57123.870 17.819 999.000
57123.870 17.842 999.000
57125.330 17.773 999.000
57125.330 17.794 999.000
57125.330 17.807 999.000
57125.330 17.822 999.000
57125.330 17.826 999.000
57125.330 17.831 999.000
57125.330 17.831 999.000
57125.330 17.885 999.000
57125.330 17.910 999.000
57126.180 17.809 999.000
57126.180 17.831 999.000
57126.180 17.843 999.000
57126.180 17.859 999.000
57126.180 17.864 999.000
57126.180 17.870 999.000
57126.180 17.870 999.000
57126.180 17.925 999.000
57126.180 17.950 999.000
57127.720 17.875 999.000
57127.720 17.899 999.000
57127.720 17.910 999.000
57127.720 17.928 999.000
57127.720 17.933 999.000
57127.720 17.940 999.000
57127.720 17.941 999.000
57127.720 17.997 999.000
57127.720 18.023 999.000
57128.160 17.895 999.000
57128.160 17.918 999.000
57128.160 17.929 999.000
57128.160 17.947 999.000
57128.160 17.953 999.000
57128.160 17.961 999.000
57128.160 17.961 999.000
57128.160 18.018 999.000
57128.160 18.045 999.000
57128.629 17.915 999.000
57128.629 17.939 999.000
57128.629 17.950 999.000
57128.629 17.968 999.000
57128.629 17.974 999.000
57128.629 17.983 999.000
57128.629 17.984 999.000
57128.629 18.040 999.000
57128.629 18.068 999.000
57129.940 17.973 999.000
57129.940 17.999 999.000
57129.940 18.009 999.000
57129.940 18.028 999.000
57129.940 18.034 999.000
57129.940 18.045 999.000
57129.940 18.046 999.000
57129.940 18.104 999.000
57129.940 18.132 999.000
57130.765 18.010 999.000
57130.765 18.036 999.000
57130.765 18.046 999.000
57130.765 18.066 999.000
57130.765 18.073 999.000
57130.765 18.084 999.000
57130.765 18.086 999.000
57130.765 18.144 999.000
57130.765 18.174 999.000
57131.527 18.045 999.000
57131.527 18.072 999.000
57131.527 18.081 999.000
57131.527 18.102 999.000
57131.527 18.109 999.000
57131.527 18.121 999.000
57131.527 18.123 999.000
57131.527 18.182 999.000
57131.527 18.212 999.000
57131.710 18.053 999.000
57131.710 18.080 999.000
57131.710 18.089 999.000
57131.710 18.110 999.000
57131.710 18.118 999.000
57131.710 18.130 999.000
57131.710 18.132 999.000
57131.710 18.191 999.000
57131.710 18.221 999.000
57132.930 18.109 999.000
57132.930 18.138 999.000
57132.930 18.145 999.000
57132.930 18.168 999.000
57132.930 18.176 999.000
57132.930 18.190 999.000
57132.930 18.192 999.000
57132.930 18.252 999.000
57132.930 18.284 999.000
57134.240 18.171 999.000
57134.240 18.200 999.000
57134.240 18.207 999.000
57134.240 18.230 999.000
57134.240 18.240 999.000
57134.240 18.255 999.000
57134.240 18.258 999.000
57134.240 18.319 999.000
57134.240 18.352 999.000
57134.860 18.200 999.000
57134.860 18.230 999.000
57134.860 18.236 999.000
57134.860 18.260 999.000
57134.860 18.270 999.000
57134.860 18.287 999.000
57134.860 18.289 999.000
57134.860 18.350 999.000
57134.860 18.384 999.000
57135.440 18.228 999.000
57135.440 18.258 999.000
57135.440 18.264 999.000
57135.440 18.288 999.000
57135.440 18.299 999.000
57135.440 18.316 999.000
57135.440 18.318 999.000
57135.440 18.380 999.000
57135.440 18.415 999.000
57135.940 18.252 999.000
57135.940 18.283 999.000
57135.940 18.288 999.000
57135.940 18.313 999.000
57135.940 18.323 999.000
57135.940 18.342 999.000
57135.940 18.344 999.000
57135.940 18.406 999.000
57135.940 18.442 999.000
57136.201 18.264 999.000
57136.201 18.296 999.000
57136.201 18.301 999.000
57136.201 18.326 999.000
57136.201 18.337 999.000
57136.201 18.355 999.000
57136.201 18.357 999.000
57136.201 18.420 999.000
57136.201 18.456 999.000
57136.314 18.270 999.000
57136.314 18.301 999.000
57136.314 18.306 999.000
57136.314 18.331 999.000
57136.314 18.342 999.000
57136.314 18.361 999.000
57136.314 18.363 999.000
57136.314 18.426 999.000
57136.314 18.462 999.000
57137.210 18.313 999.000
57137.210 18.345 999.000
57137.210 18.350 999.000
57137.210 18.375 999.000
57137.210 18.387 999.000
57137.210 18.407 999.000
57137.210 18.410 999.000
57137.210 18.473 999.000
57137.210 18.510 999.000
57137.270 18.316 999.000
57137.270 18.348 999.000
57137.270 18.352 999.000
57137.270 18.378 999.000
57137.270 18.390 999.000
57137.270 18.410 999.000
57137.270 18.413 999.000
57137.270 18.476 999.000
57137.270 18.513 999.000
57138.860 18.395 999.000
57138.860 18.428 999.000
57138.860 18.431 999.000
57138.860 18.458 999.000
57138.860 18.471 999.000
57138.860 18.493 999.000
57138.860 18.496 999.000
57138.860 18.561 999.000
57138.860 18.600 999.000
57138.880 18.396 999.000
57138.880 18.429 999.000
57138.880 18.432 999.000
57138.880 18.459 999.000
57138.880 18.472 999.000
57138.880 18.495 999.000
57138.880 18.497 999.000
57138.880 18.562 999.000
57138.880 18.601 999.000
57139.210 18.412 999.000
57139.210 18.446 999.000
57139.210 18.448 999.000
57139.210 18.476 999.000
57139.210 18.489 999.000
57139.210 18.512 999.000
57139.210 18.515 999.000
57139.210 18.579 999.000
57139.210 18.619 999.000
57140.100 18.457 999.000
57140.100 18.491 999.000
57140.100 18.493 999.000
57140.100 18.521 999.000
57140.100 18.535 999.000
57140.100 18.559 999.000
57140.100 18.562 999.000
57140.100 18.628 999.000
57140.100 18.668 999.000
57141.170 18.511 999.000
57141.170 18.546 999.000
57141.170 18.546 999.000
57141.170 18.576 999.000
57141.170 18.591 999.000
57141.170 18.617 999.000
57141.170 18.619 999.000
57141.170 18.686 999.000
57141.170 18.728 999.000
57141.637 18.535 999.000
57141.637 18.570 999.000
57141.637 18.571 999.000
57141.637 18.600 999.000
57141.637 18.616 999.000
57141.637 18.642 999.000
57141.637 18.645 999.000
57141.637 18.712 999.000
57141.637 18.755 999.000
57144.468 18.682 999.000
57144.468 18.716 999.000
57144.468 18.720 999.000
57144.468 18.748 999.000
57144.468 18.767 999.000
57144.468 18.798 999.000
57144.468 18.800 999.000
57144.468 18.824 999.000
57144.468 18.870 999.000
57144.710 18.695 999.000
57144.710 18.729 999.000
57144.710 18.733 999.000
57144.710 18.760 999.000
57144.710 18.780 999.000
57144.710 18.812 999.000
57144.710 18.813 999.000
57144.710 18.829 999.000
57144.710 18.874 999.000
57144.890 18.704 999.000
57144.890 18.738 999.000
57144.890 18.743 999.000
57144.890 18.770 999.000
57144.890 18.790 999.000
57144.890 18.822 999.000
57144.890 18.824 999.000
57144.890 18.832 999.000
57144.890 18.878 999.000
57147.073 18.801 999.000
57147.073 18.814 999.000
57147.073 18.821 999.000
57147.073 18.862 999.000
57147.073 18.873 999.000
57147.073 18.879 999.000
57147.073 18.887 999.000
57147.073 18.915 999.000
57147.073 18.918 999.000
57148.310 18.825 999.000
57148.310 18.836 999.000
57148.310 18.846 999.000
57148.310 18.885 999.000
57148.310 18.896 999.000
57148.310 18.903 999.000
57148.310 18.938 999.000
57148.310 18.941 999.000
57148.310 18.954 999.000
57150.030 18.858 999.000
57150.030 18.868 999.000
57150.030 18.877 999.000
57150.030 18.917 999.000
57150.030 18.928 999.000
57150.030 18.935 999.000
57150.030 18.969 999.000
57150.030 18.973 999.000
57150.030 18.994 999.000
57150.960 18.876 999.000
57150.960 18.885 999.000
57150.960 18.894 999.000
57150.960 18.934 999.000
57150.960 18.945 999.000
57150.960 18.953 999.000
57150.960 18.986 999.000
57150.960 18.990 999.000
57150.960 19.012 999.000
57151.187 18.880 999.000
57151.187 18.889 999.000
57151.187 18.898 999.000
57151.187 18.938 999.000
57151.187 18.950 999.000
57151.187 18.957 999.000
57151.187 18.990 999.000
57151.187 18.994 999.000
57151.187 19.017 999.000
57152.160 18.899 999.000
57152.160 18.907 999.000
57152.160 18.916 999.000
57152.160 18.956 999.000
57152.160 18.968 999.000
57152.160 18.976 999.000
57152.160 19.008 999.000
57152.160 19.013 999.000
57152.160 19.036 999.000
57152.508 18.905 999.000
57152.508 18.914 999.000
57152.508 18.922 999.000
57152.508 18.962 999.000
57152.508 18.974 999.000
57152.508 18.982 999.000
57152.508 19.015 999.000
57152.508 19.019 999.000
57152.508 19.042 999.000
57155.150 18.956 999.000
57155.150 18.963 999.000
57155.150 18.971 999.000
57155.150 19.012 999.000
57155.150 19.024 999.000
57155.150 19.033 999.000
57155.150 19.063 999.000
57155.150 19.069 999.000
57155.150 19.094 999.000
57155.760 18.968 999.000
57155.760 18.974 999.000
57155.760 18.982 999.000
57155.760 19.023 999.000
57155.760 19.036 999.000
57155.760 19.044 999.000
57155.760 19.075 999.000
57155.760 19.080 999.000
57155.760 19.106 999.000
57157.944 19.010 999.000
57157.944 19.015 999.000
57157.944 19.023 999.000
57157.944 19.064 999.000
57157.944 19.077 999.000
57157.944 19.086 999.000
57157.944 19.115 999.000
57157.944 19.121 999.000
57157.944 19.149 999.000
57158.800 19.027 999.000
57158.800 19.031 999.000
57158.800 19.039 999.000
57158.800 19.080 999.000
57158.800 19.093 999.000
57158.800 19.103 999.000
57158.800 19.131 999.000
57158.800 19.137 999.000
57158.800 19.166 999.000
57160.050 19.051 999.000
57160.050 19.054 999.000
57160.050 19.062 999.000
57160.050 19.103 999.000
57160.050 19.116 999.000
57160.050 19.126 999.000
57160.050 19.154 999.000
57160.050 19.161 999.000
57160.050 19.190 999.000
57160.630 19.062 999.000
57160.630 19.065 999.000
57160.630 19.073 999.000
57160.630 19.114 999.000
57160.630 19.127 999.000
57160.630 19.138 999.000
57160.630 19.164 999.000
57160.630 19.172 999.000
57160.630 19.201 999.000
57161.010 19.069 999.000
57161.010 19.072 999.000
57161.010 19.080 999.000
57161.010 19.121 999.000
57161.010 19.135 999.000
57161.010 19.145 999.000
57161.010 19.171 999.000
57161.010 19.179 999.000
57161.010 19.209 999.000
57161.700 19.083 999.000
57161.700 19.085 999.000
57161.700 19.093 999.000
57161.700 19.134 999.000
57161.700 19.148 999.000
57161.700 19.158 999.000
57161.700 19.184 999.000
57161.700 19.192 999.000
57161.700 19.222 999.000
57162.730 19.103 999.000
57162.730 19.104 999.000
57162.730 19.112 999.000
57162.730 19.153 999.000
57162.730 19.167 999.000
57162.730 19.178 999.000
57162.730 19.203 999.000
57162.730 19.211 999.000
57162.730 19.242 999.000
57162.900 19.106 999.000
57162.900 19.107 999.000
57162.900 19.115 999.000
57162.900 19.157 999.000
57162.900 19.170 999.000
57162.900 19.181 999.000
57162.900 19.206 999.000
57162.900 19.214 999.000
57162.900 19.246 999.000
57163.380 19.115 999.000
57163.380 19.116 999.000
57163.380 19.124 999.000
57163.380 19.166 999.000
57163.380 19.179 999.000
57163.380 19.190 999.000
57163.380 19.215 999.000
57163.380 19.224 999.000
57163.380 19.255 999.000
57166.353 19.172 999.000
57166.353 19.172 999.000
57166.353 19.180 999.000
57166.353 19.221 999.000
57166.353 19.235 999.000
57166.353 19.247 999.000
57166.353 19.269 999.000
57166.353 19.279 999.000
57166.353 19.313 999.000
57166.920 19.183 999.000
57166.920 19.183 999.000
57166.920 19.190 999.000
57166.920 19.232 999.000
57166.920 19.246 999.000
57166.920 19.258 999.000
57166.920 19.280 999.000
57166.920 19.290 999.000
57166.920 19.324 999.000
57168.816 19.218 999.000
57168.816 19.219 999.000
57168.816 19.226 999.000
57168.816 19.267 999.000
57168.816 19.281 999.000
57168.816 19.294 999.000
57168.816 19.314 999.000
57168.816 19.326 999.000
57168.816 19.360 999.000
57171.900 19.276 999.000
57171.900 19.278 999.000
57171.900 19.284 999.000
57171.900 19.325 999.000
57171.900 19.338 999.000
57171.900 19.352 999.000
57171.900 19.371 999.000
57171.900 19.383 999.000
57171.900 19.419 999.000
57172.407 19.285 999.000
57172.407 19.288 999.000
57172.407 19.293 999.000
57172.407 19.334 999.000
57172.407 19.348 999.000
57172.407 19.362 999.000
57172.407 19.380 999.000
57172.407 19.392 999.000
57172.407 19.429 999.000
57173.380 19.303 999.000
57173.380 19.306 999.000
57173.380 19.311 999.000
57173.380 19.352 999.000
57173.380 19.366 999.000
57173.380 19.380 999.000
57173.380 19.397 999.000
57173.380 19.411 999.000
57173.380 19.447 999.000
57174.252 19.320 999.000
57174.252 19.323 999.000
57174.252 19.328 999.000
57174.252 19.369 999.000
57174.252 19.382 999.000
57174.252 19.396 999.000
57174.252 19.413 999.000
57174.252 19.427 999.000
57174.252 19.464 999.000
57175.020 19.334 999.000
57175.020 19.337 999.000
57175.020 19.342 999.000
57175.020 19.383 999.000
57175.020 19.396 999.000
57175.020 19.411 999.000
57175.020 19.427 999.000
57175.020 19.441 999.000
57175.020 19.478 999.000
57176.950 19.370 999.000
57176.950 19.374 999.000
57176.950 19.378 999.000
57176.950 19.419 999.000
57176.950 19.432 999.000
57176.950 19.447 999.000
57176.950 19.462 999.000
57176.950 19.477 999.000
57176.950 19.514 999.000
57178.110 19.391 999.000
57178.110 19.396 999.000
57178.110 19.400 999.000
57178.110 19.440 999.000
57178.110 19.453 999.000
57178.110 19.468 999.000
57178.110 19.483 999.000
57178.110 19.498 999.000
57178.110 19.536 999.000
57179.110 19.410 999.000
57179.110 19.414 999.000
57179.110 19.418 999.000
57179.110 19.458 999.000
57179.110 19.471 999.000
57179.110 19.487 999.000
57179.110 19.500 999.000
57179.110 19.516 999.000
57179.110 19.555 999.000
57179.687 19.420 999.000
57179.687 19.425 999.000
57179.687 19.429 999.000
57179.687 19.469 999.000
57179.687 19.482 999.000
57179.687 19.498 999.000
57179.687 19.511 999.000
57179.687 19.527 999.000
57179.687 19.566 999.000
57182.120 19.465 999.000
57182.120 19.470 999.000
57182.120 19.474 999.000
57182.120 19.514 999.000
57182.120 19.526 999.000
57182.120 19.543 999.000
57182.120 19.554 999.000
57182.120 19.571 999.000
57182.120 19.611 999.000
57183.020 19.481 999.000
57183.020 19.487 999.000
57183.020 19.491 999.000
57183.020 19.530 999.000
57183.020 19.542 999.000
57183.020 19.559 999.000
57183.020 19.570 999.000
57183.020 19.588 999.000
57183.020 19.627 999.000
57184.030 19.500 999.000
57184.030 19.506 999.000
57184.030 19.509 999.000
57184.030 19.548 999.000
57184.030 19.560 999.000
57184.030 19.578 999.000
57184.030 19.588 999.000
57184.030 19.606 999.000
57184.030 19.646 999.000
57184.960 19.517 999.000
57184.960 19.523 999.000
57184.960 19.526 999.000
57184.960 19.565 999.000
57184.960 19.577 999.000
57184.960 19.595 999.000
57184.960 19.604 999.000
57184.960 19.623 999.000
57184.960 19.663 999.000
57185.020 19.518 999.000
57185.020 19.524 999.000
57185.020 19.527 999.000
57185.020 19.566 999.000
57185.020 19.578 999.000
57185.020 19.596 999.000
57185.020 19.605 999.000
57185.020 19.624 999.000
57185.020 19.664 999.000
57185.123 19.520 999.000
57185.123 19.526 999.000
57185.123 19.529 999.000
57185.123 19.568 999.000
57185.123 19.580 999.000
57185.123 19.598 999.000
57185.123 19.607 999.000
57185.123 19.626 999.000
57185.123 19.666 999.000
57185.212 19.521 999.000
57185.212 19.527 999.000
57185.212 19.531 999.000
57185.212 19.570 999.000
57185.212 19.582 999.000
57185.212 19.599 999.000
57185.212 19.608 999.000
57185.212 19.627 999.000
57185.212 19.667 999.000
57186.770 19.550 999.000
57186.770 19.556 999.000
57186.770 19.560 999.000
57186.770 19.598 999.000
57186.770 19.609 999.000
57186.770 19.628 999.000
57186.770 19.636 999.000
57186.770 19.655 999.000
57186.770 19.696 999.000
57190.559 19.618 999.000
57190.559 19.625 999.000
57190.559 19.629 999.000
57190.559 19.666 999.000
57190.559 19.677 999.000
57190.559 19.696 999.000
57190.559 19.702 999.000
57190.559 19.723 999.000
57190.559 19.764 999.000
57192.710 19.656 999.000
57192.710 19.664 999.000
57192.710 19.667 999.000
57192.710 19.704 999.000
57192.710 19.714 999.000
57192.710 19.734 999.000
57192.710 19.739 999.000
57192.710 19.761 999.000
57192.710 19.803 999.000
57195.995 19.715 999.000
57195.995 19.722 999.000
57195.995 19.726 999.000
57195.995 19.762 999.000
57195.995 19.772 999.000
57195.995 19.792 999.000
57195.995 19.795 999.000
57195.995 19.818 999.000
57195.995 19.861 999.000
57199.060 19.768 999.000
57199.060 19.776 999.000
57199.060 19.781 999.000
57199.060 19.816 999.000
57199.060 19.824 999.000
57199.060 19.846 999.000
57199.060 19.846 999.000
57199.060 19.872 999.000
57199.060 19.914 999.000
57199.380 19.774 999.000
57199.380 19.782 999.000
57199.380 19.787 999.000
57199.380 19.821 999.000
57199.380 19.830 999.000
57199.380 19.852 999.000
57199.380 19.852 999.000
57199.380 19.877 999.000
57199.380 19.920 999.000
57201.430 19.810 999.000
57201.430 19.818 999.000
57201.430 19.823 999.000
57201.430 19.857 999.000
57201.430 19.865 999.000
57201.430 19.886 999.000
57201.430 19.887 999.000
57201.430 19.912 999.000
57201.430 19.955 999.000
57205.700 19.883 999.000
57205.700 19.891 999.000
57205.700 19.897 999.000
57205.700 19.930 999.000
57205.700 19.937 999.000
57205.700 19.957 999.000
57205.700 19.960 999.000
57205.700 19.985 999.000
57205.700 20.028 999.000
57206.340 19.894 999.000
57206.340 19.902 999.000
57206.340 19.908 999.000
57206.340 19.940 999.000
57206.340 19.948 999.000
57206.340 19.967 999.000
57206.340 19.971 999.000
57206.340 19.995 999.000
57206.340 20.039 999.000
57206.833 19.902 999.000
57206.833 19.911 999.000
57206.833 19.917 999.000
57206.833 19.949 999.000
57206.833 19.956 999.000
57206.833 19.975 999.000
57206.833 19.979 999.000
57206.833 20.004 999.000
57206.833 20.047 999.000
57206.866 19.903 999.000
57206.866 19.911 999.000
57206.866 19.917 999.000
57206.866 19.949 999.000
57206.866 19.956 999.000
57206.866 19.976 999.000
57206.866 19.980 999.000
57206.866 20.004 999.000
57206.866 20.047 999.000
57210.040 19.957 999.000
57210.040 19.965 999.000
57210.040 19.972 999.000
57210.040 20.003 999.000
57210.040 20.009 999.000
57210.040 20.027 999.000
57210.040 20.033 999.000
57210.040 20.057 999.000
57210.040 20.101 999.000
57212.302 19.995 999.000
57212.302 20.003 999.000
57212.302 20.010 999.000
57212.302 20.040 999.000
57212.302 20.046 999.000
57212.302 20.064 999.000
57212.302 20.071 999.000
57212.302 20.095 999.000
57212.302 20.138 999.000
57212.390 19.996 999.000
57212.390 20.004 999.000
57212.390 20.012 999.000
57212.390 20.042 999.000
57212.390 20.047 999.000
57212.390 20.065 999.000
57212.390 20.072 999.000
57212.390 20.096 999.000
57212.390 20.139 999.000
57217.730 20.084 999.000
57217.730 20.092 999.000
57217.730 20.101 999.000
57217.730 20.129 999.000
57217.730 20.134 999.000
57217.730 20.150 999.000
57217.730 20.160 999.000
57217.730 20.183 999.000
57217.730 20.227 999.000
57217.738 20.084 999.000
57217.738 20.093 999.000
57217.738 20.101 999.000
57217.738 20.129 999.000
57217.738 20.134 999.000
57217.738 20.150 999.000
57217.738 20.160 999.000
57217.738 20.183 999.000
57217.738 20.227 999.000
57221.000 20.137 999.000
57221.000 20.146 999.000
57221.000 20.155 999.000
57221.000 20.182 999.000
57221.000 20.186 999.000
57221.000 20.201 999.000
57221.000 20.213 999.000
57221.000 20.235 999.000
57221.000 20.279 999.000
57223.173 20.172 999.000
57223.173 20.181 999.000
57223.173 20.191 999.000
57223.173 20.217 999.000
57223.173 20.220 999.000
57223.173 20.235 999.000
57223.173 20.248 999.000
57223.173 20.270 999.000
57223.173 20.314 999.000
57228.609 20.258 999.000
57228.609 20.267 999.000
57228.609 20.278 999.000
57228.609 20.302 999.000
57228.609 20.305 999.000
57228.609 20.318 999.000
57228.609 20.333 999.000
57228.609 20.355 999.000
57228.609 20.399 999.000
57230.350 20.286 999.000
57230.350 20.294 999.000
57230.350 20.306 999.000
57230.350 20.329 999.000
57230.350 20.332 999.000
57230.350 20.345 999.000
57230.350 20.360 999.000
57230.350 20.382 999.000
57230.350 20.426 999.000
57232.370 20.317 999.000
57232.370 20.325 999.000
57232.370 20.338 999.000
57232.370 20.361 999.000
57232.370 20.363 999.000
57232.370 20.375 999.000
57232.370 20.392 999.000
57232.370 20.413 999.000
57232.370 20.457 999.000
57234.045 20.343 999.000
57234.045 20.351 999.000
57234.045 20.364 999.000
57234.045 20.386 999.000
57234.045 20.388 999.000
57234.045 20.400 999.000
57234.045 20.417 999.000
57234.045 20.439 999.000
57234.045 20.483 999.000
57236.710 20.384 999.000
57236.710 20.392 999.000
57236.710 20.405 999.000
57236.710 20.427 999.000
57236.710 20.428 999.000
57236.710 20.440 999.000
57236.710 20.458 999.000
57236.710 20.479 999.000
57236.710 20.523 999.000
57239.481 20.426 999.000
57239.481 20.434 999.000
57239.481 20.448 999.000
57239.481 20.469 999.000
57239.481 20.470 999.000
57239.481 20.481 999.000
57239.481 20.500 999.000
57239.481 20.521 999.000
57239.481 20.565 999.000
57244.916 20.507 999.000
57244.916 20.515 999.000
57244.916 20.530 999.000
57244.916 20.550 999.000
57244.916 20.550 999.000
57244.916 20.560 999.000
57244.916 20.581 999.000
57244.916 20.601 999.000
57244.916 20.646 999.000
57250.352 20.587 999.000
57250.352 20.595 999.000
57250.352 20.611 999.000
57250.352 20.628 999.000
57250.352 20.629 999.000
57250.352 20.637 999.000
57250.352 20.660 999.000
57250.352 20.680 999.000
57250.352 20.725 999.000
57255.788 20.665 999.000
57255.788 20.674 999.000
57255.788 20.690 999.000
57255.788 20.706 999.000
57255.788 20.707 999.000
57255.788 20.713 999.000
57255.788 20.738 999.000
57255.788 20.758 999.000
57255.788 20.803 999.000
57261.224 20.742 999.000
57261.224 20.751 999.000
57261.224 20.768 999.000
57261.224 20.782 999.000
57261.224 20.784 999.000
57261.224 20.789 999.000
57261.224 20.815 999.000
57261.224 20.835 999.000
57261.224 20.880 999.000
57266.659 20.818 999.000
57266.659 20.826 999.000
57266.659 20.844 999.000
57266.659 20.856 999.000
57266.659 20.859 999.000
57266.659 20.862 999.000
57266.659 20.891 999.000
57266.659 20.910 999.000
57266.659 20.955 999.000
57272.095 20.892 999.000
57272.095 20.901 999.000
57272.095 20.919 999.000
57272.095 20.930 999.000
57272.095 20.933 999.000
57272.095 20.935 999.000
57272.095 20.965 999.000
57272.095 20.984 999.000
57272.095 21.029 999.000
57277.531 20.965 999.000
57277.531 20.974 999.000
57277.531 20.993 999.000
57277.531 21.002 999.000
57277.531 21.006 999.000
57277.531 21.007 999.000
57277.531 21.038 999.000
57277.531 21.056 999.000
57277.531 21.102 999.000
57282.967 21.037 999.000
57282.967 21.046 999.000
57282.967 21.065 999.000
57282.967 21.074 999.000
57282.967 21.077 999.000
57282.967 21.078 999.000
57282.967 21.110 999.000
57282.967 21.128 999.000
57282.967 21.174 999.000
57288.402 21.107 999.000
57288.402 21.117 999.000
57288.402 21.137 999.000
57288.402 21.144 999.000
57288.402 21.147 999.000
57288.402 21.149 999.000
57288.402 21.181 999.000
57288.402 21.199 999.000
57288.402 21.245 999.000
57293.838 21.177 999.000
57293.838 21.186 999.000
57293.838 21.207 999.000
57293.838 21.213 999.000
57293.838 21.215 999.000
57293.838 21.218 999.000
57293.838 21.251 999.000
57293.838 21.268 999.000
57293.838 21.315 999.000
57299.274 21.246 999.000
57299.274 21.255 999.000
57299.274 21.276 999.000
57299.274 21.281 999.000
57299.274 21.282 999.000
57299.274 21.287 999.000
57299.274 21.319 999.000
57299.274 21.336 999.000
57299.274 21.384 999.000
57304.710 21.313 999.000
57304.710 21.323 999.000
57304.710 21.344 999.000
57304.710 21.348 999.000
57304.710 21.349 999.000
57304.710 21.354 999.000
57304.710 21.387 999.000
57304.710 21.404 999.000
57304.710 21.451 999.000
57310.145 21.379 999.000
57310.145 21.389 999.000
57310.145 21.411 999.000
57310.145 21.414 999.000
57310.145 21.414 999.000
57310.145 21.421 999.000
57310.145 21.453 999.000
57310.145 21.470 999.000
57310.145 21.518 999.000
57315.581 21.445 999.000
57315.581 21.455 999.000
57315.581 21.476 999.000
57315.581 21.478 999.000
57315.581 21.479 999.000
57315.581 21.486 999.000
57315.581 21.519 999.000
57315.581 21.536 999.000
57315.581 21.584 999.000
57321.017 21.509 999.000
57321.017 21.520 999.000
57321.017 21.541 999.000
57321.017 21.542 999.000
57321.017 21.544 999.000
57321.017 21.551 999.000
57321.017 21.584 999.000
57321.017 21.600 999.000
57321.017 21.649 999.000
57326.453 21.573 999.000
57326.453 21.584 999.000
57326.453 21.605 999.000
57326.453 21.605 999.000
57326.453 21.607 999.000
57326.453 21.615 999.000
57326.453 21.648 999.000
57326.453 21.664 999.000
57326.453 21.713 999.000
57330.722 21.622 999.000
57330.722 21.633 999.000
57330.722 21.653 999.000
57330.722 21.655 999.000
57330.722 21.656 999.000
57330.722 21.664 999.000
57330.722 21.697 999.000
57330.722 21.713 999.000
57330.722 21.763 999.000
57331.888 21.636 999.000
57331.888 21.646 999.000
57331.888 21.667 999.000
57331.888 21.669 999.000
57331.888 21.669 999.000
57331.888 21.678 999.000
57331.888 21.711 999.000
57331.888 21.727 999.000
57331.888 21.776 999.000
57335.787 21.680 999.000
57335.787 21.691 999.000
57335.787 21.710 999.000
57335.787 21.713 999.000
57335.787 21.714 999.000
57335.787 21.722 999.000
57335.787 21.755 999.000
57335.787 21.771 999.000
57335.787 21.821 999.000
57337.324 21.698 999.000
57337.324 21.709 999.000
57337.324 21.728 999.000
57337.324 21.731 999.000
57337.324 21.731 999.000
57337.324 21.740 999.000
57337.324 21.773 999.000
57337.324 21.789 999.000
57337.324 21.838 999.000
57342.760 21.759 999.000
57342.760 21.770 999.000
57342.760 21.788 999.000
57342.760 21.792 999.000
57342.760 21.792 999.000
57342.760 21.801 999.000
57342.760 21.834 999.000
57342.760 21.850 999.000
57342.760 21.900 999.000
57348.196 21.819 999.000
57348.196 21.830 999.000
57348.196 21.847 999.000
57348.196 21.852 999.000
57348.196 21.853 999.000
57348.196 21.861 999.000
57348.196 21.895 999.000
57348.196 21.910 999.000
57348.196 21.960 999.000
57353.632 21.878 999.000
57353.632 21.890 999.000
57353.632 21.906 999.000
57353.632 21.911 999.000
57353.632 21.912 999.000
57353.632 21.921 999.000
57353.632 21.954 999.000
57353.632 21.970 999.000
57353.632 22.020 999.000
57359.067 21.937 999.000
57359.067 21.948 999.000
57359.067 21.964 999.000
57359.067 21.970 999.000
57359.067 21.971 999.000
57359.067 21.979 999.000
57359.067 22.013 999.000
57359.067 22.029 999.000
57359.067 22.079 999.000
57364.503 21.995 999.000
57364.503 22.007 999.000
57364.503 22.021 999.000
57364.503 22.027 999.000
57364.503 22.029 999.000
57364.503 22.037 999.000
57364.503 22.071 999.000
57364.503 22.086 999.000
57364.503 22.138 999.000
57369.939 22.052 999.000
57369.939 22.064 999.000
57369.939 22.077 999.000
57369.939 22.084 999.000
57369.939 22.087 999.000
57369.939 22.095 999.000
57369.939 22.129 999.000
57369.939 22.144 999.000
57369.939 22.195 999.000
57373.330 22.087 999.000
57373.330 22.099 999.000
57373.330 22.112 999.000
57373.330 22.120 999.000
57373.330 22.122 999.000
57373.330 22.130 999.000
57373.330 22.164 999.000
57373.330 22.179 999.000
57373.330 22.231 999.000
57375.375 22.108 999.000
57375.375 22.120 999.000
57375.375 22.133 999.000
57375.375 22.141 999.000
57375.375 22.144 999.000
57375.375 22.151 999.000
57375.375 22.186 999.000
57375.375 22.200 999.000
57375.375 22.252 999.000
57378.080 22.136 999.000
57378.080 22.148 999.000
57378.080 22.161 999.000
57378.080 22.169 999.000
57378.080 22.172 999.000
57378.080 22.179 999.000
57378.080 22.214 999.000
57378.080 22.228 999.000
57378.080 22.280 999.000
57379.200 22.148 999.000
57379.200 22.160 999.000
57379.200 22.172 999.000
57379.200 22.180 999.000
57379.200 22.183 999.000
57379.200 22.191 999.000
57379.200 22.225 999.000
57379.200 22.240 999.000
57379.200 22.292 999.000
57380.810 22.164 999.000
57380.810 22.176 999.000
57380.810 22.188 999.000
57380.810 22.196 999.000
57380.810 22.200 999.000
57380.810 22.207 999.000
57380.810 22.242 999.000
57380.810 22.256 999.000
57380.810 22.308 999.000
57386.246 22.219 999.000
57386.246 22.232 999.000
57386.246 22.243 999.000
57386.246 22.251 999.000
57386.246 22.255 999.000
57386.246 22.263 999.000
57386.246 22.297 999.000
57386.246 22.311 999.000
57386.246 22.364 999.000
57391.682 22.273 999.000
57391.682 22.286 999.000
57391.682 22.296 999.000
57391.682 22.306 999.000
57391.682 22.310 999.000
57391.682 22.317 999.000
57391.682 22.352 999.000
57391.682 22.366 999.000
57391.682 22.418 999.000
57397.118 22.327 999.000
57397.118 22.340 999.000
57397.118 22.349 999.000
57397.118 22.359 999.000
57397.118 22.363 999.000
57397.118 22.371 999.000
57397.118 22.406 999.000
57397.118 22.420 999.000
57397.118 22.473 999.000
57401.580 22.371 999.000
57401.580 22.384 999.000
57401.580 22.393 999.000
57401.580 22.403 999.000
57401.580 22.407 999.000
57401.580 22.415 999.000
57401.580 22.449 999.000
57401.580 22.463 999.000
57401.580 22.517 999.000
57402.553 22.380 999.000
57402.553 22.393 999.000
57402.553 22.402 999.000
57402.553 22.412 999.000
57402.553 22.417 999.000
57402.553 22.424 999.000
57402.553 22.459 999.000
57402.553 22.473 999.000
57402.553 22.526 999.000
57403.500 22.389 999.000
57403.500 22.402 999.000
57403.500 22.411 999.000
57403.500 22.421 999.000
57403.500 22.426 999.000
57403.500 22.433 999.000
57403.500 22.468 999.000
57403.500 22.482 999.000
57403.500 22.535 999.000
57404.300 22.397 999.000
57404.300 22.410 999.000
57404.300 22.419 999.000
57404.300 22.429 999.000
57404.300 22.434 999.000
57404.300 22.441 999.000
57404.300 22.476 999.000
57404.300 22.490 999.000
57404.300 22.543 999.000
57407.989 22.433 999.000
57407.989 22.446 999.000
57407.989 22.454 999.000
57407.989 22.465 999.000
57407.989 22.470 999.000
57407.989 22.477 999.000
57407.989 22.512 999.000
57407.989 22.526 999.000
57407.989 22.579 999.000
57409.470 22.447 999.000
57409.470 22.460 999.000
57409.470 22.468 999.000
57409.470 22.479 999.000
57409.470 22.484 999.000
57409.470 22.491 999.000
57409.470 22.526 999.000
57409.470 22.540 999.000
57409.470 22.593 999.000
57413.425 22.485 999.000
57413.425 22.498 999.000
57413.425 22.505 999.000
57413.425 22.516 999.000
57413.425 22.522 999.000
57413.425 22.529 999.000
57413.425 22.564 999.000
57413.425 22.578 999.000
57413.425 22.631 999.000
57418.861 22.536 999.000
57418.861 22.549 999.000
57418.861 22.556 999.000
57418.861 22.568 999.000
57418.861 22.573 999.000
57418.861 22.580 999.000
57418.861 22.615 999.000
57418.861 22.629 999.000
57418.861 22.683 999.000
57423.220 22.577 999.000
57423.220 22.590 999.000
57423.220 22.596 999.000
57423.220 22.608 999.000
57423.220 22.614 999.000
57423.220 22.621 999.000
57423.220 22.656 999.000
57423.220 22.670 999.000
57423.220 22.724 999.000
57423.520 22.579 999.000
57423.520 22.593 999.000
57423.520 22.599 999.000
57423.520 22.611 999.000
57423.520 22.617 999.000
57423.520 22.624 999.000
57423.520 22.659 999.000
57423.520 22.673 999.000
57423.520 22.727 999.000
57424.296 22.587 999.000
57424.296 22.600 999.000
57424.296 22.606 999.000
57424.296 22.618 999.000
57424.296 22.624 999.000
57424.296 22.631 999.000
57424.296 22.666 999.000
57424.296 22.680 999.000
57424.296 22.734 999.000
57425.630 22.599 999.000
57425.630 22.612 999.000
57425.630 22.618 999.000
57425.630 22.631 999.000
57425.630 22.636 999.000
57425.630 22.644 999.000
57425.630 22.679 999.000
57425.630 22.692 999.000
57425.630 22.746 999.000
57429.732 22.637 999.000
57429.732 22.650 999.000
57429.732 22.655 999.000
57429.732 22.668 999.000
57429.732 22.674 999.000
57429.732 22.682 999.000
57429.732 22.717 999.000
57429.732 22.730 999.000
57429.732 22.785 999.000
57433.210 22.668 999.000
57433.210 22.682 999.000
57433.210 22.687 999.000
57433.210 22.700 999.000
57433.210 22.706 999.000
57433.210 22.713 999.000
57433.210 22.749 999.000
57433.210 22.762 999.000
57433.210 22.817 999.000
57433.550 22.672 999.000
57433.550 22.685 999.000
57433.550 22.690 999.000
57433.550 22.703 999.000
57433.550 22.709 999.000
57433.550 22.717 999.000
57433.550 22.752 999.000
57433.550 22.765 999.000
57433.550 22.820 999.000
57435.168 22.686 999.000
57435.168 22.700 999.000
57435.168 22.704 999.000
57435.168 22.718 999.000
57435.168 22.724 999.000
57435.168 22.731 999.000
57435.168 22.766 999.000
57435.168 22.780 999.000
57435.168 22.835 999.000
57437.720 22.709 999.000
57437.720 22.723 999.000
57437.720 22.727 999.000
57437.720 22.741 999.000
57437.720 22.747 999.000
57437.720 22.755 999.000
57437.720 22.790 999.000
57437.720 22.803 999.000
57437.720 22.858 999.000
57440.604 22.735 999.000
57440.604 22.749 999.000
57440.604 22.753 999.000
57440.604 22.767 999.000
57440.604 22.773 999.000
57440.604 22.781 999.000
57440.604 22.816 999.000
57440.604 22.829 999.000
57440.604 22.884 999.000
57444.240 22.768 999.000
57444.240 22.782 999.000
57444.240 22.785 999.000
57444.240 22.799 999.000
57444.240 22.806 999.000
57444.240 22.813 999.000
57444.240 22.848 999.000
57444.240 22.861 999.000
57444.240 22.917 999.000
57446.039 22.784 999.000
57446.039 22.798 999.000
57446.039 22.801 999.000
57446.039 22.815 999.000
57446.039 22.822 999.000
57446.039 22.829 999.000
57446.039 22.864 999.000
57446.039 22.878 999.000
57446.039 22.933 999.000
57450.520 22.823 999.000
57450.520 22.837 999.000
57450.520 22.840 999.000
57450.520 22.855 999.000
57450.520 22.862 999.000
57450.520 22.869 999.000
57450.520 22.904 999.000
57450.520 22.917 999.000
57450.520 22.973 999.000
57451.475 22.832 999.000
57451.475 22.846 999.000
57451.475 22.848 999.000
57451.475 22.863 999.000
57451.475 22.870 999.000
57451.475 22.877 999.000
57451.475 22.913 999.000
57451.475 22.926 999.000
57451.475 22.981 999.000
57456.270 22.873 999.000
57456.270 22.888 999.000
57456.270 22.890 999.000
57456.270 22.905 999.000
57456.270 22.912 999.000
57456.270 22.919 999.000
57456.270 22.955 999.000
57456.270 22.968 999.000
57456.270 23.023 999.000
57456.911 22.879 999.000
57456.911 22.893 999.000
57456.911 22.895 999.000
57456.911 22.910 999.000
57456.911 22.918 999.000
57456.911 22.925 999.000
57456.911 22.960 999.000
57456.911 22.973 999.000
57456.911 23.029 999.000
57458.570 22.893 999.000
57458.570 22.908 999.000
57458.570 22.910 999.000
57458.570 22.925 999.000
57458.570 22.932 999.000
57458.570 22.939 999.000
57458.570 22.975 999.000
57458.570 22.988 999.000
57458.570 23.044 999.000
57462.347 22.926 999.000
57462.347 22.940 999.000
57462.347 22.942 999.000
57462.347 22.957 999.000
57462.347 22.965 999.000
57462.347 22.972 999.000
57462.347 23.007 999.000
57462.347 23.020 999.000
57462.347 23.076 999.000
57465.530 22.953 999.000
57465.530 22.968 999.000
57465.530 22.969 999.000
57465.530 22.984 999.000
57465.530 22.992 999.000
57465.530 22.999 999.000
57465.530 23.035 999.000
57465.530 23.048 999.000
57465.530 23.104 999.000
57467.782 22.972 999.000
57467.782 22.987 999.000
57467.782 22.988 999.000
57467.782 23.004 999.000
57467.782 23.011 999.000
57467.782 23.019 999.000
57467.782 23.054 999.000
57467.782 23.067 999.000
57467.782 23.123 999.000
57473.218 23.018 999.000
57473.218 23.033 999.000
57473.218 23.033 999.000
57473.218 23.050 999.000
57473.218 23.058 999.000
57473.218 23.065 999.000
57473.218 23.100 999.000
57473.218 23.113 999.000
57473.218 23.170 999.000
57478.654 23.064 999.000
57478.654 23.078 999.000
57478.654 23.078 999.000
57478.654 23.095 999.000
57478.654 23.103 999.000
57478.654 23.111 999.000
57478.654 23.146 999.000
57478.654 23.159 999.000
57478.654 23.215 999.000
57484.090 23.109 999.000
57484.090 23.123 999.000
57484.090 23.124 999.000
57484.090 23.140 999.000
57484.090 23.148 999.000
57484.090 23.156 999.000
57484.090 23.191 999.000
57484.090 23.204 999.000
57484.090 23.261 999.000
57488.150 23.142 999.000
57488.150 23.156 999.000
57488.150 23.157 999.000
57488.150 23.173 999.000
57488.150 23.182 999.000
57488.150 23.189 999.000
57488.150 23.225 999.000
57488.150 23.237 999.000
57488.150 23.294 999.000
57489.525 23.153 999.000
57489.525 23.167 999.000
57489.525 23.168 999.000
57489.525 23.185 999.000
57489.525 23.193 999.000
57489.525 23.200 999.000
57489.525 23.236 999.000
57489.525 23.248 999.000
57489.525 23.306 999.000
57492.140 23.175 999.000
57492.140 23.188 999.000
57492.140 23.190 999.000
57492.140 23.206 999.000
57492.140 23.215 999.000
57492.140 23.222 999.000
57492.140 23.257 999.000
57492.140 23.270 999.000
57492.140 23.327 999.000
57494.961 23.198 999.000
57494.961 23.211 999.000
57494.961 23.213 999.000
57494.961 23.229 999.000
57494.961 23.238 999.000
57494.961 23.245 999.000
57494.961 23.280 999.000
57494.961 23.293 999.000
57494.961 23.350 999.000
57500.397 23.241 999.000
57500.397 23.254 999.000
57500.397 23.256 999.000
57500.397 23.272 999.000
57500.397 23.281 999.000
57500.397 23.289 999.000
57500.397 23.324 999.000
57500.397 23.337 999.000
57500.397 23.394 999.000
57505.833 23.285 999.000
57505.833 23.297 999.000
57505.833 23.300 999.000
57505.833 23.316 999.000
57505.833 23.325 999.000
57505.833 23.332 999.000
57505.833 23.368 999.000
57505.833 23.380 999.000
57505.833 23.438 999.000
57511.268 23.327 999.000
57511.268 23.339 999.000
57511.268 23.343 999.000
57511.268 23.358 999.000
57511.268 23.368 999.000
57511.268 23.375 999.000
57511.268 23.411 999.000
57511.268 23.423 999.000
57511.268 23.481 999.000
57516.704 23.370 999.000
57516.704 23.381 999.000
57516.704 23.385 999.000
57516.704 23.401 999.000
57516.704 23.410 999.000
57516.704 23.418 999.000
57516.704 23.454 999.000
57516.704 23.465 999.000
57516.704 23.524 999.000
57522.140 23.412 999.000
57522.140 23.423 999.000
57522.140 23.427 999.000
57522.140 23.443 999.000
57522.140 23.453 999.000
57522.140 23.460 999.000
57522.140 23.496 999.000
57522.140 23.508 999.000
57522.140 23.566 999.000
