57072.392 16.541
57072.394 16.570
57074.169 16.535
57074.177 16.524
57076.167 16.564
57078.322 16.488
57078.329 16.504
57080.517 16.499
57080.524 16.544
57083.121 16.610
57084.342 16.515
57084.357 16.471
57089.974 16.335
57089.976 16.362
57093.763 16.371
57093.764 16.380
57098.987 16.356
57102.645 16.411
57106.870 16.376
57106.872 16.395
57111.500 16.572
57111.503 16.527
57118.420 16.797
57118.422 16.785
57120.815 16.961
57120.816 16.966
57122.075 16.925
57122.075 16.917
57128.627 17.294
57128.629 17.325
57136.314 17.793
57144.466 18.150
57144.468 18.137
57151.184 18.150
57151.187 18.144
57160.628 18.179
57160.630 18.204
57172.406 18.600
57172.407 18.562
57231.400 19.194
57232.365 19.262
57232.370 19.267
57390.336 20.604
