56984.000 55.493
56984.000 55.674
56984.000 55.773
56984.000 55.862
56984.000 55.877
56984.000 55.893
56984.000 55.916
56984.000 55.980
56984.000 56.206
56989.436 55.493
56989.436 55.674
56989.436 55.773
56989.436 55.862
56989.436 55.877
56989.436 55.893
56989.436 55.916
56989.436 55.980
56989.436 56.206
56994.872 55.493
56994.872 55.674
56994.872 55.773
56994.872 55.862
56994.872 55.877
56994.872 55.893
56994.872 55.916
56994.872 55.980
56994.872 56.206
57000.307 20.502
57000.307 20.648
57000.307 20.873
57000.307 22.995
57000.307 23.102
57000.307 23.407
57000.307 23.534
57000.307 55.980
57000.307 56.206
57005.743 19.057
57005.743 19.141
57005.743 19.237
57005.743 19.798
57005.743 19.798
57005.743 19.855
57005.743 19.899
57005.743 20.336
57005.743 20.694
57011.179 18.304
57011.179 18.361
57011.179 18.416
57011.179 18.640
57011.179 18.684
57011.179 18.745
57011.179 18.755
57011.179 18.969
57011.179 19.235
57014.000 18.030
57014.000 18.078
57014.000 18.120
57014.000 18.262
57014.000 18.316
57014.000 18.374
57014.000 18.378
57014.000 18.543
57014.000 18.782
57014.070 18.024
57014.070 18.072
57014.070 18.114
57014.070 18.254
57014.070 18.308
57014.070 18.366
57014.070 18.370
57014.070 18.534
57014.070 18.772
57016.615 17.822
57016.615 17.862
57016.615 17.895
57016.615 17.984
57016.615 18.045
57016.615 18.099
57016.615 18.100
57016.615 18.235
57016.615 18.452
57022.050 17.486
57022.050 17.513
57022.050 17.531
57022.050 17.551
57022.050 17.622
57022.050 17.665
57022.050 17.667
57022.050 17.760
57022.050 17.941
57027.486 17.243
57027.486 17.247
57027.486 17.260
57027.486 17.267
57027.486 17.324
57027.486 17.358
57027.486 17.361
57027.486 17.429
57027.486 17.580
57032.922 17.028
57032.922 17.066
57032.922 17.073
57032.922 17.074
57032.922 17.110
57032.922 17.136
57032.922 17.138
57032.922 17.191
57032.922 17.316
57033.490 17.009
57033.490 17.050
57033.490 17.055
57033.490 17.057
57033.490 17.091
57033.490 17.116
57033.490 17.119
57033.490 17.170
57033.490 17.293
57038.358 16.870
57038.358 16.930
57038.358 16.937
57038.358 16.938
57038.358 16.956
57038.358 16.974
57038.358 16.977
57038.358 17.020
57038.358 17.121
57042.030 16.792
57042.030 16.858
57042.030 16.870
57042.030 16.873
57042.030 16.879
57042.030 16.892
57042.030 16.895
57042.030 16.934
57042.030 17.020
57043.793 16.761
57043.793 16.829
57043.793 16.843
57043.793 16.848
57043.793 16.849
57043.793 16.860
57043.793 16.863
57043.793 16.900
57043.793 16.979
57048.700 16.695
57048.700 16.767
57048.700 16.785
57048.700 16.786
57048.700 16.790
57048.700 16.794
57048.700 16.795
57048.700 16.828
57048.700 16.888
57049.229 16.690
57049.229 16.762
57049.229 16.779
57049.229 16.781
57049.229 16.785
57049.229 16.788
57049.229 16.790
57049.229 16.822
57049.229 16.880
57049.700 16.685
57049.700 16.758
57049.700 16.775
57049.700 16.777
57049.700 16.780
57049.700 16.783
57049.700 16.787
57049.700 16.816
57049.700 16.873
57051.470 16.670
57051.470 16.743
57051.470 16.760
57051.470 16.763
57051.470 16.764
57051.470 16.767
57051.470 16.775
57051.470 16.799
57051.470 16.850
57053.500 16.657
57053.500 16.730
57053.500 16.748
57053.500 16.748
57053.500 16.753
57053.500 16.753
57053.500 16.765
57053.500 16.784
57053.500 16.827
57054.665 16.651
57054.665 16.724
57054.665 16.741
57054.665 16.742
57054.665 16.746
57054.665 16.748
57054.665 16.761
57054.665 16.777
57054.665 16.816
57060.101 16.641
57060.101 16.712
57060.101 16.726
57060.101 16.733
57060.101 16.733
57060.101 16.740
57060.101 16.755
57060.101 16.763
57060.101 16.784
57065.536 16.657
57065.536 16.723
57065.536 16.737
57065.536 16.746
57065.536 16.749
57065.536 16.754
57065.536 16.772
57065.536 16.775
57065.536 16.779
57068.470 16.676
57068.470 16.739
57068.470 16.752
57068.470 16.763
57068.470 16.767
57068.470 16.771
57068.470 16.787
57068.470 16.790
57068.470 16.792
57068.970 16.679
57068.970 16.742
57068.970 16.756
57068.970 16.766
57068.970 16.771
57068.970 16.775
57068.970 16.790
57068.970 16.793
57068.970 16.796
57069.450 16.683
57069.450 16.746
57069.450 16.759
57069.450 16.770
57069.450 16.775
57069.450 16.778
57069.450 16.792
57069.450 16.797
57069.450 16.800
57070.972 16.697
57070.972 16.757
57070.972 16.771
57070.972 16.783
57070.972 16.788
57070.972 16.791
57070.972 16.801
57070.972 16.809
57070.972 16.813
57071.600 16.703
57071.600 16.763
57071.600 16.776
57071.600 16.789
57071.600 16.794
57071.600 16.796
57071.600 16.805
57071.600 16.815
57071.600 16.818
57072.394 16.711
57072.394 16.770
57072.394 16.784
57072.394 16.797
57072.394 16.802
57072.394 16.804
57072.394 16.811
57072.394 16.823
57072.394 16.826
57072.590 16.713
57072.590 16.772
57072.590 16.785
57072.590 16.799
57072.590 16.804
57072.590 16.806
57072.590 16.812
57072.590 16.825
57072.590 16.828
57073.880 16.727
57073.880 16.785
57073.880 16.798
57073.880 16.813
57073.880 16.818
57073.880 16.819
57073.880 16.823
57073.880 16.838
57073.880 16.842
57074.169 16.731
57074.169 16.788
57074.169 16.802
57074.169 16.816
57074.169 16.821
57074.169 16.822
57074.169 16.826
57074.169 16.841
57074.169 16.846
57074.210 16.731
57074.210 16.788
57074.210 16.802
57074.210 16.816
57074.210 16.822
57074.210 16.823
57074.210 16.826
57074.210 16.841
57074.210 16.846
57076.167 16.755
57076.167 16.810
57076.167 16.825
57076.167 16.841
57076.167 16.846
57076.167 16.846
57076.167 16.846
57076.167 16.864
57076.167 16.870
57076.408 16.759
57076.408 16.813
57076.408 16.828
57076.408 16.844
57076.408 16.848
57076.408 16.849
57076.408 16.849
57076.408 16.867
57076.408 16.874
57077.170 16.769
57077.170 16.823
57077.170 16.837
57077.170 16.854
57077.170 16.857
57077.170 16.858
57077.170 16.860
57077.170 16.877
57077.170 16.884
57077.450 16.773
57077.450 16.826
57077.450 16.841
57077.450 16.858
57077.450 16.860
57077.450 16.862
57077.450 16.864
57077.450 16.880
57077.450 16.888
57077.620 16.775
57077.620 16.829
57077.620 16.843
57077.620 16.860
57077.620 16.862
57077.620 16.864
57077.620 16.866
57077.620 16.883
57077.620 16.890
57078.322 16.786
57078.322 16.838
57078.322 16.853
57078.322 16.871
57078.322 16.871
57078.322 16.874
57078.322 16.876
57078.322 16.892
57078.322 16.901
57078.470 16.788
57078.470 16.840
57078.470 16.855
57078.470 16.873
57078.470 16.873
57078.470 16.876
57078.470 16.878
57078.470 16.894
57078.470 16.903
57078.960 16.795
57078.960 16.847
57078.960 16.862
57078.960 16.879
57078.960 16.880
57078.960 16.883
57078.960 16.886
57078.960 16.901
57078.960 16.910
57079.340 16.801
57079.340 16.852
57079.340 16.867
57079.340 16.884
57079.340 16.886
57079.340 16.888
57079.340 16.891
57079.340 16.907
57079.340 16.916
57080.080 16.813
57080.080 16.863
57080.080 16.878
57080.080 16.895
57080.080 16.898
57080.080 16.899
57080.080 16.903
57080.080 16.917
57080.080 16.928
57080.330 16.817
57080.330 16.867
57080.330 16.882
57080.330 16.898
57080.330 16.902
57080.330 16.903
57080.330 16.907
57080.330 16.921
57080.330 16.932
57080.517 16.820
57080.517 16.870
57080.517 16.885
57080.517 16.901
57080.517 16.905
57080.517 16.906
57080.517 16.910
57080.517 16.924
57080.517 16.935
57081.330 16.834
57081.330 16.882
57081.330 16.898
57081.330 16.913
57081.330 16.919
57081.330 16.919
57081.330 16.923
57081.330 16.937
57081.330 16.949
57081.500 16.836
57081.500 16.885
57081.500 16.901
57081.500 16.916
57081.500 16.922
57081.500 16.922
57081.500 16.926
57081.500 16.939
57081.500 16.952
57081.844 16.842
57081.844 16.891
57081.844 16.906
57081.844 16.921
57081.844 16.927
57081.844 16.928
57081.844 16.932
57081.844 16.945
57081.844 16.958
57082.240 16.849
57082.240 16.897
57082.240 16.913
57082.240 16.927
57082.240 16.934
57082.240 16.935
57082.240 16.939
57082.240 16.951
57082.240 16.965
57082.940 16.862
57082.940 16.909
57082.940 16.925
57082.940 16.939
57082.940 16.946
57082.940 16.947
57082.940 16.951
57082.940 16.963
57082.940 16.977
57084.240 16.886
57084.240 16.932
57084.240 16.948
57084.240 16.961
57084.240 16.969
57084.240 16.972
57084.240 16.975
57084.240 16.985
57084.240 17.002
57084.342 16.888
57084.342 16.933
57084.342 16.950
57084.342 16.963
57084.342 16.970
57084.342 16.974
57084.342 16.977
57084.342 16.987
57084.342 17.004
57085.220 16.905
57085.220 16.950
57085.220 16.966
57085.220 16.979
57085.220 16.987
57085.220 16.991
57085.220 16.994
57085.220 17.003
57085.220 17.022
57085.260 16.906
57085.260 16.950
57085.260 16.967
57085.260 16.979
57085.260 16.987
57085.260 16.992
57085.260 16.995
57085.260 17.004
57085.260 17.022
57086.010 16.921
57086.010 16.964
57086.010 16.981
57086.010 16.994
57086.010 17.002
57086.010 17.007
57086.010 17.010
57086.010 17.018
57086.010 17.038
57087.279 16.947
57087.279 16.989
57087.279 17.007
57087.279 17.019
57087.279 17.027
57087.279 17.034
57087.279 17.036
57087.279 17.042
57087.279 17.065
57089.976 17.007
57089.976 17.046
57089.976 17.064
57089.976 17.076
57089.976 17.084
57089.976 17.095
57089.976 17.096
57089.976 17.098
57089.976 17.126
57090.476 17.019
57090.476 17.057
57090.476 17.076
57090.476 17.087
57090.476 17.095
57090.476 17.107
57090.476 17.107
57090.476 17.108
57090.476 17.138
57090.970 17.030
57090.970 17.069
57090.970 17.087
57090.970 17.099
57090.970 17.106
57090.970 17.119
57090.970 17.119
57090.970 17.119
57090.970 17.150
57092.170 17.060
57092.170 17.096
57092.170 17.115
57092.170 17.127
57092.170 17.134
57092.170 17.146
57092.170 17.148
57092.170 17.149
57092.170 17.180
57092.715 17.073
57092.715 17.109
57092.715 17.129
57092.715 17.140
57092.715 17.147
57092.715 17.159
57092.715 17.161
57092.715 17.163
57092.715 17.194
57093.020 17.081
57093.020 17.117
57093.020 17.136
57093.020 17.148
57093.020 17.154
57093.020 17.166
57093.020 17.169
57093.020 17.171
57093.020 17.202
57093.764 17.100
57093.764 17.135
57093.764 17.155
57093.764 17.167
57093.764 17.173
57093.764 17.184
57093.764 17.188
57093.764 17.191
57093.764 17.222
57094.290 17.113
57094.290 17.148
57094.290 17.168
57094.290 17.180
57094.290 17.186
57094.290 17.197
57094.290 17.202
57094.290 17.205
57094.290 17.236
57094.870 17.129
57094.870 17.163
57094.870 17.183
57094.870 17.195
57094.870 17.200
57094.870 17.211
57094.870 17.217
57094.870 17.221
57094.870 17.252
57095.270 17.139
57095.270 17.173
57095.270 17.193
57095.270 17.206
57095.270 17.211
57095.270 17.221
57095.270 17.227
57095.270 17.232
57095.270 17.263
57095.470 17.145
57095.470 17.178
57095.470 17.198
57095.470 17.211
57095.470 17.216
57095.470 17.226
57095.470 17.233
57095.470 17.237
57095.470 17.269
57095.930 17.157
57095.930 17.190
57095.930 17.211
57095.930 17.224
57095.930 17.228
57095.930 17.238
57095.930 17.245
57095.930 17.250
57095.930 17.282
57097.210 17.193
57097.210 17.224
57097.210 17.245
57097.210 17.259
57097.210 17.262
57097.210 17.271
57097.210 17.281
57097.210 17.287
57097.210 17.319
57098.151 17.220
57098.151 17.250
57098.151 17.272
57098.151 17.286
57098.151 17.288
57098.151 17.296
57098.151 17.308
57098.151 17.315
57098.151 17.347
57098.210 17.221
57098.210 17.252
57098.210 17.273
57098.210 17.288
57098.210 17.290
57098.210 17.298
57098.210 17.309
57098.210 17.317
57098.210 17.348
57098.610 17.233
57098.610 17.263
57098.610 17.285
57098.610 17.299
57098.610 17.301
57098.610 17.308
57098.610 17.321
57098.610 17.329
57098.610 17.361
57098.987 17.244
57098.987 17.273
57098.987 17.296
57098.987 17.310
57098.987 17.311
57098.987 17.319
57098.987 17.332
57098.987 17.340
57098.987 17.372
57099.250 17.252
57099.250 17.281
57099.250 17.303
57099.250 17.318
57099.250 17.319
57099.250 17.326
57099.250 17.340
57099.250 17.348
57099.250 17.380
57100.984 17.304
57100.984 17.331
57100.984 17.355
57100.984 17.369
57100.984 17.371
57100.984 17.375
57100.984 17.392
57100.984 17.402
57100.984 17.435
57101.310 17.314
57101.310 17.341
57101.310 17.365
57101.310 17.379
57101.310 17.381
57101.310 17.384
57101.310 17.402
57101.310 17.413
57101.310 17.445
57102.170 17.341
57102.170 17.367
57102.170 17.391
57102.170 17.405
57102.170 17.408
57102.170 17.410
57102.170 17.429
57102.170 17.441
57102.170 17.473
57102.520 17.352
57102.520 17.378
57102.520 17.402
57102.520 17.416
57102.520 17.419
57102.520 17.420
57102.520 17.440
57102.520 17.452
57102.520 17.485
57103.400 17.380
57103.400 17.405
57103.400 17.430
57103.400 17.443
57103.400 17.447
57103.400 17.448
57103.400 17.468
57103.400 17.482
57103.400 17.515
57103.587 17.387
57103.587 17.411
57103.587 17.436
57103.587 17.449
57103.587 17.452
57103.587 17.454
57103.587 17.475
57103.587 17.488
57103.587 17.521
57103.760 17.392
57103.760 17.416
57103.760 17.441
57103.760 17.454
57103.760 17.458
57103.760 17.460
57103.760 17.480
57103.760 17.494
57103.760 17.527
57104.180 17.406
57104.180 17.430
57104.180 17.455
57104.180 17.468
57104.180 17.470
57104.180 17.474
57104.180 17.494
57104.180 17.508
57104.180 17.541
57104.430 17.414
57104.430 17.437
57104.430 17.463
57104.430 17.476
57104.430 17.478
57104.430 17.482
57104.430 17.502
57104.430 17.517
57104.430 17.550
57106.440 17.482
57106.440 17.503
57106.440 17.530
57106.440 17.541
57106.440 17.542
57106.440 17.551
57106.440 17.570
57106.440 17.587
57106.440 17.621
57106.872 17.497
57106.872 17.517
57106.872 17.545
57106.872 17.556
57106.872 17.556
57106.872 17.567
57106.872 17.585
57106.872 17.603
57106.872 17.637
57109.022 17.573
57109.022 17.591
57109.022 17.620
57109.022 17.628
57109.022 17.629
57109.022 17.644
57109.022 17.662
57109.022 17.682
57109.022 17.717
57110.160 17.614
57110.160 17.631
57110.160 17.661
57110.160 17.667
57110.160 17.670
57110.160 17.687
57110.160 17.704
57110.160 17.725
57110.160 17.760
57110.180 17.615
57110.180 17.632
57110.180 17.662
57110.180 17.668
57110.180 17.670
57110.180 17.687
57110.180 17.704
57110.180 17.726
57110.180 17.761
57110.210 17.616
57110.210 17.633
57110.210 17.663
57110.210 17.669
57110.210 17.671
57110.210 17.688
57110.210 17.705
57110.210 17.727
57110.210 17.762
57110.699 17.634
57110.699 17.651
57110.699 17.681
57110.699 17.686
57110.699 17.689
57110.699 17.707
57110.699 17.724
57110.699 17.746
57110.699 17.781
57111.503 17.664
57111.503 17.680
57111.503 17.711
57111.503 17.714
57111.503 17.718
57111.503 17.738
57111.503 17.754
57111.503 17.777
57111.503 17.813
57113.290 17.732
57113.290 17.746
57113.290 17.779
57113.290 17.779
57113.290 17.784
57113.290 17.808
57113.290 17.823
57113.290 17.848
57113.290 17.885
57114.458 17.778
57114.458 17.790
57114.458 17.822
57114.458 17.824
57114.458 17.829
57114.458 17.855
57114.458 17.869
57114.458 17.896
57114.458 17.933
57116.930 17.877
57116.930 17.887
57116.930 17.916
57116.930 17.923
57116.930 17.926
57116.930 17.957
57116.930 17.970
57116.930 18.000
57116.930 18.038
57117.250 17.890
57117.250 17.899
57117.250 17.929
57117.250 17.936
57117.250 17.938
57117.250 17.970
57117.250 17.983
57117.250 18.013
57117.250 18.051
57118.210 17.930
57118.210 17.938
57118.210 17.966
57118.210 17.976
57118.210 17.977
57118.210 18.011
57118.210 18.023
57118.210 18.055
57118.210 18.093
57118.422 17.939
57118.422 17.947
57118.422 17.975
57118.422 17.985
57118.422 17.986
57118.422 18.020
57118.422 18.032
57118.422 18.064
57118.422 18.103
57119.894 18.001
57119.894 18.007
57119.894 18.034
57119.894 18.046
57119.894 18.047
57119.894 18.084
57119.894 18.095
57119.894 18.129
57119.894 18.169
57120.150 18.012
57120.150 18.018
57120.150 18.044
57120.150 18.057
57120.150 18.058
57120.150 18.095
57120.150 18.106
57120.150 18.140
57120.150 18.180
57120.210 18.015
57120.210 18.020
57120.210 18.047
57120.210 18.060
57120.210 18.060
57120.210 18.098
57120.210 18.109
57120.210 18.143
57120.210 18.183
57120.450 18.025
57120.450 18.030
57120.450 18.057
57120.450 18.070
57120.450 18.071
57120.450 18.109
57120.450 18.119
57120.450 18.154
57120.450 18.194
57120.816 18.041
57120.816 18.046
57120.816 18.072
57120.816 18.085
57120.816 18.086
57120.816 18.125
57120.816 18.135
57120.816 18.170
57120.816 18.210
57122.075 18.095
57122.075 18.099
57122.075 18.124
57122.075 18.139
57122.075 18.141
57122.075 18.181
57122.075 18.191
57122.075 18.227
57122.075 18.268
57122.130 18.098
57122.130 18.101
57122.130 18.126
57122.130 18.141
57122.130 18.143
57122.130 18.184
57122.130 18.193
57122.130 18.230
57122.130 18.271
57122.785 18.126
57122.785 18.129
57122.785 18.154
57122.785 18.169
57122.785 18.172
57122.785 18.214
57122.785 18.223
57122.785 18.260
57122.785 18.302
57122.850 18.129
57122.850 18.132
57122.850 18.157
57122.850 18.172
57122.850 18.175
57122.850 18.217
57122.850 18.226
57122.850 18.263
57122.850 18.305
57123.870 18.175
57123.870 18.176
57123.870 18.200
57123.870 18.217
57123.870 18.221
57123.870 18.263
57123.870 18.272
57123.870 18.310
57123.870 18.353
57125.330 18.241
57125.330 18.241
57125.330 18.263
57125.330 18.281
57125.330 18.287
57125.330 18.331
57125.330 18.339
57125.330 18.379
57125.330 18.423
57126.180 18.279
57126.180 18.279
57126.180 18.301
57126.180 18.320
57126.180 18.326
57126.180 18.372
57126.180 18.379
57126.180 18.420
57126.180 18.464
57127.720 18.348
57127.720 18.351
57127.720 18.370
57127.720 18.390
57127.720 18.398
57127.720 18.445
57127.720 18.452
57127.720 18.495
57127.720 18.540
57128.160 18.368
57128.160 18.371
57128.160 18.389
57128.160 18.410
57128.160 18.418
57128.160 18.467
57128.160 18.473
57128.160 18.516
57128.160 18.562
57128.629 18.390
57128.629 18.394
57128.629 18.411
57128.629 18.432
57128.629 18.440
57128.629 18.490
57128.629 18.496
57128.629 18.539
57128.629 18.585
57129.940 18.451
57129.940 18.456
57129.940 18.471
57129.940 18.493
57129.940 18.503
57129.940 18.554
57129.940 18.559
57129.940 18.605
57129.940 18.652
57130.765 18.490
57130.765 18.495
57130.765 18.509
57130.765 18.532
57130.765 18.543
57130.765 18.595
57130.765 18.600
57130.765 18.646
57130.765 18.694
57131.527 18.526
57131.527 18.532
57131.527 18.545
57131.527 18.569
57131.527 18.580
57131.527 18.633
57131.527 18.638
57131.527 18.685
57131.527 18.733
57131.710 18.534
57131.710 18.541
57131.710 18.553
57131.710 18.577
57131.710 18.589
57131.710 18.642
57131.710 18.647
57131.710 18.694
57131.710 18.743
57132.930 18.593
57132.930 18.601
57132.930 18.611
57132.930 18.636
57132.930 18.649
57132.930 18.704
57132.930 18.708
57132.930 18.756
57132.930 18.806
57134.240 18.656
57134.240 18.666
57134.240 18.674
57134.240 18.701
57134.240 18.715
57134.240 18.771
57134.240 18.775
57134.240 18.824
57134.240 18.875
57134.860 18.687
57134.860 18.697
57134.860 18.704
57134.860 18.731
57134.860 18.746
57134.860 18.803
57134.860 18.807
57134.860 18.857
57134.860 18.908
57135.440 18.715
57135.440 18.726
57135.440 18.733
57135.440 18.760
57135.440 18.775
57135.440 18.833
57135.440 18.837
57135.440 18.887
57135.440 18.940
57135.940 18.740
57135.940 18.751
57135.940 18.757
57135.940 18.785
57135.940 18.801
57135.940 18.859
57135.940 18.863
57135.940 18.914
57135.940 18.966
57136.201 18.753
57136.201 18.764
57136.201 18.770
57136.201 18.798
57136.201 18.814
57136.201 18.873
57136.201 18.876
57136.201 18.928
57136.201 18.981
57136.314 18.759
57136.314 18.770
57136.314 18.776
57136.314 18.804
57136.314 18.820
57136.314 18.879
57136.314 18.882
57136.314 18.934
57136.314 18.987
57137.210 18.803
57137.210 18.815
57137.210 18.820
57137.210 18.849
57137.210 18.866
57137.210 18.926
57137.210 18.929
57137.210 18.981
57137.210 19.035
57137.270 18.806
57137.270 18.818
57137.270 18.823
57137.270 18.852
57137.270 18.869
57137.270 18.929
57137.270 18.933
57137.270 18.984
57137.270 19.039
57138.860 18.886
57138.860 18.900
57138.860 18.903
57138.860 18.933
57138.860 18.952
57138.860 19.014
57138.860 19.017
57138.860 19.070
57138.860 19.126
57138.880 18.887
57138.880 18.901
57138.880 18.904
57138.880 18.934
57138.880 18.953
57138.880 19.015
57138.880 19.018
57138.880 19.071
57138.880 19.127
57139.210 18.904
57139.210 18.918
57139.210 18.921
57139.210 18.951
57139.210 18.970
57139.210 19.032
57139.210 19.036
57139.210 19.089
57139.210 19.145
57140.100 18.950
57140.100 18.964
57140.100 18.966
57140.100 18.998
57140.100 19.017
57140.100 19.080
57140.100 19.084
57140.100 19.138
57140.100 19.195
57141.170 19.005
57141.170 19.020
57141.170 19.021
57141.170 19.053
57141.170 19.074
57141.170 19.138
57141.170 19.142
57141.170 19.196
57141.170 19.255
57141.637 19.029
57141.637 19.045
57141.637 19.046
57141.637 19.078
57141.637 19.098
57141.637 19.164
57141.637 19.167
57141.637 19.222
57141.637 19.281
57144.468 19.177
57144.468 19.194
57144.468 19.195
57144.468 19.229
57144.468 19.251
57144.468 19.320
57144.468 19.324
57144.468 19.335
57144.468 19.396
57144.710 19.190
57144.710 19.207
57144.710 19.208
57144.710 19.242
57144.710 19.265
57144.710 19.333
57144.710 19.337
57144.710 19.340
57144.710 19.401
57144.890 19.200
57144.890 19.217
57144.890 19.218
57144.890 19.251
57144.890 19.274
57144.890 19.343
57144.890 19.343
57144.890 19.347
57144.890 19.404
57147.073 19.263
57147.073 19.323
57147.073 19.334
57147.073 19.336
57147.073 19.364
57147.073 19.384
57147.073 19.387
57147.073 19.435
57147.073 19.444
57148.310 19.287
57148.310 19.345
57148.310 19.359
57148.310 19.387
57148.310 19.404
57148.310 19.407
57148.310 19.410
57148.310 19.457
57148.310 19.467
57150.030 19.320
57150.030 19.377
57150.030 19.390
57150.030 19.420
57150.030 19.439
57150.030 19.442
57150.030 19.444
57150.030 19.489
57150.030 19.499
57150.960 19.337
57150.960 19.394
57150.960 19.407
57150.960 19.438
57150.960 19.456
57150.960 19.459
57150.960 19.462
57150.960 19.506
57150.960 19.517
57151.187 19.342
57151.187 19.398
57151.187 19.411
57151.187 19.442
57151.187 19.461
57151.187 19.463
57151.187 19.467
57151.187 19.510
57151.187 19.521
57152.160 19.360
57152.160 19.416
57152.160 19.429
57152.160 19.461
57152.160 19.479
57152.160 19.481
57152.160 19.486
57152.160 19.528
57152.160 19.539
57152.508 19.367
57152.508 19.423
57152.508 19.435
57152.508 19.467
57152.508 19.485
57152.508 19.488
57152.508 19.493
57152.508 19.534
57152.508 19.546
57155.150 19.418
57155.150 19.472
57155.150 19.484
57155.150 19.518
57155.150 19.535
57155.150 19.537
57155.150 19.544
57155.150 19.583
57155.150 19.595
57155.760 19.430
57155.760 19.483
57155.760 19.495
57155.760 19.529
57155.760 19.547
57155.760 19.548
57155.760 19.556
57155.760 19.594
57155.760 19.607
57157.944 19.472
57157.944 19.524
57157.944 19.535
57157.944 19.571
57157.944 19.588
57157.944 19.589
57157.944 19.599
57157.944 19.635
57157.944 19.648
57158.800 19.489
57158.800 19.540
57158.800 19.551
57158.800 19.587
57158.800 19.604
57158.800 19.605
57158.800 19.616
57158.800 19.650
57158.800 19.664
57160.050 19.513
57160.050 19.563
57160.050 19.575
57160.050 19.611
57160.050 19.627
57160.050 19.628
57160.050 19.640
57160.050 19.673
57160.050 19.687
57160.630 19.524
57160.630 19.574
57160.630 19.586
57160.630 19.622
57160.630 19.638
57160.630 19.639
57160.630 19.652
57160.630 19.684
57160.630 19.698
57161.010 19.531
57161.010 19.581
57161.010 19.593
57161.010 19.630
57161.010 19.646
57161.010 19.646
57161.010 19.659
57161.010 19.691
57161.010 19.706
57161.700 19.544
57161.700 19.594
57161.700 19.605
57161.700 19.643
57161.700 19.659
57161.700 19.659
57161.700 19.673
57161.700 19.704
57161.700 19.719
57162.730 19.564
57162.730 19.613
57162.730 19.625
57162.730 19.663
57162.730 19.678
57162.730 19.679
57162.730 19.693
57162.730 19.723
57162.730 19.738
57162.900 19.568
57162.900 19.616
57162.900 19.628
57162.900 19.666
57162.900 19.681
57162.900 19.682
57162.900 19.696
57162.900 19.726
57162.900 19.741
57163.380 19.577
57163.380 19.625
57163.380 19.637
57163.380 19.675
57163.380 19.690
57163.380 19.691
57163.380 19.705
57163.380 19.735
57163.380 19.750
57166.353 19.634
57166.353 19.681
57166.353 19.693
57166.353 19.732
57166.353 19.746
57166.353 19.747
57166.353 19.763
57166.353 19.789
57166.353 19.806
57166.920 19.645
57166.920 19.692
57166.920 19.703
57166.920 19.742
57166.920 19.757
57166.920 19.757
57166.920 19.774
57166.920 19.800
57166.920 19.817
57168.816 19.681
57168.816 19.727
57168.816 19.739
57168.816 19.778
57168.816 19.792
57168.816 19.793
57168.816 19.810
57168.816 19.834
57168.816 19.852
57171.900 19.740
57171.900 19.785
57171.900 19.797
57171.900 19.837
57171.900 19.849
57171.900 19.850
57171.900 19.869
57171.900 19.890
57171.900 19.910
57172.407 19.750
57172.407 19.794
57172.407 19.806
57172.407 19.846
57172.407 19.859
57172.407 19.860
57172.407 19.879
57172.407 19.900
57172.407 19.919
57173.380 19.768
57173.380 19.812
57173.380 19.824
57173.380 19.865
57173.380 19.877
57173.380 19.878
57173.380 19.897
57173.380 19.917
57173.380 19.937
57174.252 19.785
57174.252 19.829
57174.252 19.841
57174.252 19.881
57174.252 19.893
57174.252 19.894
57174.252 19.914
57174.252 19.933
57174.252 19.953
57175.020 19.799
57175.020 19.843
57175.020 19.855
57175.020 19.895
57175.020 19.907
57175.020 19.908
57175.020 19.928
57175.020 19.947
57175.020 19.968
57176.950 19.836
57176.950 19.879
57176.950 19.891
57176.950 19.932
57176.950 19.943
57176.950 19.944
57176.950 19.965
57176.950 19.982
57176.950 20.003
57178.110 19.857
57178.110 19.900
57178.110 19.912
57178.110 19.953
57178.110 19.964
57178.110 19.965
57178.110 19.986
57178.110 20.002
57178.110 20.025
57179.110 19.876
57179.110 19.919
57179.110 19.931
57179.110 19.972
57179.110 19.982
57179.110 19.984
57179.110 20.005
57179.110 20.020
57179.110 20.043
57179.687 19.887
57179.687 19.929
57179.687 19.942
57179.687 19.982
57179.687 19.993
57179.687 19.994
57179.687 20.016
57179.687 20.030
57179.687 20.054
57182.120 19.932
57182.120 19.974
57182.120 19.987
57182.120 20.027
57182.120 20.037
57182.120 20.039
57182.120 20.061
57182.120 20.074
57182.120 20.098
57183.020 19.949
57183.020 19.990
57183.020 20.003
57183.020 20.044
57183.020 20.053
57183.020 20.055
57183.020 20.077
57183.020 20.090
57183.020 20.114
57184.030 19.967
57184.030 20.009
57184.030 20.022
57184.030 20.062
57184.030 20.071
57184.030 20.074
57184.030 20.096
57184.030 20.107
57184.030 20.133
57184.960 19.985
57184.960 20.026
57184.960 20.039
57184.960 20.079
57184.960 20.088
57184.960 20.091
57184.960 20.113
57184.960 20.124
57184.960 20.149
57185.020 19.986
57185.020 20.027
57185.020 20.040
57185.020 20.081
57185.020 20.089
57185.020 20.092
57185.020 20.114
57185.020 20.125
57185.020 20.150
57185.123 19.988
57185.123 20.029
57185.123 20.042
57185.123 20.082
57185.123 20.091
57185.123 20.094
57185.123 20.116
57185.123 20.127
57185.123 20.152
57185.212 19.989
57185.212 20.030
57185.212 20.044
57185.212 20.084
57185.212 20.093
57185.212 20.095
57185.212 20.118
57185.212 20.128
57185.212 20.154
57186.770 20.018
57186.770 20.059
57186.770 20.072
57186.770 20.112
57186.770 20.120
57186.770 20.123
57186.770 20.146
57186.770 20.155
57186.770 20.182
57190.559 20.087
57190.559 20.127
57190.559 20.141
57190.559 20.181
57190.559 20.188
57190.559 20.191
57190.559 20.214
57190.559 20.221
57190.559 20.250
57192.710 20.125
57192.710 20.165
57192.710 20.180
57192.710 20.219
57192.710 20.225
57192.710 20.230
57192.710 20.253
57192.710 20.258
57192.710 20.288
57195.995 20.184
57195.995 20.224
57195.995 20.239
57195.995 20.277
57195.995 20.283
57195.995 20.287
57195.995 20.311
57195.995 20.314
57195.995 20.345
57199.060 20.238
57199.060 20.277
57199.060 20.294
57199.060 20.331
57199.060 20.335
57199.060 20.341
57199.060 20.364
57199.060 20.366
57199.060 20.398
57199.380 20.244
57199.380 20.283
57199.380 20.299
57199.380 20.336
57199.380 20.341
57199.380 20.346
57199.380 20.370
57199.380 20.371
57199.380 20.404
57201.430 20.279
57201.430 20.319
57201.430 20.336
57201.430 20.372
57201.430 20.376
57201.430 20.382
57201.430 20.405
57201.430 20.406
57201.430 20.439
57205.700 20.353
57205.700 20.392
57205.700 20.410
57205.700 20.445
57205.700 20.448
57205.700 20.455
57205.700 20.476
57205.700 20.478
57205.700 20.511
57206.340 20.364
57206.340 20.403
57206.340 20.421
57206.340 20.456
57206.340 20.459
57206.340 20.466
57206.340 20.487
57206.340 20.489
57206.340 20.522
57206.833 20.372
57206.833 20.411
57206.833 20.430
57206.833 20.464
57206.833 20.467
57206.833 20.474
57206.833 20.495
57206.833 20.497
57206.833 20.530
57206.866 20.373
57206.866 20.412
57206.866 20.430
57206.866 20.465
57206.866 20.467
57206.866 20.475
57206.866 20.495
57206.866 20.498
57206.866 20.531
57210.040 20.427
57210.040 20.466
57210.040 20.485
57210.040 20.518
57210.040 20.520
57210.040 20.528
57210.040 20.547
57210.040 20.551
57210.040 20.584
57212.302 20.465
57212.302 20.504
57212.302 20.523
57212.302 20.556
57212.302 20.557
57212.302 20.566
57212.302 20.584
57212.302 20.588
57212.302 20.621
57212.390 20.466
57212.390 20.505
57212.390 20.525
57212.390 20.557
57212.390 20.558
57212.390 20.567
57212.390 20.585
57212.390 20.590
57212.390 20.623
57217.730 20.554
57217.730 20.593
57217.730 20.614
57217.730 20.645
57217.730 20.645
57217.730 20.654
57217.730 20.670
57217.730 20.677
57217.730 20.710
57217.738 20.554
57217.738 20.593
57217.738 20.614
57217.738 20.645
57217.738 20.645
57217.738 20.655
57217.738 20.670
57217.738 20.677
57217.738 20.710
57221.000 20.607
57221.000 20.646
57221.000 20.668
57221.000 20.697
57221.000 20.698
57221.000 20.707
57221.000 20.721
57221.000 20.729
57221.000 20.762
57223.173 20.642
57223.173 20.681
57223.173 20.704
57223.173 20.731
57223.173 20.732
57223.173 20.742
57223.173 20.755
57223.173 20.764
57223.173 20.797
57228.609 20.729
57228.609 20.767
57228.609 20.791
57228.609 20.816
57228.609 20.818
57228.609 20.828
57228.609 20.838
57228.609 20.849
57228.609 20.882
57230.350 20.756
57230.350 20.795
57230.350 20.819
57230.350 20.843
57230.350 20.845
57230.350 20.855
57230.350 20.864
57230.350 20.876
57230.350 20.909
57232.370 20.787
57232.370 20.826
57232.370 20.850
57232.370 20.873
57232.370 20.876
57232.370 20.886
57232.370 20.895
57232.370 20.907
57232.370 20.940
57234.045 20.813
57234.045 20.852
57234.045 20.877
57234.045 20.899
57234.045 20.902
57234.045 20.912
57234.045 20.920
57234.045 20.933
57234.045 20.965
57236.710 20.854
57236.710 20.893
57236.710 20.918
57236.710 20.939
57236.710 20.943
57236.710 20.952
57236.710 20.960
57236.710 20.974
57236.710 21.006
57239.481 20.896
57239.481 20.935
57239.481 20.961
57239.481 20.980
57239.481 20.985
57239.481 20.994
57239.481 21.000
57239.481 21.015
57239.481 21.047
57244.916 20.977
57244.916 21.016
57244.916 21.043
57244.916 21.061
57244.916 21.066
57244.916 21.075
57244.916 21.079
57244.916 21.096
57244.916 21.128
57250.352 21.057
57250.352 21.096
57250.352 21.124
57250.352 21.139
57250.352 21.145
57250.352 21.154
57250.352 21.157
57250.352 21.175
57250.352 21.207
57255.788 21.135
57255.788 21.174
57255.788 21.203
57255.788 21.217
57255.788 21.223
57255.788 21.232
57255.788 21.233
57255.788 21.253
57255.788 21.285
57261.224 21.212
57261.224 21.251
57261.224 21.281
57261.224 21.293
57261.224 21.300
57261.224 21.308
57261.224 21.309
57261.224 21.330
57261.224 21.361
57266.659 21.288
57266.659 21.327
57266.659 21.357
57266.659 21.367
57266.659 21.376
57266.659 21.382
57266.659 21.385
57266.659 21.405
57266.659 21.436
57272.095 21.362
57272.095 21.401
57272.095 21.432
57272.095 21.441
57272.095 21.450
57272.095 21.455
57272.095 21.459
57272.095 21.480
57272.095 21.510
57277.531 21.436
57277.531 21.474
57277.531 21.506
57277.531 21.513
57277.531 21.523
57277.531 21.526
57277.531 21.532
57277.531 21.553
57277.531 21.583
57282.967 21.508
57282.967 21.546
57282.967 21.578
57282.967 21.585
57282.967 21.595
57282.967 21.597
57282.967 21.603
57282.967 21.625
57282.967 21.655
57288.402 21.578
57288.402 21.616
57288.402 21.650
57288.402 21.655
57288.402 21.666
57288.402 21.666
57288.402 21.674
57288.402 21.695
57288.402 21.725
57293.838 21.648
57293.838 21.686
57293.838 21.720
57293.838 21.724
57293.838 21.735
57293.838 21.735
57293.838 21.744
57293.838 21.765
57293.838 21.795
57299.274 21.717
57299.274 21.755
57299.274 21.789
57299.274 21.792
57299.274 21.802
57299.274 21.804
57299.274 21.812
57299.274 21.834
57299.274 21.863
57304.710 21.784
57304.710 21.822
57304.710 21.857
57304.710 21.859
57304.710 21.868
57304.710 21.872
57304.710 21.880
57304.710 21.902
57304.710 21.931
57310.145 21.851
57310.145 21.888
57310.145 21.923
57310.145 21.925
57310.145 21.934
57310.145 21.938
57310.145 21.946
57310.145 21.968
57310.145 21.997
57315.581 21.917
57315.581 21.954
57315.581 21.989
57315.581 21.990
57315.581 21.998
57315.581 22.004
57315.581 22.012
57315.581 22.034
57315.581 22.062
57321.017 21.982
57321.017 22.018
57321.017 22.054
57321.017 22.055
57321.017 22.062
57321.017 22.069
57321.017 22.076
57321.017 22.099
57321.017 22.127
57326.453 22.045
57326.453 22.082
57326.453 22.118
57326.453 22.118
57326.453 22.125
57326.453 22.133
57326.453 22.140
57326.453 22.163
57326.453 22.191
57330.722 22.095
57330.722 22.131
57330.722 22.167
57330.722 22.168
57330.722 22.173
57330.722 22.182
57330.722 22.189
57330.722 22.213
57330.722 22.240
57331.888 22.108
57331.888 22.145
57331.888 22.180
57331.888 22.181
57331.888 22.186
57331.888 22.196
57331.888 22.203
57331.888 22.226
57331.888 22.254
57335.787 22.153
57335.787 22.189
57335.787 22.225
57335.787 22.226
57335.787 22.230
57335.787 22.240
57335.787 22.247
57335.787 22.271
57335.787 22.298
57337.324 22.170
57337.324 22.207
57337.324 22.242
57337.324 22.244
57337.324 22.247
57337.324 22.258
57337.324 22.265
57337.324 22.288
57337.324 22.315
57342.760 22.232
57342.760 22.268
57342.760 22.303
57342.760 22.305
57342.760 22.308
57342.760 22.319
57342.760 22.326
57342.760 22.350
57342.760 22.377
57348.196 22.292
57348.196 22.328
57348.196 22.363
57348.196 22.366
57348.196 22.367
57348.196 22.380
57348.196 22.386
57348.196 22.410
57348.196 22.437
57353.632 22.351
57353.632 22.387
57353.632 22.422
57353.632 22.425
57353.632 22.426
57353.632 22.439
57353.632 22.446
57353.632 22.470
57353.632 22.496
57359.067 22.410
57359.067 22.446
57359.067 22.481
57359.067 22.484
57359.067 22.484
57359.067 22.498
57359.067 22.505
57359.067 22.529
57359.067 22.555
57364.503 22.468
57364.503 22.504
57364.503 22.538
57364.503 22.541
57364.503 22.542
57364.503 22.556
57364.503 22.563
57364.503 22.588
57364.503 22.613
57369.939 22.526
57369.939 22.561
57369.939 22.595
57369.939 22.597
57369.939 22.600
57369.939 22.614
57369.939 22.620
57369.939 22.645
57369.939 22.670
57373.330 22.561
57373.330 22.596
57373.330 22.631
57373.330 22.632
57373.330 22.635
57373.330 22.649
57373.330 22.655
57373.330 22.681
57373.330 22.706
57375.375 22.582
57375.375 22.617
57375.375 22.652
57375.375 22.653
57375.375 22.657
57375.375 22.670
57375.375 22.677
57375.375 22.702
57375.375 22.727
57378.080 22.610
57378.080 22.645
57378.080 22.680
57378.080 22.680
57378.080 22.684
57378.080 22.698
57378.080 22.705
57378.080 22.730
57378.080 22.755
57379.200 22.622
57379.200 22.657
57379.200 22.691
57379.200 22.692
57379.200 22.696
57379.200 22.710
57379.200 22.716
57379.200 22.742
57379.200 22.766
57380.810 22.638
57380.810 22.673
57380.810 22.707
57380.810 22.708
57380.810 22.713
57380.810 22.726
57380.810 22.733
57380.810 22.758
57380.810 22.783
57386.246 22.693
57386.246 22.728
57386.246 22.762
57386.246 22.762
57386.246 22.768
57386.246 22.782
57386.246 22.788
57386.246 22.814
57386.246 22.838
57391.682 22.748
57391.682 22.783
57391.682 22.816
57391.682 22.817
57391.682 22.822
57391.682 22.836
57391.682 22.842
57391.682 22.869
57391.682 22.893
57397.118 22.802
57397.118 22.836
57397.118 22.869
57397.118 22.870
57397.118 22.876
57397.118 22.890
57397.118 22.896
57397.118 22.923
57397.118 22.946
57401.580 22.845
57401.580 22.880
57401.580 22.912
57401.580 22.914
57401.580 22.920
57401.580 22.934
57401.580 22.940
57401.580 22.967
57401.580 22.990
57402.553 22.855
57402.553 22.889
57402.553 22.922
57402.553 22.923
57402.553 22.930
57402.553 22.944
57402.553 22.950
57402.553 22.976
57402.553 23.000
57403.500 22.864
57403.500 22.898
57403.500 22.931
57403.500 22.932
57403.500 22.939
57403.500 22.953
57403.500 22.959
57403.500 22.986
57403.500 23.009
57404.300 22.872
57404.300 22.906
57404.300 22.938
57404.300 22.940
57404.300 22.947
57404.300 22.961
57404.300 22.967
57404.300 22.993
57404.300 23.017
57407.989 22.908
57407.989 22.942
57407.989 22.974
57407.989 22.976
57407.989 22.982
57407.989 22.996
57407.989 23.002
57407.989 23.029
57407.989 23.052
57409.470 22.922
57409.470 22.956
57409.470 22.988
57409.470 22.990
57409.470 22.997
57409.470 23.011
57409.470 23.016
57409.470 23.043
57409.470 23.066
57413.425 22.960
57413.425 22.994
57413.425 23.025
57413.425 23.027
57413.425 23.034
57413.425 23.049
57413.425 23.054
57413.425 23.081
57413.425 23.104
57418.861 23.011
57418.861 23.045
57418.861 23.076
57418.861 23.079
57418.861 23.086
57418.861 23.100
57418.861 23.106
57418.861 23.133
57418.861 23.156
57423.220 23.052
57423.220 23.086
57423.220 23.116
57423.220 23.119
57423.220 23.127
57423.220 23.141
57423.220 23.147
57423.220 23.174
57423.220 23.196
57423.520 23.055
57423.520 23.088
57423.520 23.119
57423.520 23.122
57423.520 23.130
57423.520 23.144
57423.520 23.149
57423.520 23.177
57423.520 23.199
57424.296 23.062
57424.296 23.096
57424.296 23.126
57424.296 23.129
57424.296 23.137
57424.296 23.151
57424.296 23.157
57424.296 23.184
57424.296 23.206
57425.630 23.074
57425.630 23.108
57425.630 23.138
57425.630 23.142
57425.630 23.149
57425.630 23.163
57425.630 23.169
57425.630 23.197
57425.630 23.219
57429.732 23.112
57429.732 23.146
57429.732 23.175
57429.732 23.179
57429.732 23.187
57429.732 23.201
57429.732 23.207
57429.732 23.235
57429.732 23.257
57433.210 23.144
57433.210 23.177
57433.210 23.207
57433.210 23.211
57433.210 23.219
57433.210 23.233
57433.210 23.239
57433.210 23.267
57433.210 23.289
57433.550 23.147
57433.550 23.181
57433.550 23.210
57433.550 23.214
57433.550 23.222
57433.550 23.236
57433.550 23.242
57433.550 23.270
57433.550 23.292
57435.168 23.162
57435.168 23.195
57435.168 23.224
57435.168 23.229
57435.168 23.237
57435.168 23.251
57435.168 23.257
57435.168 23.285
57435.168 23.306
57437.720 23.185
57437.720 23.218
57437.720 23.247
57437.720 23.252
57437.720 23.260
57437.720 23.274
57437.720 23.280
57437.720 23.308
57437.720 23.330
57440.604 23.211
57440.604 23.244
57440.604 23.273
57440.604 23.278
57440.604 23.286
57440.604 23.300
57440.604 23.306
57440.604 23.334
57440.604 23.356
57444.240 23.243
57444.240 23.277
57444.240 23.305
57444.240 23.310
57444.240 23.319
57444.240 23.333
57444.240 23.338
57444.240 23.367
57444.240 23.388
57446.039 23.259
57446.039 23.293
57446.039 23.321
57446.039 23.326
57446.039 23.335
57446.039 23.349
57446.039 23.354
57446.039 23.383
57446.039 23.404
57450.520 23.299
57450.520 23.332
57450.520 23.360
57450.520 23.366
57450.520 23.375
57450.520 23.389
57450.520 23.394
57450.520 23.423
57450.520 23.444
57451.475 23.307
57451.475 23.341
57451.475 23.368
57451.475 23.374
57451.475 23.383
57451.475 23.397
57451.475 23.403
57451.475 23.431
57451.475 23.452
57456.270 23.349
57456.270 23.382
57456.270 23.410
57456.270 23.416
57456.270 23.425
57456.270 23.439
57456.270 23.445
57456.270 23.474
57456.270 23.494
57456.911 23.355
57456.911 23.388
57456.911 23.415
57456.911 23.421
57456.911 23.431
57456.911 23.445
57456.911 23.450
57456.911 23.479
57456.911 23.500
57458.570 23.369
57458.570 23.402
57458.570 23.429
57458.570 23.436
57458.570 23.445
57458.570 23.460
57458.570 23.465
57458.570 23.494
57458.570 23.514
57462.347 23.402
57462.347 23.435
57462.347 23.462
57462.347 23.468
57462.347 23.478
57462.347 23.492
57462.347 23.497
57462.347 23.527
57462.347 23.547
57465.530 23.429
57465.530 23.462
57465.530 23.489
57465.530 23.495
57465.530 23.505
57465.530 23.520
57465.530 23.525
57465.530 23.554
57465.530 23.574
57467.782 23.449
57467.782 23.481
57467.782 23.507
57467.782 23.515
57467.782 23.524
57467.782 23.539
57467.782 23.544
57467.782 23.573
57467.782 23.594
57473.218 23.495
57473.218 23.527
57473.218 23.553
57473.218 23.561
57473.218 23.570
57473.218 23.585
57473.218 23.590
57473.218 23.620
57473.218 23.640
57478.654 23.540
57478.654 23.573
57478.654 23.598
57478.654 23.606
57478.654 23.616
57478.654 23.631
57478.654 23.636
57478.654 23.666
57478.654 23.685
57484.090 23.585
57484.090 23.618
57484.090 23.643
57484.090 23.651
57484.090 23.661
57484.090 23.676
57484.090 23.681
57484.090 23.711
57484.090 23.730
57488.150 23.619
57488.150 23.651
57488.150 23.676
57488.150 23.684
57488.150 23.695
57488.150 23.710
57488.150 23.714
57488.150 23.745
57488.150 23.764
57489.525 23.630
57489.525 23.662
57489.525 23.687
57489.525 23.696
57489.525 23.706
57489.525 23.721
57489.525 23.726
57489.525 23.756
57489.525 23.775
57492.140 23.651
57492.140 23.684
57492.140 23.708
57492.140 23.717
57492.140 23.727
57492.140 23.742
57492.140 23.747
57492.140 23.777
57492.140 23.796
57494.961 23.674
57494.961 23.707
57494.961 23.730
57494.961 23.740
57494.961 23.750
57494.961 23.765
57494.961 23.770
57494.961 23.800
57494.961 23.819
57500.397 23.718
57500.397 23.750
57500.397 23.774
57500.397 23.783
57500.397 23.794
57500.397 23.809
57500.397 23.814
57500.397 23.845
57500.397 23.863
57505.833 23.761
57505.833 23.794
57505.833 23.817
57505.833 23.827
57505.833 23.838
57505.833 23.853
57505.833 23.857
57505.833 23.888
57505.833 23.907
57511.268 23.804
57511.268 23.836
57511.268 23.859
57511.268 23.869
57511.268 23.881
57511.268 23.896
57511.268 23.900
57511.268 23.931
57511.268 23.950
57516.704 23.847
57516.704 23.879
57516.704 23.901
57516.704 23.912
57516.704 23.923
57516.704 23.938
57516.704 23.943
57516.704 23.974
57516.704 23.992
57522.140 23.889
57522.140 23.921
57522.140 23.943
57522.140 23.954
57522.140 23.965
57522.140 23.981
57522.140 23.985
57522.140 24.017
57522.140 24.034
