57092.170 16.430
57110.180 16.390
57122.130 16.510
57140.100 16.560
57171.900 16.950
57205.700 17.190
57379.200 18.880
57404.300 18.990
57433.210 19.530
57492.140 20.200
56984.000 52.422
56984.000 52.422
56984.000 52.765
56984.000 52.765
56984.000 52.785
56984.000 52.785
56984.000 52.896
56984.000 52.896
56984.000 52.915
56984.000 52.915
56984.000 52.942
56984.000 52.942
56984.000 52.947
56984.000 52.947
56984.000 52.971
56984.000 52.971
56984.000 53.170
56984.000 53.170
56989.436 52.422
56989.436 52.422
56989.436 52.765
56989.436 52.765
56989.436 52.785
56989.436 52.785
56989.436 52.896
56989.436 52.896
56989.436 52.915
56989.436 52.915
56989.436 52.942
56989.436 52.942
56989.436 52.947
56989.436 52.947
56989.436 52.971
56989.436 52.971
56989.436 53.170
56989.436 53.170
56994.872 52.422
56994.872 52.422
56994.872 52.765
56994.872 52.765
56994.872 52.785
56994.872 52.785
56994.872 52.896
56994.872 52.896
56994.872 52.915
56994.872 52.915
56994.872 52.942
56994.872 52.942
56994.872 52.947
56994.872 52.947
56994.872 52.971
56994.872 52.971
56994.872 53.170
56994.872 53.170
57000.307 22.109
57000.307 22.109
57000.307 22.197
57000.307 22.197
57000.307 22.298
57000.307 22.298
57000.307 24.529
57000.307 24.529
57000.307 24.769
57000.307 24.769
57000.307 24.937
57000.307 24.937
57000.307 25.075
57000.307 25.075
57000.307 52.942
57000.307 52.942
57000.307 53.170
57000.307 53.170
57005.743 20.566
57005.743 20.566
57005.743 20.578
57005.743 20.578
57005.743 20.599
57005.743 20.599
57005.743 21.250
57005.743 21.250
57005.743 21.304
57005.743 21.304
57005.743 21.339
57005.743 21.339
57005.743 21.367
57005.743 21.367
57005.743 21.838
57005.743 21.838
57005.743 22.088
57005.743 22.088
57011.179 19.674
57011.179 19.674
57011.179 19.715
57011.179 19.715
57011.179 19.728
57011.179 19.728
57011.179 20.004
57011.179 20.004
57011.179 20.107
57011.179 20.107
57011.179 20.108
57011.179 20.108
57011.179 20.156
57011.179 20.156
57011.179 20.379
57011.179 20.379
57011.179 20.556
57011.179 20.556
57014.000 19.334
57014.000 19.334
57014.000 19.391
57014.000 19.391
57014.000 19.397
57014.000 19.397
57014.000 19.580
57014.000 19.580
57014.000 19.683
57014.000 19.683
57014.000 19.691
57014.000 19.691
57014.000 19.737
57014.000 19.737
57014.000 19.905
57014.000 19.905
57014.000 20.064
57014.000 20.064
57014.070 19.326
57014.070 19.326
57014.070 19.383
57014.070 19.383
57014.070 19.390
57014.070 19.390
57014.070 19.571
57014.070 19.571
57014.070 19.674
57014.070 19.674
57014.070 19.682
57014.070 19.682
57014.070 19.728
57014.070 19.728
57014.070 19.894
57014.070 19.894
57014.070 20.054
57014.070 20.054
57016.615 19.067
57016.615 19.067
57016.615 19.135
57016.615 19.135
57016.615 19.137
57016.615 19.137
57016.615 19.259
57016.615 19.259
57016.615 19.362
57016.615 19.362
57016.615 19.373
57016.615 19.373
57016.615 19.419
57016.615 19.419
57016.615 19.551
57016.615 19.551
57016.615 19.698
57016.615 19.698
57022.050 18.616
57022.050 18.616
57022.050 18.694
57022.050 18.694
57022.050 18.700
57022.050 18.700
57022.050 18.735
57022.050 18.735
57022.050 18.835
57022.050 18.835
57022.050 18.850
57022.050 18.850
57022.050 18.895
57022.050 18.895
57022.050 18.979
57022.050 18.979
57022.050 19.107
57022.050 19.107
57027.486 18.262
57027.486 18.262
57027.486 18.337
57027.486 18.337
57027.486 18.344
57027.486 18.344
57027.486 18.355
57027.486 18.355
57027.486 18.433
57027.486 18.433
57027.486 18.448
57027.486 18.448
57027.486 18.495
57027.486 18.495
57027.486 18.548
57027.486 18.548
57027.486 18.662
57027.486 18.662
57032.922 17.974
57032.922 17.974
57032.922 18.021
57032.922 18.021
57032.922 18.058
57032.922 18.058
57032.922 18.073
57032.922 18.073
57032.922 18.111
57032.922 18.111
57032.922 18.127
57032.922 18.127
57032.922 18.174
57032.922 18.174
57032.922 18.207
57032.922 18.207
57032.922 18.309
57032.922 18.309
57033.490 17.947
57033.490 17.947
57033.490 17.991
57033.490 17.991
57033.490 18.031
57033.490 18.031
57033.490 18.047
57033.490 18.047
57033.490 18.081
57033.490 18.081
57033.490 18.096
57033.490 18.096
57033.490 18.144
57033.490 18.144
57033.490 18.175
57033.490 18.175
57033.490 18.276
57033.490 18.276
57038.358 17.734
57038.358 17.734
57038.358 17.762
57038.358 17.762
57038.358 17.818
57038.358 17.818
57038.358 17.837
57038.358 17.837
57038.358 17.847
57038.358 17.847
57038.358 17.861
57038.358 17.861
57038.358 17.910
57038.358 17.910
57038.358 17.927
57038.358 17.927
57038.358 18.020
57038.358 18.020
57042.030 17.593
57042.030 17.593
57042.030 17.611
57042.030 17.611
57042.030 17.677
57042.030 17.677
57042.030 17.693
57042.030 17.693
57042.030 17.698
57042.030 17.698
57042.030 17.706
57042.030 17.706
57042.030 17.755
57042.030 17.755
57042.030 17.765
57042.030 17.765
57042.030 17.852
57042.030 17.852
57043.793 17.530
57043.793 17.530
57043.793 17.545
57043.793 17.545
57043.793 17.614
57043.793 17.614
57043.793 17.625
57043.793 17.625
57043.793 17.636
57043.793 17.636
57043.793 17.638
57043.793 17.638
57043.793 17.687
57043.793 17.687
57043.793 17.693
57043.793 17.693
57043.793 17.778
57043.793 17.778
57048.700 17.371
57048.700 17.371
57048.700 17.378
57048.700 17.378
57048.700 17.453
57048.700 17.453
57048.700 17.455
57048.700 17.455
57048.700 17.464
57048.700 17.464
57048.700 17.478
57048.700 17.478
57048.700 17.512
57048.700 17.512
57048.700 17.514
57048.700 17.514
57048.700 17.591
57048.700 17.591
57049.229 17.355
57049.229 17.355
57049.229 17.362
57049.229 17.362
57049.229 17.435
57049.229 17.435
57049.229 17.439
57049.229 17.439
57049.229 17.447
57049.229 17.447
57049.229 17.462
57049.229 17.462
57049.229 17.494
57049.229 17.494
57049.229 17.497
57049.229 17.497
57049.229 17.572
57049.229 17.572
57049.700 17.341
57049.700 17.341
57049.700 17.347
57049.700 17.347
57049.700 17.420
57049.700 17.420
57049.700 17.424
57049.700 17.424
57049.700 17.432
57049.700 17.432
57049.700 17.448
57049.700 17.448
57049.700 17.478
57049.700 17.478
57049.700 17.482
57049.700 17.482
57049.700 17.556
57049.700 17.556
57051.470 17.290
57051.470 17.290
57051.470 17.294
57051.470 17.294
57051.470 17.365
57051.470 17.365
57051.470 17.373
57051.470 17.373
57051.470 17.377
57051.470 17.377
57051.470 17.397
57051.470 17.397
57051.470 17.420
57051.470 17.420
57051.470 17.427
57051.470 17.427
57051.470 17.496
57051.470 17.496
57053.500 17.235
57053.500 17.235
57053.500 17.236
57053.500 17.236
57053.500 17.306
57053.500 17.306
57053.500 17.316
57053.500 17.316
57053.500 17.317
57053.500 17.317
57053.500 17.341
57053.500 17.341
57053.500 17.358
57053.500 17.358
57053.500 17.366
57053.500 17.366
57053.500 17.431
57053.500 17.431
57054.665 17.204
57054.665 17.204
57054.665 17.205
57054.665 17.205
57054.665 17.273
57054.665 17.273
57054.665 17.283
57054.665 17.283
57054.665 17.286
57054.665 17.286
57054.665 17.311
57054.665 17.311
57054.665 17.323
57054.665 17.323
57054.665 17.333
57054.665 17.333
57054.665 17.395
57054.665 17.395
57060.101 17.069
57060.101 17.069
57060.101 17.072
57060.101 17.072
57060.101 17.131
57060.101 17.131
57060.101 17.140
57060.101 17.140
57060.101 17.152
57060.101 17.152
57060.101 17.174
57060.101 17.174
57060.101 17.178
57060.101 17.178
57060.101 17.191
57060.101 17.191
57060.101 17.241
57060.101 17.241
57065.536 16.952
57065.536 16.952
57065.536 16.957
57065.536 16.957
57065.536 17.008
57065.536 17.008
57065.536 17.016
57065.536 17.016
57065.536 17.035
57065.536 17.035
57065.536 17.045
57065.536 17.045
57065.536 17.061
57065.536 17.061
57065.536 17.066
57065.536 17.066
57065.536 17.107
57065.536 17.107
57068.470 16.896
57068.470 16.896
57068.470 16.901
57068.470 16.901
57068.470 16.949
57068.470 16.949
57068.470 16.955
57068.470 16.955
57068.470 16.977
57068.470 16.977
57068.470 16.982
57068.470 16.982
57068.470 17.004
57068.470 17.004
57068.470 17.005
57068.470 17.005
57068.470 17.042
57068.470 17.042
57068.970 16.886
57068.970 16.886
57068.970 16.892
57068.970 16.892
57068.970 16.939
57068.970 16.939
57068.970 16.945
57068.970 16.945
57068.970 16.968
57068.970 16.968
57068.970 16.972
57068.970 16.972
57068.970 16.995
57068.970 16.995
57068.970 16.995
57068.970 16.995
57068.970 17.032
57068.970 17.032
57069.450 16.878
57069.450 16.878
57069.450 16.883
57069.450 16.883
57069.450 16.930
57069.450 16.930
57069.450 16.936
57069.450 16.936
57069.450 16.959
57069.450 16.959
57069.450 16.962
57069.450 16.962
57069.450 16.986
57069.450 16.986
57069.450 16.986
57069.450 16.986
57069.450 17.022
57069.450 17.022
57070.972 16.851
57070.972 16.851
57070.972 16.857
57070.972 16.857
57070.972 16.901
57070.972 16.901
57070.972 16.907
57070.972 16.907
57070.972 16.931
57070.972 16.931
57070.972 16.932
57070.972 16.932
57070.972 16.957
57070.972 16.957
57070.972 16.958
57070.972 16.958
57070.972 16.991
57070.972 16.991
57071.600 16.840
57071.600 16.840
57071.600 16.846
57071.600 16.846
57071.600 16.890
57071.600 16.890
57071.600 16.895
57071.600 16.895
57071.600 16.920
57071.600 16.920
57071.600 16.920
57071.600 16.920
57071.600 16.945
57071.600 16.945
57071.600 16.947
57071.600 16.947
57071.600 16.978
57071.600 16.978
57072.394 16.826
57072.394 16.826
57072.394 16.832
57072.394 16.832
57072.394 16.875
57072.394 16.875
57072.394 16.881
57072.394 16.881
57072.394 16.905
57072.394 16.905
57072.394 16.906
57072.394 16.906
57072.394 16.930
57072.394 16.930
57072.394 16.933
57072.394 16.933
57072.394 16.963
57072.394 16.963
57072.590 16.823
57072.590 16.823
57072.590 16.829
57072.590 16.829
57072.590 16.872
57072.590 16.872
57072.590 16.877
57072.590 16.877
57072.590 16.901
57072.590 16.901
57072.590 16.903
57072.590 16.903
57072.590 16.927
57072.590 16.927
57072.590 16.930
57072.590 16.930
57072.590 16.959
57072.590 16.959
57073.880 16.802
57073.880 16.802
57073.880 16.808
57073.880 16.808
57073.880 16.849
57073.880 16.849
57073.880 16.855
57073.880 16.855
57073.880 16.877
57073.880 16.877
57073.880 16.881
57073.880 16.881
57073.880 16.904
57073.880 16.904
57073.880 16.908
57073.880 16.908
57073.880 16.934
57073.880 16.934
57074.169 16.797
57074.169 16.797
57074.169 16.803
57074.169 16.803
57074.169 16.844
57074.169 16.844
57074.169 16.850
57074.169 16.850
57074.169 16.872
57074.169 16.872
57074.169 16.877
57074.169 16.877
57074.169 16.899
57074.169 16.899
57074.169 16.904
57074.169 16.904
57074.169 16.929
57074.169 16.929
57074.210 16.797
57074.210 16.797
57074.210 16.803
57074.210 16.803
57074.210 16.844
57074.210 16.844
57074.210 16.849
57074.210 16.849
57074.210 16.872
57074.210 16.872
57074.210 16.876
57074.210 16.876
57074.210 16.898
57074.210 16.898
57074.210 16.903
57074.210 16.903
57074.210 16.928
57074.210 16.928
57076.167 16.766
57076.167 16.766
57076.167 16.772
57076.167 16.772
57076.167 16.811
57076.167 16.811
57076.167 16.816
57076.167 16.816
57076.167 16.837
57076.167 16.837
57076.167 16.844
57076.167 16.844
57076.167 16.865
57076.167 16.865
57076.167 16.871
57076.167 16.871
57076.167 16.893
57076.167 16.893
57076.408 16.762
57076.408 16.762
57076.408 16.769
57076.408 16.769
57076.408 16.807
57076.408 16.807
57076.408 16.812
57076.408 16.812
57076.408 16.833
57076.408 16.833
57076.408 16.841
57076.408 16.841
57076.408 16.861
57076.408 16.861
57076.408 16.868
57076.408 16.868
57076.408 16.889
57076.408 16.889
57077.170 16.751
57077.170 16.751
57077.170 16.757
57077.170 16.757
57077.170 16.795
57077.170 16.795
57077.170 16.800
57077.170 16.800
57077.170 16.820
57077.170 16.820
57077.170 16.829
57077.170 16.829
57077.170 16.848
57077.170 16.848
57077.170 16.856
57077.170 16.856
57077.170 16.876
57077.170 16.876
57077.450 16.747
57077.450 16.747
57077.450 16.753
57077.450 16.753
57077.450 16.791
57077.450 16.791
57077.450 16.795
57077.450 16.795
57077.450 16.816
57077.450 16.816
57077.450 16.825
57077.450 16.825
57077.450 16.844
57077.450 16.844
57077.450 16.851
57077.450 16.851
57077.450 16.871
57077.450 16.871
57077.620 16.745
57077.620 16.745
57077.620 16.751
57077.620 16.751
57077.620 16.788
57077.620 16.788
57077.620 16.793
57077.620 16.793
57077.620 16.813
57077.620 16.813
57077.620 16.822
57077.620 16.822
57077.620 16.841
57077.620 16.841
57077.620 16.849
57077.620 16.849
57077.620 16.868
57077.620 16.868
57078.322 16.734
57078.322 16.734
57078.322 16.741
57078.322 16.741
57078.322 16.777
57078.322 16.777
57078.322 16.782
57078.322 16.782
57078.322 16.801
57078.322 16.801
57078.322 16.811
57078.322 16.811
57078.322 16.830
57078.322 16.830
57078.322 16.838
57078.322 16.838
57078.322 16.856
57078.322 16.856
57078.470 16.732
57078.470 16.732
57078.470 16.739
57078.470 16.739
57078.470 16.775
57078.470 16.775
57078.470 16.779
57078.470 16.779
57078.470 16.799
57078.470 16.799
57078.470 16.809
57078.470 16.809
57078.470 16.827
57078.470 16.827
57078.470 16.836
57078.470 16.836
57078.470 16.854
57078.470 16.854
57078.960 16.725
57078.960 16.725
57078.960 16.732
57078.960 16.732
57078.960 16.768
57078.960 16.768
57078.960 16.772
57078.960 16.772
57078.960 16.791
57078.960 16.791
57078.960 16.802
57078.960 16.802
57078.960 16.820
57078.960 16.820
57078.960 16.829
57078.960 16.829
57078.960 16.846
57078.960 16.846
57079.340 16.720
57079.340 16.720
57079.340 16.726
57079.340 16.726
57079.340 16.762
57079.340 16.762
57079.340 16.766
57079.340 16.766
57079.340 16.785
57079.340 16.785
57079.340 16.796
57079.340 16.796
57079.340 16.814
57079.340 16.814
57079.340 16.823
57079.340 16.823
57079.340 16.840
57079.340 16.840
57080.080 16.710
57080.080 16.710
57080.080 16.716
57080.080 16.716
57080.080 16.751
57080.080 16.751
57080.080 16.755
57080.080 16.755
57080.080 16.774
57080.080 16.774
57080.080 16.786
57080.080 16.786
57080.080 16.803
57080.080 16.803
57080.080 16.813
57080.080 16.813
57080.080 16.828
57080.080 16.828
57080.330 16.706
57080.330 16.706
57080.330 16.713
57080.330 16.713
57080.330 16.747
57080.330 16.747
57080.330 16.751
57080.330 16.751
57080.330 16.770
57080.330 16.770
57080.330 16.782
57080.330 16.782
57080.330 16.799
57080.330 16.799
57080.330 16.809
57080.330 16.809
57080.330 16.824
57080.330 16.824
57080.517 16.704
57080.517 16.704
57080.517 16.710
57080.517 16.710
57080.517 16.745
57080.517 16.745
57080.517 16.749
57080.517 16.749
57080.517 16.767
57080.517 16.767
57080.517 16.780
57080.517 16.780
57080.517 16.796
57080.517 16.796
57080.517 16.806
57080.517 16.806
57080.517 16.821
57080.517 16.821
57081.330 16.693
57081.330 16.693
57081.330 16.699
57081.330 16.699
57081.330 16.733
57081.330 16.733
57081.330 16.737
57081.330 16.737
57081.330 16.754
57081.330 16.754
57081.330 16.768
57081.330 16.768
57081.330 16.784
57081.330 16.784
57081.330 16.795
57081.330 16.795
57081.330 16.809
57081.330 16.809
57081.500 16.691
57081.500 16.691
57081.500 16.697
57081.500 16.697
57081.500 16.730
57081.500 16.730
57081.500 16.734
57081.500 16.734
57081.500 16.752
57081.500 16.752
57081.500 16.766
57081.500 16.766
57081.500 16.782
57081.500 16.782
57081.500 16.793
57081.500 16.793
57081.500 16.806
57081.500 16.806
57081.844 16.686
57081.844 16.686
57081.844 16.693
57081.844 16.693
57081.844 16.726
57081.844 16.726
57081.844 16.730
57081.844 16.730
57081.844 16.747
57081.844 16.747
57081.844 16.761
57081.844 16.761
57081.844 16.777
57081.844 16.777
57081.844 16.788
57081.844 16.788
57081.844 16.801
57081.844 16.801
57082.240 16.681
57082.240 16.681
57082.240 16.687
57082.240 16.687
57082.240 16.720
57082.240 16.720
57082.240 16.724
57082.240 16.724
57082.240 16.741
57082.240 16.741
57082.240 16.756
57082.240 16.756
57082.240 16.771
57082.240 16.771
57082.240 16.782
57082.240 16.782
57082.240 16.795
57082.240 16.795
57082.940 16.672
57082.940 16.672
57082.940 16.679
57082.940 16.679
57082.940 16.711
57082.940 16.711
57082.940 16.714
57082.940 16.714
57082.940 16.731
57082.940 16.731
57082.940 16.746
57082.940 16.746
57082.940 16.761
57082.940 16.761
57082.940 16.773
57082.940 16.773
57082.940 16.784
57082.940 16.784
57084.240 16.656
57084.240 16.656
57084.240 16.662
57084.240 16.662
57084.240 16.693
57084.240 16.693
57084.240 16.697
57084.240 16.697
57084.240 16.712
57084.240 16.712
57084.240 16.729
57084.240 16.729
57084.240 16.743
57084.240 16.743
57084.240 16.756
57084.240 16.756
57084.240 16.766
57084.240 16.766
57084.342 16.655
57084.342 16.655
57084.342 16.661
57084.342 16.661
57084.342 16.692
57084.342 16.692
57084.342 16.695
57084.342 16.695
57084.342 16.711
57084.342 16.711
57084.342 16.728
57084.342 16.728
57084.342 16.742
57084.342 16.742
57084.342 16.754
57084.342 16.754
57084.342 16.764
57084.342 16.764
57085.220 16.644
57085.220 16.644
57085.220 16.651
57085.220 16.651
57085.220 16.680
57085.220 16.680
57085.220 16.684
57085.220 16.684
57085.220 16.699
57085.220 16.699
57085.220 16.717
57085.220 16.717
57085.220 16.730
57085.220 16.730
57085.220 16.743
57085.220 16.743
57085.220 16.752
57085.220 16.752
57085.260 16.644
57085.260 16.644
57085.260 16.650
57085.260 16.650
57085.260 16.680
57085.260 16.680
57085.260 16.683
57085.260 16.683
57085.260 16.698
57085.260 16.698
57085.260 16.716
57085.260 16.716
57085.260 16.729
57085.260 16.729
57085.260 16.743
57085.260 16.743
57085.260 16.752
57085.260 16.752
57086.010 16.635
57086.010 16.635
57086.010 16.641
57086.010 16.641
57086.010 16.670
57086.010 16.670
57086.010 16.674
57086.010 16.674
57086.010 16.688
57086.010 16.688
57086.010 16.707
57086.010 16.707
57086.010 16.720
57086.010 16.720
57086.010 16.733
57086.010 16.733
57086.010 16.741
57086.010 16.741
57087.279 16.621
57087.279 16.621
57087.279 16.627
57087.279 16.627
57087.279 16.655
57087.279 16.655
57087.279 16.658
57087.279 16.658
57087.279 16.672
57087.279 16.672
57087.279 16.692
57087.279 16.692
57087.279 16.703
57087.279 16.703
57087.279 16.718
57087.279 16.718
57087.279 16.725
57087.279 16.725
57089.976 16.592
57089.976 16.592
57089.976 16.598
57089.976 16.598
57089.976 16.623
57089.976 16.623
57089.976 16.626
57089.976 16.626
57089.976 16.638
57089.976 16.638
57089.976 16.661
57089.976 16.661
57089.976 16.671
57089.976 16.671
57089.976 16.687
57089.976 16.687
57089.976 16.691
57089.976 16.691
57090.476 16.587
57090.476 16.587
57090.476 16.592
57090.476 16.592
57090.476 16.618
57090.476 16.618
57090.476 16.621
57090.476 16.621
57090.476 16.632
57090.476 16.632
57090.476 16.655
57090.476 16.655
57090.476 16.665
57090.476 16.665
57090.476 16.681
57090.476 16.681
57090.476 16.685
57090.476 16.685
57090.970 16.582
57090.970 16.582
57090.970 16.587
57090.970 16.587
57090.970 16.612
57090.970 16.612
57090.970 16.615
57090.970 16.615
57090.970 16.627
57090.970 16.627
57090.970 16.650
57090.970 16.650
57090.970 16.659
57090.970 16.659
57090.970 16.676
57090.970 16.676
57090.970 16.679
57090.970 16.679
57092.170 16.570
57092.170 16.570
57092.170 16.576
57092.170 16.576
57092.170 16.599
57092.170 16.599
57092.170 16.602
57092.170 16.602
57092.170 16.613
57092.170 16.613
57092.170 16.637
57092.170 16.637
57092.170 16.646
57092.170 16.646
57092.170 16.663
57092.170 16.663
57092.170 16.665
57092.170 16.665
57092.715 16.565
57092.715 16.565
57092.715 16.570
57092.715 16.570
57092.715 16.594
57092.715 16.594
57092.715 16.596
57092.715 16.596
57092.715 16.607
57092.715 16.607
57092.715 16.632
57092.715 16.632
57092.715 16.640
57092.715 16.640
57092.715 16.657
57092.715 16.657
57092.715 16.659
57092.715 16.659
57093.020 16.562
57093.020 16.562
57093.020 16.567
57093.020 16.567
57093.020 16.591
57093.020 16.591
57093.020 16.593
57093.020 16.593
57093.020 16.603
57093.020 16.603
57093.020 16.629
57093.020 16.629
57093.020 16.636
57093.020 16.636
57093.020 16.654
57093.020 16.654
57093.020 16.656
57093.020 16.656
57093.764 16.555
57093.764 16.555
57093.764 16.560
57093.764 16.560
57093.764 16.583
57093.764 16.583
57093.764 16.585
57093.764 16.585
57093.764 16.595
57093.764 16.595
57093.764 16.621
57093.764 16.621
57093.764 16.628
57093.764 16.628
57093.764 16.646
57093.764 16.646
57093.764 16.648
57093.764 16.648
57094.290 16.550
57094.290 16.550
57094.290 16.556
57094.290 16.556
57094.290 16.578
57094.290 16.578
57094.290 16.580
57094.290 16.580
57094.290 16.590
57094.290 16.590
57094.290 16.616
57094.290 16.616
57094.290 16.623
57094.290 16.623
57094.290 16.641
57094.290 16.641
57094.290 16.642
57094.290 16.642
57094.870 16.545
57094.870 16.545
57094.870 16.550
57094.870 16.550
57094.870 16.572
57094.870 16.572
57094.870 16.574
57094.870 16.574
57094.870 16.584
57094.870 16.584
57094.870 16.610
57094.870 16.610
57094.870 16.617
57094.870 16.617
57094.870 16.635
57094.870 16.635
57094.870 16.636
57094.870 16.636
57095.270 16.541
57095.270 16.541
57095.270 16.547
57095.270 16.547
57095.270 16.568
57095.270 16.568
57095.270 16.570
57095.270 16.570
57095.270 16.580
57095.270 16.580
57095.270 16.606
57095.270 16.606
57095.270 16.613
57095.270 16.613
57095.270 16.631
57095.270 16.631
57095.270 16.632
57095.270 16.632
57095.470 16.540
57095.470 16.540
57095.470 16.545
57095.470 16.545
57095.470 16.566
57095.470 16.566
57095.470 16.568
57095.470 16.568
57095.470 16.577
57095.470 16.577
57095.470 16.604
57095.470 16.604
57095.470 16.611
57095.470 16.611
57095.470 16.629
57095.470 16.629
57095.470 16.630
57095.470 16.630
57095.930 16.536
57095.930 16.536
57095.930 16.541
57095.930 16.541
57095.930 16.562
57095.930 16.562
57095.930 16.564
57095.930 16.564
57095.930 16.573
57095.930 16.573
57095.930 16.600
57095.930 16.600
57095.930 16.606
57095.930 16.606
57095.930 16.625
57095.930 16.625
57095.930 16.625
57095.930 16.625
57097.210 16.525
57097.210 16.525
57097.210 16.530
57097.210 16.530
57097.210 16.550
57097.210 16.550
57097.210 16.552
57097.210 16.552
57097.210 16.560
57097.210 16.560
57097.210 16.588
57097.210 16.588
57097.210 16.594
57097.210 16.594
57097.210 16.612
57097.210 16.612
57097.210 16.613
57097.210 16.613
57098.151 16.517
57098.151 16.517
57098.151 16.522
57098.151 16.522
57098.151 16.542
57098.151 16.542
57098.151 16.543
57098.151 16.543
57098.151 16.551
57098.151 16.551
57098.151 16.580
57098.151 16.580
57098.151 16.585
57098.151 16.585
57098.151 16.603
57098.151 16.603
57098.151 16.604
57098.151 16.604
57098.210 16.517
57098.210 16.517
57098.210 16.522
57098.210 16.522
57098.210 16.541
57098.210 16.541
57098.210 16.543
57098.210 16.543
57098.210 16.551
57098.210 16.551
57098.210 16.579
57098.210 16.579
57098.210 16.584
57098.210 16.584
57098.210 16.603
57098.210 16.603
57098.210 16.604
57098.210 16.604
57098.610 16.514
57098.610 16.514
57098.610 16.519
57098.610 16.519
57098.610 16.537
57098.610 16.537
57098.610 16.539
57098.610 16.539
57098.610 16.547
57098.610 16.547
57098.610 16.576
57098.610 16.576
57098.610 16.580
57098.610 16.580
57098.610 16.599
57098.610 16.599
57098.610 16.600
57098.610 16.600
57098.987 16.511
57098.987 16.511
57098.987 16.516
57098.987 16.516
57098.987 16.534
57098.987 16.534
57098.987 16.536
57098.987 16.536
57098.987 16.543
57098.987 16.543
57098.987 16.573
57098.987 16.573
57098.987 16.577
57098.987 16.577
57098.987 16.595
57098.987 16.595
57098.987 16.597
57098.987 16.597
57099.250 16.509
57099.250 16.509
57099.250 16.514
57099.250 16.514
57099.250 16.532
57099.250 16.532
57099.250 16.534
57099.250 16.534
57099.250 16.541
57099.250 16.541
57099.250 16.570
57099.250 16.570
57099.250 16.574
57099.250 16.574
57099.250 16.593
57099.250 16.593
57099.250 16.594
57099.250 16.594
57100.984 16.496
57100.984 16.496
57100.984 16.500
57100.984 16.500
57100.984 16.517
57100.984 16.517
57100.984 16.519
57100.984 16.519
57100.984 16.525
57100.984 16.525
57100.984 16.556
57100.984 16.556
57100.984 16.559
57100.984 16.559
57100.984 16.577
57100.984 16.577
57100.984 16.580
57100.984 16.580
57101.310 16.493
57101.310 16.493
57101.310 16.498
57101.310 16.498
57101.310 16.515
57101.310 16.515
57101.310 16.517
57101.310 16.517
57101.310 16.523
57101.310 16.523
57101.310 16.553
57101.310 16.553
57101.310 16.556
57101.310 16.556
57101.310 16.575
57101.310 16.575
57101.310 16.577
57101.310 16.577
57102.170 16.487
57102.170 16.487
57102.170 16.492
57102.170 16.492
57102.170 16.508
57102.170 16.508
57102.170 16.510
57102.170 16.510
57102.170 16.515
57102.170 16.515
57102.170 16.547
57102.170 16.547
57102.170 16.549
57102.170 16.549
57102.170 16.567
57102.170 16.567
57102.170 16.570
57102.170 16.570
57102.520 16.485
57102.520 16.485
57102.520 16.489
57102.520 16.489
57102.520 16.505
57102.520 16.505
57102.520 16.507
57102.520 16.507
57102.520 16.512
57102.520 16.512
57102.520 16.544
57102.520 16.544
57102.520 16.546
57102.520 16.546
57102.520 16.564
57102.520 16.564
57102.520 16.567
57102.520 16.567
57103.400 16.479
57103.400 16.479
57103.400 16.483
57103.400 16.483
57103.400 16.499
57103.400 16.499
57103.400 16.500
57103.400 16.500
57103.400 16.505
57103.400 16.505
57103.400 16.537
57103.400 16.537
57103.400 16.539
57103.400 16.539
57103.400 16.557
57103.400 16.557
57103.400 16.560
57103.400 16.560
57103.587 16.477
57103.587 16.477
57103.587 16.482
57103.587 16.482
57103.587 16.497
57103.587 16.497
57103.587 16.499
57103.587 16.499
57103.587 16.504
57103.587 16.504
57103.587 16.536
57103.587 16.536
57103.587 16.538
57103.587 16.538
57103.587 16.556
57103.587 16.556
57103.587 16.559
57103.587 16.559
57103.760 16.476
57103.760 16.476
57103.760 16.481
57103.760 16.481
57103.760 16.496
57103.760 16.496
57103.760 16.497
57103.760 16.497
57103.760 16.502
57103.760 16.502
57103.760 16.534
57103.760 16.534
57103.760 16.536
57103.760 16.536
57103.760 16.554
57103.760 16.554
57103.760 16.557
57103.760 16.557
57104.180 16.474
57104.180 16.474
57104.180 16.478
57104.180 16.478
57104.180 16.493
57104.180 16.493
57104.180 16.494
57104.180 16.494
57104.180 16.499
57104.180 16.499
57104.180 16.531
57104.180 16.531
57104.180 16.533
57104.180 16.533
57104.180 16.551
57104.180 16.551
57104.180 16.554
57104.180 16.554
57104.430 16.472
57104.430 16.472
57104.430 16.476
57104.430 16.476
57104.430 16.491
57104.430 16.491
57104.430 16.492
57104.430 16.492
57104.430 16.497
57104.430 16.497
57104.430 16.529
57104.430 16.529
57104.430 16.531
57104.430 16.531
57104.430 16.549
57104.430 16.549
57104.430 16.552
57104.430 16.552
57106.440 16.459
57106.440 16.459
57106.440 16.463
57106.440 16.463
57106.440 16.477
57106.440 16.477
57106.440 16.478
57106.440 16.478
57106.440 16.482
57106.440 16.482
57106.440 16.515
57106.440 16.515
57106.440 16.516
57106.440 16.516
57106.440 16.534
57106.440 16.534
57106.440 16.538
57106.440 16.538
57106.872 16.457
57106.872 16.457
57106.872 16.461
57106.872 16.461
57106.872 16.474
57106.872 16.474
57106.872 16.475
57106.872 16.475
57106.872 16.478
57106.872 16.478
57106.872 16.512
57106.872 16.512
57106.872 16.513
57106.872 16.513
57106.872 16.531
57106.872 16.531
57106.872 16.535
57106.872 16.535
57109.022 16.444
57109.022 16.444
57109.022 16.448
57109.022 16.448
57109.022 16.460
57109.022 16.460
57109.022 16.461
57109.022 16.461
57109.022 16.463
57109.022 16.463
57109.022 16.498
57109.022 16.498
57109.022 16.498
57109.022 16.498
57109.022 16.516
57109.022 16.516
57109.022 16.520
57109.022 16.520
57110.160 16.438
57110.160 16.438
57110.160 16.442
57110.160 16.442
57110.160 16.453
57110.160 16.453
57110.160 16.454
57110.160 16.454
57110.160 16.456
57110.160 16.456
57110.160 16.490
57110.160 16.490
57110.160 16.491
57110.160 16.491
57110.160 16.508
57110.160 16.508
57110.160 16.513
57110.160 16.513
57110.180 16.438
57110.180 16.438
57110.180 16.442
57110.180 16.442
57110.180 16.453
57110.180 16.453
57110.180 16.454
57110.180 16.454
57110.180 16.456
57110.180 16.456
57110.180 16.490
57110.180 16.490
57110.180 16.491
57110.180 16.491
57110.180 16.508
57110.180 16.508
57110.180 16.513
57110.180 16.513
57110.210 16.438
57110.210 16.438
57110.210 16.441
57110.210 16.441
57110.210 16.453
57110.210 16.453
57110.210 16.454
57110.210 16.454
57110.210 16.456
57110.210 16.456
57110.210 16.490
57110.210 16.490
57110.210 16.491
57110.210 16.491
57110.210 16.508
57110.210 16.508
57110.210 16.513
57110.210 16.513
57110.699 16.435
57110.699 16.435
57110.699 16.439
57110.699 16.439
57110.699 16.450
57110.699 16.450
57110.699 16.451
57110.699 16.451
57110.699 16.452
57110.699 16.452
57110.699 16.487
57110.699 16.487
57110.699 16.488
57110.699 16.488
57110.699 16.505
57110.699 16.505
57110.699 16.510
57110.699 16.510
57111.503 16.431
57111.503 16.431
57111.503 16.435
57111.503 16.435
57111.503 16.445
57111.503 16.445
57111.503 16.446
57111.503 16.446
57111.503 16.447
57111.503 16.447
57111.503 16.482
57111.503 16.482
57111.503 16.483
57111.503 16.483
57111.503 16.500
57111.503 16.500
57111.503 16.505
57111.503 16.505
57113.290 16.423
57113.290 16.423
57113.290 16.426
57113.290 16.426
57113.290 16.435
57113.290 16.435
57113.290 16.436
57113.290 16.436
57113.290 16.437
57113.290 16.437
57113.290 16.471
57113.290 16.471
57113.290 16.473
57113.290 16.473
57113.290 16.489
57113.290 16.489
57113.290 16.494
57113.290 16.494
57114.458 16.417
57114.458 16.417
57114.458 16.420
57114.458 16.420
57114.458 16.429
57114.458 16.429
57114.458 16.430
57114.458 16.430
57114.458 16.430
57114.458 16.430
57114.458 16.464
57114.458 16.464
57114.458 16.467
57114.458 16.467
57114.458 16.483
57114.458 16.483
57114.458 16.488
57114.458 16.488
57116.930 16.407
57116.930 16.407
57116.930 16.409
57116.930 16.409
57116.930 16.417
57116.930 16.417
57116.930 16.417
57116.930 16.417
57116.930 16.418
57116.930 16.418
57116.930 16.451
57116.930 16.451
57116.930 16.455
57116.930 16.455
57116.930 16.469
57116.930 16.469
57116.930 16.475
57116.930 16.475
57117.250 16.405
57117.250 16.405
57117.250 16.408
57117.250 16.408
57117.250 16.415
57117.250 16.415
57117.250 16.415
57117.250 16.415
57117.250 16.416
57117.250 16.416
57117.250 16.449
57117.250 16.449
57117.250 16.453
57117.250 16.453
57117.250 16.468
57117.250 16.468
57117.250 16.473
57117.250 16.473
57118.210 16.402
57118.210 16.402
57118.210 16.404
57118.210 16.404
57118.210 16.410
57118.210 16.410
57118.210 16.411
57118.210 16.411
57118.210 16.412
57118.210 16.412
57118.210 16.444
57118.210 16.444
57118.210 16.449
57118.210 16.449
57118.210 16.463
57118.210 16.463
57118.210 16.469
57118.210 16.469
57118.422 16.401
57118.422 16.401
57118.422 16.403
57118.422 16.403
57118.422 16.409
57118.422 16.409
57118.422 16.410
57118.422 16.410
57118.422 16.411
57118.422 16.411
57118.422 16.443
57118.422 16.443
57118.422 16.448
57118.422 16.448
57118.422 16.462
57118.422 16.462
57118.422 16.468
57118.422 16.468
57119.894 16.395
57119.894 16.395
57119.894 16.398
57119.894 16.398
57119.894 16.402
57119.894 16.402
57119.894 16.404
57119.894 16.404
57119.894 16.404
57119.894 16.404
57119.894 16.436
57119.894 16.436
57119.894 16.441
57119.894 16.441
57119.894 16.455
57119.894 16.455
57119.894 16.461
57119.894 16.461
57120.150 16.394
57120.150 16.394
57120.150 16.397
57120.150 16.397
57120.150 16.401
57120.150 16.401
57120.150 16.403
57120.150 16.403
57120.150 16.403
57120.150 16.403
57120.150 16.435
57120.150 16.435
57120.150 16.440
57120.150 16.440
57120.150 16.454
57120.150 16.454
57120.150 16.460
57120.150 16.460
57120.210 16.394
57120.210 16.394
57120.210 16.396
57120.210 16.396
57120.210 16.401
57120.210 16.401
57120.210 16.402
57120.210 16.402
57120.210 16.403
57120.210 16.403
57120.210 16.435
57120.210 16.435
57120.210 16.440
57120.210 16.440
57120.210 16.454
57120.210 16.454
57120.210 16.459
57120.210 16.459
57120.450 16.393
57120.450 16.393
57120.450 16.396
57120.450 16.396
57120.450 16.400
57120.450 16.400
57120.450 16.401
57120.450 16.401
57120.450 16.402
57120.450 16.402
57120.450 16.434
57120.450 16.434
57120.450 16.439
57120.450 16.439
57120.450 16.453
57120.450 16.453
57120.450 16.458
57120.450 16.458
57120.816 16.392
57120.816 16.392
57120.816 16.394
57120.816 16.394
57120.816 16.398
57120.816 16.398
57120.816 16.400
57120.816 16.400
57120.816 16.400
57120.816 16.400
57120.816 16.432
57120.816 16.432
57120.816 16.437
57120.816 16.437
57120.816 16.451
57120.816 16.451
57120.816 16.457
57120.816 16.457
57122.075 16.388
57122.075 16.388
57122.075 16.390
57122.075 16.390
57122.075 16.393
57122.075 16.393
57122.075 16.395
57122.075 16.395
57122.075 16.395
57122.075 16.395
57122.075 16.427
57122.075 16.427
57122.075 16.432
57122.075 16.432
57122.075 16.446
57122.075 16.446
57122.075 16.451
57122.075 16.451
57122.130 16.388
57122.130 16.388
57122.130 16.390
57122.130 16.390
57122.130 16.393
57122.130 16.393
57122.130 16.395
57122.130 16.395
57122.130 16.395
57122.130 16.395
57122.130 16.426
57122.130 16.426
57122.130 16.432
57122.130 16.432
57122.130 16.445
57122.130 16.445
57122.130 16.451
57122.130 16.451
57122.785 16.386
57122.785 16.386
57122.785 16.388
57122.785 16.388
57122.785 16.390
57122.785 16.390
57122.785 16.392
57122.785 16.392
57122.785 16.393
57122.785 16.393
57122.785 16.424
57122.785 16.424
57122.785 16.429
57122.785 16.429
57122.785 16.443
57122.785 16.443
57122.785 16.448
57122.785 16.448
57122.850 16.385
57122.850 16.385
57122.850 16.387
57122.850 16.387
57122.850 16.390
57122.850 16.390
57122.850 16.392
57122.850 16.392
57122.850 16.393
57122.850 16.393
57122.850 16.423
57122.850 16.423
57122.850 16.429
57122.850 16.429
57122.850 16.442
57122.850 16.442
57122.850 16.448
57122.850 16.448
57123.870 16.382
57123.870 16.382
57123.870 16.384
57123.870 16.384
57123.870 16.386
57123.870 16.386
57123.870 16.388
57123.870 16.388
57123.870 16.389
57123.870 16.389
57123.870 16.419
57123.870 16.419
57123.870 16.425
57123.870 16.425
57123.870 16.438
57123.870 16.438
57123.870 16.444
57123.870 16.444
57125.330 16.378
57125.330 16.378
57125.330 16.380
57125.330 16.380
57125.330 16.380
57125.330 16.380
57125.330 16.383
57125.330 16.383
57125.330 16.384
57125.330 16.384
57125.330 16.414
57125.330 16.414
57125.330 16.420
57125.330 16.420
57125.330 16.433
57125.330 16.433
57125.330 16.439
57125.330 16.439
57126.180 16.376
57126.180 16.376
57126.180 16.377
57126.180 16.377
57126.180 16.377
57126.180 16.377
57126.180 16.381
57126.180 16.381
57126.180 16.381
57126.180 16.381
57126.180 16.411
57126.180 16.411
57126.180 16.417
57126.180 16.417
57126.180 16.430
57126.180 16.430
57126.180 16.436
57126.180 16.436
57127.720 16.372
57127.720 16.372
57127.720 16.372
57127.720 16.372
57127.720 16.373
57127.720 16.373
57127.720 16.376
57127.720 16.376
57127.720 16.376
57127.720 16.376
57127.720 16.405
57127.720 16.405
57127.720 16.412
57127.720 16.412
57127.720 16.425
57127.720 16.425
57127.720 16.430
57127.720 16.430
57128.160 16.370
57128.160 16.370
57128.160 16.371
57128.160 16.371
57128.160 16.372
57128.160 16.372
57128.160 16.375
57128.160 16.375
57128.160 16.375
57128.160 16.375
57128.160 16.404
57128.160 16.404
57128.160 16.411
57128.160 16.411
57128.160 16.423
57128.160 16.423
57128.160 16.429
57128.160 16.429
57128.629 16.369
57128.629 16.369
57128.629 16.370
57128.629 16.370
57128.629 16.371
57128.629 16.371
57128.629 16.373
57128.629 16.373
57128.629 16.373
57128.629 16.373
57128.629 16.402
57128.629 16.402
57128.629 16.410
57128.629 16.410
57128.629 16.422
57128.629 16.422
57128.629 16.428
57128.629 16.428
57129.940 16.365
57129.940 16.365
57129.940 16.367
57129.940 16.367
57129.940 16.368
57129.940 16.368
57129.940 16.370
57129.940 16.370
57129.940 16.370
57129.940 16.370
57129.940 16.398
57129.940 16.398
57129.940 16.406
57129.940 16.406
57129.940 16.417
57129.940 16.417
57129.940 16.424
57129.940 16.424
57130.765 16.362
57130.765 16.362
57130.765 16.365
57130.765 16.365
57130.765 16.366
57130.765 16.366
57130.765 16.367
57130.765 16.367
57130.765 16.367
57130.765 16.367
57130.765 16.396
57130.765 16.396
57130.765 16.404
57130.765 16.404
57130.765 16.415
57130.765 16.415
57130.765 16.421
57130.765 16.421
57131.527 16.360
57131.527 16.360
57131.527 16.363
57131.527 16.363
57131.527 16.364
57131.527 16.364
57131.527 16.365
57131.527 16.365
57131.527 16.365
57131.527 16.365
57131.527 16.393
57131.527 16.393
57131.527 16.402
57131.527 16.402
57131.527 16.413
57131.527 16.413
57131.527 16.419
57131.527 16.419
57131.710 16.360
57131.710 16.360
57131.710 16.363
57131.710 16.363
57131.710 16.364
57131.710 16.364
57131.710 16.365
57131.710 16.365
57131.710 16.365
57131.710 16.365
57131.710 16.393
57131.710 16.393
57131.710 16.401
57131.710 16.401
57131.710 16.412
57131.710 16.412
57131.710 16.418
57131.710 16.418
57132.930 16.356
57132.930 16.356
57132.930 16.360
57132.930 16.360
57132.930 16.361
57132.930 16.361
57132.930 16.362
57132.930 16.362
57132.930 16.362
57132.930 16.362
57132.930 16.390
57132.930 16.390
57132.930 16.398
57132.930 16.398
57132.930 16.409
57132.930 16.409
57132.930 16.415
57132.930 16.415
57134.240 16.353
57134.240 16.353
57134.240 16.358
57134.240 16.358
57134.240 16.359
57134.240 16.359
57134.240 16.359
57134.240 16.359
57134.240 16.359
57134.240 16.359
57134.240 16.386
57134.240 16.386
57134.240 16.395
57134.240 16.395
57134.240 16.406
57134.240 16.406
57134.240 16.412
57134.240 16.412
57134.860 16.352
57134.860 16.352
57134.860 16.357
57134.860 16.357
57134.860 16.358
57134.860 16.358
57134.860 16.358
57134.860 16.358
57134.860 16.358
57134.860 16.358
57134.860 16.385
57134.860 16.385
57134.860 16.394
57134.860 16.394
57134.860 16.404
57134.860 16.404
57134.860 16.411
57134.860 16.411
57135.440 16.350
57135.440 16.350
57135.440 16.356
57135.440 16.356
57135.440 16.356
57135.440 16.356
57135.440 16.357
57135.440 16.357
57135.440 16.357
57135.440 16.357
57135.440 16.383
57135.440 16.383
57135.440 16.392
57135.440 16.392
57135.440 16.403
57135.440 16.403
57135.440 16.409
57135.440 16.409
57135.940 16.349
57135.940 16.349
57135.940 16.355
57135.940 16.355
57135.940 16.355
57135.940 16.355
57135.940 16.356
57135.940 16.356
57135.940 16.356
57135.940 16.356
57135.940 16.382
57135.940 16.382
57135.940 16.391
57135.940 16.391
57135.940 16.402
57135.940 16.402
57135.940 16.408
57135.940 16.408
57136.201 16.349
57136.201 16.349
57136.201 16.355
57136.201 16.355
57136.201 16.355
57136.201 16.355
57136.201 16.355
57136.201 16.355
57136.201 16.355
57136.201 16.355
57136.201 16.382
57136.201 16.382
57136.201 16.391
57136.201 16.391
57136.201 16.401
57136.201 16.401
57136.201 16.408
57136.201 16.408
57136.314 16.348
57136.314 16.348
57136.314 16.355
57136.314 16.355
57136.314 16.355
57136.314 16.355
57136.314 16.355
57136.314 16.355
57136.314 16.355
57136.314 16.355
57136.314 16.381
57136.314 16.381
57136.314 16.391
57136.314 16.391
57136.314 16.401
57136.314 16.401
57136.314 16.407
57136.314 16.407
57137.210 16.347
57137.210 16.347
57137.210 16.353
57137.210 16.353
57137.210 16.353
57137.210 16.353
57137.210 16.353
57137.210 16.353
57137.210 16.354
57137.210 16.354
57137.210 16.380
57137.210 16.380
57137.210 16.389
57137.210 16.389
57137.210 16.399
57137.210 16.399
57137.210 16.405
57137.210 16.405
57137.270 16.346
57137.270 16.346
57137.270 16.353
57137.270 16.353
57137.270 16.353
57137.270 16.353
57137.270 16.353
57137.270 16.353
57137.270 16.354
57137.270 16.354
57137.270 16.379
57137.270 16.379
57137.270 16.389
57137.270 16.389
57137.270 16.399
57137.270 16.399
57137.270 16.405
57137.270 16.405
57138.860 16.343
57138.860 16.343
57138.860 16.350
57138.860 16.350
57138.860 16.350
57138.860 16.350
57138.860 16.351
57138.860 16.351
57138.860 16.351
57138.860 16.351
57138.860 16.376
57138.860 16.376
57138.860 16.386
57138.860 16.386
57138.860 16.395
57138.860 16.395
57138.860 16.402
57138.860 16.402
57138.880 16.343
57138.880 16.343
57138.880 16.350
57138.880 16.350
57138.880 16.350
57138.880 16.350
57138.880 16.351
57138.880 16.351
57138.880 16.351
57138.880 16.351
57138.880 16.376
57138.880 16.376
57138.880 16.386
57138.880 16.386
57138.880 16.395
57138.880 16.395
57138.880 16.402
57138.880 16.402
57139.210 16.343
57139.210 16.343
57139.210 16.350
57139.210 16.350
57139.210 16.350
57139.210 16.350
57139.210 16.351
57139.210 16.351
57139.210 16.351
57139.210 16.351
57139.210 16.376
57139.210 16.376
57139.210 16.385
57139.210 16.385
57139.210 16.395
57139.210 16.395
57139.210 16.402
57139.210 16.402
57140.100 16.341
57140.100 16.341
57140.100 16.348
57140.100 16.348
57140.100 16.348
57140.100 16.348
57140.100 16.350
57140.100 16.350
57140.100 16.350
57140.100 16.350
57140.100 16.374
57140.100 16.374
57140.100 16.384
57140.100 16.384
57140.100 16.393
57140.100 16.393
57140.100 16.400
57140.100 16.400
57141.170 16.339
57141.170 16.339
57141.170 16.346
57141.170 16.346
57141.170 16.347
57141.170 16.347
57141.170 16.348
57141.170 16.348
57141.170 16.349
57141.170 16.349
57141.170 16.372
57141.170 16.372
57141.170 16.382
57141.170 16.382
57141.170 16.391
57141.170 16.391
57141.170 16.398
57141.170 16.398
57141.637 16.339
57141.637 16.339
57141.637 16.346
57141.637 16.346
57141.637 16.346
57141.637 16.346
57141.637 16.348
57141.637 16.348
57141.637 16.348
57141.637 16.348
57141.637 16.371
57141.637 16.371
57141.637 16.381
57141.637 16.381
57141.637 16.390
57141.637 16.390
57141.637 16.397
57141.637 16.397
57144.468 16.343
57144.468 16.343
57144.468 16.345
57144.468 16.345
57144.468 16.345
57144.468 16.345
57144.468 16.358
57144.468 16.358
57144.468 16.366
57144.468 16.366
57144.468 16.367
57144.468 16.367
57144.468 16.378
57144.468 16.378
57144.468 16.386
57144.468 16.386
57144.468 16.393
57144.468 16.393
57144.710 16.342
57144.710 16.342
57144.710 16.345
57144.710 16.345
57144.710 16.345
57144.710 16.345
57144.710 16.363
57144.710 16.363
57144.710 16.367
57144.710 16.367
57144.710 16.370
57144.710 16.370
57144.710 16.377
57144.710 16.377
57144.710 16.386
57144.710 16.386
57144.710 16.393
57144.710 16.393
57144.890 16.342
57144.890 16.342
57144.890 16.345
57144.890 16.345
57144.890 16.345
57144.890 16.345
57144.890 16.366
57144.890 16.366
57144.890 16.367
57144.890 16.367
57144.890 16.374
57144.890 16.374
57144.890 16.377
57144.890 16.377
57144.890 16.385
57144.890 16.385
57144.890 16.393
57144.890 16.393
57147.073 16.343
57147.073 16.343
57147.073 16.357
57147.073 16.357
57147.073 16.374
57147.073 16.374
57147.073 16.391
57147.073 16.391
57147.073 16.398
57147.073 16.398
57147.073 16.400
57147.073 16.400
57147.073 16.406
57147.073 16.406
57147.073 16.406
57147.073 16.406
57147.073 16.414
57147.073 16.414
57148.310 16.343
57148.310 16.343
57148.310 16.380
57148.310 16.380
57148.310 16.398
57148.310 16.398
57148.310 16.412
57148.310 16.412
57148.310 16.421
57148.310 16.421
57148.310 16.423
57148.310 16.423
57148.310 16.429
57148.310 16.429
57148.310 16.429
57148.310 16.429
57148.310 16.437
57148.310 16.437
57150.030 16.373
57150.030 16.373
57150.030 16.413
57150.030 16.413
57150.030 16.431
57150.030 16.431
57150.030 16.443
57150.030 16.443
57150.030 16.452
57150.030 16.452
57150.030 16.454
57150.030 16.454
57150.030 16.461
57150.030 16.461
57150.030 16.461
57150.030 16.461
57150.030 16.469
57150.030 16.469
57150.960 16.391
57150.960 16.391
57150.960 16.430
57150.960 16.430
57150.960 16.448
57150.960 16.448
57150.960 16.460
57150.960 16.460
57150.960 16.470
57150.960 16.470
57150.960 16.471
57150.960 16.471
57150.960 16.478
57150.960 16.478
57150.960 16.478
57150.960 16.478
57150.960 16.487
57150.960 16.487
57151.187 16.395
57151.187 16.395
57151.187 16.435
57151.187 16.435
57151.187 16.453
57151.187 16.453
57151.187 16.464
57151.187 16.464
57151.187 16.474
57151.187 16.474
57151.187 16.475
57151.187 16.475
57151.187 16.482
57151.187 16.482
57151.187 16.483
57151.187 16.483
57151.187 16.491
57151.187 16.491
57152.160 16.415
57152.160 16.415
57152.160 16.453
57152.160 16.453
57152.160 16.471
57152.160 16.471
57152.160 16.482
57152.160 16.482
57152.160 16.492
57152.160 16.492
57152.160 16.493
57152.160 16.493
57152.160 16.500
57152.160 16.500
57152.160 16.501
57152.160 16.501
57152.160 16.509
57152.160 16.509
57152.508 16.421
57152.508 16.421
57152.508 16.460
57152.508 16.460
57152.508 16.478
57152.508 16.478
57152.508 16.488
57152.508 16.488
57152.508 16.498
57152.508 16.498
57152.508 16.500
57152.508 16.500
57152.508 16.506
57152.508 16.506
57152.508 16.507
57152.508 16.507
57152.508 16.516
57152.508 16.516
57155.150 16.473
57155.150 16.473
57155.150 16.510
57155.150 16.510
57155.150 16.529
57155.150 16.529
57155.150 16.537
57155.150 16.537
57155.150 16.547
57155.150 16.547
57155.150 16.549
57155.150 16.549
57155.150 16.556
57155.150 16.556
57155.150 16.557
57155.150 16.557
57155.150 16.566
57155.150 16.566
57155.760 16.485
57155.760 16.485
57155.760 16.522
57155.760 16.522
57155.760 16.541
57155.760 16.541
57155.760 16.548
57155.760 16.548
57155.760 16.558
57155.760 16.558
57155.760 16.560
57155.760 16.560
57155.760 16.567
57155.760 16.567
57155.760 16.568
57155.760 16.568
57155.760 16.577
57155.760 16.577
57157.944 16.528
57157.944 16.528
57157.944 16.564
57157.944 16.564
57157.944 16.583
57157.944 16.583
57157.944 16.589
57157.944 16.589
57157.944 16.598
57157.944 16.598
57157.944 16.601
57157.944 16.601
57157.944 16.608
57157.944 16.608
57157.944 16.609
57157.944 16.609
57157.944 16.618
57157.944 16.618
57158.800 16.545
57158.800 16.545
57158.800 16.580
57158.800 16.580
57158.800 16.600
57158.800 16.600
57158.800 16.605
57158.800 16.605
57158.800 16.614
57158.800 16.614
57158.800 16.617
57158.800 16.617
57158.800 16.624
57158.800 16.624
57158.800 16.626
57158.800 16.626
57158.800 16.634
57158.800 16.634
57160.050 16.569
57160.050 16.569
57160.050 16.604
57160.050 16.604
57160.050 16.624
57160.050 16.624
57160.050 16.628
57160.050 16.628
57160.050 16.637
57160.050 16.637
57160.050 16.640
57160.050 16.640
57160.050 16.647
57160.050 16.647
57160.050 16.649
57160.050 16.649
57160.050 16.658
57160.050 16.658
57160.630 16.580
57160.630 16.580
57160.630 16.615
57160.630 16.615
57160.630 16.635
57160.630 16.635
57160.630 16.639
57160.630 16.639
57160.630 16.648
57160.630 16.648
57160.630 16.651
57160.630 16.651
57160.630 16.658
57160.630 16.658
57160.630 16.660
57160.630 16.660
57160.630 16.669
57160.630 16.669
57161.010 16.588
57161.010 16.588
57161.010 16.622
57161.010 16.622
57161.010 16.642
57161.010 16.642
57161.010 16.646
57161.010 16.646
57161.010 16.655
57161.010 16.655
57161.010 16.658
57161.010 16.658
57161.010 16.665
57161.010 16.665
57161.010 16.667
57161.010 16.667
57161.010 16.676
57161.010 16.676
57161.700 16.601
57161.700 16.601
57161.700 16.636
57161.700 16.636
57161.700 16.655
57161.700 16.655
57161.700 16.659
57161.700 16.659
57161.700 16.667
57161.700 16.667
57161.700 16.671
57161.700 16.671
57161.700 16.678
57161.700 16.678
57161.700 16.680
57161.700 16.680
57161.700 16.689
57161.700 16.689
57162.730 16.621
57162.730 16.621
57162.730 16.655
57162.730 16.655
57162.730 16.675
57162.730 16.675
57162.730 16.678
57162.730 16.678
57162.730 16.686
57162.730 16.686
57162.730 16.691
57162.730 16.691
57162.730 16.697
57162.730 16.697
57162.730 16.700
57162.730 16.700
57162.730 16.708
57162.730 16.708
57162.900 16.625
57162.900 16.625
57162.900 16.659
57162.900 16.659
57162.900 16.679
57162.900 16.679
57162.900 16.681
57162.900 16.681
57162.900 16.689
57162.900 16.689
57162.900 16.694
57162.900 16.694
57162.900 16.701
57162.900 16.701
57162.900 16.703
57162.900 16.703
57162.900 16.712
57162.900 16.712
57163.380 16.634
57163.380 16.634
57163.380 16.668
57163.380 16.668
57163.380 16.688
57163.380 16.688
57163.380 16.690
57163.380 16.690
57163.380 16.698
57163.380 16.698
57163.380 16.703
57163.380 16.703
57163.380 16.710
57163.380 16.710
57163.380 16.712
57163.380 16.712
57163.380 16.721
57163.380 16.721
57166.353 16.691
57166.353 16.691
57166.353 16.724
57166.353 16.724
57166.353 16.745
57166.353 16.745
57166.353 16.746
57166.353 16.746
57166.353 16.753
57166.353 16.753
57166.353 16.758
57166.353 16.758
57166.353 16.765
57166.353 16.765
57166.353 16.768
57166.353 16.768
57166.353 16.776
57166.353 16.776
57166.920 16.702
57166.920 16.702
57166.920 16.735
57166.920 16.735
57166.920 16.756
57166.920 16.756
57166.920 16.756
57166.920 16.756
57166.920 16.763
57166.920 16.763
57166.920 16.769
57166.920 16.769
57166.920 16.776
57166.920 16.776
57166.920 16.778
57166.920 16.778
57166.920 16.787
57166.920 16.787
57168.816 16.739
57168.816 16.739
57168.816 16.771
57168.816 16.771
57168.816 16.792
57168.816 16.792
57168.816 16.792
57168.816 16.792
57168.816 16.798
57168.816 16.798
57168.816 16.805
57168.816 16.805
57168.816 16.811
57168.816 16.811
57168.816 16.814
57168.816 16.814
57168.816 16.822
57168.816 16.822
57171.900 16.798
57171.900 16.798
57171.900 16.830
57171.900 16.830
57171.900 16.850
57171.900 16.850
57171.900 16.851
57171.900 16.851
57171.900 16.854
57171.900 16.854
57171.900 16.862
57171.900 16.862
57171.900 16.869
57171.900 16.869
57171.900 16.871
57171.900 16.871
57171.900 16.880
57171.900 16.880
57172.407 16.808
57172.407 16.808
57172.407 16.839
57172.407 16.839
57172.407 16.859
57172.407 16.859
57172.407 16.861
57172.407 16.861
57172.407 16.863
57172.407 16.863
57172.407 16.872
57172.407 16.872
57172.407 16.878
57172.407 16.878
57172.407 16.881
57172.407 16.881
57172.407 16.889
57172.407 16.889
57173.380 16.826
57173.380 16.826
57173.380 16.857
57173.380 16.857
57173.380 16.877
57173.380 16.877
57173.380 16.879
57173.380 16.879
57173.380 16.881
57173.380 16.881
57173.380 16.890
57173.380 16.890
57173.380 16.897
57173.380 16.897
57173.380 16.899
57173.380 16.899
57173.380 16.907
57173.380 16.907
57174.252 16.843
57174.252 16.843
57174.252 16.874
57174.252 16.874
57174.252 16.894
57174.252 16.894
57174.252 16.896
57174.252 16.896
57174.252 16.896
57174.252 16.896
57174.252 16.906
57174.252 16.906
57174.252 16.913
57174.252 16.913
57174.252 16.915
57174.252 16.915
57174.252 16.923
57174.252 16.923
57175.020 16.857
57175.020 16.857
57175.020 16.888
57175.020 16.888
57175.020 16.908
57175.020 16.908
57175.020 16.910
57175.020 16.910
57175.020 16.910
57175.020 16.910
57175.020 16.920
57175.020 16.920
57175.020 16.927
57175.020 16.927
57175.020 16.929
57175.020 16.929
57175.020 16.938
57175.020 16.938
57176.950 16.893
57176.950 16.893
57176.950 16.924
57176.950 16.924
57176.950 16.944
57176.950 16.944
57176.950 16.945
57176.950 16.945
57176.950 16.947
57176.950 16.947
57176.950 16.956
57176.950 16.956
57176.950 16.963
57176.950 16.963
57176.950 16.965
57176.950 16.965
57176.950 16.973
57176.950 16.973
57178.110 16.915
57178.110 16.915
57178.110 16.946
57178.110 16.946
57178.110 16.966
57178.110 16.966
57178.110 16.966
57178.110 16.966
57178.110 16.968
57178.110 16.968
57178.110 16.977
57178.110 16.977
57178.110 16.984
57178.110 16.984
57178.110 16.986
57178.110 16.986
57178.110 16.994
57178.110 16.994
57179.110 16.934
57179.110 16.934
57179.110 16.964
57179.110 16.964
57179.110 16.984
57179.110 16.984
57179.110 16.984
57179.110 16.984
57179.110 16.987
57179.110 16.987
57179.110 16.996
57179.110 16.996
57179.110 17.003
57179.110 17.003
57179.110 17.005
57179.110 17.005
57179.110 17.013
57179.110 17.013
57179.687 16.945
57179.687 16.945
57179.687 16.975
57179.687 16.975
57179.687 16.994
57179.687 16.994
57179.687 16.995
57179.687 16.995
57179.687 16.998
57179.687 16.998
57179.687 17.007
57179.687 17.007
57179.687 17.013
57179.687 17.013
57179.687 17.015
57179.687 17.015
57179.687 17.023
57179.687 17.023
57182.120 16.990
57182.120 16.990
57182.120 17.020
57182.120 17.020
57182.120 17.037
57182.120 17.037
57182.120 17.040
57182.120 17.040
57182.120 17.043
57182.120 17.043
57182.120 17.051
57182.120 17.051
57182.120 17.058
57182.120 17.058
57182.120 17.060
57182.120 17.060
57182.120 17.067
57182.120 17.067
57183.020 17.006
57183.020 17.006
57183.020 17.037
57183.020 17.037
57183.020 17.053
57183.020 17.053
57183.020 17.057
57183.020 17.057
57183.020 17.060
57183.020 17.060
57183.020 17.068
57183.020 17.068
57183.020 17.074
57183.020 17.074
57183.020 17.076
57183.020 17.076
57183.020 17.084
57183.020 17.084
57184.030 17.025
57184.030 17.025
57184.030 17.055
57184.030 17.055
57184.030 17.071
57184.030 17.071
57184.030 17.075
57184.030 17.075
57184.030 17.078
57184.030 17.078
57184.030 17.086
57184.030 17.086
57184.030 17.093
57184.030 17.093
57184.030 17.094
57184.030 17.094
57184.030 17.102
57184.030 17.102
57184.960 17.042
57184.960 17.042
57184.960 17.072
57184.960 17.072
57184.960 17.087
57184.960 17.087
57184.960 17.092
57184.960 17.092
57184.960 17.096
57184.960 17.096
57184.960 17.103
57184.960 17.103
57184.960 17.109
57184.960 17.109
57184.960 17.111
57184.960 17.111
57184.960 17.119
57184.960 17.119
57185.020 17.043
57185.020 17.043
57185.020 17.073
57185.020 17.073
57185.020 17.088
57185.020 17.088
57185.020 17.093
57185.020 17.093
57185.020 17.097
57185.020 17.097
57185.020 17.104
57185.020 17.104
57185.020 17.110
57185.020 17.110
57185.020 17.112
57185.020 17.112
57185.020 17.120
57185.020 17.120
57185.123 17.045
57185.123 17.045
57185.123 17.075
57185.123 17.075
57185.123 17.090
57185.123 17.090
57185.123 17.095
57185.123 17.095
57185.123 17.099
57185.123 17.099
57185.123 17.106
57185.123 17.106
57185.123 17.112
57185.123 17.112
57185.123 17.114
57185.123 17.114
57185.123 17.121
57185.123 17.121
57185.212 17.046
57185.212 17.046
57185.212 17.077
57185.212 17.077
57185.212 17.092
57185.212 17.092
57185.212 17.097
57185.212 17.097
57185.212 17.100
57185.212 17.100
57185.212 17.108
57185.212 17.108
57185.212 17.114
57185.212 17.114
57185.212 17.116
57185.212 17.116
57185.212 17.123
57185.212 17.123
57186.770 17.075
57186.770 17.075
57186.770 17.105
57186.770 17.105
57186.770 17.119
57186.770 17.119
57186.770 17.126
57186.770 17.126
57186.770 17.129
57186.770 17.129
57186.770 17.136
57186.770 17.136
57186.770 17.142
57186.770 17.142
57186.770 17.144
57186.770 17.144
57186.770 17.151
57186.770 17.151
57190.559 17.143
57190.559 17.143
57190.559 17.173
57190.559 17.173
57190.559 17.185
57190.559 17.185
57190.559 17.195
57190.559 17.195
57190.559 17.198
57190.559 17.198
57190.559 17.204
57190.559 17.204
57190.559 17.210
57190.559 17.210
57190.559 17.211
57190.559 17.211
57190.559 17.218
57190.559 17.218
57192.710 17.181
57192.710 17.181
57192.710 17.212
57192.710 17.212
57192.710 17.222
57192.710 17.222
57192.710 17.233
57192.710 17.233
57192.710 17.236
57192.710 17.236
57192.710 17.243
57192.710 17.243
57192.710 17.248
57192.710 17.248
57192.710 17.249
57192.710 17.249
57192.710 17.256
57192.710 17.256
57195.995 17.239
57195.995 17.239
57195.995 17.270
57195.995 17.270
57195.995 17.278
57195.995 17.278
57195.995 17.292
57195.995 17.292
57195.995 17.295
57195.995 17.295
57195.995 17.301
57195.995 17.301
57195.995 17.306
57195.995 17.306
57195.995 17.307
57195.995 17.307
57195.995 17.313
57195.995 17.313
57199.060 17.293
57199.060 17.293
57199.060 17.324
57199.060 17.324
57199.060 17.330
57199.060 17.330
57199.060 17.347
57199.060 17.347
57199.060 17.349
57199.060 17.349
57199.060 17.355
57199.060 17.355
57199.060 17.360
57199.060 17.360
57199.060 17.360
57199.060 17.360
57199.060 17.366
57199.060 17.366
57199.380 17.298
57199.380 17.298
57199.380 17.329
57199.380 17.329
57199.380 17.335
57199.380 17.335
57199.380 17.353
57199.380 17.353
57199.380 17.355
57199.380 17.355
57199.380 17.360
57199.380 17.360
57199.380 17.365
57199.380 17.365
57199.380 17.365
57199.380 17.365
57199.380 17.371
57199.380 17.371
57201.430 17.334
57201.430 17.334
57201.430 17.365
57201.430 17.365
57201.430 17.369
57201.430 17.369
57201.430 17.389
57201.430 17.389
57201.430 17.390
57201.430 17.390
57201.430 17.396
57201.430 17.396
57201.430 17.401
57201.430 17.401
57201.430 17.401
57201.430 17.401
57201.430 17.406
57201.430 17.406
57205.700 17.407
57205.700 17.407
57205.700 17.438
57205.700 17.438
57205.700 17.440
57205.700 17.440
57205.700 17.463
57205.700 17.463
57205.700 17.464
57205.700 17.464
57205.700 17.469
57205.700 17.469
57205.700 17.473
57205.700 17.473
57205.700 17.474
57205.700 17.474
57205.700 17.478
57205.700 17.478
57206.340 17.417
57206.340 17.417
57206.340 17.449
57206.340 17.449
57206.340 17.450
57206.340 17.450
57206.340 17.474
57206.340 17.474
57206.340 17.475
57206.340 17.475
57206.340 17.480
57206.340 17.480
57206.340 17.484
57206.340 17.484
57206.340 17.485
57206.340 17.485
57206.340 17.489
57206.340 17.489
57206.833 17.426
57206.833 17.426
57206.833 17.457
57206.833 17.457
57206.833 17.458
57206.833 17.458
57206.833 17.483
57206.833 17.483
57206.833 17.483
57206.833 17.483
57206.833 17.489
57206.833 17.489
57206.833 17.492
57206.833 17.492
57206.833 17.493
57206.833 17.493
57206.833 17.497
57206.833 17.497
57206.866 17.426
57206.866 17.426
57206.866 17.457
57206.866 17.457
57206.866 17.459
57206.866 17.459
57206.866 17.483
57206.866 17.483
57206.866 17.484
57206.866 17.484
57206.866 17.489
57206.866 17.489
57206.866 17.493
57206.866 17.493
57206.866 17.493
57206.866 17.493
57206.866 17.498
57206.866 17.498
57210.040 17.479
57210.040 17.479
57210.040 17.511
57210.040 17.511
57210.040 17.511
57210.040 17.511
57210.040 17.538
57210.040 17.538
57210.040 17.538
57210.040 17.538
57210.040 17.543
57210.040 17.543
57210.040 17.545
57210.040 17.545
57210.040 17.547
57210.040 17.547
57210.040 17.550
57210.040 17.550
57212.302 17.517
57212.302 17.517
57212.302 17.547
57212.302 17.547
57212.302 17.548
57212.302 17.548
57212.302 17.576
57212.302 17.576
57212.302 17.576
57212.302 17.576
57212.302 17.581
57212.302 17.581
57212.302 17.583
57212.302 17.583
57212.302 17.584
57212.302 17.584
57212.302 17.587
57212.302 17.587
57212.390 17.518
57212.390 17.518
57212.390 17.548
57212.390 17.548
57212.390 17.550
57212.390 17.550
57212.390 17.577
57212.390 17.577
57212.390 17.578
57212.390 17.578
57212.390 17.582
57212.390 17.582
57212.390 17.584
57212.390 17.584
57212.390 17.586
57212.390 17.586
57212.390 17.589
57212.390 17.589
57217.730 17.606
57217.730 17.606
57217.730 17.633
57217.730 17.633
57217.730 17.638
57217.730 17.638
57217.730 17.665
57217.730 17.665
57217.730 17.667
57217.730 17.667
57217.730 17.670
57217.730 17.670
57217.730 17.671
57217.730 17.671
57217.730 17.673
57217.730 17.673
57217.730 17.675
57217.730 17.675
57217.738 17.606
57217.738 17.606
57217.738 17.633
57217.738 17.633
57217.738 17.638
57217.738 17.638
57217.738 17.665
57217.738 17.665
57217.738 17.667
57217.738 17.667
57217.738 17.671
57217.738 17.671
57217.738 17.671
57217.738 17.671
57217.738 17.673
57217.738 17.673
57217.738 17.675
57217.738 17.675
57221.000 17.658
57221.000 17.658
57221.000 17.685
57221.000 17.685
57221.000 17.690
57221.000 17.690
57221.000 17.718
57221.000 17.718
57221.000 17.721
57221.000 17.721
57221.000 17.724
57221.000 17.724
57221.000 17.724
57221.000 17.724
57221.000 17.726
57221.000 17.726
57221.000 17.727
57221.000 17.727
57223.173 17.693
57223.173 17.693
57223.173 17.718
57223.173 17.718
57223.173 17.725
57223.173 17.725
57223.173 17.753
57223.173 17.753
57223.173 17.757
57223.173 17.757
57223.173 17.758
57223.173 17.758
57223.173 17.759
57223.173 17.759
57223.173 17.761
57223.173 17.761
57223.173 17.762
57223.173 17.762
57228.609 17.778
57228.609 17.778
57228.609 17.802
57228.609 17.802
57228.609 17.811
57228.609 17.811
57228.609 17.840
57228.609 17.840
57228.609 17.843
57228.609 17.843
57228.609 17.844
57228.609 17.844
57228.609 17.845
57228.609 17.845
57228.609 17.846
57228.609 17.846
57228.609 17.846
57228.609 17.846
57230.350 17.805
57230.350 17.805
57230.350 17.828
57230.350 17.828
57230.350 17.838
57230.350 17.838
57230.350 17.867
57230.350 17.867
57230.350 17.870
57230.350 17.870
57230.350 17.872
57230.350 17.872
57230.350 17.872
57230.350 17.872
57230.350 17.873
57230.350 17.873
57230.350 17.874
57230.350 17.874
57232.370 17.836
57232.370 17.836
57232.370 17.858
57232.370 17.858
57232.370 17.869
57232.370 17.869
57232.370 17.898
57232.370 17.898
57232.370 17.901
57232.370 17.901
57232.370 17.903
57232.370 17.903
57232.370 17.904
57232.370 17.904
57232.370 17.904
57232.370 17.904
57232.370 17.905
57232.370 17.905
57234.045 17.862
57234.045 17.862
57234.045 17.883
57234.045 17.883
57234.045 17.895
57234.045 17.895
57234.045 17.924
57234.045 17.924
57234.045 17.927
57234.045 17.927
57234.045 17.929
57234.045 17.929
57234.045 17.929
57234.045 17.929
57234.045 17.930
57234.045 17.930
57234.045 17.931
57234.045 17.931
57236.710 17.902
57236.710 17.902
57236.710 17.923
57236.710 17.923
57236.710 17.936
57236.710 17.936
57236.710 17.965
57236.710 17.965
57236.710 17.967
57236.710 17.967
57236.710 17.970
57236.710 17.970
57236.710 17.970
57236.710 17.970
57236.710 17.971
57236.710 17.971
57236.710 17.971
57236.710 17.971
57239.481 17.944
57239.481 17.944
57239.481 17.964
57239.481 17.964
57239.481 17.977
57239.481 17.977
57239.481 18.007
57239.481 18.007
57239.481 18.009
57239.481 18.009
57239.481 18.011
57239.481 18.011
57239.481 18.012
57239.481 18.012
57239.481 18.013
57239.481 18.013
57239.481 18.014
57239.481 18.014
57244.916 18.025
57244.916 18.025
57244.916 18.043
57244.916 18.043
57244.916 18.058
57244.916 18.058
57244.916 18.088
57244.916 18.088
57244.916 18.089
57244.916 18.089
57244.916 18.091
57244.916 18.091
57244.916 18.093
57244.916 18.093
57244.916 18.094
57244.916 18.094
57244.916 18.096
57244.916 18.096
57250.352 18.104
57250.352 18.104
57250.352 18.120
57250.352 18.120
57250.352 18.138
57250.352 18.138
57250.352 18.168
57250.352 18.168
57250.352 18.169
57250.352 18.169
57250.352 18.170
57250.352 18.170
57250.352 18.173
57250.352 18.173
57250.352 18.173
57250.352 18.173
57250.352 18.177
57250.352 18.177
57255.788 18.182
57255.788 18.182
57255.788 18.197
57255.788 18.197
57255.788 18.216
57255.788 18.216
57255.788 18.246
57255.788 18.246
57255.788 18.246
57255.788 18.246
57255.788 18.247
57255.788 18.247
57255.788 18.251
57255.788 18.251
57255.788 18.252
57255.788 18.252
57255.788 18.256
57255.788 18.256
57261.224 18.259
57261.224 18.259
57261.224 18.272
57261.224 18.272
57261.224 18.293
57261.224 18.293
57261.224 18.323
57261.224 18.323
57261.224 18.323
57261.224 18.323
57261.224 18.323
57261.224 18.323
57261.224 18.328
57261.224 18.328
57261.224 18.328
57261.224 18.328
57261.224 18.334
57261.224 18.334
57266.659 18.334
57266.659 18.334
57266.659 18.346
57266.659 18.346
57266.659 18.368
57266.659 18.368
57266.659 18.398
57266.659 18.398
57266.659 18.398
57266.659 18.398
57266.659 18.399
57266.659 18.399
57266.659 18.403
57266.659 18.403
57266.659 18.404
57266.659 18.404
57266.659 18.410
57266.659 18.410
57272.095 18.408
57272.095 18.408
57272.095 18.418
57272.095 18.418
57272.095 18.443
57272.095 18.443
57272.095 18.471
57272.095 18.471
57272.095 18.472
57272.095 18.472
57272.095 18.473
57272.095 18.473
57272.095 18.477
57272.095 18.477
57272.095 18.478
57272.095 18.478
57272.095 18.485
57272.095 18.485
57277.531 18.481
57277.531 18.481
57277.531 18.490
57277.531 18.490
57277.531 18.516
57277.531 18.516
57277.531 18.544
57277.531 18.544
57277.531 18.545
57277.531 18.545
57277.531 18.547
57277.531 18.547
57277.531 18.550
57277.531 18.550
57277.531 18.551
57277.531 18.551
57277.531 18.559
57277.531 18.559
57282.967 18.553
57282.967 18.553
57282.967 18.560
57282.967 18.560
57282.967 18.588
57282.967 18.588
57282.967 18.615
57282.967 18.615
57282.967 18.616
57282.967 18.616
57282.967 18.619
57282.967 18.619
57282.967 18.622
57282.967 18.622
57282.967 18.623
57282.967 18.623
57282.967 18.631
57282.967 18.631
57288.402 18.624
57288.402 18.624
57288.402 18.630
57288.402 18.630
57288.402 18.658
57288.402 18.658
57288.402 18.685
57288.402 18.685
57288.402 18.687
57288.402 18.687
57288.402 18.689
57288.402 18.689
57288.402 18.693
57288.402 18.693
57288.402 18.694
57288.402 18.694
57288.402 18.703
57288.402 18.703
57293.838 18.694
57293.838 18.694
57293.838 18.698
57293.838 18.698
57293.838 18.728
57293.838 18.728
57293.838 18.754
57293.838 18.754
57293.838 18.756
57293.838 18.756
57293.838 18.759
57293.838 18.759
57293.838 18.762
57293.838 18.762
57293.838 18.763
57293.838 18.763
57293.838 18.773
57293.838 18.773
57299.274 18.763
57299.274 18.763
57299.274 18.765
57299.274 18.765
57299.274 18.797
57299.274 18.797
57299.274 18.822
57299.274 18.822
57299.274 18.825
57299.274 18.825
57299.274 18.828
57299.274 18.828
57299.274 18.831
57299.274 18.831
57299.274 18.832
57299.274 18.832
57299.274 18.842
57299.274 18.842
57304.710 18.830
57304.710 18.830
57304.710 18.832
57304.710 18.832
57304.710 18.864
57304.710 18.864
57304.710 18.890
57304.710 18.890
57304.710 18.892
57304.710 18.892
57304.710 18.895
57304.710 18.895
57304.710 18.898
57304.710 18.898
57304.710 18.899
57304.710 18.899
57304.710 18.910
57304.710 18.910
57310.145 18.897
57310.145 18.897
57310.145 18.897
57310.145 18.897
57310.145 18.931
57310.145 18.931
57310.145 18.956
57310.145 18.956
57310.145 18.959
57310.145 18.959
57310.145 18.962
57310.145 18.962
57310.145 18.965
57310.145 18.965
57310.145 18.966
57310.145 18.966
57310.145 18.977
57310.145 18.977
57315.581 18.962
57315.581 18.962
57315.581 18.963
57315.581 18.963
57315.581 18.997
57315.581 18.997
57315.581 19.021
57315.581 19.021
57315.581 19.024
57315.581 19.024
57315.581 19.028
57315.581 19.028
57315.581 19.030
57315.581 19.030
57315.581 19.031
57315.581 19.031
57315.581 19.042
57315.581 19.042
57321.017 19.025
57321.017 19.025
57321.017 19.028
57321.017 19.028
57321.017 19.061
57321.017 19.061
57321.017 19.085
57321.017 19.085
57321.017 19.089
57321.017 19.089
57321.017 19.093
57321.017 19.093
57321.017 19.095
57321.017 19.095
57321.017 19.096
57321.017 19.096
57321.017 19.107
57321.017 19.107
57326.453 19.088
57326.453 19.088
57326.453 19.092
57326.453 19.092
57326.453 19.125
57326.453 19.125
57326.453 19.148
57326.453 19.148
57326.453 19.152
57326.453 19.152
57326.453 19.156
57326.453 19.156
57326.453 19.159
57326.453 19.159
57326.453 19.159
57326.453 19.159
57326.453 19.171
57326.453 19.171
57330.722 19.137
57330.722 19.137
57330.722 19.141
57330.722 19.141
57330.722 19.175
57330.722 19.175
57330.722 19.198
57330.722 19.198
57330.722 19.202
57330.722 19.202
57330.722 19.206
57330.722 19.206
57330.722 19.208
57330.722 19.208
57330.722 19.209
57330.722 19.209
57330.722 19.221
57330.722 19.221
57331.888 19.150
57331.888 19.150
57331.888 19.155
57331.888 19.155
57331.888 19.188
57331.888 19.188
57331.888 19.211
57331.888 19.211
57331.888 19.215
57331.888 19.215
57331.888 19.219
57331.888 19.219
57331.888 19.222
57331.888 19.222
57331.888 19.222
57331.888 19.222
57331.888 19.235
57331.888 19.235
57335.787 19.194
57335.787 19.194
57335.787 19.200
57335.787 19.200
57335.787 19.233
57335.787 19.233
57335.787 19.255
57335.787 19.255
57335.787 19.260
57335.787 19.260
57335.787 19.264
57335.787 19.264
57335.787 19.266
57335.787 19.266
57335.787 19.267
57335.787 19.267
57335.787 19.279
57335.787 19.279
57337.324 19.211
57337.324 19.211
57337.324 19.217
57337.324 19.217
57337.324 19.251
57337.324 19.251
57337.324 19.273
57337.324 19.273
57337.324 19.277
57337.324 19.277
57337.324 19.281
57337.324 19.281
57337.324 19.284
57337.324 19.284
57337.324 19.284
57337.324 19.284
57337.324 19.297
57337.324 19.297
57342.760 19.271
57342.760 19.271
57342.760 19.279
57342.760 19.279
57342.760 19.312
57342.760 19.312
57342.760 19.333
57342.760 19.333
57342.760 19.338
57342.760 19.338
57342.760 19.343
57342.760 19.343
57342.760 19.345
57342.760 19.345
57342.760 19.345
57342.760 19.345
57342.760 19.358
57342.760 19.358
57348.196 19.331
57348.196 19.331
57348.196 19.339
57348.196 19.339
57348.196 19.372
57348.196 19.372
57348.196 19.393
57348.196 19.393
57348.196 19.398
57348.196 19.398
57348.196 19.403
57348.196 19.403
57348.196 19.405
57348.196 19.405
57348.196 19.405
57348.196 19.405
57348.196 19.419
57348.196 19.419
57353.632 19.389
57353.632 19.389
57353.632 19.399
57353.632 19.399
57353.632 19.432
57353.632 19.432
57353.632 19.453
57353.632 19.453
57353.632 19.458
57353.632 19.458
57353.632 19.462
57353.632 19.462
57353.632 19.465
57353.632 19.465
57353.632 19.465
57353.632 19.465
57353.632 19.478
57353.632 19.478
57359.067 19.447
57359.067 19.447
57359.067 19.458
57359.067 19.458
57359.067 19.491
57359.067 19.491
57359.067 19.511
57359.067 19.511
57359.067 19.517
57359.067 19.517
57359.067 19.521
57359.067 19.521
57359.067 19.523
57359.067 19.523
57359.067 19.524
57359.067 19.524
57359.067 19.537
57359.067 19.537
57364.503 19.504
57364.503 19.504
57364.503 19.516
57364.503 19.516
57364.503 19.549
57364.503 19.549
57364.503 19.569
57364.503 19.569
57364.503 19.575
57364.503 19.575
57364.503 19.579
57364.503 19.579
57364.503 19.581
57364.503 19.581
57364.503 19.582
57364.503 19.582
57364.503 19.595
57364.503 19.595
57369.939 19.561
57369.939 19.561
57369.939 19.574
57369.939 19.574
57369.939 19.606
57369.939 19.606
57369.939 19.626
57369.939 19.626
57369.939 19.632
57369.939 19.632
57369.939 19.637
57369.939 19.637
57369.939 19.638
57369.939 19.638
57369.939 19.639
57369.939 19.639
57369.939 19.653
57369.939 19.653
57373.330 19.596
57373.330 19.596
57373.330 19.610
57373.330 19.610
57373.330 19.642
57373.330 19.642
57373.330 19.661
57373.330 19.661
57373.330 19.667
57373.330 19.667
57373.330 19.672
57373.330 19.672
57373.330 19.674
57373.330 19.674
57373.330 19.674
57373.330 19.674
57373.330 19.688
57373.330 19.688
57375.375 19.616
57375.375 19.616
57375.375 19.631
57375.375 19.631
57375.375 19.663
57375.375 19.663
57375.375 19.682
57375.375 19.682
57375.375 19.689
57375.375 19.689
57375.375 19.693
57375.375 19.693
57375.375 19.695
57375.375 19.695
57375.375 19.696
57375.375 19.696
57375.375 19.710
57375.375 19.710
57378.080 19.644
57378.080 19.644
57378.080 19.659
57378.080 19.659
57378.080 19.691
57378.080 19.691
57378.080 19.710
57378.080 19.710
57378.080 19.716
57378.080 19.716
57378.080 19.721
57378.080 19.721
57378.080 19.723
57378.080 19.723
57378.080 19.723
57378.080 19.723
57378.080 19.738
57378.080 19.738
57379.200 19.655
57379.200 19.655
57379.200 19.670
57379.200 19.670
57379.200 19.703
57379.200 19.703
57379.200 19.722
57379.200 19.722
57379.200 19.728
57379.200 19.728
57379.200 19.733
57379.200 19.733
57379.200 19.734
57379.200 19.734
57379.200 19.735
57379.200 19.735
57379.200 19.749
57379.200 19.749
57380.810 19.671
57380.810 19.671
57380.810 19.687
57380.810 19.687
57380.810 19.719
57380.810 19.719
57380.810 19.738
57380.810 19.738
57380.810 19.744
57380.810 19.744
57380.810 19.749
57380.810 19.749
57380.810 19.750
57380.810 19.750
57380.810 19.751
57380.810 19.751
57380.810 19.766
57380.810 19.766
57386.246 19.726
57386.246 19.726
57386.246 19.742
57386.246 19.742
57386.246 19.774
57386.246 19.774
57386.246 19.793
57386.246 19.793
57386.246 19.800
57386.246 19.800
57386.246 19.804
57386.246 19.804
57386.246 19.805
57386.246 19.805
57386.246 19.807
57386.246 19.807
57386.246 19.821
57386.246 19.821
57391.682 19.780
57391.682 19.780
57391.682 19.797
57391.682 19.797
57391.682 19.829
57391.682 19.829
57391.682 19.847
57391.682 19.847
57391.682 19.854
57391.682 19.854
57391.682 19.859
57391.682 19.859
57391.682 19.860
57391.682 19.860
57391.682 19.861
57391.682 19.861
57391.682 19.876
57391.682 19.876
57397.118 19.833
57397.118 19.833
57397.118 19.851
57397.118 19.851
57397.118 19.883
57397.118 19.883
57397.118 19.901
57397.118 19.901
57397.118 19.908
57397.118 19.908
57397.118 19.913
57397.118 19.913
57397.118 19.914
57397.118 19.914
57397.118 19.915
57397.118 19.915
57397.118 19.929
57397.118 19.929
57401.580 19.876
57401.580 19.876
57401.580 19.895
57401.580 19.895
57401.580 19.927
57401.580 19.927
57401.580 19.944
57401.580 19.944
57401.580 19.952
57401.580 19.952
57401.580 19.956
57401.580 19.956
57401.580 19.957
57401.580 19.957
57401.580 19.959
57401.580 19.959
57401.580 19.973
57401.580 19.973
57402.553 19.885
57402.553 19.885
57402.553 19.905
57402.553 19.905
57402.553 19.936
57402.553 19.936
57402.553 19.954
57402.553 19.954
57402.553 19.961
57402.553 19.961
57402.553 19.966
57402.553 19.966
57402.553 19.967
57402.553 19.967
57402.553 19.968
57402.553 19.968
57402.553 19.983
57402.553 19.983
57403.500 19.894
57403.500 19.894
57403.500 19.914
57403.500 19.914
57403.500 19.946
57403.500 19.946
57403.500 19.963
57403.500 19.963
57403.500 19.970
57403.500 19.970
57403.500 19.975
57403.500 19.975
57403.500 19.976
57403.500 19.976
57403.500 19.978
57403.500 19.978
57403.500 19.992
57403.500 19.992
57404.300 19.902
57404.300 19.902
57404.300 19.922
57404.300 19.922
57404.300 19.953
57404.300 19.953
57404.300 19.971
57404.300 19.971
57404.300 19.978
57404.300 19.978
57404.300 19.983
57404.300 19.983
57404.300 19.984
57404.300 19.984
57404.300 19.985
57404.300 19.985
57404.300 20.000
57404.300 20.000
57407.989 19.937
57407.989 19.937
57407.989 19.958
57407.989 19.958
57407.989 19.989
57407.989 19.989
57407.989 20.006
57407.989 20.006
57407.989 20.014
57407.989 20.014
57407.989 20.019
57407.989 20.019
57407.989 20.019
57407.989 20.019
57407.989 20.021
57407.989 20.021
57407.989 20.036
57407.989 20.036
57409.470 19.951
57409.470 19.951
57409.470 19.972
57409.470 19.972
57409.470 20.003
57409.470 20.003
57409.470 20.020
57409.470 20.020
57409.470 20.028
57409.470 20.028
57409.470 20.033
57409.470 20.033
57409.470 20.033
57409.470 20.033
57409.470 20.035
57409.470 20.035
57409.470 20.050
57409.470 20.050
57413.425 19.988
57413.425 19.988
57413.425 20.010
57413.425 20.010
57413.425 20.041
57413.425 20.041
57413.425 20.058
57413.425 20.058
57413.425 20.066
57413.425 20.066
57413.425 20.071
57413.425 20.071
57413.425 20.071
57413.425 20.071
57413.425 20.073
57413.425 20.073
57413.425 20.088
57413.425 20.088
57418.861 20.039
57418.861 20.039
57418.861 20.062
57418.861 20.062
57418.861 20.093
57418.861 20.093
57418.861 20.109
57418.861 20.109
57418.861 20.117
57418.861 20.117
57418.861 20.122
57418.861 20.122
57418.861 20.122
57418.861 20.122
57418.861 20.125
57418.861 20.125
57418.861 20.139
57418.861 20.139
57423.220 20.079
57423.220 20.079
57423.220 20.103
57423.220 20.103
57423.220 20.134
57423.220 20.134
57423.220 20.150
57423.220 20.150
57423.220 20.158
57423.220 20.158
57423.220 20.163
57423.220 20.163
57423.220 20.163
57423.220 20.163
57423.220 20.165
57423.220 20.165
57423.220 20.180
57423.220 20.180
57423.520 20.082
57423.520 20.082
57423.520 20.106
57423.520 20.106
57423.520 20.137
57423.520 20.137
57423.520 20.152
57423.520 20.152
57423.520 20.161
57423.520 20.161
57423.520 20.166
57423.520 20.166
57423.520 20.166
57423.520 20.166
57423.520 20.168
57423.520 20.168
57423.520 20.183
57423.520 20.183
57424.296 20.089
57424.296 20.089
57424.296 20.113
57424.296 20.113
57424.296 20.144
57424.296 20.144
57424.296 20.160
57424.296 20.160
57424.296 20.168
57424.296 20.168
57424.296 20.173
57424.296 20.173
57424.296 20.173
57424.296 20.173
57424.296 20.175
57424.296 20.175
57424.296 20.190
57424.296 20.190
57425.630 20.101
57425.630 20.101
57425.630 20.125
57425.630 20.125
57425.630 20.156
57425.630 20.156
57425.630 20.172
57425.630 20.172
57425.630 20.180
57425.630 20.180
57425.630 20.185
57425.630 20.185
57425.630 20.185
57425.630 20.185
57425.630 20.188
57425.630 20.188
57425.630 20.202
57425.630 20.202
57429.732 20.139
57429.732 20.139
57429.732 20.163
57429.732 20.163
57429.732 20.194
57429.732 20.194
57429.732 20.210
57429.732 20.210
57429.732 20.218
57429.732 20.218
57429.732 20.223
57429.732 20.223
57429.732 20.223
57429.732 20.223
57429.732 20.226
57429.732 20.226
57429.732 20.240
57429.732 20.240
57433.210 20.170
57433.210 20.170
57433.210 20.195
57433.210 20.195
57433.210 20.226
57433.210 20.226
57433.210 20.241
57433.210 20.241
57433.210 20.250
57433.210 20.250
57433.210 20.255
57433.210 20.255
57433.210 20.255
57433.210 20.255
57433.210 20.258
57433.210 20.258
57433.210 20.272
57433.210 20.272
57433.550 20.173
57433.550 20.173
57433.550 20.199
57433.550 20.199
57433.550 20.229
57433.550 20.229
57433.550 20.245
57433.550 20.245
57433.550 20.253
57433.550 20.253
57433.550 20.258
57433.550 20.258
57433.550 20.258
57433.550 20.258
57433.550 20.261
57433.550 20.261
57433.550 20.275
57433.550 20.275
57435.168 20.188
57435.168 20.188
57435.168 20.213
57435.168 20.213
57435.168 20.244
57435.168 20.244
57435.168 20.259
57435.168 20.259
57435.168 20.268
57435.168 20.268
57435.168 20.273
57435.168 20.273
57435.168 20.273
57435.168 20.273
57435.168 20.275
57435.168 20.275
57435.168 20.290
57435.168 20.290
57437.720 20.211
57437.720 20.211
57437.720 20.237
57437.720 20.237
57437.720 20.267
57437.720 20.267
57437.720 20.282
57437.720 20.282
57437.720 20.291
57437.720 20.291
57437.720 20.296
57437.720 20.296
57437.720 20.296
57437.720 20.296
57437.720 20.299
57437.720 20.299
57437.720 20.313
57437.720 20.313
57440.604 20.236
57440.604 20.236
57440.604 20.263
57440.604 20.263
57440.604 20.293
57440.604 20.293
57440.604 20.308
57440.604 20.308
57440.604 20.317
57440.604 20.317
57440.604 20.322
57440.604 20.322
57440.604 20.322
57440.604 20.322
57440.604 20.325
57440.604 20.325
57440.604 20.339
57440.604 20.339
57444.240 20.268
57444.240 20.268
57444.240 20.296
57444.240 20.296
57444.240 20.326
57444.240 20.326
57444.240 20.341
57444.240 20.341
57444.240 20.350
57444.240 20.350
57444.240 20.354
57444.240 20.354
57444.240 20.354
57444.240 20.354
57444.240 20.357
57444.240 20.357
57444.240 20.372
57444.240 20.372
57446.039 20.284
57446.039 20.284
57446.039 20.312
57446.039 20.312
57446.039 20.342
57446.039 20.342
57446.039 20.357
57446.039 20.357
57446.039 20.366
57446.039 20.366
57446.039 20.370
57446.039 20.370
57446.039 20.370
57446.039 20.370
57446.039 20.373
57446.039 20.373
57446.039 20.388
57446.039 20.388
57450.520 20.323
57450.520 20.323
57450.520 20.352
57450.520 20.352
57450.520 20.382
57450.520 20.382
57450.520 20.396
57450.520 20.396
57450.520 20.405
57450.520 20.405
57450.520 20.410
57450.520 20.410
57450.520 20.410
57450.520 20.410
57450.520 20.413
57450.520 20.413
57450.520 20.428
57450.520 20.428
57451.475 20.332
57451.475 20.332
57451.475 20.360
57451.475 20.360
57451.475 20.390
57451.475 20.390
57451.475 20.404
57451.475 20.404
57451.475 20.414
57451.475 20.414
57451.475 20.418
57451.475 20.418
57451.475 20.418
57451.475 20.418
57451.475 20.421
57451.475 20.421
57451.475 20.436
57451.475 20.436
57456.270 20.373
57456.270 20.373
57456.270 20.402
57456.270 20.402
57456.270 20.432
57456.270 20.432
57456.270 20.446
57456.270 20.446
57456.270 20.456
57456.270 20.456
57456.270 20.460
57456.270 20.460
57456.270 20.460
57456.270 20.460
57456.270 20.463
57456.270 20.463
57456.270 20.478
57456.270 20.478
57456.911 20.379
57456.911 20.379
57456.911 20.408
57456.911 20.408
57456.911 20.438
57456.911 20.438
57456.911 20.452
57456.911 20.452
57456.911 20.461
57456.911 20.461
57456.911 20.465
57456.911 20.465
57456.911 20.466
57456.911 20.466
57456.911 20.469
57456.911 20.469
57456.911 20.484
57456.911 20.484
57458.570 20.393
57458.570 20.393
57458.570 20.422
57458.570 20.422
57458.570 20.452
57458.570 20.452
57458.570 20.466
57458.570 20.466
57458.570 20.476
57458.570 20.476
57458.570 20.480
57458.570 20.480
57458.570 20.480
57458.570 20.480
57458.570 20.484
57458.570 20.484
57458.570 20.498
57458.570 20.498
57462.347 20.425
57462.347 20.425
57462.347 20.455
57462.347 20.455
57462.347 20.485
57462.347 20.485
57462.347 20.499
57462.347 20.499
57462.347 20.509
57462.347 20.509
57462.347 20.512
57462.347 20.512
57462.347 20.513
57462.347 20.513
57462.347 20.516
57462.347 20.516
57462.347 20.531
57462.347 20.531
57465.530 20.452
57465.530 20.452
57465.530 20.483
57465.530 20.483
57465.530 20.512
57465.530 20.512
57465.530 20.526
57465.530 20.526
57465.530 20.536
57465.530 20.536
57465.530 20.540
57465.530 20.540
57465.530 20.540
57465.530 20.540
57465.530 20.544
57465.530 20.544
57465.530 20.558
57465.530 20.558
57467.782 20.471
57467.782 20.471
57467.782 20.502
57467.782 20.502
57467.782 20.532
57467.782 20.532
57467.782 20.545
57467.782 20.545
57467.782 20.555
57467.782 20.555
57467.782 20.559
57467.782 20.559
57467.782 20.560
57467.782 20.560
57467.782 20.563
57467.782 20.563
57467.782 20.577
57467.782 20.577
57473.218 20.516
57473.218 20.516
57473.218 20.548
57473.218 20.548
57473.218 20.578
57473.218 20.578
57473.218 20.591
57473.218 20.591
57473.218 20.601
57473.218 20.601
57473.218 20.605
57473.218 20.605
57473.218 20.606
57473.218 20.606
57473.218 20.609
57473.218 20.609
57473.218 20.624
57473.218 20.624
57478.654 20.561
57478.654 20.561
57478.654 20.594
57478.654 20.594
57478.654 20.624
57478.654 20.624
57478.654 20.636
57478.654 20.636
57478.654 20.647
57478.654 20.647
57478.654 20.650
57478.654 20.650
57478.654 20.651
57478.654 20.651
57478.654 20.655
57478.654 20.655
57478.654 20.669
57478.654 20.669
57484.090 20.606
57484.090 20.606
57484.090 20.640
57484.090 20.640
57484.090 20.669
57484.090 20.669
57484.090 20.681
57484.090 20.681
57484.090 20.692
57484.090 20.692
57484.090 20.695
57484.090 20.695
57484.090 20.696
57484.090 20.696
57484.090 20.700
57484.090 20.700
57484.090 20.714
57484.090 20.714
57488.150 20.639
57488.150 20.639
57488.150 20.673
57488.150 20.673
57488.150 20.702
57488.150 20.702
57488.150 20.715
57488.150 20.715
57488.150 20.725
57488.150 20.725
57488.150 20.729
57488.150 20.729
57488.150 20.730
57488.150 20.730
57488.150 20.733
57488.150 20.733
57488.150 20.748
57488.150 20.748
57489.525 20.650
57489.525 20.650
57489.525 20.685
57489.525 20.685
57489.525 20.714
57489.525 20.714
57489.525 20.726
57489.525 20.726
57489.525 20.737
57489.525 20.737
57489.525 20.740
57489.525 20.740
57489.525 20.741
57489.525 20.741
57489.525 20.745
57489.525 20.745
57489.525 20.759
57489.525 20.759
57492.140 20.671
57492.140 20.671
57492.140 20.706
57492.140 20.706
57492.140 20.735
57492.140 20.735
57492.140 20.747
57492.140 20.747
57492.140 20.758
57492.140 20.758
57492.140 20.761
57492.140 20.761
57492.140 20.762
57492.140 20.762
57492.140 20.766
57492.140 20.766
57492.140 20.781
57492.140 20.781
57494.961 20.694
57494.961 20.694
57494.961 20.729
57494.961 20.729
57494.961 20.758
57494.961 20.758
57494.961 20.770
57494.961 20.770
57494.961 20.781
57494.961 20.781
57494.961 20.784
57494.961 20.784
57494.961 20.785
57494.961 20.785
57494.961 20.789
57494.961 20.789
57494.961 20.804
57494.961 20.804
57500.397 20.737
57500.397 20.737
57500.397 20.773
57500.397 20.773
57500.397 20.802
57500.397 20.802
57500.397 20.814
57500.397 20.814
57500.397 20.825
57500.397 20.825
57500.397 20.828
57500.397 20.828
57500.397 20.829
57500.397 20.829
57500.397 20.833
57500.397 20.833
57500.397 20.847
57500.397 20.847
57505.833 20.780
57505.833 20.780
57505.833 20.817
57505.833 20.817
57505.833 20.845
57505.833 20.845
57505.833 20.857
57505.833 20.857
57505.833 20.868
57505.833 20.868
57505.833 20.871
57505.833 20.871
57505.833 20.872
57505.833 20.872
57505.833 20.876
57505.833 20.876
57505.833 20.891
57505.833 20.891
57511.268 20.822
57511.268 20.822
57511.268 20.860
57511.268 20.860
57511.268 20.888
57511.268 20.888
57511.268 20.900
57511.268 20.900
57511.268 20.911
57511.268 20.911
57511.268 20.914
57511.268 20.914
57511.268 20.915
57511.268 20.915
57511.268 20.919
57511.268 20.919
57511.268 20.934
57511.268 20.934
57516.704 20.864
57516.704 20.864
57516.704 20.903
57516.704 20.903
57516.704 20.931
57516.704 20.931
57516.704 20.942
57516.704 20.942
57516.704 20.954
57516.704 20.954
57516.704 20.956
57516.704 20.956
57516.704 20.958
57516.704 20.958
57516.704 20.962
57516.704 20.962
57516.704 20.976
57516.704 20.976
57522.140 20.906
57522.140 20.906
57522.140 20.945
57522.140 20.945
57522.140 20.973
57522.140 20.973
57522.140 20.984
57522.140 20.984
57522.140 20.996
57522.140 20.996
57522.140 20.998
57522.140 20.998
57522.140 21.000
57522.140 21.000
57522.140 21.004
57522.140 21.004
57522.140 21.019
57522.140 21.019
