56984.000 55.043
56984.000 55.212
56984.000 55.288
56984.000 55.349
56984.000 55.352
56984.000 55.384
56984.000 55.405
56984.000 55.454
56984.000 55.687
56989.436 55.043
56989.436 55.212
56989.436 55.288
56989.436 55.349
56989.436 55.352
56989.436 55.384
56989.436 55.405
56989.436 55.454
56989.436 55.687
56994.872 55.043
56994.872 55.212
56994.872 55.288
56994.872 55.349
56994.872 55.352
56994.872 55.384
56994.872 55.405
56994.872 55.454
56994.872 55.687
57000.307 20.275
57000.307 20.421
57000.307 20.704
57000.307 22.763
57000.307 22.863
57000.307 23.216
57000.307 23.398
57000.307 55.454
57000.307 55.687
57005.743 18.820
57005.743 18.904
57005.743 19.059
57005.743 19.548
57005.743 19.615
57005.743 19.652
57005.743 19.698
57005.743 20.076
57005.743 20.434
57011.179 18.056
57011.179 18.115
57011.179 18.229
57011.179 18.423
57011.179 18.485
57011.179 18.495
57011.179 18.545
57011.179 18.700
57011.179 18.968
57014.000 17.777
57014.000 17.826
57014.000 17.928
57014.000 18.050
57014.000 18.102
57014.000 18.120
57014.000 18.163
57014.000 18.269
57014.000 18.510
57014.070 17.771
57014.070 17.820
57014.070 17.922
57014.070 18.042
57014.070 18.093
57014.070 18.112
57014.070 18.155
57014.070 18.260
57014.070 18.500
57016.615 17.564
57016.615 17.605
57016.615 17.698
57016.615 17.774
57016.615 17.819
57016.615 17.840
57016.615 17.880
57016.615 17.955
57016.615 18.177
57022.050 17.218
57022.050 17.247
57022.050 17.326
57022.050 17.340
57022.050 17.376
57022.050 17.399
57022.050 17.436
57022.050 17.470
57022.050 17.657
57027.486 16.964
57027.486 16.984
57027.486 17.032
57027.486 17.052
57027.486 17.062
57027.486 17.083
57027.486 17.118
57027.486 17.129
57027.486 17.288
57032.922 16.776
57032.922 16.788
57032.922 16.807
57032.922 16.832
57032.922 16.848
57032.922 16.850
57032.922 16.882
57032.922 16.886
57032.922 17.015
57033.490 16.760
57033.490 16.770
57033.490 16.787
57033.490 16.812
57033.490 16.829
57033.490 16.830
57033.490 16.860
57033.490 16.865
57033.490 16.991
57038.358 16.637
57038.358 16.642
57038.358 16.642
57038.358 16.664
57038.358 16.678
57038.358 16.695
57038.358 16.700
57038.358 16.714
57038.358 16.811
57042.030 16.558
57042.030 16.566
57042.030 16.567
57042.030 16.578
57042.030 16.590
57042.030 16.607
57042.030 16.616
57042.030 16.625
57042.030 16.703
57043.793 16.524
57043.793 16.537
57043.793 16.537
57043.793 16.543
57043.793 16.554
57043.793 16.569
57043.793 16.584
57043.793 16.589
57043.793 16.659
57048.700 16.450
57048.700 16.467
57048.700 16.470
57048.700 16.474
57048.700 16.475
57048.700 16.486
57048.700 16.509
57048.700 16.513
57048.700 16.559
57049.229 16.444
57049.229 16.461
57049.229 16.464
57049.229 16.468
57049.229 16.469
57049.229 16.479
57049.229 16.502
57049.229 16.506
57049.229 16.550
57049.700 16.438
57049.700 16.455
57049.700 16.459
57049.700 16.462
57049.700 16.464
57049.700 16.473
57049.700 16.496
57049.700 16.501
57049.700 16.542
57051.470 16.420
57051.470 16.437
57051.470 16.442
57051.470 16.443
57051.470 16.449
57051.470 16.452
57051.470 16.476
57051.470 16.483
57051.470 16.515
57053.500 16.403
57053.500 16.419
57053.500 16.424
57053.500 16.427
57053.500 16.433
57053.500 16.434
57053.500 16.457
57053.500 16.466
57053.500 16.489
57054.665 16.395
57054.665 16.411
57054.665 16.415
57054.665 16.419
57054.665 16.423
57054.665 16.428
57054.665 16.448
57054.665 16.457
57054.665 16.476
57060.101 16.374
57060.101 16.389
57060.101 16.390
57060.101 16.397
57060.101 16.400
57060.101 16.411
57060.101 16.421
57060.101 16.432
57060.101 16.434
57065.536 16.377
57065.536 16.391
57065.536 16.392
57065.536 16.397
57065.536 16.403
57065.536 16.416
57065.536 16.416
57065.536 16.419
57065.536 16.434
57068.470 16.389
57068.470 16.401
57068.470 16.403
57068.470 16.408
57068.470 16.413
57068.470 16.418
57068.470 16.427
57068.470 16.428
57068.470 16.443
57068.970 16.391
57068.970 16.403
57068.970 16.406
57068.970 16.410
57068.970 16.416
57068.970 16.419
57068.970 16.429
57068.970 16.430
57068.970 16.445
57069.450 16.394
57069.450 16.406
57069.450 16.409
57069.450 16.413
57069.450 16.418
57069.450 16.421
57069.450 16.432
57069.450 16.433
57069.450 16.447
57070.972 16.404
57070.972 16.415
57070.972 16.418
57070.972 16.422
57070.972 16.426
57070.972 16.427
57070.972 16.441
57070.972 16.441
57070.972 16.456
57071.600 16.408
57071.600 16.420
57071.600 16.423
57071.600 16.427
57071.600 16.429
57071.600 16.431
57071.600 16.445
57071.600 16.445
57071.600 16.459
57072.394 16.414
57072.394 16.426
57072.394 16.429
57072.394 16.433
57072.394 16.433
57072.394 16.437
57072.394 16.450
57072.394 16.451
57072.394 16.465
57072.590 16.416
57072.590 16.427
57072.590 16.430
57072.590 16.434
57072.590 16.434
57072.590 16.439
57072.590 16.452
57072.590 16.453
57072.590 16.466
57073.880 16.427
57073.880 16.438
57073.880 16.442
57073.880 16.442
57073.880 16.445
57073.880 16.449
57073.880 16.462
57073.880 16.463
57073.880 16.476
57074.169 16.430
57074.169 16.441
57074.169 16.444
57074.169 16.444
57074.169 16.448
57074.169 16.451
57074.169 16.464
57074.169 16.466
57074.169 16.478
57074.210 16.430
57074.210 16.441
57074.210 16.444
57074.210 16.445
57074.210 16.448
57074.210 16.452
57074.210 16.464
57074.210 16.466
57074.210 16.479
57076.167 16.450
57076.167 16.459
57076.167 16.461
57076.167 16.464
57076.167 16.468
57076.167 16.470
57076.167 16.482
57076.167 16.484
57076.167 16.496
57076.408 16.452
57076.408 16.461
57076.408 16.463
57076.408 16.467
57076.408 16.470
57076.408 16.473
57076.408 16.485
57076.408 16.487
57076.408 16.499
57077.170 16.461
57077.170 16.468
57077.170 16.472
57077.170 16.475
57077.170 16.479
57077.170 16.481
57077.170 16.493
57077.170 16.495
57077.170 16.507
57077.450 16.464
57077.450 16.471
57077.450 16.475
57077.450 16.479
57077.450 16.482
57077.450 16.484
57077.450 16.496
57077.450 16.498
57077.450 16.510
57077.620 16.466
57077.620 16.473
57077.620 16.477
57077.620 16.480
57077.620 16.484
57077.620 16.486
57077.620 16.497
57077.620 16.499
57077.620 16.511
57078.322 16.474
57078.322 16.480
57078.322 16.486
57078.322 16.489
57078.322 16.493
57078.322 16.494
57078.322 16.505
57078.322 16.507
57078.322 16.519
57078.470 16.476
57078.470 16.481
57078.470 16.488
57078.470 16.491
57078.470 16.495
57078.470 16.495
57078.470 16.507
57078.470 16.509
57078.470 16.521
57078.960 16.482
57078.960 16.487
57078.960 16.494
57078.960 16.497
57078.960 16.501
57078.960 16.501
57078.960 16.513
57078.960 16.515
57078.960 16.527
57079.340 16.487
57079.340 16.491
57079.340 16.499
57079.340 16.502
57079.340 16.506
57079.340 16.506
57079.340 16.517
57079.340 16.519
57079.340 16.531
57080.080 16.497
57080.080 16.499
57080.080 16.509
57080.080 16.512
57080.080 16.515
57080.080 16.516
57080.080 16.527
57080.080 16.528
57080.080 16.540
57080.330 16.501
57080.330 16.502
57080.330 16.512
57080.330 16.515
57080.330 16.518
57080.330 16.519
57080.330 16.530
57080.330 16.532
57080.330 16.543
57080.517 16.503
57080.517 16.505
57080.517 16.515
57080.517 16.518
57080.517 16.521
57080.517 16.522
57080.517 16.532
57080.517 16.534
57080.517 16.546
57081.330 16.515
57081.330 16.515
57081.330 16.526
57081.330 16.529
57081.330 16.532
57081.330 16.534
57081.330 16.543
57081.330 16.545
57081.330 16.556
57081.500 16.517
57081.500 16.517
57081.500 16.529
57081.500 16.532
57081.500 16.534
57081.500 16.536
57081.500 16.545
57081.500 16.547
57081.500 16.559
57081.844 16.521
57081.844 16.522
57081.844 16.534
57081.844 16.537
57081.844 16.539
57081.844 16.542
57081.844 16.550
57081.844 16.552
57081.844 16.563
57082.240 16.527
57082.240 16.528
57082.240 16.540
57082.240 16.542
57082.240 16.544
57082.240 16.548
57082.240 16.556
57082.240 16.557
57082.240 16.569
57082.940 16.536
57082.940 16.539
57082.940 16.551
57082.940 16.553
57082.940 16.555
57082.940 16.559
57082.940 16.566
57082.940 16.567
57082.940 16.579
57084.240 16.556
57084.240 16.560
57084.240 16.572
57084.240 16.574
57084.240 16.575
57084.240 16.580
57084.240 16.586
57084.240 16.587
57084.240 16.598
57084.342 16.557
57084.342 16.561
57084.342 16.574
57084.342 16.576
57084.342 16.576
57084.342 16.582
57084.342 16.588
57084.342 16.588
57084.342 16.600
57085.220 16.571
57085.220 16.576
57085.220 16.589
57085.220 16.590
57085.220 16.590
57085.220 16.597
57085.220 16.602
57085.220 16.602
57085.220 16.614
57085.260 16.572
57085.260 16.577
57085.260 16.590
57085.260 16.591
57085.260 16.591
57085.260 16.598
57085.260 16.602
57085.260 16.603
57085.260 16.615
57086.010 16.584
57086.010 16.590
57086.010 16.603
57086.010 16.604
57086.010 16.604
57086.010 16.611
57086.010 16.615
57086.010 16.615
57086.010 16.627
57087.279 16.606
57087.279 16.613
57087.279 16.626
57087.279 16.627
57087.279 16.627
57087.279 16.635
57087.279 16.636
57087.279 16.637
57087.279 16.649
57089.976 16.657
57089.976 16.666
57089.976 16.676
57089.976 16.680
57089.976 16.682
57089.976 16.686
57089.976 16.688
57089.976 16.690
57089.976 16.699
57090.476 16.667
57090.476 16.676
57090.476 16.686
57090.476 16.690
57090.476 16.693
57090.476 16.695
57090.476 16.698
57090.476 16.701
57090.476 16.709
57090.970 16.677
57090.970 16.687
57090.970 16.696
57090.970 16.701
57090.970 16.703
57090.970 16.705
57090.970 16.708
57090.970 16.712
57090.970 16.719
57092.170 16.702
57092.170 16.713
57092.170 16.721
57092.170 16.727
57092.170 16.729
57092.170 16.730
57092.170 16.734
57092.170 16.739
57092.170 16.743
57092.715 16.714
57092.715 16.725
57092.715 16.733
57092.715 16.739
57092.715 16.741
57092.715 16.743
57092.715 16.745
57092.715 16.752
57092.715 16.755
57093.020 16.721
57093.020 16.732
57093.020 16.739
57093.020 16.745
57093.020 16.747
57093.020 16.750
57093.020 16.752
57093.020 16.759
57093.020 16.762
57093.764 16.738
57093.764 16.749
57093.764 16.756
57093.764 16.762
57093.764 16.763
57093.764 16.768
57093.764 16.769
57093.764 16.777
57093.764 16.778
57094.290 16.750
57094.290 16.761
57094.290 16.768
57094.290 16.775
57094.290 16.775
57094.290 16.781
57094.290 16.781
57094.290 16.790
57094.290 16.790
57094.870 16.764
57094.870 16.775
57094.870 16.781
57094.870 16.787
57094.870 16.788
57094.870 16.794
57094.870 16.795
57094.870 16.803
57094.870 16.804
57095.270 16.773
57095.270 16.785
57095.270 16.790
57095.270 16.796
57095.270 16.798
57095.270 16.804
57095.270 16.805
57095.270 16.812
57095.270 16.814
57095.470 16.778
57095.470 16.790
57095.470 16.795
57095.470 16.801
57095.470 16.803
57095.470 16.808
57095.470 16.810
57095.470 16.817
57095.470 16.819
57095.930 16.789
57095.930 16.801
57095.930 16.806
57095.930 16.812
57095.930 16.814
57095.930 16.819
57095.930 16.822
57095.930 16.827
57095.930 16.831
57097.210 16.822
57097.210 16.833
57097.210 16.837
57097.210 16.842
57097.210 16.846
57097.210 16.851
57097.210 16.855
57097.210 16.858
57097.210 16.865
57098.151 16.846
57098.151 16.858
57098.151 16.860
57098.151 16.865
57098.151 16.871
57098.151 16.875
57098.151 16.881
57098.151 16.882
57098.151 16.891
57098.210 16.848
57098.210 16.860
57098.210 16.862
57098.210 16.866
57098.210 16.872
57098.210 16.876
57098.210 16.882
57098.210 16.883
57098.210 16.892
57098.610 16.858
57098.610 16.870
57098.610 16.872
57098.610 16.876
57098.610 16.883
57098.610 16.887
57098.610 16.893
57098.610 16.893
57098.610 16.903
57098.987 16.868
57098.987 16.880
57098.987 16.882
57098.987 16.885
57098.987 16.893
57098.987 16.897
57098.987 16.903
57098.987 16.904
57098.987 16.914
57099.250 16.876
57099.250 16.887
57099.250 16.889
57099.250 16.892
57099.250 16.900
57099.250 16.903
57099.250 16.910
57099.250 16.911
57099.250 16.921
57100.984 16.924
57100.984 16.935
57100.984 16.936
57100.984 16.937
57100.984 16.947
57100.984 16.951
57100.984 16.956
57100.984 16.961
57100.984 16.972
57101.310 16.933
57101.310 16.944
57101.310 16.945
57101.310 16.946
57101.310 16.956
57101.310 16.960
57101.310 16.965
57101.310 16.971
57101.310 16.982
57102.170 16.958
57102.170 16.968
57102.170 16.969
57102.170 16.970
57102.170 16.981
57102.170 16.984
57102.170 16.988
57102.170 16.997
57102.170 17.008
57102.520 16.969
57102.520 16.978
57102.520 16.978
57102.520 16.980
57102.520 16.991
57102.520 16.994
57102.520 16.998
57102.520 17.007
57102.520 17.018
57103.400 16.995
57103.400 17.003
57103.400 17.003
57103.400 17.006
57103.400 17.017
57103.400 17.020
57103.400 17.023
57103.400 17.035
57103.400 17.046
57103.587 17.001
57103.587 17.008
57103.587 17.008
57103.587 17.012
57103.587 17.023
57103.587 17.025
57103.587 17.029
57103.587 17.040
57103.587 17.052
57103.760 17.006
57103.760 17.013
57103.760 17.013
57103.760 17.017
57103.760 17.028
57103.760 17.030
57103.760 17.034
57103.760 17.046
57103.760 17.057
57104.180 17.019
57104.180 17.025
57104.180 17.026
57104.180 17.030
57104.180 17.040
57104.180 17.043
57104.180 17.046
57104.180 17.059
57104.180 17.071
57104.430 17.027
57104.430 17.032
57104.430 17.033
57104.430 17.038
57104.430 17.048
57104.430 17.050
57104.430 17.053
57104.430 17.067
57104.430 17.079
57106.440 17.091
57106.440 17.091
57106.440 17.094
57106.440 17.101
57106.440 17.110
57106.440 17.112
57106.440 17.114
57106.440 17.133
57106.440 17.145
57106.872 17.104
57106.872 17.105
57106.872 17.107
57106.872 17.115
57106.872 17.124
57106.872 17.126
57106.872 17.127
57106.872 17.147
57106.872 17.160
57109.022 17.171
57109.022 17.176
57109.022 17.178
57109.022 17.187
57109.022 17.194
57109.022 17.195
57109.022 17.196
57109.022 17.221
57109.022 17.235
57110.160 17.208
57110.160 17.214
57110.160 17.217
57110.160 17.226
57110.160 17.233
57110.160 17.233
57110.160 17.234
57110.160 17.262
57110.160 17.276
57110.180 17.208
57110.180 17.214
57110.180 17.218
57110.180 17.227
57110.180 17.233
57110.180 17.234
57110.180 17.235
57110.180 17.263
57110.180 17.277
57110.210 17.209
57110.210 17.215
57110.210 17.219
57110.210 17.228
57110.210 17.234
57110.210 17.235
57110.210 17.236
57110.210 17.264
57110.210 17.278
57110.699 17.225
57110.699 17.232
57110.699 17.237
57110.699 17.245
57110.699 17.251
57110.699 17.251
57110.699 17.253
57110.699 17.282
57110.699 17.296
57111.503 17.252
57111.503 17.259
57111.503 17.266
57111.503 17.273
57111.503 17.278
57111.503 17.279
57111.503 17.281
57111.503 17.311
57111.503 17.326
57113.290 17.312
57113.290 17.322
57113.290 17.331
57113.290 17.338
57113.290 17.340
57113.290 17.343
57113.290 17.344
57113.290 17.378
57113.290 17.394
57114.458 17.353
57114.458 17.363
57114.458 17.376
57114.458 17.381
57114.458 17.382
57114.458 17.386
57114.458 17.387
57114.458 17.423
57114.458 17.439
57116.930 17.442
57116.930 17.455
57116.930 17.472
57116.930 17.472
57116.930 17.477
57116.930 17.479
57116.930 17.480
57116.930 17.522
57116.930 17.539
57117.250 17.454
57117.250 17.467
57117.250 17.484
57117.250 17.485
57117.250 17.490
57117.250 17.491
57117.250 17.493
57117.250 17.535
57117.250 17.552
57118.210 17.490
57118.210 17.504
57118.210 17.520
57118.210 17.524
57118.210 17.528
57118.210 17.528
57118.210 17.530
57118.210 17.574
57118.210 17.593
57118.422 17.498
57118.422 17.512
57118.422 17.528
57118.422 17.533
57118.422 17.537
57118.422 17.537
57118.422 17.538
57118.422 17.583
57118.422 17.602
57119.894 17.554
57119.894 17.570
57119.894 17.585
57119.894 17.594
57119.894 17.595
57119.894 17.597
57119.894 17.597
57119.894 17.645
57119.894 17.665
57120.150 17.564
57120.150 17.580
57120.150 17.595
57120.150 17.604
57120.150 17.605
57120.150 17.607
57120.150 17.608
57120.150 17.656
57120.150 17.676
57120.210 17.566
57120.210 17.582
57120.210 17.598
57120.210 17.607
57120.210 17.608
57120.210 17.610
57120.210 17.610
57120.210 17.658
57120.210 17.678
57120.450 17.576
57120.450 17.592
57120.450 17.607
57120.450 17.617
57120.450 17.618
57120.450 17.620
57120.450 17.620
57120.450 17.669
57120.450 17.689
57120.816 17.590
57120.816 17.606
57120.816 17.622
57120.816 17.632
57120.816 17.633
57120.816 17.635
57120.816 17.635
57120.816 17.684
57120.816 17.705
57122.075 17.640
57122.075 17.658
57122.075 17.672
57122.075 17.684
57122.075 17.687
57122.075 17.687
57122.075 17.689
57122.075 17.739
57122.075 17.760
57122.130 17.642
57122.130 17.660
57122.130 17.674
57122.130 17.686
57122.130 17.689
57122.130 17.689
57122.130 17.691
57122.130 17.742
57122.130 17.763
57122.785 17.668
57122.785 17.687
57122.785 17.701
57122.785 17.714
57122.785 17.717
57122.785 17.718
57122.785 17.719
57122.785 17.770
57122.785 17.792
57122.850 17.671
57122.850 17.690
57122.850 17.704
57122.850 17.717
57122.850 17.720
57122.850 17.720
57122.850 17.722
57122.850 17.773
57122.850 17.795
57123.870 17.713
57123.870 17.732
57123.870 17.746
57123.870 17.760
57123.870 17.763
57123.870 17.765
57123.870 17.766
57123.870 17.819
57123.870 17.842
57125.330 17.773
57125.330 17.794
57125.330 17.807
57125.330 17.822
57125.330 17.826
57125.330 17.831
57125.330 17.831
57125.330 17.885
57125.330 17.910
57126.180 17.809
57126.180 17.831
57126.180 17.843
57126.180 17.859
57126.180 17.864
57126.180 17.870
57126.180 17.870
57126.180 17.925
57126.180 17.950
57127.720 17.875
57127.720 17.899
57127.720 17.910
57127.720 17.928
57127.720 17.933
57127.720 17.940
57127.720 17.941
57127.720 17.997
57127.720 18.023
57128.160 17.895
57128.160 17.918
57128.160 17.929
57128.160 17.947
57128.160 17.953
57128.160 17.961
57128.160 17.961
57128.160 18.018
57128.160 18.045
57128.629 17.915
57128.629 17.939
57128.629 17.950
57128.629 17.968
57128.629 17.974
57128.629 17.983
57128.629 17.984
57128.629 18.040
57128.629 18.068
57129.940 17.973
57129.940 17.999
57129.940 18.009
57129.940 18.028
57129.940 18.034
57129.940 18.045
57129.940 18.046
57129.940 18.104
57129.940 18.132
57130.765 18.010
57130.765 18.036
57130.765 18.046
57130.765 18.066
57130.765 18.073
57130.765 18.084
57130.765 18.086
57130.765 18.144
57130.765 18.174
57131.527 18.045
57131.527 18.072
57131.527 18.081
57131.527 18.102
57131.527 18.109
57131.527 18.121
57131.527 18.123
57131.527 18.182
57131.527 18.212
57131.710 18.053
57131.710 18.080
57131.710 18.089
57131.710 18.110
57131.710 18.118
57131.710 18.130
57131.710 18.132
57131.710 18.191
57131.710 18.221
57132.930 18.109
57132.930 18.138
57132.930 18.145
57132.930 18.168
57132.930 18.176
57132.930 18.190
57132.930 18.192
57132.930 18.252
57132.930 18.284
57134.240 18.171
57134.240 18.200
57134.240 18.207
57134.240 18.230
57134.240 18.240
57134.240 18.255
57134.240 18.258
57134.240 18.319
57134.240 18.352
57134.860 18.200
57134.860 18.230
57134.860 18.236
57134.860 18.260
57134.860 18.270
57134.860 18.287
57134.860 18.289
57134.860 18.350
57134.860 18.384
57135.440 18.228
57135.440 18.258
57135.440 18.264
57135.440 18.288
57135.440 18.299
57135.440 18.316
57135.440 18.318
57135.440 18.380
57135.440 18.415
57135.940 18.252
57135.940 18.283
57135.940 18.288
57135.940 18.313
57135.940 18.323
57135.940 18.342
57135.940 18.344
57135.940 18.406
57135.940 18.442
57136.201 18.264
57136.201 18.296
57136.201 18.301
57136.201 18.326
57136.201 18.337
57136.201 18.355
57136.201 18.357
57136.201 18.420
57136.201 18.456
57136.314 18.270
57136.314 18.301
57136.314 18.306
57136.314 18.331
57136.314 18.342
57136.314 18.361
57136.314 18.363
57136.314 18.426
57136.314 18.462
57137.210 18.313
57137.210 18.345
57137.210 18.350
57137.210 18.375
57137.210 18.387
57137.210 18.407
57137.210 18.410
57137.210 18.473
57137.210 18.510
57137.270 18.316
57137.270 18.348
57137.270 18.352
57137.270 18.378
57137.270 18.390
57137.270 18.410
57137.270 18.413
57137.270 18.476
57137.270 18.513
57138.860 18.395
57138.860 18.428
57138.860 18.431
57138.860 18.458
57138.860 18.471
57138.860 18.493
57138.860 18.496
57138.860 18.561
57138.860 18.600
57138.880 18.396
57138.880 18.429
57138.880 18.432
57138.880 18.459
57138.880 18.472
57138.880 18.495
57138.880 18.497
57138.880 18.562
57138.880 18.601
57139.210 18.412
57139.210 18.446
57139.210 18.448
57139.210 18.476
57139.210 18.489
57139.210 18.512
57139.210 18.515
57139.210 18.579
57139.210 18.619
57140.100 18.457
57140.100 18.491
57140.100 18.493
57140.100 18.521
57140.100 18.535
57140.100 18.559
57140.100 18.562
57140.100 18.628
57140.100 18.668
57141.170 18.511
57141.170 18.546
57141.170 18.546
57141.170 18.576
57141.170 18.591
57141.170 18.617
57141.170 18.619
57141.170 18.686
57141.170 18.728
57141.637 18.535
57141.637 18.570
57141.637 18.571
57141.637 18.600
57141.637 18.616
57141.637 18.642
57141.637 18.645
57141.637 18.712
57141.637 18.755
57144.468 18.682
57144.468 18.716
57144.468 18.720
57144.468 18.748
57144.468 18.767
57144.468 18.798
57144.468 18.800
57144.468 18.824
57144.468 18.870
57144.710 18.695
57144.710 18.729
57144.710 18.733
57144.710 18.760
57144.710 18.780
57144.710 18.812
57144.710 18.813
57144.710 18.829
57144.710 18.874
57144.890 18.704
57144.890 18.738
57144.890 18.743
57144.890 18.770
57144.890 18.790
57144.890 18.822
57144.890 18.824
57144.890 18.832
57144.890 18.878
57147.073 18.801
57147.073 18.814
57147.073 18.821
57147.073 18.862
57147.073 18.873
57147.073 18.879
57147.073 18.887
57147.073 18.915
57147.073 18.918
57148.310 18.825
57148.310 18.836
57148.310 18.846
57148.310 18.885
57148.310 18.896
57148.310 18.903
57148.310 18.938
57148.310 18.941
57148.310 18.954
57150.030 18.858
57150.030 18.868
57150.030 18.877
57150.030 18.917
57150.030 18.928
57150.030 18.935
57150.030 18.969
57150.030 18.973
57150.030 18.994
57150.960 18.876
57150.960 18.885
57150.960 18.894
57150.960 18.934
57150.960 18.945
57150.960 18.953
57150.960 18.986
57150.960 18.990
57150.960 19.012
57151.187 18.880
57151.187 18.889
57151.187 18.898
57151.187 18.938
57151.187 18.950
57151.187 18.957
57151.187 18.990
57151.187 18.994
57151.187 19.017
57152.160 18.899
57152.160 18.907
57152.160 18.916
57152.160 18.956
57152.160 18.968
57152.160 18.976
57152.160 19.008
57152.160 19.013
57152.160 19.036
57152.508 18.905
57152.508 18.914
57152.508 18.922
57152.508 18.962
57152.508 18.974
57152.508 18.982
57152.508 19.015
57152.508 19.019
57152.508 19.042
57155.150 18.956
57155.150 18.963
57155.150 18.971
57155.150 19.012
57155.150 19.024
57155.150 19.033
57155.150 19.063
57155.150 19.069
57155.150 19.094
57155.760 18.968
57155.760 18.974
57155.760 18.982
57155.760 19.023
57155.760 19.036
57155.760 19.044
57155.760 19.075
57155.760 19.080
57155.760 19.106
57157.944 19.010
57157.944 19.015
57157.944 19.023
57157.944 19.064
57157.944 19.077
57157.944 19.086
57157.944 19.115
57157.944 19.121
57157.944 19.149
57158.800 19.027
57158.800 19.031
57158.800 19.039
57158.800 19.080
57158.800 19.093
57158.800 19.103
57158.800 19.131
57158.800 19.137
57158.800 19.166
57160.050 19.051
57160.050 19.054
57160.050 19.062
57160.050 19.103
57160.050 19.116
57160.050 19.126
57160.050 19.154
57160.050 19.161
57160.050 19.190
57160.630 19.062
57160.630 19.065
57160.630 19.073
57160.630 19.114
57160.630 19.127
57160.630 19.138
57160.630 19.164
57160.630 19.172
57160.630 19.201
57161.010 19.069
57161.010 19.072
57161.010 19.080
57161.010 19.121
57161.010 19.135
57161.010 19.145
57161.010 19.171
57161.010 19.179
57161.010 19.209
57161.700 19.083
57161.700 19.085
57161.700 19.093
57161.700 19.134
57161.700 19.148
57161.700 19.158
57161.700 19.184
57161.700 19.192
57161.700 19.222
57162.730 19.103
57162.730 19.104
57162.730 19.112
57162.730 19.153
57162.730 19.167
57162.730 19.178
57162.730 19.203
57162.730 19.211
57162.730 19.242
57162.900 19.106
57162.900 19.107
57162.900 19.115
57162.900 19.157
57162.900 19.170
57162.900 19.181
57162.900 19.206
57162.900 19.214
57162.900 19.246
57163.380 19.115
57163.380 19.116
57163.380 19.124
57163.380 19.166
57163.380 19.179
57163.380 19.190
57163.380 19.215
57163.380 19.224
57163.380 19.255
57166.353 19.172
57166.353 19.172
57166.353 19.180
57166.353 19.221
57166.353 19.235
57166.353 19.247
57166.353 19.269
57166.353 19.279
57166.353 19.313
57166.920 19.183
57166.920 19.183
57166.920 19.190
57166.920 19.232
57166.920 19.246
57166.920 19.258
57166.920 19.280
57166.920 19.290
57166.920 19.324
57168.816 19.218
57168.816 19.219
57168.816 19.226
57168.816 19.267
57168.816 19.281
57168.816 19.294
57168.816 19.314
57168.816 19.326
57168.816 19.360
57171.900 19.276
57171.900 19.278
57171.900 19.284
57171.900 19.325
57171.900 19.338
57171.900 19.352
57171.900 19.371
57171.900 19.383
57171.900 19.419
57172.407 19.285
57172.407 19.288
57172.407 19.293
57172.407 19.334
57172.407 19.348
57172.407 19.362
57172.407 19.380
57172.407 19.392
57172.407 19.429
57173.380 19.303
57173.380 19.306
57173.380 19.311
57173.380 19.352
57173.380 19.366
57173.380 19.380
57173.380 19.397
57173.380 19.411
57173.380 19.447
57174.252 19.320
57174.252 19.323
57174.252 19.328
57174.252 19.369
57174.252 19.382
57174.252 19.396
57174.252 19.413
57174.252 19.427
57174.252 19.464
57175.020 19.334
57175.020 19.337
57175.020 19.342
57175.020 19.383
57175.020 19.396
57175.020 19.411
57175.020 19.427
57175.020 19.441
57175.020 19.478
57176.950 19.370
57176.950 19.374
57176.950 19.378
57176.950 19.419
57176.950 19.432
57176.950 19.447
57176.950 19.462
57176.950 19.477
57176.950 19.514
57178.110 19.391
57178.110 19.396
57178.110 19.400
57178.110 19.440
57178.110 19.453
57178.110 19.468
57178.110 19.483
57178.110 19.498
57178.110 19.536
57179.110 19.410
57179.110 19.414
57179.110 19.418
57179.110 19.458
57179.110 19.471
57179.110 19.487
57179.110 19.500
57179.110 19.516
57179.110 19.555
57179.687 19.420
57179.687 19.425
57179.687 19.429
57179.687 19.469
57179.687 19.482
57179.687 19.498
57179.687 19.511
57179.687 19.527
57179.687 19.566
57182.120 19.465
57182.120 19.470
57182.120 19.474
57182.120 19.514
57182.120 19.526
57182.120 19.543
57182.120 19.554
57182.120 19.571
57182.120 19.611
57183.020 19.481
57183.020 19.487
57183.020 19.491
57183.020 19.530
57183.020 19.542
57183.020 19.559
57183.020 19.570
57183.020 19.588
57183.020 19.627
57184.030 19.500
57184.030 19.506
57184.030 19.509
57184.030 19.548
57184.030 19.560
57184.030 19.578
57184.030 19.588
57184.030 19.606
57184.030 19.646
57184.960 19.517
57184.960 19.523
57184.960 19.526
57184.960 19.565
57184.960 19.577
57184.960 19.595
57184.960 19.604
57184.960 19.623
57184.960 19.663
57185.020 19.518
57185.020 19.524
57185.020 19.527
57185.020 19.566
57185.020 19.578
57185.020 19.596
57185.020 19.605
57185.020 19.624
57185.020 19.664
57185.123 19.520
57185.123 19.526
57185.123 19.529
57185.123 19.568
57185.123 19.580
57185.123 19.598
57185.123 19.607
57185.123 19.626
57185.123 19.666
57185.212 19.521
57185.212 19.527
57185.212 19.531
57185.212 19.570
57185.212 19.582
57185.212 19.599
57185.212 19.608
57185.212 19.627
57185.212 19.667
57186.770 19.550
57186.770 19.556
57186.770 19.560
57186.770 19.598
57186.770 19.609
57186.770 19.628
57186.770 19.636
57186.770 19.655
57186.770 19.696
57190.559 19.618
57190.559 19.625
57190.559 19.629
57190.559 19.666
57190.559 19.677
57190.559 19.696
57190.559 19.702
57190.559 19.723
57190.559 19.764
57192.710 19.656
57192.710 19.664
57192.710 19.667
57192.710 19.704
57192.710 19.714
57192.710 19.734
57192.710 19.739
57192.710 19.761
57192.710 19.803
57195.995 19.715
57195.995 19.722
57195.995 19.726
57195.995 19.762
57195.995 19.772
57195.995 19.792
57195.995 19.795
57195.995 19.818
57195.995 19.861
57199.060 19.768
57199.060 19.776
57199.060 19.781
57199.060 19.816
57199.060 19.824
57199.060 19.846
57199.060 19.846
57199.060 19.872
57199.060 19.914
57199.380 19.774
57199.380 19.782
57199.380 19.787
57199.380 19.821
57199.380 19.830
57199.380 19.852
57199.380 19.852
57199.380 19.877
57199.380 19.920
57201.430 19.810
57201.430 19.818
57201.430 19.823
57201.430 19.857
57201.430 19.865
57201.430 19.886
57201.430 19.887
57201.430 19.912
57201.430 19.955
57205.700 19.883
57205.700 19.891
57205.700 19.897
57205.700 19.930
57205.700 19.937
57205.700 19.957
57205.700 19.960
57205.700 19.985
57205.700 20.028
57206.340 19.894
57206.340 19.902
57206.340 19.908
57206.340 19.940
57206.340 19.948
57206.340 19.967
57206.340 19.971
57206.340 19.995
57206.340 20.039
57206.833 19.902
57206.833 19.911
57206.833 19.917
57206.833 19.949
57206.833 19.956
57206.833 19.975
57206.833 19.979
57206.833 20.004
57206.833 20.047
57206.866 19.903
57206.866 19.911
57206.866 19.917
57206.866 19.949
57206.866 19.956
57206.866 19.976
57206.866 19.980
57206.866 20.004
57206.866 20.047
57210.040 19.957
57210.040 19.965
57210.040 19.972
57210.040 20.003
57210.040 20.009
57210.040 20.027
57210.040 20.033
57210.040 20.057
57210.040 20.101
57212.302 19.995
57212.302 20.003
57212.302 20.010
57212.302 20.040
57212.302 20.046
57212.302 20.064
57212.302 20.071
57212.302 20.095
57212.302 20.138
57212.390 19.996
57212.390 20.004
57212.390 20.012
57212.390 20.042
57212.390 20.047
57212.390 20.065
57212.390 20.072
57212.390 20.096
57212.390 20.139
57217.730 20.084
57217.730 20.092
57217.730 20.101
57217.730 20.129
57217.730 20.134
57217.730 20.150
57217.730 20.160
57217.730 20.183
57217.730 20.227
57217.738 20.084
57217.738 20.093
57217.738 20.101
57217.738 20.129
57217.738 20.134
57217.738 20.150
57217.738 20.160
57217.738 20.183
57217.738 20.227
57221.000 20.137
57221.000 20.146
57221.000 20.155
57221.000 20.182
57221.000 20.186
57221.000 20.201
57221.000 20.213
57221.000 20.235
57221.000 20.279
57223.173 20.172
57223.173 20.181
57223.173 20.191
57223.173 20.217
57223.173 20.220
57223.173 20.235
57223.173 20.248
57223.173 20.270
57223.173 20.314
57228.609 20.258
57228.609 20.267
57228.609 20.278
57228.609 20.302
57228.609 20.305
57228.609 20.318
57228.609 20.333
57228.609 20.355
57228.609 20.399
57230.350 20.286
57230.350 20.294
57230.350 20.306
57230.350 20.329
57230.350 20.332
57230.350 20.345
57230.350 20.360
57230.350 20.382
57230.350 20.426
57232.370 20.317
57232.370 20.325
57232.370 20.338
57232.370 20.361
57232.370 20.363
57232.370 20.375
57232.370 20.392
57232.370 20.413
57232.370 20.457
57234.045 20.343
57234.045 20.351
57234.045 20.364
57234.045 20.386
57234.045 20.388
57234.045 20.400
57234.045 20.417
57234.045 20.439
57234.045 20.483
57236.710 20.384
57236.710 20.392
57236.710 20.405
57236.710 20.427
57236.710 20.428
57236.710 20.440
57236.710 20.458
57236.710 20.479
57236.710 20.523
57239.481 20.426
57239.481 20.434
57239.481 20.448
57239.481 20.469
57239.481 20.470
57239.481 20.481
57239.481 20.500
57239.481 20.521
57239.481 20.565
57244.916 20.507
57244.916 20.515
57244.916 20.530
57244.916 20.550
57244.916 20.550
57244.916 20.560
57244.916 20.581
57244.916 20.601
57244.916 20.646
57250.352 20.587
57250.352 20.595
57250.352 20.611
57250.352 20.628
57250.352 20.629
57250.352 20.637
57250.352 20.660
57250.352 20.680
57250.352 20.725
57255.788 20.665
57255.788 20.674
57255.788 20.690
57255.788 20.706
57255.788 20.707
57255.788 20.713
57255.788 20.738
57255.788 20.758
57255.788 20.803
57261.224 20.742
57261.224 20.751
57261.224 20.768
57261.224 20.782
57261.224 20.784
57261.224 20.789
57261.224 20.815
57261.224 20.835
57261.224 20.880
57266.659 20.818
57266.659 20.826
57266.659 20.844
57266.659 20.856
57266.659 20.859
57266.659 20.862
57266.659 20.891
57266.659 20.910
57266.659 20.955
57272.095 20.892
57272.095 20.901
57272.095 20.919
57272.095 20.930
57272.095 20.933
57272.095 20.935
57272.095 20.965
57272.095 20.984
57272.095 21.029
57277.531 20.965
57277.531 20.974
57277.531 20.993
57277.531 21.002
57277.531 21.006
57277.531 21.007
57277.531 21.038
57277.531 21.056
57277.531 21.102
57282.967 21.037
57282.967 21.046
57282.967 21.065
57282.967 21.074
57282.967 21.077
57282.967 21.078
57282.967 21.110
57282.967 21.128
57282.967 21.174
57288.402 21.107
57288.402 21.117
57288.402 21.137
57288.402 21.144
57288.402 21.147
57288.402 21.149
57288.402 21.181
57288.402 21.199
57288.402 21.245
57293.838 21.177
57293.838 21.186
57293.838 21.207
57293.838 21.213
57293.838 21.215
57293.838 21.218
57293.838 21.251
57293.838 21.268
57293.838 21.315
57299.274 21.246
57299.274 21.255
57299.274 21.276
57299.274 21.281
57299.274 21.282
57299.274 21.287
57299.274 21.319
57299.274 21.336
57299.274 21.384
57304.710 21.313
57304.710 21.323
57304.710 21.344
57304.710 21.348
57304.710 21.349
57304.710 21.354
57304.710 21.387
57304.710 21.404
57304.710 21.451
57310.145 21.379
57310.145 21.389
57310.145 21.411
57310.145 21.414
57310.145 21.414
57310.145 21.421
57310.145 21.453
57310.145 21.470
57310.145 21.518
57315.581 21.445
57315.581 21.455
57315.581 21.476
57315.581 21.478
57315.581 21.479
57315.581 21.486
57315.581 21.519
57315.581 21.536
57315.581 21.584
57321.017 21.509
57321.017 21.520
57321.017 21.541
57321.017 21.542
57321.017 21.544
57321.017 21.551
57321.017 21.584
57321.017 21.600
57321.017 21.649
57326.453 21.573
57326.453 21.584
57326.453 21.605
57326.453 21.605
57326.453 21.607
57326.453 21.615
57326.453 21.648
57326.453 21.664
57326.453 21.713
57330.722 21.622
57330.722 21.633
57330.722 21.653
57330.722 21.655
57330.722 21.656
57330.722 21.664
57330.722 21.697
57330.722 21.713
57330.722 21.763
57331.888 21.636
57331.888 21.646
57331.888 21.667
57331.888 21.669
57331.888 21.669
57331.888 21.678
57331.888 21.711
57331.888 21.727
57331.888 21.776
57335.787 21.680
57335.787 21.691
57335.787 21.710
57335.787 21.713
57335.787 21.714
57335.787 21.722
57335.787 21.755
57335.787 21.771
57335.787 21.821
57337.324 21.698
57337.324 21.709
57337.324 21.728
57337.324 21.731
57337.324 21.731
57337.324 21.740
57337.324 21.773
57337.324 21.789
57337.324 21.838
57342.760 21.759
57342.760 21.770
57342.760 21.788
57342.760 21.792
57342.760 21.792
57342.760 21.801
57342.760 21.834
57342.760 21.850
57342.760 21.900
57348.196 21.819
57348.196 21.830
57348.196 21.847
57348.196 21.852
57348.196 21.853
57348.196 21.861
57348.196 21.895
57348.196 21.910
57348.196 21.960
57353.632 21.878
57353.632 21.890
57353.632 21.906
57353.632 21.911
57353.632 21.912
57353.632 21.921
57353.632 21.954
57353.632 21.970
57353.632 22.020
57359.067 21.937
57359.067 21.948
57359.067 21.964
57359.067 21.970
57359.067 21.971
57359.067 21.979
57359.067 22.013
57359.067 22.029
57359.067 22.079
57364.503 21.995
57364.503 22.007
57364.503 22.021
57364.503 22.027
57364.503 22.029
57364.503 22.037
57364.503 22.071
57364.503 22.086
57364.503 22.138
57369.939 22.052
57369.939 22.064
57369.939 22.077
57369.939 22.084
57369.939 22.087
57369.939 22.095
57369.939 22.129
57369.939 22.144
57369.939 22.195
57373.330 22.087
57373.330 22.099
57373.330 22.112
57373.330 22.120
57373.330 22.122
57373.330 22.130
57373.330 22.164
57373.330 22.179
57373.330 22.231
57375.375 22.108
57375.375 22.120
57375.375 22.133
57375.375 22.141
57375.375 22.144
57375.375 22.151
57375.375 22.186
57375.375 22.200
57375.375 22.252
57378.080 22.136
57378.080 22.148
57378.080 22.161
57378.080 22.169
57378.080 22.172
57378.080 22.179
57378.080 22.214
57378.080 22.228
57378.080 22.280
57379.200 22.148
57379.200 22.160
57379.200 22.172
57379.200 22.180
57379.200 22.183
57379.200 22.191
57379.200 22.225
57379.200 22.240
57379.200 22.292
57380.810 22.164
57380.810 22.176
57380.810 22.188
57380.810 22.196
57380.810 22.200
57380.810 22.207
57380.810 22.242
57380.810 22.256
57380.810 22.308
57386.246 22.219
57386.246 22.232
57386.246 22.243
57386.246 22.251
57386.246 22.255
57386.246 22.263
57386.246 22.297
57386.246 22.311
57386.246 22.364
57391.682 22.273
57391.682 22.286
57391.682 22.296
57391.682 22.306
57391.682 22.310
57391.682 22.317
57391.682 22.352
57391.682 22.366
57391.682 22.418
57397.118 22.327
57397.118 22.340
57397.118 22.349
57397.118 22.359
57397.118 22.363
57397.118 22.371
57397.118 22.406
57397.118 22.420
57397.118 22.473
57401.580 22.371
57401.580 22.384
57401.580 22.393
57401.580 22.403
57401.580 22.407
57401.580 22.415
57401.580 22.449
57401.580 22.463
57401.580 22.517
57402.553 22.380
57402.553 22.393
57402.553 22.402
57402.553 22.412
57402.553 22.417
57402.553 22.424
57402.553 22.459
57402.553 22.473
57402.553 22.526
57403.500 22.389
57403.500 22.402
57403.500 22.411
57403.500 22.421
57403.500 22.426
57403.500 22.433
57403.500 22.468
57403.500 22.482
57403.500 22.535
57404.300 22.397
57404.300 22.410
57404.300 22.419
57404.300 22.429
57404.300 22.434
57404.300 22.441
57404.300 22.476
57404.300 22.490
57404.300 22.543
57407.989 22.433
57407.989 22.446
57407.989 22.454
57407.989 22.465
57407.989 22.470
57407.989 22.477
57407.989 22.512
57407.989 22.526
57407.989 22.579
57409.470 22.447
57409.470 22.460
57409.470 22.468
57409.470 22.479
57409.470 22.484
57409.470 22.491
57409.470 22.526
57409.470 22.540
57409.470 22.593
57413.425 22.485
57413.425 22.498
57413.425 22.505
57413.425 22.516
57413.425 22.522
57413.425 22.529
57413.425 22.564
57413.425 22.578
57413.425 22.631
57418.861 22.536
57418.861 22.549
57418.861 22.556
57418.861 22.568
57418.861 22.573
57418.861 22.580
57418.861 22.615
57418.861 22.629
57418.861 22.683
57423.220 22.577
57423.220 22.590
57423.220 22.596
57423.220 22.608
57423.220 22.614
57423.220 22.621
57423.220 22.656
57423.220 22.670
57423.220 22.724
57423.520 22.579
57423.520 22.593
57423.520 22.599
57423.520 22.611
57423.520 22.617
57423.520 22.624
57423.520 22.659
57423.520 22.673
57423.520 22.727
57424.296 22.587
57424.296 22.600
57424.296 22.606
57424.296 22.618
57424.296 22.624
57424.296 22.631
57424.296 22.666
57424.296 22.680
57424.296 22.734
57425.630 22.599
57425.630 22.612
57425.630 22.618
57425.630 22.631
57425.630 22.636
57425.630 22.644
57425.630 22.679
57425.630 22.692
57425.630 22.746
57429.732 22.637
57429.732 22.650
57429.732 22.655
57429.732 22.668
57429.732 22.674
57429.732 22.682
57429.732 22.717
57429.732 22.730
57429.732 22.785
57433.210 22.668
57433.210 22.682
57433.210 22.687
57433.210 22.700
57433.210 22.706
57433.210 22.713
57433.210 22.749
57433.210 22.762
57433.210 22.817
57433.550 22.672
57433.550 22.685
57433.550 22.690
57433.550 22.703
57433.550 22.709
57433.550 22.717
57433.550 22.752
57433.550 22.765
57433.550 22.820
57435.168 22.686
57435.168 22.700
57435.168 22.704
57435.168 22.718
57435.168 22.724
57435.168 22.731
57435.168 22.766
57435.168 22.780
57435.168 22.835
57437.720 22.709
57437.720 22.723
57437.720 22.727
57437.720 22.741
57437.720 22.747
57437.720 22.755
57437.720 22.790
57437.720 22.803
57437.720 22.858
57440.604 22.735
57440.604 22.749
57440.604 22.753
57440.604 22.767
57440.604 22.773
57440.604 22.781
57440.604 22.816
57440.604 22.829
57440.604 22.884
57444.240 22.768
57444.240 22.782
57444.240 22.785
57444.240 22.799
57444.240 22.806
57444.240 22.813
57444.240 22.848
57444.240 22.861
57444.240 22.917
57446.039 22.784
57446.039 22.798
57446.039 22.801
57446.039 22.815
57446.039 22.822
57446.039 22.829
57446.039 22.864
57446.039 22.878
57446.039 22.933
57450.520 22.823
57450.520 22.837
57450.520 22.840
57450.520 22.855
57450.520 22.862
57450.520 22.869
57450.520 22.904
57450.520 22.917
57450.520 22.973
57451.475 22.832
57451.475 22.846
57451.475 22.848
57451.475 22.863
57451.475 22.870
57451.475 22.877
57451.475 22.913
57451.475 22.926
57451.475 22.981
57456.270 22.873
57456.270 22.888
57456.270 22.890
57456.270 22.905
57456.270 22.912
57456.270 22.919
57456.270 22.955
57456.270 22.968
57456.270 23.023
57456.911 22.879
57456.911 22.893
57456.911 22.895
57456.911 22.910
57456.911 22.918
57456.911 22.925
57456.911 22.960
57456.911 22.973
57456.911 23.029
57458.570 22.893
57458.570 22.908
57458.570 22.910
57458.570 22.925
57458.570 22.932
57458.570 22.939
57458.570 22.975
57458.570 22.988
57458.570 23.044
57462.347 22.926
57462.347 22.940
57462.347 22.942
57462.347 22.957
57462.347 22.965
57462.347 22.972
57462.347 23.007
57462.347 23.020
57462.347 23.076
57465.530 22.953
57465.530 22.968
57465.530 22.969
57465.530 22.984
57465.530 22.992
57465.530 22.999
57465.530 23.035
57465.530 23.048
57465.530 23.104
57467.782 22.972
57467.782 22.987
57467.782 22.988
57467.782 23.004
57467.782 23.011
57467.782 23.019
57467.782 23.054
57467.782 23.067
57467.782 23.123
57473.218 23.018
57473.218 23.033
57473.218 23.033
57473.218 23.050
57473.218 23.058
57473.218 23.065
57473.218 23.100
57473.218 23.113
57473.218 23.170
57478.654 23.064
57478.654 23.078
57478.654 23.078
57478.654 23.095
57478.654 23.103
57478.654 23.111
57478.654 23.146
57478.654 23.159
57478.654 23.215
57484.090 23.109
57484.090 23.123
57484.090 23.124
57484.090 23.140
57484.090 23.148
57484.090 23.156
57484.090 23.191
57484.090 23.204
57484.090 23.261
57488.150 23.142
57488.150 23.156
57488.150 23.157
57488.150 23.173
57488.150 23.182
57488.150 23.189
57488.150 23.225
57488.150 23.237
57488.150 23.294
57489.525 23.153
57489.525 23.167
57489.525 23.168
57489.525 23.185
57489.525 23.193
57489.525 23.200
57489.525 23.236
57489.525 23.248
57489.525 23.306
57492.140 23.175
57492.140 23.188
57492.140 23.190
57492.140 23.206
57492.140 23.215
57492.140 23.222
57492.140 23.257
57492.140 23.270
57492.140 23.327
57494.961 23.198
57494.961 23.211
57494.961 23.213
57494.961 23.229
57494.961 23.238
57494.961 23.245
57494.961 23.280
57494.961 23.293
57494.961 23.350
57500.397 23.241
57500.397 23.254
57500.397 23.256
57500.397 23.272
57500.397 23.281
57500.397 23.289
57500.397 23.324
57500.397 23.337
57500.397 23.394
57505.833 23.285
57505.833 23.297
57505.833 23.300
57505.833 23.316
57505.833 23.325
57505.833 23.332
57505.833 23.368
57505.833 23.380
57505.833 23.438
57511.268 23.327
57511.268 23.339
57511.268 23.343
57511.268 23.358
57511.268 23.368
57511.268 23.375
57511.268 23.411
57511.268 23.423
57511.268 23.481
57516.704 23.370
57516.704 23.381
57516.704 23.385
57516.704 23.401
57516.704 23.410
57516.704 23.418
57516.704 23.454
57516.704 23.465
57516.704 23.524
57522.140 23.412
57522.140 23.423
57522.140 23.427
57522.140 23.443
57522.140 23.453
57522.140 23.460
57522.140 23.496
57522.140 23.508
57522.140 23.566
