57014.070 18.740
57033.490 18.060
57042.030 17.500
57051.470 17.190
57068.970 16.810
57074.210 16.820
57078.960 16.940
57079.340 16.850
57080.330 16.750
57081.330 16.810
57082.240 16.760
57084.240 16.810
57085.260 16.770
57091.972 16.624
57091.973 16.701
57091.974 16.700
57093.922 16.600
57093.924 16.586
57093.927 16.675
57094.290 16.620
57095.947 16.601
57095.949 16.625
57095.950 16.564
57096.927 16.629
57096.929 16.637
57097.210 16.610
57097.911 16.644
57098.210 16.560
57099.250 16.610
57101.310 16.580
57103.760 16.510
57104.180 16.670
57109.995 16.573
57110.210 16.660
57113.290 16.720
57117.250 16.650
57118.210 16.810
57120.210 16.780
57120.450 16.670
57120.889 16.881
57120.890 16.864
57120.892 16.884
57121.889 16.958
57122.912 17.007
57122.913 16.895
57122.914 17.008
57123.907 16.924
57123.908 16.851
57123.910 16.880
57126.180 16.880
57127.926 16.987
57127.928 16.984
57127.929 16.999
57128.160 17.030
57128.878 17.091
57128.880 17.076
57130.095 17.119
57134.240 17.210
57134.860 17.290
57134.919 17.187
57134.920 17.186
57134.922 17.165
57135.900 17.231
57135.902 17.132
57135.903 17.218
57136.922 17.212
57136.923 17.164
57136.925 17.254
57137.210 17.240
57139.210 17.340
57141.170 17.480
57152.160 17.410
57155.150 17.430
57158.800 17.410
57160.050 17.590
57175.020 17.960
57178.110 18.010
57182.120 17.990
57183.020 17.960
57184.030 18.010
57185.020 18.060
57186.770 17.950
57190.900 18.141
57190.902 18.311
57190.904 18.137
57193.901 18.119
57193.903 18.204
57193.905 18.189
57199.060 18.390
57200.902 17.754
57210.040 18.480
57221.000 18.380
57378.080 18.760
56984.000 53.397
56984.000 53.397
56984.000 53.689
56984.000 53.689
56984.000 53.693
56984.000 53.693
56984.000 53.775
56984.000 53.775
56984.000 53.795
56984.000 53.795
56984.000 53.835
56984.000 53.835
56984.000 53.838
56984.000 53.838
56984.000 53.846
56984.000 53.846
56984.000 54.071
56984.000 54.071
56989.436 53.397
56989.436 53.397
56989.436 53.689
56989.436 53.689
56989.436 53.693
56989.436 53.693
56989.436 53.775
56989.436 53.775
56989.436 53.795
56989.436 53.795
56989.436 53.835
56989.436 53.835
56989.436 53.838
56989.436 53.838
56989.436 53.846
56989.436 53.846
56989.436 54.071
56989.436 54.071
56994.872 53.397
56994.872 53.397
56994.872 53.689
56994.872 53.689
56994.872 53.693
56994.872 53.693
56994.872 53.775
56994.872 53.775
56994.872 53.795
56994.872 53.795
56994.872 53.835
56994.872 53.835
56994.872 53.838
56994.872 53.838
56994.872 53.846
56994.872 53.846
56994.872 54.071
56994.872 54.071
57000.307 21.720
57000.307 21.720
57000.307 21.828
57000.307 21.828
57000.307 22.022
57000.307 22.022
57000.307 24.161
57000.307 24.161
57000.307 24.348
57000.307 24.348
57000.307 24.605
57000.307 24.605
57000.307 24.787
57000.307 24.787
57000.307 53.838
57000.307 53.838
57000.307 54.071
57000.307 54.071
57005.743 20.202
57005.743 20.202
57005.743 20.254
57005.743 20.254
57005.743 20.324
57005.743 20.324
57005.743 20.958
57005.743 20.958
57005.743 20.972
57005.743 20.972
57005.743 20.985
57005.743 20.985
57005.743 21.031
57005.743 21.031
57005.743 21.458
57005.743 21.458
57005.743 21.745
57005.743 21.745
57011.179 19.377
57011.179 19.377
57011.179 19.406
57011.179 19.406
57011.179 19.441
57011.179 19.441
57011.179 19.762
57011.179 19.762
57011.179 19.784
57011.179 19.784
57011.179 19.785
57011.179 19.785
57011.179 19.821
57011.179 19.821
57011.179 20.022
57011.179 20.022
57011.179 20.232
57011.179 20.232
57014.000 19.065
57014.000 19.065
57014.000 19.087
57014.000 19.087
57014.000 19.112
57014.000 19.112
57014.000 19.349
57014.000 19.349
57014.000 19.379
57014.000 19.379
57014.000 19.380
57014.000 19.380
57014.000 19.410
57014.000 19.410
57014.000 19.561
57014.000 19.561
57014.000 19.750
57014.000 19.750
57014.070 19.058
57014.070 19.058
57014.070 19.080
57014.070 19.080
57014.070 19.105
57014.070 19.105
57014.070 19.340
57014.070 19.340
57014.070 19.371
57014.070 19.371
57014.070 19.371
57014.070 19.371
57014.070 19.400
57014.070 19.400
57014.070 19.551
57014.070 19.551
57014.070 19.739
57014.070 19.739
57016.615 18.822
57016.615 18.822
57016.615 18.838
57016.615 18.838
57016.615 18.856
57016.615 18.856
57016.615 19.039
57016.615 19.039
57016.615 19.073
57016.615 19.073
57016.615 19.073
57016.615 19.073
57016.615 19.099
57016.615 19.099
57016.615 19.218
57016.615 19.218
57016.615 19.393
57016.615 19.393
57022.050 18.412
57022.050 18.412
57022.050 18.419
57022.050 18.419
57022.050 18.428
57022.050 18.428
57022.050 18.538
57022.050 18.538
57022.050 18.573
57022.050 18.573
57022.050 18.576
57022.050 18.576
57022.050 18.596
57022.050 18.596
57022.050 18.672
57022.050 18.672
57022.050 18.822
57022.050 18.822
57027.486 18.094
57027.486 18.094
57027.486 18.095
57027.486 18.095
57027.486 18.097
57027.486 18.097
57027.486 18.164
57027.486 18.164
57027.486 18.196
57027.486 18.196
57027.486 18.202
57027.486 18.202
57027.486 18.218
57027.486 18.218
57027.486 18.267
57027.486 18.267
57027.486 18.399
57027.486 18.399
57032.922 17.832
57032.922 17.832
57032.922 17.834
57032.922 17.834
57032.922 17.839
57032.922 17.839
57032.922 17.873
57032.922 17.873
57032.922 17.900
57032.922 17.900
57032.922 17.909
57032.922 17.909
57032.922 17.922
57032.922 17.922
57032.922 17.952
57032.922 17.952
57032.922 18.069
57032.922 18.069
57033.490 17.808
57033.490 17.808
57033.490 17.810
57033.490 17.810
57033.490 17.815
57033.490 17.815
57033.490 17.846
57033.490 17.846
57033.490 17.872
57033.490 17.872
57033.490 17.882
57033.490 17.882
57033.490 17.895
57033.490 17.895
57033.490 17.923
57033.490 17.923
57033.490 18.039
57033.490 18.039
57038.358 17.617
57038.358 17.617
57038.358 17.622
57038.358 17.622
57038.358 17.631
57038.358 17.631
57038.358 17.640
57038.358 17.640
57038.358 17.661
57038.358 17.661
57038.358 17.673
57038.358 17.673
57038.358 17.684
57038.358 17.684
57038.358 17.701
57038.358 17.701
57038.358 17.805
57038.358 17.805
57042.030 17.494
57042.030 17.494
57042.030 17.500
57042.030 17.500
57042.030 17.508
57042.030 17.508
57042.030 17.511
57042.030 17.511
57042.030 17.525
57042.030 17.525
57042.030 17.539
57042.030 17.539
57042.030 17.549
57042.030 17.549
57042.030 17.558
57042.030 17.558
57042.030 17.654
57042.030 17.654
57043.793 17.440
57043.793 17.440
57043.793 17.446
57043.793 17.446
57043.793 17.451
57043.793 17.451
57043.793 17.458
57043.793 17.458
57043.793 17.466
57043.793 17.466
57043.793 17.480
57043.793 17.480
57043.793 17.490
57043.793 17.490
57043.793 17.497
57043.793 17.497
57043.793 17.589
57043.793 17.589
57048.700 17.306
57048.700 17.306
57048.700 17.310
57048.700 17.310
57048.700 17.313
57048.700 17.313
57048.700 17.320
57048.700 17.320
57048.700 17.328
57048.700 17.328
57048.700 17.336
57048.700 17.336
57048.700 17.344
57048.700 17.344
57048.700 17.344
57048.700 17.344
57048.700 17.427
57048.700 17.427
57049.229 17.293
57049.229 17.293
57049.229 17.296
57049.229 17.296
57049.229 17.300
57049.229 17.300
57049.229 17.306
57049.229 17.306
57049.229 17.315
57049.229 17.315
57049.229 17.322
57049.229 17.322
57049.229 17.329
57049.229 17.329
57049.229 17.330
57049.229 17.330
57049.229 17.411
57049.229 17.411
57049.700 17.282
57049.700 17.282
57049.700 17.284
57049.700 17.284
57049.700 17.289
57049.700 17.289
57049.700 17.293
57049.700 17.293
57049.700 17.304
57049.700 17.304
57049.700 17.310
57049.700 17.310
57049.700 17.316
57049.700 17.316
57049.700 17.318
57049.700 17.318
57049.700 17.397
57049.700 17.397
57051.470 17.240
57051.470 17.240
57051.470 17.241
57051.470 17.241
57051.470 17.247
57051.470 17.247
57051.470 17.248
57051.470 17.248
57051.470 17.263
57051.470 17.263
57051.470 17.265
57051.470 17.265
57051.470 17.269
57051.470 17.269
57051.470 17.273
57051.470 17.273
57051.470 17.347
57051.470 17.347
57053.500 17.195
57053.500 17.195
57053.500 17.195
57053.500 17.195
57053.500 17.200
57053.500 17.200
57053.500 17.203
57053.500 17.203
57053.500 17.217
57053.500 17.217
57053.500 17.219
57053.500 17.219
57053.500 17.219
57053.500 17.219
57053.500 17.225
57053.500 17.225
57053.500 17.293
57053.500 17.293
57054.665 17.170
57054.665 17.170
57054.665 17.171
57054.665 17.171
57054.665 17.174
57054.665 17.174
57054.665 17.179
57054.665 17.179
57054.665 17.191
57054.665 17.191
57054.665 17.191
57054.665 17.191
57054.665 17.196
57054.665 17.196
57054.665 17.199
57054.665 17.199
57054.665 17.263
57054.665 17.263
57060.101 17.065
57060.101 17.065
57060.101 17.067
57060.101 17.067
57060.101 17.071
57060.101 17.071
57060.101 17.078
57060.101 17.078
57060.101 17.078
57060.101 17.078
57060.101 17.084
57060.101 17.084
57060.101 17.090
57060.101 17.090
57060.101 17.096
57060.101 17.096
57060.101 17.142
57060.101 17.142
57065.536 16.977
57065.536 16.977
57065.536 16.984
57065.536 16.984
57065.536 16.987
57065.536 16.987
57065.536 16.988
57065.536 16.988
57065.536 16.995
57065.536 16.995
57065.536 16.997
57065.536 16.997
57065.536 17.002
57065.536 17.002
57065.536 17.015
57065.536 17.015
57065.536 17.042
57065.536 17.042
57068.470 16.937
57068.470 16.937
57068.470 16.945
57068.470 16.945
57068.470 16.947
57068.470 16.947
57068.470 16.951
57068.470 16.951
57068.470 16.957
57068.470 16.957
57068.470 16.958
57068.470 16.958
57068.470 16.962
57068.470 16.962
57068.470 16.978
57068.470 16.978
57068.470 16.997
57068.470 16.997
57068.970 16.931
57068.970 16.931
57068.970 16.938
57068.970 16.938
57068.970 16.941
57068.970 16.941
57068.970 16.945
57068.970 16.945
57068.970 16.951
57068.970 16.951
57068.970 16.952
57068.970 16.952
57068.970 16.956
57068.970 16.956
57068.970 16.972
57068.970 16.972
57068.970 16.989
57068.970 16.989
57069.450 16.925
57069.450 16.925
57069.450 16.932
57069.450 16.932
57069.450 16.936
57069.450 16.936
57069.450 16.940
57069.450 16.940
57069.450 16.945
57069.450 16.945
57069.450 16.946
57069.450 16.946
57069.450 16.950
57069.450 16.950
57069.450 16.966
57069.450 16.966
57069.450 16.983
57069.450 16.983
57070.972 16.907
57070.972 16.907
57070.972 16.914
57070.972 16.914
57070.972 16.919
57070.972 16.919
57070.972 16.923
57070.972 16.923
57070.972 16.927
57070.972 16.927
57070.972 16.929
57070.972 16.929
57070.972 16.932
57070.972 16.932
57070.972 16.949
57070.972 16.949
57070.972 16.962
57070.972 16.962
57071.600 16.900
57071.600 16.900
57071.600 16.906
57071.600 16.906
57071.600 16.913
57071.600 16.913
57071.600 16.917
57071.600 16.917
57071.600 16.920
57071.600 16.920
57071.600 16.923
57071.600 16.923
57071.600 16.925
57071.600 16.925
57071.600 16.943
57071.600 16.943
57071.600 16.954
57071.600 16.954
57072.394 16.892
57072.394 16.892
57072.394 16.898
57072.394 16.898
57072.394 16.905
57072.394 16.905
57072.394 16.909
57072.394 16.909
57072.394 16.911
57072.394 16.911
57072.394 16.915
57072.394 16.915
57072.394 16.917
57072.394 16.917
57072.394 16.935
57072.394 16.935
57072.394 16.944
57072.394 16.944
57072.590 16.890
57072.590 16.890
57072.590 16.895
57072.590 16.895
57072.590 16.903
57072.590 16.903
57072.590 16.907
57072.590 16.907
57072.590 16.909
57072.590 16.909
57072.590 16.913
57072.590 16.913
57072.590 16.914
57072.590 16.914
57072.590 16.933
57072.590 16.933
57072.590 16.942
57072.590 16.942
57073.880 16.877
57073.880 16.877
57073.880 16.882
57073.880 16.882
57073.880 16.891
57073.880 16.891
57073.880 16.895
57073.880 16.895
57073.880 16.896
57073.880 16.896
57073.880 16.900
57073.880 16.900
57073.880 16.901
57073.880 16.901
57073.880 16.920
57073.880 16.920
57073.880 16.927
57073.880 16.927
57074.169 16.874
57074.169 16.874
57074.169 16.879
57074.169 16.879
57074.169 16.889
57074.169 16.889
57074.169 16.892
57074.169 16.892
57074.169 16.894
57074.169 16.894
57074.169 16.897
57074.169 16.897
57074.169 16.899
57074.169 16.899
57074.169 16.918
57074.169 16.918
57074.169 16.924
57074.169 16.924
57074.210 16.873
57074.210 16.873
57074.210 16.878
57074.210 16.878
57074.210 16.888
57074.210 16.888
57074.210 16.892
57074.210 16.892
57074.210 16.893
57074.210 16.893
57074.210 16.897
57074.210 16.897
57074.210 16.898
57074.210 16.898
57074.210 16.917
57074.210 16.917
57074.210 16.923
57074.210 16.923
57076.167 16.856
57076.167 16.856
57076.167 16.860
57076.167 16.860
57076.167 16.872
57076.167 16.872
57076.167 16.875
57076.167 16.875
57076.167 16.875
57076.167 16.875
57076.167 16.880
57076.167 16.880
57076.167 16.880
57076.167 16.880
57076.167 16.900
57076.167 16.900
57076.167 16.903
57076.167 16.903
57076.408 16.854
57076.408 16.854
57076.408 16.858
57076.408 16.858
57076.408 16.870
57076.408 16.870
57076.408 16.873
57076.408 16.873
57076.408 16.873
57076.408 16.873
57076.408 16.878
57076.408 16.878
57076.408 16.878
57076.408 16.878
57076.408 16.898
57076.408 16.898
57076.408 16.900
57076.408 16.900
57077.170 16.848
57077.170 16.848
57077.170 16.851
57077.170 16.851
57077.170 16.865
57077.170 16.865
57077.170 16.867
57077.170 16.867
57077.170 16.867
57077.170 16.867
57077.170 16.872
57077.170 16.872
57077.170 16.872
57077.170 16.872
57077.170 16.892
57077.170 16.892
57077.170 16.893
57077.170 16.893
57077.450 16.845
57077.450 16.845
57077.450 16.849
57077.450 16.849
57077.450 16.863
57077.450 16.863
57077.450 16.865
57077.450 16.865
57077.450 16.865
57077.450 16.865
57077.450 16.870
57077.450 16.870
57077.450 16.870
57077.450 16.870
57077.450 16.890
57077.450 16.890
57077.450 16.891
57077.450 16.891
57077.620 16.844
57077.620 16.844
57077.620 16.848
57077.620 16.848
57077.620 16.862
57077.620 16.862
57077.620 16.863
57077.620 16.863
57077.620 16.864
57077.620 16.864
57077.620 16.868
57077.620 16.868
57077.620 16.869
57077.620 16.869
57077.620 16.889
57077.620 16.889
57077.620 16.889
57077.620 16.889
57078.322 16.839
57078.322 16.839
57078.322 16.842
57078.322 16.842
57078.322 16.857
57078.322 16.857
57078.322 16.858
57078.322 16.858
57078.322 16.859
57078.322 16.859
57078.322 16.863
57078.322 16.863
57078.322 16.864
57078.322 16.864
57078.322 16.883
57078.322 16.883
57078.322 16.884
57078.322 16.884
57078.470 16.838
57078.470 16.838
57078.470 16.841
57078.470 16.841
57078.470 16.856
57078.470 16.856
57078.470 16.857
57078.470 16.857
57078.470 16.858
57078.470 16.858
57078.470 16.862
57078.470 16.862
57078.470 16.863
57078.470 16.863
57078.470 16.881
57078.470 16.881
57078.470 16.882
57078.470 16.882
57078.960 16.834
57078.960 16.834
57078.960 16.837
57078.960 16.837
57078.960 16.853
57078.960 16.853
57078.960 16.853
57078.960 16.853
57078.960 16.855
57078.960 16.855
57078.960 16.858
57078.960 16.858
57078.960 16.859
57078.960 16.859
57078.960 16.877
57078.960 16.877
57078.960 16.879
57078.960 16.879
57079.340 16.832
57079.340 16.832
57079.340 16.834
57079.340 16.834
57079.340 16.850
57079.340 16.850
57079.340 16.850
57079.340 16.850
57079.340 16.852
57079.340 16.852
57079.340 16.855
57079.340 16.855
57079.340 16.857
57079.340 16.857
57079.340 16.874
57079.340 16.874
57079.340 16.876
57079.340 16.876
57080.080 16.827
57080.080 16.827
57080.080 16.829
57080.080 16.829
57080.080 16.845
57080.080 16.845
57080.080 16.846
57080.080 16.846
57080.080 16.848
57080.080 16.848
57080.080 16.850
57080.080 16.850
57080.080 16.852
57080.080 16.852
57080.080 16.868
57080.080 16.868
57080.080 16.872
57080.080 16.872
57080.330 16.825
57080.330 16.825
57080.330 16.827
57080.330 16.827
57080.330 16.844
57080.330 16.844
57080.330 16.844
57080.330 16.844
57080.330 16.846
57080.330 16.846
57080.330 16.849
57080.330 16.849
57080.330 16.850
57080.330 16.850
57080.330 16.866
57080.330 16.866
57080.330 16.870
57080.330 16.870
57080.517 16.824
57080.517 16.824
57080.517 16.826
57080.517 16.826
57080.517 16.842
57080.517 16.842
57080.517 16.843
57080.517 16.843
57080.517 16.845
57080.517 16.845
57080.517 16.847
57080.517 16.847
57080.517 16.849
57080.517 16.849
57080.517 16.865
57080.517 16.865
57080.517 16.869
57080.517 16.869
57081.330 16.819
57081.330 16.819
57081.330 16.821
57081.330 16.821
57081.330 16.837
57081.330 16.837
57081.330 16.839
57081.330 16.839
57081.330 16.840
57081.330 16.840
57081.330 16.842
57081.330 16.842
57081.330 16.844
57081.330 16.844
57081.330 16.859
57081.330 16.859
57081.330 16.864
57081.330 16.864
57081.500 16.818
57081.500 16.818
57081.500 16.820
57081.500 16.820
57081.500 16.836
57081.500 16.836
57081.500 16.838
57081.500 16.838
57081.500 16.840
57081.500 16.840
57081.500 16.841
57081.500 16.841
57081.500 16.843
57081.500 16.843
57081.500 16.858
57081.500 16.858
57081.500 16.863
57081.500 16.863
57081.844 16.816
57081.844 16.816
57081.844 16.818
57081.844 16.818
57081.844 16.834
57081.844 16.834
57081.844 16.836
57081.844 16.836
57081.844 16.838
57081.844 16.838
57081.844 16.839
57081.844 16.839
57081.844 16.841
57081.844 16.841
57081.844 16.856
57081.844 16.856
57081.844 16.861
57081.844 16.861
57082.240 16.814
57082.240 16.814
57082.240 16.815
57082.240 16.815
57082.240 16.832
57082.240 16.832
57082.240 16.834
57082.240 16.834
57082.240 16.836
57082.240 16.836
57082.240 16.837
57082.240 16.837
57082.240 16.839
57082.240 16.839
57082.240 16.853
57082.240 16.853
57082.240 16.859
57082.240 16.859
57082.940 16.810
57082.940 16.810
57082.940 16.811
57082.940 16.811
57082.940 16.828
57082.940 16.828
57082.940 16.831
57082.940 16.831
57082.940 16.832
57082.940 16.832
57082.940 16.833
57082.940 16.833
57082.940 16.835
57082.940 16.835
57082.940 16.848
57082.940 16.848
57082.940 16.855
57082.940 16.855
57084.240 16.804
57084.240 16.804
57084.240 16.805
57084.240 16.805
57084.240 16.822
57084.240 16.822
57084.240 16.826
57084.240 16.826
57084.240 16.826
57084.240 16.826
57084.240 16.827
57084.240 16.827
57084.240 16.829
57084.240 16.829
57084.240 16.841
57084.240 16.841
57084.240 16.848
57084.240 16.848
57084.342 16.804
57084.342 16.804
57084.342 16.804
57084.342 16.804
57084.342 16.821
57084.342 16.821
57084.342 16.825
57084.342 16.825
57084.342 16.826
57084.342 16.826
57084.342 16.826
57084.342 16.826
57084.342 16.829
57084.342 16.829
57084.342 16.840
57084.342 16.840
57084.342 16.848
57084.342 16.848
57085.220 16.800
57085.220 16.800
57085.220 16.800
57085.220 16.800
57085.220 16.817
57085.220 16.817
57085.220 16.822
57085.220 16.822
57085.220 16.822
57085.220 16.822
57085.220 16.822
57085.220 16.822
57085.220 16.825
57085.220 16.825
57085.220 16.836
57085.220 16.836
57085.220 16.844
57085.220 16.844
57085.260 16.800
57085.260 16.800
57085.260 16.800
57085.260 16.800
57085.260 16.817
57085.260 16.817
57085.260 16.822
57085.260 16.822
57085.260 16.822
57085.260 16.822
57085.260 16.822
57085.260 16.822
57085.260 16.825
57085.260 16.825
57085.260 16.835
57085.260 16.835
57085.260 16.844
57085.260 16.844
57086.010 16.797
57086.010 16.797
57086.010 16.797
57086.010 16.797
57086.010 16.814
57086.010 16.814
57086.010 16.819
57086.010 16.819
57086.010 16.820
57086.010 16.820
57086.010 16.820
57086.010 16.820
57086.010 16.822
57086.010 16.822
57086.010 16.832
57086.010 16.832
57086.010 16.841
57086.010 16.841
57087.279 16.792
57087.279 16.792
57087.279 16.793
57087.279 16.793
57087.279 16.809
57087.279 16.809
57087.279 16.814
57087.279 16.814
57087.279 16.816
57087.279 16.816
57087.279 16.816
57087.279 16.816
57087.279 16.818
57087.279 16.818
57087.279 16.826
57087.279 16.826
57087.279 16.836
57087.279 16.836
57089.976 16.785
57089.976 16.785
57089.976 16.786
57089.976 16.786
57089.976 16.802
57089.976 16.802
57089.976 16.807
57089.976 16.807
57089.976 16.810
57089.976 16.810
57089.976 16.811
57089.976 16.811
57089.976 16.811
57089.976 16.811
57089.976 16.818
57089.976 16.818
57089.976 16.828
57089.976 16.828
57090.476 16.784
57090.476 16.784
57090.476 16.785
57090.476 16.785
57090.476 16.801
57090.476 16.801
57090.476 16.806
57090.476 16.806
57090.476 16.809
57090.476 16.809
57090.476 16.810
57090.476 16.810
57090.476 16.810
57090.476 16.810
57090.476 16.816
57090.476 16.816
57090.476 16.827
57090.476 16.827
57090.970 16.783
57090.970 16.783
57090.970 16.785
57090.970 16.785
57090.970 16.800
57090.970 16.800
57090.970 16.805
57090.970 16.805
57090.970 16.808
57090.970 16.808
57090.970 16.809
57090.970 16.809
57090.970 16.810
57090.970 16.810
57090.970 16.815
57090.970 16.815
57090.970 16.826
57090.970 16.826
57092.170 16.782
57092.170 16.782
57092.170 16.784
57092.170 16.784
57092.170 16.798
57092.170 16.798
57092.170 16.803
57092.170 16.803
57092.170 16.807
57092.170 16.807
57092.170 16.807
57092.170 16.807
57092.170 16.809
57092.170 16.809
57092.170 16.813
57092.170 16.813
57092.170 16.824
57092.170 16.824
57092.715 16.781
57092.715 16.781
57092.715 16.783
57092.715 16.783
57092.715 16.797
57092.715 16.797
57092.715 16.803
57092.715 16.803
57092.715 16.807
57092.715 16.807
57092.715 16.807
57092.715 16.807
57092.715 16.809
57092.715 16.809
57092.715 16.812
57092.715 16.812
57092.715 16.824
57092.715 16.824
57093.020 16.781
57093.020 16.781
57093.020 16.783
57093.020 16.783
57093.020 16.797
57093.020 16.797
57093.020 16.803
57093.020 16.803
57093.020 16.806
57093.020 16.806
57093.020 16.806
57093.020 16.806
57093.020 16.808
57093.020 16.808
57093.020 16.812
57093.020 16.812
57093.020 16.823
57093.020 16.823
57093.764 16.780
57093.764 16.780
57093.764 16.783
57093.764 16.783
57093.764 16.796
57093.764 16.796
57093.764 16.802
57093.764 16.802
57093.764 16.806
57093.764 16.806
57093.764 16.806
57093.764 16.806
57093.764 16.808
57093.764 16.808
57093.764 16.811
57093.764 16.811
57093.764 16.823
57093.764 16.823
57094.290 16.780
57094.290 16.780
57094.290 16.783
57094.290 16.783
57094.290 16.796
57094.290 16.796
57094.290 16.802
57094.290 16.802
57094.290 16.806
57094.290 16.806
57094.290 16.806
57094.290 16.806
57094.290 16.809
57094.290 16.809
57094.290 16.811
57094.290 16.811
57094.290 16.822
57094.290 16.822
57094.870 16.780
57094.870 16.780
57094.870 16.783
57094.870 16.783
57094.870 16.796
57094.870 16.796
57094.870 16.802
57094.870 16.802
57094.870 16.806
57094.870 16.806
57094.870 16.806
57094.870 16.806
57094.870 16.809
57094.870 16.809
57094.870 16.810
57094.870 16.810
57094.870 16.822
57094.870 16.822
57095.270 16.780
57095.270 16.780
57095.270 16.783
57095.270 16.783
57095.270 16.796
57095.270 16.796
57095.270 16.802
57095.270 16.802
57095.270 16.806
57095.270 16.806
57095.270 16.806
57095.270 16.806
57095.270 16.809
57095.270 16.809
57095.270 16.810
57095.270 16.810
57095.270 16.822
57095.270 16.822
57095.470 16.780
57095.470 16.780
57095.470 16.783
57095.470 16.783
57095.470 16.796
57095.470 16.796
57095.470 16.802
57095.470 16.802
57095.470 16.806
57095.470 16.806
57095.470 16.807
57095.470 16.807
57095.470 16.809
57095.470 16.809
57095.470 16.810
57095.470 16.810
57095.470 16.822
57095.470 16.822
57095.930 16.781
57095.930 16.781
57095.930 16.784
57095.930 16.784
57095.930 16.796
57095.930 16.796
57095.930 16.802
57095.930 16.802
57095.930 16.806
57095.930 16.806
57095.930 16.807
57095.930 16.807
57095.930 16.810
57095.930 16.810
57095.930 16.810
57095.930 16.810
57095.930 16.822
57095.930 16.822
57097.210 16.782
57097.210 16.782
57097.210 16.785
57097.210 16.785
57097.210 16.797
57097.210 16.797
57097.210 16.803
57097.210 16.803
57097.210 16.807
57097.210 16.807
57097.210 16.808
57097.210 16.808
57097.210 16.811
57097.210 16.811
57097.210 16.812
57097.210 16.812
57097.210 16.822
57097.210 16.822
57098.151 16.783
57098.151 16.783
57098.151 16.787
57098.151 16.787
57098.151 16.798
57098.151 16.798
57098.151 16.804
57098.151 16.804
57098.151 16.808
57098.151 16.808
57098.151 16.810
57098.151 16.810
57098.151 16.812
57098.151 16.812
57098.151 16.813
57098.151 16.813
57098.151 16.823
57098.151 16.823
57098.210 16.783
57098.210 16.783
57098.210 16.787
57098.210 16.787
57098.210 16.798
57098.210 16.798
57098.210 16.804
57098.210 16.804
57098.210 16.808
57098.210 16.808
57098.210 16.810
57098.210 16.810
57098.210 16.812
57098.210 16.812
57098.210 16.813
57098.210 16.813
57098.210 16.823
57098.210 16.823
57098.610 16.784
57098.610 16.784
57098.610 16.788
57098.610 16.788
57098.610 16.799
57098.610 16.799
57098.610 16.805
57098.610 16.805
57098.610 16.808
57098.610 16.808
57098.610 16.810
57098.610 16.810
57098.610 16.812
57098.610 16.812
57098.610 16.814
57098.610 16.814
57098.610 16.824
57098.610 16.824
57098.987 16.784
57098.987 16.784
57098.987 16.788
57098.987 16.788
57098.987 16.799
57098.987 16.799
57098.987 16.805
57098.987 16.805
57098.987 16.809
57098.987 16.809
57098.987 16.811
57098.987 16.811
57098.987 16.813
57098.987 16.813
57098.987 16.815
57098.987 16.815
57098.987 16.824
57098.987 16.824
57099.250 16.785
57099.250 16.785
57099.250 16.789
57099.250 16.789
57099.250 16.800
57099.250 16.800
57099.250 16.806
57099.250 16.806
57099.250 16.809
57099.250 16.809
57099.250 16.812
57099.250 16.812
57099.250 16.813
57099.250 16.813
57099.250 16.816
57099.250 16.816
57099.250 16.824
57099.250 16.824
57100.984 16.789
57100.984 16.789
57100.984 16.794
57100.984 16.794
57100.984 16.803
57100.984 16.803
57100.984 16.809
57100.984 16.809
57100.984 16.813
57100.984 16.813
57100.984 16.816
57100.984 16.816
57100.984 16.817
57100.984 16.817
57100.984 16.820
57100.984 16.820
57100.984 16.827
57100.984 16.827
57101.310 16.790
57101.310 16.790
57101.310 16.795
57101.310 16.795
57101.310 16.804
57101.310 16.804
57101.310 16.810
57101.310 16.810
57101.310 16.814
57101.310 16.814
57101.310 16.817
57101.310 16.817
57101.310 16.818
57101.310 16.818
57101.310 16.821
57101.310 16.821
57101.310 16.828
57101.310 16.828
57102.170 16.793
57102.170 16.793
57102.170 16.797
57102.170 16.797
57102.170 16.806
57102.170 16.806
57102.170 16.812
57102.170 16.812
57102.170 16.816
57102.170 16.816
57102.170 16.819
57102.170 16.819
57102.170 16.820
57102.170 16.820
57102.170 16.824
57102.170 16.824
57102.170 16.830
57102.170 16.830
57102.520 16.794
57102.520 16.794
57102.520 16.799
57102.520 16.799
57102.520 16.807
57102.520 16.807
57102.520 16.813
57102.520 16.813
57102.520 16.817
57102.520 16.817
57102.520 16.820
57102.520 16.820
57102.520 16.821
57102.520 16.821
57102.520 16.825
57102.520 16.825
57102.520 16.831
57102.520 16.831
57103.400 16.797
57103.400 16.797
57103.400 16.802
57103.400 16.802
57103.400 16.810
57103.400 16.810
57103.400 16.816
57103.400 16.816
57103.400 16.820
57103.400 16.820
57103.400 16.823
57103.400 16.823
57103.400 16.824
57103.400 16.824
57103.400 16.829
57103.400 16.829
57103.400 16.833
57103.400 16.833
57103.587 16.798
57103.587 16.798
57103.587 16.803
57103.587 16.803
57103.587 16.811
57103.587 16.811
57103.587 16.817
57103.587 16.817
57103.587 16.821
57103.587 16.821
57103.587 16.824
57103.587 16.824
57103.587 16.824
57103.587 16.824
57103.587 16.829
57103.587 16.829
57103.587 16.834
57103.587 16.834
57103.760 16.798
57103.760 16.798
57103.760 16.803
57103.760 16.803
57103.760 16.811
57103.760 16.811
57103.760 16.818
57103.760 16.818
57103.760 16.821
57103.760 16.821
57103.760 16.825
57103.760 16.825
57103.760 16.825
57103.760 16.825
57103.760 16.830
57103.760 16.830
57103.760 16.834
57103.760 16.834
57104.180 16.800
57104.180 16.800
57104.180 16.805
57104.180 16.805
57104.180 16.813
57104.180 16.813
57104.180 16.819
57104.180 16.819
57104.180 16.823
57104.180 16.823
57104.180 16.826
57104.180 16.826
57104.180 16.827
57104.180 16.827
57104.180 16.832
57104.180 16.832
57104.180 16.836
57104.180 16.836
57104.430 16.801
57104.430 16.801
57104.430 16.806
57104.430 16.806
57104.430 16.814
57104.430 16.814
57104.430 16.820
57104.430 16.820
57104.430 16.823
57104.430 16.823
57104.430 16.827
57104.430 16.827
57104.430 16.827
57104.430 16.827
57104.430 16.833
57104.430 16.833
57104.430 16.836
57104.430 16.836
57106.440 16.810
57106.440 16.810
57106.440 16.816
57106.440 16.816
57106.440 16.822
57106.440 16.822
57106.440 16.828
57106.440 16.828
57106.440 16.832
57106.440 16.832
57106.440 16.836
57106.440 16.836
57106.440 16.836
57106.440 16.836
57106.440 16.842
57106.440 16.842
57106.440 16.844
57106.440 16.844
57106.872 16.813
57106.872 16.813
57106.872 16.818
57106.872 16.818
57106.872 16.824
57106.872 16.824
57106.872 16.830
57106.872 16.830
57106.872 16.834
57106.872 16.834
57106.872 16.838
57106.872 16.838
57106.872 16.838
57106.872 16.838
57106.872 16.844
57106.872 16.844
57106.872 16.846
57106.872 16.846
57109.022 16.825
57109.022 16.825
57109.022 16.830
57109.022 16.830
57109.022 16.835
57109.022 16.835
57109.022 16.841
57109.022 16.841
57109.022 16.844
57109.022 16.844
57109.022 16.849
57109.022 16.849
57109.022 16.849
57109.022 16.849
57109.022 16.855
57109.022 16.855
57109.022 16.856
57109.022 16.856
57110.160 16.832
57110.160 16.832
57110.160 16.838
57110.160 16.838
57110.160 16.841
57110.160 16.841
57110.160 16.848
57110.160 16.848
57110.160 16.850
57110.160 16.850
57110.160 16.856
57110.160 16.856
57110.160 16.856
57110.160 16.856
57110.160 16.861
57110.160 16.861
57110.160 16.863
57110.160 16.863
57110.180 16.832
57110.180 16.832
57110.180 16.838
57110.180 16.838
57110.180 16.842
57110.180 16.842
57110.180 16.848
57110.180 16.848
57110.180 16.851
57110.180 16.851
57110.180 16.856
57110.180 16.856
57110.180 16.856
57110.180 16.856
57110.180 16.861
57110.180 16.861
57110.180 16.864
57110.180 16.864
57110.210 16.832
57110.210 16.832
57110.210 16.838
57110.210 16.838
57110.210 16.842
57110.210 16.842
57110.210 16.848
57110.210 16.848
57110.210 16.851
57110.210 16.851
57110.210 16.856
57110.210 16.856
57110.210 16.856
57110.210 16.856
57110.210 16.861
57110.210 16.861
57110.210 16.864
57110.210 16.864
57110.699 16.835
57110.699 16.835
57110.699 16.841
57110.699 16.841
57110.699 16.845
57110.699 16.845
57110.699 16.851
57110.699 16.851
57110.699 16.854
57110.699 16.854
57110.699 16.859
57110.699 16.859
57110.699 16.859
57110.699 16.859
57110.699 16.864
57110.699 16.864
57110.699 16.867
57110.699 16.867
57111.503 16.841
57111.503 16.841
57111.503 16.847
57111.503 16.847
57111.503 16.850
57111.503 16.850
57111.503 16.856
57111.503 16.856
57111.503 16.858
57111.503 16.858
57111.503 16.864
57111.503 16.864
57111.503 16.864
57111.503 16.864
57111.503 16.868
57111.503 16.868
57111.503 16.872
57111.503 16.872
57113.290 16.854
57113.290 16.854
57113.290 16.860
57113.290 16.860
57113.290 16.862
57113.290 16.862
57113.290 16.868
57113.290 16.868
57113.290 16.870
57113.290 16.870
57113.290 16.876
57113.290 16.876
57113.290 16.877
57113.290 16.877
57113.290 16.879
57113.290 16.879
57113.290 16.885
57113.290 16.885
57114.458 16.863
57114.458 16.863
57114.458 16.869
57114.458 16.869
57114.458 16.870
57114.458 16.870
57114.458 16.876
57114.458 16.876
57114.458 16.878
57114.458 16.878
57114.458 16.885
57114.458 16.885
57114.458 16.885
57114.458 16.885
57114.458 16.887
57114.458 16.887
57114.458 16.894
57114.458 16.894
57116.930 16.884
57116.930 16.884
57116.930 16.890
57116.930 16.890
57116.930 16.890
57116.930 16.890
57116.930 16.896
57116.930 16.896
57116.930 16.897
57116.930 16.897
57116.930 16.904
57116.930 16.904
57116.930 16.905
57116.930 16.905
57116.930 16.905
57116.930 16.905
57116.930 16.914
57116.930 16.914
57117.250 16.887
57117.250 16.887
57117.250 16.892
57117.250 16.892
57117.250 16.893
57117.250 16.893
57117.250 16.898
57117.250 16.898
57117.250 16.900
57117.250 16.900
57117.250 16.906
57117.250 16.906
57117.250 16.907
57117.250 16.907
57117.250 16.908
57117.250 16.908
57117.250 16.916
57117.250 16.916
57118.210 16.896
57118.210 16.896
57118.210 16.901
57118.210 16.901
57118.210 16.902
57118.210 16.902
57118.210 16.907
57118.210 16.907
57118.210 16.908
57118.210 16.908
57118.210 16.915
57118.210 16.915
57118.210 16.915
57118.210 16.915
57118.210 16.916
57118.210 16.916
57118.210 16.925
57118.210 16.925
57118.422 16.898
57118.422 16.898
57118.422 16.903
57118.422 16.903
57118.422 16.904
57118.422 16.904
57118.422 16.908
57118.422 16.908
57118.422 16.909
57118.422 16.909
57118.422 16.916
57118.422 16.916
57118.422 16.916
57118.422 16.916
57118.422 16.918
57118.422 16.918
57118.422 16.927
57118.422 16.927
57119.894 16.912
57119.894 16.912
57119.894 16.916
57119.894 16.916
57119.894 16.918
57119.894 16.918
57119.894 16.922
57119.894 16.922
57119.894 16.922
57119.894 16.922
57119.894 16.929
57119.894 16.929
57119.894 16.929
57119.894 16.929
57119.894 16.932
57119.894 16.932
57119.894 16.940
57119.894 16.940
57120.150 16.914
57120.150 16.914
57120.150 16.918
57120.150 16.918
57120.150 16.921
57120.150 16.921
57120.150 16.924
57120.150 16.924
57120.150 16.925
57120.150 16.925
57120.150 16.931
57120.150 16.931
57120.150 16.932
57120.150 16.932
57120.150 16.934
57120.150 16.934
57120.150 16.943
57120.150 16.943
57120.210 16.915
57120.210 16.915
57120.210 16.919
57120.210 16.919
57120.210 16.921
57120.210 16.921
57120.210 16.925
57120.210 16.925
57120.210 16.925
57120.210 16.925
57120.210 16.931
57120.210 16.931
57120.210 16.932
57120.210 16.932
57120.210 16.935
57120.210 16.935
57120.210 16.943
57120.210 16.943
57120.450 16.917
57120.450 16.917
57120.450 16.921
57120.450 16.921
57120.450 16.924
57120.450 16.924
57120.450 16.927
57120.450 16.927
57120.450 16.927
57120.450 16.927
57120.450 16.933
57120.450 16.933
57120.450 16.935
57120.450 16.935
57120.450 16.937
57120.450 16.937
57120.450 16.946
57120.450 16.946
57120.816 16.921
57120.816 16.921
57120.816 16.925
57120.816 16.925
57120.816 16.927
57120.816 16.927
57120.816 16.930
57120.816 16.930
57120.816 16.931
57120.816 16.931
57120.816 16.937
57120.816 16.937
57120.816 16.938
57120.816 16.938
57120.816 16.941
57120.816 16.941
57120.816 16.949
57120.816 16.949
57122.075 16.934
57122.075 16.934
57122.075 16.937
57122.075 16.937
57122.075 16.940
57122.075 16.940
57122.075 16.942
57122.075 16.942
57122.075 16.943
57122.075 16.943
57122.075 16.948
57122.075 16.948
57122.075 16.950
57122.075 16.950
57122.075 16.953
57122.075 16.953
57122.075 16.962
57122.075 16.962
57122.130 16.935
57122.130 16.935
57122.130 16.938
57122.130 16.938
57122.130 16.941
57122.130 16.941
57122.130 16.943
57122.130 16.943
57122.130 16.943
57122.130 16.943
57122.130 16.948
57122.130 16.948
57122.130 16.951
57122.130 16.951
57122.130 16.954
57122.130 16.954
57122.130 16.962
57122.130 16.962
57122.785 16.942
57122.785 16.942
57122.785 16.944
57122.785 16.944
57122.785 16.948
57122.785 16.948
57122.785 16.950
57122.785 16.950
57122.785 16.950
57122.785 16.950
57122.785 16.955
57122.785 16.955
57122.785 16.957
57122.785 16.957
57122.785 16.961
57122.785 16.961
57122.785 16.969
57122.785 16.969
57122.850 16.943
57122.850 16.943
57122.850 16.945
57122.850 16.945
57122.850 16.949
57122.850 16.949
57122.850 16.950
57122.850 16.950
57122.850 16.950
57122.850 16.950
57122.850 16.955
57122.850 16.955
57122.850 16.958
57122.850 16.958
57122.850 16.962
57122.850 16.962
57122.850 16.970
57122.850 16.970
57123.870 16.954
57123.870 16.954
57123.870 16.956
57123.870 16.956
57123.870 16.960
57123.870 16.960
57123.870 16.960
57123.870 16.960
57123.870 16.961
57123.870 16.961
57123.870 16.965
57123.870 16.965
57123.870 16.968
57123.870 16.968
57123.870 16.972
57123.870 16.972
57123.870 16.980
57123.870 16.980
57125.330 16.971
57125.330 16.971
57125.330 16.972
57125.330 16.972
57125.330 16.976
57125.330 16.976
57125.330 16.976
57125.330 16.976
57125.330 16.977
57125.330 16.977
57125.330 16.980
57125.330 16.980
57125.330 16.983
57125.330 16.983
57125.330 16.988
57125.330 16.988
57125.330 16.996
57125.330 16.996
57126.180 16.981
57126.180 16.981
57126.180 16.981
57126.180 16.981
57126.180 16.985
57126.180 16.985
57126.180 16.986
57126.180 16.986
57126.180 16.987
57126.180 16.987
57126.180 16.988
57126.180 16.988
57126.180 16.992
57126.180 16.992
57126.180 16.998
57126.180 16.998
57126.180 17.005
57126.180 17.005
57127.720 16.999
57127.720 16.999
57127.720 17.000
57127.720 17.000
57127.720 17.002
57127.720 17.002
57127.720 17.003
57127.720 17.003
57127.720 17.005
57127.720 17.005
57127.720 17.005
57127.720 17.005
57127.720 17.010
57127.720 17.010
57127.720 17.016
57127.720 17.016
57127.720 17.023
57127.720 17.023
57128.160 17.004
57128.160 17.004
57128.160 17.006
57128.160 17.006
57128.160 17.007
57128.160 17.007
57128.160 17.008
57128.160 17.008
57128.160 17.010
57128.160 17.010
57128.160 17.011
57128.160 17.011
57128.160 17.015
57128.160 17.015
57128.160 17.021
57128.160 17.021
57128.160 17.028
57128.160 17.028
57128.629 17.010
57128.629 17.010
57128.629 17.012
57128.629 17.012
57128.629 17.012
57128.629 17.012
57128.629 17.014
57128.629 17.014
57128.629 17.015
57128.629 17.015
57128.629 17.017
57128.629 17.017
57128.629 17.020
57128.629 17.020
57128.629 17.027
57128.629 17.027
57128.629 17.034
57128.629 17.034
57129.940 17.026
57129.940 17.026
57129.940 17.028
57129.940 17.028
57129.940 17.029
57129.940 17.029
57129.940 17.030
57129.940 17.030
57129.940 17.030
57129.940 17.030
57129.940 17.034
57129.940 17.034
57129.940 17.035
57129.940 17.035
57129.940 17.043
57129.940 17.043
57129.940 17.050
57129.940 17.050
57130.765 17.037
57130.765 17.037
57130.765 17.038
57130.765 17.038
57130.765 17.040
57130.765 17.040
57130.765 17.040
57130.765 17.040
57130.765 17.040
57130.765 17.040
57130.765 17.045
57130.765 17.045
57130.765 17.045
57130.765 17.045
57130.765 17.054
57130.765 17.054
57130.765 17.060
57130.765 17.060
57131.527 17.046
57131.527 17.046
57131.527 17.047
57131.527 17.047
57131.527 17.049
57131.527 17.049
57131.527 17.050
57131.527 17.050
57131.527 17.051
57131.527 17.051
57131.527 17.055
57131.527 17.055
57131.527 17.055
57131.527 17.055
57131.527 17.064
57131.527 17.064
57131.527 17.069
57131.527 17.069
57131.710 17.049
57131.710 17.049
57131.710 17.050
57131.710 17.050
57131.710 17.051
57131.710 17.051
57131.710 17.052
57131.710 17.052
57131.710 17.053
57131.710 17.053
57131.710 17.057
57131.710 17.057
57131.710 17.057
57131.710 17.057
57131.710 17.066
57131.710 17.066
57131.710 17.072
57131.710 17.072
57132.930 17.065
57132.930 17.065
57132.930 17.065
57132.930 17.065
57132.930 17.066
57132.930 17.066
57132.930 17.068
57132.930 17.068
57132.930 17.070
57132.930 17.070
57132.930 17.072
57132.930 17.072
57132.930 17.074
57132.930 17.074
57132.930 17.082
57132.930 17.082
57132.930 17.087
57132.930 17.087
57134.240 17.082
57134.240 17.082
57134.240 17.082
57134.240 17.082
57134.240 17.083
57134.240 17.083
57134.240 17.085
57134.240 17.085
57134.240 17.089
57134.240 17.089
57134.240 17.089
57134.240 17.089
57134.240 17.092
57134.240 17.092
57134.240 17.100
57134.240 17.100
57134.240 17.105
57134.240 17.105
57134.860 17.090
57134.860 17.090
57134.860 17.090
57134.860 17.090
57134.860 17.091
57134.860 17.091
57134.860 17.093
57134.860 17.093
57134.860 17.097
57134.860 17.097
57134.860 17.098
57134.860 17.098
57134.860 17.101
57134.860 17.101
57134.860 17.109
57134.860 17.109
57134.860 17.113
57134.860 17.113
57135.440 17.098
57135.440 17.098
57135.440 17.098
57135.440 17.098
57135.440 17.100
57135.440 17.100
57135.440 17.101
57135.440 17.101
57135.440 17.105
57135.440 17.105
57135.440 17.107
57135.440 17.107
57135.440 17.110
57135.440 17.110
57135.440 17.117
57135.440 17.117
57135.440 17.121
57135.440 17.121
57135.940 17.105
57135.940 17.105
57135.940 17.105
57135.940 17.105
57135.940 17.107
57135.940 17.107
57135.940 17.108
57135.940 17.108
57135.940 17.112
57135.940 17.112
57135.940 17.114
57135.940 17.114
57135.940 17.117
57135.940 17.117
57135.940 17.124
57135.940 17.124
57135.940 17.128
57135.940 17.128
57136.201 17.108
57136.201 17.108
57136.201 17.108
57136.201 17.108
57136.201 17.110
57136.201 17.110
57136.201 17.112
57136.201 17.112
57136.201 17.115
57136.201 17.115
57136.201 17.118
57136.201 17.118
57136.201 17.121
57136.201 17.121
57136.201 17.128
57136.201 17.128
57136.201 17.131
57136.201 17.131
57136.314 17.110
57136.314 17.110
57136.314 17.110
57136.314 17.110
57136.314 17.112
57136.314 17.112
57136.314 17.113
57136.314 17.113
57136.314 17.117
57136.314 17.117
57136.314 17.120
57136.314 17.120
57136.314 17.123
57136.314 17.123
57136.314 17.130
57136.314 17.130
57136.314 17.133
57136.314 17.133
57137.210 17.122
57137.210 17.122
57137.210 17.122
57137.210 17.122
57137.210 17.125
57137.210 17.125
57137.210 17.126
57137.210 17.126
57137.210 17.129
57137.210 17.129
57137.210 17.133
57137.210 17.133
57137.210 17.136
57137.210 17.136
57137.210 17.143
57137.210 17.143
57137.210 17.145
57137.210 17.145
57137.270 17.122
57137.270 17.122
57137.270 17.123
57137.270 17.123
57137.270 17.126
57137.270 17.126
57137.270 17.127
57137.270 17.127
57137.270 17.130
57137.270 17.130
57137.270 17.134
57137.270 17.134
57137.270 17.137
57137.270 17.137
57137.270 17.143
57137.270 17.143
57137.270 17.146
57137.270 17.146
57138.860 17.145
57138.860 17.145
57138.860 17.146
57138.860 17.146
57138.860 17.150
57138.860 17.150
57138.860 17.150
57138.860 17.150
57138.860 17.152
57138.860 17.152
57138.860 17.159
57138.860 17.159
57138.860 17.161
57138.860 17.161
57138.860 17.167
57138.860 17.167
57138.860 17.169
57138.860 17.169
57138.880 17.145
57138.880 17.145
57138.880 17.146
57138.880 17.146
57138.880 17.150
57138.880 17.150
57138.880 17.150
57138.880 17.150
57138.880 17.152
57138.880 17.152
57138.880 17.160
57138.880 17.160
57138.880 17.161
57138.880 17.161
57138.880 17.167
57138.880 17.167
57138.880 17.169
57138.880 17.169
57139.210 17.149
57139.210 17.149
57139.210 17.151
57139.210 17.151
57139.210 17.155
57139.210 17.155
57139.210 17.155
57139.210 17.155
57139.210 17.157
57139.210 17.157
57139.210 17.165
57139.210 17.165
57139.210 17.167
57139.210 17.167
57139.210 17.172
57139.210 17.172
57139.210 17.174
57139.210 17.174
57140.100 17.162
57140.100 17.162
57140.100 17.164
57140.100 17.164
57140.100 17.168
57140.100 17.168
57140.100 17.169
57140.100 17.169
57140.100 17.170
57140.100 17.170
57140.100 17.179
57140.100 17.179
57140.100 17.181
57140.100 17.181
57140.100 17.186
57140.100 17.186
57140.100 17.187
57140.100 17.187
57141.170 17.178
57141.170 17.178
57141.170 17.180
57141.170 17.180
57141.170 17.184
57141.170 17.184
57141.170 17.185
57141.170 17.185
57141.170 17.186
57141.170 17.186
57141.170 17.197
57141.170 17.197
57141.170 17.198
57141.170 17.198
57141.170 17.202
57141.170 17.202
57141.170 17.203
57141.170 17.203
57141.637 17.185
57141.637 17.185
57141.637 17.187
57141.637 17.187
57141.637 17.191
57141.637 17.191
57141.637 17.192
57141.637 17.192
57141.637 17.193
57141.637 17.193
57141.637 17.204
57141.637 17.204
57141.637 17.205
57141.637 17.205
57141.637 17.210
57141.637 17.210
57141.637 17.210
57141.637 17.210
57144.468 17.228
57144.468 17.228
57144.468 17.231
57144.468 17.231
57144.468 17.235
57144.468 17.235
57144.468 17.236
57144.468 17.236
57144.468 17.239
57144.468 17.239
57144.468 17.253
57144.468 17.253
57144.468 17.254
57144.468 17.254
57144.468 17.254
57144.468 17.254
57144.468 17.255
57144.468 17.255
57144.710 17.231
57144.710 17.231
57144.710 17.235
57144.710 17.235
57144.710 17.239
57144.710 17.239
57144.710 17.240
57144.710 17.240
57144.710 17.243
57144.710 17.243
57144.710 17.257
57144.710 17.257
57144.710 17.258
57144.710 17.258
57144.710 17.258
57144.710 17.258
57144.710 17.259
57144.710 17.259
57144.890 17.234
57144.890 17.234
57144.890 17.237
57144.890 17.237
57144.890 17.242
57144.890 17.242
57144.890 17.243
57144.890 17.243
57144.890 17.246
57144.890 17.246
57144.890 17.260
57144.890 17.260
57144.890 17.262
57144.890 17.262
57144.890 17.262
57144.890 17.262
57144.890 17.262
57144.890 17.262
57147.073 17.269
57147.073 17.269
57147.073 17.275
57147.073 17.275
57147.073 17.280
57147.073 17.280
57147.073 17.281
57147.073 17.281
57147.073 17.285
57147.073 17.285
57147.073 17.295
57147.073 17.295
57147.073 17.300
57147.073 17.300
57147.073 17.302
57147.073 17.302
57147.073 17.302
57147.073 17.302
57148.310 17.291
57148.310 17.291
57148.310 17.298
57148.310 17.298
57148.310 17.304
57148.310 17.304
57148.310 17.305
57148.310 17.305
57148.310 17.308
57148.310 17.308
57148.310 17.315
57148.310 17.315
57148.310 17.322
57148.310 17.322
57148.310 17.325
57148.310 17.325
57148.310 17.325
57148.310 17.325
57150.030 17.322
57150.030 17.322
57150.030 17.329
57150.030 17.329
57150.030 17.336
57150.030 17.336
57150.030 17.338
57150.030 17.338
57150.030 17.340
57150.030 17.340
57150.030 17.348
57150.030 17.348
57150.030 17.354
57150.030 17.354
57150.030 17.357
57150.030 17.357
57150.030 17.358
57150.030 17.358
57150.960 17.339
57150.960 17.339
57150.960 17.347
57150.960 17.347
57150.960 17.354
57150.960 17.354
57150.960 17.356
57150.960 17.356
57150.960 17.357
57150.960 17.357
57150.960 17.366
57150.960 17.366
57150.960 17.371
57150.960 17.371
57150.960 17.374
57150.960 17.374
57150.960 17.375
57150.960 17.375
57151.187 17.343
57151.187 17.343
57151.187 17.351
57151.187 17.351
57151.187 17.358
57151.187 17.358
57151.187 17.360
57151.187 17.360
57151.187 17.361
57151.187 17.361
57151.187 17.371
57151.187 17.371
57151.187 17.375
57151.187 17.375
57151.187 17.378
57151.187 17.378
57151.187 17.379
57151.187 17.379
57152.160 17.361
57152.160 17.361
57152.160 17.369
57152.160 17.369
57152.160 17.377
57152.160 17.377
57152.160 17.379
57152.160 17.379
57152.160 17.379
57152.160 17.379
57152.160 17.390
57152.160 17.390
57152.160 17.393
57152.160 17.393
57152.160 17.397
57152.160 17.397
57152.160 17.398
57152.160 17.398
57152.508 17.368
57152.508 17.368
57152.508 17.375
57152.508 17.375
57152.508 17.383
57152.508 17.383
57152.508 17.386
57152.508 17.386
57152.508 17.386
57152.508 17.386
57152.508 17.397
57152.508 17.397
57152.508 17.399
57152.508 17.399
57152.508 17.403
57152.508 17.403
57152.508 17.404
57152.508 17.404
57155.150 17.416
57155.150 17.416
57155.150 17.424
57155.150 17.424
57155.150 17.434
57155.150 17.434
57155.150 17.435
57155.150 17.435
57155.150 17.436
57155.150 17.436
57155.150 17.448
57155.150 17.448
57155.150 17.448
57155.150 17.448
57155.150 17.453
57155.150 17.453
57155.150 17.454
57155.150 17.454
57155.760 17.427
57155.760 17.427
57155.760 17.436
57155.760 17.436
57155.760 17.446
57155.760 17.446
57155.760 17.446
57155.760 17.446
57155.760 17.448
57155.760 17.448
57155.760 17.459
57155.760 17.459
57155.760 17.460
57155.760 17.460
57155.760 17.464
57155.760 17.464
57155.760 17.465
57155.760 17.465
57157.944 17.468
57157.944 17.468
57157.944 17.476
57157.944 17.476
57157.944 17.487
57157.944 17.487
57157.944 17.487
57157.944 17.487
57157.944 17.490
57157.944 17.490
57157.944 17.499
57157.944 17.499
57157.944 17.503
57157.944 17.503
57157.944 17.505
57157.944 17.505
57157.944 17.506
57157.944 17.506
57158.800 17.484
57158.800 17.484
57158.800 17.492
57158.800 17.492
57158.800 17.503
57158.800 17.503
57158.800 17.504
57158.800 17.504
57158.800 17.507
57158.800 17.507
57158.800 17.515
57158.800 17.515
57158.800 17.520
57158.800 17.520
57158.800 17.521
57158.800 17.521
57158.800 17.523
57158.800 17.523
57160.050 17.507
57160.050 17.507
57160.050 17.516
57160.050 17.516
57160.050 17.526
57160.050 17.526
57160.050 17.528
57160.050 17.528
57160.050 17.531
57160.050 17.531
57160.050 17.538
57160.050 17.538
57160.050 17.544
57160.050 17.544
57160.050 17.545
57160.050 17.545
57160.050 17.546
57160.050 17.546
57160.630 17.518
57160.630 17.518
57160.630 17.527
57160.630 17.527
57160.630 17.537
57160.630 17.537
57160.630 17.539
57160.630 17.539
57160.630 17.542
57160.630 17.542
57160.630 17.549
57160.630 17.549
57160.630 17.556
57160.630 17.556
57160.630 17.556
57160.630 17.556
57160.630 17.557
57160.630 17.557
57161.010 17.525
57161.010 17.525
57161.010 17.534
57161.010 17.534
57161.010 17.544
57161.010 17.544
57161.010 17.546
57161.010 17.546
57161.010 17.550
57161.010 17.550
57161.010 17.556
57161.010 17.556
57161.010 17.563
57161.010 17.563
57161.010 17.563
57161.010 17.563
57161.010 17.564
57161.010 17.564
57161.700 17.538
57161.700 17.538
57161.700 17.547
57161.700 17.547
57161.700 17.557
57161.700 17.557
57161.700 17.559
57161.700 17.559
57161.700 17.563
57161.700 17.563
57161.700 17.569
57161.700 17.569
57161.700 17.576
57161.700 17.576
57161.700 17.576
57161.700 17.576
57161.700 17.577
57161.700 17.577
57162.730 17.557
57162.730 17.557
57162.730 17.566
57162.730 17.566
57162.730 17.577
57162.730 17.577
57162.730 17.579
57162.730 17.579
57162.730 17.583
57162.730 17.583
57162.730 17.588
57162.730 17.588
57162.730 17.595
57162.730 17.595
57162.730 17.596
57162.730 17.596
57162.730 17.597
57162.730 17.597
57162.900 17.560
57162.900 17.560
57162.900 17.569
57162.900 17.569
57162.900 17.580
57162.900 17.580
57162.900 17.582
57162.900 17.582
57162.900 17.586
57162.900 17.586
57162.900 17.591
57162.900 17.591
57162.900 17.599
57162.900 17.599
57162.900 17.600
57162.900 17.600
57162.900 17.600
57162.900 17.600
57163.380 17.569
57163.380 17.569
57163.380 17.578
57163.380 17.578
57163.380 17.589
57163.380 17.589
57163.380 17.591
57163.380 17.591
57163.380 17.595
57163.380 17.595
57163.380 17.599
57163.380 17.599
57163.380 17.608
57163.380 17.608
57163.380 17.609
57163.380 17.609
57163.380 17.609
57163.380 17.609
57166.353 17.625
57166.353 17.625
57166.353 17.634
57166.353 17.634
57166.353 17.645
57166.353 17.645
57166.353 17.648
57166.353 17.648
57166.353 17.652
57166.353 17.652
57166.353 17.654
57166.353 17.654
57166.353 17.663
57166.353 17.663
57166.353 17.665
57166.353 17.665
57166.353 17.667
57166.353 17.667
57166.920 17.636
57166.920 17.636
57166.920 17.644
57166.920 17.644
57166.920 17.655
57166.920 17.655
57166.920 17.659
57166.920 17.659
57166.920 17.663
57166.920 17.663
57166.920 17.664
57166.920 17.664
57166.920 17.674
57166.920 17.674
57166.920 17.675
57166.920 17.675
57166.920 17.678
57166.920 17.678
57168.816 17.671
57168.816 17.671
57168.816 17.680
57168.816 17.680
57168.816 17.691
57168.816 17.691
57168.816 17.695
57168.816 17.695
57168.816 17.699
57168.816 17.699
57168.816 17.700
57168.816 17.700
57168.816 17.710
57168.816 17.710
57168.816 17.711
57168.816 17.711
57168.816 17.714
57168.816 17.714
57171.900 17.729
57171.900 17.729
57171.900 17.737
57171.900 17.737
57171.900 17.748
57171.900 17.748
57171.900 17.753
57171.900 17.753
57171.900 17.755
57171.900 17.755
57171.900 17.758
57171.900 17.758
57171.900 17.767
57171.900 17.767
57171.900 17.768
57171.900 17.768
57171.900 17.773
57171.900 17.773
57172.407 17.739
57172.407 17.739
57172.407 17.747
57172.407 17.747
57172.407 17.758
57172.407 17.758
57172.407 17.763
57172.407 17.763
57172.407 17.764
57172.407 17.764
57172.407 17.768
57172.407 17.768
57172.407 17.777
57172.407 17.777
57172.407 17.777
57172.407 17.777
57172.407 17.783
57172.407 17.783
57173.380 17.757
57173.380 17.757
57173.380 17.765
57173.380 17.765
57173.380 17.776
57173.380 17.776
57173.380 17.781
57173.380 17.781
57173.380 17.782
57173.380 17.782
57173.380 17.786
57173.380 17.786
57173.380 17.795
57173.380 17.795
57173.380 17.795
57173.380 17.795
57173.380 17.801
57173.380 17.801
57174.252 17.773
57174.252 17.773
57174.252 17.781
57174.252 17.781
57174.252 17.792
57174.252 17.792
57174.252 17.797
57174.252 17.797
57174.252 17.798
57174.252 17.798
57174.252 17.803
57174.252 17.803
57174.252 17.811
57174.252 17.811
57174.252 17.812
57174.252 17.812
57174.252 17.818
57174.252 17.818
57175.020 17.787
57175.020 17.787
57175.020 17.796
57175.020 17.796
57175.020 17.806
57175.020 17.806
57175.020 17.812
57175.020 17.812
57175.020 17.812
57175.020 17.812
57175.020 17.818
57175.020 17.818
57175.020 17.825
57175.020 17.825
57175.020 17.826
57175.020 17.826
57175.020 17.832
57175.020 17.832
57176.950 17.823
57176.950 17.823
57176.950 17.831
57176.950 17.831
57176.950 17.842
57176.950 17.842
57176.950 17.846
57176.950 17.846
57176.950 17.848
57176.950 17.848
57176.950 17.854
57176.950 17.854
57176.950 17.861
57176.950 17.861
57176.950 17.861
57176.950 17.861
57176.950 17.869
57176.950 17.869
57178.110 17.845
57178.110 17.845
57178.110 17.853
57178.110 17.853
57178.110 17.863
57178.110 17.863
57178.110 17.867
57178.110 17.867
57178.110 17.869
57178.110 17.869
57178.110 17.876
57178.110 17.876
57178.110 17.882
57178.110 17.882
57178.110 17.883
57178.110 17.883
57178.110 17.890
57178.110 17.890
57179.110 17.864
57179.110 17.864
57179.110 17.871
57179.110 17.871
57179.110 17.882
57179.110 17.882
57179.110 17.885
57179.110 17.885
57179.110 17.888
57179.110 17.888
57179.110 17.894
57179.110 17.894
57179.110 17.900
57179.110 17.900
57179.110 17.901
57179.110 17.901
57179.110 17.909
57179.110 17.909
57179.687 17.874
57179.687 17.874
57179.687 17.882
57179.687 17.882
57179.687 17.892
57179.687 17.892
57179.687 17.895
57179.687 17.895
57179.687 17.899
57179.687 17.899
57179.687 17.905
57179.687 17.905
57179.687 17.911
57179.687 17.911
57179.687 17.911
57179.687 17.911
57179.687 17.920
57179.687 17.920
57182.120 17.919
57182.120 17.919
57182.120 17.927
57182.120 17.927
57182.120 17.937
57182.120 17.937
57182.120 17.938
57182.120 17.938
57182.120 17.944
57182.120 17.944
57182.120 17.951
57182.120 17.951
57182.120 17.955
57182.120 17.955
57182.120 17.955
57182.120 17.955
57182.120 17.965
57182.120 17.965
57183.020 17.936
57183.020 17.936
57183.020 17.943
57183.020 17.943
57183.020 17.953
57183.020 17.953
57183.020 17.954
57183.020 17.954
57183.020 17.960
57183.020 17.960
57183.020 17.967
57183.020 17.967
57183.020 17.972
57183.020 17.972
57183.020 17.972
57183.020 17.972
57183.020 17.981
57183.020 17.981
57184.030 17.955
57184.030 17.955
57184.030 17.961
57184.030 17.961
57184.030 17.972
57184.030 17.972
57184.030 17.972
57184.030 17.972
57184.030 17.979
57184.030 17.979
57184.030 17.986
57184.030 17.986
57184.030 17.990
57184.030 17.990
57184.030 17.990
57184.030 17.990
57184.030 18.000
57184.030 18.000
57184.960 17.972
57184.960 17.972
57184.960 17.978
57184.960 17.978
57184.960 17.989
57184.960 17.989
57184.960 17.989
57184.960 17.989
57184.960 17.996
57184.960 17.996
57184.960 18.003
57184.960 18.003
57184.960 18.007
57184.960 18.007
57184.960 18.007
57184.960 18.007
57184.960 18.017
57184.960 18.017
57185.020 17.973
57185.020 17.973
57185.020 17.980
57185.020 17.980
57185.020 17.990
57185.020 17.990
57185.020 17.990
57185.020 17.990
57185.020 17.997
57185.020 17.997
57185.020 18.004
57185.020 18.004
57185.020 18.008
57185.020 18.008
57185.020 18.008
57185.020 18.008
57185.020 18.018
57185.020 18.018
57185.123 17.975
57185.123 17.975
57185.123 17.981
57185.123 17.981
57185.123 17.991
57185.123 17.991
57185.123 17.991
57185.123 17.991
57185.123 17.999
57185.123 17.999
57185.123 18.006
57185.123 18.006
57185.123 18.010
57185.123 18.010
57185.123 18.010
57185.123 18.010
57185.123 18.020
57185.123 18.020
57185.212 17.976
57185.212 17.976
57185.212 17.983
57185.212 17.983
57185.212 17.993
57185.212 17.993
57185.212 17.993
57185.212 17.993
57185.212 18.000
57185.212 18.000
57185.212 18.008
57185.212 18.008
57185.212 18.011
57185.212 18.011
57185.212 18.011
57185.212 18.011
57185.212 18.022
57185.212 18.022
57186.770 18.005
57186.770 18.005
57186.770 18.011
57186.770 18.011
57186.770 18.020
57186.770 18.020
57186.770 18.021
57186.770 18.021
57186.770 18.029
57186.770 18.029
57186.770 18.036
57186.770 18.036
57186.770 18.039
57186.770 18.039
57186.770 18.039
57186.770 18.039
57186.770 18.050
57186.770 18.050
57190.559 18.074
57190.559 18.074
57190.559 18.080
57190.559 18.080
57190.559 18.086
57190.559 18.086
57190.559 18.089
57190.559 18.089
57190.559 18.097
57190.559 18.097
57190.559 18.105
57190.559 18.105
57190.559 18.106
57190.559 18.106
57190.559 18.107
57190.559 18.107
57190.559 18.118
57190.559 18.118
57192.710 18.113
57192.710 18.113
57192.710 18.118
57192.710 18.118
57192.710 18.123
57192.710 18.123
57192.710 18.127
57192.710 18.127
57192.710 18.135
57192.710 18.135
57192.710 18.144
57192.710 18.144
57192.710 18.144
57192.710 18.144
57192.710 18.145
57192.710 18.145
57192.710 18.157
57192.710 18.157
57195.995 18.172
57195.995 18.172
57195.995 18.176
57195.995 18.176
57195.995 18.179
57195.995 18.179
57195.995 18.185
57195.995 18.185
57195.995 18.193
57195.995 18.193
57195.995 18.201
57195.995 18.201
57195.995 18.202
57195.995 18.202
57195.995 18.202
57195.995 18.202
57195.995 18.215
57195.995 18.215
57199.060 18.226
57199.060 18.226
57199.060 18.230
57199.060 18.230
57199.060 18.231
57199.060 18.231
57199.060 18.239
57199.060 18.239
57199.060 18.247
57199.060 18.247
57199.060 18.254
57199.060 18.254
57199.060 18.256
57199.060 18.256
57199.060 18.256
57199.060 18.256
57199.060 18.268
57199.060 18.268
57199.380 18.232
57199.380 18.232
57199.380 18.236
57199.380 18.236
57199.380 18.236
57199.380 18.236
57199.380 18.244
57199.380 18.244
57199.380 18.253
57199.380 18.253
57199.380 18.260
57199.380 18.260
57199.380 18.261
57199.380 18.261
57199.380 18.262
57199.380 18.262
57199.380 18.274
57199.380 18.274
57201.430 18.268
57201.430 18.268
57201.430 18.271
57201.430 18.271
57201.430 18.271
57201.430 18.271
57201.430 18.280
57201.430 18.280
57201.430 18.288
57201.430 18.288
57201.430 18.295
57201.430 18.295
57201.430 18.296
57201.430 18.296
57201.430 18.298
57201.430 18.298
57201.430 18.309
57201.430 18.309
57205.700 18.341
57205.700 18.341
57205.700 18.343
57205.700 18.343
57205.700 18.345
57205.700 18.345
57205.700 18.353
57205.700 18.353
57205.700 18.361
57205.700 18.361
57205.700 18.366
57205.700 18.366
57205.700 18.369
57205.700 18.369
57205.700 18.371
57205.700 18.371
57205.700 18.382
57205.700 18.382
57206.340 18.352
57206.340 18.352
57206.340 18.354
57206.340 18.354
57206.340 18.356
57206.340 18.356
57206.340 18.364
57206.340 18.364
57206.340 18.372
57206.340 18.372
57206.340 18.377
57206.340 18.377
57206.340 18.380
57206.340 18.380
57206.340 18.382
57206.340 18.382
57206.340 18.393
57206.340 18.393
57206.833 18.360
57206.833 18.360
57206.833 18.362
57206.833 18.362
57206.833 18.364
57206.833 18.364
57206.833 18.372
57206.833 18.372
57206.833 18.380
57206.833 18.380
57206.833 18.385
57206.833 18.385
57206.833 18.388
57206.833 18.388
57206.833 18.391
57206.833 18.391
57206.833 18.401
57206.833 18.401
57206.866 18.360
57206.866 18.360
57206.866 18.363
57206.866 18.363
57206.866 18.365
57206.866 18.365
57206.866 18.373
57206.866 18.373
57206.866 18.381
57206.866 18.381
57206.866 18.386
57206.866 18.386
57206.866 18.388
57206.866 18.388
57206.866 18.391
57206.866 18.391
57206.866 18.401
57206.866 18.401
57210.040 18.412
57210.040 18.412
57210.040 18.417
57210.040 18.417
57210.040 18.418
57210.040 18.418
57210.040 18.426
57210.040 18.426
57210.040 18.434
57210.040 18.434
57210.040 18.439
57210.040 18.439
57210.040 18.441
57210.040 18.441
57210.040 18.445
57210.040 18.445
57210.040 18.455
57210.040 18.455
57212.302 18.448
57212.302 18.448
57212.302 18.456
57212.302 18.456
57212.302 18.456
57212.302 18.456
57212.302 18.463
57212.302 18.463
57212.302 18.472
57212.302 18.472
57212.302 18.476
57212.302 18.476
57212.302 18.479
57212.302 18.479
57212.302 18.483
57212.302 18.483
57212.302 18.492
57212.302 18.492
57212.390 18.450
57212.390 18.450
57212.390 18.457
57212.390 18.457
57212.390 18.458
57212.390 18.458
57212.390 18.465
57212.390 18.465
57212.390 18.473
57212.390 18.473
57212.390 18.477
57212.390 18.477
57212.390 18.480
57212.390 18.480
57212.390 18.484
57212.390 18.484
57212.390 18.494
57212.390 18.494
57217.730 18.535
57217.730 18.535
57217.730 18.546
57217.730 18.546
57217.730 18.547
57217.730 18.547
57217.730 18.552
57217.730 18.552
57217.730 18.561
57217.730 18.561
57217.730 18.563
57217.730 18.563
57217.730 18.567
57217.730 18.567
57217.730 18.573
57217.730 18.573
57217.730 18.581
57217.730 18.581
57217.738 18.535
57217.738 18.535
57217.738 18.546
57217.738 18.546
57217.738 18.547
57217.738 18.547
57217.738 18.553
57217.738 18.553
57217.738 18.561
57217.738 18.561
57217.738 18.564
57217.738 18.564
57217.738 18.567
57217.738 18.567
57217.738 18.573
57217.738 18.573
57217.738 18.581
57217.738 18.581
57221.000 18.586
57221.000 18.586
57221.000 18.599
57221.000 18.599
57221.000 18.601
57221.000 18.601
57221.000 18.605
57221.000 18.605
57221.000 18.614
57221.000 18.614
57221.000 18.616
57221.000 18.616
57221.000 18.619
57221.000 18.619
57221.000 18.626
57221.000 18.626
57221.000 18.633
57221.000 18.633
57223.173 18.620
57223.173 18.620
57223.173 18.634
57223.173 18.634
57223.173 18.636
57223.173 18.636
57223.173 18.640
57223.173 18.640
57223.173 18.649
57223.173 18.649
57223.173 18.650
57223.173 18.650
57223.173 18.654
57223.173 18.654
57223.173 18.661
57223.173 18.661
57223.173 18.668
57223.173 18.668
57228.609 18.703
57228.609 18.703
57228.609 18.720
57228.609 18.720
57228.609 18.723
57228.609 18.723
57228.609 18.726
57228.609 18.726
57228.609 18.734
57228.609 18.734
57228.609 18.735
57228.609 18.735
57228.609 18.739
57228.609 18.739
57228.609 18.747
57228.609 18.747
57228.609 18.753
57228.609 18.753
57230.350 18.729
57230.350 18.729
57230.350 18.747
57230.350 18.747
57230.350 18.751
57230.350 18.751
57230.350 18.753
57230.350 18.753
57230.350 18.761
57230.350 18.761
57230.350 18.761
57230.350 18.761
57230.350 18.766
57230.350 18.766
57230.350 18.774
57230.350 18.774
57230.350 18.780
57230.350 18.780
57232.370 18.760
57232.370 18.760
57232.370 18.779
57232.370 18.779
57232.370 18.783
57232.370 18.783
57232.370 18.784
57232.370 18.784
57232.370 18.792
57232.370 18.792
57232.370 18.793
57232.370 18.793
57232.370 18.797
57232.370 18.797
57232.370 18.806
57232.370 18.806
57232.370 18.811
57232.370 18.811
57234.045 18.785
57234.045 18.785
57234.045 18.805
57234.045 18.805
57234.045 18.809
57234.045 18.809
57234.045 18.810
57234.045 18.810
57234.045 18.818
57234.045 18.818
57234.045 18.818
57234.045 18.818
57234.045 18.823
57234.045 18.823
57234.045 18.831
57234.045 18.831
57234.045 18.837
57234.045 18.837
57236.710 18.824
57236.710 18.824
57236.710 18.845
57236.710 18.845
57236.710 18.850
57236.710 18.850
57236.710 18.851
57236.710 18.851
57236.710 18.858
57236.710 18.858
57236.710 18.859
57236.710 18.859
57236.710 18.863
57236.710 18.863
57236.710 18.872
57236.710 18.872
57236.710 18.877
57236.710 18.877
57239.481 18.865
57239.481 18.865
57239.481 18.887
57239.481 18.887
57239.481 18.892
57239.481 18.892
57239.481 18.893
57239.481 18.893
57239.481 18.899
57239.481 18.899
57239.481 18.901
57239.481 18.901
57239.481 18.905
57239.481 18.905
57239.481 18.914
57239.481 18.914
57239.481 18.919
57239.481 18.919
57244.916 18.944
57244.916 18.944
57244.916 18.969
57244.916 18.969
57244.916 18.973
57244.916 18.973
57244.916 18.976
57244.916 18.976
57244.916 18.979
57244.916 18.979
57244.916 18.982
57244.916 18.982
57244.916 18.985
57244.916 18.985
57244.916 18.996
57244.916 18.996
57244.916 19.000
57244.916 19.000
57250.352 19.022
57250.352 19.022
57250.352 19.049
57250.352 19.049
57250.352 19.052
57250.352 19.052
57250.352 19.056
57250.352 19.056
57250.352 19.058
57250.352 19.058
57250.352 19.061
57250.352 19.061
57250.352 19.064
57250.352 19.064
57250.352 19.075
57250.352 19.075
57250.352 19.079
57250.352 19.079
57255.788 19.098
57255.788 19.098
57255.788 19.127
57255.788 19.127
57255.788 19.130
57255.788 19.130
57255.788 19.135
57255.788 19.135
57255.788 19.136
57255.788 19.136
57255.788 19.140
57255.788 19.140
57255.788 19.142
57255.788 19.142
57255.788 19.154
57255.788 19.154
57255.788 19.157
57255.788 19.157
57261.224 19.173
57261.224 19.173
57261.224 19.204
57261.224 19.204
57261.224 19.207
57261.224 19.207
57261.224 19.211
57261.224 19.211
57261.224 19.213
57261.224 19.213
57261.224 19.216
57261.224 19.216
57261.224 19.219
57261.224 19.219
57261.224 19.231
57261.224 19.231
57261.224 19.234
57261.224 19.234
57266.659 19.247
57266.659 19.247
57266.659 19.279
57266.659 19.279
57266.659 19.282
57266.659 19.282
57266.659 19.286
57266.659 19.286
57266.659 19.290
57266.659 19.290
57266.659 19.292
57266.659 19.292
57266.659 19.294
57266.659 19.294
57266.659 19.306
57266.659 19.306
57266.659 19.309
57266.659 19.309
57272.095 19.320
57272.095 19.320
57272.095 19.354
57272.095 19.354
57272.095 19.357
57272.095 19.357
57272.095 19.360
57272.095 19.360
57272.095 19.365
57272.095 19.365
57272.095 19.366
57272.095 19.366
57272.095 19.368
57272.095 19.368
57272.095 19.381
57272.095 19.381
57272.095 19.384
57272.095 19.384
57277.531 19.391
57277.531 19.391
57277.531 19.427
57277.531 19.427
57277.531 19.430
57277.531 19.430
57277.531 19.432
57277.531 19.432
57277.531 19.438
57277.531 19.438
57277.531 19.439
57277.531 19.439
57277.531 19.440
57277.531 19.440
57277.531 19.454
57277.531 19.454
57277.531 19.457
57277.531 19.457
57282.967 19.462
57282.967 19.462
57282.967 19.498
57282.967 19.498
57282.967 19.501
57282.967 19.501
57282.967 19.503
57282.967 19.503
57282.967 19.511
57282.967 19.511
57282.967 19.511
57282.967 19.511
57282.967 19.512
57282.967 19.512
57282.967 19.526
57282.967 19.526
57282.967 19.528
57282.967 19.528
57288.402 19.531
57288.402 19.531
57288.402 19.569
57288.402 19.569
57288.402 19.572
57288.402 19.572
57288.402 19.573
57288.402 19.573
57288.402 19.582
57288.402 19.582
57288.402 19.582
57288.402 19.582
57288.402 19.583
57288.402 19.583
57288.402 19.597
57288.402 19.597
57288.402 19.599
57288.402 19.599
57293.838 19.599
57293.838 19.599
57293.838 19.639
57293.838 19.639
57293.838 19.641
57293.838 19.641
57293.838 19.643
57293.838 19.643
57293.838 19.652
57293.838 19.652
57293.838 19.652
57293.838 19.652
57293.838 19.652
57293.838 19.652
57293.838 19.667
57293.838 19.667
57293.838 19.669
57293.838 19.669
57299.274 19.667
57299.274 19.667
57299.274 19.707
57299.274 19.707
57299.274 19.710
57299.274 19.710
57299.274 19.711
57299.274 19.711
57299.274 19.720
57299.274 19.720
57299.274 19.721
57299.274 19.721
57299.274 19.721
57299.274 19.721
57299.274 19.735
57299.274 19.735
57299.274 19.738
57299.274 19.738
57304.710 19.733
57304.710 19.733
57304.710 19.775
57304.710 19.775
57304.710 19.777
57304.710 19.777
57304.710 19.778
57304.710 19.778
57304.710 19.788
57304.710 19.788
57304.710 19.788
57304.710 19.788
57304.710 19.789
57304.710 19.789
57304.710 19.803
57304.710 19.803
57304.710 19.806
57304.710 19.806
57310.145 19.799
57310.145 19.799
57310.145 19.841
57310.145 19.841
57310.145 19.844
57310.145 19.844
57310.145 19.844
57310.145 19.844
57310.145 19.854
57310.145 19.854
57310.145 19.855
57310.145 19.855
57310.145 19.856
57310.145 19.856
57310.145 19.870
57310.145 19.870
57310.145 19.872
57310.145 19.872
57315.581 19.863
57315.581 19.863
57315.581 19.906
57315.581 19.906
57315.581 19.909
57315.581 19.909
57315.581 19.910
57315.581 19.910
57315.581 19.920
57315.581 19.920
57315.581 19.920
57315.581 19.920
57315.581 19.922
57315.581 19.922
57315.581 19.935
57315.581 19.935
57315.581 19.938
57315.581 19.938
57321.017 19.927
57321.017 19.927
57321.017 19.971
57321.017 19.971
57321.017 19.973
57321.017 19.973
57321.017 19.974
57321.017 19.974
57321.017 19.984
57321.017 19.984
57321.017 19.985
57321.017 19.985
57321.017 19.987
57321.017 19.987
57321.017 20.000
57321.017 20.000
57321.017 20.003
57321.017 20.003
57326.453 19.989
57326.453 19.989
57326.453 20.035
57326.453 20.035
57326.453 20.037
57326.453 20.037
57326.453 20.038
57326.453 20.038
57326.453 20.048
57326.453 20.048
57326.453 20.049
57326.453 20.049
57326.453 20.051
57326.453 20.051
57326.453 20.064
57326.453 20.064
57326.453 20.067
57326.453 20.067
57330.722 20.038
57330.722 20.038
57330.722 20.084
57330.722 20.084
57330.722 20.086
57330.722 20.086
57330.722 20.087
57330.722 20.087
57330.722 20.098
57330.722 20.098
57330.722 20.098
57330.722 20.098
57330.722 20.100
57330.722 20.100
57330.722 20.113
57330.722 20.113
57330.722 20.117
57330.722 20.117
57331.888 20.051
57331.888 20.051
57331.888 20.097
57331.888 20.097
57331.888 20.099
57331.888 20.099
57331.888 20.101
57331.888 20.101
57331.888 20.111
57331.888 20.111
57331.888 20.112
57331.888 20.112
57331.888 20.114
57331.888 20.114
57331.888 20.127
57331.888 20.127
57331.888 20.130
57331.888 20.130
57335.787 20.095
57335.787 20.095
57335.787 20.142
57335.787 20.142
57335.787 20.143
57335.787 20.143
57335.787 20.145
57335.787 20.145
57335.787 20.155
57335.787 20.155
57335.787 20.157
57335.787 20.157
57335.787 20.159
57335.787 20.159
57335.787 20.171
57335.787 20.171
57335.787 20.175
57335.787 20.175
57337.324 20.112
57337.324 20.112
57337.324 20.159
57337.324 20.159
57337.324 20.161
57337.324 20.161
57337.324 20.163
57337.324 20.163
57337.324 20.173
57337.324 20.173
57337.324 20.174
57337.324 20.174
57337.324 20.176
57337.324 20.176
57337.324 20.189
57337.324 20.189
57337.324 20.192
57337.324 20.192
57342.760 20.172
57342.760 20.172
57342.760 20.220
57342.760 20.220
57342.760 20.222
57342.760 20.222
57342.760 20.224
57342.760 20.224
57342.760 20.234
57342.760 20.234
57342.760 20.235
57342.760 20.235
57342.760 20.238
57342.760 20.238
57342.760 20.250
57342.760 20.250
57342.760 20.254
57342.760 20.254
57348.196 20.232
57348.196 20.232
57348.196 20.280
57348.196 20.280
57348.196 20.282
57348.196 20.282
57348.196 20.284
57348.196 20.284
57348.196 20.294
57348.196 20.294
57348.196 20.296
57348.196 20.296
57348.196 20.298
57348.196 20.298
57348.196 20.310
57348.196 20.310
57348.196 20.314
57348.196 20.314
57353.632 20.291
57353.632 20.291
57353.632 20.340
57353.632 20.340
57353.632 20.341
57353.632 20.341
57353.632 20.344
57353.632 20.344
57353.632 20.354
57353.632 20.354
57353.632 20.355
57353.632 20.355
57353.632 20.358
57353.632 20.358
57353.632 20.370
57353.632 20.370
57353.632 20.374
57353.632 20.374
57359.067 20.348
57359.067 20.348
57359.067 20.399
57359.067 20.399
57359.067 20.399
57359.067 20.399
57359.067 20.403
57359.067 20.403
57359.067 20.413
57359.067 20.413
57359.067 20.414
57359.067 20.414
57359.067 20.417
57359.067 20.417
57359.067 20.429
57359.067 20.429
57359.067 20.433
57359.067 20.433
57364.503 20.406
57364.503 20.406
57364.503 20.456
57364.503 20.456
57364.503 20.457
57364.503 20.457
57364.503 20.461
57364.503 20.461
57364.503 20.471
57364.503 20.471
57364.503 20.473
57364.503 20.473
57364.503 20.475
57364.503 20.475
57364.503 20.487
57364.503 20.487
57364.503 20.492
57364.503 20.492
57369.939 20.462
57369.939 20.462
57369.939 20.514
57369.939 20.514
57369.939 20.514
57369.939 20.514
57369.939 20.518
57369.939 20.518
57369.939 20.528
57369.939 20.528
57369.939 20.530
57369.939 20.530
57369.939 20.532
57369.939 20.532
57369.939 20.544
57369.939 20.544
57369.939 20.549
57369.939 20.549
57373.330 20.497
57373.330 20.497
57373.330 20.549
57373.330 20.549
57373.330 20.549
57373.330 20.549
57373.330 20.553
57373.330 20.553
57373.330 20.563
57373.330 20.563
57373.330 20.565
57373.330 20.565
57373.330 20.568
57373.330 20.568
57373.330 20.579
57373.330 20.579
57373.330 20.585
57373.330 20.585
57375.375 20.518
57375.375 20.518
57375.375 20.570
57375.375 20.570
57375.375 20.570
57375.375 20.570
57375.375 20.575
57375.375 20.575
57375.375 20.584
57375.375 20.584
57375.375 20.587
57375.375 20.587
57375.375 20.589
57375.375 20.589
57375.375 20.601
57375.375 20.601
57375.375 20.606
57375.375 20.606
57378.080 20.545
57378.080 20.545
57378.080 20.598
57378.080 20.598
57378.080 20.598
57378.080 20.598
57378.080 20.603
57378.080 20.603
57378.080 20.612
57378.080 20.612
57378.080 20.615
57378.080 20.615
57378.080 20.617
57378.080 20.617
57378.080 20.629
57378.080 20.629
57378.080 20.634
57378.080 20.634
57379.200 20.557
57379.200 20.557
57379.200 20.609
57379.200 20.609
57379.200 20.610
57379.200 20.610
57379.200 20.614
57379.200 20.614
57379.200 20.624
57379.200 20.624
57379.200 20.626
57379.200 20.626
57379.200 20.629
57379.200 20.629
57379.200 20.640
57379.200 20.640
57379.200 20.646
57379.200 20.646
57380.810 20.573
57380.810 20.573
57380.810 20.626
57380.810 20.626
57380.810 20.626
57380.810 20.626
57380.810 20.631
57380.810 20.631
57380.810 20.640
57380.810 20.640
57380.810 20.643
57380.810 20.643
57380.810 20.645
57380.810 20.645
57380.810 20.657
57380.810 20.657
57380.810 20.662
57380.810 20.662
57386.246 20.627
57386.246 20.627
57386.246 20.681
57386.246 20.681
57386.246 20.681
57386.246 20.681
57386.246 20.686
57386.246 20.686
57386.246 20.695
57386.246 20.695
57386.246 20.698
57386.246 20.698
57386.246 20.700
57386.246 20.700
57386.246 20.712
57386.246 20.712
57386.246 20.718
57386.246 20.718
57391.682 20.681
57391.682 20.681
57391.682 20.735
57391.682 20.735
57391.682 20.735
57391.682 20.735
57391.682 20.740
57391.682 20.740
57391.682 20.750
57391.682 20.750
57391.682 20.753
57391.682 20.753
57391.682 20.755
57391.682 20.755
57391.682 20.766
57391.682 20.766
57391.682 20.772
57391.682 20.772
57397.118 20.734
57397.118 20.734
57397.118 20.789
57397.118 20.789
57397.118 20.789
57397.118 20.789
57397.118 20.794
57397.118 20.794
57397.118 20.804
57397.118 20.804
57397.118 20.807
57397.118 20.807
57397.118 20.809
57397.118 20.809
57397.118 20.820
57397.118 20.820
57397.118 20.827
57397.118 20.827
57401.580 20.777
57401.580 20.777
57401.580 20.832
57401.580 20.832
57401.580 20.832
57401.580 20.832
57401.580 20.838
57401.580 20.838
57401.580 20.848
57401.580 20.848
57401.580 20.850
57401.580 20.850
57401.580 20.853
57401.580 20.853
57401.580 20.864
57401.580 20.864
57401.580 20.871
57401.580 20.871
57402.553 20.787
57402.553 20.787
57402.553 20.842
57402.553 20.842
57402.553 20.842
57402.553 20.842
57402.553 20.848
57402.553 20.848
57402.553 20.857
57402.553 20.857
57402.553 20.860
57402.553 20.860
57402.553 20.862
57402.553 20.862
57402.553 20.873
57402.553 20.873
57402.553 20.880
57402.553 20.880
57403.500 20.796
57403.500 20.796
57403.500 20.851
57403.500 20.851
57403.500 20.851
57403.500 20.851
57403.500 20.857
57403.500 20.857
57403.500 20.866
57403.500 20.866
57403.500 20.869
57403.500 20.869
57403.500 20.871
57403.500 20.871
57403.500 20.883
57403.500 20.883
57403.500 20.889
57403.500 20.889
57404.300 20.803
57404.300 20.803
57404.300 20.859
57404.300 20.859
57404.300 20.859
57404.300 20.859
57404.300 20.865
57404.300 20.865
57404.300 20.874
57404.300 20.874
57404.300 20.877
57404.300 20.877
57404.300 20.879
57404.300 20.879
57404.300 20.890
57404.300 20.890
57404.300 20.897
57404.300 20.897
57407.989 20.838
57407.989 20.838
57407.989 20.894
57407.989 20.894
57407.989 20.894
57407.989 20.894
57407.989 20.900
57407.989 20.900
57407.989 20.910
57407.989 20.910
57407.989 20.913
57407.989 20.913
57407.989 20.915
57407.989 20.915
57407.989 20.926
57407.989 20.926
57407.989 20.933
57407.989 20.933
57409.470 20.852
57409.470 20.852
57409.470 20.908
57409.470 20.908
57409.470 20.909
57409.470 20.909
57409.470 20.914
57409.470 20.914
57409.470 20.924
57409.470 20.924
57409.470 20.927
57409.470 20.927
57409.470 20.929
57409.470 20.929
57409.470 20.940
57409.470 20.940
57409.470 20.947
57409.470 20.947
57413.425 20.890
57413.425 20.890
57413.425 20.946
57413.425 20.946
57413.425 20.946
57413.425 20.946
57413.425 20.952
57413.425 20.952
57413.425 20.962
57413.425 20.962
57413.425 20.965
57413.425 20.965
57413.425 20.967
57413.425 20.967
57413.425 20.978
57413.425 20.978
57413.425 20.985
57413.425 20.985
57418.861 20.940
57418.861 20.940
57418.861 20.997
57418.861 20.997
57418.861 20.997
57418.861 20.997
57418.861 21.004
57418.861 21.004
57418.861 21.013
57418.861 21.013
57418.861 21.016
57418.861 21.016
57418.861 21.018
57418.861 21.018
57418.861 21.029
57418.861 21.029
57418.861 21.037
57418.861 21.037
57423.220 20.981
57423.220 20.981
57423.220 21.038
57423.220 21.038
57423.220 21.038
57423.220 21.038
57423.220 21.044
57423.220 21.044
57423.220 21.054
57423.220 21.054
57423.220 21.057
57423.220 21.057
57423.220 21.059
57423.220 21.059
57423.220 21.070
57423.220 21.070
57423.220 21.078
57423.220 21.078
57423.520 20.983
57423.520 20.983
57423.520 21.041
57423.520 21.041
57423.520 21.041
57423.520 21.041
57423.520 21.047
57423.520 21.047
57423.520 21.057
57423.520 21.057
57423.520 21.060
57423.520 21.060
57423.520 21.062
57423.520 21.062
57423.520 21.073
57423.520 21.073
57423.520 21.081
57423.520 21.081
57424.296 20.990
57424.296 20.990
57424.296 21.048
57424.296 21.048
57424.296 21.048
57424.296 21.048
57424.296 21.055
57424.296 21.055
57424.296 21.064
57424.296 21.064
57424.296 21.067
57424.296 21.067
57424.296 21.069
57424.296 21.069
57424.296 21.080
57424.296 21.080
57424.296 21.088
57424.296 21.088
57425.630 21.003
57425.630 21.003
57425.630 21.060
57425.630 21.060
57425.630 21.060
57425.630 21.060
57425.630 21.067
57425.630 21.067
57425.630 21.076
57425.630 21.076
57425.630 21.080
57425.630 21.080
57425.630 21.082
57425.630 21.082
57425.630 21.093
57425.630 21.093
57425.630 21.101
57425.630 21.101
57429.732 21.040
57429.732 21.040
57429.732 21.098
57429.732 21.098
57429.732 21.098
57429.732 21.098
57429.732 21.105
57429.732 21.105
57429.732 21.114
57429.732 21.114
57429.732 21.118
57429.732 21.118
57429.732 21.120
57429.732 21.120
57429.732 21.130
57429.732 21.130
57429.732 21.139
57429.732 21.139
57433.210 21.071
57433.210 21.071
57433.210 21.130
57433.210 21.130
57433.210 21.130
57433.210 21.130
57433.210 21.137
57433.210 21.137
57433.210 21.146
57433.210 21.146
57433.210 21.150
57433.210 21.150
57433.210 21.152
57433.210 21.152
57433.210 21.162
57433.210 21.162
57433.210 21.171
57433.210 21.171
57433.550 21.075
57433.550 21.075
57433.550 21.133
57433.550 21.133
57433.550 21.133
57433.550 21.133
57433.550 21.140
57433.550 21.140
57433.550 21.149
57433.550 21.149
57433.550 21.153
57433.550 21.153
57433.550 21.155
57433.550 21.155
57433.550 21.165
57433.550 21.165
57433.550 21.174
57433.550 21.174
57435.168 21.089
57435.168 21.089
57435.168 21.147
57435.168 21.147
57435.168 21.148
57435.168 21.148
57435.168 21.155
57435.168 21.155
57435.168 21.164
57435.168 21.164
57435.168 21.167
57435.168 21.167
57435.168 21.169
57435.168 21.169
57435.168 21.180
57435.168 21.180
57435.168 21.189
57435.168 21.189
57437.720 21.112
57437.720 21.112
57437.720 21.170
57437.720 21.170
57437.720 21.171
57437.720 21.171
57437.720 21.178
57437.720 21.178
57437.720 21.187
57437.720 21.187
57437.720 21.191
57437.720 21.191
57437.720 21.193
57437.720 21.193
57437.720 21.203
57437.720 21.203
57437.720 21.212
57437.720 21.212
57440.604 21.138
57440.604 21.138
57440.604 21.196
57440.604 21.196
57440.604 21.197
57440.604 21.197
57440.604 21.204
57440.604 21.204
57440.604 21.213
57440.604 21.213
57440.604 21.217
57440.604 21.217
57440.604 21.219
57440.604 21.219
57440.604 21.229
57440.604 21.229
57440.604 21.238
57440.604 21.238
57444.240 21.170
57444.240 21.170
57444.240 21.229
57444.240 21.229
57444.240 21.229
57444.240 21.229
57444.240 21.236
57444.240 21.236
57444.240 21.246
57444.240 21.246
57444.240 21.249
57444.240 21.249
57444.240 21.251
57444.240 21.251
57444.240 21.262
57444.240 21.262
57444.240 21.271
57444.240 21.271
57446.039 21.186
57446.039 21.186
57446.039 21.245
57446.039 21.245
57446.039 21.245
57446.039 21.245
57446.039 21.252
57446.039 21.252
57446.039 21.262
57446.039 21.262
57446.039 21.265
57446.039 21.265
57446.039 21.267
57446.039 21.267
57446.039 21.278
57446.039 21.278
57446.039 21.287
57446.039 21.287
57450.520 21.225
57450.520 21.225
57450.520 21.284
57450.520 21.284
57450.520 21.285
57450.520 21.285
57450.520 21.292
57450.520 21.292
57450.520 21.301
57450.520 21.301
57450.520 21.305
57450.520 21.305
57450.520 21.307
57450.520 21.307
57450.520 21.317
57450.520 21.317
57450.520 21.327
57450.520 21.327
57451.475 21.233
57451.475 21.233
57451.475 21.293
57451.475 21.293
57451.475 21.293
57451.475 21.293
57451.475 21.301
57451.475 21.301
57451.475 21.310
57451.475 21.310
57451.475 21.314
57451.475 21.314
57451.475 21.315
57451.475 21.315
57451.475 21.326
57451.475 21.326
57451.475 21.335
57451.475 21.335
57456.270 21.274
57456.270 21.274
57456.270 21.334
57456.270 21.334
57456.270 21.335
57456.270 21.335
57456.270 21.343
57456.270 21.343
57456.270 21.352
57456.270 21.352
57456.270 21.356
57456.270 21.356
57456.270 21.358
57456.270 21.358
57456.270 21.368
57456.270 21.368
57456.270 21.377
57456.270 21.377
57456.911 21.280
57456.911 21.280
57456.911 21.340
57456.911 21.340
57456.911 21.341
57456.911 21.341
57456.911 21.348
57456.911 21.348
57456.911 21.357
57456.911 21.357
57456.911 21.361
57456.911 21.361
57456.911 21.363
57456.911 21.363
57456.911 21.373
57456.911 21.373
57456.911 21.383
57456.911 21.383
57458.570 21.294
57458.570 21.294
57458.570 21.354
57458.570 21.354
57458.570 21.355
57458.570 21.355
57458.570 21.363
57458.570 21.363
57458.570 21.372
57458.570 21.372
57458.570 21.376
57458.570 21.376
57458.570 21.378
57458.570 21.378
57458.570 21.388
57458.570 21.388
57458.570 21.398
57458.570 21.398
57462.347 21.326
57462.347 21.326
57462.347 21.387
57462.347 21.387
57462.347 21.388
57462.347 21.388
57462.347 21.395
57462.347 21.395
57462.347 21.404
57462.347 21.404
57462.347 21.409
57462.347 21.409
57462.347 21.410
57462.347 21.410
57462.347 21.420
57462.347 21.420
57462.347 21.430
57462.347 21.430
57465.530 21.353
57465.530 21.353
57465.530 21.414
57465.530 21.414
57465.530 21.415
57465.530 21.415
57465.530 21.423
57465.530 21.423
57465.530 21.432
57465.530 21.432
57465.530 21.436
57465.530 21.436
57465.530 21.438
57465.530 21.438
57465.530 21.448
57465.530 21.448
57465.530 21.458
57465.530 21.458
57467.782 21.372
57467.782 21.372
57467.782 21.433
57467.782 21.433
57467.782 21.434
57467.782 21.434
57467.782 21.442
57467.782 21.442
57467.782 21.451
57467.782 21.451
57467.782 21.455
57467.782 21.455
57467.782 21.457
57467.782 21.457
57467.782 21.467
57467.782 21.467
57467.782 21.477
57467.782 21.477
57473.218 21.418
57473.218 21.418
57473.218 21.479
57473.218 21.479
57473.218 21.480
57473.218 21.480
57473.218 21.488
57473.218 21.488
57473.218 21.497
57473.218 21.497
57473.218 21.501
57473.218 21.501
57473.218 21.503
57473.218 21.503
57473.218 21.513
57473.218 21.513
57473.218 21.524
57473.218 21.524
57478.654 21.463
57478.654 21.463
57478.654 21.525
57478.654 21.525
57478.654 21.525
57478.654 21.525
57478.654 21.534
57478.654 21.534
57478.654 21.543
57478.654 21.543
57478.654 21.547
57478.654 21.547
57478.654 21.549
57478.654 21.549
57478.654 21.559
57478.654 21.559
57478.654 21.569
57478.654 21.569
57484.090 21.507
57484.090 21.507
57484.090 21.570
57484.090 21.570
57484.090 21.570
57484.090 21.570
57484.090 21.579
57484.090 21.579
57484.090 21.588
57484.090 21.588
57484.090 21.592
57484.090 21.592
57484.090 21.594
57484.090 21.594
57484.090 21.604
57484.090 21.604
57484.090 21.615
57484.090 21.615
57488.150 21.540
57488.150 21.540
57488.150 21.603
57488.150 21.603
57488.150 21.604
57488.150 21.604
57488.150 21.612
57488.150 21.612
57488.150 21.621
57488.150 21.621
57488.150 21.626
57488.150 21.626
57488.150 21.627
57488.150 21.627
57488.150 21.637
57488.150 21.637
57488.150 21.649
57488.150 21.649
57489.525 21.552
57489.525 21.552
57489.525 21.614
57489.525 21.614
57489.525 21.615
57489.525 21.615
57489.525 21.624
57489.525 21.624
57489.525 21.632
57489.525 21.632
57489.525 21.637
57489.525 21.637
57489.525 21.639
57489.525 21.639
57489.525 21.648
57489.525 21.648
57489.525 21.660
57489.525 21.660
57492.140 21.573
57492.140 21.573
57492.140 21.635
57492.140 21.635
57492.140 21.636
57492.140 21.636
57492.140 21.645
57492.140 21.645
57492.140 21.654
57492.140 21.654
57492.140 21.659
57492.140 21.659
57492.140 21.660
57492.140 21.660
57492.140 21.670
57492.140 21.670
57492.140 21.681
57492.140 21.681
57494.961 21.595
57494.961 21.595
57494.961 21.658
57494.961 21.658
57494.961 21.659
57494.961 21.659
57494.961 21.668
57494.961 21.668
57494.961 21.677
57494.961 21.677
57494.961 21.682
57494.961 21.682
57494.961 21.683
57494.961 21.683
57494.961 21.693
57494.961 21.693
57494.961 21.704
57494.961 21.704
57500.397 21.638
57500.397 21.638
57500.397 21.702
57500.397 21.702
57500.397 21.703
57500.397 21.703
57500.397 21.712
57500.397 21.712
57500.397 21.721
57500.397 21.721
57500.397 21.725
57500.397 21.725
57500.397 21.727
57500.397 21.727
57500.397 21.737
57500.397 21.737
57500.397 21.748
57500.397 21.748
57505.833 21.681
57505.833 21.681
57505.833 21.745
57505.833 21.745
57505.833 21.746
57505.833 21.746
57505.833 21.755
57505.833 21.755
57505.833 21.764
57505.833 21.764
57505.833 21.769
57505.833 21.769
57505.833 21.770
57505.833 21.770
57505.833 21.780
57505.833 21.780
57505.833 21.792
57505.833 21.792
57511.268 21.724
57511.268 21.724
57511.268 21.788
57511.268 21.788
57511.268 21.789
57511.268 21.789
57511.268 21.798
57511.268 21.798
57511.268 21.807
57511.268 21.807
57511.268 21.812
57511.268 21.812
57511.268 21.813
57511.268 21.813
57511.268 21.823
57511.268 21.823
57511.268 21.835
57511.268 21.835
57516.704 21.766
57516.704 21.766
57516.704 21.830
57516.704 21.830
57516.704 21.831
57516.704 21.831
57516.704 21.841
57516.704 21.841
57516.704 21.850
57516.704 21.850
57516.704 21.855
57516.704 21.855
57516.704 21.856
57516.704 21.856
57516.704 21.865
57516.704 21.865
57516.704 21.878
57516.704 21.878
57522.140 21.807
57522.140 21.807
57522.140 21.872
57522.140 21.872
57522.140 21.873
57522.140 21.873
57522.140 21.883
57522.140 21.883
57522.140 21.892
57522.140 21.892
57522.140 21.897
57522.140 21.897
57522.140 21.898
57522.140 21.898
57522.140 21.907
57522.140 21.907
57522.140 21.920
57522.140 21.920
