57077.170 17.080
57080.080 16.980
57082.940 17.110
57086.010 17.010
57093.020 16.780
57095.930 16.790
57116.930 16.980
57122.850 17.290
57129.940 17.620
57132.930 17.760
57135.940 17.920
57138.860 18.090
57144.890 18.090
57150.960 18.210
57162.900 18.470
57166.920 18.550
57176.950 18.950
57373.330 21.240
57423.220 22.060
57444.240 22.580
57488.150 22.980
56984.000 54.196
56984.000 54.196
56984.000 54.447
56984.000 54.447
56984.000 54.479
56984.000 54.479
56984.000 54.568
56984.000 54.568
56984.000 54.575
56984.000 54.575
56984.000 54.619
56984.000 54.619
56984.000 54.621
56984.000 54.621
56984.000 54.646
56984.000 54.646
56984.000 54.877
56984.000 54.877
56989.436 54.196
56989.436 54.196
56989.436 54.447
56989.436 54.447
56989.436 54.479
56989.436 54.479
56989.436 54.568
56989.436 54.568
56989.436 54.575
56989.436 54.575
56989.436 54.619
56989.436 54.619
56989.436 54.621
56989.436 54.621
56989.436 54.646
56989.436 54.646
56989.436 54.877
56989.436 54.877
56994.872 54.196
56994.872 54.196
56994.872 54.447
56994.872 54.447
56994.872 54.479
56994.872 54.479
56994.872 54.568
56994.872 54.568
56994.872 54.575
56994.872 54.575
56994.872 54.619
56994.872 54.619
56994.872 54.621
56994.872 54.621
56994.872 54.646
56994.872 54.646
56994.872 54.877
56994.872 54.877
57000.307 21.402
57000.307 21.402
57000.307 21.523
57000.307 21.523
57000.307 21.750
57000.307 21.750
57000.307 23.860
57000.307 23.860
57000.307 24.016
57000.307 24.016
57000.307 24.307
57000.307 24.307
57000.307 24.491
57000.307 24.491
57000.307 54.646
57000.307 54.646
57000.307 54.877
57000.307 54.877
57005.743 19.906
57005.743 19.906
57005.743 19.969
57005.743 19.969
57005.743 20.070
57005.743 20.070
57005.743 20.661
57005.743 20.661
57005.743 20.676
57005.743 20.676
57005.743 20.708
57005.743 20.708
57005.743 20.752
57005.743 20.752
57005.743 21.162
57005.743 21.162
57005.743 21.473
57005.743 21.473
57011.179 19.102
57011.179 19.102
57011.179 19.141
57011.179 19.141
57011.179 19.205
57011.179 19.205
57011.179 19.496
57011.179 19.496
57011.179 19.504
57011.179 19.504
57011.179 19.521
57011.179 19.521
57011.179 19.562
57011.179 19.562
57011.179 19.747
57011.179 19.747
57011.179 19.977
57011.179 19.977
57014.000 18.802
57014.000 18.802
57014.000 18.833
57014.000 18.833
57014.000 18.886
57014.000 18.886
57014.000 19.101
57014.000 19.101
57014.000 19.102
57014.000 19.102
57014.000 19.126
57014.000 19.126
57014.000 19.161
57014.000 19.161
57014.000 19.296
57014.000 19.296
57014.000 19.503
57014.000 19.503
57014.070 18.795
57014.070 18.795
57014.070 18.826
57014.070 18.826
57014.070 18.879
57014.070 18.879
57014.070 19.093
57014.070 19.093
57014.070 19.093
57014.070 19.093
57014.070 19.117
57014.070 19.117
57014.070 19.152
57014.070 19.152
57014.070 19.286
57014.070 19.286
57014.070 19.493
57014.070 19.493
57016.615 18.569
57016.615 18.569
57016.615 18.594
57016.615 18.594
57016.615 18.639
57016.615 18.639
57016.615 18.801
57016.615 18.801
57016.615 18.806
57016.615 18.806
57016.615 18.829
57016.615 18.829
57016.615 18.860
57016.615 18.860
57016.615 18.964
57016.615 18.964
57016.615 19.155
57016.615 19.155
57022.050 18.181
57022.050 18.181
57022.050 18.196
57022.050 18.196
57022.050 18.230
57022.050 18.230
57022.050 18.320
57022.050 18.320
57022.050 18.331
57022.050 18.331
57022.050 18.349
57022.050 18.349
57022.050 18.377
57022.050 18.377
57022.050 18.439
57022.050 18.439
57022.050 18.602
57022.050 18.602
57027.486 17.886
57027.486 17.886
57027.486 17.893
57027.486 17.893
57027.486 17.918
57027.486 17.918
57027.486 17.966
57027.486 17.966
57027.486 17.980
57027.486 17.980
57027.486 17.994
57027.486 17.994
57027.486 18.020
57027.486 18.020
57027.486 18.056
57027.486 18.056
57027.486 18.198
57027.486 18.198
57032.922 17.654
57032.922 17.654
57032.922 17.655
57032.922 17.655
57032.922 17.675
57032.922 17.675
57032.922 17.696
57032.922 17.696
57032.922 17.711
57032.922 17.711
57032.922 17.720
57032.922 17.720
57032.922 17.746
57032.922 17.746
57032.922 17.765
57032.922 17.765
57032.922 17.888
57032.922 17.888
57033.490 17.633
57033.490 17.633
57033.490 17.634
57033.490 17.634
57033.490 17.653
57033.490 17.653
57033.490 17.672
57033.490 17.672
57033.490 17.686
57033.490 17.686
57033.490 17.695
57033.490 17.695
57033.490 17.721
57033.490 17.721
57033.490 17.739
57033.490 17.739
57033.490 17.860
57033.490 17.860
57038.358 17.466
57038.358 17.466
57038.358 17.470
57038.358 17.470
57038.358 17.482
57038.358 17.482
57038.358 17.486
57038.358 17.486
57038.358 17.500
57038.358 17.500
57038.358 17.505
57038.358 17.505
57038.358 17.532
57038.358 17.532
57038.358 17.539
57038.358 17.539
57038.358 17.645
57038.358 17.645
57042.030 17.361
57042.030 17.361
57042.030 17.368
57042.030 17.368
57042.030 17.370
57042.030 17.370
57042.030 17.374
57042.030 17.374
57042.030 17.384
57042.030 17.384
57042.030 17.386
57042.030 17.386
57042.030 17.412
57042.030 17.412
57042.030 17.414
57042.030 17.414
57042.030 17.509
57042.030 17.509
57043.793 17.316
57043.793 17.316
57043.793 17.320
57043.793 17.320
57043.793 17.324
57043.793 17.324
57043.793 17.328
57043.793 17.328
57043.793 17.334
57043.793 17.334
57043.793 17.335
57043.793 17.335
57043.793 17.360
57043.793 17.360
57043.793 17.362
57043.793 17.362
57043.793 17.451
57043.793 17.451
57048.700 17.202
57048.700 17.202
57048.700 17.206
57048.700 17.206
57048.700 17.212
57048.700 17.212
57048.700 17.214
57048.700 17.214
57048.700 17.215
57048.700 17.215
57048.700 17.217
57048.700 17.217
57048.700 17.233
57048.700 17.233
57048.700 17.239
57048.700 17.239
57048.700 17.311
57048.700 17.311
57049.229 17.191
57049.229 17.191
57049.229 17.195
57049.229 17.195
57049.229 17.201
57049.229 17.201
57049.229 17.203
57049.229 17.203
57049.229 17.205
57049.229 17.205
57049.229 17.207
57049.229 17.207
57049.229 17.220
57049.229 17.220
57049.229 17.228
57049.229 17.228
57049.229 17.298
57049.229 17.298
57049.700 17.181
57049.700 17.181
57049.700 17.186
57049.700 17.186
57049.700 17.191
57049.700 17.191
57049.700 17.193
57049.700 17.193
57049.700 17.195
57049.700 17.195
57049.700 17.198
57049.700 17.198
57049.700 17.210
57049.700 17.210
57049.700 17.218
57049.700 17.218
57049.700 17.286
57049.700 17.286
57051.470 17.146
57051.470 17.146
57051.470 17.154
57051.470 17.154
57051.470 17.154
57051.470 17.154
57051.470 17.158
57051.470 17.158
57051.470 17.162
57051.470 17.162
57051.470 17.166
57051.470 17.166
57051.470 17.172
57051.470 17.172
57051.470 17.181
57051.470 17.181
57051.470 17.244
57051.470 17.244
57053.500 17.110
57053.500 17.110
57053.500 17.117
57053.500 17.117
57053.500 17.119
57053.500 17.119
57053.500 17.121
57053.500 17.121
57053.500 17.127
57053.500 17.127
57053.500 17.133
57053.500 17.133
57053.500 17.133
57053.500 17.133
57053.500 17.143
57053.500 17.143
57053.500 17.200
57053.500 17.200
57054.665 17.091
57054.665 17.091
57054.665 17.097
57054.665 17.097
57054.665 17.101
57054.665 17.101
57054.665 17.102
57054.665 17.102
57054.665 17.108
57054.665 17.108
57054.665 17.112
57054.665 17.112
57054.665 17.115
57054.665 17.115
57054.665 17.123
57054.665 17.123
57054.665 17.176
57054.665 17.176
57060.101 17.016
57060.101 17.016
57060.101 17.018
57060.101 17.018
57060.101 17.025
57060.101 17.025
57060.101 17.029
57060.101 17.029
57060.101 17.030
57060.101 17.030
57060.101 17.035
57060.101 17.035
57060.101 17.044
57060.101 17.044
57060.101 17.045
57060.101 17.045
57060.101 17.082
57060.101 17.082
57065.536 16.961
57065.536 16.961
57065.536 16.964
57065.536 16.964
57065.536 16.970
57065.536 16.970
57065.536 16.971
57065.536 16.971
57065.536 16.977
57065.536 16.977
57065.536 16.982
57065.536 16.982
57065.536 16.986
57065.536 16.986
57065.536 16.995
57065.536 16.995
57065.536 17.013
57065.536 17.013
57068.470 16.939
57068.470 16.939
57068.470 16.944
57068.470 16.944
57068.470 16.948
57068.470 16.948
57068.470 16.949
57068.470 16.949
57068.470 16.957
57068.470 16.957
57068.470 16.961
57068.470 16.961
57068.470 16.964
57068.470 16.964
57068.470 16.975
57068.470 16.975
57068.470 16.984
57068.470 16.984
57068.970 16.936
57068.970 16.936
57068.970 16.941
57068.970 16.941
57068.970 16.945
57068.970 16.945
57068.970 16.946
57068.970 16.946
57068.970 16.954
57068.970 16.954
57068.970 16.958
57068.970 16.958
57068.970 16.960
57068.970 16.960
57068.970 16.972
57068.970 16.972
57068.970 16.980
57068.970 16.980
57069.450 16.933
57069.450 16.933
57069.450 16.938
57069.450 16.938
57069.450 16.942
57069.450 16.942
57069.450 16.943
57069.450 16.943
57069.450 16.951
57069.450 16.951
57069.450 16.955
57069.450 16.955
57069.450 16.957
57069.450 16.957
57069.450 16.969
57069.450 16.969
57069.450 16.976
57069.450 16.976
57070.972 16.925
57070.972 16.925
57070.972 16.931
57070.972 16.931
57070.972 16.933
57070.972 16.933
57070.972 16.935
57070.972 16.935
57070.972 16.944
57070.972 16.944
57070.972 16.947
57070.972 16.947
57070.972 16.949
57070.972 16.949
57070.972 16.962
57070.972 16.962
57070.972 16.965
57070.972 16.965
57071.600 16.922
57071.600 16.922
57071.600 16.928
57071.600 16.928
57071.600 16.930
57071.600 16.930
57071.600 16.932
57071.600 16.932
57071.600 16.941
57071.600 16.941
57071.600 16.944
57071.600 16.944
57071.600 16.946
57071.600 16.946
57071.600 16.959
57071.600 16.959
57071.600 16.961
57071.600 16.961
57072.394 16.919
57072.394 16.919
57072.394 16.926
57072.394 16.926
57072.394 16.927
57072.394 16.927
57072.394 16.929
57072.394 16.929
57072.394 16.938
57072.394 16.938
57072.394 16.941
57072.394 16.941
57072.394 16.942
57072.394 16.942
57072.394 16.956
57072.394 16.956
57072.394 16.956
57072.394 16.956
57072.590 16.918
57072.590 16.918
57072.590 16.925
57072.590 16.925
57072.590 16.926
57072.590 16.926
57072.590 16.928
57072.590 16.928
57072.590 16.937
57072.590 16.937
57072.590 16.940
57072.590 16.940
57072.590 16.941
57072.590 16.941
57072.590 16.955
57072.590 16.955
57072.590 16.955
57072.590 16.955
57073.880 16.914
57073.880 16.914
57073.880 16.921
57073.880 16.921
57073.880 16.921
57073.880 16.921
57073.880 16.924
57073.880 16.924
57073.880 16.933
57073.880 16.933
57073.880 16.936
57073.880 16.936
57073.880 16.936
57073.880 16.936
57073.880 16.948
57073.880 16.948
57073.880 16.951
57073.880 16.951
57074.169 16.913
57074.169 16.913
57074.169 16.920
57074.169 16.920
57074.169 16.920
57074.169 16.920
57074.169 16.923
57074.169 16.923
57074.169 16.932
57074.169 16.932
57074.169 16.935
57074.169 16.935
57074.169 16.935
57074.169 16.935
57074.169 16.947
57074.169 16.947
57074.169 16.950
57074.169 16.950
57074.210 16.913
57074.210 16.913
57074.210 16.920
57074.210 16.920
57074.210 16.920
57074.210 16.920
57074.210 16.923
57074.210 16.923
57074.210 16.932
57074.210 16.932
57074.210 16.935
57074.210 16.935
57074.210 16.935
57074.210 16.935
57074.210 16.947
57074.210 16.947
57074.210 16.950
57074.210 16.950
57076.167 16.909
57076.167 16.909
57076.167 16.915
57076.167 16.915
57076.167 16.917
57076.167 16.917
57076.167 16.919
57076.167 16.919
57076.167 16.928
57076.167 16.928
57076.167 16.930
57076.167 16.930
57076.167 16.931
57076.167 16.931
57076.167 16.939
57076.167 16.939
57076.167 16.946
57076.167 16.946
57076.408 16.908
57076.408 16.908
57076.408 16.915
57076.408 16.915
57076.408 16.917
57076.408 16.917
57076.408 16.918
57076.408 16.918
57076.408 16.927
57076.408 16.927
57076.408 16.930
57076.408 16.930
57076.408 16.930
57076.408 16.930
57076.408 16.938
57076.408 16.938
57076.408 16.945
57076.408 16.945
57077.170 16.907
57077.170 16.907
57077.170 16.914
57077.170 16.914
57077.170 16.916
57077.170 16.916
57077.170 16.917
57077.170 16.917
57077.170 16.926
57077.170 16.926
57077.170 16.928
57077.170 16.928
57077.170 16.929
57077.170 16.929
57077.170 16.936
57077.170 16.936
57077.170 16.944
57077.170 16.944
57077.450 16.907
57077.450 16.907
57077.450 16.914
57077.450 16.914
57077.450 16.916
57077.450 16.916
57077.450 16.917
57077.450 16.917
57077.450 16.926
57077.450 16.926
57077.450 16.928
57077.450 16.928
57077.450 16.929
57077.450 16.929
57077.450 16.935
57077.450 16.935
57077.450 16.944
57077.450 16.944
57077.620 16.907
57077.620 16.907
57077.620 16.914
57077.620 16.914
57077.620 16.916
57077.620 16.916
57077.620 16.917
57077.620 16.917
57077.620 16.926
57077.620 16.926
57077.620 16.928
57077.620 16.928
57077.620 16.929
57077.620 16.929
57077.620 16.935
57077.620 16.935
57077.620 16.944
57077.620 16.944
57078.322 16.907
57078.322 16.907
57078.322 16.913
57078.322 16.913
57078.322 16.916
57078.322 16.916
57078.322 16.916
57078.322 16.916
57078.322 16.925
57078.322 16.925
57078.322 16.927
57078.322 16.927
57078.322 16.928
57078.322 16.928
57078.322 16.934
57078.322 16.934
57078.322 16.943
57078.322 16.943
57078.470 16.907
57078.470 16.907
57078.470 16.913
57078.470 16.913
57078.470 16.916
57078.470 16.916
57078.470 16.916
57078.470 16.916
57078.470 16.925
57078.470 16.925
57078.470 16.927
57078.470 16.927
57078.470 16.928
57078.470 16.928
57078.470 16.933
57078.470 16.933
57078.470 16.943
57078.470 16.943
57078.960 16.907
57078.960 16.907
57078.960 16.913
57078.960 16.913
57078.960 16.916
57078.960 16.916
57078.960 16.916
57078.960 16.916
57078.960 16.925
57078.960 16.925
57078.960 16.927
57078.960 16.927
57078.960 16.928
57078.960 16.928
57078.960 16.933
57078.960 16.933
57078.960 16.943
57078.960 16.943
57079.340 16.907
57079.340 16.907
57079.340 16.913
57079.340 16.913
57079.340 16.916
57079.340 16.916
57079.340 16.916
57079.340 16.916
57079.340 16.925
57079.340 16.925
57079.340 16.927
57079.340 16.927
57079.340 16.928
57079.340 16.928
57079.340 16.932
57079.340 16.932
57079.340 16.943
57079.340 16.943
57080.080 16.907
57080.080 16.907
57080.080 16.913
57080.080 16.913
57080.080 16.917
57080.080 16.917
57080.080 16.917
57080.080 16.917
57080.080 16.926
57080.080 16.926
57080.080 16.927
57080.080 16.927
57080.080 16.928
57080.080 16.928
57080.080 16.931
57080.080 16.931
57080.080 16.943
57080.080 16.943
57080.330 16.908
57080.330 16.908
57080.330 16.913
57080.330 16.913
57080.330 16.917
57080.330 16.917
57080.330 16.917
57080.330 16.917
57080.330 16.926
57080.330 16.926
57080.330 16.927
57080.330 16.927
57080.330 16.929
57080.330 16.929
57080.330 16.931
57080.330 16.931
57080.330 16.943
57080.330 16.943
57080.517 16.908
57080.517 16.908
57080.517 16.914
57080.517 16.914
57080.517 16.917
57080.517 16.917
57080.517 16.917
57080.517 16.917
57080.517 16.926
57080.517 16.926
57080.517 16.927
57080.517 16.927
57080.517 16.929
57080.517 16.929
57080.517 16.931
57080.517 16.931
57080.517 16.944
57080.517 16.944
57081.330 16.909
57081.330 16.909
57081.330 16.915
57081.330 16.915
57081.330 16.918
57081.330 16.918
57081.330 16.918
57081.330 16.918
57081.330 16.927
57081.330 16.927
57081.330 16.928
57081.330 16.928
57081.330 16.930
57081.330 16.930
57081.330 16.931
57081.330 16.931
57081.330 16.944
57081.330 16.944
57081.500 16.909
57081.500 16.909
57081.500 16.915
57081.500 16.915
57081.500 16.918
57081.500 16.918
57081.500 16.919
57081.500 16.919
57081.500 16.927
57081.500 16.927
57081.500 16.928
57081.500 16.928
57081.500 16.930
57081.500 16.930
57081.500 16.931
57081.500 16.931
57081.500 16.944
57081.500 16.944
57081.844 16.910
57081.844 16.910
57081.844 16.915
57081.844 16.915
57081.844 16.919
57081.844 16.919
57081.844 16.919
57081.844 16.919
57081.844 16.927
57081.844 16.927
57081.844 16.928
57081.844 16.928
57081.844 16.930
57081.844 16.930
57081.844 16.931
57081.844 16.931
57081.844 16.945
57081.844 16.945
57082.240 16.911
57082.240 16.911
57082.240 16.916
57082.240 16.916
57082.240 16.919
57082.240 16.919
57082.240 16.920
57082.240 16.920
57082.240 16.928
57082.240 16.928
57082.240 16.929
57082.240 16.929
57082.240 16.931
57082.240 16.931
57082.240 16.932
57082.240 16.932
57082.240 16.945
57082.240 16.945
57082.940 16.912
57082.940 16.912
57082.940 16.918
57082.940 16.918
57082.940 16.921
57082.940 16.921
57082.940 16.922
57082.940 16.922
57082.940 16.929
57082.940 16.929
57082.940 16.930
57082.940 16.930
57082.940 16.932
57082.940 16.932
57082.940 16.932
57082.940 16.932
57082.940 16.947
57082.940 16.947
57084.240 16.916
57084.240 16.916
57084.240 16.921
57084.240 16.921
57084.240 16.924
57084.240 16.924
57084.240 16.926
57084.240 16.926
57084.240 16.933
57084.240 16.933
57084.240 16.933
57084.240 16.933
57084.240 16.934
57084.240 16.934
57084.240 16.936
57084.240 16.936
57084.240 16.950
57084.240 16.950
57084.342 16.916
57084.342 16.916
57084.342 16.921
57084.342 16.921
57084.342 16.924
57084.342 16.924
57084.342 16.926
57084.342 16.926
57084.342 16.933
57084.342 16.933
57084.342 16.933
57084.342 16.933
57084.342 16.935
57084.342 16.935
57084.342 16.936
57084.342 16.936
57084.342 16.950
57084.342 16.950
57085.220 16.919
57085.220 16.919
57085.220 16.924
57085.220 16.924
57085.220 16.927
57085.220 16.927
57085.220 16.929
57085.220 16.929
57085.220 16.936
57085.220 16.936
57085.220 16.936
57085.220 16.936
57085.220 16.937
57085.220 16.937
57085.220 16.939
57085.220 16.939
57085.220 16.952
57085.220 16.952
57085.260 16.920
57085.260 16.920
57085.260 16.925
57085.260 16.925
57085.260 16.927
57085.260 16.927
57085.260 16.929
57085.260 16.929
57085.260 16.936
57085.260 16.936
57085.260 16.936
57085.260 16.936
57085.260 16.937
57085.260 16.937
57085.260 16.939
57085.260 16.939
57085.260 16.953
57085.260 16.953
57086.010 16.923
57086.010 16.923
57086.010 16.928
57086.010 16.928
57086.010 16.930
57086.010 16.930
57086.010 16.933
57086.010 16.933
57086.010 16.938
57086.010 16.938
57086.010 16.938
57086.010 16.938
57086.010 16.939
57086.010 16.939
57086.010 16.941
57086.010 16.941
57086.010 16.955
57086.010 16.955
57087.279 16.929
57087.279 16.929
57087.279 16.933
57087.279 16.933
57087.279 16.936
57087.279 16.936
57087.279 16.938
57087.279 16.938
57087.279 16.943
57087.279 16.943
57087.279 16.943
57087.279 16.943
57087.279 16.944
57087.279 16.944
57087.279 16.947
57087.279 16.947
57087.279 16.960
57087.279 16.960
57089.976 16.944
57089.976 16.944
57089.976 16.949
57089.976 16.949
57089.976 16.950
57089.976 16.950
57089.976 16.954
57089.976 16.954
57089.976 16.956
57089.976 16.956
57089.976 16.957
57089.976 16.957
57089.976 16.958
57089.976 16.958
57089.976 16.961
57089.976 16.961
57089.976 16.973
57089.976 16.973
57090.476 16.948
57090.476 16.948
57090.476 16.952
57090.476 16.952
57090.476 16.953
57090.476 16.953
57090.476 16.957
57090.476 16.957
57090.476 16.959
57090.476 16.959
57090.476 16.960
57090.476 16.960
57090.476 16.961
57090.476 16.961
57090.476 16.964
57090.476 16.964
57090.476 16.976
57090.476 16.976
57090.970 16.951
57090.970 16.951
57090.970 16.956
57090.970 16.956
57090.970 16.957
57090.970 16.957
57090.970 16.961
57090.970 16.961
57090.970 16.962
57090.970 16.962
57090.970 16.963
57090.970 16.963
57090.970 16.964
57090.970 16.964
57090.970 16.967
57090.970 16.967
57090.970 16.979
57090.970 16.979
57092.170 16.960
57092.170 16.960
57092.170 16.964
57092.170 16.964
57092.170 16.965
57092.170 16.965
57092.170 16.969
57092.170 16.969
57092.170 16.970
57092.170 16.970
57092.170 16.971
57092.170 16.971
57092.170 16.972
57092.170 16.972
57092.170 16.975
57092.170 16.975
57092.170 16.986
57092.170 16.986
57092.715 16.965
57092.715 16.965
57092.715 16.969
57092.715 16.969
57092.715 16.969
57092.715 16.969
57092.715 16.973
57092.715 16.973
57092.715 16.974
57092.715 16.974
57092.715 16.975
57092.715 16.975
57092.715 16.976
57092.715 16.976
57092.715 16.979
57092.715 16.979
57092.715 16.990
57092.715 16.990
57093.020 16.967
57093.020 16.967
57093.020 16.971
57093.020 16.971
57093.020 16.971
57093.020 16.971
57093.020 16.976
57093.020 16.976
57093.020 16.976
57093.020 16.976
57093.020 16.977
57093.020 16.977
57093.020 16.978
57093.020 16.978
57093.020 16.981
57093.020 16.981
57093.020 16.992
57093.020 16.992
57093.764 16.974
57093.764 16.974
57093.764 16.977
57093.764 16.977
57093.764 16.978
57093.764 16.978
57093.764 16.982
57093.764 16.982
57093.764 16.982
57093.764 16.982
57093.764 16.983
57093.764 16.983
57093.764 16.984
57093.764 16.984
57093.764 16.987
57093.764 16.987
57093.764 16.997
57093.764 16.997
57094.290 16.978
57094.290 16.978
57094.290 16.982
57094.290 16.982
57094.290 16.982
57094.290 16.982
57094.290 16.986
57094.290 16.986
57094.290 16.987
57094.290 16.987
57094.290 16.987
57094.290 16.987
57094.290 16.988
57094.290 16.988
57094.290 16.991
57094.290 16.991
57094.290 17.001
57094.290 17.001
57094.870 16.984
57094.870 16.984
57094.870 16.987
57094.870 16.987
57094.870 16.987
57094.870 16.987
57094.870 16.991
57094.870 16.991
57094.870 16.992
57094.870 16.992
57094.870 16.992
57094.870 16.992
57094.870 16.993
57094.870 16.993
57094.870 16.996
57094.870 16.996
57094.870 17.006
57094.870 17.006
57095.270 16.987
57095.270 16.987
57095.270 16.990
57095.270 16.990
57095.270 16.991
57095.270 16.991
57095.270 16.994
57095.270 16.994
57095.270 16.995
57095.270 16.995
57095.270 16.996
57095.270 16.996
57095.270 16.996
57095.270 16.996
57095.270 17.000
57095.270 17.000
57095.270 17.009
57095.270 17.009
57095.470 16.989
57095.470 16.989
57095.470 16.992
57095.470 16.992
57095.470 16.993
57095.470 16.993
57095.470 16.996
57095.470 16.996
57095.470 16.997
57095.470 16.997
57095.470 16.997
57095.470 16.997
57095.470 16.998
57095.470 16.998
57095.470 17.001
57095.470 17.001
57095.470 17.011
57095.470 17.011
57095.930 16.994
57095.930 16.994
57095.930 16.996
57095.930 16.996
57095.930 16.998
57095.930 16.998
57095.930 17.000
57095.930 17.000
57095.930 17.001
57095.930 17.001
57095.930 17.001
57095.930 17.001
57095.930 17.002
57095.930 17.002
57095.930 17.005
57095.930 17.005
57095.930 17.015
57095.930 17.015
57097.210 17.007
57097.210 17.007
57097.210 17.009
57097.210 17.009
57097.210 17.011
57097.210 17.011
57097.210 17.012
57097.210 17.012
57097.210 17.013
57097.210 17.013
57097.210 17.014
57097.210 17.014
57097.210 17.014
57097.210 17.014
57097.210 17.017
57097.210 17.017
57097.210 17.026
57097.210 17.026
57098.151 17.017
57098.151 17.017
57098.151 17.018
57098.151 17.018
57098.151 17.021
57098.151 17.021
57098.151 17.022
57098.151 17.022
57098.151 17.023
57098.151 17.023
57098.151 17.023
57098.151 17.023
57098.151 17.024
57098.151 17.024
57098.151 17.027
57098.151 17.027
57098.151 17.035
57098.151 17.035
57098.210 17.018
57098.210 17.018
57098.210 17.019
57098.210 17.019
57098.210 17.022
57098.210 17.022
57098.210 17.022
57098.210 17.022
57098.210 17.023
57098.210 17.023
57098.210 17.024
57098.210 17.024
57098.210 17.024
57098.210 17.024
57098.210 17.027
57098.210 17.027
57098.210 17.035
57098.210 17.035
57098.610 17.023
57098.610 17.023
57098.610 17.023
57098.610 17.023
57098.610 17.026
57098.610 17.026
57098.610 17.027
57098.610 17.027
57098.610 17.028
57098.610 17.028
57098.610 17.028
57098.610 17.028
57098.610 17.029
57098.610 17.029
57098.610 17.031
57098.610 17.031
57098.610 17.039
57098.610 17.039
57098.987 17.027
57098.987 17.027
57098.987 17.027
57098.987 17.027
57098.987 17.031
57098.987 17.031
57098.987 17.031
57098.987 17.031
57098.987 17.031
57098.987 17.031
57098.987 17.032
57098.987 17.032
57098.987 17.033
57098.987 17.033
57098.987 17.035
57098.987 17.035
57098.987 17.043
57098.987 17.043
57099.250 17.030
57099.250 17.030
57099.250 17.030
57099.250 17.030
57099.250 17.034
57099.250 17.034
57099.250 17.034
57099.250 17.034
57099.250 17.034
57099.250 17.034
57099.250 17.034
57099.250 17.034
57099.250 17.036
57099.250 17.036
57099.250 17.038
57099.250 17.038
57099.250 17.046
57099.250 17.046
57100.984 17.050
57100.984 17.050
57100.984 17.051
57100.984 17.051
57100.984 17.054
57100.984 17.054
57100.984 17.054
57100.984 17.054
57100.984 17.054
57100.984 17.054
57100.984 17.055
57100.984 17.055
57100.984 17.056
57100.984 17.056
57100.984 17.057
57100.984 17.057
57100.984 17.064
57100.984 17.064
57101.310 17.054
57101.310 17.054
57101.310 17.056
57101.310 17.056
57101.310 17.057
57101.310 17.057
57101.310 17.058
57101.310 17.058
57101.310 17.058
57101.310 17.058
57101.310 17.059
57101.310 17.059
57101.310 17.060
57101.310 17.060
57101.310 17.061
57101.310 17.061
57101.310 17.068
57101.310 17.068
57102.170 17.065
57102.170 17.065
57102.170 17.067
57102.170 17.067
57102.170 17.068
57102.170 17.068
57102.170 17.068
57102.170 17.068
57102.170 17.068
57102.170 17.068
57102.170 17.070
57102.170 17.070
57102.170 17.071
57102.170 17.071
57102.170 17.071
57102.170 17.071
57102.170 17.077
57102.170 17.077
57102.520 17.069
57102.520 17.069
57102.520 17.072
57102.520 17.072
57102.520 17.072
57102.520 17.072
57102.520 17.072
57102.520 17.072
57102.520 17.073
57102.520 17.073
57102.520 17.075
57102.520 17.075
57102.520 17.075
57102.520 17.075
57102.520 17.076
57102.520 17.076
57102.520 17.081
57102.520 17.081
57103.400 17.081
57103.400 17.081
57103.400 17.083
57103.400 17.083
57103.400 17.083
57103.400 17.083
57103.400 17.084
57103.400 17.084
57103.400 17.084
57103.400 17.084
57103.400 17.087
57103.400 17.087
57103.400 17.087
57103.400 17.087
57103.400 17.087
57103.400 17.087
57103.400 17.092
57103.400 17.092
57103.587 17.083
57103.587 17.083
57103.587 17.085
57103.587 17.085
57103.587 17.086
57103.587 17.086
57103.587 17.086
57103.587 17.086
57103.587 17.087
57103.587 17.087
57103.587 17.089
57103.587 17.089
57103.587 17.089
57103.587 17.089
57103.587 17.090
57103.587 17.090
57103.587 17.094
57103.587 17.094
57103.760 17.085
57103.760 17.085
57103.760 17.088
57103.760 17.088
57103.760 17.088
57103.760 17.088
57103.760 17.089
57103.760 17.089
57103.760 17.089
57103.760 17.089
57103.760 17.091
57103.760 17.091
57103.760 17.091
57103.760 17.091
57103.760 17.092
57103.760 17.092
57103.760 17.096
57103.760 17.096
57104.180 17.091
57104.180 17.091
57104.180 17.093
57104.180 17.093
57104.180 17.094
57104.180 17.094
57104.180 17.095
57104.180 17.095
57104.180 17.095
57104.180 17.095
57104.180 17.097
57104.180 17.097
57104.180 17.097
57104.180 17.097
57104.180 17.098
57104.180 17.098
57104.180 17.102
57104.180 17.102
57104.430 17.095
57104.430 17.095
57104.430 17.096
57104.430 17.096
57104.430 17.097
57104.430 17.097
57104.430 17.098
57104.430 17.098
57104.430 17.098
57104.430 17.098
57104.430 17.100
57104.430 17.100
57104.430 17.101
57104.430 17.101
57104.430 17.102
57104.430 17.102
57104.430 17.105
57104.430 17.105
57106.440 17.123
57106.440 17.123
57106.440 17.124
57106.440 17.124
57106.440 17.125
57106.440 17.125
57106.440 17.127
57106.440 17.127
57106.440 17.128
57106.440 17.128
57106.440 17.129
57106.440 17.129
57106.440 17.129
57106.440 17.129
57106.440 17.131
57106.440 17.131
57106.440 17.133
57106.440 17.133
57106.872 17.130
57106.872 17.130
57106.872 17.130
57106.872 17.130
57106.872 17.131
57106.872 17.131
57106.872 17.134
57106.872 17.134
57106.872 17.134
57106.872 17.134
57106.872 17.135
57106.872 17.135
57106.872 17.136
57106.872 17.136
57106.872 17.137
57106.872 17.137
57106.872 17.139
57106.872 17.139
57109.022 17.162
57109.022 17.162
57109.022 17.163
57109.022 17.163
57109.022 17.164
57109.022 17.164
57109.022 17.166
57109.022 17.166
57109.022 17.168
57109.022 17.168
57109.022 17.168
57109.022 17.168
57109.022 17.169
57109.022 17.169
57109.022 17.171
57109.022 17.171
57109.022 17.175
57109.022 17.175
57110.160 17.180
57110.160 17.180
57110.160 17.182
57110.160 17.182
57110.160 17.182
57110.160 17.182
57110.160 17.184
57110.160 17.184
57110.160 17.185
57110.160 17.185
57110.160 17.187
57110.160 17.187
57110.160 17.187
57110.160 17.187
57110.160 17.190
57110.160 17.190
57110.160 17.195
57110.160 17.195
57110.180 17.180
57110.180 17.180
57110.180 17.182
57110.180 17.182
57110.180 17.183
57110.180 17.183
57110.180 17.184
57110.180 17.184
57110.180 17.185
57110.180 17.185
57110.180 17.187
57110.180 17.187
57110.180 17.187
57110.180 17.187
57110.180 17.191
57110.180 17.191
57110.180 17.195
57110.180 17.195
57110.210 17.181
57110.210 17.181
57110.210 17.183
57110.210 17.183
57110.210 17.183
57110.210 17.183
57110.210 17.185
57110.210 17.185
57110.210 17.186
57110.210 17.186
57110.210 17.188
57110.210 17.188
57110.210 17.188
57110.210 17.188
57110.210 17.191
57110.210 17.191
57110.210 17.195
57110.210 17.195
57110.699 17.189
57110.699 17.189
57110.699 17.191
57110.699 17.191
57110.699 17.191
57110.699 17.191
57110.699 17.192
57110.699 17.192
57110.699 17.194
57110.699 17.194
57110.699 17.196
57110.699 17.196
57110.699 17.196
57110.699 17.196
57110.699 17.200
57110.699 17.200
57110.699 17.204
57110.699 17.204
57111.503 17.202
57111.503 17.202
57111.503 17.204
57111.503 17.204
57111.503 17.205
57111.503 17.205
57111.503 17.206
57111.503 17.206
57111.503 17.206
57111.503 17.206
57111.503 17.210
57111.503 17.210
57111.503 17.210
57111.503 17.210
57111.503 17.214
57111.503 17.214
57111.503 17.219
57111.503 17.219
57113.290 17.232
57113.290 17.232
57113.290 17.235
57113.290 17.235
57113.290 17.236
57113.290 17.236
57113.290 17.236
57113.290 17.236
57113.290 17.236
57113.290 17.236
57113.290 17.241
57113.290 17.241
57113.290 17.242
57113.290 17.242
57113.290 17.247
57113.290 17.247
57113.290 17.252
57113.290 17.252
57114.458 17.253
57114.458 17.253
57114.458 17.256
57114.458 17.256
57114.458 17.256
57114.458 17.256
57114.458 17.257
57114.458 17.257
57114.458 17.258
57114.458 17.258
57114.458 17.262
57114.458 17.262
57114.458 17.264
57114.458 17.264
57114.458 17.270
57114.458 17.270
57114.458 17.275
57114.458 17.275
57116.930 17.299
57116.930 17.299
57116.930 17.300
57116.930 17.300
57116.930 17.302
57116.930 17.302
57116.930 17.303
57116.930 17.303
57116.930 17.306
57116.930 17.306
57116.930 17.309
57116.930 17.309
57116.930 17.313
57116.930 17.313
57116.930 17.320
57116.930 17.320
57116.930 17.326
57116.930 17.326
57117.250 17.305
57117.250 17.305
57117.250 17.306
57117.250 17.306
57117.250 17.308
57117.250 17.308
57117.250 17.310
57117.250 17.310
57117.250 17.312
57117.250 17.312
57117.250 17.315
57117.250 17.315
57117.250 17.319
57117.250 17.319
57117.250 17.327
57117.250 17.327
57117.250 17.333
57117.250 17.333
57118.210 17.324
57118.210 17.324
57118.210 17.324
57118.210 17.324
57118.210 17.327
57118.210 17.327
57118.210 17.329
57118.210 17.329
57118.210 17.332
57118.210 17.332
57118.210 17.334
57118.210 17.334
57118.210 17.339
57118.210 17.339
57118.210 17.347
57118.210 17.347
57118.210 17.353
57118.210 17.353
57118.422 17.328
57118.422 17.328
57118.422 17.328
57118.422 17.328
57118.422 17.331
57118.422 17.331
57118.422 17.333
57118.422 17.333
57118.422 17.336
57118.422 17.336
57118.422 17.338
57118.422 17.338
57118.422 17.344
57118.422 17.344
57118.422 17.351
57118.422 17.351
57118.422 17.358
57118.422 17.358
57119.894 17.357
57119.894 17.357
57119.894 17.358
57119.894 17.358
57119.894 17.360
57119.894 17.360
57119.894 17.363
57119.894 17.363
57119.894 17.367
57119.894 17.367
57119.894 17.369
57119.894 17.369
57119.894 17.375
57119.894 17.375
57119.894 17.384
57119.894 17.384
57119.894 17.390
57119.894 17.390
57120.150 17.362
57120.150 17.362
57120.150 17.363
57120.150 17.363
57120.150 17.365
57120.150 17.365
57120.150 17.368
57120.150 17.368
57120.150 17.373
57120.150 17.373
57120.150 17.374
57120.150 17.374
57120.150 17.380
57120.150 17.380
57120.150 17.389
57120.150 17.389
57120.150 17.396
57120.150 17.396
57120.210 17.363
57120.210 17.363
57120.210 17.364
57120.210 17.364
57120.210 17.366
57120.210 17.366
57120.210 17.370
57120.210 17.370
57120.210 17.374
57120.210 17.374
57120.210 17.375
57120.210 17.375
57120.210 17.382
57120.210 17.382
57120.210 17.391
57120.210 17.391
57120.210 17.398
57120.210 17.398
57120.450 17.368
57120.450 17.368
57120.450 17.369
57120.450 17.369
57120.450 17.371
57120.450 17.371
57120.450 17.375
57120.450 17.375
57120.450 17.379
57120.450 17.379
57120.450 17.380
57120.450 17.380
57120.450 17.387
57120.450 17.387
57120.450 17.396
57120.450 17.396
57120.450 17.403
57120.450 17.403
57120.816 17.375
57120.816 17.375
57120.816 17.377
57120.816 17.377
57120.816 17.379
57120.816 17.379
57120.816 17.382
57120.816 17.382
57120.816 17.387
57120.816 17.387
57120.816 17.388
57120.816 17.388
57120.816 17.395
57120.816 17.395
57120.816 17.404
57120.816 17.404
57120.816 17.411
57120.816 17.411
57122.075 17.401
57122.075 17.401
57122.075 17.403
57122.075 17.403
57122.075 17.405
57122.075 17.405
57122.075 17.410
57122.075 17.410
57122.075 17.415
57122.075 17.415
57122.075 17.415
57122.075 17.415
57122.075 17.423
57122.075 17.423
57122.075 17.433
57122.075 17.433
57122.075 17.441
57122.075 17.441
57122.130 17.402
57122.130 17.402
57122.130 17.404
57122.130 17.404
57122.130 17.406
57122.130 17.406
57122.130 17.411
57122.130 17.411
57122.130 17.416
57122.130 17.416
57122.130 17.416
57122.130 17.416
57122.130 17.424
57122.130 17.424
57122.130 17.434
57122.130 17.434
57122.130 17.442
57122.130 17.442
57122.785 17.416
57122.785 17.416
57122.785 17.419
57122.785 17.419
57122.785 17.420
57122.785 17.420
57122.785 17.425
57122.785 17.425
57122.785 17.430
57122.785 17.430
57122.785 17.431
57122.785 17.431
57122.785 17.439
57122.785 17.439
57122.785 17.450
57122.785 17.450
57122.785 17.458
57122.785 17.458
57122.850 17.417
57122.850 17.417
57122.850 17.420
57122.850 17.420
57122.850 17.422
57122.850 17.422
57122.850 17.427
57122.850 17.427
57122.850 17.432
57122.850 17.432
57122.850 17.432
57122.850 17.432
57122.850 17.441
57122.850 17.441
57122.850 17.451
57122.850 17.451
57122.850 17.459
57122.850 17.459
57123.870 17.439
57123.870 17.439
57123.870 17.442
57123.870 17.442
57123.870 17.444
57123.870 17.444
57123.870 17.449
57123.870 17.449
57123.870 17.454
57123.870 17.454
57123.870 17.456
57123.870 17.456
57123.870 17.465
57123.870 17.465
57123.870 17.475
57123.870 17.475
57123.870 17.484
57123.870 17.484
57125.330 17.471
57125.330 17.471
57125.330 17.475
57125.330 17.475
57125.330 17.476
57125.330 17.476
57125.330 17.483
57125.330 17.483
57125.330 17.488
57125.330 17.488
57125.330 17.490
57125.330 17.490
57125.330 17.499
57125.330 17.499
57125.330 17.511
57125.330 17.511
57125.330 17.520
57125.330 17.520
57126.180 17.490
57126.180 17.490
57126.180 17.495
57126.180 17.495
57126.180 17.495
57126.180 17.495
57126.180 17.503
57126.180 17.503
57126.180 17.507
57126.180 17.507
57126.180 17.511
57126.180 17.511
57126.180 17.520
57126.180 17.520
57126.180 17.532
57126.180 17.532
57126.180 17.542
57126.180 17.542
57127.720 17.525
57127.720 17.525
57127.720 17.531
57127.720 17.531
57127.720 17.531
57127.720 17.531
57127.720 17.539
57127.720 17.539
57127.720 17.544
57127.720 17.544
57127.720 17.549
57127.720 17.549
57127.720 17.558
57127.720 17.558
57127.720 17.571
57127.720 17.571
57127.720 17.581
57127.720 17.581
57128.160 17.535
57128.160 17.535
57128.160 17.541
57128.160 17.541
57128.160 17.541
57128.160 17.541
57128.160 17.550
57128.160 17.550
57128.160 17.554
57128.160 17.554
57128.160 17.560
57128.160 17.560
57128.160 17.569
57128.160 17.569
57128.160 17.582
57128.160 17.582
57128.160 17.593
57128.160 17.593
57128.629 17.546
57128.629 17.546
57128.629 17.552
57128.629 17.552
57128.629 17.553
57128.629 17.553
57128.629 17.562
57128.629 17.562
57128.629 17.566
57128.629 17.566
57128.629 17.571
57128.629 17.571
57128.629 17.581
57128.629 17.581
57128.629 17.594
57128.629 17.594
57128.629 17.605
57128.629 17.605
57129.940 17.577
57129.940 17.577
57129.940 17.584
57129.940 17.584
57129.940 17.585
57129.940 17.585
57129.940 17.594
57129.940 17.594
57129.940 17.598
57129.940 17.598
57129.940 17.605
57129.940 17.605
57129.940 17.615
57129.940 17.615
57129.940 17.629
57129.940 17.629
57129.940 17.641
57129.940 17.641
57130.765 17.597
57130.765 17.597
57130.765 17.604
57130.765 17.604
57130.765 17.605
57130.765 17.605
57130.765 17.615
57130.765 17.615
57130.765 17.618
57130.765 17.618
57130.765 17.627
57130.765 17.627
57130.765 17.637
57130.765 17.637
57130.765 17.651
57130.765 17.651
57130.765 17.663
57130.765 17.663
57131.527 17.616
57131.527 17.616
57131.527 17.623
57131.527 17.623
57131.527 17.625
57131.527 17.625
57131.527 17.635
57131.527 17.635
57131.527 17.638
57131.527 17.638
57131.527 17.647
57131.527 17.647
57131.527 17.657
57131.527 17.657
57131.527 17.671
57131.527 17.671
57131.527 17.684
57131.527 17.684
57131.710 17.621
57131.710 17.621
57131.710 17.628
57131.710 17.628
57131.710 17.629
57131.710 17.629
57131.710 17.639
57131.710 17.639
57131.710 17.642
57131.710 17.642
57131.710 17.652
57131.710 17.652
57131.710 17.662
57131.710 17.662
57131.710 17.676
57131.710 17.676
57131.710 17.689
57131.710 17.689
57132.930 17.651
57132.930 17.651
57132.930 17.658
57132.930 17.658
57132.930 17.661
57132.930 17.661
57132.930 17.671
57132.930 17.671
57132.930 17.674
57132.930 17.674
57132.930 17.684
57132.930 17.684
57132.930 17.695
57132.930 17.695
57132.930 17.710
57132.930 17.710
57132.930 17.724
57132.930 17.724
57134.240 17.685
57134.240 17.685
57134.240 17.692
57134.240 17.692
57134.240 17.695
57134.240 17.695
57134.240 17.706
57134.240 17.706
57134.240 17.708
57134.240 17.708
57134.240 17.720
57134.240 17.720
57134.240 17.731
57134.240 17.731
57134.240 17.747
57134.240 17.747
57134.240 17.761
57134.240 17.761
57134.860 17.701
57134.860 17.701
57134.860 17.708
57134.860 17.708
57134.860 17.711
57134.860 17.711
57134.860 17.723
57134.860 17.723
57134.860 17.724
57134.860 17.724
57134.860 17.738
57134.860 17.738
57134.860 17.748
57134.860 17.748
57134.860 17.764
57134.860 17.764
57134.860 17.780
57134.860 17.780
57135.440 17.716
57135.440 17.716
57135.440 17.723
57135.440 17.723
57135.440 17.727
57135.440 17.727
57135.440 17.738
57135.440 17.738
57135.440 17.740
57135.440 17.740
57135.440 17.754
57135.440 17.754
57135.440 17.764
57135.440 17.764
57135.440 17.781
57135.440 17.781
57135.440 17.797
57135.440 17.797
57135.940 17.729
57135.940 17.729
57135.940 17.736
57135.940 17.736
57135.940 17.740
57135.940 17.740
57135.940 17.752
57135.940 17.752
57135.940 17.753
57135.940 17.753
57135.940 17.768
57135.940 17.768
57135.940 17.778
57135.940 17.778
57135.940 17.795
57135.940 17.795
57135.940 17.811
57135.940 17.811
57136.201 17.736
57136.201 17.736
57136.201 17.743
57136.201 17.743
57136.201 17.747
57136.201 17.747
57136.201 17.759
57136.201 17.759
57136.201 17.760
57136.201 17.760
57136.201 17.775
57136.201 17.775
57136.201 17.786
57136.201 17.786
57136.201 17.803
57136.201 17.803
57136.201 17.819
57136.201 17.819
57136.314 17.739
57136.314 17.739
57136.314 17.746
57136.314 17.746
57136.314 17.751
57136.314 17.751
57136.314 17.762
57136.314 17.762
57136.314 17.763
57136.314 17.763
57136.314 17.779
57136.314 17.779
57136.314 17.789
57136.314 17.789
57136.314 17.806
57136.314 17.806
57136.314 17.823
57136.314 17.823
57137.210 17.763
57137.210 17.763
57137.210 17.770
57137.210 17.770
57137.210 17.775
57137.210 17.775
57137.210 17.787
57137.210 17.787
57137.210 17.788
57137.210 17.788
57137.210 17.804
57137.210 17.804
57137.210 17.815
57137.210 17.815
57137.210 17.833
57137.210 17.833
57137.210 17.849
57137.210 17.849
57137.270 17.765
57137.270 17.765
57137.270 17.772
57137.270 17.772
57137.270 17.777
57137.270 17.777
57137.270 17.789
57137.270 17.789
57137.270 17.789
57137.270 17.789
57137.270 17.806
57137.270 17.806
57137.270 17.817
57137.270 17.817
57137.270 17.834
57137.270 17.834
57137.270 17.851
57137.270 17.851
57138.860 17.809
57138.860 17.809
57138.860 17.815
57138.860 17.815
57138.860 17.821
57138.860 17.821
57138.860 17.833
57138.860 17.833
57138.860 17.834
57138.860 17.834
57138.860 17.853
57138.860 17.853
57138.860 17.863
57138.860 17.863
57138.860 17.882
57138.860 17.882
57138.860 17.900
57138.860 17.900
57138.880 17.809
57138.880 17.809
57138.880 17.816
57138.880 17.816
57138.880 17.822
57138.880 17.822
57138.880 17.834
57138.880 17.834
57138.880 17.835
57138.880 17.835
57138.880 17.853
57138.880 17.853
57138.880 17.864
57138.880 17.864
57138.880 17.882
57138.880 17.882
57138.880 17.901
57138.880 17.901
57139.210 17.818
57139.210 17.818
57139.210 17.825
57139.210 17.825
57139.210 17.831
57139.210 17.831
57139.210 17.843
57139.210 17.843
57139.210 17.844
57139.210 17.844
57139.210 17.863
57139.210 17.863
57139.210 17.873
57139.210 17.873
57139.210 17.892
57139.210 17.892
57139.210 17.911
57139.210 17.911
57140.100 17.843
57140.100 17.843
57140.100 17.850
57140.100 17.850
57140.100 17.856
57140.100 17.856
57140.100 17.868
57140.100 17.868
57140.100 17.870
57140.100 17.870
57140.100 17.890
57140.100 17.890
57140.100 17.900
57140.100 17.900
57140.100 17.919
57140.100 17.919
57140.100 17.939
57140.100 17.939
57141.170 17.874
57141.170 17.874
57141.170 17.880
57141.170 17.880
57141.170 17.887
57141.170 17.887
57141.170 17.899
57141.170 17.899
57141.170 17.901
57141.170 17.901
57141.170 17.922
57141.170 17.922
57141.170 17.932
57141.170 17.932
57141.170 17.952
57141.170 17.952
57141.170 17.972
57141.170 17.972
57141.637 17.887
57141.637 17.887
57141.637 17.893
57141.637 17.893
57141.637 17.901
57141.637 17.901
57141.637 17.912
57141.637 17.912
57141.637 17.915
57141.637 17.915
57141.637 17.936
57141.637 17.936
57141.637 17.946
57141.637 17.946
57141.637 17.967
57141.637 17.967
57141.637 17.987
57141.637 17.987
57144.468 17.970
57144.468 17.970
57144.468 17.975
57144.468 17.975
57144.468 17.985
57144.468 17.985
57144.468 17.995
57144.468 17.995
57144.468 18.000
57144.468 18.000
57144.468 18.025
57144.468 18.025
57144.468 18.034
57144.468 18.034
57144.468 18.040
57144.468 18.040
57144.468 18.062
57144.468 18.062
57144.710 17.977
57144.710 17.977
57144.710 17.982
57144.710 17.982
57144.710 17.993
57144.710 17.993
57144.710 18.002
57144.710 18.002
57144.710 18.008
57144.710 18.008
57144.710 18.033
57144.710 18.033
57144.710 18.042
57144.710 18.042
57144.710 18.045
57144.710 18.045
57144.710 18.067
57144.710 18.067
57144.890 17.982
57144.890 17.982
57144.890 17.988
57144.890 17.988
57144.890 17.998
57144.890 17.998
57144.890 18.008
57144.890 18.008
57144.890 18.013
57144.890 18.013
57144.890 18.038
57144.890 18.038
57144.890 18.047
57144.890 18.047
57144.890 18.048
57144.890 18.048
57144.890 18.070
57144.890 18.070
57147.073 18.036
57147.073 18.036
57147.073 18.049
57147.073 18.049
57147.073 18.049
57147.073 18.049
57147.073 18.070
57147.073 18.070
57147.073 18.074
57147.073 18.074
57147.073 18.078
57147.073 18.078
57147.073 18.089
57147.073 18.089
57147.073 18.106
57147.073 18.106
57147.073 18.110
57147.073 18.110
57148.310 18.060
57148.310 18.060
57148.310 18.071
57148.310 18.071
57148.310 18.072
57148.310 18.072
57148.310 18.094
57148.310 18.094
57148.310 18.101
57148.310 18.101
57148.310 18.112
57148.310 18.112
57148.310 18.112
57148.310 18.112
57148.310 18.128
57148.310 18.128
57148.310 18.133
57148.310 18.133
57150.030 18.093
57150.030 18.093
57150.030 18.103
57150.030 18.103
57150.030 18.103
57150.030 18.103
57150.030 18.126
57150.030 18.126
57150.030 18.133
57150.030 18.133
57150.030 18.144
57150.030 18.144
57150.030 18.148
57150.030 18.148
57150.030 18.160
57150.030 18.160
57150.030 18.165
57150.030 18.165
57150.960 18.110
57150.960 18.110
57150.960 18.120
57150.960 18.120
57150.960 18.120
57150.960 18.120
57150.960 18.144
57150.960 18.144
57150.960 18.150
57150.960 18.150
57150.960 18.161
57150.960 18.161
57150.960 18.166
57150.960 18.166
57150.960 18.177
57150.960 18.177
57150.960 18.183
57150.960 18.183
57151.187 18.115
57151.187 18.115
57151.187 18.124
57151.187 18.124
57151.187 18.124
57151.187 18.124
57151.187 18.148
57151.187 18.148
57151.187 18.154
57151.187 18.154
57151.187 18.165
57151.187 18.165
57151.187 18.170
57151.187 18.170
57151.187 18.181
57151.187 18.181
57151.187 18.187
57151.187 18.187
57152.160 18.133
57152.160 18.133
57152.160 18.142
57152.160 18.142
57152.160 18.142
57152.160 18.142
57152.160 18.167
57152.160 18.167
57152.160 18.172
57152.160 18.172
57152.160 18.184
57152.160 18.184
57152.160 18.189
57152.160 18.189
57152.160 18.199
57152.160 18.199
57152.160 18.205
57152.160 18.205
57152.508 18.140
57152.508 18.140
57152.508 18.148
57152.508 18.148
57152.508 18.149
57152.508 18.149
57152.508 18.174
57152.508 18.174
57152.508 18.178
57152.508 18.178
57152.508 18.190
57152.508 18.190
57152.508 18.196
57152.508 18.196
57152.508 18.205
57152.508 18.205
57152.508 18.211
57152.508 18.211
57155.150 18.191
57155.150 18.191
57155.150 18.197
57155.150 18.197
57155.150 18.198
57155.150 18.198
57155.150 18.224
57155.150 18.224
57155.150 18.228
57155.150 18.228
57155.150 18.240
57155.150 18.240
57155.150 18.248
57155.150 18.248
57155.150 18.254
57155.150 18.254
57155.150 18.261
57155.150 18.261
57155.760 18.203
57155.760 18.203
57155.760 18.208
57155.760 18.208
57155.760 18.209
57155.760 18.209
57155.760 18.236
57155.760 18.236
57155.760 18.239
57155.760 18.239
57155.760 18.251
57155.760 18.251
57155.760 18.260
57155.760 18.260
57155.760 18.265
57155.760 18.265
57155.760 18.273
57155.760 18.273
57157.944 18.245
57157.944 18.245
57157.944 18.249
57157.944 18.249
57157.944 18.250
57157.944 18.250
57157.944 18.277
57157.944 18.277
57157.944 18.280
57157.944 18.280
57157.944 18.293
57157.944 18.293
57157.944 18.303
57157.944 18.303
57157.944 18.305
57157.944 18.305
57157.944 18.314
57157.944 18.314
57158.800 18.262
57158.800 18.262
57158.800 18.265
57158.800 18.265
57158.800 18.266
57158.800 18.266
57158.800 18.294
57158.800 18.294
57158.800 18.296
57158.800 18.296
57158.800 18.309
57158.800 18.309
57158.800 18.319
57158.800 18.319
57158.800 18.321
57158.800 18.321
57158.800 18.330
57158.800 18.330
57160.050 18.286
57160.050 18.286
57160.050 18.288
57160.050 18.288
57160.050 18.289
57160.050 18.289
57160.050 18.318
57160.050 18.318
57160.050 18.319
57160.050 18.319
57160.050 18.332
57160.050 18.332
57160.050 18.344
57160.050 18.344
57160.050 18.344
57160.050 18.344
57160.050 18.353
57160.050 18.353
57160.630 18.297
57160.630 18.297
57160.630 18.299
57160.630 18.299
57160.630 18.300
57160.630 18.300
57160.630 18.329
57160.630 18.329
57160.630 18.330
57160.630 18.330
57160.630 18.343
57160.630 18.343
57160.630 18.355
57160.630 18.355
57160.630 18.355
57160.630 18.355
57160.630 18.364
57160.630 18.364
57161.010 18.304
57161.010 18.304
57161.010 18.306
57161.010 18.306
57161.010 18.307
57161.010 18.307
57161.010 18.336
57161.010 18.336
57161.010 18.337
57161.010 18.337
57161.010 18.350
57161.010 18.350
57161.010 18.362
57161.010 18.362
57161.010 18.363
57161.010 18.363
57161.010 18.371
57161.010 18.371
57161.700 18.317
57161.700 18.317
57161.700 18.319
57161.700 18.319
57161.700 18.320
57161.700 18.320
57161.700 18.349
57161.700 18.349
57161.700 18.350
57161.700 18.350
57161.700 18.363
57161.700 18.363
57161.700 18.375
57161.700 18.375
57161.700 18.376
57161.700 18.376
57161.700 18.384
57161.700 18.384
57162.730 18.337
57162.730 18.337
57162.730 18.338
57162.730 18.338
57162.730 18.339
57162.730 18.339
57162.730 18.369
57162.730 18.369
57162.730 18.369
57162.730 18.369
57162.730 18.383
57162.730 18.383
57162.730 18.394
57162.730 18.394
57162.730 18.396
57162.730 18.396
57162.730 18.404
57162.730 18.404
57162.900 18.341
57162.900 18.341
57162.900 18.341
57162.900 18.341
57162.900 18.342
57162.900 18.342
57162.900 18.372
57162.900 18.372
57162.900 18.373
57162.900 18.373
57162.900 18.386
57162.900 18.386
57162.900 18.397
57162.900 18.397
57162.900 18.399
57162.900 18.399
57162.900 18.407
57162.900 18.407
57163.380 18.350
57163.380 18.350
57163.380 18.350
57163.380 18.350
57163.380 18.351
57163.380 18.351
57163.380 18.381
57163.380 18.381
57163.380 18.382
57163.380 18.382
57163.380 18.395
57163.380 18.395
57163.380 18.406
57163.380 18.406
57163.380 18.409
57163.380 18.409
57163.380 18.416
57163.380 18.416
57166.353 18.406
57166.353 18.406
57166.353 18.407
57166.353 18.407
57166.353 18.407
57166.353 18.407
57166.353 18.437
57166.353 18.437
57166.353 18.438
57166.353 18.438
57166.353 18.451
57166.353 18.451
57166.353 18.460
57166.353 18.460
57166.353 18.466
57166.353 18.466
57166.353 18.472
57166.353 18.472
57166.920 18.416
57166.920 18.416
57166.920 18.418
57166.920 18.418
57166.920 18.418
57166.920 18.418
57166.920 18.448
57166.920 18.448
57166.920 18.449
57166.920 18.449
57166.920 18.461
57166.920 18.461
57166.920 18.470
57166.920 18.470
57166.920 18.477
57166.920 18.477
57166.920 18.482
57166.920 18.482
57168.816 18.452
57168.816 18.452
57168.816 18.453
57168.816 18.453
57168.816 18.454
57168.816 18.454
57168.816 18.483
57168.816 18.483
57168.816 18.485
57168.816 18.485
57168.816 18.497
57168.816 18.497
57168.816 18.505
57168.816 18.505
57168.816 18.514
57168.816 18.514
57168.816 18.518
57168.816 18.518
57171.900 18.510
57171.900 18.510
57171.900 18.511
57171.900 18.511
57171.900 18.513
57171.900 18.513
57171.900 18.541
57171.900 18.541
57171.900 18.543
57171.900 18.543
57171.900 18.554
57171.900 18.554
57171.900 18.561
57171.900 18.561
57171.900 18.573
57171.900 18.573
57171.900 18.575
57171.900 18.575
57172.407 18.519
57172.407 18.519
57172.407 18.520
57172.407 18.520
57172.407 18.523
57172.407 18.523
57172.407 18.550
57172.407 18.550
57172.407 18.553
57172.407 18.553
57172.407 18.564
57172.407 18.564
57172.407 18.570
57172.407 18.570
57172.407 18.582
57172.407 18.582
57172.407 18.585
57172.407 18.585
57173.380 18.537
57173.380 18.537
57173.380 18.538
57173.380 18.538
57173.380 18.541
57173.380 18.541
57173.380 18.568
57173.380 18.568
57173.380 18.571
57173.380 18.571
57173.380 18.582
57173.380 18.582
57173.380 18.588
57173.380 18.588
57173.380 18.601
57173.380 18.601
57173.380 18.603
57173.380 18.603
57174.252 18.554
57174.252 18.554
57174.252 18.555
57174.252 18.555
57174.252 18.558
57174.252 18.558
57174.252 18.585
57174.252 18.585
57174.252 18.587
57174.252 18.587
57174.252 18.598
57174.252 18.598
57174.252 18.604
57174.252 18.604
57174.252 18.617
57174.252 18.617
57174.252 18.619
57174.252 18.619
57175.020 18.568
57175.020 18.568
57175.020 18.569
57175.020 18.569
57175.020 18.572
57175.020 18.572
57175.020 18.599
57175.020 18.599
57175.020 18.602
57175.020 18.602
57175.020 18.612
57175.020 18.612
57175.020 18.618
57175.020 18.618
57175.020 18.632
57175.020 18.632
57175.020 18.633
57175.020 18.633
57176.950 18.604
57176.950 18.604
57176.950 18.605
57176.950 18.605
57176.950 18.609
57176.950 18.609
57176.950 18.635
57176.950 18.635
57176.950 18.638
57176.950 18.638
57176.950 18.647
57176.950 18.647
57176.950 18.652
57176.950 18.652
57176.950 18.668
57176.950 18.668
57176.950 18.669
57176.950 18.669
57178.110 18.626
57178.110 18.626
57178.110 18.626
57178.110 18.626
57178.110 18.630
57178.110 18.630
57178.110 18.656
57178.110 18.656
57178.110 18.660
57178.110 18.660
57178.110 18.669
57178.110 18.669
57178.110 18.673
57178.110 18.673
57178.110 18.690
57178.110 18.690
57178.110 18.690
57178.110 18.690
57179.110 18.644
57179.110 18.644
57179.110 18.645
57179.110 18.645
57179.110 18.649
57179.110 18.649
57179.110 18.674
57179.110 18.674
57179.110 18.678
57179.110 18.678
57179.110 18.687
57179.110 18.687
57179.110 18.691
57179.110 18.691
57179.110 18.709
57179.110 18.709
57179.110 18.709
57179.110 18.709
57179.687 18.655
57179.687 18.655
57179.687 18.655
57179.687 18.655
57179.687 18.660
57179.687 18.660
57179.687 18.685
57179.687 18.685
57179.687 18.689
57179.687 18.689
57179.687 18.698
57179.687 18.698
57179.687 18.701
57179.687 18.701
57179.687 18.719
57179.687 18.719
57179.687 18.719
57179.687 18.719
57182.120 18.700
57182.120 18.700
57182.120 18.700
57182.120 18.700
57182.120 18.705
57182.120 18.705
57182.120 18.730
57182.120 18.730
57182.120 18.734
57182.120 18.734
57182.120 18.742
57182.120 18.742
57182.120 18.745
57182.120 18.745
57182.120 18.764
57182.120 18.764
57182.120 18.764
57182.120 18.764
57183.020 18.716
57183.020 18.716
57183.020 18.717
57183.020 18.717
57183.020 18.722
57183.020 18.722
57183.020 18.746
57183.020 18.746
57183.020 18.750
57183.020 18.750
57183.020 18.758
57183.020 18.758
57183.020 18.760
57183.020 18.760
57183.020 18.780
57183.020 18.780
57183.020 18.781
57183.020 18.781
57184.030 18.735
57184.030 18.735
57184.030 18.735
57184.030 18.735
57184.030 18.740
57184.030 18.740
57184.030 18.764
57184.030 18.764
57184.030 18.769
57184.030 18.769
57184.030 18.776
57184.030 18.776
57184.030 18.778
57184.030 18.778
57184.030 18.798
57184.030 18.798
57184.030 18.800
57184.030 18.800
57184.960 18.752
57184.960 18.752
57184.960 18.752
57184.960 18.752
57184.960 18.758
57184.960 18.758
57184.960 18.781
57184.960 18.781
57184.960 18.786
57184.960 18.786
57184.960 18.793
57184.960 18.793
57184.960 18.795
57184.960 18.795
57184.960 18.815
57184.960 18.815
57184.960 18.817
57184.960 18.817
57185.020 18.753
57185.020 18.753
57185.020 18.753
57185.020 18.753
57185.020 18.759
57185.020 18.759
57185.020 18.782
57185.020 18.782
57185.020 18.787
57185.020 18.787
57185.020 18.794
57185.020 18.794
57185.020 18.796
57185.020 18.796
57185.020 18.816
57185.020 18.816
57185.020 18.818
57185.020 18.818
57185.123 18.755
57185.123 18.755
57185.123 18.755
57185.123 18.755
57185.123 18.761
57185.123 18.761
57185.123 18.784
57185.123 18.784
57185.123 18.789
57185.123 18.789
57185.123 18.796
57185.123 18.796
57185.123 18.798
57185.123 18.798
57185.123 18.818
57185.123 18.818
57185.123 18.820
57185.123 18.820
57185.212 18.756
57185.212 18.756
57185.212 18.757
57185.212 18.757
57185.212 18.762
57185.212 18.762
57185.212 18.786
57185.212 18.786
57185.212 18.790
57185.212 18.790
57185.212 18.797
57185.212 18.797
57185.212 18.799
57185.212 18.799
57185.212 18.820
57185.212 18.820
57185.212 18.821
57185.212 18.821
57186.770 18.785
57186.770 18.785
57186.770 18.786
57186.770 18.786
57186.770 18.791
57186.770 18.791
57186.770 18.814
57186.770 18.814
57186.770 18.819
57186.770 18.819
57186.770 18.825
57186.770 18.825
57186.770 18.826
57186.770 18.826
57186.770 18.848
57186.770 18.848
57186.770 18.850
57186.770 18.850
57190.559 18.853
57190.559 18.853
57190.559 18.855
57190.559 18.855
57190.559 18.860
57190.559 18.860
57190.559 18.882
57190.559 18.882
57190.559 18.887
57190.559 18.887
57190.559 18.892
57190.559 18.892
57190.559 18.892
57190.559 18.892
57190.559 18.915
57190.559 18.915
57190.559 18.918
57190.559 18.918
57192.710 18.891
57192.710 18.891
57192.710 18.894
57192.710 18.894
57192.710 18.898
57192.710 18.898
57192.710 18.920
57192.710 18.920
57192.710 18.925
57192.710 18.925
57192.710 18.929
57192.710 18.929
57192.710 18.930
57192.710 18.930
57192.710 18.953
57192.710 18.953
57192.710 18.956
57192.710 18.956
57195.995 18.950
57195.995 18.950
57195.995 18.952
57195.995 18.952
57195.995 18.957
57195.995 18.957
57195.995 18.978
57195.995 18.978
57195.995 18.984
57195.995 18.984
57195.995 18.985
57195.995 18.985
57195.995 18.987
57195.995 18.987
57195.995 19.011
57195.995 19.011
57195.995 19.014
57195.995 19.014
57199.060 19.003
57199.060 19.003
57199.060 19.007
57199.060 19.007
57199.060 19.011
57199.060 19.011
57199.060 19.032
57199.060 19.032
57199.060 19.037
57199.060 19.037
57199.060 19.037
57199.060 19.037
57199.060 19.040
57199.060 19.040
57199.060 19.064
57199.060 19.064
57199.060 19.068
57199.060 19.068
57199.380 19.009
57199.380 19.009
57199.380 19.013
57199.380 19.013
57199.380 19.017
57199.380 19.017
57199.380 19.037
57199.380 19.037
57199.380 19.042
57199.380 19.042
57199.380 19.043
57199.380 19.043
57199.380 19.046
57199.380 19.046
57199.380 19.069
57199.380 19.069
57199.380 19.073
57199.380 19.073
57201.430 19.045
57201.430 19.045
57201.430 19.049
57201.430 19.049
57201.430 19.052
57201.430 19.052
57201.430 19.073
57201.430 19.073
57201.430 19.077
57201.430 19.077
57201.430 19.078
57201.430 19.078
57201.430 19.081
57201.430 19.081
57201.430 19.105
57201.430 19.105
57201.430 19.109
57201.430 19.109
57205.700 19.118
57205.700 19.118
57205.700 19.123
57205.700 19.123
57205.700 19.126
57205.700 19.126
57205.700 19.146
57205.700 19.146
57205.700 19.147
57205.700 19.147
57205.700 19.151
57205.700 19.151
57205.700 19.153
57205.700 19.153
57205.700 19.177
57205.700 19.177
57205.700 19.181
57205.700 19.181
57206.340 19.129
57206.340 19.129
57206.340 19.134
57206.340 19.134
57206.340 19.137
57206.340 19.137
57206.340 19.156
57206.340 19.156
57206.340 19.158
57206.340 19.158
57206.340 19.162
57206.340 19.162
57206.340 19.163
57206.340 19.163
57206.340 19.188
57206.340 19.188
57206.340 19.192
57206.340 19.192
57206.833 19.137
57206.833 19.137
57206.833 19.143
57206.833 19.143
57206.833 19.145
57206.833 19.145
57206.833 19.165
57206.833 19.165
57206.833 19.166
57206.833 19.166
57206.833 19.171
57206.833 19.171
57206.833 19.172
57206.833 19.172
57206.833 19.196
57206.833 19.196
57206.833 19.201
57206.833 19.201
57206.866 19.138
57206.866 19.138
57206.866 19.143
57206.866 19.143
57206.866 19.146
57206.866 19.146
57206.866 19.165
57206.866 19.165
57206.866 19.166
57206.866 19.166
57206.866 19.171
57206.866 19.171
57206.866 19.172
57206.866 19.172
57206.866 19.197
57206.866 19.197
57206.866 19.201
57206.866 19.201
57210.040 19.192
57210.040 19.192
57210.040 19.198
57210.040 19.198
57210.040 19.200
57210.040 19.200
57210.040 19.218
57210.040 19.218
57210.040 19.219
57210.040 19.219
57210.040 19.224
57210.040 19.224
57210.040 19.225
57210.040 19.225
57210.040 19.250
57210.040 19.250
57210.040 19.254
57210.040 19.254
57212.302 19.230
57212.302 19.230
57212.302 19.236
57212.302 19.236
57212.302 19.238
57212.302 19.238
57212.302 19.254
57212.302 19.254
57212.302 19.256
57212.302 19.256
57212.302 19.262
57212.302 19.262
57212.302 19.262
57212.302 19.262
57212.302 19.287
57212.302 19.287
57212.302 19.292
57212.302 19.292
57212.390 19.231
57212.390 19.231
57212.390 19.238
57212.390 19.238
57212.390 19.239
57212.390 19.239
57212.390 19.256
57212.390 19.256
57212.390 19.258
57212.390 19.258
57212.390 19.263
57212.390 19.263
57212.390 19.264
57212.390 19.264
57212.390 19.288
57212.390 19.288
57212.390 19.293
57212.390 19.293
57217.730 19.319
57217.730 19.319
57217.730 19.327
57217.730 19.327
57217.730 19.327
57217.730 19.327
57217.730 19.341
57217.730 19.341
57217.730 19.345
57217.730 19.345
57217.730 19.350
57217.730 19.350
57217.730 19.351
57217.730 19.351
57217.730 19.375
57217.730 19.375
57217.730 19.380
57217.730 19.380
57217.738 19.319
57217.738 19.319
57217.738 19.327
57217.738 19.327
57217.738 19.327
57217.738 19.327
57217.738 19.341
57217.738 19.341
57217.738 19.345
57217.738 19.345
57217.738 19.350
57217.738 19.350
57217.738 19.351
57217.738 19.351
57217.738 19.375
57217.738 19.375
57217.738 19.380
57217.738 19.380
57221.000 19.372
57221.000 19.372
57221.000 19.380
57221.000 19.380
57221.000 19.381
57221.000 19.381
57221.000 19.392
57221.000 19.392
57221.000 19.398
57221.000 19.398
57221.000 19.402
57221.000 19.402
57221.000 19.404
57221.000 19.404
57221.000 19.428
57221.000 19.428
57221.000 19.433
57221.000 19.433
57223.173 19.407
57223.173 19.407
57223.173 19.415
57223.173 19.415
57223.173 19.417
57223.173 19.417
57223.173 19.426
57223.173 19.426
57223.173 19.433
57223.173 19.433
57223.173 19.436
57223.173 19.436
57223.173 19.439
57223.173 19.439
57223.173 19.462
57223.173 19.462
57223.173 19.467
57223.173 19.467
57228.609 19.493
57228.609 19.493
57228.609 19.502
57228.609 19.502
57228.609 19.504
57228.609 19.504
57228.609 19.509
57228.609 19.509
57228.609 19.518
57228.609 19.518
57228.609 19.521
57228.609 19.521
57228.609 19.524
57228.609 19.524
57228.609 19.547
57228.609 19.547
57228.609 19.553
57228.609 19.553
57230.350 19.521
57230.350 19.521
57230.350 19.529
57230.350 19.529
57230.350 19.532
57230.350 19.532
57230.350 19.535
57230.350 19.535
57230.350 19.545
57230.350 19.545
57230.350 19.547
57230.350 19.547
57230.350 19.552
57230.350 19.552
57230.350 19.574
57230.350 19.574
57230.350 19.580
57230.350 19.580
57232.370 19.552
57232.370 19.552
57232.370 19.560
57232.370 19.560
57232.370 19.564
57232.370 19.564
57232.370 19.566
57232.370 19.566
57232.370 19.577
57232.370 19.577
57232.370 19.578
57232.370 19.578
57232.370 19.583
57232.370 19.583
57232.370 19.605
57232.370 19.605
57232.370 19.611
57232.370 19.611
57234.045 19.578
57234.045 19.578
57234.045 19.586
57234.045 19.586
57234.045 19.590
57234.045 19.590
57234.045 19.591
57234.045 19.591
57234.045 19.602
57234.045 19.602
57234.045 19.604
57234.045 19.604
57234.045 19.609
57234.045 19.609
57234.045 19.631
57234.045 19.631
57234.045 19.637
57234.045 19.637
57236.710 19.619
57236.710 19.619
57236.710 19.627
57236.710 19.627
57236.710 19.630
57236.710 19.630
57236.710 19.631
57236.710 19.631
57236.710 19.643
57236.710 19.643
57236.710 19.644
57236.710 19.644
57236.710 19.649
57236.710 19.649
57236.710 19.671
57236.710 19.671
57236.710 19.677
57236.710 19.677
57239.481 19.661
57239.481 19.661
57239.481 19.669
57239.481 19.669
57239.481 19.671
57239.481 19.671
57239.481 19.674
57239.481 19.674
57239.481 19.685
57239.481 19.685
57239.481 19.685
57239.481 19.685
57239.481 19.691
57239.481 19.691
57239.481 19.713
57239.481 19.713
57239.481 19.719
57239.481 19.719
57244.916 19.742
57244.916 19.742
57244.916 19.750
57244.916 19.750
57244.916 19.750
57244.916 19.750
57244.916 19.756
57244.916 19.756
57244.916 19.765
57244.916 19.765
57244.916 19.766
57244.916 19.766
57244.916 19.772
57244.916 19.772
57244.916 19.794
57244.916 19.794
57244.916 19.800
57244.916 19.800
57250.352 19.822
57250.352 19.822
57250.352 19.828
57250.352 19.828
57250.352 19.830
57250.352 19.830
57250.352 19.837
57250.352 19.837
57250.352 19.844
57250.352 19.844
57250.352 19.845
57250.352 19.845
57250.352 19.852
57250.352 19.852
57250.352 19.873
57250.352 19.873
57250.352 19.879
57250.352 19.879
57255.788 19.900
57255.788 19.900
57255.788 19.904
57255.788 19.904
57255.788 19.908
57255.788 19.908
57255.788 19.916
57255.788 19.916
57255.788 19.921
57255.788 19.921
57255.788 19.923
57255.788 19.923
57255.788 19.930
57255.788 19.930
57255.788 19.950
57255.788 19.950
57255.788 19.957
57255.788 19.957
57261.224 19.977
57261.224 19.977
57261.224 19.979
57261.224 19.979
57261.224 19.985
57261.224 19.985
57261.224 19.994
57261.224 19.994
57261.224 19.997
57261.224 19.997
57261.224 20.000
57261.224 20.000
57261.224 20.006
57261.224 20.006
57261.224 20.027
57261.224 20.027
57261.224 20.034
57261.224 20.034
57266.659 20.053
57266.659 20.053
57266.659 20.053
57266.659 20.053
57266.659 20.061
57266.659 20.061
57266.659 20.070
57266.659 20.070
57266.659 20.072
57266.659 20.072
57266.659 20.075
57266.659 20.075
57266.659 20.082
57266.659 20.082
57266.659 20.102
57266.659 20.102
57266.659 20.109
57266.659 20.109
57272.095 20.126
57272.095 20.126
57272.095 20.127
57272.095 20.127
57272.095 20.135
57272.095 20.135
57272.095 20.145
57272.095 20.145
57272.095 20.146
57272.095 20.146
57272.095 20.149
57272.095 20.149
57272.095 20.156
57272.095 20.156
57272.095 20.176
57272.095 20.176
57272.095 20.183
57272.095 20.183
57277.531 20.197
57277.531 20.197
57277.531 20.200
57277.531 20.200
57277.531 20.209
57277.531 20.209
57277.531 20.218
57277.531 20.218
57277.531 20.219
57277.531 20.219
57277.531 20.222
57277.531 20.222
57277.531 20.229
57277.531 20.229
57277.531 20.249
57277.531 20.249
57277.531 20.256
57277.531 20.256
57282.967 20.268
57282.967 20.268
57282.967 20.272
57282.967 20.272
57282.967 20.281
57282.967 20.281
57282.967 20.289
57282.967 20.289
57282.967 20.291
57282.967 20.291
57282.967 20.294
57282.967 20.294
57282.967 20.301
57282.967 20.301
57282.967 20.320
57282.967 20.320
57282.967 20.328
57282.967 20.328
57288.402 20.337
57288.402 20.337
57288.402 20.342
57288.402 20.342
57288.402 20.351
57288.402 20.351
57288.402 20.360
57288.402 20.360
57288.402 20.363
57288.402 20.363
57288.402 20.365
57288.402 20.365
57288.402 20.372
57288.402 20.372
57288.402 20.391
57288.402 20.391
57288.402 20.399
57288.402 20.399
57293.838 20.406
57293.838 20.406
57293.838 20.412
57293.838 20.412
57293.838 20.421
57293.838 20.421
57293.838 20.429
57293.838 20.429
57293.838 20.433
57293.838 20.433
57293.838 20.434
57293.838 20.434
57293.838 20.442
57293.838 20.442
57293.838 20.460
57293.838 20.460
57293.838 20.469
57293.838 20.469
57299.274 20.473
57299.274 20.473
57299.274 20.480
57299.274 20.480
57299.274 20.490
57299.274 20.490
57299.274 20.497
57299.274 20.497
57299.274 20.502
57299.274 20.502
57299.274 20.503
57299.274 20.503
57299.274 20.510
57299.274 20.510
57299.274 20.529
57299.274 20.529
57299.274 20.537
57299.274 20.537
57304.710 20.539
57304.710 20.539
57304.710 20.548
57304.710 20.548
57304.710 20.557
57304.710 20.557
57304.710 20.564
57304.710 20.564
57304.710 20.570
57304.710 20.570
57304.710 20.570
57304.710 20.570
57304.710 20.578
57304.710 20.578
57304.710 20.596
57304.710 20.596
57304.710 20.605
57304.710 20.605
57310.145 20.605
57310.145 20.605
57310.145 20.614
57310.145 20.614
57310.145 20.624
57310.145 20.624
57310.145 20.630
57310.145 20.630
57310.145 20.637
57310.145 20.637
57310.145 20.637
57310.145 20.637
57310.145 20.645
57310.145 20.645
57310.145 20.663
57310.145 20.663
57310.145 20.672
57310.145 20.672
57315.581 20.669
57315.581 20.669
57315.581 20.680
57315.581 20.680
57315.581 20.690
57315.581 20.690
57315.581 20.695
57315.581 20.695
57315.581 20.702
57315.581 20.702
57315.581 20.703
57315.581 20.703
57315.581 20.710
57315.581 20.710
57315.581 20.728
57315.581 20.728
57315.581 20.738
57315.581 20.738
57321.017 20.733
57321.017 20.733
57321.017 20.744
57321.017 20.744
57321.017 20.755
57321.017 20.755
57321.017 20.759
57321.017 20.759
57321.017 20.767
57321.017 20.767
57321.017 20.767
57321.017 20.767
57321.017 20.775
57321.017 20.775
57321.017 20.793
57321.017 20.793
57321.017 20.803
57321.017 20.803
57326.453 20.795
57326.453 20.795
57326.453 20.808
57326.453 20.808
57326.453 20.818
57326.453 20.818
57326.453 20.823
57326.453 20.823
57326.453 20.831
57326.453 20.831
57326.453 20.831
57326.453 20.831
57326.453 20.839
57326.453 20.839
57326.453 20.856
57326.453 20.856
57326.453 20.867
57326.453 20.867
57330.722 20.844
57330.722 20.844
57330.722 20.857
57330.722 20.857
57330.722 20.868
57330.722 20.868
57330.722 20.872
57330.722 20.872
57330.722 20.880
57330.722 20.880
57330.722 20.881
57330.722 20.881
57330.722 20.889
57330.722 20.889
57330.722 20.906
57330.722 20.906
57330.722 20.916
57330.722 20.916
57331.888 20.857
57331.888 20.857
57331.888 20.871
57331.888 20.871
57331.888 20.881
57331.888 20.881
57331.888 20.885
57331.888 20.885
57331.888 20.894
57331.888 20.894
57331.888 20.895
57331.888 20.895
57331.888 20.902
57331.888 20.902
57331.888 20.919
57331.888 20.919
57331.888 20.930
57331.888 20.930
57335.787 20.901
57335.787 20.901
57335.787 20.915
57335.787 20.915
57335.787 20.926
57335.787 20.926
57335.787 20.930
57335.787 20.930
57335.787 20.938
57335.787 20.938
57335.787 20.939
57335.787 20.939
57335.787 20.947
57335.787 20.947
57335.787 20.964
57335.787 20.964
57335.787 20.974
57335.787 20.974
57337.324 20.918
57337.324 20.918
57337.324 20.933
57337.324 20.933
57337.324 20.943
57337.324 20.943
57337.324 20.947
57337.324 20.947
57337.324 20.956
57337.324 20.956
57337.324 20.957
57337.324 20.957
57337.324 20.964
57337.324 20.964
57337.324 20.981
57337.324 20.981
57337.324 20.992
57337.324 20.992
57342.760 20.979
57342.760 20.979
57342.760 20.994
57342.760 20.994
57342.760 21.005
57342.760 21.005
57342.760 21.008
57342.760 21.008
57342.760 21.017
57342.760 21.017
57342.760 21.018
57342.760 21.018
57342.760 21.025
57342.760 21.025
57342.760 21.042
57342.760 21.042
57342.760 21.053
57342.760 21.053
57348.196 21.038
57348.196 21.038
57348.196 21.054
57348.196 21.054
57348.196 21.065
57348.196 21.065
57348.196 21.068
57348.196 21.068
57348.196 21.077
57348.196 21.077
57348.196 21.079
57348.196 21.079
57348.196 21.086
57348.196 21.086
57348.196 21.103
57348.196 21.103
57348.196 21.114
57348.196 21.114
57353.632 21.097
57353.632 21.097
57353.632 21.113
57353.632 21.113
57353.632 21.124
57353.632 21.124
57353.632 21.127
57353.632 21.127
57353.632 21.137
57353.632 21.137
57353.632 21.138
57353.632 21.138
57353.632 21.146
57353.632 21.146
57353.632 21.162
57353.632 21.162
57353.632 21.174
57353.632 21.174
57359.067 21.154
57359.067 21.154
57359.067 21.172
57359.067 21.172
57359.067 21.183
57359.067 21.183
57359.067 21.186
57359.067 21.186
57359.067 21.195
57359.067 21.195
57359.067 21.197
57359.067 21.197
57359.067 21.205
57359.067 21.205
57359.067 21.221
57359.067 21.221
57359.067 21.233
57359.067 21.233
57364.503 21.212
57364.503 21.212
57364.503 21.230
57364.503 21.230
57364.503 21.241
57364.503 21.241
57364.503 21.243
57364.503 21.243
57364.503 21.253
57364.503 21.253
57364.503 21.256
57364.503 21.256
57364.503 21.263
57364.503 21.263
57364.503 21.279
57364.503 21.279
57364.503 21.291
57364.503 21.291
57369.939 21.268
57369.939 21.268
57369.939 21.287
57369.939 21.287
57369.939 21.299
57369.939 21.299
57369.939 21.300
57369.939 21.300
57369.939 21.311
57369.939 21.311
57369.939 21.313
57369.939 21.313
57369.939 21.320
57369.939 21.320
57369.939 21.336
57369.939 21.336
57369.939 21.349
57369.939 21.349
57373.330 21.303
57373.330 21.303
57373.330 21.322
57373.330 21.322
57373.330 21.334
57373.330 21.334
57373.330 21.336
57373.330 21.336
57373.330 21.346
57373.330 21.346
57373.330 21.348
57373.330 21.348
57373.330 21.356
57373.330 21.356
57373.330 21.372
57373.330 21.372
57373.330 21.384
57373.330 21.384
57375.375 21.324
57375.375 21.324
57375.375 21.343
57375.375 21.343
57375.375 21.355
57375.375 21.355
57375.375 21.357
57375.375 21.357
57375.375 21.367
57375.375 21.367
57375.375 21.370
57375.375 21.370
57375.375 21.377
57375.375 21.377
57375.375 21.393
57375.375 21.393
57375.375 21.406
57375.375 21.406
57378.080 21.351
57378.080 21.351
57378.080 21.371
57378.080 21.371
57378.080 21.383
57378.080 21.383
57378.080 21.384
57378.080 21.384
57378.080 21.395
57378.080 21.395
57378.080 21.398
57378.080 21.398
57378.080 21.405
57378.080 21.405
57378.080 21.421
57378.080 21.421
57378.080 21.434
57378.080 21.434
57379.200 21.363
57379.200 21.363
57379.200 21.383
57379.200 21.383
57379.200 21.395
57379.200 21.395
57379.200 21.396
57379.200 21.396
57379.200 21.407
57379.200 21.407
57379.200 21.409
57379.200 21.409
57379.200 21.416
57379.200 21.416
57379.200 21.432
57379.200 21.432
57379.200 21.445
57379.200 21.445
57380.810 21.379
57380.810 21.379
57380.810 21.399
57380.810 21.399
57380.810 21.411
57380.810 21.411
57380.810 21.412
57380.810 21.412
57380.810 21.423
57380.810 21.423
57380.810 21.426
57380.810 21.426
57380.810 21.433
57380.810 21.433
57380.810 21.449
57380.810 21.449
57380.810 21.462
57380.810 21.462
57386.246 21.433
57386.246 21.433
57386.246 21.454
57386.246 21.454
57386.246 21.466
57386.246 21.466
57386.246 21.467
57386.246 21.467
57386.246 21.479
57386.246 21.479
57386.246 21.481
57386.246 21.481
57386.246 21.488
57386.246 21.488
57386.246 21.504
57386.246 21.504
57386.246 21.517
57386.246 21.517
57391.682 21.487
57391.682 21.487
57391.682 21.508
57391.682 21.508
57391.682 21.521
57391.682 21.521
57391.682 21.521
57391.682 21.521
57391.682 21.533
57391.682 21.533
57391.682 21.536
57391.682 21.536
57391.682 21.543
57391.682 21.543
57391.682 21.558
57391.682 21.558
57391.682 21.572
57391.682 21.572
57397.118 21.540
57397.118 21.540
57397.118 21.562
57397.118 21.562
57397.118 21.575
57397.118 21.575
57397.118 21.575
57397.118 21.575
57397.118 21.587
57397.118 21.587
57397.118 21.590
57397.118 21.590
57397.118 21.597
57397.118 21.597
57397.118 21.612
57397.118 21.612
57397.118 21.626
57397.118 21.626
57401.580 21.583
57401.580 21.583
57401.580 21.606
57401.580 21.606
57401.580 21.618
57401.580 21.618
57401.580 21.619
57401.580 21.619
57401.580 21.631
57401.580 21.631
57401.580 21.633
57401.580 21.633
57401.580 21.641
57401.580 21.641
57401.580 21.656
57401.580 21.656
57401.580 21.670
57401.580 21.670
57402.553 21.593
57402.553 21.593
57402.553 21.615
57402.553 21.615
57402.553 21.628
57402.553 21.628
57402.553 21.628
57402.553 21.628
57402.553 21.640
57402.553 21.640
57402.553 21.643
57402.553 21.643
57402.553 21.650
57402.553 21.650
57402.553 21.665
57402.553 21.665
57402.553 21.680
57402.553 21.680
57403.500 21.602
57403.500 21.602
57403.500 21.624
57403.500 21.624
57403.500 21.637
57403.500 21.637
57403.500 21.637
57403.500 21.637
57403.500 21.649
57403.500 21.649
57403.500 21.652
57403.500 21.652
57403.500 21.659
57403.500 21.659
57403.500 21.675
57403.500 21.675
57403.500 21.689
57403.500 21.689
57404.300 21.609
57404.300 21.609
57404.300 21.632
57404.300 21.632
57404.300 21.645
57404.300 21.645
57404.300 21.645
57404.300 21.645
57404.300 21.657
57404.300 21.657
57404.300 21.660
57404.300 21.660
57404.300 21.667
57404.300 21.667
57404.300 21.682
57404.300 21.682
57404.300 21.697
57404.300 21.697
57407.989 21.644
57407.989 21.644
57407.989 21.668
57407.989 21.668
57407.989 21.680
57407.989 21.680
57407.989 21.681
57407.989 21.681
57407.989 21.693
57407.989 21.693
57407.989 21.696
57407.989 21.696
57407.989 21.703
57407.989 21.703
57407.989 21.718
57407.989 21.718
57407.989 21.733
57407.989 21.733
57409.470 21.659
57409.470 21.659
57409.470 21.682
57409.470 21.682
57409.470 21.695
57409.470 21.695
57409.470 21.695
57409.470 21.695
57409.470 21.707
57409.470 21.707
57409.470 21.710
57409.470 21.710
57409.470 21.717
57409.470 21.717
57409.470 21.732
57409.470 21.732
57409.470 21.747
57409.470 21.747
57413.425 21.696
57413.425 21.696
57413.425 21.720
57413.425 21.720
57413.425 21.732
57413.425 21.732
57413.425 21.733
57413.425 21.733
57413.425 21.745
57413.425 21.745
57413.425 21.748
57413.425 21.748
57413.425 21.755
57413.425 21.755
57413.425 21.770
57413.425 21.770
57413.425 21.785
57413.425 21.785
57418.861 21.746
57418.861 21.746
57418.861 21.771
57418.861 21.771
57418.861 21.783
57418.861 21.783
57418.861 21.784
57418.861 21.784
57418.861 21.796
57418.861 21.796
57418.861 21.799
57418.861 21.799
57418.861 21.806
57418.861 21.806
57418.861 21.821
57418.861 21.821
57418.861 21.837
57418.861 21.837
57423.220 21.787
57423.220 21.787
57423.220 21.812
57423.220 21.812
57423.220 21.824
57423.220 21.824
57423.220 21.825
57423.220 21.825
57423.220 21.837
57423.220 21.837
57423.220 21.840
57423.220 21.840
57423.220 21.847
57423.220 21.847
57423.220 21.862
57423.220 21.862
57423.220 21.878
57423.220 21.878
57423.520 21.789
57423.520 21.789
57423.520 21.814
57423.520 21.814
57423.520 21.827
57423.520 21.827
57423.520 21.828
57423.520 21.828
57423.520 21.840
57423.520 21.840
57423.520 21.843
57423.520 21.843
57423.520 21.850
57423.520 21.850
57423.520 21.865
57423.520 21.865
57423.520 21.880
57423.520 21.880
57424.296 21.797
57424.296 21.797
57424.296 21.822
57424.296 21.822
57424.296 21.834
57424.296 21.834
57424.296 21.835
57424.296 21.835
57424.296 21.847
57424.296 21.847
57424.296 21.850
57424.296 21.850
57424.296 21.857
57424.296 21.857
57424.296 21.872
57424.296 21.872
57424.296 21.888
57424.296 21.888
57425.630 21.809
57425.630 21.809
57425.630 21.834
57425.630 21.834
57425.630 21.846
57425.630 21.846
57425.630 21.847
57425.630 21.847
57425.630 21.860
57425.630 21.860
57425.630 21.862
57425.630 21.862
57425.630 21.870
57425.630 21.870
57425.630 21.885
57425.630 21.885
57425.630 21.900
57425.630 21.900
57429.732 21.846
57429.732 21.846
57429.732 21.872
57429.732 21.872
57429.732 21.884
57429.732 21.884
57429.732 21.885
57429.732 21.885
57429.732 21.898
57429.732 21.898
57429.732 21.900
57429.732 21.900
57429.732 21.908
57429.732 21.908
57429.732 21.922
57429.732 21.922
57429.732 21.938
57429.732 21.938
57433.210 21.878
57433.210 21.878
57433.210 21.903
57433.210 21.903
57433.210 21.916
57433.210 21.916
57433.210 21.917
57433.210 21.917
57433.210 21.929
57433.210 21.929
57433.210 21.932
57433.210 21.932
57433.210 21.940
57433.210 21.940
57433.210 21.954
57433.210 21.954
57433.210 21.970
57433.210 21.970
57433.550 21.881
57433.550 21.881
57433.550 21.906
57433.550 21.906
57433.550 21.919
57433.550 21.919
57433.550 21.920
57433.550 21.920
57433.550 21.933
57433.550 21.933
57433.550 21.935
57433.550 21.935
57433.550 21.943
57433.550 21.943
57433.550 21.957
57433.550 21.957
57433.550 21.973
57433.550 21.973
57435.168 21.895
57435.168 21.895
57435.168 21.921
57435.168 21.921
57435.168 21.934
57435.168 21.934
57435.168 21.935
57435.168 21.935
57435.168 21.947
57435.168 21.947
57435.168 21.950
57435.168 21.950
57435.168 21.958
57435.168 21.958
57435.168 21.972
57435.168 21.972
57435.168 21.988
57435.168 21.988
57437.720 21.918
57437.720 21.918
57437.720 21.944
57437.720 21.944
57437.720 21.957
57437.720 21.957
57437.720 21.958
57437.720 21.958
57437.720 21.971
57437.720 21.971
57437.720 21.973
57437.720 21.973
57437.720 21.981
57437.720 21.981
57437.720 21.995
57437.720 21.995
57437.720 22.012
57437.720 22.012
57440.604 21.944
57440.604 21.944
57440.604 21.970
57440.604 21.970
57440.604 21.983
57440.604 21.983
57440.604 21.984
57440.604 21.984
57440.604 21.997
57440.604 21.997
57440.604 21.999
57440.604 21.999
57440.604 22.007
57440.604 22.007
57440.604 22.021
57440.604 22.021
57440.604 22.038
57440.604 22.038
57444.240 21.976
57444.240 21.976
57444.240 22.003
57444.240 22.003
57444.240 22.015
57444.240 22.015
57444.240 22.016
57444.240 22.016
57444.240 22.029
57444.240 22.029
57444.240 22.032
57444.240 22.032
57444.240 22.040
57444.240 22.040
57444.240 22.054
57444.240 22.054
57444.240 22.070
57444.240 22.070
57446.039 21.992
57446.039 21.992
57446.039 22.019
57446.039 22.019
57446.039 22.031
57446.039 22.031
57446.039 22.032
57446.039 22.032
57446.039 22.045
57446.039 22.045
57446.039 22.048
57446.039 22.048
57446.039 22.056
57446.039 22.056
57446.039 22.070
57446.039 22.070
57446.039 22.087
57446.039 22.087
57450.520 22.031
57450.520 22.031
57450.520 22.058
57450.520 22.058
57450.520 22.070
57450.520 22.070
57450.520 22.072
57450.520 22.072
57450.520 22.085
57450.520 22.085
57450.520 22.088
57450.520 22.088
57450.520 22.095
57450.520 22.095
57450.520 22.110
57450.520 22.110
57450.520 22.126
57450.520 22.126
57451.475 22.039
57451.475 22.039
57451.475 22.067
57451.475 22.067
57451.475 22.079
57451.475 22.079
57451.475 22.080
57451.475 22.080
57451.475 22.093
57451.475 22.093
57451.475 22.096
57451.475 22.096
57451.475 22.104
57451.475 22.104
57451.475 22.118
57451.475 22.118
57451.475 22.135
57451.475 22.135
57456.270 22.080
57456.270 22.080
57456.270 22.108
57456.270 22.108
57456.270 22.121
57456.270 22.121
57456.270 22.122
57456.270 22.122
57456.270 22.135
57456.270 22.135
57456.270 22.138
57456.270 22.138
57456.270 22.146
57456.270 22.146
57456.270 22.160
57456.270 22.160
57456.270 22.177
57456.270 22.177
57456.911 22.086
57456.911 22.086
57456.911 22.114
57456.911 22.114
57456.911 22.126
57456.911 22.126
57456.911 22.128
57456.911 22.128
57456.911 22.141
57456.911 22.141
57456.911 22.144
57456.911 22.144
57456.911 22.151
57456.911 22.151
57456.911 22.166
57456.911 22.166
57456.911 22.183
57456.911 22.183
57458.570 22.100
57458.570 22.100
57458.570 22.128
57458.570 22.128
57458.570 22.141
57458.570 22.141
57458.570 22.142
57458.570 22.142
57458.570 22.155
57458.570 22.155
57458.570 22.158
57458.570 22.158
57458.570 22.166
57458.570 22.166
57458.570 22.180
57458.570 22.180
57458.570 22.197
57458.570 22.197
57462.347 22.132
57462.347 22.132
57462.347 22.161
57462.347 22.161
57462.347 22.173
57462.347 22.173
57462.347 22.175
57462.347 22.175
57462.347 22.188
57462.347 22.188
57462.347 22.191
57462.347 22.191
57462.347 22.199
57462.347 22.199
57462.347 22.213
57462.347 22.213
57462.347 22.230
57462.347 22.230
57465.530 22.159
57465.530 22.159
57465.530 22.188
57465.530 22.188
57465.530 22.200
57465.530 22.200
57465.530 22.202
57465.530 22.202
57465.530 22.215
57465.530 22.215
57465.530 22.218
57465.530 22.218
57465.530 22.226
57465.530 22.226
57465.530 22.240
57465.530 22.240
57465.530 22.258
57465.530 22.258
57467.782 22.178
57467.782 22.178
57467.782 22.207
57467.782 22.207
57467.782 22.220
57467.782 22.220
57467.782 22.222
57467.782 22.222
57467.782 22.235
57467.782 22.235
57467.782 22.238
57467.782 22.238
57467.782 22.245
57467.782 22.245
57467.782 22.259
57467.782 22.259
57467.782 22.277
57467.782 22.277
57473.218 22.224
57473.218 22.224
57473.218 22.253
57473.218 22.253
57473.218 22.265
57473.218 22.265
57473.218 22.268
57473.218 22.268
57473.218 22.281
57473.218 22.281
57473.218 22.284
57473.218 22.284
57473.218 22.292
57473.218 22.292
57473.218 22.305
57473.218 22.305
57473.218 22.323
57473.218 22.323
57478.654 22.269
57478.654 22.269
57478.654 22.299
57478.654 22.299
57478.654 22.311
57478.654 22.311
57478.654 22.313
57478.654 22.313
57478.654 22.327
57478.654 22.327
57478.654 22.329
57478.654 22.329
57478.654 22.337
57478.654 22.337
57478.654 22.351
57478.654 22.351
57478.654 22.369
57478.654 22.369
57484.090 22.313
57484.090 22.313
57484.090 22.344
57484.090 22.344
57484.090 22.356
57484.090 22.356
57484.090 22.358
57484.090 22.358
57484.090 22.372
57484.090 22.372
57484.090 22.375
57484.090 22.375
57484.090 22.382
57484.090 22.382
57484.090 22.396
57484.090 22.396
57484.090 22.414
57484.090 22.414
57488.150 22.346
57488.150 22.346
57488.150 22.377
57488.150 22.377
57488.150 22.389
57488.150 22.389
57488.150 22.392
57488.150 22.392
57488.150 22.405
57488.150 22.405
57488.150 22.408
57488.150 22.408
57488.150 22.416
57488.150 22.416
57488.150 22.430
57488.150 22.430
57488.150 22.448
57488.150 22.448
57489.525 22.358
57489.525 22.358
57489.525 22.388
57489.525 22.388
57489.525 22.400
57489.525 22.400
57489.525 22.403
57489.525 22.403
57489.525 22.416
57489.525 22.416
57489.525 22.419
57489.525 22.419
57489.525 22.427
57489.525 22.427
57489.525 22.441
57489.525 22.441
57489.525 22.459
57489.525 22.459
57492.140 22.379
57492.140 22.379
57492.140 22.410
57492.140 22.410
57492.140 22.422
57492.140 22.422
57492.140 22.424
57492.140 22.424
57492.140 22.438
57492.140 22.438
57492.140 22.441
57492.140 22.441
57492.140 22.449
57492.140 22.449
57492.140 22.462
57492.140 22.462
57492.140 22.481
57492.140 22.481
57494.961 22.401
57494.961 22.401
57494.961 22.433
57494.961 22.433
57494.961 22.444
57494.961 22.444
57494.961 22.447
57494.961 22.447
57494.961 22.461
57494.961 22.461
57494.961 22.464
57494.961 22.464
57494.961 22.472
57494.961 22.472
57494.961 22.485
57494.961 22.485
57494.961 22.504
57494.961 22.504
57500.397 22.445
57500.397 22.445
57500.397 22.476
57500.397 22.476
57500.397 22.488
57500.397 22.488
57500.397 22.491
57500.397 22.491
57500.397 22.505
57500.397 22.505
57500.397 22.507
57500.397 22.507
57500.397 22.516
57500.397 22.516
57500.397 22.529
57500.397 22.529
57500.397 22.548
57500.397 22.548
57505.833 22.487
57505.833 22.487
57505.833 22.520
57505.833 22.520
57505.833 22.531
57505.833 22.531
57505.833 22.534
57505.833 22.534
57505.833 22.548
57505.833 22.548
57505.833 22.551
57505.833 22.551
57505.833 22.559
57505.833 22.559
57505.833 22.572
57505.833 22.572
57505.833 22.592
57505.833 22.592
57511.268 22.530
57511.268 22.530
57511.268 22.562
57511.268 22.562
57511.268 22.574
57511.268 22.574
57511.268 22.577
57511.268 22.577
57511.268 22.591
57511.268 22.591
57511.268 22.594
57511.268 22.594
57511.268 22.602
57511.268 22.602
57511.268 22.615
57511.268 22.615
57511.268 22.635
57511.268 22.635
57516.704 22.572
57516.704 22.572
57516.704 22.605
57516.704 22.605
57516.704 22.617
57516.704 22.617
57516.704 22.620
57516.704 22.620
57516.704 22.634
57516.704 22.634
57516.704 22.636
57516.704 22.636
57516.704 22.645
57516.704 22.645
57516.704 22.658
57516.704 22.658
57516.704 22.678
57516.704 22.678
57522.140 22.614
57522.140 22.614
57522.140 22.647
57522.140 22.647
57522.140 22.659
57522.140 22.659
57522.140 22.662
57522.140 22.662
57522.140 22.676
57522.140 22.676
57522.140 22.679
57522.140 22.679
57522.140 22.687
57522.140 22.687
57522.140 22.700
57522.140 22.700
57522.140 22.720
57522.140 22.720
