57092.170 16.640
57102.170 16.650
57110.180 16.610
57122.130 16.710
57140.100 16.850
57171.900 17.180
57205.700 17.480
57404.300 19.470
57433.210 20.030
57492.140 20.830
56984.000 52.500
56984.000 52.500
56984.000 52.841
56984.000 52.841
56984.000 52.858
56984.000 52.858
56984.000 52.969
56984.000 52.969
56984.000 52.988
56984.000 52.988
56984.000 53.017
56984.000 53.017
56984.000 53.020
56984.000 53.020
56984.000 53.043
56984.000 53.043
56984.000 53.245
56984.000 53.245
56989.436 52.500
56989.436 52.500
56989.436 52.841
56989.436 52.841
56989.436 52.858
56989.436 52.858
56989.436 52.969
56989.436 52.969
56989.436 52.988
56989.436 52.988
56989.436 53.017
56989.436 53.017
56989.436 53.020
56989.436 53.020
56989.436 53.043
56989.436 53.043
56989.436 53.245
56989.436 53.245
56994.872 52.500
56994.872 52.500
56994.872 52.841
56994.872 52.841
56994.872 52.858
56994.872 52.858
56994.872 52.969
56994.872 52.969
56994.872 52.988
56994.872 52.988
56994.872 53.017
56994.872 53.017
56994.872 53.020
56994.872 53.020
56994.872 53.043
56994.872 53.043
56994.872 53.245
56994.872 53.245
57000.307 22.067
57000.307 22.067
57000.307 22.157
57000.307 22.157
57000.307 22.263
57000.307 22.263
57000.307 24.489
57000.307 24.489
57000.307 24.725
57000.307 24.725
57000.307 24.898
57000.307 24.898
57000.307 25.039
57000.307 25.039
57000.307 53.017
57000.307 53.017
57000.307 53.245
57000.307 53.245
57005.743 20.526
57005.743 20.526
57005.743 20.546
57005.743 20.546
57005.743 20.561
57005.743 20.561
57005.743 21.216
57005.743 21.216
57005.743 21.266
57005.743 21.266
57005.743 21.303
57005.743 21.303
57005.743 21.326
57005.743 21.326
57005.743 21.798
57005.743 21.798
57005.743 22.051
57005.743 22.051
57011.179 19.643
57011.179 19.643
57011.179 19.678
57011.179 19.678
57011.179 19.692
57011.179 19.692
57011.179 19.972
57011.179 19.972
57011.179 20.072
57011.179 20.072
57011.179 20.073
57011.179 20.073
57011.179 20.117
57011.179 20.117
57011.179 20.341
57011.179 20.341
57011.179 20.521
57011.179 20.521
57014.000 19.304
57014.000 19.304
57014.000 19.355
57014.000 19.355
57014.000 19.363
57014.000 19.363
57014.000 19.549
57014.000 19.549
57014.000 19.651
57014.000 19.651
57014.000 19.656
57014.000 19.656
57014.000 19.699
57014.000 19.699
57014.000 19.868
57014.000 19.868
57014.000 20.030
57014.000 20.030
57014.070 19.297
57014.070 19.297
57014.070 19.347
57014.070 19.347
57014.070 19.355
57014.070 19.355
57014.070 19.540
57014.070 19.540
57014.070 19.641
57014.070 19.641
57014.070 19.647
57014.070 19.647
57014.070 19.690
57014.070 19.690
57014.070 19.858
57014.070 19.858
57014.070 20.019
57014.070 20.019
57016.615 19.039
57016.615 19.039
57016.615 19.100
57016.615 19.100
57016.615 19.103
57016.615 19.103
57016.615 19.229
57016.615 19.229
57016.615 19.330
57016.615 19.330
57016.615 19.340
57016.615 19.340
57016.615 19.382
57016.615 19.382
57016.615 19.515
57016.615 19.515
57016.615 19.664
57016.615 19.664
57022.050 18.590
57022.050 18.590
57022.050 18.662
57022.050 18.662
57022.050 18.667
57022.050 18.667
57022.050 18.707
57022.050 18.707
57022.050 18.805
57022.050 18.805
57022.050 18.818
57022.050 18.818
57022.050 18.861
57022.050 18.861
57022.050 18.946
57022.050 18.946
57022.050 19.075
57022.050 19.075
57027.486 18.238
57027.486 18.238
57027.486 18.312
57027.486 18.312
57027.486 18.315
57027.486 18.315
57027.486 18.325
57027.486 18.325
57027.486 18.405
57027.486 18.405
57027.486 18.419
57027.486 18.419
57027.486 18.463
57027.486 18.463
57027.486 18.518
57027.486 18.518
57027.486 18.632
57027.486 18.632
57032.922 17.952
57032.922 17.952
57032.922 17.998
57032.922 17.998
57032.922 18.031
57032.922 18.031
57032.922 18.046
57032.922 18.046
57032.922 18.086
57032.922 18.086
57032.922 18.100
57032.922 18.100
57032.922 18.145
57032.922 18.145
57032.922 18.179
57032.922 18.179
57032.922 18.282
57032.922 18.282
57033.490 17.925
57033.490 17.925
57033.490 17.968
57033.490 17.968
57033.490 18.004
57033.490 18.004
57033.490 18.020
57033.490 18.020
57033.490 18.057
57033.490 18.057
57033.490 18.070
57033.490 18.070
57033.490 18.115
57033.490 18.115
57033.490 18.147
57033.490 18.147
57033.490 18.249
57033.490 18.249
57038.358 17.714
57038.358 17.714
57038.358 17.741
57038.358 17.741
57038.358 17.794
57038.358 17.794
57038.358 17.812
57038.358 17.812
57038.358 17.824
57038.358 17.824
57038.358 17.837
57038.358 17.837
57038.358 17.883
57038.358 17.883
57038.358 17.901
57038.358 17.901
57038.358 17.995
57038.358 17.995
57042.030 17.575
57042.030 17.575
57042.030 17.592
57042.030 17.592
57042.030 17.655
57042.030 17.655
57042.030 17.672
57042.030 17.672
57042.030 17.675
57042.030 17.675
57042.030 17.684
57042.030 17.684
57042.030 17.730
57042.030 17.730
57042.030 17.741
57042.030 17.741
57042.030 17.828
57042.030 17.828
57043.793 17.513
57043.793 17.513
57043.793 17.527
57043.793 17.527
57043.793 17.593
57043.793 17.593
57043.793 17.605
57043.793 17.605
57043.793 17.614
57043.793 17.614
57043.793 17.616
57043.793 17.616
57043.793 17.663
57043.793 17.663
57043.793 17.670
57043.793 17.670
57043.793 17.755
57043.793 17.755
57048.700 17.357
57048.700 17.357
57048.700 17.362
57048.700 17.362
57048.700 17.435
57048.700 17.435
57048.700 17.436
57048.700 17.436
57048.700 17.445
57048.700 17.445
57048.700 17.458
57048.700 17.458
57048.700 17.492
57048.700 17.492
57048.700 17.493
57048.700 17.493
57048.700 17.570
57048.700 17.570
57049.229 17.341
57049.229 17.341
57049.229 17.346
57049.229 17.346
57049.229 17.418
57049.229 17.418
57049.229 17.420
57049.229 17.420
57049.229 17.428
57049.229 17.428
57049.229 17.443
57049.229 17.443
57049.229 17.474
57049.229 17.474
57049.229 17.476
57049.229 17.476
57049.229 17.552
57049.229 17.552
57049.700 17.327
57049.700 17.327
57049.700 17.332
57049.700 17.332
57049.700 17.404
57049.700 17.404
57049.700 17.406
57049.700 17.406
57049.700 17.413
57049.700 17.413
57049.700 17.429
57049.700 17.429
57049.700 17.458
57049.700 17.458
57049.700 17.461
57049.700 17.461
57049.700 17.535
57049.700 17.535
57051.470 17.277
57051.470 17.277
57051.470 17.280
57051.470 17.280
57051.470 17.350
57051.470 17.350
57051.470 17.355
57051.470 17.355
57051.470 17.359
57051.470 17.359
57051.470 17.379
57051.470 17.379
57051.470 17.401
57051.470 17.401
57051.470 17.407
57051.470 17.407
57051.470 17.477
57051.470 17.477
57053.500 17.222
57053.500 17.222
57053.500 17.223
57053.500 17.223
57053.500 17.291
57053.500 17.291
57053.500 17.299
57053.500 17.299
57053.500 17.300
57053.500 17.300
57053.500 17.324
57053.500 17.324
57053.500 17.340
57053.500 17.340
57053.500 17.348
57053.500 17.348
57053.500 17.412
57053.500 17.412
57054.665 17.192
57054.665 17.192
57054.665 17.192
57054.665 17.192
57054.665 17.258
57054.665 17.258
57054.665 17.267
57054.665 17.267
57054.665 17.270
57054.665 17.270
57054.665 17.294
57054.665 17.294
57054.665 17.306
57054.665 17.306
57054.665 17.315
57054.665 17.315
57054.665 17.377
57054.665 17.377
57060.101 17.060
57060.101 17.060
57060.101 17.063
57060.101 17.063
57060.101 17.120
57060.101 17.120
57060.101 17.127
57060.101 17.127
57060.101 17.139
57060.101 17.139
57060.101 17.161
57060.101 17.161
57060.101 17.165
57060.101 17.165
57060.101 17.176
57060.101 17.176
57060.101 17.227
57060.101 17.227
57065.536 16.946
57065.536 16.946
57065.536 16.951
57065.536 16.951
57065.536 17.000
57065.536 17.000
57065.536 17.006
57065.536 17.006
57065.536 17.025
57065.536 17.025
57065.536 17.035
57065.536 17.035
57065.536 17.051
57065.536 17.051
57065.536 17.054
57065.536 17.054
57065.536 17.096
57065.536 17.096
57068.470 16.891
57068.470 16.891
57068.470 16.897
57068.470 16.897
57068.470 16.943
57068.470 16.943
57068.470 16.948
57068.470 16.948
57068.470 16.969
57068.470 16.969
57068.470 16.974
57068.470 16.974
57068.470 16.995
57068.470 16.995
57068.470 16.996
57068.470 16.996
57068.470 17.033
57068.470 17.033
57068.970 16.882
57068.970 16.882
57068.970 16.888
57068.970 16.888
57068.970 16.933
57068.970 16.933
57068.970 16.938
57068.970 16.938
57068.970 16.960
57068.970 16.960
57068.970 16.964
57068.970 16.964
57068.970 16.986
57068.970 16.986
57068.970 16.987
57068.970 16.987
57068.970 17.022
57068.970 17.022
57069.450 16.874
57069.450 16.874
57069.450 16.880
57069.450 16.880
57069.450 16.924
57069.450 16.924
57069.450 16.929
57069.450 16.929
57069.450 16.952
57069.450 16.952
57069.450 16.954
57069.450 16.954
57069.450 16.977
57069.450 16.977
57069.450 16.978
57069.450 16.978
57069.450 17.013
57069.450 17.013
57070.972 16.848
57070.972 16.848
57070.972 16.854
57070.972 16.854
57070.972 16.896
57070.972 16.896
57070.972 16.901
57070.972 16.901
57070.972 16.925
57070.972 16.925
57070.972 16.925
57070.972 16.925
57070.972 16.949
57070.972 16.949
57070.972 16.952
57070.972 16.952
57070.972 16.983
57070.972 16.983
57071.600 16.837
57071.600 16.837
57071.600 16.844
57071.600 16.844
57071.600 16.885
57071.600 16.885
57071.600 16.890
57071.600 16.890
57071.600 16.914
57071.600 16.914
57071.600 16.914
57071.600 16.914
57071.600 16.937
57071.600 16.937
57071.600 16.941
57071.600 16.941
57071.600 16.970
57071.600 16.970
57072.394 16.824
57072.394 16.824
57072.394 16.831
57072.394 16.831
57072.394 16.872
57072.394 16.872
57072.394 16.876
57072.394 16.876
57072.394 16.899
57072.394 16.899
57072.394 16.901
57072.394 16.901
57072.394 16.923
57072.394 16.923
57072.394 16.928
57072.394 16.928
57072.394 16.955
57072.394 16.955
57072.590 16.821
57072.590 16.821
57072.590 16.828
57072.590 16.828
57072.590 16.868
57072.590 16.868
57072.590 16.873
57072.590 16.873
57072.590 16.896
57072.590 16.896
57072.590 16.898
57072.590 16.898
57072.590 16.920
57072.590 16.920
57072.590 16.924
57072.590 16.924
57072.590 16.952
57072.590 16.952
57073.880 16.801
57073.880 16.801
57073.880 16.807
57073.880 16.807
57073.880 16.847
57073.880 16.847
57073.880 16.851
57073.880 16.851
57073.880 16.873
57073.880 16.873
57073.880 16.877
57073.880 16.877
57073.880 16.898
57073.880 16.898
57073.880 16.904
57073.880 16.904
57073.880 16.928
57073.880 16.928
57074.169 16.796
57074.169 16.796
57074.169 16.803
57074.169 16.803
57074.169 16.842
57074.169 16.842
57074.169 16.846
57074.169 16.846
57074.169 16.868
57074.169 16.868
57074.169 16.872
57074.169 16.872
57074.169 16.893
57074.169 16.893
57074.169 16.899
57074.169 16.899
57074.169 16.923
57074.169 16.923
57074.210 16.796
57074.210 16.796
57074.210 16.802
57074.210 16.802
57074.210 16.841
57074.210 16.841
57074.210 16.845
57074.210 16.845
57074.210 16.867
57074.210 16.867
57074.210 16.872
57074.210 16.872
57074.210 16.892
57074.210 16.892
57074.210 16.898
57074.210 16.898
57074.210 16.922
57074.210 16.922
57076.167 16.767
57076.167 16.767
57076.167 16.773
57076.167 16.773
57076.167 16.810
57076.167 16.810
57076.167 16.814
57076.167 16.814
57076.167 16.834
57076.167 16.834
57076.167 16.842
57076.167 16.842
57076.167 16.860
57076.167 16.860
57076.167 16.868
57076.167 16.868
57076.167 16.889
57076.167 16.889
57076.408 16.763
57076.408 16.763
57076.408 16.770
57076.408 16.770
57076.408 16.806
57076.408 16.806
57076.408 16.810
57076.408 16.810
57076.408 16.830
57076.408 16.830
57076.408 16.838
57076.408 16.838
57076.408 16.857
57076.408 16.857
57076.408 16.864
57076.408 16.864
57076.408 16.885
57076.408 16.885
57077.170 16.752
57077.170 16.752
57077.170 16.759
57077.170 16.759
57077.170 16.795
57077.170 16.795
57077.170 16.798
57077.170 16.798
57077.170 16.818
57077.170 16.818
57077.170 16.827
57077.170 16.827
57077.170 16.845
57077.170 16.845
57077.170 16.853
57077.170 16.853
57077.170 16.872
57077.170 16.872
57077.450 16.748
57077.450 16.748
57077.450 16.755
57077.450 16.755
57077.450 16.791
57077.450 16.791
57077.450 16.794
57077.450 16.794
57077.450 16.814
57077.450 16.814
57077.450 16.823
57077.450 16.823
57077.450 16.840
57077.450 16.840
57077.450 16.849
57077.450 16.849
57077.450 16.867
57077.450 16.867
57077.620 16.746
57077.620 16.746
57077.620 16.753
57077.620 16.753
57077.620 16.788
57077.620 16.788
57077.620 16.791
57077.620 16.791
57077.620 16.811
57077.620 16.811
57077.620 16.820
57077.620 16.820
57077.620 16.838
57077.620 16.838
57077.620 16.847
57077.620 16.847
57077.620 16.865
57077.620 16.865
57078.322 16.736
57078.322 16.736
57078.322 16.743
57078.322 16.743
57078.322 16.778
57078.322 16.778
57078.322 16.781
57078.322 16.781
57078.322 16.800
57078.322 16.800
57078.322 16.810
57078.322 16.810
57078.322 16.827
57078.322 16.827
57078.322 16.837
57078.322 16.837
57078.322 16.853
57078.322 16.853
57078.470 16.734
57078.470 16.734
57078.470 16.741
57078.470 16.741
57078.470 16.775
57078.470 16.775
57078.470 16.779
57078.470 16.779
57078.470 16.798
57078.470 16.798
57078.470 16.808
57078.470 16.808
57078.470 16.825
57078.470 16.825
57078.470 16.834
57078.470 16.834
57078.470 16.851
57078.470 16.851
57078.960 16.728
57078.960 16.728
57078.960 16.734
57078.960 16.734
57078.960 16.768
57078.960 16.768
57078.960 16.772
57078.960 16.772
57078.960 16.790
57078.960 16.790
57078.960 16.801
57078.960 16.801
57078.960 16.818
57078.960 16.818
57078.960 16.827
57078.960 16.827
57078.960 16.843
57078.960 16.843
57079.340 16.723
57079.340 16.723
57079.340 16.729
57079.340 16.729
57079.340 16.763
57079.340 16.763
57079.340 16.766
57079.340 16.766
57079.340 16.784
57079.340 16.784
57079.340 16.796
57079.340 16.796
57079.340 16.812
57079.340 16.812
57079.340 16.822
57079.340 16.822
57079.340 16.837
57079.340 16.837
57080.080 16.713
57080.080 16.713
57080.080 16.720
57080.080 16.720
57080.080 16.753
57080.080 16.753
57080.080 16.756
57080.080 16.756
57080.080 16.773
57080.080 16.773
57080.080 16.786
57080.080 16.786
57080.080 16.801
57080.080 16.801
57080.080 16.812
57080.080 16.812
57080.080 16.826
57080.080 16.826
57080.330 16.710
57080.330 16.710
57080.330 16.716
57080.330 16.716
57080.330 16.749
57080.330 16.749
57080.330 16.752
57080.330 16.752
57080.330 16.770
57080.330 16.770
57080.330 16.782
57080.330 16.782
57080.330 16.798
57080.330 16.798
57080.330 16.809
57080.330 16.809
57080.330 16.822
57080.330 16.822
57080.517 16.707
57080.517 16.707
57080.517 16.714
57080.517 16.714
57080.517 16.747
57080.517 16.747
57080.517 16.749
57080.517 16.749
57080.517 16.767
57080.517 16.767
57080.517 16.780
57080.517 16.780
57080.517 16.795
57080.517 16.795
57080.517 16.806
57080.517 16.806
57080.517 16.820
57080.517 16.820
57081.330 16.697
57081.330 16.697
57081.330 16.704
57081.330 16.704
57081.330 16.735
57081.330 16.735
57081.330 16.738
57081.330 16.738
57081.330 16.755
57081.330 16.755
57081.330 16.769
57081.330 16.769
57081.330 16.784
57081.330 16.784
57081.330 16.795
57081.330 16.795
57081.330 16.808
57081.330 16.808
57081.500 16.695
57081.500 16.695
57081.500 16.702
57081.500 16.702
57081.500 16.733
57081.500 16.733
57081.500 16.736
57081.500 16.736
57081.500 16.753
57081.500 16.753
57081.500 16.767
57081.500 16.767
57081.500 16.781
57081.500 16.781
57081.500 16.793
57081.500 16.793
57081.500 16.805
57081.500 16.805
57081.844 16.691
57081.844 16.691
57081.844 16.697
57081.844 16.697
57081.844 16.729
57081.844 16.729
57081.844 16.731
57081.844 16.731
57081.844 16.748
57081.844 16.748
57081.844 16.762
57081.844 16.762
57081.844 16.777
57081.844 16.777
57081.844 16.789
57081.844 16.789
57081.844 16.800
57081.844 16.800
57082.240 16.686
57082.240 16.686
57082.240 16.692
57082.240 16.692
57082.240 16.723
57082.240 16.723
57082.240 16.726
57082.240 16.726
57082.240 16.743
57082.240 16.743
57082.240 16.757
57082.240 16.757
57082.240 16.771
57082.240 16.771
57082.240 16.783
57082.240 16.783
57082.240 16.795
57082.240 16.795
57082.940 16.678
57082.940 16.678
57082.940 16.684
57082.940 16.684
57082.940 16.714
57082.940 16.714
57082.940 16.717
57082.940 16.717
57082.940 16.733
57082.940 16.733
57082.940 16.748
57082.940 16.748
57082.940 16.762
57082.940 16.762
57082.940 16.774
57082.940 16.774
57082.940 16.785
57082.940 16.785
57084.240 16.662
57084.240 16.662
57084.240 16.669
57084.240 16.669
57084.240 16.698
57084.240 16.698
57084.240 16.700
57084.240 16.700
57084.240 16.716
57084.240 16.716
57084.240 16.732
57084.240 16.732
57084.240 16.745
57084.240 16.745
57084.240 16.758
57084.240 16.758
57084.240 16.767
57084.240 16.767
57084.342 16.661
57084.342 16.661
57084.342 16.668
57084.342 16.668
57084.342 16.697
57084.342 16.697
57084.342 16.699
57084.342 16.699
57084.342 16.714
57084.342 16.714
57084.342 16.731
57084.342 16.731
57084.342 16.744
57084.342 16.744
57084.342 16.757
57084.342 16.757
57084.342 16.766
57084.342 16.766
57085.220 16.651
57085.220 16.651
57085.220 16.658
57085.220 16.658
57085.220 16.686
57085.220 16.686
57085.220 16.688
57085.220 16.688
57085.220 16.703
57085.220 16.703
57085.220 16.721
57085.220 16.721
57085.220 16.733
57085.220 16.733
57085.220 16.746
57085.220 16.746
57085.220 16.754
57085.220 16.754
57085.260 16.651
57085.260 16.651
57085.260 16.657
57085.260 16.657
57085.260 16.685
57085.260 16.685
57085.260 16.688
57085.260 16.688
57085.260 16.702
57085.260 16.702
57085.260 16.720
57085.260 16.720
57085.260 16.732
57085.260 16.732
57085.260 16.746
57085.260 16.746
57085.260 16.754
57085.260 16.754
57086.010 16.643
57086.010 16.643
57086.010 16.649
57086.010 16.649
57086.010 16.677
57086.010 16.677
57086.010 16.679
57086.010 16.679
57086.010 16.693
57086.010 16.693
57086.010 16.711
57086.010 16.711
57086.010 16.723
57086.010 16.723
57086.010 16.737
57086.010 16.737
57086.010 16.744
57086.010 16.744
57087.279 16.629
57087.279 16.629
57087.279 16.635
57087.279 16.635
57087.279 16.662
57087.279 16.662
57087.279 16.664
57087.279 16.664
57087.279 16.678
57087.279 16.678
57087.279 16.697
57087.279 16.697
57087.279 16.708
57087.279 16.708
57087.279 16.723
57087.279 16.723
57087.279 16.728
57087.279 16.728
57089.976 16.603
57089.976 16.603
57089.976 16.608
57089.976 16.608
57089.976 16.633
57089.976 16.633
57089.976 16.635
57089.976 16.635
57089.976 16.646
57089.976 16.646
57089.976 16.668
57089.976 16.668
57089.976 16.677
57089.976 16.677
57089.976 16.694
57089.976 16.694
57089.976 16.697
57089.976 16.697
57090.476 16.598
57090.476 16.598
57090.476 16.604
57090.476 16.604
57090.476 16.628
57090.476 16.628
57090.476 16.629
57090.476 16.629
57090.476 16.641
57090.476 16.641
57090.476 16.663
57090.476 16.663
57090.476 16.672
57090.476 16.672
57090.476 16.688
57090.476 16.688
57090.476 16.691
57090.476 16.691
57090.970 16.593
57090.970 16.593
57090.970 16.599
57090.970 16.599
57090.970 16.623
57090.970 16.623
57090.970 16.624
57090.970 16.624
57090.970 16.636
57090.970 16.636
57090.970 16.658
57090.970 16.658
57090.970 16.667
57090.970 16.667
57090.970 16.683
57090.970 16.683
57090.970 16.686
57090.970 16.686
57092.170 16.583
57092.170 16.583
57092.170 16.588
57092.170 16.588
57092.170 16.611
57092.170 16.611
57092.170 16.612
57092.170 16.612
57092.170 16.623
57092.170 16.623
57092.170 16.647
57092.170 16.647
57092.170 16.654
57092.170 16.654
57092.170 16.671
57092.170 16.671
57092.170 16.673
57092.170 16.673
57092.715 16.578
57092.715 16.578
57092.715 16.583
57092.715 16.583
57092.715 16.605
57092.715 16.605
57092.715 16.607
57092.715 16.607
57092.715 16.617
57092.715 16.617
57092.715 16.641
57092.715 16.641
57092.715 16.649
57092.715 16.649
57092.715 16.666
57092.715 16.666
57092.715 16.667
57092.715 16.667
57093.020 16.575
57093.020 16.575
57093.020 16.581
57093.020 16.581
57093.020 16.602
57093.020 16.602
57093.020 16.604
57093.020 16.604
57093.020 16.614
57093.020 16.614
57093.020 16.639
57093.020 16.639
57093.020 16.646
57093.020 16.646
57093.020 16.663
57093.020 16.663
57093.020 16.664
57093.020 16.664
57093.764 16.569
57093.764 16.569
57093.764 16.574
57093.764 16.574
57093.764 16.596
57093.764 16.596
57093.764 16.597
57093.764 16.597
57093.764 16.607
57093.764 16.607
57093.764 16.632
57093.764 16.632
57093.764 16.638
57093.764 16.638
57093.764 16.656
57093.764 16.656
57093.764 16.657
57093.764 16.657
57094.290 16.565
57094.290 16.565
57094.290 16.570
57094.290 16.570
57094.290 16.591
57094.290 16.591
57094.290 16.592
57094.290 16.592
57094.290 16.602
57094.290 16.602
57094.290 16.627
57094.290 16.627
57094.290 16.633
57094.290 16.633
57094.290 16.651
57094.290 16.651
57094.290 16.652
57094.290 16.652
57094.870 16.560
57094.870 16.560
57094.870 16.565
57094.870 16.565
57094.870 16.586
57094.870 16.586
57094.870 16.587
57094.870 16.587
57094.870 16.596
57094.870 16.596
57094.870 16.622
57094.870 16.622
57094.870 16.628
57094.870 16.628
57094.870 16.646
57094.870 16.646
57094.870 16.646
57094.870 16.646
57095.270 16.557
57095.270 16.557
57095.270 16.562
57095.270 16.562
57095.270 16.582
57095.270 16.582
57095.270 16.584
57095.270 16.584
57095.270 16.593
57095.270 16.593
57095.270 16.618
57095.270 16.618
57095.270 16.624
57095.270 16.624
57095.270 16.642
57095.270 16.642
57095.270 16.643
57095.270 16.643
57095.470 16.555
57095.470 16.555
57095.470 16.560
57095.470 16.560
57095.470 16.580
57095.470 16.580
57095.470 16.582
57095.470 16.582
57095.470 16.591
57095.470 16.591
57095.470 16.617
57095.470 16.617
57095.470 16.622
57095.470 16.622
57095.470 16.640
57095.470 16.640
57095.470 16.641
57095.470 16.641
57095.930 16.551
57095.930 16.551
57095.930 16.557
57095.930 16.557
57095.930 16.576
57095.930 16.576
57095.930 16.578
57095.930 16.578
57095.930 16.586
57095.930 16.586
57095.930 16.613
57095.930 16.613
57095.930 16.618
57095.930 16.618
57095.930 16.636
57095.930 16.636
57095.930 16.637
57095.930 16.637
57097.210 16.542
57097.210 16.542
57097.210 16.547
57097.210 16.547
57097.210 16.566
57097.210 16.566
57097.210 16.567
57097.210 16.567
57097.210 16.575
57097.210 16.575
57097.210 16.602
57097.210 16.602
57097.210 16.607
57097.210 16.607
57097.210 16.625
57097.210 16.625
57097.210 16.626
57097.210 16.626
57098.151 16.535
57098.151 16.535
57098.151 16.540
57098.151 16.540
57098.151 16.558
57098.151 16.558
57098.151 16.560
57098.151 16.560
57098.151 16.567
57098.151 16.567
57098.151 16.594
57098.151 16.594
57098.151 16.599
57098.151 16.599
57098.151 16.616
57098.151 16.616
57098.151 16.618
57098.151 16.618
57098.210 16.535
57098.210 16.535
57098.210 16.539
57098.210 16.539
57098.210 16.557
57098.210 16.557
57098.210 16.559
57098.210 16.559
57098.210 16.566
57098.210 16.566
57098.210 16.594
57098.210 16.594
57098.210 16.598
57098.210 16.598
57098.210 16.616
57098.210 16.616
57098.210 16.618
57098.210 16.618
57098.610 16.532
57098.610 16.532
57098.610 16.537
57098.610 16.537
57098.610 16.554
57098.610 16.554
57098.610 16.556
57098.610 16.556
57098.610 16.563
57098.610 16.563
57098.610 16.591
57098.610 16.591
57098.610 16.595
57098.610 16.595
57098.610 16.613
57098.610 16.613
57098.610 16.614
57098.610 16.614
57098.987 16.529
57098.987 16.529
57098.987 16.534
57098.987 16.534
57098.987 16.551
57098.987 16.551
57098.987 16.553
57098.987 16.553
57098.987 16.560
57098.987 16.560
57098.987 16.588
57098.987 16.588
57098.987 16.592
57098.987 16.592
57098.987 16.609
57098.987 16.609
57098.987 16.611
57098.987 16.611
57099.250 16.527
57099.250 16.527
57099.250 16.532
57099.250 16.532
57099.250 16.549
57099.250 16.549
57099.250 16.551
57099.250 16.551
57099.250 16.558
57099.250 16.558
57099.250 16.586
57099.250 16.586
57099.250 16.590
57099.250 16.590
57099.250 16.607
57099.250 16.607
57099.250 16.609
57099.250 16.609
57100.984 16.516
57100.984 16.516
57100.984 16.520
57100.984 16.520
57100.984 16.537
57100.984 16.537
57100.984 16.538
57100.984 16.538
57100.984 16.544
57100.984 16.544
57100.984 16.573
57100.984 16.573
57100.984 16.576
57100.984 16.576
57100.984 16.594
57100.984 16.594
57100.984 16.596
57100.984 16.596
57101.310 16.514
57101.310 16.514
57101.310 16.518
57101.310 16.518
57101.310 16.534
57101.310 16.534
57101.310 16.536
57101.310 16.536
57101.310 16.541
57101.310 16.541
57101.310 16.571
57101.310 16.571
57101.310 16.573
57101.310 16.573
57101.310 16.591
57101.310 16.591
57101.310 16.594
57101.310 16.594
57102.170 16.509
57102.170 16.509
57102.170 16.513
57102.170 16.513
57102.170 16.528
57102.170 16.528
57102.170 16.530
57102.170 16.530
57102.170 16.535
57102.170 16.535
57102.170 16.565
57102.170 16.565
57102.170 16.567
57102.170 16.567
57102.170 16.585
57102.170 16.585
57102.170 16.588
57102.170 16.588
57102.520 16.506
57102.520 16.506
57102.520 16.511
57102.520 16.511
57102.520 16.526
57102.520 16.526
57102.520 16.527
57102.520 16.527
57102.520 16.533
57102.520 16.533
57102.520 16.562
57102.520 16.562
57102.520 16.565
57102.520 16.565
57102.520 16.582
57102.520 16.582
57102.520 16.585
57102.520 16.585
57103.400 16.501
57103.400 16.501
57103.400 16.505
57103.400 16.505
57103.400 16.520
57103.400 16.520
57103.400 16.521
57103.400 16.521
57103.400 16.526
57103.400 16.526
57103.400 16.557
57103.400 16.557
57103.400 16.558
57103.400 16.558
57103.400 16.576
57103.400 16.576
57103.400 16.579
57103.400 16.579
57103.587 16.500
57103.587 16.500
57103.587 16.504
57103.587 16.504
57103.587 16.519
57103.587 16.519
57103.587 16.520
57103.587 16.520
57103.587 16.525
57103.587 16.525
57103.587 16.555
57103.587 16.555
57103.587 16.557
57103.587 16.557
57103.587 16.574
57103.587 16.574
57103.587 16.578
57103.587 16.578
57103.760 16.499
57103.760 16.499
57103.760 16.503
57103.760 16.503
57103.760 16.518
57103.760 16.518
57103.760 16.519
57103.760 16.519
57103.760 16.524
57103.760 16.524
57103.760 16.554
57103.760 16.554
57103.760 16.556
57103.760 16.556
57103.760 16.573
57103.760 16.573
57103.760 16.577
57103.760 16.577
57104.180 16.497
57104.180 16.497
57104.180 16.501
57104.180 16.501
57104.180 16.515
57104.180 16.515
57104.180 16.516
57104.180 16.516
57104.180 16.521
57104.180 16.521
57104.180 16.552
57104.180 16.552
57104.180 16.553
57104.180 16.553
57104.180 16.570
57104.180 16.570
57104.180 16.574
57104.180 16.574
57104.430 16.495
57104.430 16.495
57104.430 16.499
57104.430 16.499
57104.430 16.513
57104.430 16.513
57104.430 16.515
57104.430 16.515
57104.430 16.519
57104.430 16.519
57104.430 16.550
57104.430 16.550
57104.430 16.551
57104.430 16.551
57104.430 16.569
57104.430 16.569
57104.430 16.572
57104.430 16.572
57106.440 16.485
57106.440 16.485
57106.440 16.489
57106.440 16.489
57106.440 16.501
57106.440 16.501
57106.440 16.503
57106.440 16.503
57106.440 16.506
57106.440 16.506
57106.440 16.538
57106.440 16.538
57106.440 16.538
57106.440 16.538
57106.440 16.556
57106.440 16.556
57106.440 16.559
57106.440 16.559
57106.872 16.483
57106.872 16.483
57106.872 16.486
57106.872 16.486
57106.872 16.499
57106.872 16.499
57106.872 16.500
57106.872 16.500
57106.872 16.503
57106.872 16.503
57106.872 16.535
57106.872 16.535
57106.872 16.535
57106.872 16.535
57106.872 16.553
57106.872 16.553
57106.872 16.557
57106.872 16.557
57109.022 16.473
57109.022 16.473
57109.022 16.476
57109.022 16.476
57109.022 16.487
57109.022 16.487
57109.022 16.488
57109.022 16.488
57109.022 16.491
57109.022 16.491
57109.022 16.523
57109.022 16.523
57109.022 16.523
57109.022 16.523
57109.022 16.540
57109.022 16.540
57109.022 16.545
57109.022 16.545
57110.160 16.468
57110.160 16.468
57110.160 16.471
57110.160 16.471
57110.160 16.481
57110.160 16.481
57110.160 16.483
57110.160 16.483
57110.160 16.485
57110.160 16.485
57110.160 16.516
57110.160 16.516
57110.160 16.518
57110.160 16.518
57110.160 16.534
57110.160 16.534
57110.160 16.538
57110.160 16.538
57110.180 16.468
57110.180 16.468
57110.180 16.471
57110.180 16.471
57110.180 16.481
57110.180 16.481
57110.180 16.483
57110.180 16.483
57110.180 16.484
57110.180 16.484
57110.180 16.516
57110.180 16.516
57110.180 16.518
57110.180 16.518
57110.180 16.534
57110.180 16.534
57110.180 16.538
57110.180 16.538
57110.210 16.467
57110.210 16.467
57110.210 16.471
57110.210 16.471
57110.210 16.481
57110.210 16.481
57110.210 16.482
57110.210 16.482
57110.210 16.484
57110.210 16.484
57110.210 16.516
57110.210 16.516
57110.210 16.517
57110.210 16.517
57110.210 16.534
57110.210 16.534
57110.210 16.538
57110.210 16.538
57110.699 16.465
57110.699 16.465
57110.699 16.468
57110.699 16.468
57110.699 16.479
57110.699 16.479
57110.699 16.480
57110.699 16.480
57110.699 16.482
57110.699 16.482
57110.699 16.514
57110.699 16.514
57110.699 16.515
57110.699 16.515
57110.699 16.531
57110.699 16.531
57110.699 16.536
57110.699 16.536
57111.503 16.462
57111.503 16.462
57111.503 16.465
57111.503 16.465
57111.503 16.475
57111.503 16.475
57111.503 16.476
57111.503 16.476
57111.503 16.478
57111.503 16.478
57111.503 16.509
57111.503 16.509
57111.503 16.511
57111.503 16.511
57111.503 16.527
57111.503 16.527
57111.503 16.532
57111.503 16.532
57113.290 16.455
57113.290 16.455
57113.290 16.458
57113.290 16.458
57113.290 16.467
57113.290 16.467
57113.290 16.468
57113.290 16.468
57113.290 16.469
57113.290 16.469
57113.290 16.501
57113.290 16.501
57113.290 16.503
57113.290 16.503
57113.290 16.519
57113.290 16.519
57113.290 16.523
57113.290 16.523
57114.458 16.451
57114.458 16.451
57114.458 16.454
57114.458 16.454
57114.458 16.462
57114.458 16.462
57114.458 16.464
57114.458 16.464
57114.458 16.464
57114.458 16.464
57114.458 16.495
57114.458 16.495
57114.458 16.498
57114.458 16.498
57114.458 16.513
57114.458 16.513
57114.458 16.518
57114.458 16.518
57116.930 16.443
57116.930 16.443
57116.930 16.446
57116.930 16.446
57116.930 16.453
57116.930 16.453
57116.930 16.454
57116.930 16.454
57116.930 16.454
57116.930 16.454
57116.930 16.485
57116.930 16.485
57116.930 16.488
57116.930 16.488
57116.930 16.503
57116.930 16.503
57116.930 16.508
57116.930 16.508
57117.250 16.443
57117.250 16.443
57117.250 16.445
57117.250 16.445
57117.250 16.452
57117.250 16.452
57117.250 16.452
57117.250 16.452
57117.250 16.453
57117.250 16.453
57117.250 16.484
57117.250 16.484
57117.250 16.487
57117.250 16.487
57117.250 16.502
57117.250 16.502
57117.250 16.506
57117.250 16.506
57118.210 16.440
57118.210 16.440
57118.210 16.442
57118.210 16.442
57118.210 16.448
57118.210 16.448
57118.210 16.449
57118.210 16.449
57118.210 16.450
57118.210 16.450
57118.210 16.480
57118.210 16.480
57118.210 16.484
57118.210 16.484
57118.210 16.498
57118.210 16.498
57118.210 16.503
57118.210 16.503
57118.422 16.439
57118.422 16.439
57118.422 16.441
57118.422 16.441
57118.422 16.448
57118.422 16.448
57118.422 16.448
57118.422 16.448
57118.422 16.449
57118.422 16.449
57118.422 16.479
57118.422 16.479
57118.422 16.483
57118.422 16.483
57118.422 16.498
57118.422 16.498
57118.422 16.502
57118.422 16.502
57119.894 16.436
57119.894 16.436
57119.894 16.437
57119.894 16.437
57119.894 16.443
57119.894 16.443
57119.894 16.443
57119.894 16.443
57119.894 16.445
57119.894 16.445
57119.894 16.474
57119.894 16.474
57119.894 16.478
57119.894 16.478
57119.894 16.493
57119.894 16.493
57119.894 16.497
57119.894 16.497
57120.150 16.435
57120.150 16.435
57120.150 16.437
57120.150 16.437
57120.150 16.442
57120.150 16.442
57120.150 16.442
57120.150 16.442
57120.150 16.444
57120.150 16.444
57120.150 16.473
57120.150 16.473
57120.150 16.478
57120.150 16.478
57120.150 16.492
57120.150 16.492
57120.150 16.496
57120.150 16.496
57120.210 16.435
57120.210 16.435
57120.210 16.436
57120.210 16.436
57120.210 16.442
57120.210 16.442
57120.210 16.442
57120.210 16.442
57120.210 16.444
57120.210 16.444
57120.210 16.473
57120.210 16.473
57120.210 16.477
57120.210 16.477
57120.210 16.492
57120.210 16.492
57120.210 16.496
57120.210 16.496
57120.450 16.434
57120.450 16.434
57120.450 16.436
57120.450 16.436
57120.450 16.441
57120.450 16.441
57120.450 16.442
57120.450 16.442
57120.450 16.443
57120.450 16.443
57120.450 16.472
57120.450 16.472
57120.450 16.477
57120.450 16.477
57120.450 16.491
57120.450 16.491
57120.450 16.495
57120.450 16.495
57120.816 16.433
57120.816 16.433
57120.816 16.435
57120.816 16.435
57120.816 16.440
57120.816 16.440
57120.816 16.440
57120.816 16.440
57120.816 16.442
57120.816 16.442
57120.816 16.471
57120.816 16.471
57120.816 16.476
57120.816 16.476
57120.816 16.490
57120.816 16.490
57120.816 16.494
57120.816 16.494
57122.075 16.431
57122.075 16.431
57122.075 16.432
57122.075 16.432
57122.075 16.436
57122.075 16.436
57122.075 16.437
57122.075 16.437
57122.075 16.438
57122.075 16.438
57122.075 16.467
57122.075 16.467
57122.075 16.472
57122.075 16.472
57122.075 16.486
57122.075 16.486
57122.075 16.490
57122.075 16.490
57122.130 16.431
57122.130 16.431
57122.130 16.432
57122.130 16.432
57122.130 16.436
57122.130 16.436
57122.130 16.437
57122.130 16.437
57122.130 16.438
57122.130 16.438
57122.130 16.467
57122.130 16.467
57122.130 16.472
57122.130 16.472
57122.130 16.486
57122.130 16.486
57122.130 16.490
57122.130 16.490
57122.785 16.429
57122.785 16.429
57122.785 16.431
57122.785 16.431
57122.785 16.434
57122.785 16.434
57122.785 16.435
57122.785 16.435
57122.785 16.437
57122.785 16.437
57122.785 16.465
57122.785 16.465
57122.785 16.470
57122.785 16.470
57122.785 16.484
57122.785 16.484
57122.785 16.488
57122.785 16.488
57122.850 16.429
57122.850 16.429
57122.850 16.430
57122.850 16.430
57122.850 16.434
57122.850 16.434
57122.850 16.435
57122.850 16.435
57122.850 16.437
57122.850 16.437
57122.850 16.465
57122.850 16.465
57122.850 16.470
57122.850 16.470
57122.850 16.484
57122.850 16.484
57122.850 16.488
57122.850 16.488
57123.870 16.427
57123.870 16.427
57123.870 16.428
57123.870 16.428
57123.870 16.431
57123.870 16.431
57123.870 16.433
57123.870 16.433
57123.870 16.434
57123.870 16.434
57123.870 16.462
57123.870 16.462
57123.870 16.467
57123.870 16.467
57123.870 16.481
57123.870 16.481
57123.870 16.485
57123.870 16.485
57125.330 16.425
57125.330 16.425
57125.330 16.426
57125.330 16.426
57125.330 16.428
57125.330 16.428
57125.330 16.429
57125.330 16.429
57125.330 16.431
57125.330 16.431
57125.330 16.458
57125.330 16.458
57125.330 16.464
57125.330 16.464
57125.330 16.477
57125.330 16.477
57125.330 16.481
57125.330 16.481
57126.180 16.424
57126.180 16.424
57126.180 16.424
57126.180 16.424
57126.180 16.426
57126.180 16.426
57126.180 16.428
57126.180 16.428
57126.180 16.429
57126.180 16.429
57126.180 16.457
57126.180 16.457
57126.180 16.462
57126.180 16.462
57126.180 16.475
57126.180 16.475
57126.180 16.479
57126.180 16.479
57127.720 16.422
57127.720 16.422
57127.720 16.422
57127.720 16.422
57127.720 16.423
57127.720 16.423
57127.720 16.425
57127.720 16.425
57127.720 16.427
57127.720 16.427
57127.720 16.453
57127.720 16.453
57127.720 16.459
57127.720 16.459
57127.720 16.472
57127.720 16.472
57127.720 16.476
57127.720 16.476
57128.160 16.421
57128.160 16.421
57128.160 16.422
57128.160 16.422
57128.160 16.422
57128.160 16.422
57128.160 16.424
57128.160 16.424
57128.160 16.426
57128.160 16.426
57128.160 16.452
57128.160 16.452
57128.160 16.459
57128.160 16.459
57128.160 16.471
57128.160 16.471
57128.160 16.475
57128.160 16.475
57128.629 16.420
57128.629 16.420
57128.629 16.421
57128.629 16.421
57128.629 16.421
57128.629 16.421
57128.629 16.424
57128.629 16.424
57128.629 16.425
57128.629 16.425
57128.629 16.451
57128.629 16.451
57128.629 16.458
57128.629 16.458
57128.629 16.470
57128.629 16.470
57128.629 16.474
57128.629 16.474
57129.940 16.419
57129.940 16.419
57129.940 16.419
57129.940 16.419
57129.940 16.419
57129.940 16.419
57129.940 16.422
57129.940 16.422
57129.940 16.423
57129.940 16.423
57129.940 16.449
57129.940 16.449
57129.940 16.456
57129.940 16.456
57129.940 16.468
57129.940 16.468
57129.940 16.472
57129.940 16.472
57130.765 16.418
57130.765 16.418
57130.765 16.418
57130.765 16.418
57130.765 16.419
57130.765 16.419
57130.765 16.421
57130.765 16.421
57130.765 16.422
57130.765 16.422
57130.765 16.448
57130.765 16.448
57130.765 16.454
57130.765 16.454
57130.765 16.467
57130.765 16.467
57130.765 16.471
57130.765 16.471
57131.527 16.417
57131.527 16.417
57131.527 16.418
57131.527 16.418
57131.527 16.418
57131.527 16.418
57131.527 16.420
57131.527 16.420
57131.527 16.421
57131.527 16.421
57131.527 16.447
57131.527 16.447
57131.527 16.453
57131.527 16.453
57131.527 16.466
57131.527 16.466
57131.527 16.470
57131.527 16.470
57131.710 16.417
57131.710 16.417
57131.710 16.418
57131.710 16.418
57131.710 16.418
57131.710 16.418
57131.710 16.419
57131.710 16.419
57131.710 16.421
57131.710 16.421
57131.710 16.446
57131.710 16.446
57131.710 16.453
57131.710 16.453
57131.710 16.465
57131.710 16.465
57131.710 16.469
57131.710 16.469
57132.930 16.415
57132.930 16.415
57132.930 16.417
57132.930 16.417
57132.930 16.417
57132.930 16.417
57132.930 16.418
57132.930 16.418
57132.930 16.420
57132.930 16.420
57132.930 16.445
57132.930 16.445
57132.930 16.452
57132.930 16.452
57132.930 16.464
57132.930 16.464
57132.930 16.468
57132.930 16.468
57134.240 16.414
57134.240 16.414
57134.240 16.416
57134.240 16.416
57134.240 16.416
57134.240 16.416
57134.240 16.417
57134.240 16.417
57134.240 16.419
57134.240 16.419
57134.240 16.443
57134.240 16.443
57134.240 16.451
57134.240 16.451
57134.240 16.462
57134.240 16.462
57134.240 16.466
57134.240 16.466
57134.860 16.413
57134.860 16.413
57134.860 16.416
57134.860 16.416
57134.860 16.416
57134.860 16.416
57134.860 16.417
57134.860 16.417
57134.860 16.418
57134.860 16.418
57134.860 16.443
57134.860 16.443
57134.860 16.450
57134.860 16.450
57134.860 16.462
57134.860 16.462
57134.860 16.466
57134.860 16.466
57135.440 16.413
57135.440 16.413
57135.440 16.416
57135.440 16.416
57135.440 16.416
57135.440 16.416
57135.440 16.416
57135.440 16.416
57135.440 16.418
57135.440 16.418
57135.440 16.442
57135.440 16.442
57135.440 16.450
57135.440 16.450
57135.440 16.461
57135.440 16.461
57135.440 16.465
57135.440 16.465
57135.940 16.413
57135.940 16.413
57135.940 16.415
57135.940 16.415
57135.940 16.416
57135.940 16.416
57135.940 16.416
57135.940 16.416
57135.940 16.418
57135.940 16.418
57135.940 16.442
57135.940 16.442
57135.940 16.449
57135.940 16.449
57135.940 16.461
57135.940 16.461
57135.940 16.465
57135.940 16.465
57136.201 16.412
57136.201 16.412
57136.201 16.415
57136.201 16.415
57136.201 16.416
57136.201 16.416
57136.201 16.416
57136.201 16.416
57136.201 16.418
57136.201 16.418
57136.201 16.442
57136.201 16.442
57136.201 16.449
57136.201 16.449
57136.201 16.461
57136.201 16.461
57136.201 16.464
57136.201 16.464
57136.314 16.412
57136.314 16.412
57136.314 16.415
57136.314 16.415
57136.314 16.416
57136.314 16.416
57136.314 16.416
57136.314 16.416
57136.314 16.418
57136.314 16.418
57136.314 16.442
57136.314 16.442
57136.314 16.449
57136.314 16.449
57136.314 16.460
57136.314 16.460
57136.314 16.464
57136.314 16.464
57137.210 16.412
57137.210 16.412
57137.210 16.415
57137.210 16.415
57137.210 16.415
57137.210 16.415
57137.210 16.416
57137.210 16.416
57137.210 16.417
57137.210 16.417
57137.210 16.441
57137.210 16.441
57137.210 16.449
57137.210 16.449
57137.210 16.460
57137.210 16.460
57137.210 16.464
57137.210 16.464
57137.270 16.412
57137.270 16.412
57137.270 16.415
57137.270 16.415
57137.270 16.415
57137.270 16.415
57137.270 16.416
57137.270 16.416
57137.270 16.417
57137.270 16.417
57137.270 16.441
57137.270 16.441
57137.270 16.448
57137.270 16.448
57137.270 16.460
57137.270 16.460
57137.270 16.464
57137.270 16.464
57138.860 16.411
57138.860 16.411
57138.860 16.415
57138.860 16.415
57138.860 16.415
57138.860 16.415
57138.860 16.416
57138.860 16.416
57138.860 16.417
57138.860 16.417
57138.860 16.440
57138.860 16.440
57138.860 16.448
57138.860 16.448
57138.860 16.459
57138.860 16.459
57138.860 16.463
57138.860 16.463
57138.880 16.411
57138.880 16.411
57138.880 16.415
57138.880 16.415
57138.880 16.415
57138.880 16.415
57138.880 16.416
57138.880 16.416
57138.880 16.417
57138.880 16.417
57138.880 16.440
57138.880 16.440
57138.880 16.448
57138.880 16.448
57138.880 16.459
57138.880 16.459
57138.880 16.463
57138.880 16.463
57139.210 16.411
57139.210 16.411
57139.210 16.415
57139.210 16.415
57139.210 16.415
57139.210 16.415
57139.210 16.416
57139.210 16.416
57139.210 16.417
57139.210 16.417
57139.210 16.440
57139.210 16.440
57139.210 16.448
57139.210 16.448
57139.210 16.459
57139.210 16.459
57139.210 16.463
57139.210 16.463
57140.100 16.411
57140.100 16.411
57140.100 16.415
57140.100 16.415
57140.100 16.415
57140.100 16.415
57140.100 16.416
57140.100 16.416
57140.100 16.417
57140.100 16.417
57140.100 16.440
57140.100 16.440
57140.100 16.448
57140.100 16.448
57140.100 16.458
57140.100 16.458
57140.100 16.462
57140.100 16.462
57141.170 16.411
57141.170 16.411
57141.170 16.415
57141.170 16.415
57141.170 16.415
57141.170 16.415
57141.170 16.416
57141.170 16.416
57141.170 16.417
57141.170 16.417
57141.170 16.440
57141.170 16.440
57141.170 16.448
57141.170 16.448
57141.170 16.458
57141.170 16.458
57141.170 16.462
57141.170 16.462
57141.637 16.411
57141.637 16.411
57141.637 16.415
57141.637 16.415
57141.637 16.416
57141.637 16.416
57141.637 16.416
57141.637 16.416
57141.637 16.417
57141.637 16.417
57141.637 16.440
57141.637 16.440
57141.637 16.448
57141.637 16.448
57141.637 16.458
57141.637 16.458
57141.637 16.462
57141.637 16.462
57144.468 16.416
57144.468 16.416
57144.468 16.417
57144.468 16.417
57144.468 16.418
57144.468 16.418
57144.468 16.433
57144.468 16.433
57144.468 16.439
57144.468 16.439
57144.468 16.440
57144.468 16.440
57144.468 16.448
57144.468 16.448
57144.468 16.458
57144.468 16.458
57144.468 16.462
57144.468 16.462
57144.710 16.416
57144.710 16.416
57144.710 16.417
57144.710 16.417
57144.710 16.418
57144.710 16.418
57144.710 16.437
57144.710 16.437
57144.710 16.440
57144.710 16.440
57144.710 16.444
57144.710 16.444
57144.710 16.448
57144.710 16.448
57144.710 16.458
57144.710 16.458
57144.710 16.462
57144.710 16.462
57144.890 16.416
57144.890 16.416
57144.890 16.417
57144.890 16.417
57144.890 16.418
57144.890 16.418
57144.890 16.440
57144.890 16.440
57144.890 16.441
57144.890 16.441
57144.890 16.447
57144.890 16.447
57144.890 16.448
57144.890 16.448
57144.890 16.458
57144.890 16.458
57144.890 16.462
57144.890 16.462
57147.073 16.420
57147.073 16.420
57147.073 16.432
57147.073 16.432
57147.073 16.447
57147.073 16.447
57147.073 16.463
57147.073 16.463
57147.073 16.472
57147.073 16.472
57147.073 16.473
57147.073 16.473
57147.073 16.480
57147.073 16.480
57147.073 16.481
57147.073 16.481
57147.073 16.488
57147.073 16.488
57148.310 16.421
57148.310 16.421
57148.310 16.456
57148.310 16.456
57148.310 16.471
57148.310 16.471
57148.310 16.485
57148.310 16.485
57148.310 16.495
57148.310 16.495
57148.310 16.496
57148.310 16.496
57148.310 16.502
57148.310 16.502
57148.310 16.504
57148.310 16.504
57148.310 16.511
57148.310 16.511
57150.030 16.451
57150.030 16.451
57150.030 16.488
57150.030 16.488
57150.030 16.504
57150.030 16.504
57150.030 16.516
57150.030 16.516
57150.030 16.526
57150.030 16.526
57150.030 16.528
57150.030 16.528
57150.030 16.534
57150.030 16.534
57150.030 16.536
57150.030 16.536
57150.030 16.543
57150.030 16.543
57150.960 16.470
57150.960 16.470
57150.960 16.506
57150.960 16.506
57150.960 16.522
57150.960 16.522
57150.960 16.533
57150.960 16.533
57150.960 16.544
57150.960 16.544
57150.960 16.545
57150.960 16.545
57150.960 16.551
57150.960 16.551
57150.960 16.553
57150.960 16.553
57150.960 16.560
57150.960 16.560
57151.187 16.474
57151.187 16.474
57151.187 16.510
57151.187 16.510
57151.187 16.526
57151.187 16.526
57151.187 16.537
57151.187 16.537
57151.187 16.548
57151.187 16.548
57151.187 16.549
57151.187 16.549
57151.187 16.555
57151.187 16.555
57151.187 16.558
57151.187 16.558
57151.187 16.565
57151.187 16.565
57152.160 16.493
57152.160 16.493
57152.160 16.529
57152.160 16.529
57152.160 16.545
57152.160 16.545
57152.160 16.555
57152.160 16.555
57152.160 16.566
57152.160 16.566
57152.160 16.567
57152.160 16.567
57152.160 16.573
57152.160 16.573
57152.160 16.576
57152.160 16.576
57152.160 16.583
57152.160 16.583
57152.508 16.500
57152.508 16.500
57152.508 16.535
57152.508 16.535
57152.508 16.551
57152.508 16.551
57152.508 16.561
57152.508 16.561
57152.508 16.572
57152.508 16.572
57152.508 16.573
57152.508 16.573
57152.508 16.580
57152.508 16.580
57152.508 16.582
57152.508 16.582
57152.508 16.589
57152.508 16.589
57155.150 16.552
57155.150 16.552
57155.150 16.586
57155.150 16.586
57155.150 16.602
57155.150 16.602
57155.150 16.610
57155.150 16.610
57155.150 16.621
57155.150 16.621
57155.150 16.622
57155.150 16.622
57155.150 16.629
57155.150 16.629
57155.150 16.632
57155.150 16.632
57155.150 16.639
57155.150 16.639
57155.760 16.564
57155.760 16.564
57155.760 16.598
57155.760 16.598
57155.760 16.614
57155.760 16.614
57155.760 16.621
57155.760 16.621
57155.760 16.633
57155.760 16.633
57155.760 16.633
57155.760 16.633
57155.760 16.640
57155.760 16.640
57155.760 16.643
57155.760 16.643
57155.760 16.651
57155.760 16.651
57157.944 16.606
57157.944 16.606
57157.944 16.639
57157.944 16.639
57157.944 16.656
57157.944 16.656
57157.944 16.661
57157.944 16.661
57157.944 16.673
57157.944 16.673
57157.944 16.673
57157.944 16.673
57157.944 16.681
57157.944 16.681
57157.944 16.684
57157.944 16.684
57157.944 16.692
57157.944 16.692
57158.800 16.623
57158.800 16.623
57158.800 16.656
57158.800 16.656
57158.800 16.673
57158.800 16.673
57158.800 16.677
57158.800 16.677
57158.800 16.689
57158.800 16.689
57158.800 16.689
57158.800 16.689
57158.800 16.697
57158.800 16.697
57158.800 16.700
57158.800 16.700
57158.800 16.708
57158.800 16.708
57160.050 16.648
57160.050 16.648
57160.050 16.680
57160.050 16.680
57160.050 16.697
57160.050 16.697
57160.050 16.701
57160.050 16.701
57160.050 16.712
57160.050 16.712
57160.050 16.713
57160.050 16.713
57160.050 16.721
57160.050 16.721
57160.050 16.724
57160.050 16.724
57160.050 16.731
57160.050 16.731
57160.630 16.659
57160.630 16.659
57160.630 16.691
57160.630 16.691
57160.630 16.708
57160.630 16.708
57160.630 16.711
57160.630 16.711
57160.630 16.723
57160.630 16.723
57160.630 16.724
57160.630 16.724
57160.630 16.731
57160.630 16.731
57160.630 16.735
57160.630 16.735
57160.630 16.742
57160.630 16.742
57161.010 16.666
57161.010 16.666
57161.010 16.698
57161.010 16.698
57161.010 16.715
57161.010 16.715
57161.010 16.719
57161.010 16.719
57161.010 16.730
57161.010 16.730
57161.010 16.731
57161.010 16.731
57161.010 16.739
57161.010 16.739
57161.010 16.742
57161.010 16.742
57161.010 16.750
57161.010 16.750
57161.700 16.680
57161.700 16.680
57161.700 16.711
57161.700 16.711
57161.700 16.729
57161.700 16.729
57161.700 16.731
57161.700 16.731
57161.700 16.742
57161.700 16.742
57161.700 16.744
57161.700 16.744
57161.700 16.752
57161.700 16.752
57161.700 16.755
57161.700 16.755
57161.700 16.763
57161.700 16.763
57162.730 16.700
57162.730 16.700
57162.730 16.731
57162.730 16.731
57162.730 16.748
57162.730 16.748
57162.730 16.751
57162.730 16.751
57162.730 16.761
57162.730 16.761
57162.730 16.763
57162.730 16.763
57162.730 16.771
57162.730 16.771
57162.730 16.774
57162.730 16.774
57162.730 16.782
57162.730 16.782
57162.900 16.703
57162.900 16.703
57162.900 16.734
57162.900 16.734
57162.900 16.752
57162.900 16.752
57162.900 16.754
57162.900 16.754
57162.900 16.764
57162.900 16.764
57162.900 16.766
57162.900 16.766
57162.900 16.774
57162.900 16.774
57162.900 16.778
57162.900 16.778
57162.900 16.785
57162.900 16.785
57163.380 16.712
57163.380 16.712
57163.380 16.743
57163.380 16.743
57163.380 16.761
57163.380 16.761
57163.380 16.763
57163.380 16.763
57163.380 16.773
57163.380 16.773
57163.380 16.775
57163.380 16.775
57163.380 16.783
57163.380 16.783
57163.380 16.787
57163.380 16.787
57163.380 16.794
57163.380 16.794
57166.353 16.770
57166.353 16.770
57166.353 16.800
57166.353 16.800
57166.353 16.818
57166.353 16.818
57166.353 16.819
57166.353 16.819
57166.353 16.828
57166.353 16.828
57166.353 16.831
57166.353 16.831
57166.353 16.839
57166.353 16.839
57166.353 16.842
57166.353 16.842
57166.353 16.850
57166.353 16.850
57166.920 16.781
57166.920 16.781
57166.920 16.811
57166.920 16.811
57166.920 16.829
57166.920 16.829
57166.920 16.829
57166.920 16.829
57166.920 16.838
57166.920 16.838
57166.920 16.841
57166.920 16.841
57166.920 16.849
57166.920 16.849
57166.920 16.853
57166.920 16.853
57166.920 16.861
57166.920 16.861
57168.816 16.817
57168.816 16.817
57168.816 16.847
57168.816 16.847
57168.816 16.865
57168.816 16.865
57168.816 16.865
57168.816 16.865
57168.816 16.873
57168.816 16.873
57168.816 16.877
57168.816 16.877
57168.816 16.885
57168.816 16.885
57168.816 16.889
57168.816 16.889
57168.816 16.896
57168.816 16.896
57171.900 16.876
57171.900 16.876
57171.900 16.905
57171.900 16.905
57171.900 16.922
57171.900 16.922
57171.900 16.924
57171.900 16.924
57171.900 16.929
57171.900 16.929
57171.900 16.934
57171.900 16.934
57171.900 16.942
57171.900 16.942
57171.900 16.946
57171.900 16.946
57171.900 16.953
57171.900 16.953
57172.407 16.886
57172.407 16.886
57172.407 16.915
57172.407 16.915
57172.407 16.932
57172.407 16.932
57172.407 16.934
57172.407 16.934
57172.407 16.938
57172.407 16.938
57172.407 16.944
57172.407 16.944
57172.407 16.952
57172.407 16.952
57172.407 16.956
57172.407 16.956
57172.407 16.963
57172.407 16.963
57173.380 16.905
57173.380 16.905
57173.380 16.933
57173.380 16.933
57173.380 16.950
57173.380 16.950
57173.380 16.952
57173.380 16.952
57173.380 16.956
57173.380 16.956
57173.380 16.962
57173.380 16.962
57173.380 16.970
57173.380 16.970
57173.380 16.974
57173.380 16.974
57173.380 16.981
57173.380 16.981
57174.252 16.921
57174.252 16.921
57174.252 16.949
57174.252 16.949
57174.252 16.966
57174.252 16.966
57174.252 16.969
57174.252 16.969
57174.252 16.971
57174.252 16.971
57174.252 16.978
57174.252 16.978
57174.252 16.986
57174.252 16.986
57174.252 16.990
57174.252 16.990
57174.252 16.997
57174.252 16.997
57175.020 16.936
57175.020 16.936
57175.020 16.964
57175.020 16.964
57175.020 16.981
57175.020 16.981
57175.020 16.983
57175.020 16.983
57175.020 16.985
57175.020 16.985
57175.020 16.993
57175.020 16.993
57175.020 17.000
57175.020 17.000
57175.020 17.004
57175.020 17.004
57175.020 17.011
57175.020 17.011
57176.950 16.972
57176.950 16.972
57176.950 17.000
57176.950 17.000
57176.950 17.017
57176.950 17.017
57176.950 17.020
57176.950 17.020
57176.950 17.020
57176.950 17.020
57176.950 17.028
57176.950 17.028
57176.950 17.036
57176.950 17.036
57176.950 17.040
57176.950 17.040
57176.950 17.047
57176.950 17.047
57178.110 16.994
57178.110 16.994
57178.110 17.021
57178.110 17.021
57178.110 17.038
57178.110 17.038
57178.110 17.041
57178.110 17.041
57178.110 17.041
57178.110 17.041
57178.110 17.050
57178.110 17.050
57178.110 17.058
57178.110 17.058
57178.110 17.061
57178.110 17.061
57178.110 17.068
57178.110 17.068
57179.110 17.012
57179.110 17.012
57179.110 17.040
57179.110 17.040
57179.110 17.057
57179.110 17.057
57179.110 17.059
57179.110 17.059
57179.110 17.060
57179.110 17.060
57179.110 17.068
57179.110 17.068
57179.110 17.076
57179.110 17.076
57179.110 17.079
57179.110 17.079
57179.110 17.086
57179.110 17.086
57179.687 17.023
57179.687 17.023
57179.687 17.051
57179.687 17.051
57179.687 17.068
57179.687 17.068
57179.687 17.069
57179.687 17.069
57179.687 17.071
57179.687 17.071
57179.687 17.079
57179.687 17.079
57179.687 17.087
57179.687 17.087
57179.687 17.090
57179.687 17.090
57179.687 17.097
57179.687 17.097
57182.120 17.068
57182.120 17.068
57182.120 17.096
57182.120 17.096
57182.120 17.112
57182.120 17.112
57182.120 17.113
57182.120 17.113
57182.120 17.116
57182.120 17.116
57182.120 17.124
57182.120 17.124
57182.120 17.131
57182.120 17.131
57182.120 17.134
57182.120 17.134
57182.120 17.141
57182.120 17.141
57183.020 17.085
57183.020 17.085
57183.020 17.112
57183.020 17.112
57183.020 17.128
57183.020 17.128
57183.020 17.129
57183.020 17.129
57183.020 17.133
57183.020 17.133
57183.020 17.140
57183.020 17.140
57183.020 17.147
57183.020 17.147
57183.020 17.151
57183.020 17.151
57183.020 17.157
57183.020 17.157
57184.030 17.103
57184.030 17.103
57184.030 17.131
57184.030 17.131
57184.030 17.146
57184.030 17.146
57184.030 17.148
57184.030 17.148
57184.030 17.152
57184.030 17.152
57184.030 17.159
57184.030 17.159
57184.030 17.166
57184.030 17.166
57184.030 17.169
57184.030 17.169
57184.030 17.175
57184.030 17.175
57184.960 17.120
57184.960 17.120
57184.960 17.148
57184.960 17.148
57184.960 17.162
57184.960 17.162
57184.960 17.165
57184.960 17.165
57184.960 17.169
57184.960 17.169
57184.960 17.175
57184.960 17.175
57184.960 17.183
57184.960 17.183
57184.960 17.186
57184.960 17.186
57184.960 17.192
57184.960 17.192
57185.020 17.121
57185.020 17.121
57185.020 17.149
57185.020 17.149
57185.020 17.163
57185.020 17.163
57185.020 17.166
57185.020 17.166
57185.020 17.170
57185.020 17.170
57185.020 17.177
57185.020 17.177
57185.020 17.184
57185.020 17.184
57185.020 17.187
57185.020 17.187
57185.020 17.193
57185.020 17.193
57185.123 17.123
57185.123 17.123
57185.123 17.151
57185.123 17.151
57185.123 17.165
57185.123 17.165
57185.123 17.168
57185.123 17.168
57185.123 17.172
57185.123 17.172
57185.123 17.178
57185.123 17.178
57185.123 17.186
57185.123 17.186
57185.123 17.189
57185.123 17.189
57185.123 17.195
57185.123 17.195
57185.212 17.125
57185.212 17.125
57185.212 17.152
57185.212 17.152
57185.212 17.167
57185.212 17.167
57185.212 17.170
57185.212 17.170
57185.212 17.173
57185.212 17.173
57185.212 17.180
57185.212 17.180
57185.212 17.187
57185.212 17.187
57185.212 17.190
57185.212 17.190
57185.212 17.197
57185.212 17.197
57186.770 17.153
57186.770 17.153
57186.770 17.181
57186.770 17.181
57186.770 17.194
57186.770 17.194
57186.770 17.198
57186.770 17.198
57186.770 17.202
57186.770 17.202
57186.770 17.208
57186.770 17.208
57186.770 17.215
57186.770 17.215
57186.770 17.218
57186.770 17.218
57186.770 17.224
57186.770 17.224
57190.559 17.222
57190.559 17.222
57190.559 17.249
57190.559 17.249
57190.559 17.260
57190.559 17.260
57190.559 17.267
57190.559 17.267
57190.559 17.271
57190.559 17.271
57190.559 17.277
57190.559 17.277
57190.559 17.283
57190.559 17.283
57190.559 17.286
57190.559 17.286
57190.559 17.292
57190.559 17.292
57192.710 17.260
57192.710 17.260
57192.710 17.287
57192.710 17.287
57192.710 17.297
57192.710 17.297
57192.710 17.306
57192.710 17.306
57192.710 17.310
57192.710 17.310
57192.710 17.315
57192.710 17.315
57192.710 17.322
57192.710 17.322
57192.710 17.324
57192.710 17.324
57192.710 17.329
57192.710 17.329
57195.995 17.318
57195.995 17.318
57195.995 17.345
57195.995 17.345
57195.995 17.353
57195.995 17.353
57195.995 17.365
57195.995 17.365
57195.995 17.368
57195.995 17.368
57195.995 17.373
57195.995 17.373
57195.995 17.380
57195.995 17.380
57195.995 17.382
57195.995 17.382
57195.995 17.387
57195.995 17.387
57199.060 17.371
57199.060 17.371
57199.060 17.399
57199.060 17.399
57199.060 17.405
57199.060 17.405
57199.060 17.420
57199.060 17.420
57199.060 17.422
57199.060 17.422
57199.060 17.427
57199.060 17.427
57199.060 17.433
57199.060 17.433
57199.060 17.435
57199.060 17.435
57199.060 17.439
57199.060 17.439
57199.380 17.377
57199.380 17.377
57199.380 17.405
57199.380 17.405
57199.380 17.410
57199.380 17.410
57199.380 17.425
57199.380 17.425
57199.380 17.428
57199.380 17.428
57199.380 17.433
57199.380 17.433
57199.380 17.439
57199.380 17.439
57199.380 17.440
57199.380 17.440
57199.380 17.445
57199.380 17.445
57201.430 17.412
57201.430 17.412
57201.430 17.440
57201.430 17.440
57201.430 17.444
57201.430 17.444
57201.430 17.462
57201.430 17.462
57201.430 17.463
57201.430 17.463
57201.430 17.468
57201.430 17.468
57201.430 17.474
57201.430 17.474
57201.430 17.475
57201.430 17.475
57201.430 17.480
57201.430 17.480
57205.700 17.485
57205.700 17.485
57205.700 17.513
57205.700 17.513
57205.700 17.515
57205.700 17.515
57205.700 17.536
57205.700 17.536
57205.700 17.537
57205.700 17.537
57205.700 17.542
57205.700 17.542
57205.700 17.547
57205.700 17.547
57205.700 17.548
57205.700 17.548
57205.700 17.552
57205.700 17.552
57206.340 17.496
57206.340 17.496
57206.340 17.524
57206.340 17.524
57206.340 17.525
57206.340 17.525
57206.340 17.547
57206.340 17.547
57206.340 17.548
57206.340 17.548
57206.340 17.553
57206.340 17.553
57206.340 17.558
57206.340 17.558
57206.340 17.559
57206.340 17.559
57206.340 17.563
57206.340 17.563
57206.833 17.504
57206.833 17.504
57206.833 17.532
57206.833 17.532
57206.833 17.533
57206.833 17.533
57206.833 17.556
57206.833 17.556
57206.833 17.556
57206.833 17.556
57206.833 17.561
57206.833 17.561
57206.833 17.566
57206.833 17.566
57206.833 17.567
57206.833 17.567
57206.833 17.571
57206.833 17.571
57206.866 17.505
57206.866 17.505
57206.866 17.533
57206.866 17.533
57206.866 17.534
57206.866 17.534
57206.866 17.556
57206.866 17.556
57206.866 17.557
57206.866 17.557
57206.866 17.562
57206.866 17.562
57206.866 17.567
57206.866 17.567
57206.866 17.567
57206.866 17.567
57206.866 17.571
57206.866 17.571
57210.040 17.558
57210.040 17.558
57210.040 17.586
57210.040 17.586
57210.040 17.586
57210.040 17.586
57210.040 17.611
57210.040 17.611
57210.040 17.611
57210.040 17.611
57210.040 17.615
57210.040 17.615
57210.040 17.620
57210.040 17.620
57210.040 17.620
57210.040 17.620
57210.040 17.624
57210.040 17.624
57212.302 17.595
57212.302 17.595
57212.302 17.622
57212.302 17.622
57212.302 17.624
57212.302 17.624
57212.302 17.649
57212.302 17.649
57212.302 17.649
57212.302 17.649
57212.302 17.653
57212.302 17.653
57212.302 17.658
57212.302 17.658
57212.302 17.658
57212.302 17.658
57212.302 17.661
57212.302 17.661
57212.390 17.597
57212.390 17.597
57212.390 17.624
57212.390 17.624
57212.390 17.625
57212.390 17.625
57212.390 17.650
57212.390 17.650
57212.390 17.651
57212.390 17.651
57212.390 17.655
57212.390 17.655
57212.390 17.659
57212.390 17.659
57212.390 17.659
57212.390 17.659
57212.390 17.662
57212.390 17.662
57217.730 17.684
57217.730 17.684
57217.730 17.708
57217.730 17.708
57217.730 17.713
57217.730 17.713
57217.730 17.738
57217.730 17.738
57217.730 17.740
57217.730 17.740
57217.730 17.743
57217.730 17.743
57217.730 17.746
57217.730 17.746
57217.730 17.747
57217.730 17.747
57217.730 17.749
57217.730 17.749
57217.738 17.684
57217.738 17.684
57217.738 17.709
57217.738 17.709
57217.738 17.713
57217.738 17.713
57217.738 17.738
57217.738 17.738
57217.738 17.740
57217.738 17.740
57217.738 17.743
57217.738 17.743
57217.738 17.746
57217.738 17.746
57217.738 17.747
57217.738 17.747
57217.738 17.749
57217.738 17.749
57221.000 17.737
57221.000 17.737
57221.000 17.760
57221.000 17.760
57221.000 17.766
57221.000 17.766
57221.000 17.791
57221.000 17.791
57221.000 17.794
57221.000 17.794
57221.000 17.796
57221.000 17.796
57221.000 17.799
57221.000 17.799
57221.000 17.799
57221.000 17.799
57221.000 17.801
57221.000 17.801
57223.173 17.771
57223.173 17.771
57223.173 17.793
57223.173 17.793
57223.173 17.801
57223.173 17.801
57223.173 17.826
57223.173 17.826
57223.173 17.829
57223.173 17.829
57223.173 17.831
57223.173 17.831
57223.173 17.833
57223.173 17.833
57223.173 17.834
57223.173 17.834
57223.173 17.835
57223.173 17.835
57228.609 17.857
57228.609 17.857
57228.609 17.877
57228.609 17.877
57228.609 17.886
57228.609 17.886
57228.609 17.913
57228.609 17.913
57228.609 17.917
57228.609 17.917
57228.609 17.917
57228.609 17.917
57228.609 17.918
57228.609 17.918
57228.609 17.920
57228.609 17.920
57228.609 17.920
57228.609 17.920
57230.350 17.884
57230.350 17.884
57230.350 17.903
57230.350 17.903
57230.350 17.913
57230.350 17.913
57230.350 17.940
57230.350 17.940
57230.350 17.944
57230.350 17.944
57230.350 17.945
57230.350 17.945
57230.350 17.945
57230.350 17.945
57230.350 17.947
57230.350 17.947
57230.350 17.947
57230.350 17.947
57232.370 17.915
57232.370 17.915
57232.370 17.933
57232.370 17.933
57232.370 17.945
57232.370 17.945
57232.370 17.971
57232.370 17.971
57232.370 17.976
57232.370 17.976
57232.370 17.976
57232.370 17.976
57232.370 17.976
57232.370 17.976
57232.370 17.978
57232.370 17.978
57232.370 17.978
57232.370 17.978
57234.045 17.940
57234.045 17.940
57234.045 17.959
57234.045 17.959
57234.045 17.970
57234.045 17.970
57234.045 17.997
57234.045 17.997
57234.045 18.002
57234.045 18.002
57234.045 18.002
57234.045 18.002
57234.045 18.003
57234.045 18.003
57234.045 18.003
57234.045 18.003
57234.045 18.004
57234.045 18.004
57236.710 17.981
57236.710 17.981
57236.710 17.998
57236.710 17.998
57236.710 18.011
57236.710 18.011
57236.710 18.038
57236.710 18.038
57236.710 18.042
57236.710 18.042
57236.710 18.042
57236.710 18.042
57236.710 18.043
57236.710 18.043
57236.710 18.044
57236.710 18.044
57236.710 18.045
57236.710 18.045
57239.481 18.023
57239.481 18.023
57239.481 18.039
57239.481 18.039
57239.481 18.053
57239.481 18.053
57239.481 18.080
57239.481 18.080
57239.481 18.084
57239.481 18.084
57239.481 18.084
57239.481 18.084
57239.481 18.085
57239.481 18.085
57239.481 18.086
57239.481 18.086
57239.481 18.087
57239.481 18.087
57244.916 18.103
57244.916 18.103
57244.916 18.118
57244.916 18.118
57244.916 18.134
57244.916 18.134
57244.916 18.161
57244.916 18.161
57244.916 18.164
57244.916 18.164
57244.916 18.165
57244.916 18.165
57244.916 18.166
57244.916 18.166
57244.916 18.167
57244.916 18.167
57244.916 18.169
57244.916 18.169
57250.352 18.183
57250.352 18.183
57250.352 18.195
57250.352 18.195
57250.352 18.213
57250.352 18.213
57250.352 18.241
57250.352 18.241
57250.352 18.243
57250.352 18.243
57250.352 18.243
57250.352 18.243
57250.352 18.246
57250.352 18.246
57250.352 18.247
57250.352 18.247
57250.352 18.250
57250.352 18.250
57255.788 18.261
57255.788 18.261
57255.788 18.272
57255.788 18.272
57255.788 18.292
57255.788 18.292
57255.788 18.320
57255.788 18.320
57255.788 18.321
57255.788 18.321
57255.788 18.321
57255.788 18.321
57255.788 18.324
57255.788 18.324
57255.788 18.325
57255.788 18.325
57255.788 18.329
57255.788 18.329
57261.224 18.337
57261.224 18.337
57261.224 18.347
57261.224 18.347
57261.224 18.368
57261.224 18.368
57261.224 18.397
57261.224 18.397
57261.224 18.397
57261.224 18.397
57261.224 18.398
57261.224 18.398
57261.224 18.401
57261.224 18.401
57261.224 18.401
57261.224 18.401
57261.224 18.407
57261.224 18.407
57266.659 18.413
57266.659 18.413
57266.659 18.421
57266.659 18.421
57266.659 18.444
57266.659 18.444
57266.659 18.471
57266.659 18.471
57266.659 18.472
57266.659 18.472
57266.659 18.473
57266.659 18.473
57266.659 18.476
57266.659 18.476
57266.659 18.477
57266.659 18.477
57266.659 18.483
57266.659 18.483
57272.095 18.487
57272.095 18.487
57272.095 18.493
57272.095 18.493
57272.095 18.518
57272.095 18.518
57272.095 18.545
57272.095 18.545
57272.095 18.547
57272.095 18.547
57272.095 18.547
57272.095 18.547
57272.095 18.551
57272.095 18.551
57272.095 18.551
57272.095 18.551
57272.095 18.558
57272.095 18.558
57277.531 18.560
57277.531 18.560
57277.531 18.565
57277.531 18.565
57277.531 18.591
57277.531 18.591
57277.531 18.617
57277.531 18.617
57277.531 18.620
57277.531 18.620
57277.531 18.620
57277.531 18.620
57277.531 18.624
57277.531 18.624
57277.531 18.624
57277.531 18.624
57277.531 18.632
57277.531 18.632
57282.967 18.632
57282.967 18.632
57282.967 18.635
57282.967 18.635
57282.967 18.663
57282.967 18.663
57282.967 18.689
57282.967 18.689
57282.967 18.691
57282.967 18.691
57282.967 18.692
57282.967 18.692
57282.967 18.695
57282.967 18.695
57282.967 18.696
57282.967 18.696
57282.967 18.704
57282.967 18.704
57288.402 18.703
57288.402 18.703
57288.402 18.705
57288.402 18.705
57288.402 18.734
57288.402 18.734
57288.402 18.759
57288.402 18.759
57288.402 18.762
57288.402 18.762
57288.402 18.763
57288.402 18.763
57288.402 18.766
57288.402 18.766
57288.402 18.766
57288.402 18.766
57288.402 18.775
57288.402 18.775
57293.838 18.772
57293.838 18.772
57293.838 18.773
57293.838 18.773
57293.838 18.804
57293.838 18.804
57293.838 18.828
57293.838 18.828
57293.838 18.831
57293.838 18.831
57293.838 18.832
57293.838 18.832
57293.838 18.836
57293.838 18.836
57293.838 18.836
57293.838 18.836
57293.838 18.846
57293.838 18.846
57299.274 18.841
57299.274 18.841
57299.274 18.841
57299.274 18.841
57299.274 18.872
57299.274 18.872
57299.274 18.896
57299.274 18.896
57299.274 18.900
57299.274 18.900
57299.274 18.901
57299.274 18.901
57299.274 18.904
57299.274 18.904
57299.274 18.904
57299.274 18.904
57299.274 18.915
57299.274 18.915
57304.710 18.907
57304.710 18.907
57304.710 18.909
57304.710 18.909
57304.710 18.940
57304.710 18.940
57304.710 18.963
57304.710 18.963
57304.710 18.967
57304.710 18.967
57304.710 18.969
57304.710 18.969
57304.710 18.972
57304.710 18.972
57304.710 18.972
57304.710 18.972
57304.710 18.983
57304.710 18.983
57310.145 18.972
57310.145 18.972
57310.145 18.976
57310.145 18.976
57310.145 19.007
57310.145 19.007
57310.145 19.029
57310.145 19.029
57310.145 19.033
57310.145 19.033
57310.145 19.035
57310.145 19.035
57310.145 19.038
57310.145 19.038
57310.145 19.038
57310.145 19.038
57310.145 19.049
57310.145 19.049
57315.581 19.037
57315.581 19.037
57315.581 19.041
57315.581 19.041
57315.581 19.072
57315.581 19.072
57315.581 19.094
57315.581 19.094
57315.581 19.099
57315.581 19.099
57315.581 19.101
57315.581 19.101
57315.581 19.104
57315.581 19.104
57315.581 19.104
57315.581 19.104
57315.581 19.115
57315.581 19.115
57321.017 19.100
57321.017 19.100
57321.017 19.106
57321.017 19.106
57321.017 19.137
57321.017 19.137
57321.017 19.159
57321.017 19.159
57321.017 19.164
57321.017 19.164
57321.017 19.166
57321.017 19.166
57321.017 19.168
57321.017 19.168
57321.017 19.168
57321.017 19.168
57321.017 19.180
57321.017 19.180
57326.453 19.163
57326.453 19.163
57326.453 19.170
57326.453 19.170
57326.453 19.201
57326.453 19.201
57326.453 19.222
57326.453 19.222
57326.453 19.227
57326.453 19.227
57326.453 19.229
57326.453 19.229
57326.453 19.232
57326.453 19.232
57326.453 19.232
57326.453 19.232
57326.453 19.244
57326.453 19.244
57330.722 19.212
57330.722 19.212
57330.722 19.220
57330.722 19.220
57330.722 19.250
57330.722 19.250
57330.722 19.271
57330.722 19.271
57330.722 19.277
57330.722 19.277
57330.722 19.279
57330.722 19.279
57330.722 19.281
57330.722 19.281
57330.722 19.282
57330.722 19.282
57330.722 19.294
57330.722 19.294
57331.888 19.225
57331.888 19.225
57331.888 19.233
57331.888 19.233
57331.888 19.264
57331.888 19.264
57331.888 19.284
57331.888 19.284
57331.888 19.290
57331.888 19.290
57331.888 19.292
57331.888 19.292
57331.888 19.294
57331.888 19.294
57331.888 19.295
57331.888 19.295
57331.888 19.307
57331.888 19.307
57335.787 19.269
57335.787 19.269
57335.787 19.278
57335.787 19.278
57335.787 19.309
57335.787 19.309
57335.787 19.329
57335.787 19.329
57335.787 19.335
57335.787 19.335
57335.787 19.337
57335.787 19.337
57335.787 19.339
57335.787 19.339
57335.787 19.340
57335.787 19.340
57335.787 19.352
57335.787 19.352
57337.324 19.286
57337.324 19.286
57337.324 19.296
57337.324 19.296
57337.324 19.326
57337.324 19.326
57337.324 19.346
57337.324 19.346
57337.324 19.352
57337.324 19.352
57337.324 19.354
57337.324 19.354
57337.324 19.356
57337.324 19.356
57337.324 19.357
57337.324 19.357
57337.324 19.370
57337.324 19.370
57342.760 19.346
57342.760 19.346
57342.760 19.357
57342.760 19.357
57342.760 19.387
57342.760 19.387
57342.760 19.407
57342.760 19.407
57342.760 19.413
57342.760 19.413
57342.760 19.416
57342.760 19.416
57342.760 19.417
57342.760 19.417
57342.760 19.418
57342.760 19.418
57342.760 19.431
57342.760 19.431
57348.196 19.406
57348.196 19.406
57348.196 19.418
57348.196 19.418
57348.196 19.448
57348.196 19.448
57348.196 19.467
57348.196 19.467
57348.196 19.473
57348.196 19.473
57348.196 19.476
57348.196 19.476
57348.196 19.478
57348.196 19.478
57348.196 19.479
57348.196 19.479
57348.196 19.491
57348.196 19.491
57353.632 19.464
57353.632 19.464
57353.632 19.478
57353.632 19.478
57353.632 19.507
57353.632 19.507
57353.632 19.526
57353.632 19.526
57353.632 19.533
57353.632 19.533
57353.632 19.536
57353.632 19.536
57353.632 19.537
57353.632 19.537
57353.632 19.538
57353.632 19.538
57353.632 19.551
57353.632 19.551
57359.067 19.522
57359.067 19.522
57359.067 19.537
57359.067 19.537
57359.067 19.566
57359.067 19.566
57359.067 19.585
57359.067 19.585
57359.067 19.592
57359.067 19.592
57359.067 19.594
57359.067 19.594
57359.067 19.596
57359.067 19.596
57359.067 19.597
57359.067 19.597
57359.067 19.610
57359.067 19.610
57364.503 19.579
57364.503 19.579
57364.503 19.595
57364.503 19.595
57364.503 19.625
57364.503 19.625
57364.503 19.642
57364.503 19.642
57364.503 19.650
57364.503 19.650
57364.503 19.652
57364.503 19.652
57364.503 19.653
57364.503 19.653
57364.503 19.655
57364.503 19.655
57364.503 19.668
57364.503 19.668
57369.939 19.636
57369.939 19.636
57369.939 19.653
57369.939 19.653
57369.939 19.682
57369.939 19.682
57369.939 19.699
57369.939 19.699
57369.939 19.707
57369.939 19.707
57369.939 19.710
57369.939 19.710
57369.939 19.711
57369.939 19.711
57369.939 19.712
57369.939 19.712
57369.939 19.726
57369.939 19.726
57373.330 19.671
57373.330 19.671
57373.330 19.688
57373.330 19.688
57373.330 19.717
57373.330 19.717
57373.330 19.735
57373.330 19.735
57373.330 19.742
57373.330 19.742
57373.330 19.745
57373.330 19.745
57373.330 19.746
57373.330 19.746
57373.330 19.748
57373.330 19.748
57373.330 19.761
57373.330 19.761
57375.375 19.691
57375.375 19.691
57375.375 19.709
57375.375 19.709
57375.375 19.739
57375.375 19.739
57375.375 19.756
57375.375 19.756
57375.375 19.763
57375.375 19.763
57375.375 19.766
57375.375 19.766
57375.375 19.767
57375.375 19.767
57375.375 19.769
57375.375 19.769
57375.375 19.782
57375.375 19.782
57378.080 19.719
57378.080 19.719
57378.080 19.737
57378.080 19.737
57378.080 19.767
57378.080 19.767
57378.080 19.784
57378.080 19.784
57378.080 19.791
57378.080 19.791
57378.080 19.794
57378.080 19.794
57378.080 19.795
57378.080 19.795
57378.080 19.797
57378.080 19.797
57378.080 19.810
57378.080 19.810
57379.200 19.730
57379.200 19.730
57379.200 19.749
57379.200 19.749
57379.200 19.778
57379.200 19.778
57379.200 19.795
57379.200 19.795
57379.200 19.803
57379.200 19.803
57379.200 19.806
57379.200 19.806
57379.200 19.806
57379.200 19.806
57379.200 19.808
57379.200 19.808
57379.200 19.822
57379.200 19.822
57380.810 19.747
57380.810 19.747
57380.810 19.766
57380.810 19.766
57380.810 19.795
57380.810 19.795
57380.810 19.811
57380.810 19.811
57380.810 19.819
57380.810 19.819
57380.810 19.822
57380.810 19.822
57380.810 19.823
57380.810 19.823
57380.810 19.825
57380.810 19.825
57380.810 19.838
57380.810 19.838
57386.246 19.801
57386.246 19.801
57386.246 19.821
57386.246 19.821
57386.246 19.850
57386.246 19.850
57386.246 19.866
57386.246 19.866
57386.246 19.875
57386.246 19.875
57386.246 19.877
57386.246 19.877
57386.246 19.878
57386.246 19.878
57386.246 19.880
57386.246 19.880
57386.246 19.894
57386.246 19.894
57391.682 19.855
57391.682 19.855
57391.682 19.876
57391.682 19.876
57391.682 19.905
57391.682 19.905
57391.682 19.921
57391.682 19.921
57391.682 19.929
57391.682 19.929
57391.682 19.932
57391.682 19.932
57391.682 19.932
57391.682 19.932
57391.682 19.935
57391.682 19.935
57391.682 19.948
57391.682 19.948
57397.118 19.908
57397.118 19.908
57397.118 19.930
57397.118 19.930
57397.118 19.959
57397.118 19.959
57397.118 19.974
57397.118 19.974
57397.118 19.983
57397.118 19.983
57397.118 19.986
57397.118 19.986
57397.118 19.986
57397.118 19.986
57397.118 19.988
57397.118 19.988
57397.118 20.002
57397.118 20.002
57401.580 19.951
57401.580 19.951
57401.580 19.974
57401.580 19.974
57401.580 20.002
57401.580 20.002
57401.580 20.018
57401.580 20.018
57401.580 20.027
57401.580 20.027
57401.580 20.029
57401.580 20.029
57401.580 20.030
57401.580 20.030
57401.580 20.032
57401.580 20.032
57401.580 20.046
57401.580 20.046
57402.553 19.960
57402.553 19.960
57402.553 19.984
57402.553 19.984
57402.553 20.012
57402.553 20.012
57402.553 20.027
57402.553 20.027
57402.553 20.036
57402.553 20.036
57402.553 20.039
57402.553 20.039
57402.553 20.039
57402.553 20.039
57402.553 20.042
57402.553 20.042
57402.553 20.056
57402.553 20.056
57403.500 19.969
57403.500 19.969
57403.500 19.993
57403.500 19.993
57403.500 20.021
57403.500 20.021
57403.500 20.036
57403.500 20.036
57403.500 20.045
57403.500 20.045
57403.500 20.048
57403.500 20.048
57403.500 20.048
57403.500 20.048
57403.500 20.051
57403.500 20.051
57403.500 20.065
57403.500 20.065
57404.300 19.977
57404.300 19.977
57404.300 20.001
57404.300 20.001
57404.300 20.029
57404.300 20.029
57404.300 20.044
57404.300 20.044
57404.300 20.053
57404.300 20.053
57404.300 20.056
57404.300 20.056
57404.300 20.056
57404.300 20.056
57404.300 20.059
57404.300 20.059
57404.300 20.073
57404.300 20.073
57407.989 20.012
57407.989 20.012
57407.989 20.036
57407.989 20.036
57407.989 20.065
57407.989 20.065
57407.989 20.080
57407.989 20.080
57407.989 20.089
57407.989 20.089
57407.989 20.091
57407.989 20.091
57407.989 20.092
57407.989 20.092
57407.989 20.094
57407.989 20.094
57407.989 20.108
57407.989 20.108
57409.470 20.026
57409.470 20.026
57409.470 20.051
57409.470 20.051
57409.470 20.079
57409.470 20.079
57409.470 20.094
57409.470 20.094
57409.470 20.103
57409.470 20.103
57409.470 20.106
57409.470 20.106
57409.470 20.106
57409.470 20.106
57409.470 20.109
57409.470 20.109
57409.470 20.123
57409.470 20.123
57413.425 20.063
57413.425 20.063
57413.425 20.089
57413.425 20.089
57413.425 20.117
57413.425 20.117
57413.425 20.131
57413.425 20.131
57413.425 20.141
57413.425 20.141
57413.425 20.143
57413.425 20.143
57413.425 20.144
57413.425 20.144
57413.425 20.146
57413.425 20.146
57413.425 20.160
57413.425 20.160
57418.861 20.114
57418.861 20.114
57418.861 20.140
57418.861 20.140
57418.861 20.168
57418.861 20.168
57418.861 20.183
57418.861 20.183
57418.861 20.192
57418.861 20.192
57418.861 20.194
57418.861 20.194
57418.861 20.195
57418.861 20.195
57418.861 20.198
57418.861 20.198
57418.861 20.212
57418.861 20.212
57423.220 20.154
57423.220 20.154
57423.220 20.181
57423.220 20.181
57423.220 20.209
57423.220 20.209
57423.220 20.223
57423.220 20.223
57423.220 20.233
57423.220 20.233
57423.220 20.235
57423.220 20.235
57423.220 20.236
57423.220 20.236
57423.220 20.239
57423.220 20.239
57423.220 20.253
57423.220 20.253
57423.520 20.157
57423.520 20.157
57423.520 20.184
57423.520 20.184
57423.520 20.212
57423.520 20.212
57423.520 20.226
57423.520 20.226
57423.520 20.236
57423.520 20.236
57423.520 20.238
57423.520 20.238
57423.520 20.239
57423.520 20.239
57423.520 20.242
57423.520 20.242
57423.520 20.256
57423.520 20.256
57424.296 20.164
57424.296 20.164
57424.296 20.191
57424.296 20.191
57424.296 20.219
57424.296 20.219
57424.296 20.233
57424.296 20.233
57424.296 20.243
57424.296 20.243
57424.296 20.245
57424.296 20.245
57424.296 20.246
57424.296 20.246
57424.296 20.249
57424.296 20.249
57424.296 20.263
57424.296 20.263
57425.630 20.176
57425.630 20.176
57425.630 20.204
57425.630 20.204
57425.630 20.232
57425.630 20.232
57425.630 20.246
57425.630 20.246
57425.630 20.255
57425.630 20.255
57425.630 20.258
57425.630 20.258
57425.630 20.258
57425.630 20.258
57425.630 20.261
57425.630 20.261
57425.630 20.275
57425.630 20.275
57429.732 20.214
57429.732 20.214
57429.732 20.242
57429.732 20.242
57429.732 20.270
57429.732 20.270
57429.732 20.283
57429.732 20.283
57429.732 20.293
57429.732 20.293
57429.732 20.295
57429.732 20.295
57429.732 20.296
57429.732 20.296
57429.732 20.299
57429.732 20.299
57429.732 20.313
57429.732 20.313
57433.210 20.245
57433.210 20.245
57433.210 20.274
57433.210 20.274
57433.210 20.302
57433.210 20.302
57433.210 20.315
57433.210 20.315
57433.210 20.325
57433.210 20.325
57433.210 20.327
57433.210 20.327
57433.210 20.328
57433.210 20.328
57433.210 20.331
57433.210 20.331
57433.210 20.345
57433.210 20.345
57433.550 20.248
57433.550 20.248
57433.550 20.277
57433.550 20.277
57433.550 20.305
57433.550 20.305
57433.550 20.318
57433.550 20.318
57433.550 20.328
57433.550 20.328
57433.550 20.330
57433.550 20.330
57433.550 20.331
57433.550 20.331
57433.550 20.334
57433.550 20.334
57433.550 20.348
57433.550 20.348
57435.168 20.263
57435.168 20.263
57435.168 20.292
57435.168 20.292
57435.168 20.319
57435.168 20.319
57435.168 20.333
57435.168 20.333
57435.168 20.343
57435.168 20.343
57435.168 20.345
57435.168 20.345
57435.168 20.346
57435.168 20.346
57435.168 20.349
57435.168 20.349
57435.168 20.363
57435.168 20.363
57437.720 20.286
57437.720 20.286
57437.720 20.315
57437.720 20.315
57437.720 20.343
57437.720 20.343
57437.720 20.356
57437.720 20.356
57437.720 20.366
57437.720 20.366
57437.720 20.368
57437.720 20.368
57437.720 20.369
57437.720 20.369
57437.720 20.372
57437.720 20.372
57437.720 20.386
57437.720 20.386
57440.604 20.311
57440.604 20.311
57440.604 20.341
57440.604 20.341
57440.604 20.369
57440.604 20.369
57440.604 20.382
57440.604 20.382
57440.604 20.392
57440.604 20.392
57440.604 20.394
57440.604 20.394
57440.604 20.395
57440.604 20.395
57440.604 20.398
57440.604 20.398
57440.604 20.412
57440.604 20.412
57444.240 20.343
57444.240 20.343
57444.240 20.374
57444.240 20.374
57444.240 20.401
57444.240 20.401
57444.240 20.414
57444.240 20.414
57444.240 20.425
57444.240 20.425
57444.240 20.426
57444.240 20.426
57444.240 20.428
57444.240 20.428
57444.240 20.431
57444.240 20.431
57444.240 20.445
57444.240 20.445
57446.039 20.359
57446.039 20.359
57446.039 20.390
57446.039 20.390
57446.039 20.417
57446.039 20.417
57446.039 20.430
57446.039 20.430
57446.039 20.441
57446.039 20.441
57446.039 20.442
57446.039 20.442
57446.039 20.444
57446.039 20.444
57446.039 20.447
57446.039 20.447
57446.039 20.461
57446.039 20.461
57450.520 20.398
57450.520 20.398
57450.520 20.430
57450.520 20.430
57450.520 20.457
57450.520 20.457
57450.520 20.470
57450.520 20.470
57450.520 20.480
57450.520 20.480
57450.520 20.482
57450.520 20.482
57450.520 20.483
57450.520 20.483
57450.520 20.486
57450.520 20.486
57450.520 20.500
57450.520 20.500
57451.475 20.407
57451.475 20.407
57451.475 20.439
57451.475 20.439
57451.475 20.466
57451.475 20.466
57451.475 20.478
57451.475 20.478
57451.475 20.489
57451.475 20.489
57451.475 20.490
57451.475 20.490
57451.475 20.492
57451.475 20.492
57451.475 20.495
57451.475 20.495
57451.475 20.509
57451.475 20.509
57456.270 20.448
57456.270 20.448
57456.270 20.481
57456.270 20.481
57456.270 20.508
57456.270 20.508
57456.270 20.520
57456.270 20.520
57456.270 20.531
57456.270 20.531
57456.270 20.532
57456.270 20.532
57456.270 20.534
57456.270 20.534
57456.270 20.537
57456.270 20.537
57456.270 20.551
57456.270 20.551
57456.911 20.454
57456.911 20.454
57456.911 20.486
57456.911 20.486
57456.911 20.513
57456.911 20.513
57456.911 20.525
57456.911 20.525
57456.911 20.536
57456.911 20.536
57456.911 20.538
57456.911 20.538
57456.911 20.539
57456.911 20.539
57456.911 20.542
57456.911 20.542
57456.911 20.557
57456.911 20.557
57458.570 20.468
57458.570 20.468
57458.570 20.501
57458.570 20.501
57458.570 20.528
57458.570 20.528
57458.570 20.540
57458.570 20.540
57458.570 20.551
57458.570 20.551
57458.570 20.552
57458.570 20.552
57458.570 20.554
57458.570 20.554
57458.570 20.557
57458.570 20.557
57458.570 20.571
57458.570 20.571
57462.347 20.500
57462.347 20.500
57462.347 20.534
57462.347 20.534
57462.347 20.560
57462.347 20.560
57462.347 20.572
57462.347 20.572
57462.347 20.583
57462.347 20.583
57462.347 20.585
57462.347 20.585
57462.347 20.586
57462.347 20.586
57462.347 20.590
57462.347 20.590
57462.347 20.604
57462.347 20.604
57465.530 20.527
57465.530 20.527
57465.530 20.561
57465.530 20.561
57465.530 20.588
57465.530 20.588
57465.530 20.599
57465.530 20.599
57465.530 20.611
57465.530 20.611
57465.530 20.612
57465.530 20.612
57465.530 20.614
57465.530 20.614
57465.530 20.617
57465.530 20.617
57465.530 20.631
57465.530 20.631
57467.782 20.546
57467.782 20.546
57467.782 20.581
57467.782 20.581
57467.782 20.607
57467.782 20.607
57467.782 20.619
57467.782 20.619
57467.782 20.630
57467.782 20.630
57467.782 20.631
57467.782 20.631
57467.782 20.633
57467.782 20.633
57467.782 20.636
57467.782 20.636
57467.782 20.650
57467.782 20.650
57473.218 20.592
57473.218 20.592
57473.218 20.627
57473.218 20.627
57473.218 20.653
57473.218 20.653
57473.218 20.665
57473.218 20.665
57473.218 20.676
57473.218 20.676
57473.218 20.677
57473.218 20.677
57473.218 20.679
57473.218 20.679
57473.218 20.682
57473.218 20.682
57473.218 20.696
57473.218 20.696
57478.654 20.637
57478.654 20.637
57478.654 20.673
57478.654 20.673
57478.654 20.699
57478.654 20.699
57478.654 20.710
57478.654 20.710
57478.654 20.722
57478.654 20.722
57478.654 20.722
57478.654 20.722
57478.654 20.724
57478.654 20.724
57478.654 20.728
57478.654 20.728
57478.654 20.742
57478.654 20.742
57484.090 20.681
57484.090 20.681
57484.090 20.718
57484.090 20.718
57484.090 20.744
57484.090 20.744
57484.090 20.755
57484.090 20.755
57484.090 20.767
57484.090 20.767
57484.090 20.768
57484.090 20.768
57484.090 20.770
57484.090 20.770
57484.090 20.773
57484.090 20.773
57484.090 20.787
57484.090 20.787
57488.150 20.714
57488.150 20.714
57488.150 20.752
57488.150 20.752
57488.150 20.778
57488.150 20.778
57488.150 20.788
57488.150 20.788
57488.150 20.800
57488.150 20.800
57488.150 20.801
57488.150 20.801
57488.150 20.803
57488.150 20.803
57488.150 20.807
57488.150 20.807
57488.150 20.821
57488.150 20.821
57489.525 20.725
57489.525 20.725
57489.525 20.763
57489.525 20.763
57489.525 20.789
57489.525 20.789
57489.525 20.800
57489.525 20.800
57489.525 20.812
57489.525 20.812
57489.525 20.812
57489.525 20.812
57489.525 20.814
57489.525 20.814
57489.525 20.818
57489.525 20.818
57489.525 20.832
57489.525 20.832
57492.140 20.746
57492.140 20.746
57492.140 20.785
57492.140 20.785
57492.140 20.811
57492.140 20.811
57492.140 20.821
57492.140 20.821
57492.140 20.833
57492.140 20.833
57492.140 20.833
57492.140 20.833
57492.140 20.836
57492.140 20.836
57492.140 20.839
57492.140 20.839
57492.140 20.853
57492.140 20.853
57494.961 20.769
57494.961 20.769
57494.961 20.808
57494.961 20.808
57494.961 20.834
57494.961 20.834
57494.961 20.844
57494.961 20.844
57494.961 20.856
57494.961 20.856
57494.961 20.856
57494.961 20.856
57494.961 20.858
57494.961 20.858
57494.961 20.862
57494.961 20.862
57494.961 20.876
57494.961 20.876
57500.397 20.812
57500.397 20.812
57500.397 20.852
57500.397 20.852
57500.397 20.877
57500.397 20.877
57500.397 20.887
57500.397 20.887
57500.397 20.900
57500.397 20.900
57500.397 20.900
57500.397 20.900
57500.397 20.902
57500.397 20.902
57500.397 20.906
57500.397 20.906
57500.397 20.920
57500.397 20.920
57505.833 20.855
57505.833 20.855
57505.833 20.895
57505.833 20.895
57505.833 20.921
57505.833 20.921
57505.833 20.931
57505.833 20.931
57505.833 20.943
57505.833 20.943
57505.833 20.943
57505.833 20.943
57505.833 20.946
57505.833 20.946
57505.833 20.950
57505.833 20.950
57505.833 20.964
57505.833 20.964
57511.268 20.898
57511.268 20.898
57511.268 20.939
57511.268 20.939
57511.268 20.964
57511.268 20.964
57511.268 20.973
57511.268 20.973
57511.268 20.986
57511.268 20.986
57511.268 20.986
57511.268 20.986
57511.268 20.989
57511.268 20.989
57511.268 20.993
57511.268 20.993
57511.268 21.007
57511.268 21.007
57516.704 20.940
57516.704 20.940
57516.704 20.981
57516.704 20.981
57516.704 21.007
57516.704 21.007
57516.704 21.016
57516.704 21.016
57516.704 21.028
57516.704 21.028
57516.704 21.029
57516.704 21.029
57516.704 21.031
57516.704 21.031
57516.704 21.035
57516.704 21.035
57516.704 21.049
57516.704 21.049
57522.140 20.981
57522.140 20.981
57522.140 21.024
57522.140 21.024
57522.140 21.049
57522.140 21.049
57522.140 21.058
57522.140 21.058
57522.140 21.071
57522.140 21.071
57522.140 21.071
57522.140 21.071
57522.140 21.073
57522.140 21.073
57522.140 21.077
57522.140 21.077
57522.140 21.091
57522.140 21.091
