57074.210 16.710
57079.340 16.750
57080.330 16.720
57081.330 16.770
57082.240 16.670
57084.240 16.600
57085.260 16.680
57091.980 16.536
57091.982 16.542
57091.983 16.515
57093.918 16.469
57093.919 16.430
57093.921 16.555
57094.290 16.550
57095.943 16.573
57095.944 16.434
57095.946 16.443
57096.921 16.465
57096.923 16.486
57096.924 16.549
57097.210 16.570
57097.906 16.388
57097.909 16.620
57098.210 16.500
57099.250 16.530
57101.310 16.500
57104.180 16.510
57109.990 16.471
57109.991 16.568
57109.993 16.895
57110.210 16.510
57113.290 16.520
57118.210 16.490
57120.210 16.620
57120.885 16.656
57120.886 16.719
57120.887 16.609
57121.885 16.693
57121.886 16.715
57121.888 16.860
57122.916 16.703
57122.917 16.661
57123.902 16.644
57123.904 16.621
57123.905 16.694
57126.180 16.690
57127.922 16.762
57127.923 16.866
57127.925 16.622
57128.160 16.820
57128.874 16.744
57128.876 16.783
57128.877 16.720
57130.090 16.814
57130.092 16.761
57130.093 16.591
57134.240 16.890
57134.914 16.985
57134.916 16.968
57134.917 17.062
57135.896 17.004
57135.897 16.722
57135.899 16.992
57136.917 16.917
57136.919 16.905
57136.920 16.897
57137.210 16.950
57139.210 17.000
57141.170 17.050
57152.160 17.050
57155.150 17.030
57161.010 17.150
57175.020 17.330
57178.110 17.440
57182.120 17.540
57183.020 17.560
57184.030 17.530
57185.020 17.610
57190.911 17.585
57190.913 17.602
57190.915 17.796
57193.912 17.714
57193.914 17.528
57193.915 17.744
57210.040 17.850
56984.000 52.828
56984.000 53.140
56984.000 53.154
56984.000 53.242
56984.000 53.263
56984.000 53.297
56984.000 53.300
56984.000 53.317
56984.000 53.529
56989.436 52.828
56989.436 53.140
56989.436 53.154
56989.436 53.242
56989.436 53.263
56989.436 53.297
56989.436 53.300
56989.436 53.317
56989.436 53.529
56994.872 52.828
56994.872 53.140
56994.872 53.154
56994.872 53.242
56994.872 53.263
56994.872 53.297
56994.872 53.300
56994.872 53.317
56994.872 53.529
57000.307 21.774
57000.307 21.874
57000.307 22.029
57000.307 24.206
57000.307 24.416
57000.307 24.636
57000.307 24.801
57000.307 53.297
57000.307 53.529
57005.743 20.245
57005.743 20.289
57005.743 20.322
57005.743 20.989
57005.743 20.993
57005.743 21.028
57005.743 21.051
57005.743 21.507
57005.743 21.778
57011.179 19.408
57011.179 19.429
57011.179 19.431
57011.179 19.755
57011.179 19.809
57011.179 19.830
57011.179 19.831
57011.179 20.061
57011.179 20.256
57014.000 19.091
57014.000 19.095
57014.000 19.106
57014.000 19.337
57014.000 19.399
57014.000 19.414
57014.000 19.419
57014.000 19.593
57014.000 19.770
57014.070 19.084
57014.070 19.087
57014.070 19.099
57014.070 19.328
57014.070 19.390
57014.070 19.405
57014.070 19.410
57014.070 19.583
57014.070 19.759
57016.615 18.834
57016.615 18.842
57016.615 18.852
57016.615 19.022
57016.615 19.087
57016.615 19.099
57016.615 19.107
57016.615 19.246
57016.615 19.408
57022.050 18.395
57022.050 18.420
57022.050 18.422
57022.050 18.511
57022.050 18.576
57022.050 18.585
57022.050 18.597
57022.050 18.688
57022.050 18.829
57027.486 18.054
57027.486 18.086
57027.486 18.090
57027.486 18.126
57027.486 18.188
57027.486 18.196
57027.486 18.211
57027.486 18.271
57027.486 18.395
57032.922 17.779
57032.922 17.814
57032.922 17.823
57032.922 17.823
57032.922 17.880
57032.922 17.888
57032.922 17.906
57032.922 17.944
57032.922 18.055
57033.490 17.753
57033.490 17.788
57033.490 17.795
57033.490 17.798
57033.490 17.852
57033.490 17.859
57033.490 17.877
57033.490 17.914
57033.490 18.024
57038.358 17.552
57038.358 17.578
57038.358 17.589
57038.358 17.602
57038.358 17.629
57038.358 17.638
57038.358 17.657
57038.358 17.680
57038.358 17.779
57042.030 17.421
57042.030 17.438
57042.030 17.458
57042.030 17.473
57042.030 17.485
57042.030 17.494
57042.030 17.513
57042.030 17.528
57042.030 17.621
57043.793 17.363
57043.793 17.376
57043.793 17.400
57043.793 17.416
57043.793 17.422
57043.793 17.431
57043.793 17.450
57043.793 17.462
57043.793 17.551
57048.700 17.217
57048.700 17.224
57048.700 17.255
57048.700 17.263
57048.700 17.273
57048.700 17.273
57048.700 17.293
57048.700 17.296
57048.700 17.377
57049.229 17.203
57049.229 17.209
57049.229 17.240
57049.229 17.247
57049.229 17.258
57049.229 17.259
57049.229 17.277
57049.229 17.280
57049.229 17.360
57049.700 17.190
57049.700 17.196
57049.700 17.228
57049.700 17.234
57049.700 17.244
57049.700 17.246
57049.700 17.264
57049.700 17.265
57049.700 17.345
57051.470 17.145
57051.470 17.148
57051.470 17.182
57051.470 17.184
57051.470 17.195
57051.470 17.201
57051.470 17.213
57051.470 17.214
57051.470 17.291
57053.500 17.095
57053.500 17.096
57053.500 17.130
57053.500 17.132
57053.500 17.141
57053.500 17.152
57053.500 17.157
57053.500 17.161
57053.500 17.231
57054.665 17.068
57054.665 17.068
57054.665 17.100
57054.665 17.105
57054.665 17.112
57054.665 17.125
57054.665 17.126
57054.665 17.131
57054.665 17.199
57060.101 16.951
57060.101 16.953
57060.101 16.976
57060.101 16.988
57060.101 16.989
57060.101 16.997
57060.101 17.008
57060.101 17.010
57060.101 17.063
57065.536 16.852
57065.536 16.855
57065.536 16.871
57065.536 16.884
57065.536 16.888
57065.536 16.890
57065.536 16.903
57065.536 16.912
57065.536 16.947
57068.470 16.806
57068.470 16.810
57068.470 16.822
57068.470 16.835
57068.470 16.837
57068.470 16.843
57068.470 16.854
57068.470 16.866
57068.470 16.893
57068.970 16.799
57068.970 16.802
57068.970 16.814
57068.970 16.827
57068.970 16.828
57068.970 16.836
57068.970 16.846
57068.970 16.858
57068.970 16.884
57069.450 16.792
57069.450 16.795
57069.450 16.806
57069.450 16.820
57069.450 16.821
57069.450 16.828
57069.450 16.838
57069.450 16.851
57069.450 16.876
57070.972 16.770
57070.972 16.774
57070.972 16.783
57070.972 16.797
57070.972 16.797
57070.972 16.807
57070.972 16.815
57070.972 16.829
57070.972 16.851
57071.600 16.762
57071.600 16.765
57071.600 16.774
57071.600 16.787
57071.600 16.788
57071.600 16.798
57071.600 16.806
57071.600 16.821
57071.600 16.840
57072.394 16.752
57072.394 16.755
57072.394 16.763
57072.394 16.775
57072.394 16.777
57072.394 16.787
57072.394 16.795
57072.394 16.810
57072.394 16.828
57072.590 16.749
57072.590 16.752
57072.590 16.760
57072.590 16.772
57072.590 16.774
57072.590 16.785
57072.590 16.792
57072.590 16.807
57072.590 16.825
57073.880 16.733
57073.880 16.736
57073.880 16.743
57073.880 16.754
57073.880 16.756
57073.880 16.768
57073.880 16.774
57073.880 16.791
57073.880 16.806
57074.169 16.729
57074.169 16.733
57074.169 16.739
57074.169 16.750
57074.169 16.753
57074.169 16.764
57074.169 16.770
57074.169 16.787
57074.169 16.801
57074.210 16.729
57074.210 16.732
57074.210 16.738
57074.210 16.750
57074.210 16.752
57074.210 16.764
57074.210 16.770
57074.210 16.787
57074.210 16.801
57076.167 16.706
57076.167 16.709
57076.167 16.714
57076.167 16.724
57076.167 16.728
57076.167 16.740
57076.167 16.745
57076.167 16.763
57076.167 16.774
57076.408 16.704
57076.408 16.707
57076.408 16.711
57076.408 16.721
57076.408 16.725
57076.408 16.737
57076.408 16.742
57076.408 16.760
57076.408 16.770
57077.170 16.695
57077.170 16.698
57077.170 16.702
57077.170 16.711
57077.170 16.716
57077.170 16.729
57077.170 16.733
57077.170 16.751
57077.170 16.760
57077.450 16.692
57077.450 16.695
57077.450 16.698
57077.450 16.708
57077.450 16.712
57077.450 16.725
57077.450 16.730
57077.450 16.748
57077.450 16.757
57077.620 16.691
57077.620 16.693
57077.620 16.697
57077.620 16.706
57077.620 16.710
57077.620 16.724
57077.620 16.728
57077.620 16.746
57077.620 16.755
57078.322 16.683
57078.322 16.686
57078.322 16.689
57078.322 16.698
57078.322 16.702
57078.322 16.716
57078.322 16.719
57078.322 16.739
57078.322 16.746
57078.470 16.682
57078.470 16.684
57078.470 16.687
57078.470 16.696
57078.470 16.701
57078.470 16.714
57078.470 16.718
57078.470 16.737
57078.470 16.744
57078.960 16.677
57078.960 16.679
57078.960 16.682
57078.960 16.690
57078.960 16.695
57078.960 16.709
57078.960 16.712
57078.960 16.732
57078.960 16.738
57079.340 16.673
57079.340 16.676
57079.340 16.678
57079.340 16.686
57079.340 16.691
57079.340 16.705
57079.340 16.708
57079.340 16.728
57079.340 16.734
57080.080 16.666
57080.080 16.668
57080.080 16.670
57080.080 16.678
57080.080 16.684
57080.080 16.698
57080.080 16.700
57080.080 16.720
57080.080 16.725
57080.330 16.664
57080.330 16.666
57080.330 16.667
57080.330 16.675
57080.330 16.681
57080.330 16.695
57080.330 16.698
57080.330 16.718
57080.330 16.722
57080.517 16.662
57080.517 16.664
57080.517 16.665
57080.517 16.673
57080.517 16.679
57080.517 16.693
57080.517 16.696
57080.517 16.716
57080.517 16.720
57081.330 16.655
57081.330 16.657
57081.330 16.657
57081.330 16.665
57081.330 16.671
57081.330 16.685
57081.330 16.687
57081.330 16.708
57081.330 16.711
57081.500 16.653
57081.500 16.655
57081.500 16.656
57081.500 16.663
57081.500 16.669
57081.500 16.684
57081.500 16.686
57081.500 16.706
57081.500 16.709
57081.844 16.650
57081.844 16.652
57081.844 16.652
57081.844 16.659
57081.844 16.666
57081.844 16.681
57081.844 16.682
57081.844 16.703
57081.844 16.705
57082.240 16.647
57082.240 16.648
57082.240 16.649
57082.240 16.655
57082.240 16.662
57082.240 16.677
57082.240 16.678
57082.240 16.699
57082.240 16.701
57082.940 16.641
57082.940 16.642
57082.940 16.643
57082.940 16.649
57082.940 16.656
57082.940 16.671
57082.940 16.672
57082.940 16.693
57082.940 16.694
57084.240 16.630
57084.240 16.631
57084.240 16.632
57084.240 16.636
57084.240 16.644
57084.240 16.659
57084.240 16.660
57084.240 16.681
57084.240 16.682
57084.342 16.630
57084.342 16.630
57084.342 16.631
57084.342 16.635
57084.342 16.643
57084.342 16.659
57084.342 16.659
57084.342 16.680
57084.342 16.681
57085.220 16.622
57085.220 16.623
57085.220 16.625
57085.220 16.628
57085.220 16.636
57085.220 16.651
57085.220 16.651
57085.220 16.672
57085.220 16.673
57085.260 16.622
57085.260 16.623
57085.260 16.624
57085.260 16.627
57085.260 16.636
57085.260 16.651
57085.260 16.651
57085.260 16.672
57085.260 16.673
57086.010 16.616
57086.010 16.617
57086.010 16.619
57086.010 16.621
57086.010 16.630
57086.010 16.645
57086.010 16.645
57086.010 16.665
57086.010 16.667
57087.279 16.607
57087.279 16.609
57087.279 16.610
57087.279 16.611
57087.279 16.620
57087.279 16.635
57087.279 16.636
57087.279 16.655
57087.279 16.657
57089.976 16.588
57089.976 16.591
57089.976 16.593
57089.976 16.593
57089.976 16.601
57089.976 16.616
57089.976 16.618
57089.976 16.634
57089.976 16.639
57090.476 16.585
57090.476 16.588
57090.476 16.590
57090.476 16.590
57090.476 16.598
57090.476 16.612
57090.476 16.615
57090.476 16.631
57090.476 16.636
57090.970 16.582
57090.970 16.585
57090.970 16.587
57090.970 16.588
57090.970 16.595
57090.970 16.609
57090.970 16.612
57090.970 16.627
57090.970 16.633
57092.170 16.576
57092.170 16.578
57092.170 16.581
57092.170 16.582
57092.170 16.588
57092.170 16.602
57092.170 16.605
57092.170 16.620
57092.170 16.626
57092.715 16.573
57092.715 16.575
57092.715 16.579
57092.715 16.579
57092.715 16.585
57092.715 16.599
57092.715 16.602
57092.715 16.616
57092.715 16.623
57093.020 16.571
57093.020 16.573
57093.020 16.578
57093.020 16.578
57093.020 16.584
57093.020 16.597
57093.020 16.601
57093.020 16.615
57093.020 16.621
57093.764 16.568
57093.764 16.569
57093.764 16.574
57093.764 16.574
57093.764 16.580
57093.764 16.593
57093.764 16.597
57093.764 16.611
57093.764 16.617
57094.290 16.565
57094.290 16.566
57094.290 16.572
57094.290 16.572
57094.290 16.577
57094.290 16.591
57094.290 16.594
57094.290 16.608
57094.290 16.614
57094.870 16.563
57094.870 16.564
57094.870 16.570
57094.870 16.570
57094.870 16.575
57094.870 16.588
57094.870 16.592
57094.870 16.605
57094.870 16.612
57095.270 16.561
57095.270 16.562
57095.270 16.568
57095.270 16.569
57095.270 16.573
57095.270 16.586
57095.270 16.590
57095.270 16.603
57095.270 16.610
57095.470 16.560
57095.470 16.561
57095.470 16.567
57095.470 16.568
57095.470 16.572
57095.470 16.585
57095.470 16.589
57095.470 16.602
57095.470 16.609
57095.930 16.558
57095.930 16.559
57095.930 16.566
57095.930 16.566
57095.930 16.570
57095.930 16.583
57095.930 16.587
57095.930 16.600
57095.930 16.607
57097.210 16.553
57097.210 16.554
57097.210 16.561
57097.210 16.562
57097.210 16.565
57097.210 16.577
57097.210 16.582
57097.210 16.594
57097.210 16.601
57098.151 16.550
57098.151 16.550
57098.151 16.558
57098.151 16.560
57098.151 16.562
57098.151 16.574
57098.151 16.579
57098.151 16.590
57098.151 16.598
57098.210 16.550
57098.210 16.550
57098.210 16.558
57098.210 16.559
57098.210 16.562
57098.210 16.574
57098.210 16.579
57098.210 16.590
57098.210 16.598
57098.610 16.548
57098.610 16.549
57098.610 16.557
57098.610 16.558
57098.610 16.560
57098.610 16.572
57098.610 16.577
57098.610 16.589
57098.610 16.596
57098.987 16.547
57098.987 16.548
57098.987 16.556
57098.987 16.557
57098.987 16.559
57098.987 16.571
57098.987 16.576
57098.987 16.587
57098.987 16.595
57099.250 16.546
57099.250 16.547
57099.250 16.555
57099.250 16.557
57099.250 16.558
57099.250 16.570
57099.250 16.575
57099.250 16.586
57099.250 16.594
57100.984 16.541
57100.984 16.543
57100.984 16.552
57100.984 16.553
57100.984 16.554
57100.984 16.565
57100.984 16.570
57100.984 16.581
57100.984 16.589
57101.310 16.541
57101.310 16.542
57101.310 16.551
57101.310 16.553
57101.310 16.553
57101.310 16.564
57101.310 16.570
57101.310 16.580
57101.310 16.588
57102.170 16.539
57102.170 16.540
57102.170 16.549
57102.170 16.551
57102.170 16.551
57102.170 16.562
57102.170 16.568
57102.170 16.578
57102.170 16.586
57102.520 16.538
57102.520 16.540
57102.520 16.549
57102.520 16.550
57102.520 16.551
57102.520 16.561
57102.520 16.567
57102.520 16.577
57102.520 16.585
57103.400 16.536
57103.400 16.538
57103.400 16.548
57103.400 16.549
57103.400 16.550
57103.400 16.559
57103.400 16.565
57103.400 16.576
57103.400 16.583
57103.587 16.536
57103.587 16.538
57103.587 16.547
57103.587 16.548
57103.587 16.550
57103.587 16.559
57103.587 16.565
57103.587 16.575
57103.587 16.582
57103.760 16.536
57103.760 16.538
57103.760 16.547
57103.760 16.548
57103.760 16.550
57103.760 16.558
57103.760 16.565
57103.760 16.575
57103.760 16.582
57104.180 16.535
57104.180 16.537
57104.180 16.547
57104.180 16.547
57104.180 16.549
57104.180 16.558
57104.180 16.564
57104.180 16.574
57104.180 16.581
57104.430 16.535
57104.430 16.537
57104.430 16.547
57104.430 16.547
57104.430 16.549
57104.430 16.557
57104.430 16.564
57104.430 16.574
57104.430 16.581
57106.440 16.532
57106.440 16.536
57106.440 16.545
57106.440 16.545
57106.440 16.548
57106.440 16.555
57106.440 16.562
57106.440 16.571
57106.440 16.578
57106.872 16.532
57106.872 16.536
57106.872 16.545
57106.872 16.545
57106.872 16.548
57106.872 16.554
57106.872 16.561
57106.872 16.571
57106.872 16.578
57109.022 16.532
57109.022 16.536
57109.022 16.544
57109.022 16.545
57109.022 16.549
57109.022 16.553
57109.022 16.560
57109.022 16.570
57109.022 16.576
57110.160 16.532
57110.160 16.536
57110.160 16.544
57110.160 16.546
57110.160 16.550
57110.160 16.553
57110.160 16.561
57110.160 16.570
57110.160 16.576
57110.180 16.532
57110.180 16.536
57110.180 16.544
57110.180 16.546
57110.180 16.550
57110.180 16.553
57110.180 16.561
57110.180 16.570
57110.180 16.576
57110.210 16.532
57110.210 16.536
57110.210 16.544
57110.210 16.546
57110.210 16.550
57110.210 16.553
57110.210 16.561
57110.210 16.570
57110.210 16.576
57110.699 16.532
57110.699 16.537
57110.699 16.545
57110.699 16.546
57110.699 16.550
57110.699 16.553
57110.699 16.561
57110.699 16.570
57110.699 16.576
57111.503 16.533
57111.503 16.537
57111.503 16.545
57111.503 16.547
57111.503 16.551
57111.503 16.554
57111.503 16.561
57111.503 16.571
57111.503 16.576
57113.290 16.535
57113.290 16.540
57113.290 16.547
57113.290 16.549
57113.290 16.554
57113.290 16.555
57113.290 16.563
57113.290 16.572
57113.290 16.577
57114.458 16.537
57114.458 16.542
57114.458 16.549
57114.458 16.551
57114.458 16.556
57114.458 16.557
57114.458 16.564
57114.458 16.574
57114.458 16.578
57116.930 16.542
57116.930 16.547
57116.930 16.553
57116.930 16.557
57116.930 16.561
57116.930 16.562
57116.930 16.569
57116.930 16.579
57116.930 16.582
57117.250 16.542
57117.250 16.548
57117.250 16.554
57117.250 16.558
57117.250 16.561
57117.250 16.563
57117.250 16.569
57117.250 16.579
57117.250 16.582
57118.210 16.545
57118.210 16.551
57118.210 16.556
57118.210 16.560
57118.210 16.564
57118.210 16.566
57118.210 16.571
57118.210 16.582
57118.210 16.584
57118.422 16.546
57118.422 16.552
57118.422 16.557
57118.422 16.561
57118.422 16.564
57118.422 16.567
57118.422 16.572
57118.422 16.582
57118.422 16.584
57119.894 16.550
57119.894 16.556
57119.894 16.561
57119.894 16.565
57119.894 16.568
57119.894 16.571
57119.894 16.576
57119.894 16.586
57119.894 16.588
57120.150 16.551
57120.150 16.557
57120.150 16.562
57120.150 16.566
57120.150 16.569
57120.150 16.572
57120.150 16.577
57120.150 16.587
57120.150 16.588
57120.210 16.551
57120.210 16.557
57120.210 16.562
57120.210 16.566
57120.210 16.569
57120.210 16.572
57120.210 16.577
57120.210 16.587
57120.210 16.589
57120.450 16.552
57120.450 16.558
57120.450 16.563
57120.450 16.567
57120.450 16.570
57120.450 16.573
57120.450 16.577
57120.450 16.588
57120.450 16.589
57120.816 16.553
57120.816 16.559
57120.816 16.564
57120.816 16.568
57120.816 16.571
57120.816 16.575
57120.816 16.579
57120.816 16.589
57120.816 16.590
57122.075 16.558
57122.075 16.564
57122.075 16.568
57122.075 16.572
57122.075 16.575
57122.075 16.579
57122.075 16.583
57122.075 16.593
57122.075 16.594
57122.130 16.558
57122.130 16.564
57122.130 16.568
57122.130 16.573
57122.130 16.575
57122.130 16.580
57122.130 16.583
57122.130 16.594
57122.130 16.594
57122.785 16.561
57122.785 16.567
57122.785 16.571
57122.785 16.575
57122.785 16.577
57122.785 16.582
57122.785 16.585
57122.785 16.596
57122.785 16.596
57122.850 16.561
57122.850 16.567
57122.850 16.571
57122.850 16.575
57122.850 16.578
57122.850 16.582
57122.850 16.585
57122.850 16.596
57122.850 16.596
57123.870 16.565
57123.870 16.572
57123.870 16.575
57123.870 16.579
57123.870 16.582
57123.870 16.587
57123.870 16.589
57123.870 16.600
57123.870 16.600
57125.330 16.571
57125.330 16.578
57125.330 16.581
57125.330 16.586
57125.330 16.587
57125.330 16.593
57125.330 16.595
57125.330 16.605
57125.330 16.606
57126.180 16.576
57126.180 16.582
57126.180 16.585
57126.180 16.589
57126.180 16.591
57126.180 16.597
57126.180 16.598
57126.180 16.608
57126.180 16.610
57127.720 16.583
57127.720 16.590
57127.720 16.592
57127.720 16.597
57127.720 16.598
57127.720 16.605
57127.720 16.605
57127.720 16.615
57127.720 16.617
57128.160 16.586
57128.160 16.592
57128.160 16.594
57128.160 16.599
57128.160 16.600
57128.160 16.607
57128.160 16.607
57128.160 16.617
57128.160 16.619
57128.629 16.588
57128.629 16.595
57128.629 16.596
57128.629 16.601
57128.629 16.603
57128.629 16.609
57128.629 16.610
57128.629 16.619
57128.629 16.622
57129.940 16.595
57129.940 16.602
57129.940 16.603
57129.940 16.608
57129.940 16.609
57129.940 16.616
57129.940 16.617
57129.940 16.625
57129.940 16.628
57130.765 16.600
57130.765 16.607
57130.765 16.608
57130.765 16.612
57130.765 16.614
57130.765 16.620
57130.765 16.621
57130.765 16.629
57130.765 16.633
57131.527 16.605
57131.527 16.611
57131.527 16.612
57131.527 16.617
57131.527 16.618
57131.527 16.624
57131.527 16.626
57131.527 16.633
57131.527 16.637
57131.710 16.606
57131.710 16.613
57131.710 16.613
57131.710 16.618
57131.710 16.619
57131.710 16.625
57131.710 16.627
57131.710 16.634
57131.710 16.638
57132.930 16.614
57132.930 16.620
57132.930 16.620
57132.930 16.625
57132.930 16.626
57132.930 16.632
57132.930 16.634
57132.930 16.640
57132.930 16.645
57134.240 16.622
57134.240 16.628
57134.240 16.629
57134.240 16.633
57134.240 16.634
57134.240 16.640
57134.240 16.642
57134.240 16.648
57134.240 16.653
57134.860 16.626
57134.860 16.632
57134.860 16.633
57134.860 16.637
57134.860 16.638
57134.860 16.644
57134.860 16.646
57134.860 16.651
57134.860 16.657
57135.440 16.630
57135.440 16.636
57135.440 16.637
57135.440 16.640
57135.440 16.642
57135.440 16.647
57135.440 16.650
57135.440 16.655
57135.440 16.661
57135.940 16.634
57135.940 16.639
57135.940 16.640
57135.940 16.643
57135.940 16.645
57135.940 16.651
57135.940 16.653
57135.940 16.658
57135.940 16.664
57136.201 16.636
57136.201 16.640
57136.201 16.642
57136.201 16.645
57136.201 16.647
57136.201 16.652
57136.201 16.655
57136.201 16.659
57136.201 16.666
57136.314 16.637
57136.314 16.641
57136.314 16.643
57136.314 16.646
57136.314 16.648
57136.314 16.653
57136.314 16.656
57136.314 16.660
57136.314 16.667
57137.210 16.643
57137.210 16.647
57137.210 16.649
57137.210 16.652
57137.210 16.654
57137.210 16.659
57137.210 16.662
57137.210 16.666
57137.210 16.673
57137.270 16.643
57137.270 16.648
57137.270 16.650
57137.270 16.652
57137.270 16.654
57137.270 16.659
57137.270 16.662
57137.270 16.666
57137.270 16.673
57138.860 16.655
57138.860 16.659
57138.860 16.661
57138.860 16.663
57138.860 16.666
57138.860 16.670
57138.860 16.673
57138.860 16.676
57138.860 16.684
57138.880 16.656
57138.880 16.659
57138.880 16.662
57138.880 16.663
57138.880 16.666
57138.880 16.670
57138.880 16.674
57138.880 16.677
57138.880 16.685
57139.210 16.658
57139.210 16.661
57139.210 16.664
57139.210 16.666
57139.210 16.668
57139.210 16.672
57139.210 16.676
57139.210 16.679
57139.210 16.687
57140.100 16.665
57140.100 16.668
57140.100 16.671
57140.100 16.672
57140.100 16.675
57140.100 16.679
57140.100 16.682
57140.100 16.685
57140.100 16.693
57141.170 16.674
57141.170 16.676
57141.170 16.679
57141.170 16.680
57141.170 16.683
57141.170 16.687
57141.170 16.690
57141.170 16.692
57141.170 16.702
57141.637 16.677
57141.637 16.679
57141.637 16.683
57141.637 16.683
57141.637 16.686
57141.637 16.690
57141.637 16.694
57141.637 16.696
57141.637 16.705
57144.468 16.701
57144.468 16.705
57144.468 16.709
57144.468 16.712
57144.468 16.713
57144.468 16.716
57144.468 16.717
57144.468 16.719
57144.468 16.727
57144.710 16.703
57144.710 16.707
57144.710 16.711
57144.710 16.714
57144.710 16.717
57144.710 16.718
57144.710 16.719
57144.710 16.723
57144.710 16.729
57144.890 16.705
57144.890 16.708
57144.890 16.713
57144.890 16.715
57144.890 16.719
57144.890 16.720
57144.890 16.721
57144.890 16.726
57144.890 16.731
57147.073 16.732
57147.073 16.737
57147.073 16.738
57147.073 16.743
57147.073 16.746
57147.073 16.752
57147.073 16.757
57147.073 16.761
57147.073 16.767
57148.310 16.748
57148.310 16.755
57148.310 16.759
57148.310 16.766
57148.310 16.769
57148.310 16.775
57148.310 16.780
57148.310 16.784
57148.310 16.790
57150.030 16.780
57150.030 16.788
57150.030 16.791
57150.030 16.799
57150.030 16.800
57150.030 16.807
57150.030 16.811
57150.030 16.816
57150.030 16.822
57150.960 16.798
57150.960 16.805
57150.960 16.808
57150.960 16.817
57150.960 16.817
57150.960 16.824
57150.960 16.828
57150.960 16.833
57150.960 16.840
57151.187 16.802
57151.187 16.810
57151.187 16.812
57151.187 16.822
57151.187 16.822
57151.187 16.828
57151.187 16.832
57151.187 16.838
57151.187 16.844
57152.160 16.821
57152.160 16.828
57152.160 16.830
57152.160 16.839
57152.160 16.840
57152.160 16.846
57152.160 16.850
57152.160 16.856
57152.160 16.862
57152.508 16.828
57152.508 16.835
57152.508 16.836
57152.508 16.846
57152.508 16.847
57152.508 16.853
57152.508 16.857
57152.508 16.862
57152.508 16.869
57155.150 16.880
57155.150 16.885
57155.150 16.885
57155.150 16.895
57155.150 16.898
57155.150 16.902
57155.150 16.905
57155.150 16.912
57155.150 16.918
57155.760 16.892
57155.760 16.896
57155.760 16.897
57155.760 16.906
57155.760 16.910
57155.760 16.913
57155.760 16.917
57155.760 16.923
57155.760 16.930
57157.944 16.935
57157.944 16.936
57157.944 16.939
57157.944 16.947
57157.944 16.952
57157.944 16.954
57157.944 16.957
57157.944 16.964
57157.944 16.971
57158.800 16.951
57158.800 16.952
57158.800 16.955
57158.800 16.963
57158.800 16.968
57158.800 16.970
57158.800 16.973
57158.800 16.980
57158.800 16.987
57160.050 16.976
57160.050 16.976
57160.050 16.979
57160.050 16.986
57160.050 16.992
57160.050 16.993
57160.050 16.996
57160.050 17.004
57160.050 17.011
57160.630 16.986
57160.630 16.987
57160.630 16.990
57160.630 16.997
57160.630 17.004
57160.630 17.004
57160.630 17.006
57160.630 17.015
57160.630 17.022
57161.010 16.994
57161.010 16.995
57161.010 16.997
57161.010 17.004
57161.010 17.011
57161.010 17.011
57161.010 17.013
57161.010 17.022
57161.010 17.029
57161.700 17.006
57161.700 17.008
57161.700 17.010
57161.700 17.017
57161.700 17.024
57161.700 17.024
57161.700 17.026
57161.700 17.035
57161.700 17.042
57162.730 17.026
57162.730 17.028
57162.730 17.030
57162.730 17.037
57162.730 17.044
57162.730 17.044
57162.730 17.045
57162.730 17.054
57162.730 17.061
57162.900 17.029
57162.900 17.031
57162.900 17.033
57162.900 17.040
57162.900 17.047
57162.900 17.047
57162.900 17.048
57162.900 17.058
57162.900 17.064
57163.380 17.038
57163.380 17.041
57163.380 17.043
57163.380 17.049
57163.380 17.056
57163.380 17.057
57163.380 17.057
57163.380 17.067
57163.380 17.073
57166.353 17.093
57166.353 17.098
57166.353 17.099
57166.353 17.104
57166.353 17.111
57166.353 17.112
57166.353 17.114
57166.353 17.123
57166.353 17.129
57166.920 17.104
57166.920 17.109
57166.920 17.110
57166.920 17.115
57166.920 17.122
57166.920 17.122
57166.920 17.125
57166.920 17.133
57166.920 17.140
57168.816 17.140
57168.816 17.146
57168.816 17.146
57168.816 17.151
57168.816 17.156
57168.816 17.158
57168.816 17.161
57168.816 17.169
57168.816 17.175
57171.900 17.197
57171.900 17.204
57171.900 17.205
57171.900 17.208
57171.900 17.213
57171.900 17.215
57171.900 17.220
57171.900 17.226
57171.900 17.233
57172.407 17.207
57172.407 17.214
57172.407 17.214
57172.407 17.218
57172.407 17.222
57172.407 17.225
57172.407 17.229
57172.407 17.236
57172.407 17.242
57173.380 17.225
57173.380 17.232
57173.380 17.233
57173.380 17.236
57173.380 17.239
57173.380 17.243
57173.380 17.248
57173.380 17.254
57173.380 17.260
57174.252 17.241
57174.252 17.249
57174.252 17.249
57174.252 17.252
57174.252 17.255
57174.252 17.259
57174.252 17.264
57174.252 17.270
57174.252 17.276
57175.020 17.256
57175.020 17.263
57175.020 17.264
57175.020 17.266
57175.020 17.269
57175.020 17.273
57175.020 17.279
57175.020 17.284
57175.020 17.290
57176.950 17.292
57176.950 17.299
57176.950 17.300
57176.950 17.302
57176.950 17.304
57176.950 17.309
57176.950 17.315
57176.950 17.320
57176.950 17.326
57178.110 17.313
57178.110 17.321
57178.110 17.322
57178.110 17.324
57178.110 17.325
57178.110 17.330
57178.110 17.337
57178.110 17.341
57178.110 17.347
57179.110 17.332
57179.110 17.339
57179.110 17.341
57179.110 17.342
57179.110 17.342
57179.110 17.349
57179.110 17.356
57179.110 17.359
57179.110 17.365
57179.687 17.343
57179.687 17.350
57179.687 17.351
57179.687 17.353
57179.687 17.353
57179.687 17.359
57179.687 17.367
57179.687 17.370
57179.687 17.376
57182.120 17.388
57182.120 17.395
57182.120 17.396
57182.120 17.396
57182.120 17.397
57182.120 17.404
57182.120 17.412
57182.120 17.414
57182.120 17.420
57183.020 17.404
57183.020 17.412
57183.020 17.412
57183.020 17.413
57183.020 17.414
57183.020 17.420
57183.020 17.429
57183.020 17.431
57183.020 17.436
57184.030 17.423
57184.030 17.430
57184.030 17.430
57184.030 17.432
57184.030 17.432
57184.030 17.439
57184.030 17.447
57184.030 17.449
57184.030 17.455
57184.960 17.440
57184.960 17.446
57184.960 17.447
57184.960 17.449
57184.960 17.449
57184.960 17.456
57184.960 17.464
57184.960 17.466
57184.960 17.471
57185.020 17.441
57185.020 17.447
57185.020 17.448
57185.020 17.450
57185.020 17.450
57185.020 17.457
57185.020 17.466
57185.020 17.467
57185.020 17.472
57185.123 17.443
57185.123 17.449
57185.123 17.450
57185.123 17.452
57185.123 17.452
57185.123 17.458
57185.123 17.467
57185.123 17.469
57185.123 17.474
57185.212 17.445
57185.212 17.450
57185.212 17.452
57185.212 17.453
57185.212 17.454
57185.212 17.460
57185.212 17.469
57185.212 17.470
57185.212 17.476
57186.770 17.473
57186.770 17.478
57186.770 17.480
57186.770 17.482
57186.770 17.482
57186.770 17.488
57186.770 17.498
57186.770 17.498
57186.770 17.504
57190.559 17.542
57190.559 17.543
57190.559 17.548
57190.559 17.550
57190.559 17.550
57190.559 17.556
57190.559 17.566
57190.559 17.567
57190.559 17.571
57192.710 17.581
57192.710 17.581
57192.710 17.587
57192.710 17.588
57192.710 17.589
57192.710 17.595
57192.710 17.604
57192.710 17.605
57192.710 17.609
57195.995 17.637
57195.995 17.640
57195.995 17.645
57195.995 17.646
57195.995 17.647
57195.995 17.652
57195.995 17.662
57195.995 17.664
57195.995 17.666
57199.060 17.688
57199.060 17.695
57199.060 17.698
57199.060 17.700
57199.060 17.701
57199.060 17.706
57199.060 17.715
57199.060 17.718
57199.060 17.719
57199.380 17.694
57199.380 17.700
57199.380 17.704
57199.380 17.705
57199.380 17.706
57199.380 17.711
57199.380 17.720
57199.380 17.723
57199.380 17.724
57201.430 17.728
57201.430 17.737
57201.430 17.740
57201.430 17.741
57201.430 17.742
57201.430 17.747
57201.430 17.755
57201.430 17.759
57201.430 17.759
57205.700 17.799
57205.700 17.811
57205.700 17.813
57205.700 17.813
57205.700 17.815
57205.700 17.820
57205.700 17.828
57205.700 17.831
57205.700 17.833
57206.340 17.809
57206.340 17.822
57206.340 17.823
57206.340 17.824
57206.340 17.826
57206.340 17.831
57206.340 17.839
57206.340 17.842
57206.340 17.844
57206.833 17.817
57206.833 17.831
57206.833 17.832
57206.833 17.833
57206.833 17.835
57206.833 17.839
57206.833 17.847
57206.833 17.850
57206.833 17.852
57206.866 17.818
57206.866 17.831
57206.866 17.832
57206.866 17.833
57206.866 17.835
57206.866 17.840
57206.866 17.847
57206.866 17.851
57206.866 17.853
57210.040 17.869
57210.040 17.886
57210.040 17.886
57210.040 17.886
57210.040 17.889
57210.040 17.893
57210.040 17.900
57210.040 17.903
57210.040 17.906
57212.302 17.906
57212.302 17.923
57212.302 17.924
57212.302 17.924
57212.302 17.927
57212.302 17.930
57212.302 17.938
57212.302 17.940
57212.302 17.944
57212.390 17.907
57212.390 17.925
57212.390 17.925
57212.390 17.926
57212.390 17.928
57212.390 17.932
57212.390 17.939
57212.390 17.942
57212.390 17.946
57217.730 17.992
57217.730 18.012
57217.730 18.012
57217.730 18.015
57217.730 18.016
57217.730 18.019
57217.730 18.026
57217.730 18.028
57217.730 18.034
57217.738 17.992
57217.738 18.012
57217.738 18.013
57217.738 18.015
57217.738 18.017
57217.738 18.020
57217.738 18.026
57217.738 18.028
57217.738 18.034
57221.000 18.043
57221.000 18.065
57221.000 18.065
57221.000 18.069
57221.000 18.070
57221.000 18.072
57221.000 18.079
57221.000 18.080
57221.000 18.087
57223.173 18.077
57223.173 18.099
57223.173 18.100
57223.173 18.104
57223.173 18.105
57223.173 18.107
57223.173 18.113
57223.173 18.114
57223.173 18.122
57228.609 18.160
57228.609 18.185
57228.609 18.186
57228.609 18.191
57228.609 18.192
57228.609 18.193
57228.609 18.198
57228.609 18.199
57228.609 18.208
57230.350 18.187
57230.350 18.212
57230.350 18.213
57230.350 18.218
57230.350 18.220
57230.350 18.220
57230.350 18.225
57230.350 18.226
57230.350 18.236
57232.370 18.217
57232.370 18.243
57232.370 18.244
57232.370 18.249
57232.370 18.251
57232.370 18.251
57232.370 18.256
57232.370 18.257
57232.370 18.267
57234.045 18.242
57234.045 18.269
57234.045 18.270
57234.045 18.275
57234.045 18.277
57234.045 18.278
57234.045 18.282
57234.045 18.282
57234.045 18.293
57236.710 18.282
57236.710 18.309
57236.710 18.310
57236.710 18.316
57236.710 18.317
57236.710 18.319
57236.710 18.322
57236.710 18.322
57236.710 18.334
57239.481 18.323
57239.481 18.351
57239.481 18.352
57239.481 18.358
57239.481 18.359
57239.481 18.362
57239.481 18.364
57239.481 18.364
57239.481 18.376
57244.916 18.402
57244.916 18.432
57244.916 18.433
57244.916 18.440
57244.916 18.440
57244.916 18.444
57244.916 18.444
57244.916 18.444
57244.916 18.457
57250.352 18.479
57250.352 18.511
57250.352 18.513
57250.352 18.519
57250.352 18.519
57250.352 18.522
57250.352 18.524
57250.352 18.525
57250.352 18.537
57255.788 18.555
57255.788 18.589
57255.788 18.591
57255.788 18.597
57255.788 18.598
57255.788 18.600
57255.788 18.601
57255.788 18.604
57255.788 18.615
57261.224 18.631
57261.224 18.665
57261.224 18.668
57261.224 18.674
57261.224 18.674
57261.224 18.676
57261.224 18.678
57261.224 18.682
57261.224 18.692
57266.659 18.704
57266.659 18.741
57266.659 18.743
57266.659 18.749
57266.659 18.750
57266.659 18.751
57266.659 18.753
57266.659 18.758
57266.659 18.768
57272.095 18.777
57272.095 18.815
57272.095 18.817
57272.095 18.824
57272.095 18.824
57272.095 18.824
57272.095 18.827
57272.095 18.833
57272.095 18.842
57277.531 18.849
57277.531 18.888
57277.531 18.891
57277.531 18.897
57277.531 18.897
57277.531 18.897
57277.531 18.900
57277.531 18.907
57277.531 18.915
57282.967 18.919
57282.967 18.960
57282.967 18.962
57282.967 18.968
57282.967 18.968
57282.967 18.969
57282.967 18.971
57282.967 18.979
57282.967 18.987
57288.402 18.989
57288.402 19.031
57288.402 19.033
57288.402 19.038
57288.402 19.039
57288.402 19.040
57288.402 19.042
57288.402 19.050
57288.402 19.058
57293.838 19.057
57293.838 19.101
57293.838 19.103
57293.838 19.107
57293.838 19.109
57293.838 19.109
57293.838 19.111
57293.838 19.121
57293.838 19.128
57299.274 19.124
57299.274 19.169
57299.274 19.172
57299.274 19.175
57299.274 19.177
57299.274 19.178
57299.274 19.180
57299.274 19.190
57299.274 19.197
57304.710 19.191
57304.710 19.237
57304.710 19.239
57304.710 19.242
57304.710 19.245
57304.710 19.245
57304.710 19.247
57304.710 19.257
57304.710 19.264
57310.145 19.256
57310.145 19.304
57310.145 19.306
57310.145 19.308
57310.145 19.311
57310.145 19.312
57310.145 19.313
57310.145 19.324
57310.145 19.331
57315.581 19.320
57315.581 19.370
57315.581 19.372
57315.581 19.374
57315.581 19.377
57315.581 19.377
57315.581 19.379
57315.581 19.390
57315.581 19.397
57321.017 19.384
57321.017 19.435
57321.017 19.436
57321.017 19.438
57321.017 19.441
57321.017 19.442
57321.017 19.444
57321.017 19.455
57321.017 19.461
57326.453 19.447
57326.453 19.499
57326.453 19.500
57326.453 19.501
57326.453 19.505
57326.453 19.505
57326.453 19.507
57326.453 19.519
57326.453 19.525
57330.722 19.495
57330.722 19.548
57330.722 19.550
57330.722 19.550
57330.722 19.554
57330.722 19.555
57330.722 19.557
57330.722 19.569
57330.722 19.575
57331.888 19.509
57331.888 19.562
57331.888 19.563
57331.888 19.564
57331.888 19.568
57331.888 19.568
57331.888 19.570
57331.888 19.582
57331.888 19.588
57335.787 19.552
57335.787 19.606
57335.787 19.608
57335.787 19.608
57335.787 19.612
57335.787 19.613
57335.787 19.615
57335.787 19.627
57335.787 19.633
57337.324 19.570
57337.324 19.624
57337.324 19.625
57337.324 19.625
57337.324 19.630
57337.324 19.630
57337.324 19.632
57337.324 19.645
57337.324 19.650
57342.760 19.630
57342.760 19.685
57342.760 19.686
57342.760 19.687
57342.760 19.691
57342.760 19.691
57342.760 19.693
57342.760 19.706
57342.760 19.711
57348.196 19.689
57348.196 19.746
57348.196 19.746
57348.196 19.747
57348.196 19.751
57348.196 19.751
57348.196 19.753
57348.196 19.766
57348.196 19.772
57353.632 19.748
57353.632 19.805
57353.632 19.806
57353.632 19.807
57353.632 19.811
57353.632 19.811
57353.632 19.813
57353.632 19.826
57353.632 19.831
57359.067 19.806
57359.067 19.864
57359.067 19.865
57359.067 19.866
57359.067 19.869
57359.067 19.870
57359.067 19.872
57359.067 19.885
57359.067 19.890
57364.503 19.863
57364.503 19.922
57364.503 19.923
57364.503 19.924
57364.503 19.927
57364.503 19.928
57364.503 19.930
57364.503 19.943
57364.503 19.948
57369.939 19.919
57369.939 19.979
57369.939 19.981
57369.939 19.981
57369.939 19.984
57369.939 19.985
57369.939 19.987
57369.939 20.001
57369.939 20.005
57373.330 19.954
57373.330 20.014
57373.330 20.016
57373.330 20.017
57373.330 20.020
57373.330 20.020
57373.330 20.022
57373.330 20.036
57373.330 20.041
57375.375 19.975
57375.375 20.035
57375.375 20.038
57375.375 20.038
57375.375 20.041
57375.375 20.042
57375.375 20.044
57375.375 20.057
57375.375 20.062
57378.080 20.003
57378.080 20.063
57378.080 20.066
57378.080 20.066
57378.080 20.069
57378.080 20.070
57378.080 20.071
57378.080 20.085
57378.080 20.090
57379.200 20.014
57379.200 20.074
57379.200 20.077
57379.200 20.078
57379.200 20.080
57379.200 20.081
57379.200 20.083
57379.200 20.097
57379.200 20.102
57380.810 20.030
57380.810 20.091
57380.810 20.094
57380.810 20.094
57380.810 20.096
57380.810 20.098
57380.810 20.099
57380.810 20.113
57380.810 20.118
57386.246 20.085
57386.246 20.146
57386.246 20.149
57386.246 20.149
57386.246 20.152
57386.246 20.153
57386.246 20.155
57386.246 20.169
57386.246 20.173
57391.682 20.138
57391.682 20.200
57391.682 20.204
57391.682 20.204
57391.682 20.206
57391.682 20.207
57391.682 20.209
57391.682 20.223
57391.682 20.228
57397.118 20.191
57397.118 20.253
57397.118 20.258
57397.118 20.258
57397.118 20.260
57397.118 20.261
57397.118 20.263
57397.118 20.277
57397.118 20.282
57401.580 20.235
57401.580 20.297
57401.580 20.302
57401.580 20.302
57401.580 20.303
57401.580 20.305
57401.580 20.307
57401.580 20.321
57401.580 20.325
57402.553 20.244
57402.553 20.306
57402.553 20.311
57402.553 20.312
57402.553 20.313
57402.553 20.315
57402.553 20.316
57402.553 20.331
57402.553 20.335
57403.500 20.253
57403.500 20.316
57403.500 20.321
57403.500 20.321
57403.500 20.322
57403.500 20.324
57403.500 20.325
57403.500 20.340
57403.500 20.344
57404.300 20.261
57404.300 20.323
57404.300 20.328
57404.300 20.329
57404.300 20.330
57404.300 20.332
57404.300 20.333
57404.300 20.348
57404.300 20.352
57407.989 20.296
57407.989 20.359
57407.989 20.364
57407.989 20.365
57407.989 20.365
57407.989 20.367
57407.989 20.369
57407.989 20.383
57407.989 20.387
57409.470 20.310
57409.470 20.373
57409.470 20.378
57409.470 20.379
57409.470 20.379
57409.470 20.381
57409.470 20.383
57409.470 20.398
57409.470 20.402
57413.425 20.347
57413.425 20.411
57413.425 20.416
57413.425 20.417
57413.425 20.417
57413.425 20.419
57413.425 20.421
57413.425 20.435
57413.425 20.439
57418.861 20.398
57418.861 20.462
57418.861 20.468
57418.861 20.468
57418.861 20.469
57418.861 20.471
57418.861 20.472
57418.861 20.487
57418.861 20.491
57423.220 20.438
57423.220 20.502
57423.220 20.509
57423.220 20.509
57423.220 20.510
57423.220 20.512
57423.220 20.513
57423.220 20.528
57423.220 20.532
57423.520 20.441
57423.520 20.505
57423.520 20.511
57423.520 20.512
57423.520 20.512
57423.520 20.514
57423.520 20.516
57423.520 20.531
57423.520 20.534
57424.296 20.448
57424.296 20.512
57424.296 20.519
57424.296 20.519
57424.296 20.520
57424.296 20.522
57424.296 20.523
57424.296 20.538
57424.296 20.542
57425.630 20.460
57425.630 20.525
57425.630 20.531
57425.630 20.531
57425.630 20.532
57425.630 20.534
57425.630 20.535
57425.630 20.550
57425.630 20.554
57429.732 20.497
57429.732 20.562
57429.732 20.569
57429.732 20.569
57429.732 20.570
57429.732 20.572
57429.732 20.573
57429.732 20.588
57429.732 20.592
57433.210 20.529
57433.210 20.594
57433.210 20.601
57433.210 20.601
57433.210 20.602
57433.210 20.604
57433.210 20.605
57433.210 20.620
57433.210 20.624
57433.550 20.532
57433.550 20.597
57433.550 20.604
57433.550 20.604
57433.550 20.605
57433.550 20.607
57433.550 20.608
57433.550 20.623
57433.550 20.627
57435.168 20.546
57435.168 20.612
57435.168 20.619
57435.168 20.619
57435.168 20.620
57435.168 20.622
57435.168 20.623
57435.168 20.638
57435.168 20.642
57437.720 20.569
57437.720 20.635
57437.720 20.642
57437.720 20.642
57437.720 20.643
57437.720 20.645
57437.720 20.646
57437.720 20.661
57437.720 20.665
57440.604 20.595
57440.604 20.661
57440.604 20.668
57440.604 20.668
57440.604 20.670
57440.604 20.671
57440.604 20.672
57440.604 20.687
57440.604 20.691
57444.240 20.627
57444.240 20.693
57444.240 20.700
57444.240 20.701
57444.240 20.702
57444.240 20.703
57444.240 20.705
57444.240 20.720
57444.240 20.723
57446.039 20.643
57446.039 20.709
57446.039 20.716
57446.039 20.717
57446.039 20.719
57446.039 20.719
57446.039 20.721
57446.039 20.736
57446.039 20.739
57450.520 20.682
57450.520 20.749
57450.520 20.756
57450.520 20.757
57450.520 20.758
57450.520 20.759
57450.520 20.760
57450.520 20.775
57450.520 20.779
57451.475 20.690
57451.475 20.757
57451.475 20.764
57451.475 20.765
57451.475 20.767
57451.475 20.768
57451.475 20.769
57451.475 20.784
57451.475 20.787
57456.270 20.732
57456.270 20.799
57456.270 20.806
57456.270 20.807
57456.270 20.809
57456.270 20.810
57456.270 20.811
57456.270 20.826
57456.270 20.829
57456.911 20.737
57456.911 20.805
57456.911 20.811
57456.911 20.813
57456.911 20.815
57456.911 20.815
57456.911 20.816
57456.911 20.831
57456.911 20.835
57458.570 20.752
57458.570 20.819
57458.570 20.826
57458.570 20.827
57458.570 20.829
57458.570 20.830
57458.570 20.831
57458.570 20.846
57458.570 20.849
57462.347 20.784
57462.347 20.851
57462.347 20.858
57462.347 20.860
57462.347 20.862
57462.347 20.862
57462.347 20.863
57462.347 20.879
57462.347 20.882
57465.530 20.811
57465.530 20.879
57465.530 20.886
57465.530 20.887
57465.530 20.890
57465.530 20.890
57465.530 20.891
57465.530 20.906
57465.530 20.909
57467.782 20.830
57467.782 20.898
57467.782 20.905
57467.782 20.907
57467.782 20.909
57467.782 20.909
57467.782 20.910
57467.782 20.925
57467.782 20.928
57473.218 20.875
57473.218 20.944
57473.218 20.951
57473.218 20.953
57473.218 20.955
57473.218 20.955
57473.218 20.956
57473.218 20.971
57473.218 20.975
57478.654 20.920
57478.654 20.989
57478.654 20.996
57478.654 20.998
57478.654 21.001
57478.654 21.001
57478.654 21.002
57478.654 21.017
57478.654 21.020
57484.090 20.965
57484.090 21.034
57484.090 21.041
57484.090 21.044
57484.090 21.046
57484.090 21.046
57484.090 21.047
57484.090 21.062
57484.090 21.065
57488.150 20.998
57488.150 21.068
57488.150 21.075
57488.150 21.077
57488.150 21.079
57488.150 21.080
57488.150 21.080
57488.150 21.096
57488.150 21.099
57489.525 21.009
57489.525 21.079
57489.525 21.086
57489.525 21.089
57489.525 21.091
57489.525 21.091
57489.525 21.092
57489.525 21.107
57489.525 21.110
57492.140 21.030
57492.140 21.100
57492.140 21.107
57492.140 21.110
57492.140 21.112
57492.140 21.113
57492.140 21.113
57492.140 21.128
57492.140 21.131
57494.961 21.053
57494.961 21.123
57494.961 21.130
57494.961 21.133
57494.961 21.135
57494.961 21.136
57494.961 21.136
57494.961 21.151
57494.961 21.154
57500.397 21.096
57500.397 21.167
57500.397 21.174
57500.397 21.177
57500.397 21.179
57500.397 21.180
57500.397 21.180
57500.397 21.195
57500.397 21.198
57505.833 21.139
57505.833 21.210
57505.833 21.217
57505.833 21.220
57505.833 21.222
57505.833 21.223
57505.833 21.224
57505.833 21.239
57505.833 21.241
57511.268 21.181
57511.268 21.253
57511.268 21.260
57511.268 21.263
57511.268 21.265
57511.268 21.266
57511.268 21.267
57511.268 21.282
57511.268 21.284
57516.704 21.223
57516.704 21.295
57516.704 21.302
57516.704 21.306
57516.704 21.308
57516.704 21.309
57516.704 21.310
57516.704 21.324
57516.704 21.327
57522.140 21.265
57522.140 21.337
57522.140 21.344
57522.140 21.348
57522.140 21.350
57522.140 21.351
57522.140 21.352
57522.140 21.366
57522.140 21.369
