56984.000 54.317
56984.000 54.521
56984.000 54.571
56984.000 54.636
56984.000 54.641
56984.000 54.681
56984.000 54.693
56984.000 54.727
56984.000 54.961
56989.436 54.317
56989.436 54.521
56989.436 54.571
56989.436 54.636
56989.436 54.641
56989.436 54.681
56989.436 54.693
56989.436 54.727
56989.436 54.961
56994.872 54.317
56994.872 54.521
56994.872 54.571
56994.872 54.636
56994.872 54.641
56994.872 54.681
56994.872 54.693
56994.872 54.727
56994.872 54.961
57000.307 20.298
57000.307 20.438
57000.307 20.726
57000.307 22.777
57000.307 22.887
57000.307 23.242
57000.307 23.443
57000.307 54.727
57000.307 54.961
57005.743 18.829
57005.743 18.908
57005.743 19.070
57005.743 19.560
57005.743 19.617
57005.743 19.684
57005.743 19.711
57005.743 20.078
57005.743 20.424
57011.179 18.052
57011.179 18.106
57011.179 18.228
57011.179 18.422
57011.179 18.486
57011.179 18.505
57011.179 18.546
57011.179 18.689
57011.179 18.948
57014.000 17.767
57014.000 17.812
57014.000 17.921
57014.000 18.042
57014.000 18.104
57014.000 18.115
57014.000 18.158
57014.000 18.252
57014.000 18.485
57014.070 17.760
57014.070 17.805
57014.070 17.914
57014.070 18.034
57014.070 18.096
57014.070 18.107
57014.070 18.149
57014.070 18.242
57014.070 18.475
57016.615 17.547
57016.615 17.585
57016.615 17.685
57016.615 17.759
57016.615 17.818
57016.615 17.826
57016.615 17.869
57016.615 17.932
57016.615 18.147
57022.050 17.187
57022.050 17.213
57022.050 17.300
57022.050 17.312
57022.050 17.364
57022.050 17.370
57022.050 17.412
57022.050 17.434
57022.050 17.616
57027.486 16.919
57027.486 16.936
57027.486 16.990
57027.486 17.013
57027.486 17.035
57027.486 17.043
57027.486 17.079
57027.486 17.081
57027.486 17.235
57032.922 16.716
57032.922 16.726
57032.922 16.750
57032.922 16.788
57032.922 16.796
57032.922 16.799
57032.922 16.817
57032.922 16.834
57032.922 16.950
57033.490 16.698
57033.490 16.707
57033.490 16.728
57033.490 16.766
57033.490 16.776
57033.490 16.778
57033.490 16.793
57033.490 16.812
57033.490 16.924
57038.358 16.562
57038.358 16.566
57038.358 16.569
57038.358 16.602
57038.358 16.616
57038.358 16.620
57038.358 16.629
57038.358 16.647
57038.358 16.732
57042.030 16.474
57042.030 16.480
57042.030 16.480
57042.030 16.503
57042.030 16.516
57042.030 16.520
57042.030 16.540
57042.030 16.548
57042.030 16.615
57043.793 16.435
57043.793 16.445
57043.793 16.446
57043.793 16.462
57043.793 16.473
57043.793 16.480
57043.793 16.502
57043.793 16.507
57043.793 16.566
57048.700 16.345
57048.700 16.363
57048.700 16.368
57048.700 16.368
57048.700 16.374
57048.700 16.389
57048.700 16.412
57048.700 16.417
57048.700 16.452
57049.229 16.337
57049.229 16.355
57049.229 16.359
57049.229 16.361
57049.229 16.365
57049.229 16.381
57049.229 16.404
57049.229 16.409
57049.229 16.442
57049.700 16.330
57049.700 16.349
57049.700 16.352
57049.700 16.355
57049.700 16.358
57049.700 16.374
57049.700 16.396
57049.700 16.402
57049.700 16.433
57051.470 16.306
57051.470 16.326
57051.470 16.327
57051.470 16.331
57051.470 16.333
57051.470 16.349
57051.470 16.370
57051.470 16.378
57051.470 16.401
57053.500 16.282
57053.500 16.301
57053.500 16.305
57053.500 16.305
57053.500 16.312
57053.500 16.325
57053.500 16.344
57053.500 16.355
57053.500 16.368
57054.665 16.270
57054.665 16.288
57054.665 16.291
57054.665 16.293
57054.665 16.302
57054.665 16.313
57054.665 16.331
57054.665 16.343
57054.665 16.351
57060.101 16.229
57060.101 16.244
57060.101 16.245
57060.101 16.255
57060.101 16.266
57060.101 16.272
57060.101 16.286
57060.101 16.290
57060.101 16.301
57065.536 16.212
57065.536 16.224
57065.536 16.225
57065.536 16.238
57065.536 16.251
57065.536 16.255
57065.536 16.255
57065.536 16.264
57065.536 16.281
57068.470 16.212
57068.470 16.223
57068.470 16.223
57068.470 16.238
57068.470 16.246
57068.470 16.251
57068.470 16.255
57068.470 16.261
57068.470 16.280
57068.970 16.212
57068.970 16.223
57068.970 16.223
57068.970 16.238
57068.970 16.245
57068.970 16.252
57068.970 16.255
57068.970 16.261
57068.970 16.280
57069.450 16.213
57069.450 16.224
57069.450 16.224
57069.450 16.239
57069.450 16.245
57069.450 16.253
57069.450 16.256
57069.450 16.262
57069.450 16.280
57070.972 16.216
57070.972 16.227
57070.972 16.227
57070.972 16.242
57070.972 16.244
57070.972 16.256
57070.972 16.259
57070.972 16.264
57070.972 16.283
57071.600 16.218
57071.600 16.229
57071.600 16.229
57071.600 16.244
57071.600 16.244
57071.600 16.257
57071.600 16.261
57071.600 16.265
57071.600 16.284
57072.394 16.221
57072.394 16.231
57072.394 16.231
57072.394 16.245
57072.394 16.246
57072.394 16.260
57072.394 16.264
57072.394 16.267
57072.394 16.286
57072.590 16.222
57072.590 16.232
57072.590 16.232
57072.590 16.246
57072.590 16.247
57072.590 16.261
57072.590 16.265
57072.590 16.268
57072.590 16.287
57073.880 16.227
57073.880 16.237
57073.880 16.237
57073.880 16.248
57073.880 16.252
57073.880 16.266
57073.880 16.270
57073.880 16.272
57073.880 16.291
57074.169 16.229
57074.169 16.239
57074.169 16.239
57074.169 16.249
57074.169 16.253
57074.169 16.267
57074.169 16.272
57074.169 16.274
57074.169 16.293
57074.210 16.229
57074.210 16.239
57074.210 16.239
57074.210 16.249
57074.210 16.253
57074.210 16.267
57074.210 16.272
57074.210 16.274
57074.210 16.293
57076.167 16.240
57076.167 16.250
57076.167 16.250
57076.167 16.256
57076.167 16.263
57076.167 16.277
57076.167 16.283
57076.167 16.283
57076.167 16.302
57076.408 16.241
57076.408 16.251
57076.408 16.251
57076.408 16.257
57076.408 16.265
57076.408 16.279
57076.408 16.284
57076.408 16.284
57076.408 16.304
57077.170 16.246
57077.170 16.256
57077.170 16.256
57077.170 16.261
57077.170 16.270
57077.170 16.283
57077.170 16.289
57077.170 16.289
57077.170 16.308
57077.450 16.248
57077.450 16.258
57077.450 16.258
57077.450 16.262
57077.450 16.271
57077.450 16.285
57077.450 16.291
57077.450 16.291
57077.450 16.310
57077.620 16.250
57077.620 16.259
57077.620 16.259
57077.620 16.263
57077.620 16.273
57077.620 16.286
57077.620 16.292
57077.620 16.293
57077.620 16.311
57078.322 16.255
57078.322 16.265
57078.322 16.265
57078.322 16.267
57078.322 16.277
57078.322 16.291
57078.322 16.296
57078.322 16.298
57078.322 16.315
57078.470 16.256
57078.470 16.266
57078.470 16.266
57078.470 16.268
57078.470 16.278
57078.470 16.292
57078.470 16.298
57078.470 16.299
57078.470 16.316
57078.960 16.260
57078.960 16.270
57078.960 16.270
57078.960 16.271
57078.960 16.282
57078.960 16.296
57078.960 16.301
57078.960 16.303
57078.960 16.320
57079.340 16.263
57079.340 16.273
57079.340 16.273
57079.340 16.273
57079.340 16.285
57079.340 16.298
57079.340 16.304
57079.340 16.306
57079.340 16.323
57080.080 16.269
57080.080 16.278
57080.080 16.279
57080.080 16.279
57080.080 16.291
57080.080 16.304
57080.080 16.310
57080.080 16.312
57080.080 16.329
57080.330 16.271
57080.330 16.280
57080.330 16.281
57080.330 16.282
57080.330 16.293
57080.330 16.306
57080.330 16.312
57080.330 16.314
57080.330 16.331
57080.517 16.273
57080.517 16.282
57080.517 16.283
57080.517 16.283
57080.517 16.295
57080.517 16.308
57080.517 16.313
57080.517 16.316
57080.517 16.332
57081.330 16.281
57081.330 16.288
57081.330 16.291
57081.330 16.291
57081.330 16.302
57081.330 16.315
57081.330 16.320
57081.330 16.324
57081.330 16.339
57081.500 16.282
57081.500 16.289
57081.500 16.293
57081.500 16.293
57081.500 16.303
57081.500 16.316
57081.500 16.322
57081.500 16.325
57081.500 16.341
57081.844 16.286
57081.844 16.292
57081.844 16.296
57081.844 16.296
57081.844 16.307
57081.844 16.320
57081.844 16.325
57081.844 16.329
57081.844 16.344
57082.240 16.290
57082.240 16.296
57082.240 16.300
57082.240 16.300
57082.240 16.310
57082.240 16.323
57082.240 16.329
57082.240 16.333
57082.240 16.347
57082.940 16.297
57082.940 16.302
57082.940 16.308
57082.940 16.308
57082.940 16.317
57082.940 16.330
57082.940 16.335
57082.940 16.340
57082.940 16.354
57084.240 16.311
57084.240 16.315
57084.240 16.323
57084.240 16.323
57084.240 16.331
57084.240 16.343
57084.240 16.349
57084.240 16.354
57084.240 16.367
57084.342 16.313
57084.342 16.316
57084.342 16.324
57084.342 16.324
57084.342 16.332
57084.342 16.344
57084.342 16.350
57084.342 16.356
57084.342 16.369
57085.220 16.323
57085.220 16.326
57085.220 16.334
57085.220 16.335
57085.220 16.342
57085.220 16.354
57085.220 16.360
57085.220 16.366
57085.220 16.378
57085.260 16.323
57085.260 16.326
57085.260 16.335
57085.260 16.335
57085.260 16.342
57085.260 16.354
57085.260 16.360
57085.260 16.366
57085.260 16.379
57086.010 16.333
57086.010 16.335
57086.010 16.345
57086.010 16.345
57086.010 16.351
57086.010 16.363
57086.010 16.369
57086.010 16.376
57086.010 16.387
57087.279 16.349
57087.279 16.350
57087.279 16.362
57087.279 16.362
57087.279 16.367
57087.279 16.378
57087.279 16.385
57087.279 16.392
57087.279 16.403
57089.976 16.387
57089.976 16.388
57089.976 16.402
57089.976 16.402
57089.976 16.404
57089.976 16.414
57089.976 16.422
57089.976 16.430
57089.976 16.439
57090.476 16.394
57090.476 16.395
57090.476 16.410
57090.476 16.410
57090.476 16.411
57090.476 16.421
57090.476 16.429
57090.476 16.438
57090.476 16.446
57090.970 16.401
57090.970 16.403
57090.970 16.418
57090.970 16.418
57090.970 16.419
57090.970 16.428
57090.970 16.436
57090.970 16.446
57090.970 16.453
57092.170 16.420
57092.170 16.423
57092.170 16.437
57092.170 16.438
57092.170 16.438
57092.170 16.446
57092.170 16.455
57092.170 16.465
57092.170 16.472
57092.715 16.429
57092.715 16.432
57092.715 16.446
57092.715 16.447
57092.715 16.448
57092.715 16.455
57092.715 16.464
57092.715 16.474
57092.715 16.480
57093.020 16.434
57093.020 16.437
57093.020 16.451
57093.020 16.453
57093.020 16.453
57093.020 16.459
57093.020 16.469
57093.020 16.479
57093.020 16.485
57093.764 16.447
57093.764 16.450
57093.764 16.463
57093.764 16.466
57093.764 16.467
57093.764 16.471
57093.764 16.481
57093.764 16.492
57093.764 16.498
57094.290 16.456
57094.290 16.459
57094.290 16.472
57094.290 16.476
57094.290 16.476
57094.290 16.480
57094.290 16.490
57094.290 16.501
57094.290 16.506
57094.870 16.466
57094.870 16.470
57094.870 16.482
57094.870 16.487
57094.870 16.487
57094.870 16.490
57094.870 16.500
57094.870 16.511
57094.870 16.516
57095.270 16.474
57095.270 16.477
57095.270 16.489
57095.270 16.494
57095.270 16.495
57095.270 16.496
57095.270 16.507
57095.270 16.519
57095.270 16.523
57095.470 16.477
57095.470 16.481
57095.470 16.493
57095.470 16.498
57095.470 16.499
57095.470 16.500
57095.470 16.511
57095.470 16.522
57095.470 16.527
57095.930 16.486
57095.930 16.489
57095.930 16.501
57095.930 16.507
57095.930 16.508
57095.930 16.508
57095.930 16.519
57095.930 16.531
57095.930 16.535
57097.210 16.510
57097.210 16.514
57097.210 16.525
57097.210 16.531
57097.210 16.533
57097.210 16.534
57097.210 16.543
57097.210 16.555
57097.210 16.558
57098.151 16.529
57098.151 16.533
57098.151 16.543
57098.151 16.548
57098.151 16.552
57098.151 16.553
57098.151 16.561
57098.151 16.574
57098.151 16.576
57098.210 16.530
57098.210 16.534
57098.210 16.544
57098.210 16.549
57098.210 16.554
57098.210 16.555
57098.210 16.563
57098.210 16.575
57098.210 16.577
57098.610 16.539
57098.610 16.542
57098.610 16.552
57098.610 16.557
57098.610 16.562
57098.610 16.563
57098.610 16.571
57098.610 16.583
57098.610 16.585
57098.987 16.546
57098.987 16.550
57098.987 16.559
57098.987 16.564
57098.987 16.570
57098.987 16.572
57098.987 16.578
57098.987 16.591
57098.987 16.593
57099.250 16.552
57099.250 16.556
57099.250 16.565
57099.250 16.569
57099.250 16.576
57099.250 16.577
57099.250 16.583
57099.250 16.596
57099.250 16.598
57100.984 16.589
57100.984 16.593
57100.984 16.600
57100.984 16.604
57100.984 16.615
57100.984 16.616
57100.984 16.620
57100.984 16.633
57100.984 16.633
57101.310 16.597
57101.310 16.600
57101.310 16.607
57101.310 16.611
57101.310 16.622
57101.310 16.624
57101.310 16.627
57101.310 16.640
57101.310 16.640
57102.170 16.616
57102.170 16.620
57102.170 16.626
57102.170 16.629
57102.170 16.642
57102.170 16.644
57102.170 16.646
57102.170 16.658
57102.170 16.659
57102.520 16.624
57102.520 16.628
57102.520 16.634
57102.520 16.636
57102.520 16.651
57102.520 16.653
57102.520 16.653
57102.520 16.666
57102.520 16.667
57103.400 16.645
57103.400 16.648
57103.400 16.653
57103.400 16.655
57103.400 16.672
57103.400 16.673
57103.400 16.674
57103.400 16.686
57103.400 16.687
57103.587 16.649
57103.587 16.652
57103.587 16.657
57103.587 16.659
57103.587 16.677
57103.587 16.678
57103.587 16.679
57103.587 16.690
57103.587 16.691
57103.760 16.653
57103.760 16.657
57103.760 16.661
57103.760 16.663
57103.760 16.681
57103.760 16.682
57103.760 16.683
57103.760 16.694
57103.760 16.695
57104.180 16.664
57104.180 16.667
57104.180 16.671
57104.180 16.672
57104.180 16.691
57104.180 16.691
57104.180 16.694
57104.180 16.703
57104.180 16.705
57104.430 16.670
57104.430 16.673
57104.430 16.677
57104.430 16.678
57104.430 16.697
57104.430 16.698
57104.430 16.700
57104.430 16.709
57104.430 16.711
57106.440 16.720
57106.440 16.722
57106.440 16.724
57106.440 16.725
57106.440 16.746
57106.440 16.749
57106.440 16.752
57106.440 16.756
57106.440 16.760
57106.872 16.731
57106.872 16.734
57106.872 16.735
57106.872 16.735
57106.872 16.756
57106.872 16.761
57106.872 16.764
57106.872 16.767
57106.872 16.771
57109.022 16.787
57109.022 16.789
57109.022 16.789
57109.022 16.790
57109.022 16.811
57109.022 16.819
57109.022 16.820
57109.022 16.823
57109.022 16.826
57110.160 16.816
57110.160 16.819
57110.160 16.820
57110.160 16.821
57110.160 16.842
57110.160 16.850
57110.160 16.852
57110.160 16.856
57110.160 16.856
57110.180 16.817
57110.180 16.820
57110.180 16.821
57110.180 16.822
57110.180 16.842
57110.180 16.850
57110.180 16.852
57110.180 16.857
57110.180 16.857
57110.210 16.817
57110.210 16.821
57110.210 16.822
57110.210 16.823
57110.210 16.843
57110.210 16.851
57110.210 16.853
57110.210 16.857
57110.210 16.858
57110.699 16.830
57110.699 16.834
57110.699 16.835
57110.699 16.836
57110.699 16.856
57110.699 16.864
57110.699 16.867
57110.699 16.871
57110.699 16.872
57111.503 16.851
57111.503 16.855
57111.503 16.858
57111.503 16.859
57111.503 16.878
57111.503 16.885
57111.503 16.891
57111.503 16.893
57111.503 16.895
57113.290 16.899
57113.290 16.905
57113.290 16.911
57113.290 16.911
57113.290 16.929
57113.290 16.934
57113.290 16.943
57113.290 16.944
57113.290 16.950
57114.458 16.932
57114.458 16.938
57114.458 16.945
57114.458 16.946
57114.458 16.963
57114.458 16.967
57114.458 16.977
57114.458 16.980
57114.458 16.986
57116.930 17.003
57116.930 17.011
57116.930 17.022
57116.930 17.023
57116.930 17.037
57116.930 17.039
57116.930 17.051
57116.930 17.059
57116.930 17.066
57117.250 17.012
57117.250 17.021
57117.250 17.032
57117.250 17.034
57117.250 17.047
57117.250 17.049
57117.250 17.061
57117.250 17.069
57117.250 17.077
57118.210 17.041
57118.210 17.050
57118.210 17.062
57118.210 17.065
57118.210 17.076
57118.210 17.078
57118.210 17.090
57118.210 17.101
57118.210 17.109
57118.422 17.047
57118.422 17.057
57118.422 17.069
57118.422 17.072
57118.422 17.083
57118.422 17.084
57118.422 17.097
57118.422 17.108
57118.422 17.116
57119.894 17.092
57119.894 17.103
57119.894 17.118
57119.894 17.121
57119.894 17.130
57119.894 17.130
57119.894 17.144
57119.894 17.157
57119.894 17.167
57120.150 17.100
57120.150 17.111
57120.150 17.126
57120.150 17.129
57120.150 17.138
57120.150 17.138
57120.150 17.152
57120.150 17.166
57120.150 17.176
57120.210 17.102
57120.210 17.113
57120.210 17.128
57120.210 17.131
57120.210 17.139
57120.210 17.140
57120.210 17.154
57120.210 17.168
57120.210 17.178
57120.450 17.109
57120.450 17.121
57120.450 17.136
57120.450 17.140
57120.450 17.147
57120.450 17.148
57120.450 17.161
57120.450 17.176
57120.450 17.186
57120.816 17.121
57120.816 17.133
57120.816 17.148
57120.816 17.152
57120.816 17.159
57120.816 17.160
57120.816 17.173
57120.816 17.189
57120.816 17.199
57122.075 17.161
57122.075 17.174
57122.075 17.191
57122.075 17.195
57122.075 17.199
57122.075 17.202
57122.075 17.215
57122.075 17.233
57122.075 17.244
57122.130 17.163
57122.130 17.176
57122.130 17.193
57122.130 17.197
57122.130 17.201
57122.130 17.204
57122.130 17.216
57122.130 17.235
57122.130 17.246
57122.785 17.184
57122.785 17.197
57122.785 17.216
57122.785 17.220
57122.785 17.222
57122.785 17.226
57122.785 17.238
57122.785 17.258
57122.785 17.270
57122.850 17.186
57122.850 17.199
57122.850 17.218
57122.850 17.223
57122.850 17.224
57122.850 17.228
57122.850 17.240
57122.850 17.261
57122.850 17.272
57123.870 17.219
57123.870 17.234
57123.870 17.254
57123.870 17.258
57123.870 17.259
57123.870 17.263
57123.870 17.275
57123.870 17.297
57123.870 17.309
57125.330 17.268
57125.330 17.284
57125.330 17.306
57125.330 17.307
57125.330 17.311
57125.330 17.313
57125.330 17.325
57125.330 17.351
57125.330 17.364
57126.180 17.297
57126.180 17.313
57126.180 17.336
57126.180 17.337
57126.180 17.343
57126.180 17.343
57126.180 17.354
57126.180 17.382
57126.180 17.396
57127.720 17.350
57127.720 17.368
57127.720 17.389
57127.720 17.394
57127.720 17.399
57127.720 17.400
57127.720 17.409
57127.720 17.441
57127.720 17.456
57128.160 17.366
57128.160 17.383
57128.160 17.405
57128.160 17.411
57128.160 17.415
57128.160 17.417
57128.160 17.425
57128.160 17.458
57128.160 17.473
57128.629 17.382
57128.629 17.400
57128.629 17.421
57128.629 17.428
57128.629 17.432
57128.629 17.435
57128.629 17.442
57128.629 17.476
57128.629 17.491
57129.940 17.429
57129.940 17.448
57129.940 17.468
57129.940 17.478
57129.940 17.480
57129.940 17.485
57129.940 17.489
57129.940 17.527
57129.940 17.544
57130.765 17.459
57130.765 17.479
57130.765 17.498
57130.765 17.510
57130.765 17.511
57130.765 17.517
57130.765 17.520
57130.765 17.559
57130.765 17.577
57131.527 17.487
57131.527 17.507
57131.527 17.526
57131.527 17.540
57131.527 17.540
57131.527 17.547
57131.527 17.548
57131.527 17.590
57131.527 17.608
57131.710 17.494
57131.710 17.514
57131.710 17.533
57131.710 17.547
57131.710 17.547
57131.710 17.554
57131.710 17.555
57131.710 17.597
57131.710 17.615
57132.930 17.539
57132.930 17.560
57132.930 17.578
57132.930 17.594
57132.930 17.596
57132.930 17.601
57132.930 17.603
57132.930 17.646
57132.930 17.666
57134.240 17.588
57134.240 17.611
57134.240 17.627
57134.240 17.645
57134.240 17.648
57134.240 17.651
57134.240 17.656
57134.240 17.700
57134.240 17.721
57134.860 17.612
57134.860 17.635
57134.860 17.651
57134.860 17.669
57134.860 17.674
57134.860 17.675
57134.860 17.681
57134.860 17.725
57134.860 17.747
57135.440 17.634
57135.440 17.658
57135.440 17.673
57135.440 17.692
57135.440 17.697
57135.440 17.698
57135.440 17.705
57135.440 17.750
57135.440 17.772
57135.940 17.654
57135.940 17.677
57135.940 17.692
57135.940 17.712
57135.940 17.717
57135.940 17.718
57135.940 17.726
57135.940 17.771
57135.940 17.793
57136.201 17.664
57136.201 17.688
57136.201 17.702
57136.201 17.723
57136.201 17.728
57136.201 17.729
57136.201 17.736
57136.201 17.782
57136.201 17.805
57136.314 17.668
57136.314 17.692
57136.314 17.707
57136.314 17.727
57136.314 17.732
57136.314 17.734
57136.314 17.741
57136.314 17.786
57136.314 17.809
57137.210 17.704
57137.210 17.728
57137.210 17.741
57137.210 17.764
57137.210 17.767
57137.210 17.771
57137.210 17.778
57137.210 17.824
57137.210 17.848
57137.270 17.706
57137.270 17.730
57137.270 17.744
57137.270 17.766
57137.270 17.770
57137.270 17.774
57137.270 17.781
57137.270 17.827
57137.270 17.851
57138.860 17.769
57138.860 17.795
57138.860 17.807
57138.860 17.831
57138.860 17.833
57138.860 17.841
57138.860 17.848
57138.860 17.895
57138.860 17.921
57138.880 17.770
57138.880 17.795
57138.880 17.807
57138.880 17.832
57138.880 17.834
57138.880 17.842
57138.880 17.849
57138.880 17.896
57138.880 17.922
57139.210 17.783
57139.210 17.809
57139.210 17.820
57139.210 17.846
57139.210 17.848
57139.210 17.856
57139.210 17.863
57139.210 17.910
57139.210 17.936
57140.100 17.819
57140.100 17.846
57140.100 17.856
57140.100 17.883
57140.100 17.884
57140.100 17.894
57140.100 17.901
57140.100 17.949
57140.100 17.976
57141.170 17.863
57141.170 17.890
57141.170 17.899
57141.170 17.928
57141.170 17.928
57141.170 17.941
57141.170 17.948
57141.170 17.996
57141.170 18.025
57141.637 17.882
57141.637 17.910
57141.637 17.918
57141.637 17.947
57141.637 17.947
57141.637 17.961
57141.637 17.968
57141.637 18.017
57141.637 18.046
57144.468 18.001
57144.468 18.030
57144.468 18.036
57144.468 18.065
57144.468 18.069
57144.468 18.087
57144.468 18.094
57144.468 18.112
57144.468 18.143
57144.710 18.012
57144.710 18.040
57144.710 18.046
57144.710 18.076
57144.710 18.079
57144.710 18.098
57144.710 18.104
57144.710 18.116
57144.710 18.148
57144.890 18.019
57144.890 18.048
57144.890 18.053
57144.890 18.083
57144.890 18.087
57144.890 18.106
57144.890 18.112
57144.890 18.120
57144.890 18.151
57147.073 18.109
57147.073 18.110
57147.073 18.113
57147.073 18.146
57147.073 18.160
57147.073 18.162
57147.073 18.177
57147.073 18.189
57147.073 18.191
57148.310 18.133
57148.310 18.133
57148.310 18.137
57148.310 18.169
57148.310 18.183
57148.310 18.185
57148.310 18.212
57148.310 18.214
57148.310 18.230
57150.030 18.164
57150.030 18.166
57150.030 18.169
57150.030 18.201
57150.030 18.215
57150.030 18.218
57150.030 18.243
57150.030 18.246
57150.030 18.268
57150.960 18.182
57150.960 18.184
57150.960 18.185
57150.960 18.218
57150.960 18.233
57150.960 18.236
57150.960 18.260
57150.960 18.263
57150.960 18.286
57151.187 18.186
57151.187 18.188
57151.187 18.190
57151.187 18.222
57151.187 18.237
57151.187 18.240
57151.187 18.265
57151.187 18.268
57151.187 18.291
57152.160 18.204
57152.160 18.207
57152.160 18.207
57152.160 18.240
57152.160 18.255
57152.160 18.259
57152.160 18.282
57152.160 18.286
57152.160 18.310
57152.508 18.210
57152.508 18.214
57152.508 18.214
57152.508 18.247
57152.508 18.262
57152.508 18.265
57152.508 18.289
57152.508 18.292
57152.508 18.317
57155.150 18.259
57155.150 18.262
57155.150 18.265
57155.150 18.296
57155.150 18.312
57155.150 18.316
57155.150 18.337
57155.150 18.342
57155.150 18.369
57155.760 18.271
57155.760 18.274
57155.760 18.276
57155.760 18.307
57155.760 18.323
57155.760 18.327
57155.760 18.349
57155.760 18.353
57155.760 18.381
57157.944 18.311
57157.944 18.314
57157.944 18.318
57157.944 18.348
57157.944 18.364
57157.944 18.369
57157.944 18.389
57157.944 18.394
57157.944 18.423
57158.800 18.327
57158.800 18.330
57158.800 18.335
57158.800 18.364
57158.800 18.380
57158.800 18.385
57158.800 18.405
57158.800 18.411
57158.800 18.440
57160.050 18.351
57160.050 18.353
57160.050 18.359
57160.050 18.387
57160.050 18.404
57160.050 18.409
57160.050 18.428
57160.050 18.434
57160.050 18.465
57160.630 18.361
57160.630 18.364
57160.630 18.370
57160.630 18.398
57160.630 18.415
57160.630 18.420
57160.630 18.438
57160.630 18.445
57160.630 18.476
57161.010 18.369
57161.010 18.371
57161.010 18.378
57161.010 18.405
57161.010 18.422
57161.010 18.428
57161.010 18.445
57161.010 18.452
57161.010 18.483
57161.700 18.382
57161.700 18.384
57161.700 18.391
57161.700 18.418
57161.700 18.435
57161.700 18.441
57161.700 18.458
57161.700 18.465
57161.700 18.497
57162.730 18.401
57162.730 18.404
57162.730 18.411
57162.730 18.438
57162.730 18.454
57162.730 18.461
57162.730 18.477
57162.730 18.485
57162.730 18.517
57162.900 18.404
57162.900 18.407
57162.900 18.414
57162.900 18.441
57162.900 18.458
57162.900 18.464
57162.900 18.480
57162.900 18.488
57162.900 18.520
57163.380 18.413
57163.380 18.416
57163.380 18.423
57163.380 18.450
57163.380 18.467
57163.380 18.473
57163.380 18.489
57163.380 18.497
57163.380 18.529
57166.353 18.469
57166.353 18.471
57166.353 18.480
57166.353 18.505
57166.353 18.522
57166.353 18.530
57166.353 18.544
57166.353 18.553
57166.353 18.587
57166.920 18.479
57166.920 18.482
57166.920 18.491
57166.920 18.516
57166.920 18.533
57166.920 18.540
57166.920 18.554
57166.920 18.563
57166.920 18.598
57168.816 18.515
57168.816 18.518
57168.816 18.528
57168.816 18.552
57168.816 18.569
57168.816 18.576
57168.816 18.589
57168.816 18.599
57168.816 18.634
57171.900 18.572
57171.900 18.575
57171.900 18.587
57171.900 18.609
57171.900 18.626
57171.900 18.635
57171.900 18.645
57171.900 18.656
57171.900 18.693
57172.407 18.582
57172.407 18.585
57172.407 18.596
57172.407 18.619
57172.407 18.635
57172.407 18.644
57172.407 18.654
57172.407 18.666
57172.407 18.703
57173.380 18.600
57173.380 18.603
57173.380 18.615
57173.380 18.637
57173.380 18.653
57173.380 18.663
57173.380 18.672
57173.380 18.684
57173.380 18.721
57174.252 18.616
57174.252 18.619
57174.252 18.631
57174.252 18.653
57174.252 18.669
57174.252 18.679
57174.252 18.687
57174.252 18.700
57174.252 18.738
57175.020 18.630
57175.020 18.634
57175.020 18.646
57175.020 18.667
57175.020 18.684
57175.020 18.693
57175.020 18.701
57175.020 18.714
57175.020 18.753
57176.950 18.666
57176.950 18.670
57176.950 18.682
57176.950 18.703
57176.950 18.719
57176.950 18.730
57176.950 18.736
57176.950 18.750
57176.950 18.789
57178.110 18.688
57178.110 18.691
57178.110 18.704
57178.110 18.724
57178.110 18.740
57178.110 18.751
57178.110 18.757
57178.110 18.771
57178.110 18.811
57179.110 18.706
57179.110 18.710
57179.110 18.723
57179.110 18.743
57179.110 18.759
57179.110 18.770
57179.110 18.775
57179.110 18.790
57179.110 18.829
57179.687 18.717
57179.687 18.721
57179.687 18.733
57179.687 18.753
57179.687 18.769
57179.687 18.780
57179.687 18.785
57179.687 18.800
57179.687 18.840
57182.120 18.762
57182.120 18.766
57182.120 18.779
57182.120 18.798
57182.120 18.813
57182.120 18.825
57182.120 18.828
57182.120 18.845
57182.120 18.885
57183.020 18.778
57183.020 18.782
57183.020 18.795
57183.020 18.814
57183.020 18.830
57183.020 18.842
57183.020 18.844
57183.020 18.861
57183.020 18.902
57184.030 18.796
57184.030 18.801
57184.030 18.814
57184.030 18.833
57184.030 18.848
57184.030 18.860
57184.030 18.862
57184.030 18.879
57184.030 18.920
57184.960 18.813
57184.960 18.818
57184.960 18.831
57184.960 18.849
57184.960 18.865
57184.960 18.877
57184.960 18.878
57184.960 18.896
57184.960 18.937
57185.020 18.814
57185.020 18.819
57185.020 18.832
57185.020 18.851
57185.020 18.866
57185.020 18.878
57185.020 18.879
57185.020 18.897
57185.020 18.938
57185.123 18.816
57185.123 18.821
57185.123 18.834
57185.123 18.852
57185.123 18.867
57185.123 18.880
57185.123 18.881
57185.123 18.899
57185.123 18.940
57185.212 18.818
57185.212 18.823
57185.212 18.836
57185.212 18.854
57185.212 18.869
57185.212 18.882
57185.212 18.883
57185.212 18.901
57185.212 18.942
57186.770 18.846
57186.770 18.851
57186.770 18.864
57186.770 18.882
57186.770 18.897
57186.770 18.910
57186.770 18.910
57186.770 18.929
57186.770 18.970
57190.559 18.915
57190.559 18.920
57190.559 18.933
57190.559 18.950
57190.559 18.964
57190.559 18.976
57190.559 18.979
57190.559 18.996
57190.559 19.039
57192.710 18.953
57192.710 18.959
57192.710 18.972
57192.710 18.988
57192.710 19.002
57192.710 19.013
57192.710 19.017
57192.710 19.034
57192.710 19.077
57195.995 19.011
57195.995 19.018
57195.995 19.030
57195.995 19.046
57195.995 19.059
57195.995 19.069
57195.995 19.075
57195.995 19.092
57195.995 19.135
57199.060 19.065
57199.060 19.073
57199.060 19.085
57199.060 19.100
57199.060 19.112
57199.060 19.120
57199.060 19.129
57199.060 19.145
57199.060 19.188
57199.380 19.071
57199.380 19.078
57199.380 19.090
57199.380 19.105
57199.380 19.117
57199.380 19.126
57199.380 19.134
57199.380 19.150
57199.380 19.194
57201.430 19.106
57201.430 19.114
57201.430 19.126
57201.430 19.141
57201.430 19.152
57201.430 19.160
57201.430 19.170
57201.430 19.186
57201.430 19.229
57205.700 19.180
57205.700 19.189
57205.700 19.200
57205.700 19.214
57205.700 19.224
57205.700 19.231
57205.700 19.243
57205.700 19.258
57205.700 19.302
57206.340 19.191
57206.340 19.200
57206.340 19.210
57206.340 19.225
57206.340 19.235
57206.340 19.241
57206.340 19.254
57206.340 19.269
57206.340 19.313
57206.833 19.199
57206.833 19.208
57206.833 19.219
57206.833 19.233
57206.833 19.243
57206.833 19.249
57206.833 19.262
57206.833 19.277
57206.833 19.321
57206.866 19.200
57206.866 19.209
57206.866 19.219
57206.866 19.233
57206.866 19.244
57206.866 19.250
57206.866 19.263
57206.866 19.278
57206.866 19.322
57210.040 19.253
57210.040 19.263
57210.040 19.273
57210.040 19.287
57210.040 19.296
57210.040 19.301
57210.040 19.316
57210.040 19.331
57210.040 19.375
57212.302 19.291
57212.302 19.302
57212.302 19.311
57212.302 19.324
57212.302 19.334
57212.302 19.338
57212.302 19.354
57212.302 19.368
57212.302 19.412
57212.390 19.293
57212.390 19.303
57212.390 19.313
57212.390 19.326
57212.390 19.335
57212.390 19.339
57212.390 19.355
57212.390 19.369
57212.390 19.414
57217.730 19.381
57217.730 19.393
57217.730 19.401
57217.730 19.413
57217.730 19.421
57217.730 19.424
57217.730 19.443
57217.730 19.456
57217.730 19.501
57217.738 19.381
57217.738 19.393
57217.738 19.401
57217.738 19.413
57217.738 19.421
57217.738 19.424
57217.738 19.443
57217.738 19.456
57217.738 19.501
57221.000 19.434
57221.000 19.447
57221.000 19.454
57221.000 19.466
57221.000 19.473
57221.000 19.475
57221.000 19.496
57221.000 19.509
57221.000 19.554
57223.173 19.469
57223.173 19.482
57223.173 19.489
57223.173 19.501
57223.173 19.508
57223.173 19.509
57223.173 19.530
57223.173 19.543
57223.173 19.588
57228.609 19.555
57228.609 19.570
57228.609 19.575
57228.609 19.587
57228.609 19.592
57228.609 19.592
57228.609 19.616
57228.609 19.628
57228.609 19.673
57230.350 19.582
57230.350 19.597
57230.350 19.602
57230.350 19.614
57230.350 19.619
57230.350 19.619
57230.350 19.643
57230.350 19.655
57230.350 19.700
57232.370 19.614
57232.370 19.629
57232.370 19.634
57232.370 19.645
57232.370 19.649
57232.370 19.650
57232.370 19.674
57232.370 19.686
57232.370 19.732
57234.045 19.640
57234.045 19.655
57234.045 19.660
57234.045 19.671
57234.045 19.674
57234.045 19.675
57234.045 19.700
57234.045 19.712
57234.045 19.757
57236.710 19.680
57236.710 19.697
57236.710 19.700
57236.710 19.711
57236.710 19.714
57236.710 19.716
57236.710 19.741
57236.710 19.752
57236.710 19.798
57239.481 19.722
57239.481 19.740
57239.481 19.742
57239.481 19.753
57239.481 19.755
57239.481 19.757
57239.481 19.783
57239.481 19.794
57239.481 19.840
57244.916 19.804
57244.916 19.822
57244.916 19.824
57244.916 19.834
57244.916 19.834
57244.916 19.837
57244.916 19.864
57244.916 19.875
57244.916 19.920
57250.352 19.883
57250.352 19.903
57250.352 19.904
57250.352 19.911
57250.352 19.913
57250.352 19.916
57250.352 19.943
57250.352 19.954
57250.352 20.000
57255.788 19.962
57255.788 19.982
57255.788 19.982
57255.788 19.988
57255.788 19.991
57255.788 19.993
57255.788 20.021
57255.788 20.031
57255.788 20.077
57261.224 20.039
57261.224 20.059
57261.224 20.060
57261.224 20.063
57261.224 20.068
57261.224 20.069
57261.224 20.098
57261.224 20.108
57261.224 20.154
57266.659 20.114
57266.659 20.135
57266.659 20.136
57266.659 20.137
57266.659 20.143
57266.659 20.144
57266.659 20.174
57266.659 20.183
57266.659 20.230
57272.095 20.188
57272.095 20.209
57272.095 20.209
57272.095 20.211
57272.095 20.217
57272.095 20.218
57272.095 20.248
57272.095 20.257
57272.095 20.304
57277.531 20.262
57277.531 20.281
57277.531 20.282
57277.531 20.285
57277.531 20.290
57277.531 20.290
57277.531 20.321
57277.531 20.330
57277.531 20.377
57282.967 20.333
57282.967 20.351
57282.967 20.354
57282.967 20.357
57282.967 20.361
57282.967 20.362
57282.967 20.393
57282.967 20.401
57282.967 20.449
57288.402 20.404
57288.402 20.421
57288.402 20.425
57288.402 20.428
57288.402 20.431
57288.402 20.433
57288.402 20.464
57288.402 20.472
57288.402 20.520
57293.838 20.474
57293.838 20.489
57293.838 20.495
57293.838 20.498
57293.838 20.500
57293.838 20.502
57293.838 20.533
57293.838 20.541
57293.838 20.589
57299.274 20.542
57299.274 20.556
57299.274 20.563
57299.274 20.567
57299.274 20.568
57299.274 20.571
57299.274 20.602
57299.274 20.610
57299.274 20.658
57304.710 20.610
57304.710 20.623
57304.710 20.631
57304.710 20.635
57304.710 20.636
57304.710 20.638
57304.710 20.670
57304.710 20.677
57304.710 20.726
57310.145 20.676
57310.145 20.688
57310.145 20.698
57310.145 20.702
57310.145 20.702
57310.145 20.705
57310.145 20.736
57310.145 20.744
57310.145 20.793
57315.581 20.741
57315.581 20.753
57315.581 20.763
57315.581 20.767
57315.581 20.768
57315.581 20.770
57315.581 20.802
57315.581 20.809
57315.581 20.858
57321.017 20.806
57321.017 20.816
57321.017 20.828
57321.017 20.831
57321.017 20.833
57321.017 20.835
57321.017 20.867
57321.017 20.874
57321.017 20.923
57326.453 20.870
57326.453 20.879
57326.453 20.892
57326.453 20.894
57326.453 20.897
57326.453 20.899
57326.453 20.931
57326.453 20.937
57326.453 20.987
57330.722 20.919
57330.722 20.928
57330.722 20.941
57330.722 20.944
57330.722 20.947
57330.722 20.948
57330.722 20.980
57330.722 20.987
57330.722 21.037
57331.888 20.932
57331.888 20.941
57331.888 20.955
57331.888 20.957
57331.888 20.960
57331.888 20.962
57331.888 20.994
57331.888 21.000
57331.888 21.050
57335.787 20.977
57335.787 20.985
57335.787 20.999
57335.787 21.001
57335.787 21.005
57335.787 21.006
57335.787 21.038
57335.787 21.045
57335.787 21.095
57337.324 20.994
57337.324 21.002
57337.324 21.017
57337.324 21.019
57337.324 21.022
57337.324 21.024
57337.324 21.056
57337.324 21.062
57337.324 21.113
57342.760 21.055
57342.760 21.062
57342.760 21.078
57342.760 21.080
57342.760 21.084
57342.760 21.085
57342.760 21.117
57342.760 21.123
57342.760 21.174
57348.196 21.115
57348.196 21.121
57348.196 21.138
57348.196 21.140
57348.196 21.144
57348.196 21.145
57348.196 21.178
57348.196 21.183
57348.196 21.235
57353.632 21.175
57353.632 21.180
57353.632 21.198
57353.632 21.199
57353.632 21.204
57353.632 21.205
57353.632 21.237
57353.632 21.243
57353.632 21.295
57359.067 21.233
57359.067 21.238
57359.067 21.257
57359.067 21.257
57359.067 21.263
57359.067 21.264
57359.067 21.296
57359.067 21.302
57359.067 21.354
57364.503 21.291
57364.503 21.295
57364.503 21.315
57364.503 21.315
57364.503 21.321
57364.503 21.322
57364.503 21.354
57364.503 21.360
57364.503 21.412
57369.939 21.348
57369.939 21.352
57369.939 21.372
57369.939 21.372
57369.939 21.379
57369.939 21.379
57369.939 21.412
57369.939 21.417
57369.939 21.469
57373.330 21.384
57373.330 21.386
57373.330 21.407
57373.330 21.408
57373.330 21.414
57373.330 21.414
57373.330 21.447
57373.330 21.452
57373.330 21.505
57375.375 21.405
57375.375 21.407
57375.375 21.428
57375.375 21.429
57375.375 21.435
57375.375 21.436
57375.375 21.468
57375.375 21.474
57375.375 21.526
57378.080 21.433
57378.080 21.435
57378.080 21.456
57378.080 21.457
57378.080 21.463
57378.080 21.464
57378.080 21.496
57378.080 21.502
57378.080 21.554
57379.200 21.444
57379.200 21.446
57379.200 21.468
57379.200 21.468
57379.200 21.475
57379.200 21.475
57379.200 21.508
57379.200 21.513
57379.200 21.566
57380.810 21.461
57380.810 21.462
57380.810 21.484
57380.810 21.485
57380.810 21.491
57380.810 21.492
57380.810 21.524
57380.810 21.529
57380.810 21.583
57386.246 21.516
57386.246 21.517
57386.246 21.539
57386.246 21.540
57386.246 21.547
57386.246 21.547
57386.246 21.580
57386.246 21.585
57386.246 21.638
57391.682 21.570
57391.682 21.570
57391.682 21.593
57391.682 21.594
57391.682 21.601
57391.682 21.601
57391.682 21.634
57391.682 21.639
57391.682 21.693
57397.118 21.624
57397.118 21.624
57397.118 21.647
57397.118 21.648
57397.118 21.655
57397.118 21.655
57397.118 21.688
57397.118 21.693
57397.118 21.747
57401.580 21.667
57401.580 21.667
57401.580 21.690
57401.580 21.692
57401.580 21.699
57401.580 21.699
57401.580 21.732
57401.580 21.737
57401.580 21.791
57402.553 21.676
57402.553 21.677
57402.553 21.700
57402.553 21.701
57402.553 21.708
57402.553 21.708
57402.553 21.742
57402.553 21.746
57402.553 21.800
57403.500 21.685
57403.500 21.686
57403.500 21.709
57403.500 21.711
57403.500 21.718
57403.500 21.718
57403.500 21.751
57403.500 21.755
57403.500 21.810
57404.300 21.693
57404.300 21.694
57404.300 21.717
57404.300 21.718
57404.300 21.725
57404.300 21.725
57404.300 21.759
57404.300 21.763
57404.300 21.818
57407.989 21.728
57407.989 21.729
57407.989 21.752
57407.989 21.754
57407.989 21.761
57407.989 21.761
57407.989 21.794
57407.989 21.799
57407.989 21.853
57409.470 21.742
57409.470 21.744
57409.470 21.766
57409.470 21.768
57409.470 21.775
57409.470 21.775
57409.470 21.809
57409.470 21.813
57409.470 21.868
57413.425 21.779
57413.425 21.781
57413.425 21.804
57413.425 21.806
57413.425 21.813
57413.425 21.813
57413.425 21.847
57413.425 21.851
57413.425 21.906
57418.861 21.830
57418.861 21.832
57418.861 21.855
57418.861 21.857
57418.861 21.865
57418.861 21.865
57418.861 21.898
57418.861 21.902
57418.861 21.957
57423.220 21.870
57423.220 21.873
57423.220 21.896
57423.220 21.898
57423.220 21.905
57423.220 21.906
57423.220 21.939
57423.220 21.943
57423.220 21.998
57423.520 21.873
57423.520 21.876
57423.520 21.899
57423.520 21.901
57423.520 21.908
57423.520 21.908
57423.520 21.942
57423.520 21.946
57423.520 22.001
57424.296 21.880
57424.296 21.883
57424.296 21.906
57424.296 21.908
57424.296 21.915
57424.296 21.916
57424.296 21.949
57424.296 21.953
57424.296 22.008
57425.630 21.892
57425.630 21.895
57425.630 21.918
57425.630 21.921
57425.630 21.928
57425.630 21.928
57425.630 21.961
57425.630 21.965
57425.630 22.021
57429.732 21.930
57429.732 21.933
57429.732 21.956
57429.732 21.959
57429.732 21.966
57429.732 21.966
57429.732 21.999
57429.732 22.003
57429.732 22.059
57433.210 21.961
57433.210 21.965
57433.210 21.988
57433.210 21.990
57433.210 21.998
57433.210 21.998
57433.210 22.031
57433.210 22.035
57433.210 22.091
57433.550 21.964
57433.550 21.968
57433.550 21.991
57433.550 21.993
57433.550 22.001
57433.550 22.001
57433.550 22.034
57433.550 22.038
57433.550 22.094
57435.168 21.979
57435.168 21.983
57435.168 22.005
57435.168 22.008
57435.168 22.016
57435.168 22.016
57435.168 22.049
57435.168 22.053
57435.168 22.109
57437.720 22.001
57437.720 22.006
57437.720 22.028
57437.720 22.031
57437.720 22.039
57437.720 22.039
57437.720 22.072
57437.720 22.076
57437.720 22.132
57440.604 22.027
57440.604 22.032
57440.604 22.054
57440.604 22.057
57440.604 22.065
57440.604 22.065
57440.604 22.098
57440.604 22.102
57440.604 22.158
57444.240 22.059
57444.240 22.064
57444.240 22.087
57444.240 22.090
57444.240 22.097
57444.240 22.098
57444.240 22.131
57444.240 22.135
57444.240 22.191
57446.039 22.075
57446.039 22.080
57446.039 22.103
57446.039 22.106
57446.039 22.113
57446.039 22.114
57446.039 22.147
57446.039 22.151
57446.039 22.207
57450.520 22.114
57450.520 22.120
57450.520 22.142
57450.520 22.146
57450.520 22.153
57450.520 22.153
57450.520 22.187
57450.520 22.190
57450.520 22.247
57451.475 22.122
57451.475 22.128
57451.475 22.151
57451.475 22.154
57451.475 22.162
57451.475 22.162
57451.475 22.195
57451.475 22.199
57451.475 22.256
57456.270 22.164
57456.270 22.170
57456.270 22.192
57456.270 22.196
57456.270 22.204
57456.270 22.204
57456.270 22.237
57456.270 22.241
57456.270 22.298
57456.911 22.169
57456.911 22.176
57456.911 22.198
57456.911 22.202
57456.911 22.209
57456.911 22.209
57456.911 22.243
57456.911 22.246
57456.911 22.303
57458.570 22.184
57458.570 22.190
57458.570 22.212
57458.570 22.216
57458.570 22.224
57458.570 22.224
57458.570 22.258
57458.570 22.261
57458.570 22.318
57462.347 22.216
57462.347 22.223
57462.347 22.245
57462.347 22.249
57462.347 22.256
57462.347 22.256
57462.347 22.290
57462.347 22.294
57462.347 22.351
57465.530 22.243
57465.530 22.250
57465.530 22.272
57465.530 22.276
57465.530 22.284
57465.530 22.284
57465.530 22.318
57465.530 22.321
57465.530 22.378
57467.782 22.262
57467.782 22.269
57467.782 22.291
57467.782 22.295
57467.782 22.303
57467.782 22.303
57467.782 22.337
57467.782 22.340
57467.782 22.398
57473.218 22.307
57473.218 22.315
57473.218 22.337
57473.218 22.341
57473.218 22.349
57473.218 22.349
57473.218 22.383
57473.218 22.386
57473.218 22.444
57478.654 22.352
57478.654 22.360
57478.654 22.383
57478.654 22.387
57478.654 22.395
57478.654 22.395
57478.654 22.429
57478.654 22.432
57478.654 22.490
57484.090 22.397
57484.090 22.405
57484.090 22.428
57484.090 22.432
57484.090 22.440
57484.090 22.440
57484.090 22.474
57484.090 22.477
57484.090 22.535
57488.150 22.430
57488.150 22.439
57488.150 22.461
57488.150 22.465
57488.150 22.473
57488.150 22.474
57488.150 22.508
57488.150 22.510
57488.150 22.569
57489.525 22.441
57489.525 22.450
57489.525 22.472
57489.525 22.477
57489.525 22.485
57489.525 22.485
57489.525 22.519
57489.525 22.522
57489.525 22.580
57492.140 22.462
57492.140 22.471
57492.140 22.493
57492.140 22.498
57492.140 22.506
57492.140 22.506
57492.140 22.540
57492.140 22.543
57492.140 22.602
57494.961 22.485
57494.961 22.494
57494.961 22.516
57494.961 22.521
57494.961 22.529
57494.961 22.529
57494.961 22.563
57494.961 22.566
57494.961 22.625
57500.397 22.528
57500.397 22.538
57500.397 22.560
57500.397 22.565
57500.397 22.573
57500.397 22.573
57500.397 22.607
57500.397 22.610
57500.397 22.669
57505.833 22.571
57505.833 22.581
57505.833 22.603
57505.833 22.608
57505.833 22.616
57505.833 22.616
57505.833 22.651
57505.833 22.653
57505.833 22.712
57511.268 22.613
57511.268 22.624
57511.268 22.646
57511.268 22.651
57511.268 22.659
57511.268 22.659
57511.268 22.694
57511.268 22.696
57511.268 22.756
57516.704 22.655
57516.704 22.666
57516.704 22.688
57516.704 22.693
57516.704 22.702
57516.704 22.702
57516.704 22.736
57516.704 22.739
57516.704 22.798
57522.140 22.697
57522.140 22.708
57522.140 22.730
57522.140 22.736
57522.140 22.744
57522.140 22.744
57522.140 22.779
57522.140 22.781
57522.140 22.841
