57092.170 16.700
57102.170 16.600
57110.180 16.610
57122.130 16.730
57140.100 16.830
57171.900 17.270
57205.700 17.500
57379.200 19.450
57404.300 19.880
57433.210 20.300
57492.140 20.720
56984.000 52.670
56984.000 52.670
56984.000 53.005
56984.000 53.005
56984.000 53.020
56984.000 53.020
56984.000 53.129
56984.000 53.129
56984.000 53.147
56984.000 53.147
56984.000 53.178
56984.000 53.178
56984.000 53.181
56984.000 53.181
56984.000 53.202
56984.000 53.202
56984.000 53.407
56984.000 53.407
56989.436 52.670
56989.436 52.670
56989.436 53.005
56989.436 53.005
56989.436 53.020
56989.436 53.020
56989.436 53.129
56989.436 53.129
56989.436 53.147
56989.436 53.147
56989.436 53.178
56989.436 53.178
56989.436 53.181
56989.436 53.181
56989.436 53.202
56989.436 53.202
56989.436 53.407
56989.436 53.407
56994.872 52.670
56994.872 52.670
56994.872 53.005
56994.872 53.005
56994.872 53.020
56994.872 53.020
56994.872 53.129
56994.872 53.129
56994.872 53.147
56994.872 53.147
56994.872 53.178
56994.872 53.178
56994.872 53.181
56994.872 53.181
56994.872 53.202
56994.872 53.202
56994.872 53.407
56994.872 53.407
57000.307 22.058
57000.307 22.058
57000.307 22.150
57000.307 22.150
57000.307 22.267
57000.307 22.267
57000.307 24.482
57000.307 24.482
57000.307 24.712
57000.307 24.712
57000.307 24.896
57000.307 24.896
57000.307 25.040
57000.307 25.040
57000.307 53.178
57000.307 53.178
57000.307 53.407
57000.307 53.407
57005.743 20.520
57005.743 20.520
57005.743 20.553
57005.743 20.553
57005.743 20.557
57005.743 20.557
57005.743 21.221
57005.743 21.221
57005.743 21.262
57005.743 21.262
57005.743 21.303
57005.743 21.303
57005.743 21.316
57005.743 21.316
57005.743 21.791
57005.743 21.791
57005.743 22.048
57005.743 22.048
57011.179 19.653
57011.179 19.653
57011.179 19.675
57011.179 19.675
57011.179 19.692
57011.179 19.692
57011.179 19.980
57011.179 19.980
57011.179 20.071
57011.179 20.071
57011.179 20.076
57011.179 20.076
57011.179 20.110
57011.179 20.110
57011.179 20.337
57011.179 20.337
57011.179 20.521
57011.179 20.521
57014.000 19.316
57014.000 19.316
57014.000 19.354
57014.000 19.354
57014.000 19.364
57014.000 19.364
57014.000 19.558
57014.000 19.558
57014.000 19.656
57014.000 19.656
57014.000 19.657
57014.000 19.657
57014.000 19.694
57014.000 19.694
57014.000 19.865
57014.000 19.865
57014.000 20.031
57014.000 20.031
57014.070 19.308
57014.070 19.308
57014.070 19.347
57014.070 19.347
57014.070 19.356
57014.070 19.356
57014.070 19.549
57014.070 19.549
57014.070 19.646
57014.070 19.646
57014.070 19.648
57014.070 19.648
57014.070 19.685
57014.070 19.685
57014.070 19.855
57014.070 19.855
57014.070 20.020
57014.070 20.020
57016.615 19.051
57016.615 19.051
57016.615 19.101
57016.615 19.101
57016.615 19.106
57016.615 19.106
57016.615 19.240
57016.615 19.240
57016.615 19.337
57016.615 19.337
57016.615 19.342
57016.615 19.342
57016.615 19.379
57016.615 19.379
57016.615 19.514
57016.615 19.514
57016.615 19.666
57016.615 19.666
57022.050 18.606
57022.050 18.606
57022.050 18.668
57022.050 18.668
57022.050 18.671
57022.050 18.671
57022.050 18.721
57022.050 18.721
57022.050 18.815
57022.050 18.815
57022.050 18.824
57022.050 18.824
57022.050 18.861
57022.050 18.861
57022.050 18.948
57022.050 18.948
57022.050 19.080
57022.050 19.080
57027.486 18.257
57027.486 18.257
57027.486 18.324
57027.486 18.324
57027.486 18.329
57027.486 18.329
57027.486 18.333
57027.486 18.333
57027.486 18.418
57027.486 18.418
57027.486 18.428
57027.486 18.428
57027.486 18.467
57027.486 18.467
57027.486 18.523
57027.486 18.523
57027.486 18.640
57027.486 18.640
57032.922 17.974
57032.922 17.974
57032.922 18.018
57032.922 18.018
57032.922 18.044
57032.922 18.044
57032.922 18.057
57032.922 18.057
57032.922 18.103
57032.922 18.103
57032.922 18.112
57032.922 18.112
57032.922 18.152
57032.922 18.152
57032.922 18.188
57032.922 18.188
57032.922 18.293
57032.922 18.293
57033.490 17.948
57033.490 17.948
57033.490 17.990
57033.490 17.990
57033.490 18.018
57033.490 18.018
57033.490 18.031
57033.490 18.031
57033.490 18.073
57033.490 18.073
57033.490 18.083
57033.490 18.083
57033.490 18.123
57033.490 18.123
57033.490 18.157
57033.490 18.157
57033.490 18.260
57033.490 18.260
57038.358 17.740
57038.358 17.740
57038.358 17.765
57038.358 17.765
57038.358 17.811
57038.358 17.811
57038.358 17.827
57038.358 17.827
57038.358 17.844
57038.358 17.844
57038.358 17.853
57038.358 17.853
57038.358 17.894
57038.358 17.894
57038.358 17.914
57038.358 17.914
57038.358 18.009
57038.358 18.009
57042.030 17.603
57042.030 17.603
57042.030 17.619
57042.030 17.619
57042.030 17.674
57042.030 17.674
57042.030 17.693
57042.030 17.693
57042.030 17.695
57042.030 17.695
57042.030 17.702
57042.030 17.702
57042.030 17.745
57042.030 17.745
57042.030 17.757
57042.030 17.757
57042.030 17.845
57042.030 17.845
57043.793 17.542
57043.793 17.542
57043.793 17.555
57043.793 17.555
57043.793 17.613
57043.793 17.613
57043.793 17.629
57043.793 17.629
57043.793 17.633
57043.793 17.633
57043.793 17.636
57043.793 17.636
57043.793 17.679
57043.793 17.679
57043.793 17.687
57043.793 17.687
57043.793 17.773
57043.793 17.773
57048.700 17.389
57048.700 17.389
57048.700 17.394
57048.700 17.394
57048.700 17.459
57048.700 17.459
57048.700 17.463
57048.700 17.463
57048.700 17.469
57048.700 17.469
57048.700 17.481
57048.700 17.481
57048.700 17.512
57048.700 17.512
57048.700 17.512
57048.700 17.512
57048.700 17.591
57048.700 17.591
57049.229 17.374
57049.229 17.374
57049.229 17.378
57049.229 17.378
57049.229 17.444
57049.229 17.444
57049.229 17.446
57049.229 17.446
57049.229 17.452
57049.229 17.452
57049.229 17.466
57049.229 17.466
57049.229 17.495
57049.229 17.495
57049.229 17.496
57049.229 17.496
57049.229 17.573
57049.229 17.573
57049.700 17.360
57049.700 17.360
57049.700 17.364
57049.700 17.364
57049.700 17.431
57049.700 17.431
57049.700 17.432
57049.700 17.432
57049.700 17.438
57049.700 17.438
57049.700 17.452
57049.700 17.452
57049.700 17.480
57049.700 17.480
57049.700 17.481
57049.700 17.481
57049.700 17.557
57049.700 17.557
57051.470 17.312
57051.470 17.312
57051.470 17.313
57051.470 17.313
57051.470 17.379
57051.470 17.379
57051.470 17.381
57051.470 17.381
57051.470 17.384
57051.470 17.384
57051.470 17.404
57051.470 17.404
57051.470 17.425
57051.470 17.425
57051.470 17.428
57051.470 17.428
57051.470 17.500
57051.470 17.500
57053.500 17.258
57053.500 17.258
57053.500 17.258
57053.500 17.258
57053.500 17.322
57053.500 17.322
57053.500 17.327
57053.500 17.327
57053.500 17.328
57053.500 17.328
57053.500 17.351
57053.500 17.351
57053.500 17.364
57053.500 17.364
57053.500 17.371
57053.500 17.371
57053.500 17.437
57053.500 17.437
57054.665 17.228
57054.665 17.228
57054.665 17.229
57054.665 17.229
57054.665 17.291
57054.665 17.291
57054.665 17.295
57054.665 17.295
57054.665 17.298
57054.665 17.298
57054.665 17.322
57054.665 17.322
57054.665 17.332
57054.665 17.332
57054.665 17.339
57054.665 17.339
57054.665 17.403
57054.665 17.403
57060.101 17.100
57060.101 17.100
57060.101 17.105
57060.101 17.105
57060.101 17.157
57060.101 17.157
57060.101 17.160
57060.101 17.160
57060.101 17.172
57060.101 17.172
57060.101 17.191
57060.101 17.191
57060.101 17.197
57060.101 17.197
57060.101 17.205
57060.101 17.205
57060.101 17.256
57060.101 17.256
57065.536 16.991
57065.536 16.991
57065.536 16.997
57065.536 16.997
57065.536 17.042
57065.536 17.042
57065.536 17.044
57065.536 17.044
57065.536 17.062
57065.536 17.062
57065.536 17.070
57065.536 17.070
57065.536 17.088
57065.536 17.088
57065.536 17.088
57065.536 17.088
57065.536 17.130
57065.536 17.130
57068.470 16.939
57068.470 16.939
57068.470 16.945
57068.470 16.945
57068.470 16.986
57068.470 16.986
57068.470 16.988
57068.470 16.988
57068.470 17.010
57068.470 17.010
57068.470 17.012
57068.470 17.012
57068.470 17.032
57068.470 17.032
57068.470 17.035
57068.470 17.035
57068.470 17.070
57068.470 17.070
57068.970 16.930
57068.970 16.930
57068.970 16.937
57068.970 16.937
57068.970 16.977
57068.970 16.977
57068.970 16.979
57068.970 16.979
57068.970 17.001
57068.970 17.001
57068.970 17.003
57068.970 17.003
57068.970 17.023
57068.970 17.023
57068.970 17.027
57068.970 17.027
57068.970 17.060
57068.970 17.060
57069.450 16.922
57069.450 16.922
57069.450 16.929
57069.450 16.929
57069.450 16.969
57069.450 16.969
57069.450 16.970
57069.450 16.970
57069.450 16.993
57069.450 16.993
57069.450 16.994
57069.450 16.994
57069.450 17.015
57069.450 17.015
57069.450 17.018
57069.450 17.018
57069.450 17.050
57069.450 17.050
57070.972 16.898
57070.972 16.898
57070.972 16.904
57070.972 16.904
57070.972 16.943
57070.972 16.943
57070.972 16.944
57070.972 16.944
57070.972 16.966
57070.972 16.966
57070.972 16.968
57070.972 16.968
57070.972 16.988
57070.972 16.988
57070.972 16.993
57070.972 16.993
57070.972 17.022
57070.972 17.022
57071.600 16.888
57071.600 16.888
57071.600 16.894
57071.600 16.894
57071.600 16.932
57071.600 16.932
57071.600 16.933
57071.600 16.933
57071.600 16.955
57071.600 16.955
57071.600 16.957
57071.600 16.957
57071.600 16.977
57071.600 16.977
57071.600 16.983
57071.600 16.983
57071.600 17.010
57071.600 17.010
57072.394 16.876
57072.394 16.876
57072.394 16.882
57072.394 16.882
57072.394 16.919
57072.394 16.919
57072.394 16.920
57072.394 16.920
57072.394 16.941
57072.394 16.941
57072.394 16.945
57072.394 16.945
57072.394 16.964
57072.394 16.964
57072.394 16.971
57072.394 16.971
57072.394 16.996
57072.394 16.996
57072.590 16.873
57072.590 16.873
57072.590 16.879
57072.590 16.879
57072.590 16.916
57072.590 16.916
57072.590 16.917
57072.590 16.917
57072.590 16.938
57072.590 16.938
57072.590 16.942
57072.590 16.942
57072.590 16.961
57072.590 16.961
57072.590 16.968
57072.590 16.968
57072.590 16.993
57072.590 16.993
57073.880 16.854
57073.880 16.854
57073.880 16.860
57073.880 16.860
57073.880 16.896
57073.880 16.896
57073.880 16.896
57073.880 16.896
57073.880 16.917
57073.880 16.917
57073.880 16.922
57073.880 16.922
57073.880 16.940
57073.880 16.940
57073.880 16.948
57073.880 16.948
57073.880 16.970
57073.880 16.970
57074.169 16.849
57074.169 16.849
57074.169 16.856
57074.169 16.856
57074.169 16.891
57074.169 16.891
57074.169 16.892
57074.169 16.892
57074.169 16.912
57074.169 16.912
57074.169 16.918
57074.169 16.918
57074.169 16.936
57074.169 16.936
57074.169 16.944
57074.169 16.944
57074.169 16.966
57074.169 16.966
57074.210 16.849
57074.210 16.849
57074.210 16.856
57074.210 16.856
57074.210 16.891
57074.210 16.891
57074.210 16.891
57074.210 16.891
57074.210 16.911
57074.210 16.911
57074.210 16.917
57074.210 16.917
57074.210 16.935
57074.210 16.935
57074.210 16.943
57074.210 16.943
57074.210 16.965
57074.210 16.965
57076.167 16.822
57076.167 16.822
57076.167 16.828
57076.167 16.828
57076.167 16.861
57076.167 16.861
57076.167 16.862
57076.167 16.862
57076.167 16.880
57076.167 16.880
57076.167 16.889
57076.167 16.889
57076.167 16.905
57076.167 16.905
57076.167 16.915
57076.167 16.915
57076.167 16.933
57076.167 16.933
57076.408 16.818
57076.408 16.818
57076.408 16.825
57076.408 16.825
57076.408 16.858
57076.408 16.858
57076.408 16.858
57076.408 16.858
57076.408 16.877
57076.408 16.877
57076.408 16.886
57076.408 16.886
57076.408 16.902
57076.408 16.902
57076.408 16.911
57076.408 16.911
57076.408 16.929
57076.408 16.929
57077.170 16.808
57077.170 16.808
57077.170 16.815
57077.170 16.815
57077.170 16.847
57077.170 16.847
57077.170 16.847
57077.170 16.847
57077.170 16.865
57077.170 16.865
57077.170 16.875
57077.170 16.875
57077.170 16.890
57077.170 16.890
57077.170 16.901
57077.170 16.901
57077.170 16.917
57077.170 16.917
57077.450 16.805
57077.450 16.805
57077.450 16.811
57077.450 16.811
57077.450 16.843
57077.450 16.843
57077.450 16.843
57077.450 16.843
57077.450 16.861
57077.450 16.861
57077.450 16.871
57077.450 16.871
57077.450 16.886
57077.450 16.886
57077.450 16.897
57077.450 16.897
57077.450 16.913
57077.450 16.913
57077.620 16.803
57077.620 16.803
57077.620 16.809
57077.620 16.809
57077.620 16.841
57077.620 16.841
57077.620 16.841
57077.620 16.841
57077.620 16.859
57077.620 16.859
57077.620 16.869
57077.620 16.869
57077.620 16.884
57077.620 16.884
57077.620 16.895
57077.620 16.895
57077.620 16.910
57077.620 16.910
57078.322 16.794
57078.322 16.794
57078.322 16.800
57078.322 16.800
57078.322 16.831
57078.322 16.831
57078.322 16.831
57078.322 16.831
57078.322 16.849
57078.322 16.849
57078.322 16.860
57078.322 16.860
57078.322 16.874
57078.322 16.874
57078.322 16.885
57078.322 16.885
57078.322 16.900
57078.322 16.900
57078.470 16.792
57078.470 16.792
57078.470 16.798
57078.470 16.798
57078.470 16.829
57078.470 16.829
57078.470 16.829
57078.470 16.829
57078.470 16.846
57078.470 16.846
57078.470 16.858
57078.470 16.858
57078.470 16.872
57078.470 16.872
57078.470 16.883
57078.470 16.883
57078.470 16.898
57078.470 16.898
57078.960 16.786
57078.960 16.786
57078.960 16.792
57078.960 16.792
57078.960 16.823
57078.960 16.823
57078.960 16.823
57078.960 16.823
57078.960 16.840
57078.960 16.840
57078.960 16.851
57078.960 16.851
57078.960 16.865
57078.960 16.865
57078.960 16.877
57078.960 16.877
57078.960 16.891
57078.960 16.891
57079.340 16.781
57079.340 16.781
57079.340 16.787
57079.340 16.787
57079.340 16.817
57079.340 16.817
57079.340 16.818
57079.340 16.818
57079.340 16.834
57079.340 16.834
57079.340 16.847
57079.340 16.847
57079.340 16.860
57079.340 16.860
57079.340 16.872
57079.340 16.872
57079.340 16.885
57079.340 16.885
57080.080 16.772
57080.080 16.772
57080.080 16.778
57080.080 16.778
57080.080 16.808
57080.080 16.808
57080.080 16.808
57080.080 16.808
57080.080 16.824
57080.080 16.824
57080.080 16.837
57080.080 16.837
57080.080 16.850
57080.080 16.850
57080.080 16.863
57080.080 16.863
57080.080 16.875
57080.080 16.875
57080.330 16.769
57080.330 16.769
57080.330 16.775
57080.330 16.775
57080.330 16.805
57080.330 16.805
57080.330 16.805
57080.330 16.805
57080.330 16.821
57080.330 16.821
57080.330 16.834
57080.330 16.834
57080.330 16.847
57080.330 16.847
57080.330 16.860
57080.330 16.860
57080.330 16.871
57080.330 16.871
57080.517 16.767
57080.517 16.767
57080.517 16.773
57080.517 16.773
57080.517 16.802
57080.517 16.802
57080.517 16.802
57080.517 16.802
57080.517 16.818
57080.517 16.818
57080.517 16.832
57080.517 16.832
57080.517 16.845
57080.517 16.845
57080.517 16.857
57080.517 16.857
57080.517 16.869
57080.517 16.869
57081.330 16.758
57081.330 16.758
57081.330 16.764
57081.330 16.764
57081.330 16.792
57081.330 16.792
57081.330 16.792
57081.330 16.792
57081.330 16.807
57081.330 16.807
57081.330 16.822
57081.330 16.822
57081.330 16.834
57081.330 16.834
57081.330 16.847
57081.330 16.847
57081.330 16.857
57081.330 16.857
57081.500 16.756
57081.500 16.756
57081.500 16.762
57081.500 16.762
57081.500 16.790
57081.500 16.790
57081.500 16.790
57081.500 16.790
57081.500 16.805
57081.500 16.805
57081.500 16.820
57081.500 16.820
57081.500 16.832
57081.500 16.832
57081.500 16.845
57081.500 16.845
57081.500 16.855
57081.500 16.855
57081.844 16.752
57081.844 16.752
57081.844 16.758
57081.844 16.758
57081.844 16.786
57081.844 16.786
57081.844 16.786
57081.844 16.786
57081.844 16.801
57081.844 16.801
57081.844 16.816
57081.844 16.816
57081.844 16.828
57081.844 16.828
57081.844 16.841
57081.844 16.841
57081.844 16.851
57081.844 16.851
57082.240 16.747
57082.240 16.747
57082.240 16.754
57082.240 16.754
57082.240 16.781
57082.240 16.781
57082.240 16.781
57082.240 16.781
57082.240 16.796
57082.240 16.796
57082.240 16.811
57082.240 16.811
57082.240 16.823
57082.240 16.823
57082.240 16.836
57082.240 16.836
57082.240 16.845
57082.240 16.845
57082.940 16.740
57082.940 16.740
57082.940 16.746
57082.940 16.746
57082.940 16.773
57082.940 16.773
57082.940 16.773
57082.940 16.773
57082.940 16.787
57082.940 16.787
57082.940 16.803
57082.940 16.803
57082.940 16.814
57082.940 16.814
57082.940 16.828
57082.940 16.828
57082.940 16.836
57082.940 16.836
57084.240 16.726
57084.240 16.726
57084.240 16.732
57084.240 16.732
57084.240 16.757
57084.240 16.757
57084.240 16.758
57084.240 16.758
57084.240 16.771
57084.240 16.771
57084.240 16.788
57084.240 16.788
57084.240 16.799
57084.240 16.799
57084.240 16.813
57084.240 16.813
57084.240 16.820
57084.240 16.820
57084.342 16.725
57084.342 16.725
57084.342 16.731
57084.342 16.731
57084.342 16.756
57084.342 16.756
57084.342 16.757
57084.342 16.757
57084.342 16.770
57084.342 16.770
57084.342 16.787
57084.342 16.787
57084.342 16.797
57084.342 16.797
57084.342 16.812
57084.342 16.812
57084.342 16.819
57084.342 16.819
57085.220 16.716
57085.220 16.716
57085.220 16.722
57085.220 16.722
57085.220 16.747
57085.220 16.747
57085.220 16.747
57085.220 16.747
57085.220 16.760
57085.220 16.760
57085.220 16.778
57085.220 16.778
57085.220 16.787
57085.220 16.787
57085.220 16.803
57085.220 16.803
57085.220 16.808
57085.220 16.808
57085.260 16.716
57085.260 16.716
57085.260 16.722
57085.260 16.722
57085.260 16.746
57085.260 16.746
57085.260 16.746
57085.260 16.746
57085.260 16.759
57085.260 16.759
57085.260 16.777
57085.260 16.777
57085.260 16.787
57085.260 16.787
57085.260 16.802
57085.260 16.802
57085.260 16.808
57085.260 16.808
57086.010 16.708
57086.010 16.708
57086.010 16.714
57086.010 16.714
57086.010 16.738
57086.010 16.738
57086.010 16.738
57086.010 16.738
57086.010 16.751
57086.010 16.751
57086.010 16.769
57086.010 16.769
57086.010 16.779
57086.010 16.779
57086.010 16.794
57086.010 16.794
57086.010 16.799
57086.010 16.799
57087.279 16.696
57087.279 16.696
57087.279 16.702
57087.279 16.702
57087.279 16.725
57087.279 16.725
57087.279 16.725
57087.279 16.725
57087.279 16.737
57087.279 16.737
57087.279 16.757
57087.279 16.757
57087.279 16.765
57087.279 16.765
57087.279 16.781
57087.279 16.781
57087.279 16.785
57087.279 16.785
57089.976 16.673
57089.976 16.673
57089.976 16.678
57089.976 16.678
57089.976 16.699
57089.976 16.699
57089.976 16.699
57089.976 16.699
57089.976 16.709
57089.976 16.709
57089.976 16.731
57089.976 16.731
57089.976 16.738
57089.976 16.738
57089.976 16.755
57089.976 16.755
57089.976 16.757
57089.976 16.757
57090.476 16.669
57090.476 16.669
57090.476 16.674
57090.476 16.674
57090.476 16.694
57090.476 16.694
57090.476 16.695
57090.476 16.695
57090.476 16.704
57090.476 16.704
57090.476 16.727
57090.476 16.727
57090.476 16.733
57090.476 16.733
57090.476 16.751
57090.476 16.751
57090.476 16.752
57090.476 16.752
57090.970 16.665
57090.970 16.665
57090.970 16.670
57090.970 16.670
57090.970 16.690
57090.970 16.690
57090.970 16.690
57090.970 16.690
57090.970 16.700
57090.970 16.700
57090.970 16.722
57090.970 16.722
57090.970 16.728
57090.970 16.728
57090.970 16.746
57090.970 16.746
57090.970 16.747
57090.970 16.747
57092.170 16.655
57092.170 16.655
57092.170 16.660
57092.170 16.660
57092.170 16.679
57092.170 16.679
57092.170 16.680
57092.170 16.680
57092.170 16.689
57092.170 16.689
57092.170 16.712
57092.170 16.712
57092.170 16.718
57092.170 16.718
57092.170 16.736
57092.170 16.736
57092.170 16.736
57092.170 16.736
57092.715 16.651
57092.715 16.651
57092.715 16.656
57092.715 16.656
57092.715 16.675
57092.715 16.675
57092.715 16.675
57092.715 16.675
57092.715 16.684
57092.715 16.684
57092.715 16.707
57092.715 16.707
57092.715 16.713
57092.715 16.713
57092.715 16.731
57092.715 16.731
57092.715 16.731
57092.715 16.731
57093.020 16.649
57093.020 16.649
57093.020 16.654
57093.020 16.654
57093.020 16.672
57093.020 16.672
57093.020 16.673
57093.020 16.673
57093.020 16.681
57093.020 16.681
57093.020 16.705
57093.020 16.705
57093.020 16.710
57093.020 16.710
57093.020 16.728
57093.020 16.728
57093.020 16.729
57093.020 16.729
57093.764 16.644
57093.764 16.644
57093.764 16.648
57093.764 16.648
57093.764 16.666
57093.764 16.666
57093.764 16.667
57093.764 16.667
57093.764 16.675
57093.764 16.675
57093.764 16.699
57093.764 16.699
57093.764 16.704
57093.764 16.704
57093.764 16.722
57093.764 16.722
57093.764 16.723
57093.764 16.723
57094.290 16.640
57094.290 16.640
57094.290 16.645
57094.290 16.645
57094.290 16.662
57094.290 16.662
57094.290 16.663
57094.290 16.663
57094.290 16.670
57094.290 16.670
57094.290 16.695
57094.290 16.695
57094.290 16.700
57094.290 16.700
57094.290 16.717
57094.290 16.717
57094.290 16.718
57094.290 16.718
57094.870 16.636
57094.870 16.636
57094.870 16.641
57094.870 16.641
57094.870 16.658
57094.870 16.658
57094.870 16.658
57094.870 16.658
57094.870 16.666
57094.870 16.666
57094.870 16.691
57094.870 16.691
57094.870 16.695
57094.870 16.695
57094.870 16.712
57094.870 16.712
57094.870 16.714
57094.870 16.714
57095.270 16.633
57095.270 16.633
57095.270 16.638
57095.270 16.638
57095.270 16.655
57095.270 16.655
57095.270 16.655
57095.270 16.655
57095.270 16.662
57095.270 16.662
57095.270 16.688
57095.270 16.688
57095.270 16.692
57095.270 16.692
57095.270 16.709
57095.270 16.709
57095.270 16.711
57095.270 16.711
57095.470 16.632
57095.470 16.632
57095.470 16.636
57095.470 16.636
57095.470 16.653
57095.470 16.653
57095.470 16.654
57095.470 16.654
57095.470 16.661
57095.470 16.661
57095.470 16.686
57095.470 16.686
57095.470 16.690
57095.470 16.690
57095.470 16.707
57095.470 16.707
57095.470 16.709
57095.470 16.709
57095.930 16.629
57095.930 16.629
57095.930 16.633
57095.930 16.633
57095.930 16.650
57095.930 16.650
57095.930 16.650
57095.930 16.650
57095.930 16.657
57095.930 16.657
57095.930 16.683
57095.930 16.683
57095.930 16.686
57095.930 16.686
57095.930 16.704
57095.930 16.704
57095.930 16.706
57095.930 16.706
57097.210 16.621
57097.210 16.621
57097.210 16.625
57097.210 16.625
57097.210 16.641
57097.210 16.641
57097.210 16.641
57097.210 16.641
57097.210 16.648
57097.210 16.648
57097.210 16.674
57097.210 16.674
57097.210 16.677
57097.210 16.677
57097.210 16.694
57097.210 16.694
57097.210 16.697
57097.210 16.697
57098.151 16.615
57098.151 16.615
57098.151 16.619
57098.151 16.619
57098.151 16.635
57098.151 16.635
57098.151 16.635
57098.151 16.635
57098.151 16.641
57098.151 16.641
57098.151 16.667
57098.151 16.667
57098.151 16.670
57098.151 16.670
57098.151 16.687
57098.151 16.687
57098.151 16.690
57098.151 16.690
57098.210 16.615
57098.210 16.615
57098.210 16.619
57098.210 16.619
57098.210 16.634
57098.210 16.634
57098.210 16.634
57098.210 16.634
57098.210 16.640
57098.210 16.640
57098.210 16.667
57098.210 16.667
57098.210 16.670
57098.210 16.670
57098.210 16.687
57098.210 16.687
57098.210 16.690
57098.210 16.690
57098.610 16.613
57098.610 16.613
57098.610 16.617
57098.610 16.617
57098.610 16.632
57098.610 16.632
57098.610 16.632
57098.610 16.632
57098.610 16.638
57098.610 16.638
57098.610 16.665
57098.610 16.665
57098.610 16.667
57098.610 16.667
57098.610 16.684
57098.610 16.684
57098.610 16.687
57098.610 16.687
57098.987 16.611
57098.987 16.611
57098.987 16.615
57098.987 16.615
57098.987 16.629
57098.987 16.629
57098.987 16.629
57098.987 16.629
57098.987 16.635
57098.987 16.635
57098.987 16.662
57098.987 16.662
57098.987 16.664
57098.987 16.664
57098.987 16.681
57098.987 16.681
57098.987 16.684
57098.987 16.684
57099.250 16.609
57099.250 16.609
57099.250 16.613
57099.250 16.613
57099.250 16.628
57099.250 16.628
57099.250 16.628
57099.250 16.628
57099.250 16.633
57099.250 16.633
57099.250 16.660
57099.250 16.660
57099.250 16.663
57099.250 16.663
57099.250 16.680
57099.250 16.680
57099.250 16.683
57099.250 16.683
57100.984 16.600
57100.984 16.600
57100.984 16.604
57100.984 16.604
57100.984 16.617
57100.984 16.617
57100.984 16.617
57100.984 16.617
57100.984 16.622
57100.984 16.622
57100.984 16.650
57100.984 16.650
57100.984 16.652
57100.984 16.652
57100.984 16.668
57100.984 16.668
57100.984 16.672
57100.984 16.672
57101.310 16.599
57101.310 16.599
57101.310 16.602
57101.310 16.602
57101.310 16.615
57101.310 16.615
57101.310 16.616
57101.310 16.616
57101.310 16.620
57101.310 16.620
57101.310 16.648
57101.310 16.648
57101.310 16.650
57101.310 16.650
57101.310 16.666
57101.310 16.666
57101.310 16.670
57101.310 16.670
57102.170 16.594
57102.170 16.594
57102.170 16.598
57102.170 16.598
57102.170 16.611
57102.170 16.611
57102.170 16.611
57102.170 16.611
57102.170 16.615
57102.170 16.615
57102.170 16.643
57102.170 16.643
57102.170 16.644
57102.170 16.644
57102.170 16.661
57102.170 16.661
57102.170 16.665
57102.170 16.665
57102.520 16.593
57102.520 16.593
57102.520 16.596
57102.520 16.596
57102.520 16.609
57102.520 16.609
57102.520 16.609
57102.520 16.609
57102.520 16.613
57102.520 16.613
57102.520 16.641
57102.520 16.641
57102.520 16.642
57102.520 16.642
57102.520 16.659
57102.520 16.659
57102.520 16.663
57102.520 16.663
57103.400 16.589
57103.400 16.589
57103.400 16.592
57103.400 16.592
57103.400 16.604
57103.400 16.604
57103.400 16.604
57103.400 16.604
57103.400 16.608
57103.400 16.608
57103.400 16.637
57103.400 16.637
57103.400 16.637
57103.400 16.637
57103.400 16.654
57103.400 16.654
57103.400 16.658
57103.400 16.658
57103.587 16.588
57103.587 16.588
57103.587 16.591
57103.587 16.591
57103.587 16.603
57103.587 16.603
57103.587 16.603
57103.587 16.603
57103.587 16.607
57103.587 16.607
57103.587 16.636
57103.587 16.636
57103.587 16.636
57103.587 16.636
57103.587 16.653
57103.587 16.653
57103.587 16.657
57103.587 16.657
57103.760 16.587
57103.760 16.587
57103.760 16.590
57103.760 16.590
57103.760 16.602
57103.760 16.602
57103.760 16.602
57103.760 16.602
57103.760 16.606
57103.760 16.606
57103.760 16.635
57103.760 16.635
57103.760 16.635
57103.760 16.635
57103.760 16.652
57103.760 16.652
57103.760 16.656
57103.760 16.656
57104.180 16.586
57104.180 16.586
57104.180 16.589
57104.180 16.589
57104.180 16.600
57104.180 16.600
57104.180 16.600
57104.180 16.600
57104.180 16.604
57104.180 16.604
57104.180 16.633
57104.180 16.633
57104.180 16.633
57104.180 16.633
57104.180 16.650
57104.180 16.650
57104.180 16.654
57104.180 16.654
57104.430 16.585
57104.430 16.585
57104.430 16.588
57104.430 16.588
57104.430 16.599
57104.430 16.599
57104.430 16.599
57104.430 16.599
57104.430 16.603
57104.430 16.603
57104.430 16.632
57104.430 16.632
57104.430 16.632
57104.430 16.632
57104.430 16.649
57104.430 16.649
57104.430 16.653
57104.430 16.653
57106.440 16.577
57106.440 16.577
57106.440 16.580
57106.440 16.580
57106.440 16.590
57106.440 16.590
57106.440 16.590
57106.440 16.590
57106.440 16.593
57106.440 16.593
57106.440 16.622
57106.440 16.622
57106.440 16.622
57106.440 16.622
57106.440 16.639
57106.440 16.639
57106.440 16.643
57106.440 16.643
57106.872 16.575
57106.872 16.575
57106.872 16.578
57106.872 16.578
57106.872 16.588
57106.872 16.588
57106.872 16.588
57106.872 16.588
57106.872 16.591
57106.872 16.591
57106.872 16.620
57106.872 16.620
57106.872 16.621
57106.872 16.621
57106.872 16.637
57106.872 16.637
57106.872 16.641
57106.872 16.641
57109.022 16.568
57109.022 16.568
57109.022 16.571
57109.022 16.571
57109.022 16.580
57109.022 16.580
57109.022 16.580
57109.022 16.580
57109.022 16.582
57109.022 16.582
57109.022 16.611
57109.022 16.611
57109.022 16.612
57109.022 16.612
57109.022 16.628
57109.022 16.628
57109.022 16.632
57109.022 16.632
57110.160 16.565
57110.160 16.565
57110.160 16.567
57110.160 16.567
57110.160 16.576
57110.160 16.576
57110.160 16.576
57110.160 16.576
57110.160 16.578
57110.160 16.578
57110.160 16.606
57110.160 16.606
57110.160 16.608
57110.160 16.608
57110.160 16.623
57110.160 16.623
57110.160 16.627
57110.160 16.627
57110.180 16.565
57110.180 16.565
57110.180 16.567
57110.180 16.567
57110.180 16.576
57110.180 16.576
57110.180 16.576
57110.180 16.576
57110.180 16.578
57110.180 16.578
57110.180 16.606
57110.180 16.606
57110.180 16.608
57110.180 16.608
57110.180 16.623
57110.180 16.623
57110.180 16.627
57110.180 16.627
57110.210 16.565
57110.210 16.565
57110.210 16.567
57110.210 16.567
57110.210 16.576
57110.210 16.576
57110.210 16.576
57110.210 16.576
57110.210 16.577
57110.210 16.577
57110.210 16.606
57110.210 16.606
57110.210 16.608
57110.210 16.608
57110.210 16.623
57110.210 16.623
57110.210 16.627
57110.210 16.627
57110.699 16.564
57110.699 16.564
57110.699 16.566
57110.699 16.566
57110.699 16.574
57110.699 16.574
57110.699 16.575
57110.699 16.575
57110.699 16.576
57110.699 16.576
57110.699 16.604
57110.699 16.604
57110.699 16.606
57110.699 16.606
57110.699 16.621
57110.699 16.621
57110.699 16.625
57110.699 16.625
57111.503 16.562
57111.503 16.562
57111.503 16.564
57111.503 16.564
57111.503 16.572
57111.503 16.572
57111.503 16.572
57111.503 16.572
57111.503 16.573
57111.503 16.573
57111.503 16.601
57111.503 16.601
57111.503 16.604
57111.503 16.604
57111.503 16.619
57111.503 16.619
57111.503 16.623
57111.503 16.623
57113.290 16.558
57113.290 16.558
57113.290 16.559
57113.290 16.559
57113.290 16.566
57113.290 16.566
57113.290 16.567
57113.290 16.567
57113.290 16.567
57113.290 16.567
57113.290 16.596
57113.290 16.596
57113.290 16.598
57113.290 16.598
57113.290 16.613
57113.290 16.613
57113.290 16.617
57113.290 16.617
57114.458 16.556
57114.458 16.556
57114.458 16.557
57114.458 16.557
57114.458 16.564
57114.458 16.564
57114.458 16.564
57114.458 16.564
57114.458 16.564
57114.458 16.564
57114.458 16.592
57114.458 16.592
57114.458 16.595
57114.458 16.595
57114.458 16.610
57114.458 16.610
57114.458 16.614
57114.458 16.614
57116.930 16.552
57116.930 16.552
57116.930 16.553
57116.930 16.553
57116.930 16.558
57116.930 16.558
57116.930 16.559
57116.930 16.559
57116.930 16.560
57116.930 16.560
57116.930 16.586
57116.930 16.586
57116.930 16.590
57116.930 16.590
57116.930 16.604
57116.930 16.604
57116.930 16.607
57116.930 16.607
57117.250 16.551
57117.250 16.551
57117.250 16.552
57117.250 16.552
57117.250 16.558
57117.250 16.558
57117.250 16.558
57117.250 16.558
57117.250 16.559
57117.250 16.559
57117.250 16.586
57117.250 16.586
57117.250 16.589
57117.250 16.589
57117.250 16.603
57117.250 16.603
57117.250 16.607
57117.250 16.607
57118.210 16.550
57118.210 16.550
57118.210 16.551
57118.210 16.551
57118.210 16.556
57118.210 16.556
57118.210 16.556
57118.210 16.556
57118.210 16.558
57118.210 16.558
57118.210 16.584
57118.210 16.584
57118.210 16.587
57118.210 16.587
57118.210 16.601
57118.210 16.601
57118.210 16.605
57118.210 16.605
57118.422 16.550
57118.422 16.550
57118.422 16.551
57118.422 16.551
57118.422 16.556
57118.422 16.556
57118.422 16.556
57118.422 16.556
57118.422 16.557
57118.422 16.557
57118.422 16.583
57118.422 16.583
57118.422 16.587
57118.422 16.587
57118.422 16.601
57118.422 16.601
57118.422 16.604
57118.422 16.604
57119.894 16.549
57119.894 16.549
57119.894 16.549
57119.894 16.549
57119.894 16.554
57119.894 16.554
57119.894 16.554
57119.894 16.554
57119.894 16.555
57119.894 16.555
57119.894 16.581
57119.894 16.581
57119.894 16.585
57119.894 16.585
57119.894 16.599
57119.894 16.599
57119.894 16.602
57119.894 16.602
57120.150 16.549
57120.150 16.549
57120.150 16.549
57120.150 16.549
57120.150 16.553
57120.150 16.553
57120.150 16.554
57120.150 16.554
57120.150 16.555
57120.150 16.555
57120.150 16.580
57120.150 16.580
57120.150 16.585
57120.150 16.585
57120.150 16.598
57120.150 16.598
57120.150 16.601
57120.150 16.601
57120.210 16.549
57120.210 16.549
57120.210 16.549
57120.210 16.549
57120.210 16.553
57120.210 16.553
57120.210 16.553
57120.210 16.553
57120.210 16.555
57120.210 16.555
57120.210 16.580
57120.210 16.580
57120.210 16.584
57120.210 16.584
57120.210 16.598
57120.210 16.598
57120.210 16.601
57120.210 16.601
57120.450 16.549
57120.450 16.549
57120.450 16.549
57120.450 16.549
57120.450 16.553
57120.450 16.553
57120.450 16.553
57120.450 16.553
57120.450 16.555
57120.450 16.555
57120.450 16.580
57120.450 16.580
57120.450 16.584
57120.450 16.584
57120.450 16.598
57120.450 16.598
57120.450 16.601
57120.450 16.601
57120.816 16.548
57120.816 16.548
57120.816 16.549
57120.816 16.549
57120.816 16.552
57120.816 16.552
57120.816 16.553
57120.816 16.553
57120.816 16.554
57120.816 16.554
57120.816 16.579
57120.816 16.579
57120.816 16.584
57120.816 16.584
57120.816 16.597
57120.816 16.597
57120.816 16.600
57120.816 16.600
57122.075 16.548
57122.075 16.548
57122.075 16.548
57122.075 16.548
57122.075 16.551
57122.075 16.551
57122.075 16.552
57122.075 16.552
57122.075 16.553
57122.075 16.553
57122.075 16.578
57122.075 16.578
57122.075 16.582
57122.075 16.582
57122.075 16.596
57122.075 16.596
57122.075 16.599
57122.075 16.599
57122.130 16.548
57122.130 16.548
57122.130 16.548
57122.130 16.548
57122.130 16.551
57122.130 16.551
57122.130 16.552
57122.130 16.552
57122.130 16.553
57122.130 16.553
57122.130 16.578
57122.130 16.578
57122.130 16.582
57122.130 16.582
57122.130 16.596
57122.130 16.596
57122.130 16.599
57122.130 16.599
57122.785 16.548
57122.785 16.548
57122.785 16.548
57122.785 16.548
57122.785 16.551
57122.785 16.551
57122.785 16.551
57122.785 16.551
57122.785 16.553
57122.785 16.553
57122.785 16.577
57122.785 16.577
57122.785 16.582
57122.785 16.582
57122.785 16.595
57122.785 16.595
57122.785 16.598
57122.785 16.598
57122.850 16.548
57122.850 16.548
57122.850 16.548
57122.850 16.548
57122.850 16.551
57122.850 16.551
57122.850 16.551
57122.850 16.551
57122.850 16.553
57122.850 16.553
57122.850 16.577
57122.850 16.577
57122.850 16.582
57122.850 16.582
57122.850 16.595
57122.850 16.595
57122.850 16.598
57122.850 16.598
57123.870 16.547
57123.870 16.547
57123.870 16.548
57123.870 16.548
57123.870 16.550
57123.870 16.550
57123.870 16.551
57123.870 16.551
57123.870 16.553
57123.870 16.553
57123.870 16.576
57123.870 16.576
57123.870 16.581
57123.870 16.581
57123.870 16.595
57123.870 16.595
57123.870 16.597
57123.870 16.597
57125.330 16.547
57125.330 16.547
57125.330 16.548
57125.330 16.548
57125.330 16.549
57125.330 16.549
57125.330 16.550
57125.330 16.550
57125.330 16.552
57125.330 16.552
57125.330 16.575
57125.330 16.575
57125.330 16.580
57125.330 16.580
57125.330 16.594
57125.330 16.594
57125.330 16.596
57125.330 16.596
57126.180 16.547
57126.180 16.547
57126.180 16.548
57126.180 16.548
57126.180 16.549
57126.180 16.549
57126.180 16.550
57126.180 16.550
57126.180 16.552
57126.180 16.552
57126.180 16.575
57126.180 16.575
57126.180 16.580
57126.180 16.580
57126.180 16.594
57126.180 16.594
57126.180 16.595
57126.180 16.595
57127.720 16.548
57127.720 16.548
57127.720 16.549
57127.720 16.549
57127.720 16.549
57127.720 16.549
57127.720 16.550
57127.720 16.550
57127.720 16.553
57127.720 16.553
57127.720 16.575
57127.720 16.575
57127.720 16.580
57127.720 16.580
57127.720 16.593
57127.720 16.593
57127.720 16.595
57127.720 16.595
57128.160 16.548
57128.160 16.548
57128.160 16.549
57128.160 16.549
57128.160 16.549
57128.160 16.549
57128.160 16.550
57128.160 16.550
57128.160 16.553
57128.160 16.553
57128.160 16.575
57128.160 16.575
57128.160 16.580
57128.160 16.580
57128.160 16.593
57128.160 16.593
57128.160 16.595
57128.160 16.595
57128.629 16.548
57128.629 16.548
57128.629 16.550
57128.629 16.550
57128.629 16.550
57128.629 16.550
57128.629 16.550
57128.629 16.550
57128.629 16.553
57128.629 16.553
57128.629 16.575
57128.629 16.575
57128.629 16.580
57128.629 16.580
57128.629 16.594
57128.629 16.594
57128.629 16.595
57128.629 16.595
57129.940 16.549
57129.940 16.549
57129.940 16.550
57129.940 16.550
57129.940 16.551
57129.940 16.551
57129.940 16.551
57129.940 16.551
57129.940 16.554
57129.940 16.554
57129.940 16.575
57129.940 16.575
57129.940 16.581
57129.940 16.581
57129.940 16.594
57129.940 16.594
57129.940 16.595
57129.940 16.595
57130.765 16.550
57130.765 16.550
57130.765 16.551
57130.765 16.551
57130.765 16.552
57130.765 16.552
57130.765 16.552
57130.765 16.552
57130.765 16.555
57130.765 16.555
57130.765 16.576
57130.765 16.576
57130.765 16.581
57130.765 16.581
57130.765 16.594
57130.765 16.594
57130.765 16.595
57130.765 16.595
57131.527 16.551
57131.527 16.551
57131.527 16.551
57131.527 16.551
57131.527 16.552
57131.527 16.552
57131.527 16.553
57131.527 16.553
57131.527 16.555
57131.527 16.555
57131.527 16.576
57131.527 16.576
57131.527 16.582
57131.527 16.582
57131.527 16.595
57131.527 16.595
57131.527 16.596
57131.527 16.596
57131.710 16.551
57131.710 16.551
57131.710 16.551
57131.710 16.551
57131.710 16.552
57131.710 16.552
57131.710 16.553
57131.710 16.553
57131.710 16.555
57131.710 16.555
57131.710 16.576
57131.710 16.576
57131.710 16.582
57131.710 16.582
57131.710 16.595
57131.710 16.595
57131.710 16.596
57131.710 16.596
57132.930 16.553
57132.930 16.553
57132.930 16.553
57132.930 16.553
57132.930 16.554
57132.930 16.554
57132.930 16.554
57132.930 16.554
57132.930 16.557
57132.930 16.557
57132.930 16.577
57132.930 16.577
57132.930 16.583
57132.930 16.583
57132.930 16.596
57132.930 16.596
57132.930 16.597
57132.930 16.597
57134.240 16.554
57134.240 16.554
57134.240 16.554
57134.240 16.554
57134.240 16.555
57134.240 16.555
57134.240 16.556
57134.240 16.556
57134.240 16.559
57134.240 16.559
57134.240 16.579
57134.240 16.579
57134.240 16.584
57134.240 16.584
57134.240 16.597
57134.240 16.597
57134.240 16.598
57134.240 16.598
57134.860 16.555
57134.860 16.555
57134.860 16.555
57134.860 16.555
57134.860 16.556
57134.860 16.556
57134.860 16.557
57134.860 16.557
57134.860 16.559
57134.860 16.559
57134.860 16.579
57134.860 16.579
57134.860 16.585
57134.860 16.585
57134.860 16.598
57134.860 16.598
57134.860 16.598
57134.860 16.598
57135.440 16.556
57135.440 16.556
57135.440 16.556
57135.440 16.556
57135.440 16.557
57135.440 16.557
57135.440 16.558
57135.440 16.558
57135.440 16.560
57135.440 16.560
57135.440 16.580
57135.440 16.580
57135.440 16.586
57135.440 16.586
57135.440 16.599
57135.440 16.599
57135.440 16.599
57135.440 16.599
57135.940 16.557
57135.940 16.557
57135.940 16.557
57135.940 16.557
57135.940 16.558
57135.940 16.558
57135.940 16.559
57135.940 16.559
57135.940 16.561
57135.940 16.561
57135.940 16.581
57135.940 16.581
57135.940 16.586
57135.940 16.586
57135.940 16.599
57135.940 16.599
57135.940 16.600
57135.940 16.600
57136.201 16.557
57136.201 16.557
57136.201 16.558
57136.201 16.558
57136.201 16.558
57136.201 16.558
57136.201 16.560
57136.201 16.560
57136.201 16.562
57136.201 16.562
57136.201 16.581
57136.201 16.581
57136.201 16.587
57136.201 16.587
57136.201 16.600
57136.201 16.600
57136.201 16.600
57136.201 16.600
57136.314 16.557
57136.314 16.557
57136.314 16.558
57136.314 16.558
57136.314 16.558
57136.314 16.558
57136.314 16.560
57136.314 16.560
57136.314 16.562
57136.314 16.562
57136.314 16.581
57136.314 16.581
57136.314 16.587
57136.314 16.587
57136.314 16.600
57136.314 16.600
57136.314 16.600
57136.314 16.600
57137.210 16.559
57137.210 16.559
57137.210 16.559
57137.210 16.559
57137.210 16.560
57137.210 16.560
57137.210 16.562
57137.210 16.562
57137.210 16.563
57137.210 16.563
57137.210 16.583
57137.210 16.583
57137.210 16.588
57137.210 16.588
57137.210 16.601
57137.210 16.601
57137.210 16.601
57137.210 16.601
57137.270 16.559
57137.270 16.559
57137.270 16.559
57137.270 16.559
57137.270 16.560
57137.270 16.560
57137.270 16.562
57137.270 16.562
57137.270 16.564
57137.270 16.564
57137.270 16.583
57137.270 16.583
57137.270 16.588
57137.270 16.588
57137.270 16.601
57137.270 16.601
57137.270 16.601
57137.270 16.601
57138.860 16.562
57138.860 16.562
57138.860 16.563
57138.860 16.563
57138.860 16.563
57138.860 16.563
57138.860 16.565
57138.860 16.565
57138.860 16.567
57138.860 16.567
57138.860 16.586
57138.860 16.586
57138.860 16.591
57138.860 16.591
57138.860 16.604
57138.860 16.604
57138.860 16.604
57138.860 16.604
57138.880 16.562
57138.880 16.562
57138.880 16.563
57138.880 16.563
57138.880 16.563
57138.880 16.563
57138.880 16.565
57138.880 16.565
57138.880 16.567
57138.880 16.567
57138.880 16.586
57138.880 16.586
57138.880 16.591
57138.880 16.591
57138.880 16.604
57138.880 16.604
57138.880 16.604
57138.880 16.604
57139.210 16.563
57139.210 16.563
57139.210 16.563
57139.210 16.563
57139.210 16.563
57139.210 16.563
57139.210 16.566
57139.210 16.566
57139.210 16.568
57139.210 16.568
57139.210 16.586
57139.210 16.586
57139.210 16.592
57139.210 16.592
57139.210 16.604
57139.210 16.604
57139.210 16.605
57139.210 16.605
57140.100 16.565
57140.100 16.565
57140.100 16.565
57140.100 16.565
57140.100 16.565
57140.100 16.565
57140.100 16.568
57140.100 16.568
57140.100 16.569
57140.100 16.569
57140.100 16.588
57140.100 16.588
57140.100 16.594
57140.100 16.594
57140.100 16.606
57140.100 16.606
57140.100 16.606
57140.100 16.606
57141.170 16.567
57141.170 16.567
57141.170 16.568
57141.170 16.568
57141.170 16.568
57141.170 16.568
57141.170 16.570
57141.170 16.570
57141.170 16.572
57141.170 16.572
57141.170 16.590
57141.170 16.590
57141.170 16.596
57141.170 16.596
57141.170 16.608
57141.170 16.608
57141.170 16.608
57141.170 16.608
57141.637 16.569
57141.637 16.569
57141.637 16.569
57141.637 16.569
57141.637 16.569
57141.637 16.569
57141.637 16.572
57141.637 16.572
57141.637 16.573
57141.637 16.573
57141.637 16.591
57141.637 16.591
57141.637 16.597
57141.637 16.597
57141.637 16.609
57141.637 16.609
57141.637 16.609
57141.637 16.609
57144.468 16.576
57144.468 16.576
57144.468 16.576
57144.468 16.576
57144.468 16.579
57144.468 16.579
57144.468 16.595
57144.468 16.595
57144.468 16.598
57144.468 16.598
57144.468 16.599
57144.468 16.599
57144.468 16.604
57144.468 16.604
57144.468 16.615
57144.468 16.615
57144.468 16.616
57144.468 16.616
57144.710 16.576
57144.710 16.576
57144.710 16.577
57144.710 16.577
57144.710 16.580
57144.710 16.580
57144.710 16.599
57144.710 16.599
57144.710 16.599
57144.710 16.599
57144.710 16.604
57144.710 16.604
57144.710 16.604
57144.710 16.604
57144.710 16.616
57144.710 16.616
57144.710 16.617
57144.710 16.617
57144.890 16.577
57144.890 16.577
57144.890 16.577
57144.890 16.577
57144.890 16.580
57144.890 16.580
57144.890 16.599
57144.890 16.599
57144.890 16.602
57144.890 16.602
57144.890 16.605
57144.890 16.605
57144.890 16.607
57144.890 16.607
57144.890 16.616
57144.890 16.616
57144.890 16.617
57144.890 16.617
57147.073 16.587
57147.073 16.587
57147.073 16.596
57147.073 16.596
57147.073 16.609
57147.073 16.609
57147.073 16.622
57147.073 16.622
57147.073 16.631
57147.073 16.631
57147.073 16.636
57147.073 16.636
57147.073 16.639
57147.073 16.639
57147.073 16.643
57147.073 16.643
57147.073 16.648
57147.073 16.648
57148.310 16.591
57148.310 16.591
57148.310 16.620
57148.310 16.620
57148.310 16.632
57148.310 16.632
57148.310 16.644
57148.310 16.644
57148.310 16.653
57148.310 16.653
57148.310 16.658
57148.310 16.658
57148.310 16.662
57148.310 16.662
57148.310 16.665
57148.310 16.665
57148.310 16.671
57148.310 16.671
57150.030 16.622
57150.030 16.622
57150.030 16.652
57150.030 16.652
57150.030 16.665
57150.030 16.665
57150.030 16.675
57150.030 16.675
57150.030 16.685
57150.030 16.685
57150.030 16.690
57150.030 16.690
57150.030 16.693
57150.030 16.693
57150.030 16.698
57150.030 16.698
57150.030 16.703
57150.030 16.703
57150.960 16.640
57150.960 16.640
57150.960 16.670
57150.960 16.670
57150.960 16.683
57150.960 16.683
57150.960 16.692
57150.960 16.692
57150.960 16.702
57150.960 16.702
57150.960 16.707
57150.960 16.707
57150.960 16.711
57150.960 16.711
57150.960 16.715
57150.960 16.715
57150.960 16.721
57150.960 16.721
57151.187 16.644
57151.187 16.644
57151.187 16.674
57151.187 16.674
57151.187 16.687
57151.187 16.687
57151.187 16.696
57151.187 16.696
57151.187 16.706
57151.187 16.706
57151.187 16.711
57151.187 16.711
57151.187 16.715
57151.187 16.715
57151.187 16.719
57151.187 16.719
57151.187 16.725
57151.187 16.725
57152.160 16.663
57152.160 16.663
57152.160 16.693
57152.160 16.693
57152.160 16.706
57152.160 16.706
57152.160 16.714
57152.160 16.714
57152.160 16.724
57152.160 16.724
57152.160 16.729
57152.160 16.729
57152.160 16.733
57152.160 16.733
57152.160 16.737
57152.160 16.737
57152.160 16.743
57152.160 16.743
57152.508 16.670
57152.508 16.670
57152.508 16.700
57152.508 16.700
57152.508 16.713
57152.508 16.713
57152.508 16.720
57152.508 16.720
57152.508 16.731
57152.508 16.731
57152.508 16.735
57152.508 16.735
57152.508 16.739
57152.508 16.739
57152.508 16.744
57152.508 16.744
57152.508 16.750
57152.508 16.750
57155.150 16.722
57155.150 16.722
57155.150 16.750
57155.150 16.750
57155.150 16.764
57155.150 16.764
57155.150 16.769
57155.150 16.769
57155.150 16.780
57155.150 16.780
57155.150 16.784
57155.150 16.784
57155.150 16.788
57155.150 16.788
57155.150 16.793
57155.150 16.793
57155.150 16.799
57155.150 16.799
57155.760 16.734
57155.760 16.734
57155.760 16.762
57155.760 16.762
57155.760 16.776
57155.760 16.776
57155.760 16.780
57155.760 16.780
57155.760 16.791
57155.760 16.791
57155.760 16.795
57155.760 16.795
57155.760 16.800
57155.760 16.800
57155.760 16.805
57155.760 16.805
57155.760 16.811
57155.760 16.811
57157.944 16.777
57157.944 16.777
57157.944 16.803
57157.944 16.803
57157.944 16.818
57157.944 16.818
57157.944 16.821
57157.944 16.821
57157.944 16.832
57157.944 16.832
57157.944 16.835
57157.944 16.835
57157.944 16.841
57157.944 16.841
57157.944 16.846
57157.944 16.846
57157.944 16.852
57157.944 16.852
57158.800 16.793
57158.800 16.793
57158.800 16.820
57158.800 16.820
57158.800 16.834
57158.800 16.834
57158.800 16.836
57158.800 16.836
57158.800 16.848
57158.800 16.848
57158.800 16.851
57158.800 16.851
57158.800 16.857
57158.800 16.857
57158.800 16.862
57158.800 16.862
57158.800 16.868
57158.800 16.868
57160.050 16.818
57160.050 16.818
57160.050 16.844
57160.050 16.844
57160.050 16.858
57160.050 16.858
57160.050 16.860
57160.050 16.860
57160.050 16.871
57160.050 16.871
57160.050 16.874
57160.050 16.874
57160.050 16.880
57160.050 16.880
57160.050 16.886
57160.050 16.886
57160.050 16.892
57160.050 16.892
57160.630 16.829
57160.630 16.829
57160.630 16.855
57160.630 16.855
57160.630 16.870
57160.630 16.870
57160.630 16.871
57160.630 16.871
57160.630 16.882
57160.630 16.882
57160.630 16.885
57160.630 16.885
57160.630 16.891
57160.630 16.891
57160.630 16.896
57160.630 16.896
57160.630 16.903
57160.630 16.903
57161.010 16.837
57161.010 16.837
57161.010 16.862
57161.010 16.862
57161.010 16.877
57161.010 16.877
57161.010 16.878
57161.010 16.878
57161.010 16.889
57161.010 16.889
57161.010 16.892
57161.010 16.892
57161.010 16.898
57161.010 16.898
57161.010 16.904
57161.010 16.904
57161.010 16.910
57161.010 16.910
57161.700 16.850
57161.700 16.850
57161.700 16.875
57161.700 16.875
57161.700 16.890
57161.700 16.890
57161.700 16.891
57161.700 16.891
57161.700 16.902
57161.700 16.902
57161.700 16.904
57161.700 16.904
57161.700 16.911
57161.700 16.911
57161.700 16.917
57161.700 16.917
57161.700 16.923
57161.700 16.923
57162.730 16.870
57162.730 16.870
57162.730 16.895
57162.730 16.895
57162.730 16.910
57162.730 16.910
57162.730 16.910
57162.730 16.910
57162.730 16.921
57162.730 16.921
57162.730 16.923
57162.730 16.923
57162.730 16.930
57162.730 16.930
57162.730 16.936
57162.730 16.936
57162.730 16.942
57162.730 16.942
57162.900 16.873
57162.900 16.873
57162.900 16.898
57162.900 16.898
57162.900 16.913
57162.900 16.913
57162.900 16.913
57162.900 16.913
57162.900 16.925
57162.900 16.925
57162.900 16.927
57162.900 16.927
57162.900 16.933
57162.900 16.933
57162.900 16.939
57162.900 16.939
57162.900 16.945
57162.900 16.945
57163.380 16.883
57163.380 16.883
57163.380 16.907
57163.380 16.907
57163.380 16.922
57163.380 16.922
57163.380 16.923
57163.380 16.923
57163.380 16.933
57163.380 16.933
57163.380 16.935
57163.380 16.935
57163.380 16.942
57163.380 16.942
57163.380 16.948
57163.380 16.948
57163.380 16.954
57163.380 16.954
57166.353 16.940
57166.353 16.940
57166.353 16.964
57166.353 16.964
57166.353 16.978
57166.353 16.978
57166.353 16.980
57166.353 16.980
57166.353 16.989
57166.353 16.989
57166.353 16.990
57166.353 16.990
57166.353 16.998
57166.353 16.998
57166.353 17.004
57166.353 17.004
57166.353 17.010
57166.353 17.010
57166.920 16.951
57166.920 16.951
57166.920 16.975
57166.920 16.975
57166.920 16.988
57166.920 16.988
57166.920 16.991
57166.920 16.991
57166.920 17.000
57166.920 17.000
57166.920 17.000
57166.920 17.000
57166.920 17.009
57166.920 17.009
57166.920 17.015
57166.920 17.015
57166.920 17.021
57166.920 17.021
57168.816 16.988
57168.816 16.988
57168.816 17.011
57168.816 17.011
57168.816 17.024
57168.816 17.024
57168.816 17.027
57168.816 17.027
57168.816 17.035
57168.816 17.035
57168.816 17.035
57168.816 17.035
57168.816 17.044
57168.816 17.044
57168.816 17.050
57168.816 17.050
57168.816 17.056
57168.816 17.056
57171.900 17.047
57171.900 17.047
57171.900 17.069
57171.900 17.069
57171.900 17.082
57171.900 17.082
57171.900 17.086
57171.900 17.086
57171.900 17.091
57171.900 17.091
57171.900 17.093
57171.900 17.093
57171.900 17.102
57171.900 17.102
57171.900 17.108
57171.900 17.108
57171.900 17.114
57171.900 17.114
57172.407 17.056
57172.407 17.056
57172.407 17.079
57172.407 17.079
57172.407 17.091
57172.407 17.091
57172.407 17.095
57172.407 17.095
57172.407 17.100
57172.407 17.100
57172.407 17.102
57172.407 17.102
57172.407 17.111
57172.407 17.111
57172.407 17.117
57172.407 17.117
57172.407 17.123
57172.407 17.123
57173.380 17.075
57173.380 17.075
57173.380 17.097
57173.380 17.097
57173.380 17.109
57173.380 17.109
57173.380 17.114
57173.380 17.114
57173.380 17.118
57173.380 17.118
57173.380 17.120
57173.380 17.120
57173.380 17.129
57173.380 17.129
57173.380 17.135
57173.380 17.135
57173.380 17.141
57173.380 17.141
57174.252 17.091
57174.252 17.091
57174.252 17.113
57174.252 17.113
57174.252 17.126
57174.252 17.126
57174.252 17.130
57174.252 17.130
57174.252 17.134
57174.252 17.134
57174.252 17.137
57174.252 17.137
57174.252 17.145
57174.252 17.145
57174.252 17.151
57174.252 17.151
57174.252 17.157
57174.252 17.157
57175.020 17.106
57175.020 17.106
57175.020 17.128
57175.020 17.128
57175.020 17.140
57175.020 17.140
57175.020 17.145
57175.020 17.145
57175.020 17.148
57175.020 17.148
57175.020 17.151
57175.020 17.151
57175.020 17.160
57175.020 17.160
57175.020 17.166
57175.020 17.166
57175.020 17.171
57175.020 17.171
57176.950 17.142
57176.950 17.142
57176.950 17.164
57176.950 17.164
57176.950 17.176
57176.950 17.176
57176.950 17.181
57176.950 17.181
57176.950 17.182
57176.950 17.182
57176.950 17.187
57176.950 17.187
57176.950 17.195
57176.950 17.195
57176.950 17.201
57176.950 17.201
57176.950 17.207
57176.950 17.207
57178.110 17.164
57178.110 17.164
57178.110 17.186
57178.110 17.186
57178.110 17.197
57178.110 17.197
57178.110 17.203
57178.110 17.203
57178.110 17.203
57178.110 17.203
57178.110 17.208
57178.110 17.208
57178.110 17.217
57178.110 17.217
57178.110 17.223
57178.110 17.223
57178.110 17.228
57178.110 17.228
57179.110 17.183
57179.110 17.183
57179.110 17.204
57179.110 17.204
57179.110 17.216
57179.110 17.216
57179.110 17.221
57179.110 17.221
57179.110 17.222
57179.110 17.222
57179.110 17.227
57179.110 17.227
57179.110 17.235
57179.110 17.235
57179.110 17.241
57179.110 17.241
57179.110 17.246
57179.110 17.246
57179.687 17.193
57179.687 17.193
57179.687 17.215
57179.687 17.215
57179.687 17.227
57179.687 17.227
57179.687 17.231
57179.687 17.231
57179.687 17.233
57179.687 17.233
57179.687 17.237
57179.687 17.237
57179.687 17.246
57179.687 17.246
57179.687 17.252
57179.687 17.252
57179.687 17.257
57179.687 17.257
57182.120 17.238
57182.120 17.238
57182.120 17.260
57182.120 17.260
57182.120 17.272
57182.120 17.272
57182.120 17.274
57182.120 17.274
57182.120 17.278
57182.120 17.278
57182.120 17.282
57182.120 17.282
57182.120 17.290
57182.120 17.290
57182.120 17.296
57182.120 17.296
57182.120 17.301
57182.120 17.301
57183.020 17.255
57183.020 17.255
57183.020 17.276
57183.020 17.276
57183.020 17.288
57183.020 17.288
57183.020 17.290
57183.020 17.290
57183.020 17.294
57183.020 17.294
57183.020 17.299
57183.020 17.299
57183.020 17.307
57183.020 17.307
57183.020 17.312
57183.020 17.312
57183.020 17.317
57183.020 17.317
57184.030 17.274
57184.030 17.274
57184.030 17.295
57184.030 17.295
57184.030 17.307
57184.030 17.307
57184.030 17.308
57184.030 17.308
57184.030 17.313
57184.030 17.313
57184.030 17.317
57184.030 17.317
57184.030 17.325
57184.030 17.325
57184.030 17.331
57184.030 17.331
57184.030 17.336
57184.030 17.336
57184.960 17.291
57184.960 17.291
57184.960 17.312
57184.960 17.312
57184.960 17.324
57184.960 17.324
57184.960 17.324
57184.960 17.324
57184.960 17.330
57184.960 17.330
57184.960 17.334
57184.960 17.334
57184.960 17.342
57184.960 17.342
57184.960 17.347
57184.960 17.347
57184.960 17.352
57184.960 17.352
57185.020 17.292
57185.020 17.292
57185.020 17.313
57185.020 17.313
57185.020 17.325
57185.020 17.325
57185.020 17.326
57185.020 17.326
57185.020 17.331
57185.020 17.331
57185.020 17.335
57185.020 17.335
57185.020 17.343
57185.020 17.343
57185.020 17.349
57185.020 17.349
57185.020 17.353
57185.020 17.353
57185.123 17.294
57185.123 17.294
57185.123 17.315
57185.123 17.315
57185.123 17.327
57185.123 17.327
57185.123 17.327
57185.123 17.327
57185.123 17.333
57185.123 17.333
57185.123 17.337
57185.123 17.337
57185.123 17.345
57185.123 17.345
57185.123 17.350
57185.123 17.350
57185.123 17.355
57185.123 17.355
57185.212 17.295
57185.212 17.295
57185.212 17.316
57185.212 17.316
57185.212 17.329
57185.212 17.329
57185.212 17.329
57185.212 17.329
57185.212 17.335
57185.212 17.335
57185.212 17.338
57185.212 17.338
57185.212 17.347
57185.212 17.347
57185.212 17.352
57185.212 17.352
57185.212 17.357
57185.212 17.357
57186.770 17.324
57186.770 17.324
57186.770 17.345
57186.770 17.345
57186.770 17.356
57186.770 17.356
57186.770 17.357
57186.770 17.357
57186.770 17.363
57186.770 17.363
57186.770 17.367
57186.770 17.367
57186.770 17.375
57186.770 17.375
57186.770 17.380
57186.770 17.380
57186.770 17.385
57186.770 17.385
57190.559 17.392
57190.559 17.392
57190.559 17.413
57190.559 17.413
57190.559 17.422
57190.559 17.422
57190.559 17.426
57190.559 17.426
57190.559 17.432
57190.559 17.432
57190.559 17.435
57190.559 17.435
57190.559 17.443
57190.559 17.443
57190.559 17.448
57190.559 17.448
57190.559 17.452
57190.559 17.452
57192.710 17.430
57192.710 17.430
57192.710 17.452
57192.710 17.452
57192.710 17.459
57192.710 17.459
57192.710 17.465
57192.710 17.465
57192.710 17.471
57192.710 17.471
57192.710 17.474
57192.710 17.474
57192.710 17.481
57192.710 17.481
57192.710 17.486
57192.710 17.486
57192.710 17.490
57192.710 17.490
57195.995 17.488
57195.995 17.488
57195.995 17.510
57195.995 17.510
57195.995 17.515
57195.995 17.515
57195.995 17.524
57195.995 17.524
57195.995 17.530
57195.995 17.530
57195.995 17.532
57195.995 17.532
57195.995 17.539
57195.995 17.539
57195.995 17.543
57195.995 17.543
57195.995 17.547
57195.995 17.547
57199.060 17.542
57199.060 17.542
57199.060 17.563
57199.060 17.563
57199.060 17.567
57199.060 17.567
57199.060 17.579
57199.060 17.579
57199.060 17.584
57199.060 17.584
57199.060 17.586
57199.060 17.586
57199.060 17.592
57199.060 17.592
57199.060 17.596
57199.060 17.596
57199.060 17.600
57199.060 17.600
57199.380 17.547
57199.380 17.547
57199.380 17.569
57199.380 17.569
57199.380 17.572
57199.380 17.572
57199.380 17.585
57199.380 17.585
57199.380 17.589
57199.380 17.589
57199.380 17.591
57199.380 17.591
57199.380 17.598
57199.380 17.598
57199.380 17.602
57199.380 17.602
57199.380 17.605
57199.380 17.605
57201.430 17.583
57201.430 17.583
57201.430 17.604
57201.430 17.604
57201.430 17.606
57201.430 17.606
57201.430 17.621
57201.430 17.621
57201.430 17.625
57201.430 17.625
57201.430 17.627
57201.430 17.627
57201.430 17.633
57201.430 17.633
57201.430 17.637
57201.430 17.637
57201.430 17.640
57201.430 17.640
57205.700 17.655
57205.700 17.655
57205.700 17.677
57205.700 17.677
57205.700 17.677
57205.700 17.677
57205.700 17.695
57205.700 17.695
57205.700 17.699
57205.700 17.699
57205.700 17.700
57205.700 17.700
57205.700 17.706
57205.700 17.706
57205.700 17.709
57205.700 17.709
57205.700 17.712
57205.700 17.712
57206.340 17.666
57206.340 17.666
57206.340 17.688
57206.340 17.688
57206.340 17.688
57206.340 17.688
57206.340 17.706
57206.340 17.706
57206.340 17.710
57206.340 17.710
57206.340 17.711
57206.340 17.711
57206.340 17.717
57206.340 17.717
57206.340 17.720
57206.340 17.720
57206.340 17.723
57206.340 17.723
57206.833 17.675
57206.833 17.675
57206.833 17.696
57206.833 17.696
57206.833 17.697
57206.833 17.697
57206.833 17.715
57206.833 17.715
57206.833 17.718
57206.833 17.718
57206.833 17.720
57206.833 17.720
57206.833 17.726
57206.833 17.726
57206.833 17.728
57206.833 17.728
57206.833 17.731
57206.833 17.731
57206.866 17.675
57206.866 17.675
57206.866 17.696
57206.866 17.696
57206.866 17.697
57206.866 17.697
57206.866 17.715
57206.866 17.715
57206.866 17.719
57206.866 17.719
57206.866 17.720
57206.866 17.720
57206.866 17.726
57206.866 17.726
57206.866 17.729
57206.866 17.729
57206.866 17.732
57206.866 17.732
57210.040 17.728
57210.040 17.728
57210.040 17.748
57210.040 17.748
57210.040 17.751
57210.040 17.751
57210.040 17.770
57210.040 17.770
57210.040 17.772
57210.040 17.772
57210.040 17.774
57210.040 17.774
57210.040 17.779
57210.040 17.779
57210.040 17.782
57210.040 17.782
57210.040 17.784
57210.040 17.784
57212.302 17.766
57212.302 17.766
57212.302 17.784
57212.302 17.784
57212.302 17.788
57212.302 17.788
57212.302 17.808
57212.302 17.808
57212.302 17.810
57212.302 17.810
57212.302 17.812
57212.302 17.812
57212.302 17.817
57212.302 17.817
57212.302 17.819
57212.302 17.819
57212.302 17.821
57212.302 17.821
57212.390 17.767
57212.390 17.767
57212.390 17.786
57212.390 17.786
57212.390 17.790
57212.390 17.790
57212.390 17.810
57212.390 17.810
57212.390 17.812
57212.390 17.812
57212.390 17.813
57212.390 17.813
57212.390 17.818
57212.390 17.818
57212.390 17.821
57212.390 17.821
57212.390 17.823
57212.390 17.823
57217.730 17.854
57217.730 17.854
57217.730 17.871
57217.730 17.871
57217.730 17.877
57217.730 17.877
57217.730 17.899
57217.730 17.899
57217.730 17.900
57217.730 17.900
57217.730 17.901
57217.730 17.901
57217.730 17.906
57217.730 17.906
57217.730 17.908
57217.730 17.908
57217.730 17.909
57217.730 17.909
57217.738 17.854
57217.738 17.854
57217.738 17.871
57217.738 17.871
57217.738 17.877
57217.738 17.877
57217.738 17.899
57217.738 17.899
57217.738 17.900
57217.738 17.900
57217.738 17.901
57217.738 17.901
57217.738 17.906
57217.738 17.906
57217.738 17.908
57217.738 17.908
57217.738 17.909
57217.738 17.909
57221.000 17.907
57221.000 17.907
57221.000 17.922
57221.000 17.922
57221.000 17.930
57221.000 17.930
57221.000 17.953
57221.000 17.953
57221.000 17.953
57221.000 17.953
57221.000 17.954
57221.000 17.954
57221.000 17.959
57221.000 17.959
57221.000 17.960
57221.000 17.960
57221.000 17.961
57221.000 17.961
57223.173 17.941
57223.173 17.941
57223.173 17.956
57223.173 17.956
57223.173 17.965
57223.173 17.965
57223.173 17.988
57223.173 17.988
57223.173 17.989
57223.173 17.989
57223.173 17.989
57223.173 17.989
57223.173 17.994
57223.173 17.994
57223.173 17.995
57223.173 17.995
57223.173 17.995
57223.173 17.995
57228.609 18.027
57228.609 18.027
57228.609 18.039
57228.609 18.039
57228.609 18.051
57228.609 18.051
57228.609 18.074
57228.609 18.074
57228.609 18.075
57228.609 18.075
57228.609 18.076
57228.609 18.076
57228.609 18.079
57228.609 18.079
57228.609 18.080
57228.609 18.080
57228.609 18.080
57228.609 18.080
57230.350 18.054
57230.350 18.054
57230.350 18.065
57230.350 18.065
57230.350 18.078
57230.350 18.078
57230.350 18.101
57230.350 18.101
57230.350 18.103
57230.350 18.103
57230.350 18.104
57230.350 18.104
57230.350 18.106
57230.350 18.106
57230.350 18.107
57230.350 18.107
57230.350 18.107
57230.350 18.107
57232.370 18.085
57232.370 18.085
57232.370 18.096
57232.370 18.096
57232.370 18.109
57232.370 18.109
57232.370 18.133
57232.370 18.133
57232.370 18.134
57232.370 18.134
57232.370 18.136
57232.370 18.136
57232.370 18.138
57232.370 18.138
57232.370 18.138
57232.370 18.138
57232.370 18.138
57232.370 18.138
57234.045 18.111
57234.045 18.111
57234.045 18.121
57234.045 18.121
57234.045 18.135
57234.045 18.135
57234.045 18.159
57234.045 18.159
57234.045 18.160
57234.045 18.160
57234.045 18.162
57234.045 18.162
57234.045 18.163
57234.045 18.163
57234.045 18.163
57234.045 18.163
57234.045 18.163
57234.045 18.163
57236.710 18.151
57236.710 18.151
57236.710 18.160
57236.710 18.160
57236.710 18.175
57236.710 18.175
57236.710 18.200
57236.710 18.200
57236.710 18.201
57236.710 18.201
57236.710 18.203
57236.710 18.203
57236.710 18.203
57236.710 18.203
57236.710 18.204
57236.710 18.204
57236.710 18.204
57236.710 18.204
57239.481 18.193
57239.481 18.193
57239.481 18.201
57239.481 18.201
57239.481 18.217
57239.481 18.217
57239.481 18.242
57239.481 18.242
57239.481 18.243
57239.481 18.243
57239.481 18.245
57239.481 18.245
57239.481 18.245
57239.481 18.245
57239.481 18.246
57239.481 18.246
57239.481 18.246
57239.481 18.246
57244.916 18.274
57244.916 18.274
57244.916 18.280
57244.916 18.280
57244.916 18.298
57244.916 18.298
57244.916 18.323
57244.916 18.323
57244.916 18.324
57244.916 18.324
57244.916 18.325
57244.916 18.325
57244.916 18.326
57244.916 18.326
57244.916 18.327
57244.916 18.327
57244.916 18.328
57244.916 18.328
57250.352 18.353
57250.352 18.353
57250.352 18.358
57250.352 18.358
57250.352 18.378
57250.352 18.378
57250.352 18.403
57250.352 18.403
57250.352 18.403
57250.352 18.403
57250.352 18.404
57250.352 18.404
57250.352 18.405
57250.352 18.405
57250.352 18.406
57250.352 18.406
57250.352 18.409
57250.352 18.409
57255.788 18.431
57255.788 18.431
57255.788 18.434
57255.788 18.434
57255.788 18.456
57255.788 18.456
57255.788 18.481
57255.788 18.481
57255.788 18.481
57255.788 18.481
57255.788 18.482
57255.788 18.482
57255.788 18.483
57255.788 18.483
57255.788 18.484
57255.788 18.484
57255.788 18.488
57255.788 18.488
57261.224 18.507
57261.224 18.507
57261.224 18.509
57261.224 18.509
57261.224 18.533
57261.224 18.533
57261.224 18.557
57261.224 18.557
57261.224 18.558
57261.224 18.558
57261.224 18.559
57261.224 18.559
57261.224 18.559
57261.224 18.559
57261.224 18.561
57261.224 18.561
57261.224 18.566
57261.224 18.566
57266.659 18.583
57266.659 18.583
57266.659 18.583
57266.659 18.583
57266.659 18.608
57266.659 18.608
57266.659 18.632
57266.659 18.632
57266.659 18.634
57266.659 18.634
57266.659 18.634
57266.659 18.634
57266.659 18.635
57266.659 18.635
57266.659 18.636
57266.659 18.636
57266.659 18.642
57266.659 18.642
57272.095 18.656
57272.095 18.656
57272.095 18.657
57272.095 18.657
57272.095 18.682
57272.095 18.682
57272.095 18.705
57272.095 18.705
57272.095 18.708
57272.095 18.708
57272.095 18.708
57272.095 18.708
57272.095 18.709
57272.095 18.709
57272.095 18.710
57272.095 18.710
57272.095 18.717
57272.095 18.717
57277.531 18.727
57277.531 18.727
57277.531 18.730
57277.531 18.730
57277.531 18.755
57277.531 18.755
57277.531 18.777
57277.531 18.777
57277.531 18.781
57277.531 18.781
57277.531 18.781
57277.531 18.781
57277.531 18.782
57277.531 18.782
57277.531 18.783
57277.531 18.783
57277.531 18.791
57277.531 18.791
57282.967 18.798
57282.967 18.798
57282.967 18.802
57282.967 18.802
57282.967 18.827
57282.967 18.827
57282.967 18.849
57282.967 18.849
57282.967 18.853
57282.967 18.853
57282.967 18.853
57282.967 18.853
57282.967 18.854
57282.967 18.854
57282.967 18.855
57282.967 18.855
57282.967 18.863
57282.967 18.863
57288.402 18.867
57288.402 18.867
57288.402 18.873
57288.402 18.873
57288.402 18.898
57288.402 18.898
57288.402 18.919
57288.402 18.919
57288.402 18.923
57288.402 18.923
57288.402 18.924
57288.402 18.924
57288.402 18.925
57288.402 18.925
57288.402 18.926
57288.402 18.926
57288.402 18.935
57288.402 18.935
57293.838 18.935
57293.838 18.935
57293.838 18.943
57293.838 18.943
57293.838 18.968
57293.838 18.968
57293.838 18.988
57293.838 18.988
57293.838 18.993
57293.838 18.993
57293.838 18.994
57293.838 18.994
57293.838 18.994
57293.838 18.994
57293.838 18.995
57293.838 18.995
57293.838 19.005
57293.838 19.005
57299.274 19.003
57299.274 19.003
57299.274 19.011
57299.274 19.011
57299.274 19.036
57299.274 19.036
57299.274 19.056
57299.274 19.056
57299.274 19.061
57299.274 19.061
57299.274 19.063
57299.274 19.063
57299.274 19.063
57299.274 19.063
57299.274 19.064
57299.274 19.064
57299.274 19.074
57299.274 19.074
57304.710 19.069
57304.710 19.069
57304.710 19.079
57304.710 19.079
57304.710 19.104
57304.710 19.104
57304.710 19.123
57304.710 19.123
57304.710 19.129
57304.710 19.129
57304.710 19.130
57304.710 19.130
57304.710 19.130
57304.710 19.130
57304.710 19.131
57304.710 19.131
57304.710 19.142
57304.710 19.142
57310.145 19.134
57310.145 19.134
57310.145 19.146
57310.145 19.146
57310.145 19.171
57310.145 19.171
57310.145 19.189
57310.145 19.189
57310.145 19.195
57310.145 19.195
57310.145 19.196
57310.145 19.196
57310.145 19.197
57310.145 19.197
57310.145 19.198
57310.145 19.198
57310.145 19.208
57310.145 19.208
57315.581 19.199
57315.581 19.199
57315.581 19.212
57315.581 19.212
57315.581 19.236
57315.581 19.236
57315.581 19.255
57315.581 19.255
57315.581 19.261
57315.581 19.261
57315.581 19.262
57315.581 19.262
57315.581 19.262
57315.581 19.262
57315.581 19.263
57315.581 19.263
57315.581 19.274
57315.581 19.274
57321.017 19.263
57321.017 19.263
57321.017 19.277
57321.017 19.277
57321.017 19.301
57321.017 19.301
57321.017 19.319
57321.017 19.319
57321.017 19.325
57321.017 19.325
57321.017 19.326
57321.017 19.326
57321.017 19.327
57321.017 19.327
57321.017 19.328
57321.017 19.328
57321.017 19.339
57321.017 19.339
57326.453 19.325
57326.453 19.325
57326.453 19.341
57326.453 19.341
57326.453 19.365
57326.453 19.365
57326.453 19.382
57326.453 19.382
57326.453 19.389
57326.453 19.389
57326.453 19.390
57326.453 19.390
57326.453 19.391
57326.453 19.391
57326.453 19.392
57326.453 19.392
57326.453 19.403
57326.453 19.403
57330.722 19.374
57330.722 19.374
57330.722 19.390
57330.722 19.390
57330.722 19.415
57330.722 19.415
57330.722 19.431
57330.722 19.431
57330.722 19.438
57330.722 19.438
57330.722 19.439
57330.722 19.439
57330.722 19.441
57330.722 19.441
57330.722 19.441
57330.722 19.441
57330.722 19.453
57330.722 19.453
57331.888 19.387
57331.888 19.387
57331.888 19.404
57331.888 19.404
57331.888 19.428
57331.888 19.428
57331.888 19.445
57331.888 19.445
57331.888 19.452
57331.888 19.452
57331.888 19.453
57331.888 19.453
57331.888 19.454
57331.888 19.454
57331.888 19.454
57331.888 19.454
57331.888 19.466
57331.888 19.466
57335.787 19.431
57335.787 19.431
57335.787 19.448
57335.787 19.448
57335.787 19.473
57335.787 19.473
57335.787 19.489
57335.787 19.489
57335.787 19.496
57335.787 19.496
57335.787 19.497
57335.787 19.497
57335.787 19.499
57335.787 19.499
57335.787 19.499
57335.787 19.499
57335.787 19.511
57335.787 19.511
57337.324 19.448
57337.324 19.448
57337.324 19.466
57337.324 19.466
57337.324 19.490
57337.324 19.490
57337.324 19.506
57337.324 19.506
57337.324 19.514
57337.324 19.514
57337.324 19.515
57337.324 19.515
57337.324 19.516
57337.324 19.516
57337.324 19.516
57337.324 19.516
57337.324 19.529
57337.324 19.529
57342.760 19.508
57342.760 19.508
57342.760 19.527
57342.760 19.527
57342.760 19.552
57342.760 19.552
57342.760 19.567
57342.760 19.567
57342.760 19.575
57342.760 19.575
57342.760 19.576
57342.760 19.576
57342.760 19.577
57342.760 19.577
57342.760 19.578
57342.760 19.578
57342.760 19.590
57342.760 19.590
57348.196 19.568
57348.196 19.568
57348.196 19.588
57348.196 19.588
57348.196 19.612
57348.196 19.612
57348.196 19.627
57348.196 19.627
57348.196 19.635
57348.196 19.635
57348.196 19.636
57348.196 19.636
57348.196 19.638
57348.196 19.638
57348.196 19.638
57348.196 19.638
57348.196 19.651
57348.196 19.651
57353.632 19.626
57353.632 19.626
57353.632 19.648
57353.632 19.648
57353.632 19.672
57353.632 19.672
57353.632 19.686
57353.632 19.686
57353.632 19.694
57353.632 19.694
57353.632 19.695
57353.632 19.695
57353.632 19.697
57353.632 19.697
57353.632 19.697
57353.632 19.697
57353.632 19.710
57353.632 19.710
57359.067 19.684
57359.067 19.684
57359.067 19.707
57359.067 19.707
57359.067 19.731
57359.067 19.731
57359.067 19.745
57359.067 19.745
57359.067 19.753
57359.067 19.753
57359.067 19.754
57359.067 19.754
57359.067 19.756
57359.067 19.756
57359.067 19.756
57359.067 19.756
57359.067 19.769
57359.067 19.769
57364.503 19.741
57364.503 19.741
57364.503 19.765
57364.503 19.765
57364.503 19.789
57364.503 19.789
57364.503 19.803
57364.503 19.803
57364.503 19.811
57364.503 19.811
57364.503 19.812
57364.503 19.812
57364.503 19.814
57364.503 19.814
57364.503 19.814
57364.503 19.814
57364.503 19.827
57364.503 19.827
57369.939 19.798
57369.939 19.798
57369.939 19.823
57369.939 19.823
57369.939 19.846
57369.939 19.846
57369.939 19.860
57369.939 19.860
57369.939 19.868
57369.939 19.868
57369.939 19.869
57369.939 19.869
57369.939 19.871
57369.939 19.871
57369.939 19.872
57369.939 19.872
57369.939 19.885
57369.939 19.885
57373.330 19.833
57373.330 19.833
57373.330 19.858
57373.330 19.858
57373.330 19.882
57373.330 19.882
57373.330 19.895
57373.330 19.895
57373.330 19.904
57373.330 19.904
57373.330 19.904
57373.330 19.904
57373.330 19.907
57373.330 19.907
57373.330 19.907
57373.330 19.907
57373.330 19.920
57373.330 19.920
57375.375 19.854
57375.375 19.854
57375.375 19.880
57375.375 19.880
57375.375 19.903
57375.375 19.903
57375.375 19.916
57375.375 19.916
57375.375 19.925
57375.375 19.925
57375.375 19.925
57375.375 19.925
57375.375 19.928
57375.375 19.928
57375.375 19.928
57375.375 19.928
57375.375 19.942
57375.375 19.942
57378.080 19.881
57378.080 19.881
57378.080 19.908
57378.080 19.908
57378.080 19.931
57378.080 19.931
57378.080 19.944
57378.080 19.944
57378.080 19.953
57378.080 19.953
57378.080 19.953
57378.080 19.953
57378.080 19.956
57378.080 19.956
57378.080 19.956
57378.080 19.956
57378.080 19.969
57378.080 19.969
57379.200 19.892
57379.200 19.892
57379.200 19.919
57379.200 19.919
57379.200 19.942
57379.200 19.942
57379.200 19.955
57379.200 19.955
57379.200 19.964
57379.200 19.964
57379.200 19.965
57379.200 19.965
57379.200 19.967
57379.200 19.967
57379.200 19.968
57379.200 19.968
57379.200 19.981
57379.200 19.981
57380.810 19.909
57380.810 19.909
57380.810 19.936
57380.810 19.936
57380.810 19.959
57380.810 19.959
57380.810 19.972
57380.810 19.972
57380.810 19.981
57380.810 19.981
57380.810 19.981
57380.810 19.981
57380.810 19.984
57380.810 19.984
57380.810 19.984
57380.810 19.984
57380.810 19.998
57380.810 19.998
57386.246 19.963
57386.246 19.963
57386.246 19.991
57386.246 19.991
57386.246 20.014
57386.246 20.014
57386.246 20.027
57386.246 20.027
57386.246 20.036
57386.246 20.036
57386.246 20.036
57386.246 20.036
57386.246 20.039
57386.246 20.039
57386.246 20.039
57386.246 20.039
57386.246 20.053
57386.246 20.053
57391.682 20.017
57391.682 20.017
57391.682 20.046
57391.682 20.046
57391.682 20.069
57391.682 20.069
57391.682 20.081
57391.682 20.081
57391.682 20.091
57391.682 20.091
57391.682 20.091
57391.682 20.091
57391.682 20.094
57391.682 20.094
57391.682 20.094
57391.682 20.094
57391.682 20.107
57391.682 20.107
57397.118 20.070
57397.118 20.070
57397.118 20.100
57397.118 20.100
57397.118 20.123
57397.118 20.123
57397.118 20.134
57397.118 20.134
57397.118 20.144
57397.118 20.144
57397.118 20.144
57397.118 20.144
57397.118 20.147
57397.118 20.147
57397.118 20.148
57397.118 20.148
57397.118 20.161
57397.118 20.161
57401.580 20.113
57401.580 20.113
57401.580 20.144
57401.580 20.144
57401.580 20.167
57401.580 20.167
57401.580 20.178
57401.580 20.178
57401.580 20.188
57401.580 20.188
57401.580 20.188
57401.580 20.188
57401.580 20.191
57401.580 20.191
57401.580 20.192
57401.580 20.192
57401.580 20.205
57401.580 20.205
57402.553 20.122
57402.553 20.122
57402.553 20.154
57402.553 20.154
57402.553 20.176
57402.553 20.176
57402.553 20.187
57402.553 20.187
57402.553 20.197
57402.553 20.197
57402.553 20.198
57402.553 20.198
57402.553 20.201
57402.553 20.201
57402.553 20.201
57402.553 20.201
57402.553 20.215
57402.553 20.215
57403.500 20.131
57403.500 20.131
57403.500 20.163
57403.500 20.163
57403.500 20.185
57403.500 20.185
57403.500 20.197
57403.500 20.197
57403.500 20.207
57403.500 20.207
57403.500 20.207
57403.500 20.207
57403.500 20.210
57403.500 20.210
57403.500 20.210
57403.500 20.210
57403.500 20.224
57403.500 20.224
57404.300 20.139
57404.300 20.139
57404.300 20.171
57404.300 20.171
57404.300 20.193
57404.300 20.193
57404.300 20.204
57404.300 20.204
57404.300 20.214
57404.300 20.214
57404.300 20.215
57404.300 20.215
57404.300 20.218
57404.300 20.218
57404.300 20.218
57404.300 20.218
57404.300 20.232
57404.300 20.232
57407.989 20.174
57407.989 20.174
57407.989 20.207
57407.989 20.207
57407.989 20.229
57407.989 20.229
57407.989 20.240
57407.989 20.240
57407.989 20.250
57407.989 20.250
57407.989 20.250
57407.989 20.250
57407.989 20.253
57407.989 20.253
57407.989 20.254
57407.989 20.254
57407.989 20.267
57407.989 20.267
57409.470 20.188
57409.470 20.188
57409.470 20.221
57409.470 20.221
57409.470 20.243
57409.470 20.243
57409.470 20.254
57409.470 20.254
57409.470 20.264
57409.470 20.264
57409.470 20.265
57409.470 20.265
57409.470 20.267
57409.470 20.267
57409.470 20.268
57409.470 20.268
57409.470 20.282
57409.470 20.282
57413.425 20.226
57413.425 20.226
57413.425 20.259
57413.425 20.259
57413.425 20.281
57413.425 20.281
57413.425 20.292
57413.425 20.292
57413.425 20.302
57413.425 20.302
57413.425 20.302
57413.425 20.302
57413.425 20.305
57413.425 20.305
57413.425 20.306
57413.425 20.306
57413.425 20.320
57413.425 20.320
57418.861 20.276
57418.861 20.276
57418.861 20.311
57418.861 20.311
57418.861 20.333
57418.861 20.333
57418.861 20.343
57418.861 20.343
57418.861 20.353
57418.861 20.353
57418.861 20.354
57418.861 20.354
57418.861 20.357
57418.861 20.357
57418.861 20.357
57418.861 20.357
57418.861 20.371
57418.861 20.371
57423.220 20.316
57423.220 20.316
57423.220 20.352
57423.220 20.352
57423.220 20.373
57423.220 20.373
57423.220 20.383
57423.220 20.383
57423.220 20.394
57423.220 20.394
57423.220 20.394
57423.220 20.394
57423.220 20.397
57423.220 20.397
57423.220 20.398
57423.220 20.398
57423.220 20.412
57423.220 20.412
57423.520 20.319
57423.520 20.319
57423.520 20.354
57423.520 20.354
57423.520 20.376
57423.520 20.376
57423.520 20.386
57423.520 20.386
57423.520 20.396
57423.520 20.396
57423.520 20.397
57423.520 20.397
57423.520 20.400
57423.520 20.400
57423.520 20.401
57423.520 20.401
57423.520 20.415
57423.520 20.415
57424.296 20.326
57424.296 20.326
57424.296 20.362
57424.296 20.362
57424.296 20.383
57424.296 20.383
57424.296 20.393
57424.296 20.393
57424.296 20.404
57424.296 20.404
57424.296 20.405
57424.296 20.405
57424.296 20.407
57424.296 20.407
57424.296 20.408
57424.296 20.408
57424.296 20.422
57424.296 20.422
57425.630 20.339
57425.630 20.339
57425.630 20.374
57425.630 20.374
57425.630 20.396
57425.630 20.396
57425.630 20.406
57425.630 20.406
57425.630 20.416
57425.630 20.416
57425.630 20.417
57425.630 20.417
57425.630 20.420
57425.630 20.420
57425.630 20.421
57425.630 20.421
57425.630 20.434
57425.630 20.434
57429.732 20.376
57429.732 20.376
57429.732 20.412
57429.732 20.412
57429.732 20.434
57429.732 20.434
57429.732 20.443
57429.732 20.443
57429.732 20.454
57429.732 20.454
57429.732 20.455
57429.732 20.455
57429.732 20.458
57429.732 20.458
57429.732 20.458
57429.732 20.458
57429.732 20.472
57429.732 20.472
57433.210 20.407
57433.210 20.407
57433.210 20.444
57433.210 20.444
57433.210 20.466
57433.210 20.466
57433.210 20.475
57433.210 20.475
57433.210 20.485
57433.210 20.485
57433.210 20.487
57433.210 20.487
57433.210 20.490
57433.210 20.490
57433.210 20.490
57433.210 20.490
57433.210 20.504
57433.210 20.504
57433.550 20.410
57433.550 20.410
57433.550 20.447
57433.550 20.447
57433.550 20.469
57433.550 20.469
57433.550 20.478
57433.550 20.478
57433.550 20.489
57433.550 20.489
57433.550 20.490
57433.550 20.490
57433.550 20.493
57433.550 20.493
57433.550 20.493
57433.550 20.493
57433.550 20.507
57433.550 20.507
57435.168 20.425
57435.168 20.425
57435.168 20.462
57435.168 20.462
57435.168 20.484
57435.168 20.484
57435.168 20.493
57435.168 20.493
57435.168 20.503
57435.168 20.503
57435.168 20.504
57435.168 20.504
57435.168 20.507
57435.168 20.507
57435.168 20.508
57435.168 20.508
57435.168 20.522
57435.168 20.522
57437.720 20.448
57437.720 20.448
57437.720 20.485
57437.720 20.485
57437.720 20.507
57437.720 20.507
57437.720 20.516
57437.720 20.516
57437.720 20.526
57437.720 20.526
57437.720 20.528
57437.720 20.528
57437.720 20.531
57437.720 20.531
57437.720 20.531
57437.720 20.531
57437.720 20.545
57437.720 20.545
57440.604 20.473
57440.604 20.473
57440.604 20.512
57440.604 20.512
57440.604 20.533
57440.604 20.533
57440.604 20.542
57440.604 20.542
57440.604 20.552
57440.604 20.552
57440.604 20.554
57440.604 20.554
57440.604 20.557
57440.604 20.557
57440.604 20.557
57440.604 20.557
57440.604 20.571
57440.604 20.571
57444.240 20.506
57444.240 20.506
57444.240 20.544
57444.240 20.544
57444.240 20.566
57444.240 20.566
57444.240 20.574
57444.240 20.574
57444.240 20.585
57444.240 20.585
57444.240 20.586
57444.240 20.586
57444.240 20.589
57444.240 20.589
57444.240 20.590
57444.240 20.590
57444.240 20.604
57444.240 20.604
57446.039 20.521
57446.039 20.521
57446.039 20.561
57446.039 20.561
57446.039 20.582
57446.039 20.582
57446.039 20.590
57446.039 20.590
57446.039 20.601
57446.039 20.601
57446.039 20.602
57446.039 20.602
57446.039 20.605
57446.039 20.605
57446.039 20.606
57446.039 20.606
57446.039 20.620
57446.039 20.620
57450.520 20.561
57450.520 20.561
57450.520 20.600
57450.520 20.600
57450.520 20.621
57450.520 20.621
57450.520 20.630
57450.520 20.630
57450.520 20.640
57450.520 20.640
57450.520 20.642
57450.520 20.642
57450.520 20.645
57450.520 20.645
57450.520 20.646
57450.520 20.646
57450.520 20.660
57450.520 20.660
57451.475 20.569
57451.475 20.569
57451.475 20.609
57451.475 20.609
57451.475 20.630
57451.475 20.630
57451.475 20.638
57451.475 20.638
57451.475 20.649
57451.475 20.649
57451.475 20.650
57451.475 20.650
57451.475 20.653
57451.475 20.653
57451.475 20.654
57451.475 20.654
57451.475 20.668
57451.475 20.668
57456.270 20.610
57456.270 20.610
57456.270 20.651
57456.270 20.651
57456.270 20.672
57456.270 20.672
57456.270 20.680
57456.270 20.680
57456.270 20.691
57456.270 20.691
57456.270 20.692
57456.270 20.692
57456.270 20.695
57456.270 20.695
57456.270 20.696
57456.270 20.696
57456.270 20.710
57456.270 20.710
57456.911 20.616
57456.911 20.616
57456.911 20.657
57456.911 20.657
57456.911 20.678
57456.911 20.678
57456.911 20.686
57456.911 20.686
57456.911 20.696
57456.911 20.696
57456.911 20.698
57456.911 20.698
57456.911 20.701
57456.911 20.701
57456.911 20.702
57456.911 20.702
57456.911 20.716
57456.911 20.716
57458.570 20.630
57458.570 20.630
57458.570 20.671
57458.570 20.671
57458.570 20.692
57458.570 20.692
57458.570 20.700
57458.570 20.700
57458.570 20.711
57458.570 20.711
57458.570 20.712
57458.570 20.712
57458.570 20.715
57458.570 20.715
57458.570 20.716
57458.570 20.716
57458.570 20.730
57458.570 20.730
57462.347 20.662
57462.347 20.662
57462.347 20.704
57462.347 20.704
57462.347 20.725
57462.347 20.725
57462.347 20.732
57462.347 20.732
57462.347 20.743
57462.347 20.743
57462.347 20.745
57462.347 20.745
57462.347 20.748
57462.347 20.748
57462.347 20.749
57462.347 20.749
57462.347 20.763
57462.347 20.763
57465.530 20.689
57465.530 20.689
57465.530 20.732
57465.530 20.732
57465.530 20.752
57465.530 20.752
57465.530 20.760
57465.530 20.760
57465.530 20.770
57465.530 20.770
57465.530 20.772
57465.530 20.772
57465.530 20.775
57465.530 20.775
57465.530 20.776
57465.530 20.776
57465.530 20.790
57465.530 20.790
57467.782 20.708
57467.782 20.708
57467.782 20.751
57467.782 20.751
57467.782 20.771
57467.782 20.771
57467.782 20.779
57467.782 20.779
57467.782 20.790
57467.782 20.790
57467.782 20.792
57467.782 20.792
57467.782 20.794
57467.782 20.794
57467.782 20.796
57467.782 20.796
57467.782 20.809
57467.782 20.809
57473.218 20.754
57473.218 20.754
57473.218 20.797
57473.218 20.797
57473.218 20.818
57473.218 20.818
57473.218 20.825
57473.218 20.825
57473.218 20.835
57473.218 20.835
57473.218 20.838
57473.218 20.838
57473.218 20.840
57473.218 20.840
57473.218 20.842
57473.218 20.842
57473.218 20.855
57473.218 20.855
57478.654 20.799
57478.654 20.799
57478.654 20.843
57478.654 20.843
57478.654 20.863
57478.654 20.863
57478.654 20.870
57478.654 20.870
57478.654 20.881
57478.654 20.881
57478.654 20.883
57478.654 20.883
57478.654 20.886
57478.654 20.886
57478.654 20.887
57478.654 20.887
57478.654 20.901
57478.654 20.901
57484.090 20.843
57484.090 20.843
57484.090 20.888
57484.090 20.888
57484.090 20.909
57484.090 20.909
57484.090 20.915
57484.090 20.915
57484.090 20.926
57484.090 20.926
57484.090 20.928
57484.090 20.928
57484.090 20.931
57484.090 20.931
57484.090 20.933
57484.090 20.933
57484.090 20.946
57484.090 20.946
57488.150 20.876
57488.150 20.876
57488.150 20.922
57488.150 20.922
57488.150 20.942
57488.150 20.942
57488.150 20.948
57488.150 20.948
57488.150 20.959
57488.150 20.959
57488.150 20.962
57488.150 20.962
57488.150 20.965
57488.150 20.965
57488.150 20.966
57488.150 20.966
57488.150 20.980
57488.150 20.980
57489.525 20.887
57489.525 20.887
57489.525 20.933
57489.525 20.933
57489.525 20.953
57489.525 20.953
57489.525 20.960
57489.525 20.960
57489.525 20.971
57489.525 20.971
57489.525 20.973
57489.525 20.973
57489.525 20.976
57489.525 20.976
57489.525 20.977
57489.525 20.977
57489.525 20.991
57489.525 20.991
57492.140 20.909
57492.140 20.909
57492.140 20.955
57492.140 20.955
57492.140 20.975
57492.140 20.975
57492.140 20.981
57492.140 20.981
57492.140 20.992
57492.140 20.992
57492.140 20.995
57492.140 20.995
57492.140 20.997
57492.140 20.997
57492.140 20.999
57492.140 20.999
57492.140 21.012
57492.140 21.012
57494.961 20.931
57494.961 20.931
57494.961 20.978
57494.961 20.978
57494.961 20.998
57494.961 20.998
57494.961 21.004
57494.961 21.004
57494.961 21.015
57494.961 21.015
57494.961 21.017
57494.961 21.017
57494.961 21.020
57494.961 21.020
57494.961 21.022
57494.961 21.022
57494.961 21.035
57494.961 21.035
57500.397 20.974
57500.397 20.974
57500.397 21.022
57500.397 21.022
57500.397 21.042
57500.397 21.042
57500.397 21.047
57500.397 21.047
57500.397 21.058
57500.397 21.058
57500.397 21.061
57500.397 21.061
57500.397 21.064
57500.397 21.064
57500.397 21.066
57500.397 21.066
57500.397 21.079
57500.397 21.079
57505.833 21.017
57505.833 21.017
57505.833 21.066
57505.833 21.066
57505.833 21.085
57505.833 21.085
57505.833 21.091
57505.833 21.091
57505.833 21.102
57505.833 21.102
57505.833 21.105
57505.833 21.105
57505.833 21.107
57505.833 21.107
57505.833 21.109
57505.833 21.109
57505.833 21.123
57505.833 21.123
57511.268 21.060
57511.268 21.060
57511.268 21.109
57511.268 21.109
57511.268 21.128
57511.268 21.128
57511.268 21.134
57511.268 21.134
57511.268 21.144
57511.268 21.144
57511.268 21.148
57511.268 21.148
57511.268 21.150
57511.268 21.150
57511.268 21.152
57511.268 21.152
57511.268 21.166
57511.268 21.166
57516.704 21.102
57516.704 21.102
57516.704 21.152
57516.704 21.152
57516.704 21.171
57516.704 21.171
57516.704 21.176
57516.704 21.176
57516.704 21.187
57516.704 21.187
57516.704 21.190
57516.704 21.190
57516.704 21.193
57516.704 21.193
57516.704 21.195
57516.704 21.195
57516.704 21.208
57516.704 21.208
57522.140 21.143
57522.140 21.143
57522.140 21.194
57522.140 21.194
57522.140 21.213
57522.140 21.213
57522.140 21.218
57522.140 21.218
57522.140 21.229
57522.140 21.229
57522.140 21.232
57522.140 21.232
57522.140 21.235
57522.140 21.235
57522.140 21.237
57522.140 21.237
57522.140 21.250
57522.140 21.250
