57072.394 17.383
57072.397 17.320
57074.169 17.340
57074.172 17.329
57076.167 17.401
57076.168 17.369
57078.322 17.371
57078.325 17.300
57080.517 17.425
57080.520 17.401
57083.117 17.266
57084.342 17.364
57084.347 17.275
57089.976 17.372
57089.977 17.302
57093.764 17.181
57093.766 17.140
57098.987 17.232
57098.991 17.132
57102.651 17.131
57106.872 17.380
57106.875 17.287
57111.503 17.340
57111.506 17.297
57118.422 17.667
57118.426 17.606
57120.816 17.879
57120.819 17.835
57122.075 17.917
57122.077 17.904
57128.629 18.266
57128.632 18.234
57131.540 18.457
57136.314 18.617
57136.318 18.642
57144.310 18.963
57144.468 19.126
57151.187 19.164
57151.192 19.164
57160.630 19.236
57160.633 19.174
57172.407 20.101
57172.410 19.980
57231.373 20.227
57232.370 20.062
57232.370 19.997
