57072.394 16.862 0.058
57072.400 16.900 0.070
57089.976 16.529 0.088
57089.979 16.587 0.096
57093.764 16.547 0.082
57093.769 16.719 0.095
57098.987 16.609 0.090
57098.994 16.616 0.095
57102.654 16.493 0.073
57106.872 16.592 0.067
57106.878 16.567 0.076
57111.503 16.513 0.092
57111.577 16.594 0.101
57118.422 16.802 0.071
57118.429 16.865 0.081
57120.816 16.735 0.074
57120.820 16.744 0.082
57122.075 16.885 0.111
57122.078 16.856 0.110
57128.629 16.932 0.084
57128.635 16.980 0.091
57136.314 17.058 0.113
57136.320 17.101 0.114
57144.468 17.259 0.100
57144.474 17.323 0.103
57151.187 17.474 0.088
57151.197 17.492 0.089
57160.630 17.445 0.115
57160.636 17.538 0.115
57172.407 17.780 0.170
57172.412 17.870 0.157
57231.376 18.267 0.355
57232.370 18.327 0.345
57232.372 18.460 0.282
57390.343 19.575 0.289
56984.000 53.425 999.000
56984.000 53.716 999.000
56984.000 53.720 999.000
56984.000 53.802 999.000
56984.000 53.821 999.000
56984.000 53.862 999.000
56984.000 53.864 999.000
56984.000 53.873 999.000
56984.000 54.098 999.000
56989.436 53.425 999.000
56989.436 53.716 999.000
56989.436 53.720 999.000
56989.436 53.802 999.000
56989.436 53.821 999.000
56989.436 53.862 999.000
56989.436 53.864 999.000
56989.436 53.873 999.000
56989.436 54.098 999.000
56994.872 53.425 999.000
56994.872 53.716 999.000
56994.872 53.720 999.000
56994.872 53.802 999.000
56994.872 53.821 999.000
56994.872 53.862 999.000
56994.872 53.864 999.000
56994.872 53.873 999.000
56994.872 54.098 999.000
57000.307 21.733 999.000
57000.307 21.841 999.000
57000.307 22.036 999.000
57000.307 24.175 999.000
57000.307 24.361 999.000
57000.307 24.619 999.000
57000.307 24.801 999.000
57000.307 53.864 999.000
57000.307 54.098 999.000
57005.743 20.215 999.000
57005.743 20.267 999.000
57005.743 20.339 999.000
57005.743 20.972 999.000
57005.743 20.984 999.000
57005.743 20.999 999.000
57005.743 21.044 999.000
57005.743 21.471 999.000
57005.743 21.758 999.000
57011.179 19.390 999.000
57011.179 19.420 999.000
57011.179 19.455 999.000
57011.179 19.776 999.000
57011.179 19.798 999.000
57011.179 19.798 999.000
57011.179 19.835 999.000
57011.179 20.036 999.000
57011.179 20.245 999.000
57014.000 19.079 999.000
57014.000 19.101 999.000
57014.000 19.127 999.000
57014.000 19.364 999.000
57014.000 19.393 999.000
57014.000 19.393 999.000
57014.000 19.424 999.000
57014.000 19.574 999.000
57014.000 19.763 999.000
57014.070 19.072 999.000
57014.070 19.094 999.000
57014.070 19.119 999.000
57014.070 19.355 999.000
57014.070 19.384 999.000
57014.070 19.384 999.000
57014.070 19.414 999.000
57014.070 19.564 999.000
57014.070 19.753 999.000
57016.615 18.835 999.000
57016.615 18.852 999.000
57016.615 18.871 999.000
57016.615 19.054 999.000
57016.615 19.086 999.000
57016.615 19.086 999.000
57016.615 19.113 999.000
57016.615 19.231 999.000
57016.615 19.406 999.000
57022.050 18.426 999.000
57022.050 18.433 999.000
57022.050 18.442 999.000
57022.050 18.553 999.000
57022.050 18.587 999.000
57022.050 18.589 999.000
57022.050 18.610 999.000
57022.050 18.685 999.000
57022.050 18.836 999.000
57027.486 18.108 999.000
57027.486 18.109 999.000
57027.486 18.112 999.000
57027.486 18.179 999.000
57027.486 18.210 999.000
57027.486 18.215 999.000
57027.486 18.232 999.000
57027.486 18.280 999.000
57027.486 18.413 999.000
57032.922 17.848 999.000
57032.922 17.849 999.000
57032.922 17.853 999.000
57032.922 17.888 999.000
57032.922 17.914 999.000
57032.922 17.923 999.000
57032.922 17.937 999.000
57032.922 17.966 999.000
57032.922 18.083 999.000
57033.490 17.823 999.000
57033.490 17.824 999.000
57033.490 17.829 999.000
57033.490 17.861 999.000
57033.490 17.887 999.000
57033.490 17.896 999.000
57033.490 17.909 999.000
57033.490 17.937 999.000
57033.490 18.053 999.000
57038.358 17.633 999.000
57038.358 17.636 999.000
57038.358 17.645 999.000
57038.358 17.655 999.000
57038.358 17.676 999.000
57038.358 17.687 999.000
57038.358 17.699 999.000
57038.358 17.715 999.000
57038.358 17.819 999.000
57042.030 17.510 999.000
57042.030 17.514 999.000
57042.030 17.523 999.000
57042.030 17.525 999.000
57042.030 17.540 999.000
57042.030 17.553 999.000
57042.030 17.564 999.000
57042.030 17.573 999.000
57042.030 17.669 999.000
57043.793 17.456 999.000
57043.793 17.461 999.000
57043.793 17.466 999.000
57043.793 17.473 999.000
57043.793 17.481 999.000
57043.793 17.495 999.000
57043.793 17.505 999.000
57043.793 17.511 999.000
57043.793 17.603 999.000
57048.700 17.322 999.000
57048.700 17.326 999.000
57048.700 17.328 999.000
57048.700 17.335 999.000
57048.700 17.343 999.000
57048.700 17.351 999.000
57048.700 17.359 999.000
57048.700 17.360 999.000
57048.700 17.441 999.000
57049.229 17.309 999.000
57049.229 17.312 999.000
57049.229 17.315 999.000
57049.229 17.321 999.000
57049.229 17.330 999.000
57049.229 17.337 999.000
57049.229 17.344 999.000
57049.229 17.346 999.000
57049.229 17.426 999.000
57049.700 17.298 999.000
57049.700 17.300 999.000
57049.700 17.304 999.000
57049.700 17.309 999.000
57049.700 17.319 999.000
57049.700 17.324 999.000
57049.700 17.331 999.000
57049.700 17.333 999.000
57049.700 17.412 999.000
57051.470 17.256 999.000
57051.470 17.257 999.000
57051.470 17.263 999.000
57051.470 17.263 999.000
57051.470 17.278 999.000
57051.470 17.280 999.000
57051.470 17.284 999.000
57051.470 17.288 999.000
57051.470 17.361 999.000
57053.500 17.211 999.000
57053.500 17.212 999.000
57053.500 17.215 999.000
57053.500 17.218 999.000
57053.500 17.232 999.000
57053.500 17.234 999.000
57053.500 17.235 999.000
57053.500 17.240 999.000
57053.500 17.308 999.000
57054.665 17.186 999.000
57054.665 17.188 999.000
57054.665 17.189 999.000
57054.665 17.194 999.000
57054.665 17.206 999.000
57054.665 17.206 999.000
57054.665 17.211 999.000
57054.665 17.214 999.000
57054.665 17.278 999.000
57060.101 17.081 999.000
57060.101 17.083 999.000
57060.101 17.087 999.000
57060.101 17.094 999.000
57060.101 17.094 999.000
57060.101 17.099 999.000
57060.101 17.106 999.000
57060.101 17.112 999.000
57060.101 17.157 999.000
57065.536 16.993 999.000
57065.536 17.001 999.000
57065.536 17.002 999.000
57065.536 17.005 999.000
57065.536 17.011 999.000
57065.536 17.012 999.000
57065.536 17.019 999.000
57065.536 17.031 999.000
57065.536 17.058 999.000
57068.470 16.953 999.000
57068.470 16.961 999.000
57068.470 16.964 999.000
57068.470 16.968 999.000
57068.470 16.973 999.000
57068.470 16.974 999.000
57068.470 16.979 999.000
57068.470 16.994 999.000
57068.470 17.012 999.000
57068.970 16.947 999.000
57068.970 16.954 999.000
57068.970 16.958 999.000
57068.970 16.962 999.000
57068.970 16.966 999.000
57068.970 16.968 999.000
57068.970 16.973 999.000
57068.970 16.988 999.000
57068.970 17.005 999.000
57069.450 16.941 999.000
57069.450 16.948 999.000
57069.450 16.953 999.000
57069.450 16.957 999.000
57069.450 16.961 999.000
57069.450 16.962 999.000
57069.450 16.967 999.000
57069.450 16.982 999.000
57069.450 16.999 999.000
57070.972 16.923 999.000
57070.972 16.930 999.000
57070.972 16.937 999.000
57070.972 16.940 999.000
57070.972 16.943 999.000
57070.972 16.946 999.000
57070.972 16.949 999.000
57070.972 16.966 999.000
57070.972 16.978 999.000
57071.600 16.916 999.000
57071.600 16.923 999.000
57071.600 16.930 999.000
57071.600 16.934 999.000
57071.600 16.936 999.000
57071.600 16.939 999.000
57071.600 16.942 999.000
57071.600 16.959 999.000
57071.600 16.970 999.000
57072.394 16.908 999.000
57072.394 16.914 999.000
57072.394 16.922 999.000
57072.394 16.926 999.000
57072.394 16.927 999.000
57072.394 16.931 999.000
57072.394 16.933 999.000
57072.394 16.951 999.000
57072.394 16.960 999.000
57072.590 16.906 999.000
57072.590 16.912 999.000
57072.590 16.921 999.000
57072.590 16.924 999.000
57072.590 16.925 999.000
57072.590 16.929 999.000
57072.590 16.931 999.000
57072.590 16.949 999.000
57072.590 16.958 999.000
57073.880 16.893 999.000
57073.880 16.898 999.000
57073.880 16.909 999.000
57073.880 16.912 999.000
57073.880 16.912 999.000
57073.880 16.917 999.000
57073.880 16.918 999.000
57073.880 16.937 999.000
57073.880 16.943 999.000
57074.169 16.890 999.000
57074.169 16.895 999.000
57074.169 16.906 999.000
57074.169 16.909 999.000
57074.169 16.910 999.000
57074.169 16.914 999.000
57074.169 16.916 999.000
57074.169 16.934 999.000
57074.169 16.940 999.000
57074.210 16.890 999.000
57074.210 16.895 999.000
57074.210 16.906 999.000
57074.210 16.909 999.000
57074.210 16.909 999.000
57074.210 16.914 999.000
57074.210 16.915 999.000
57074.210 16.934 999.000
57074.210 16.940 999.000
57076.167 16.873 999.000
57076.167 16.876 999.000
57076.167 16.890 999.000
57076.167 16.892 999.000
57076.167 16.893 999.000
57076.167 16.897 999.000
57076.167 16.897 999.000
57076.167 16.917 999.000
57076.167 16.919 999.000
57076.408 16.871 999.000
57076.408 16.874 999.000
57076.408 16.888 999.000
57076.408 16.890 999.000
57076.408 16.891 999.000
57076.408 16.895 999.000
57076.408 16.895 999.000
57076.408 16.915 999.000
57076.408 16.917 999.000
57077.170 16.864 999.000
57077.170 16.868 999.000
57077.170 16.883 999.000
57077.170 16.883 999.000
57077.170 16.885 999.000
57077.170 16.889 999.000
57077.170 16.889 999.000
57077.170 16.909 999.000
57077.170 16.910 999.000
57077.450 16.862 999.000
57077.450 16.866 999.000
57077.450 16.881 999.000
57077.450 16.881 999.000
57077.450 16.883 999.000
57077.450 16.887 999.000
57077.450 16.887 999.000
57077.450 16.907 999.000
57077.450 16.907 999.000
57077.620 16.861 999.000
57077.620 16.864 999.000
57077.620 16.879 999.000
57077.620 16.880 999.000
57077.620 16.882 999.000
57077.620 16.886 999.000
57077.620 16.886 999.000
57077.620 16.905 999.000
57077.620 16.905 999.000
57078.322 16.856 999.000
57078.322 16.859 999.000
57078.322 16.874 999.000
57078.322 16.875 999.000
57078.322 16.877 999.000
57078.322 16.880 999.000
57078.322 16.880 999.000
57078.322 16.899 999.000
57078.322 16.900 999.000
57078.470 16.855 999.000
57078.470 16.857 999.000
57078.470 16.873 999.000
57078.470 16.874 999.000
57078.470 16.876 999.000
57078.470 16.879 999.000
57078.470 16.879 999.000
57078.470 16.898 999.000
57078.470 16.899 999.000
57078.960 16.851 999.000
57078.960 16.854 999.000
57078.960 16.870 999.000
57078.960 16.871 999.000
57078.960 16.873 999.000
57078.960 16.875 999.000
57078.960 16.876 999.000
57078.960 16.894 999.000
57078.960 16.896 999.000
57079.340 16.848 999.000
57079.340 16.851 999.000
57079.340 16.867 999.000
57079.340 16.868 999.000
57079.340 16.870 999.000
57079.340 16.873 999.000
57079.340 16.873 999.000
57079.340 16.891 999.000
57079.340 16.893 999.000
57080.080 16.844 999.000
57080.080 16.846 999.000
57080.080 16.862 999.000
57080.080 16.864 999.000
57080.080 16.866 999.000
57080.080 16.868 999.000
57080.080 16.869 999.000
57080.080 16.885 999.000
57080.080 16.888 999.000
57080.330 16.842 999.000
57080.330 16.844 999.000
57080.330 16.860 999.000
57080.330 16.862 999.000
57080.330 16.864 999.000
57080.330 16.866 999.000
57080.330 16.867 999.000
57080.330 16.883 999.000
57080.330 16.887 999.000
57080.517 16.841 999.000
57080.517 16.843 999.000
57080.517 16.859 999.000
57080.517 16.861 999.000
57080.517 16.863 999.000
57080.517 16.865 999.000
57080.517 16.866 999.000
57080.517 16.882 999.000
57080.517 16.886 999.000
57081.330 16.836 999.000
57081.330 16.838 999.000
57081.330 16.854 999.000
57081.330 16.857 999.000
57081.330 16.858 999.000
57081.330 16.860 999.000
57081.330 16.861 999.000
57081.330 16.876 999.000
57081.330 16.881 999.000
57081.500 16.835 999.000
57081.500 16.837 999.000
57081.500 16.853 999.000
57081.500 16.856 999.000
57081.500 16.857 999.000
57081.500 16.859 999.000
57081.500 16.860 999.000
57081.500 16.875 999.000
57081.500 16.880 999.000
57081.844 16.833 999.000
57081.844 16.835 999.000
57081.844 16.851 999.000
57081.844 16.854 999.000
57081.844 16.856 999.000
57081.844 16.857 999.000
57081.844 16.858 999.000
57081.844 16.872 999.000
57081.844 16.878 999.000
57082.240 16.831 999.000
57082.240 16.832 999.000
57082.240 16.849 999.000
57082.240 16.853 999.000
57082.240 16.854 999.000
57082.240 16.855 999.000
57082.240 16.856 999.000
57082.240 16.870 999.000
57082.240 16.876 999.000
57082.940 16.827 999.000
57082.940 16.828 999.000
57082.940 16.845 999.000
57082.940 16.849 999.000
57082.940 16.850 999.000
57082.940 16.851 999.000
57082.940 16.853 999.000
57082.940 16.865 999.000
57082.940 16.872 999.000
57084.240 16.821 999.000
57084.240 16.822 999.000
57084.240 16.839 999.000
57084.240 16.844 999.000
57084.240 16.844 999.000
57084.240 16.845 999.000
57084.240 16.846 999.000
57084.240 16.858 999.000
57084.240 16.866 999.000
57084.342 16.821 999.000
57084.342 16.821 999.000
57084.342 16.838 999.000
57084.342 16.844 999.000
57084.342 16.844 999.000
57084.342 16.844 999.000
57084.342 16.846 999.000
57084.342 16.857 999.000
57084.342 16.865 999.000
57085.220 16.817 999.000
57085.220 16.817 999.000
57085.220 16.834 999.000
57085.220 16.840 999.000
57085.220 16.841 999.000
57085.220 16.841 999.000
57085.220 16.842 999.000
57085.220 16.853 999.000
57085.220 16.861 999.000
57085.260 16.817 999.000
57085.260 16.817 999.000
57085.260 16.834 999.000
57085.260 16.840 999.000
57085.260 16.840 999.000
57085.260 16.841 999.000
57085.260 16.842 999.000
57085.260 16.853 999.000
57085.260 16.861 999.000
57086.010 16.814 999.000
57086.010 16.814 999.000
57086.010 16.831 999.000
57086.010 16.837 999.000
57086.010 16.838 999.000
57086.010 16.838 999.000
57086.010 16.839 999.000
57086.010 16.849 999.000
57086.010 16.858 999.000
57087.279 16.810 999.000
57087.279 16.810 999.000
57087.279 16.826 999.000
57087.279 16.832 999.000
57087.279 16.834 999.000
57087.279 16.835 999.000
57087.279 16.835 999.000
57087.279 16.844 999.000
57087.279 16.854 999.000
57089.976 16.803 999.000
57089.976 16.804 999.000
57089.976 16.819 999.000
57089.976 16.825 999.000
57089.976 16.828 999.000
57089.976 16.828 999.000
57089.976 16.830 999.000
57089.976 16.835 999.000
57089.976 16.846 999.000
57090.476 16.802 999.000
57090.476 16.803 999.000
57090.476 16.818 999.000
57090.476 16.824 999.000
57090.476 16.827 999.000
57090.476 16.828 999.000
57090.476 16.829 999.000
57090.476 16.834 999.000
57090.476 16.845 999.000
57090.970 16.801 999.000
57090.970 16.803 999.000
57090.970 16.817 999.000
57090.970 16.824 999.000
57090.970 16.827 999.000
57090.970 16.827 999.000
57090.970 16.828 999.000
57090.970 16.833 999.000
57090.970 16.844 999.000
57092.170 16.799 999.000
57092.170 16.802 999.000
57092.170 16.816 999.000
57092.170 16.822 999.000
57092.170 16.825 999.000
57092.170 16.826 999.000
57092.170 16.828 999.000
57092.170 16.831 999.000
57092.170 16.842 999.000
57092.715 16.799 999.000
57092.715 16.801 999.000
57092.715 16.815 999.000
57092.715 16.821 999.000
57092.715 16.825 999.000
57092.715 16.825 999.000
57092.715 16.828 999.000
57092.715 16.830 999.000
57092.715 16.842 999.000
57093.020 16.799 999.000
57093.020 16.801 999.000
57093.020 16.815 999.000
57093.020 16.821 999.000
57093.020 16.824 999.000
57093.020 16.825 999.000
57093.020 16.828 999.000
57093.020 16.830 999.000
57093.020 16.841 999.000
57093.764 16.798 999.000
57093.764 16.801 999.000
57093.764 16.814 999.000
57093.764 16.821 999.000
57093.764 16.824 999.000
57093.764 16.825 999.000
57093.764 16.828 999.000
57093.764 16.829 999.000
57093.764 16.841 999.000
57094.290 16.798 999.000
57094.290 16.801 999.000
57094.290 16.814 999.000
57094.290 16.821 999.000
57094.290 16.824 999.000
57094.290 16.825 999.000
57094.290 16.828 999.000
57094.290 16.829 999.000
57094.290 16.841 999.000
57094.870 16.798 999.000
57094.870 16.801 999.000
57094.870 16.814 999.000
57094.870 16.821 999.000
57094.870 16.824 999.000
57094.870 16.825 999.000
57094.870 16.828 999.000
57094.870 16.828 999.000
57094.870 16.840 999.000
57095.270 16.799 999.000
57095.270 16.802 999.000
57095.270 16.814 999.000
57095.270 16.821 999.000
57095.270 16.824 999.000
57095.270 16.826 999.000
57095.270 16.828 999.000
57095.270 16.829 999.000
57095.270 16.840 999.000
57095.470 16.799 999.000
57095.470 16.802 999.000
57095.470 16.814 999.000
57095.470 16.821 999.000
57095.470 16.824 999.000
57095.470 16.826 999.000
57095.470 16.828 999.000
57095.470 16.829 999.000
57095.470 16.840 999.000
57095.930 16.799 999.000
57095.930 16.802 999.000
57095.930 16.814 999.000
57095.930 16.821 999.000
57095.930 16.824 999.000
57095.930 16.826 999.000
57095.930 16.828 999.000
57095.930 16.829 999.000
57095.930 16.840 999.000
57097.210 16.800 999.000
57097.210 16.804 999.000
57097.210 16.815 999.000
57097.210 16.822 999.000
57097.210 16.825 999.000
57097.210 16.828 999.000
57097.210 16.829 999.000
57097.210 16.831 999.000
57097.210 16.841 999.000
57098.151 16.802 999.000
57098.151 16.806 999.000
57098.151 16.816 999.000
57098.151 16.823 999.000
57098.151 16.826 999.000
57098.151 16.829 999.000
57098.151 16.830 999.000
57098.151 16.833 999.000
57098.151 16.842 999.000
57098.210 16.802 999.000
57098.210 16.806 999.000
57098.210 16.816 999.000
57098.210 16.823 999.000
57098.210 16.826 999.000
57098.210 16.829 999.000
57098.210 16.830 999.000
57098.210 16.833 999.000
57098.210 16.842 999.000
57098.610 16.802 999.000
57098.610 16.806 999.000
57098.610 16.817 999.000
57098.610 16.824 999.000
57098.610 16.827 999.000
57098.610 16.830 999.000
57098.610 16.831 999.000
57098.610 16.834 999.000
57098.610 16.842 999.000
57098.987 16.803 999.000
57098.987 16.807 999.000
57098.987 16.818 999.000
57098.987 16.824 999.000
57098.987 16.828 999.000
57098.987 16.831 999.000
57098.987 16.831 999.000
57098.987 16.835 999.000
57098.987 16.843 999.000
57099.250 16.804 999.000
57099.250 16.808 999.000
57099.250 16.818 999.000
57099.250 16.825 999.000
57099.250 16.828 999.000
57099.250 16.831 999.000
57099.250 16.832 999.000
57099.250 16.835 999.000
57099.250 16.843 999.000
57100.984 16.808 999.000
57100.984 16.813 999.000
57100.984 16.822 999.000
57100.984 16.829 999.000
57100.984 16.832 999.000
57100.984 16.835 999.000
57100.984 16.835 999.000
57100.984 16.840 999.000
57100.984 16.846 999.000
57101.310 16.809 999.000
57101.310 16.814 999.000
57101.310 16.823 999.000
57101.310 16.830 999.000
57101.310 16.833 999.000
57101.310 16.836 999.000
57101.310 16.836 999.000
57101.310 16.841 999.000
57101.310 16.847 999.000
57102.170 16.812 999.000
57102.170 16.817 999.000
57102.170 16.825 999.000
57102.170 16.832 999.000
57102.170 16.835 999.000
57102.170 16.839 999.000
57102.170 16.839 999.000
57102.170 16.844 999.000
57102.170 16.849 999.000
57102.520 16.813 999.000
57102.520 16.818 999.000
57102.520 16.826 999.000
57102.520 16.833 999.000
57102.520 16.836 999.000
57102.520 16.840 999.000
57102.520 16.840 999.000
57102.520 16.845 999.000
57102.520 16.850 999.000
57103.400 16.816 999.000
57103.400 16.821 999.000
57103.400 16.829 999.000
57103.400 16.836 999.000
57103.400 16.839 999.000
57103.400 16.843 999.000
57103.400 16.843 999.000
57103.400 16.849 999.000
57103.400 16.852 999.000
57103.587 16.817 999.000
57103.587 16.822 999.000
57103.587 16.830 999.000
57103.587 16.837 999.000
57103.587 16.840 999.000
57103.587 16.843 999.000
57103.587 16.844 999.000
57103.587 16.850 999.000
57103.587 16.853 999.000
57103.760 16.818 999.000
57103.760 16.823 999.000
57103.760 16.830 999.000
57103.760 16.837 999.000
57103.760 16.840 999.000
57103.760 16.844 999.000
57103.760 16.845 999.000
57103.760 16.850 999.000
57103.760 16.853 999.000
57104.180 16.819 999.000
57104.180 16.825 999.000
57104.180 16.832 999.000
57104.180 16.839 999.000
57104.180 16.842 999.000
57104.180 16.846 999.000
57104.180 16.846 999.000
57104.180 16.852 999.000
57104.180 16.855 999.000
57104.430 16.820 999.000
57104.430 16.826 999.000
57104.430 16.833 999.000
57104.430 16.840 999.000
57104.430 16.843 999.000
57104.430 16.847 999.000
57104.430 16.847 999.000
57104.430 16.853 999.000
57104.430 16.856 999.000
57106.440 16.830 999.000
57106.440 16.836 999.000
57106.440 16.841 999.000
57106.440 16.848 999.000
57106.440 16.851 999.000
57106.440 16.855 999.000
57106.440 16.856 999.000
57106.440 16.863 999.000
57106.440 16.863 999.000
57106.872 16.832 999.000
57106.872 16.838 999.000
57106.872 16.843 999.000
57106.872 16.850 999.000
57106.872 16.853 999.000
57106.872 16.857 999.000
57106.872 16.858 999.000
57106.872 16.865 999.000
57106.872 16.865 999.000
57109.022 16.845 999.000
57109.022 16.851 999.000
57109.022 16.855 999.000
57109.022 16.862 999.000
57109.022 16.864 999.000
57109.022 16.869 999.000
57109.022 16.870 999.000
57109.022 16.875 999.000
57109.022 16.877 999.000
57110.160 16.852 999.000
57110.160 16.858 999.000
57110.160 16.861 999.000
57110.160 16.868 999.000
57110.160 16.871 999.000
57110.160 16.876 999.000
57110.160 16.877 999.000
57110.160 16.881 999.000
57110.160 16.884 999.000
57110.180 16.852 999.000
57110.180 16.858 999.000
57110.180 16.861 999.000
57110.180 16.868 999.000
57110.180 16.871 999.000
57110.180 16.876 999.000
57110.180 16.877 999.000
57110.180 16.881 999.000
57110.180 16.885 999.000
57110.210 16.852 999.000
57110.210 16.858 999.000
57110.210 16.862 999.000
57110.210 16.869 999.000
57110.210 16.871 999.000
57110.210 16.876 999.000
57110.210 16.877 999.000
57110.210 16.881 999.000
57110.210 16.885 999.000
57110.699 16.855 999.000
57110.699 16.862 999.000
57110.699 16.865 999.000
57110.699 16.872 999.000
57110.699 16.874 999.000
57110.699 16.879 999.000
57110.699 16.880 999.000
57110.699 16.884 999.000
57110.699 16.888 999.000
57111.503 16.861 999.000
57111.503 16.867 999.000
57111.503 16.870 999.000
57111.503 16.877 999.000
57111.503 16.879 999.000
57111.503 16.884 999.000
57111.503 16.885 999.000
57111.503 16.889 999.000
57111.503 16.893 999.000
57113.290 16.874 999.000
57113.290 16.881 999.000
57113.290 16.882 999.000
57113.290 16.889 999.000
57113.290 16.891 999.000
57113.290 16.897 999.000
57113.290 16.897 999.000
57113.290 16.900 999.000
57113.290 16.906 999.000
57114.458 16.884 999.000
57114.458 16.890 999.000
57114.458 16.891 999.000
57114.458 16.898 999.000
57114.458 16.899 999.000
57114.458 16.906 999.000
57114.458 16.906 999.000
57114.458 16.907 999.000
57114.458 16.915 999.000
57116.930 16.905 999.000
57116.930 16.911 999.000
57116.930 16.911 999.000
57116.930 16.917 999.000
57116.930 16.918 999.000
57116.930 16.926 999.000
57116.930 16.926 999.000
57116.930 16.926 999.000
57116.930 16.936 999.000
57117.250 16.908 999.000
57117.250 16.913 999.000
57117.250 16.914 999.000
57117.250 16.920 999.000
57117.250 16.921 999.000
57117.250 16.928 999.000
57117.250 16.928 999.000
57117.250 16.929 999.000
57117.250 16.939 999.000
57118.210 16.917 999.000
57118.210 16.922 999.000
57118.210 16.923 999.000
57118.210 16.928 999.000
57118.210 16.929 999.000
57118.210 16.936 999.000
57118.210 16.937 999.000
57118.210 16.938 999.000
57118.210 16.947 999.000
57118.422 16.919 999.000
57118.422 16.924 999.000
57118.422 16.925 999.000
57118.422 16.930 999.000
57118.422 16.931 999.000
57118.422 16.937 999.000
57118.422 16.938 999.000
57118.422 16.939 999.000
57118.422 16.949 999.000
57119.894 16.934 999.000
57119.894 16.937 999.000
57119.894 16.940 999.000
57119.894 16.944 999.000
57119.894 16.944 999.000
57119.894 16.950 999.000
57119.894 16.952 999.000
57119.894 16.953 999.000
57119.894 16.963 999.000
57120.150 16.936 999.000
57120.150 16.940 999.000
57120.150 16.942 999.000
57120.150 16.946 999.000
57120.150 16.946 999.000
57120.150 16.952 999.000
57120.150 16.954 999.000
57120.150 16.956 999.000
57120.150 16.965 999.000
57120.210 16.937 999.000
57120.210 16.940 999.000
57120.210 16.943 999.000
57120.210 16.947 999.000
57120.210 16.947 999.000
57120.210 16.953 999.000
57120.210 16.955 999.000
57120.210 16.956 999.000
57120.210 16.966 999.000
57120.450 16.939 999.000
57120.450 16.943 999.000
57120.450 16.946 999.000
57120.450 16.949 999.000
57120.450 16.949 999.000
57120.450 16.955 999.000
57120.450 16.957 999.000
57120.450 16.959 999.000
57120.450 16.968 999.000
57120.816 16.943 999.000
57120.816 16.946 999.000
57120.816 16.949 999.000
57120.816 16.952 999.000
57120.816 16.952 999.000
57120.816 16.958 999.000
57120.816 16.960 999.000
57120.816 16.962 999.000
57120.816 16.972 999.000
57122.075 16.957 999.000
57122.075 16.959 999.000
57122.075 16.963 999.000
57122.075 16.964 999.000
57122.075 16.965 999.000
57122.075 16.970 999.000
57122.075 16.973 999.000
57122.075 16.975 999.000
57122.075 16.984 999.000
57122.130 16.957 999.000
57122.130 16.959 999.000
57122.130 16.963 999.000
57122.130 16.965 999.000
57122.130 16.965 999.000
57122.130 16.970 999.000
57122.130 16.973 999.000
57122.130 16.976 999.000
57122.130 16.985 999.000
57122.785 16.964 999.000
57122.785 16.966 999.000
57122.785 16.970 999.000
57122.785 16.971 999.000
57122.785 16.972 999.000
57122.785 16.976 999.000
57122.785 16.980 999.000
57122.785 16.983 999.000
57122.785 16.992 999.000
57122.850 16.965 999.000
57122.850 16.967 999.000
57122.850 16.971 999.000
57122.850 16.972 999.000
57122.850 16.973 999.000
57122.850 16.977 999.000
57122.850 16.980 999.000
57122.850 16.983 999.000
57122.850 16.993 999.000
57123.870 16.977 999.000
57123.870 16.978 999.000
57123.870 16.983 999.000
57123.870 16.983 999.000
57123.870 16.983 999.000
57123.870 16.987 999.000
57123.870 16.991 999.000
57123.870 16.994 999.000
57123.870 17.003 999.000
57125.330 16.994 999.000
57125.330 16.994 999.000
57125.330 16.998 999.000
57125.330 16.999 999.000
57125.330 17.000 999.000
57125.330 17.002 999.000
57125.330 17.006 999.000
57125.330 17.011 999.000
57125.330 17.019 999.000
57126.180 17.004 999.000
57126.180 17.004 999.000
57126.180 17.007 999.000
57126.180 17.009 999.000
57126.180 17.010 999.000
57126.180 17.011 999.000
57126.180 17.016 999.000
57126.180 17.021 999.000
57126.180 17.029 999.000
57127.720 17.022 999.000
57127.720 17.024 999.000
57127.720 17.025 999.000
57127.720 17.027 999.000
57127.720 17.027 999.000
57127.720 17.029 999.000
57127.720 17.033 999.000
57127.720 17.039 999.000
57127.720 17.047 999.000
57128.160 17.027 999.000
57128.160 17.029 999.000
57128.160 17.030 999.000
57128.160 17.032 999.000
57128.160 17.032 999.000
57128.160 17.034 999.000
57128.160 17.038 999.000
57128.160 17.044 999.000
57128.160 17.052 999.000
57128.629 17.033 999.000
57128.629 17.035 999.000
57128.629 17.035 999.000
57128.629 17.037 999.000
57128.629 17.038 999.000
57128.629 17.040 999.000
57128.629 17.044 999.000
57128.629 17.050 999.000
57128.629 17.058 999.000
57129.940 17.049 999.000
57129.940 17.051 999.000
57129.940 17.053 999.000
57129.940 17.053 999.000
57129.940 17.053 999.000
57129.940 17.057 999.000
57129.940 17.059 999.000
57129.940 17.067 999.000
57129.940 17.074 999.000
57130.765 17.060 999.000
57130.765 17.061 999.000
57130.765 17.063 999.000
57130.765 17.064 999.000
57130.765 17.064 999.000
57130.765 17.068 999.000
57130.765 17.070 999.000
57130.765 17.077 999.000
57130.765 17.084 999.000
57131.527 17.070 999.000
57131.527 17.071 999.000
57131.527 17.072 999.000
57131.527 17.074 999.000
57131.527 17.074 999.000
57131.527 17.079 999.000
57131.527 17.079 999.000
57131.527 17.087 999.000
57131.527 17.094 999.000
57131.710 17.072 999.000
57131.710 17.073 999.000
57131.710 17.074 999.000
57131.710 17.076 999.000
57131.710 17.077 999.000
57131.710 17.081 999.000
57131.710 17.081 999.000
57131.710 17.090 999.000
57131.710 17.096 999.000
57132.930 17.089 999.000
57132.930 17.089 999.000
57132.930 17.089 999.000
57132.930 17.092 999.000
57132.930 17.094 999.000
57132.930 17.097 999.000
57132.930 17.098 999.000
57132.930 17.106 999.000
57132.930 17.112 999.000
57134.240 17.106 999.000
57134.240 17.106 999.000
57134.240 17.107 999.000
57134.240 17.110 999.000
57134.240 17.113 999.000
57134.240 17.114 999.000
57134.240 17.117 999.000
57134.240 17.124 999.000
57134.240 17.130 999.000
57134.860 17.114 999.000
57134.860 17.114 999.000
57134.860 17.116 999.000
57134.860 17.118 999.000
57134.860 17.122 999.000
57134.860 17.123 999.000
57134.860 17.126 999.000
57134.860 17.133 999.000
57134.860 17.138 999.000
57135.440 17.122 999.000
57135.440 17.122 999.000
57135.440 17.124 999.000
57135.440 17.126 999.000
57135.440 17.130 999.000
57135.440 17.131 999.000
57135.440 17.135 999.000
57135.440 17.141 999.000
57135.440 17.146 999.000
57135.940 17.129 999.000
57135.940 17.129 999.000
57135.940 17.131 999.000
57135.940 17.133 999.000
57135.940 17.137 999.000
57135.940 17.139 999.000
57135.940 17.142 999.000
57135.940 17.149 999.000
57135.940 17.153 999.000
57136.201 17.132 999.000
57136.201 17.133 999.000
57136.201 17.135 999.000
57136.201 17.137 999.000
57136.201 17.140 999.000
57136.201 17.143 999.000
57136.201 17.146 999.000
57136.201 17.152 999.000
57136.201 17.157 999.000
57136.314 17.134 999.000
57136.314 17.134 999.000
57136.314 17.137 999.000
57136.314 17.138 999.000
57136.314 17.142 999.000
57136.314 17.145 999.000
57136.314 17.148 999.000
57136.314 17.154 999.000
57136.314 17.158 999.000
57137.210 17.146 999.000
57137.210 17.147 999.000
57137.210 17.150 999.000
57137.210 17.151 999.000
57137.210 17.154 999.000
57137.210 17.159 999.000
57137.210 17.161 999.000
57137.210 17.167 999.000
57137.210 17.171 999.000
57137.270 17.147 999.000
57137.270 17.148 999.000
57137.270 17.151 999.000
57137.270 17.152 999.000
57137.270 17.155 999.000
57137.270 17.160 999.000
57137.270 17.162 999.000
57137.270 17.168 999.000
57137.270 17.172 999.000
57138.860 17.169 999.000
57138.860 17.171 999.000
57138.860 17.175 999.000
57138.860 17.175 999.000
57138.860 17.178 999.000
57138.860 17.185 999.000
57138.860 17.187 999.000
57138.860 17.192 999.000
57138.860 17.195 999.000
57138.880 17.170 999.000
57138.880 17.171 999.000
57138.880 17.175 999.000
57138.880 17.176 999.000
57138.880 17.178 999.000
57138.880 17.185 999.000
57138.880 17.187 999.000
57138.880 17.192 999.000
57138.880 17.195 999.000
57139.210 17.174 999.000
57139.210 17.176 999.000
57139.210 17.180 999.000
57139.210 17.181 999.000
57139.210 17.183 999.000
57139.210 17.191 999.000
57139.210 17.192 999.000
57139.210 17.197 999.000
57139.210 17.200 999.000
57140.100 17.187 999.000
57140.100 17.189 999.000
57140.100 17.194 999.000
57140.100 17.194 999.000
57140.100 17.196 999.000
57140.100 17.205 999.000
57140.100 17.206 999.000
57140.100 17.211 999.000
57140.100 17.213 999.000
57141.170 17.203 999.000
57141.170 17.205 999.000
57141.170 17.210 999.000
57141.170 17.211 999.000
57141.170 17.212 999.000
57141.170 17.223 999.000
57141.170 17.224 999.000
57141.170 17.228 999.000
57141.170 17.229 999.000
57141.637 17.210 999.000
57141.637 17.212 999.000
57141.637 17.218 999.000
57141.637 17.218 999.000
57141.637 17.219 999.000
57141.637 17.231 999.000
57141.637 17.231 999.000
57141.637 17.235 999.000
57141.637 17.236 999.000
57144.468 17.254 999.000
57144.468 17.257 999.000
57144.468 17.262 999.000
57144.468 17.263 999.000
57144.468 17.265 999.000
57144.468 17.280 999.000
57144.468 17.281 999.000
57144.468 17.281 999.000
57144.468 17.282 999.000
57144.710 17.257 999.000
57144.710 17.261 999.000
57144.710 17.266 999.000
57144.710 17.267 999.000
57144.710 17.269 999.000
57144.710 17.284 999.000
57144.710 17.285 999.000
57144.710 17.285 999.000
57144.710 17.286 999.000
57144.890 17.260 999.000
57144.890 17.264 999.000
57144.890 17.269 999.000
57144.890 17.270 999.000
57144.890 17.272 999.000
57144.890 17.287 999.000
57144.890 17.288 999.000
57144.890 17.288 999.000
57144.890 17.289 999.000
57147.073 17.295 999.000
57147.073 17.302 999.000
57147.073 17.308 999.000
57147.073 17.308 999.000
57147.073 17.312 999.000
57147.073 17.322 999.000
57147.073 17.327 999.000
57147.073 17.329 999.000
57147.073 17.329 999.000
57148.310 17.318 999.000
57148.310 17.324 999.000
57148.310 17.331 999.000
57148.310 17.332 999.000
57148.310 17.335 999.000
57148.310 17.343 999.000
57148.310 17.349 999.000
57148.310 17.352 999.000
57148.310 17.352 999.000
57150.030 17.349 999.000
57150.030 17.356 999.000
57150.030 17.364 999.000
57150.030 17.365 999.000
57150.030 17.366 999.000
57150.030 17.376 999.000
57150.030 17.381 999.000
57150.030 17.384 999.000
57150.030 17.384 999.000
57150.960 17.366 999.000
57150.960 17.373 999.000
57150.960 17.381 999.000
57150.960 17.383 999.000
57150.960 17.383 999.000
57150.960 17.394 999.000
57150.960 17.398 999.000
57150.960 17.401 999.000
57150.960 17.402 999.000
57151.187 17.370 999.000
57151.187 17.377 999.000
57151.187 17.386 999.000
57151.187 17.387 999.000
57151.187 17.388 999.000
57151.187 17.399 999.000
57151.187 17.402 999.000
57151.187 17.405 999.000
57151.187 17.406 999.000
57152.160 17.388 999.000
57152.160 17.395 999.000
57152.160 17.404 999.000
57152.160 17.406 999.000
57152.160 17.406 999.000
57152.160 17.418 999.000
57152.160 17.420 999.000
57152.160 17.423 999.000
57152.160 17.424 999.000
57152.508 17.394 999.000
57152.508 17.402 999.000
57152.508 17.411 999.000
57152.508 17.412 999.000
57152.508 17.413 999.000
57152.508 17.425 999.000
57152.508 17.426 999.000
57152.508 17.430 999.000
57152.508 17.431 999.000
57155.150 17.443 999.000
57155.150 17.451 999.000
57155.150 17.461 999.000
57155.150 17.461 999.000
57155.150 17.464 999.000
57155.150 17.475 999.000
57155.150 17.476 999.000
57155.150 17.479 999.000
57155.150 17.480 999.000
57155.760 17.454 999.000
57155.760 17.462 999.000
57155.760 17.473 999.000
57155.760 17.473 999.000
57155.760 17.475 999.000
57155.760 17.486 999.000
57155.760 17.488 999.000
57155.760 17.491 999.000
57155.760 17.492 999.000
57157.944 17.495 999.000
57157.944 17.503 999.000
57157.944 17.513 999.000
57157.944 17.515 999.000
57157.944 17.518 999.000
57157.944 17.526 999.000
57157.944 17.531 999.000
57157.944 17.532 999.000
57157.944 17.533 999.000
57158.800 17.510 999.000
57158.800 17.519 999.000
57158.800 17.529 999.000
57158.800 17.531 999.000
57158.800 17.534 999.000
57158.800 17.542 999.000
57158.800 17.548 999.000
57158.800 17.548 999.000
57158.800 17.549 999.000
57160.050 17.534 999.000
57160.050 17.542 999.000
57160.050 17.553 999.000
57160.050 17.555 999.000
57160.050 17.558 999.000
57160.050 17.565 999.000
57160.050 17.572 999.000
57160.050 17.572 999.000
57160.050 17.573 999.000
57160.630 17.545 999.000
57160.630 17.553 999.000
57160.630 17.564 999.000
57160.630 17.566 999.000
57160.630 17.569 999.000
57160.630 17.576 999.000
57160.630 17.583 999.000
57160.630 17.584 999.000
57160.630 17.584 999.000
57161.010 17.552 999.000
57161.010 17.560 999.000
57161.010 17.571 999.000
57161.010 17.573 999.000
57161.010 17.577 999.000
57161.010 17.583 999.000
57161.010 17.590 999.000
57161.010 17.591 999.000
57161.010 17.591 999.000
57161.700 17.565 999.000
57161.700 17.573 999.000
57161.700 17.584 999.000
57161.700 17.586 999.000
57161.700 17.590 999.000
57161.700 17.595 999.000
57161.700 17.603 999.000
57161.700 17.604 999.000
57161.700 17.605 999.000
57162.730 17.584 999.000
57162.730 17.592 999.000
57162.730 17.603 999.000
57162.730 17.606 999.000
57162.730 17.610 999.000
57162.730 17.614 999.000
57162.730 17.622 999.000
57162.730 17.623 999.000
57162.730 17.625 999.000
57162.900 17.587 999.000
57162.900 17.596 999.000
57162.900 17.606 999.000
57162.900 17.609 999.000
57162.900 17.613 999.000
57162.900 17.617 999.000
57162.900 17.625 999.000
57162.900 17.626 999.000
57162.900 17.628 999.000
57163.380 17.596 999.000
57163.380 17.605 999.000
57163.380 17.615 999.000
57163.380 17.618 999.000
57163.380 17.622 999.000
57163.380 17.626 999.000
57163.380 17.634 999.000
57163.380 17.635 999.000
57163.380 17.637 999.000
57166.353 17.652 999.000
57166.353 17.660 999.000
57166.353 17.671 999.000
57166.353 17.675 999.000
57166.353 17.680 999.000
57166.353 17.681 999.000
57166.353 17.690 999.000
57166.353 17.691 999.000
57166.353 17.695 999.000
57166.920 17.662 999.000
57166.920 17.671 999.000
57166.920 17.682 999.000
57166.920 17.686 999.000
57166.920 17.690 999.000
57166.920 17.691 999.000
57166.920 17.701 999.000
57166.920 17.702 999.000
57166.920 17.706 999.000
57168.816 17.698 999.000
57168.816 17.706 999.000
57168.816 17.717 999.000
57168.816 17.722 999.000
57168.816 17.726 999.000
57168.816 17.727 999.000
57168.816 17.736 999.000
57168.816 17.737 999.000
57168.816 17.742 999.000
57171.900 17.756 999.000
57171.900 17.764 999.000
57171.900 17.775 999.000
57171.900 17.780 999.000
57171.900 17.782 999.000
57171.900 17.786 999.000
57171.900 17.794 999.000
57171.900 17.795 999.000
57171.900 17.801 999.000
57172.407 17.765 999.000
57172.407 17.773 999.000
57172.407 17.784 999.000
57172.407 17.790 999.000
57172.407 17.791 999.000
57172.407 17.795 999.000
57172.407 17.803 999.000
57172.407 17.804 999.000
57172.407 17.811 999.000
57173.380 17.783 999.000
57173.380 17.792 999.000
57173.380 17.802 999.000
57173.380 17.808 999.000
57173.380 17.809 999.000
57173.380 17.814 999.000
57173.380 17.821 999.000
57173.380 17.822 999.000
57173.380 17.829 999.000
57174.252 17.800 999.000
57174.252 17.808 999.000
57174.252 17.818 999.000
57174.252 17.825 999.000
57174.252 17.825 999.000
57174.252 17.830 999.000
57174.252 17.837 999.000
57174.252 17.838 999.000
57174.252 17.846 999.000
57175.020 17.814 999.000
57175.020 17.822 999.000
57175.020 17.833 999.000
57175.020 17.838 999.000
57175.020 17.839 999.000
57175.020 17.845 999.000
57175.020 17.852 999.000
57175.020 17.852 999.000
57175.020 17.860 999.000
57176.950 17.850 999.000
57176.950 17.858 999.000
57176.950 17.868 999.000
57176.950 17.873 999.000
57176.950 17.875 999.000
57176.950 17.881 999.000
57176.950 17.887 999.000
57176.950 17.888 999.000
57176.950 17.897 999.000
57178.110 17.872 999.000
57178.110 17.879 999.000
57178.110 17.890 999.000
57178.110 17.894 999.000
57178.110 17.897 999.000
57178.110 17.903 999.000
57178.110 17.909 999.000
57178.110 17.909 999.000
57178.110 17.918 999.000
57179.110 17.890 999.000
57179.110 17.898 999.000
57179.110 17.908 999.000
57179.110 17.912 999.000
57179.110 17.915 999.000
57179.110 17.922 999.000
57179.110 17.927 999.000
57179.110 17.927 999.000
57179.110 17.937 999.000
57179.687 17.901 999.000
57179.687 17.908 999.000
57179.687 17.919 999.000
57179.687 17.922 999.000
57179.687 17.926 999.000
57179.687 17.932 999.000
57179.687 17.938 999.000
57179.687 17.938 999.000
57179.687 17.948 999.000
57182.120 17.946 999.000
57182.120 17.953 999.000
57182.120 17.963 999.000
57182.120 17.965 999.000
57182.120 17.971 999.000
57182.120 17.978 999.000
57182.120 17.982 999.000
57182.120 17.982 999.000
57182.120 17.993 999.000
57183.020 17.963 999.000
57183.020 17.970 999.000
57183.020 17.980 999.000
57183.020 17.981 999.000
57183.020 17.987 999.000
57183.020 17.994 999.000
57183.020 17.998 999.000
57183.020 17.998 999.000
57183.020 18.010 999.000
57184.030 17.981 999.000
57184.030 17.988 999.000
57184.030 17.998 999.000
57184.030 17.999 999.000
57184.030 18.006 999.000
57184.030 18.013 999.000
57184.030 18.017 999.000
57184.030 18.017 999.000
57184.030 18.028 999.000
57184.960 17.998 999.000
57184.960 18.005 999.000
57184.960 18.015 999.000
57184.960 18.015 999.000
57184.960 18.023 999.000
57184.960 18.030 999.000
57184.960 18.033 999.000
57184.960 18.033 999.000
57184.960 18.045 999.000
57185.020 17.999 999.000
57185.020 18.006 999.000
57185.020 18.016 999.000
57185.020 18.016 999.000
57185.020 18.024 999.000
57185.020 18.031 999.000
57185.020 18.034 999.000
57185.020 18.035 999.000
57185.020 18.046 999.000
57185.123 18.001 999.000
57185.123 18.008 999.000
57185.123 18.018 999.000
57185.123 18.018 999.000
57185.123 18.026 999.000
57185.123 18.033 999.000
57185.123 18.036 999.000
57185.123 18.036 999.000
57185.123 18.048 999.000
57185.212 18.003 999.000
57185.212 18.010 999.000
57185.212 18.020 999.000
57185.212 18.020 999.000
57185.212 18.028 999.000
57185.212 18.035 999.000
57185.212 18.038 999.000
57185.212 18.038 999.000
57185.212 18.050 999.000
57186.770 18.031 999.000
57186.770 18.038 999.000
57186.770 18.047 999.000
57186.770 18.048 999.000
57186.770 18.056 999.000
57186.770 18.063 999.000
57186.770 18.066 999.000
57186.770 18.066 999.000
57186.770 18.078 999.000
57190.559 18.101 999.000
57190.559 18.106 999.000
57190.559 18.113 999.000
57190.559 18.116 999.000
57190.559 18.124 999.000
57190.559 18.132 999.000
57190.559 18.133 999.000
57190.559 18.134 999.000
57190.559 18.146 999.000
57192.710 18.139 999.000
57192.710 18.145 999.000
57192.710 18.150 999.000
57192.710 18.154 999.000
57192.710 18.163 999.000
57192.710 18.171 999.000
57192.710 18.171 999.000
57192.710 18.172 999.000
57192.710 18.185 999.000
57195.995 18.198 999.000
57195.995 18.203 999.000
57195.995 18.206 999.000
57195.995 18.212 999.000
57195.995 18.221 999.000
57195.995 18.228 999.000
57195.995 18.229 999.000
57195.995 18.229 999.000
57195.995 18.243 999.000
57199.060 18.253 999.000
57199.060 18.257 999.000
57199.060 18.258 999.000
57199.060 18.265 999.000
57199.060 18.274 999.000
57199.060 18.281 999.000
57199.060 18.282 999.000
57199.060 18.284 999.000
57199.060 18.296 999.000
57199.380 18.259 999.000
57199.380 18.262 999.000
57199.380 18.263 999.000
57199.380 18.271 999.000
57199.380 18.280 999.000
57199.380 18.286 999.000
57199.380 18.288 999.000
57199.380 18.289 999.000
57199.380 18.302 999.000
57201.430 18.295 999.000
57201.430 18.297 999.000
57201.430 18.298 999.000
57201.430 18.306 999.000
57201.430 18.315 999.000
57201.430 18.321 999.000
57201.430 18.323 999.000
57201.430 18.325 999.000
57201.430 18.337 999.000
57205.700 18.368 999.000
57205.700 18.369 999.000
57205.700 18.371 999.000
57205.700 18.379 999.000
57205.700 18.389 999.000
57205.700 18.393 999.000
57205.700 18.395 999.000
57205.700 18.399 999.000
57205.700 18.410 999.000
57206.340 18.378 999.000
57206.340 18.380 999.000
57206.340 18.382 999.000
57206.340 18.390 999.000
57206.340 18.399 999.000
57206.340 18.404 999.000
57206.340 18.406 999.000
57206.340 18.409 999.000
57206.340 18.421 999.000
57206.833 18.387 999.000
57206.833 18.389 999.000
57206.833 18.391 999.000
57206.833 18.398 999.000
57206.833 18.408 999.000
57206.833 18.412 999.000
57206.833 18.415 999.000
57206.833 18.418 999.000
57206.833 18.429 999.000
57206.866 18.387 999.000
57206.866 18.389 999.000
57206.866 18.391 999.000
57206.866 18.399 999.000
57206.866 18.408 999.000
57206.866 18.413 999.000
57206.866 18.415 999.000
57206.866 18.418 999.000
57206.866 18.430 999.000
57210.040 18.439 999.000
57210.040 18.444 999.000
57210.040 18.445 999.000
57210.040 18.452 999.000
57210.040 18.462 999.000
57210.040 18.465 999.000
57210.040 18.468 999.000
57210.040 18.472 999.000
57210.040 18.483 999.000
57212.302 18.475 999.000
57212.302 18.482 999.000
57212.302 18.483 999.000
57212.302 18.490 999.000
57212.302 18.499 999.000
57212.302 18.502 999.000
57212.302 18.505 999.000
57212.302 18.510 999.000
57212.302 18.520 999.000
57212.390 18.477 999.000
57212.390 18.484 999.000
57212.390 18.484 999.000
57212.390 18.491 999.000
57212.390 18.501 999.000
57212.390 18.504 999.000
57212.390 18.507 999.000
57212.390 18.512 999.000
57212.390 18.522 999.000
57217.730 18.561 999.000
57217.730 18.572 999.000
57217.730 18.573 999.000
57217.730 18.579 999.000
57217.730 18.588 999.000
57217.730 18.590 999.000
57217.730 18.594 999.000
57217.730 18.600 999.000
57217.730 18.609 999.000
57217.738 18.562 999.000
57217.738 18.572 999.000
57217.738 18.573 999.000
57217.738 18.579 999.000
57217.738 18.588 999.000
57217.738 18.590 999.000
57217.738 18.594 999.000
57217.738 18.600 999.000
57217.738 18.609 999.000
57221.000 18.613 999.000
57221.000 18.625 999.000
57221.000 18.627 999.000
57221.000 18.632 999.000
57221.000 18.641 999.000
57221.000 18.642 999.000
57221.000 18.646 999.000
57221.000 18.653 999.000
57221.000 18.661 999.000
57223.173 18.646 999.000
57223.173 18.660 999.000
57223.173 18.663 999.000
57223.173 18.666 999.000
57223.173 18.676 999.000
57223.173 18.677 999.000
57223.173 18.681 999.000
57223.173 18.688 999.000
57223.173 18.696 999.000
57228.609 18.730 999.000
57228.609 18.747 999.000
57228.609 18.750 999.000
57228.609 18.752 999.000
57228.609 18.761 999.000
57228.609 18.762 999.000
57228.609 18.766 999.000
57228.609 18.774 999.000
57228.609 18.781 999.000
57230.350 18.756 999.000
57230.350 18.774 999.000
57230.350 18.778 999.000
57230.350 18.779 999.000
57230.350 18.788 999.000
57230.350 18.789 999.000
57230.350 18.793 999.000
57230.350 18.801 999.000
57230.350 18.808 999.000
57232.370 18.787 999.000
57232.370 18.805 999.000
57232.370 18.810 999.000
57232.370 18.810 999.000
57232.370 18.819 999.000
57232.370 18.820 999.000
57232.370 18.824 999.000
57232.370 18.833 999.000
57232.370 18.839 999.000
57234.045 18.812 999.000
57234.045 18.831 999.000
57234.045 18.836 999.000
57234.045 18.836 999.000
57234.045 18.844 999.000
57234.045 18.846 999.000
57234.045 18.849 999.000
57234.045 18.859 999.000
57234.045 18.865 999.000
57236.710 18.851 999.000
57236.710 18.872 999.000
57236.710 18.877 999.000
57236.710 18.877 999.000
57236.710 18.884 999.000
57236.710 18.886 999.000
57236.710 18.890 999.000
57236.710 18.899 999.000
57236.710 18.906 999.000
57239.481 18.892 999.000
57239.481 18.914 999.000
57239.481 18.919 999.000
57239.481 18.920 999.000
57239.481 18.926 999.000
57239.481 18.928 999.000
57239.481 18.931 999.000
57239.481 18.941 999.000
57239.481 18.947 999.000
57244.916 18.971 999.000
57244.916 18.995 999.000
57244.916 18.999 999.000
57244.916 19.002 999.000
57244.916 19.006 999.000
57244.916 19.009 999.000
57244.916 19.012 999.000
57244.916 19.023 999.000
57244.916 19.028 999.000
57250.352 19.049 999.000
57250.352 19.075 999.000
57250.352 19.079 999.000
57250.352 19.083 999.000
57250.352 19.085 999.000
57250.352 19.089 999.000
57250.352 19.091 999.000
57250.352 19.103 999.000
57250.352 19.107 999.000
57255.788 19.125 999.000
57255.788 19.153 999.000
57255.788 19.157 999.000
57255.788 19.162 999.000
57255.788 19.162 999.000
57255.788 19.167 999.000
57255.788 19.169 999.000
57255.788 19.181 999.000
57255.788 19.185 999.000
57261.224 19.200 999.000
57261.224 19.230 999.000
57261.224 19.234 999.000
57261.224 19.238 999.000
57261.224 19.240 999.000
57261.224 19.244 999.000
57261.224 19.245 999.000
57261.224 19.258 999.000
57261.224 19.262 999.000
57266.659 19.274 999.000
57266.659 19.306 999.000
57266.659 19.309 999.000
57266.659 19.313 999.000
57266.659 19.316 999.000
57266.659 19.319 999.000
57266.659 19.320 999.000
57266.659 19.334 999.000
57266.659 19.337 999.000
57272.095 19.347 999.000
57272.095 19.380 999.000
57272.095 19.383 999.000
57272.095 19.386 999.000
57272.095 19.391 999.000
57272.095 19.393 999.000
57272.095 19.394 999.000
57272.095 19.408 999.000
57272.095 19.412 999.000
57277.531 19.418 999.000
57277.531 19.453 999.000
57277.531 19.456 999.000
57277.531 19.459 999.000
57277.531 19.465 999.000
57277.531 19.466 999.000
57277.531 19.467 999.000
57277.531 19.481 999.000
57277.531 19.485 999.000
57282.967 19.489 999.000
57282.967 19.525 999.000
57282.967 19.528 999.000
57282.967 19.530 999.000
57282.967 19.537 999.000
57282.967 19.538 999.000
57282.967 19.539 999.000
57282.967 19.553 999.000
57282.967 19.557 999.000
57288.402 19.558 999.000
57288.402 19.596 999.000
57288.402 19.598 999.000
57288.402 19.600 999.000
57288.402 19.609 999.000
57288.402 19.609 999.000
57288.402 19.609 999.000
57288.402 19.624 999.000
57288.402 19.627 999.000
57293.838 19.626 999.000
57293.838 19.665 999.000
57293.838 19.668 999.000
57293.838 19.669 999.000
57293.838 19.679 999.000
57293.838 19.679 999.000
57293.838 19.679 999.000
57293.838 19.694 999.000
57293.838 19.697 999.000
57299.274 19.694 999.000
57299.274 19.734 999.000
57299.274 19.736 999.000
57299.274 19.737 999.000
57299.274 19.747 999.000
57299.274 19.748 999.000
57299.274 19.748 999.000
57299.274 19.762 999.000
57299.274 19.766 999.000
57304.710 19.760 999.000
57304.710 19.801 999.000
57304.710 19.804 999.000
57304.710 19.804 999.000
57304.710 19.815 999.000
57304.710 19.815 999.000
57304.710 19.816 999.000
57304.710 19.830 999.000
57304.710 19.834 999.000
57310.145 19.825 999.000
57310.145 19.868 999.000
57310.145 19.870 999.000
57310.145 19.871 999.000
57310.145 19.881 999.000
57310.145 19.882 999.000
57310.145 19.883 999.000
57310.145 19.897 999.000
57310.145 19.900 999.000
57315.581 19.890 999.000
57315.581 19.933 999.000
57315.581 19.936 999.000
57315.581 19.936 999.000
57315.581 19.947 999.000
57315.581 19.948 999.000
57315.581 19.948 999.000
57315.581 19.962 999.000
57315.581 19.966 999.000
57321.017 19.953 999.000
57321.017 19.998 999.000
57321.017 20.000 999.000
57321.017 20.001 999.000
57321.017 20.011 999.000
57321.017 20.012 999.000
57321.017 20.013 999.000
57321.017 20.027 999.000
57321.017 20.031 999.000
57326.453 20.016 999.000
57326.453 20.061 999.000
57326.453 20.063 999.000
57326.453 20.064 999.000
57326.453 20.075 999.000
57326.453 20.076 999.000
57326.453 20.077 999.000
57326.453 20.091 999.000
57326.453 20.095 999.000
57330.722 20.065 999.000
57330.722 20.110 999.000
57330.722 20.112 999.000
57330.722 20.114 999.000
57330.722 20.124 999.000
57330.722 20.126 999.000
57330.722 20.127 999.000
57330.722 20.140 999.000
57330.722 20.145 999.000
57331.888 20.078 999.000
57331.888 20.124 999.000
57331.888 20.126 999.000
57331.888 20.127 999.000
57331.888 20.138 999.000
57331.888 20.139 999.000
57331.888 20.140 999.000
57331.888 20.154 999.000
57331.888 20.158 999.000
57335.787 20.122 999.000
57335.787 20.168 999.000
57335.787 20.170 999.000
57335.787 20.172 999.000
57335.787 20.182 999.000
57335.787 20.184 999.000
57335.787 20.185 999.000
57335.787 20.198 999.000
57335.787 20.203 999.000
57337.324 20.139 999.000
57337.324 20.186 999.000
57337.324 20.188 999.000
57337.324 20.189 999.000
57337.324 20.200 999.000
57337.324 20.201 999.000
57337.324 20.203 999.000
57337.324 20.216 999.000
57337.324 20.220 999.000
57342.760 20.199 999.000
57342.760 20.247 999.000
57342.760 20.248 999.000
57342.760 20.250 999.000
57342.760 20.261 999.000
57342.760 20.263 999.000
57342.760 20.264 999.000
57342.760 20.277 999.000
57342.760 20.282 999.000
57348.196 20.259 999.000
57348.196 20.307 999.000
57348.196 20.308 999.000
57348.196 20.311 999.000
57348.196 20.321 999.000
57348.196 20.323 999.000
57348.196 20.325 999.000
57348.196 20.337 999.000
57348.196 20.343 999.000
57353.632 20.317 999.000
57353.632 20.366 999.000
57353.632 20.368 999.000
57353.632 20.370 999.000
57353.632 20.381 999.000
57353.632 20.383 999.000
57353.632 20.384 999.000
57353.632 20.397 999.000
57353.632 20.402 999.000
57359.067 20.375 999.000
57359.067 20.425 999.000
57359.067 20.426 999.000
57359.067 20.429 999.000
57359.067 20.439 999.000
57359.067 20.442 999.000
57359.067 20.443 999.000
57359.067 20.456 999.000
57359.067 20.461 999.000
57364.503 20.432 999.000
57364.503 20.483 999.000
57364.503 20.484 999.000
57364.503 20.487 999.000
57364.503 20.497 999.000
57364.503 20.500 999.000
57364.503 20.501 999.000
57364.503 20.514 999.000
57364.503 20.520 999.000
57369.939 20.489 999.000
57369.939 20.540 999.000
57369.939 20.541 999.000
57369.939 20.545 999.000
57369.939 20.555 999.000
57369.939 20.557 999.000
57369.939 20.559 999.000
57369.939 20.571 999.000
57369.939 20.577 999.000
57373.330 20.524 999.000
57373.330 20.575 999.000
57373.330 20.576 999.000
57373.330 20.580 999.000
57373.330 20.590 999.000
57373.330 20.593 999.000
57373.330 20.594 999.000
57373.330 20.607 999.000
57373.330 20.613 999.000
57375.375 20.545 999.000
57375.375 20.596 999.000
57375.375 20.597 999.000
57375.375 20.601 999.000
57375.375 20.611 999.000
57375.375 20.614 999.000
57375.375 20.616 999.000
57375.375 20.628 999.000
57375.375 20.634 999.000
57378.080 20.572 999.000
57378.080 20.624 999.000
57378.080 20.625 999.000
57378.080 20.629 999.000
57378.080 20.639 999.000
57378.080 20.642 999.000
57378.080 20.644 999.000
57378.080 20.656 999.000
57378.080 20.662 999.000
57379.200 20.583 999.000
57379.200 20.636 999.000
57379.200 20.636 999.000
57379.200 20.641 999.000
57379.200 20.651 999.000
57379.200 20.653 999.000
57379.200 20.655 999.000
57379.200 20.667 999.000
57379.200 20.674 999.000
57380.810 20.600 999.000
57380.810 20.652 999.000
57380.810 20.653 999.000
57380.810 20.657 999.000
57380.810 20.667 999.000
57380.810 20.670 999.000
57380.810 20.672 999.000
57380.810 20.684 999.000
57380.810 20.690 999.000
57386.246 20.654 999.000
57386.246 20.707 999.000
57386.246 20.708 999.000
57386.246 20.712 999.000
57386.246 20.722 999.000
57386.246 20.725 999.000
57386.246 20.727 999.000
57386.246 20.739 999.000
57386.246 20.746 999.000
57391.682 20.708 999.000
57391.682 20.762 999.000
57391.682 20.762 999.000
57391.682 20.767 999.000
57391.682 20.777 999.000
57391.682 20.780 999.000
57391.682 20.781 999.000
57391.682 20.793 999.000
57391.682 20.801 999.000
57397.118 20.761 999.000
57397.118 20.815 999.000
57397.118 20.816 999.000
57397.118 20.821 999.000
57397.118 20.830 999.000
57397.118 20.834 999.000
57397.118 20.835 999.000
57397.118 20.847 999.000
57397.118 20.855 999.000
57401.580 20.804 999.000
57401.580 20.859 999.000
57401.580 20.859 999.000
57401.580 20.864 999.000
57401.580 20.874 999.000
57401.580 20.878 999.000
57401.580 20.879 999.000
57401.580 20.891 999.000
57401.580 20.899 999.000
57402.553 20.813 999.000
57402.553 20.868 999.000
57402.553 20.869 999.000
57402.553 20.874 999.000
57402.553 20.884 999.000
57402.553 20.887 999.000
57402.553 20.889 999.000
57402.553 20.900 999.000
57402.553 20.908 999.000
57403.500 20.822 999.000
57403.500 20.878 999.000
57403.500 20.878 999.000
57403.500 20.883 999.000
57403.500 20.893 999.000
57403.500 20.896 999.000
57403.500 20.898 999.000
57403.500 20.910 999.000
57403.500 20.918 999.000
57404.300 20.830 999.000
57404.300 20.885 999.000
57404.300 20.886 999.000
57404.300 20.891 999.000
57404.300 20.901 999.000
57404.300 20.904 999.000
57404.300 20.906 999.000
57404.300 20.917 999.000
57404.300 20.925 999.000
57407.989 20.865 999.000
57407.989 20.921 999.000
57407.989 20.921 999.000
57407.989 20.927 999.000
57407.989 20.936 999.000
57407.989 20.940 999.000
57407.989 20.941 999.000
57407.989 20.953 999.000
57407.989 20.961 999.000
57409.470 20.879 999.000
57409.470 20.935 999.000
57409.470 20.935 999.000
57409.470 20.941 999.000
57409.470 20.951 999.000
57409.470 20.954 999.000
57409.470 20.956 999.000
57409.470 20.967 999.000
57409.470 20.975 999.000
57413.425 20.916 999.000
57413.425 20.973 999.000
57413.425 20.973 999.000
57413.425 20.979 999.000
57413.425 20.988 999.000
57413.425 20.992 999.000
57413.425 20.994 999.000
57413.425 21.005 999.000
57413.425 21.013 999.000
57418.861 20.967 999.000
57418.861 21.024 999.000
57418.861 21.024 999.000
57418.861 21.030 999.000
57418.861 21.040 999.000
57418.861 21.044 999.000
57418.861 21.045 999.000
57418.861 21.056 999.000
57418.861 21.065 999.000
57423.220 21.007 999.000
57423.220 21.065 999.000
57423.220 21.065 999.000
57423.220 21.071 999.000
57423.220 21.081 999.000
57423.220 21.085 999.000
57423.220 21.086 999.000
57423.220 21.097 999.000
57423.220 21.106 999.000
57423.520 21.010 999.000
57423.520 21.067 999.000
57423.520 21.067 999.000
57423.520 21.074 999.000
57423.520 21.083 999.000
57423.520 21.087 999.000
57423.520 21.089 999.000
57423.520 21.100 999.000
57423.520 21.109 999.000
57424.296 21.017 999.000
57424.296 21.075 999.000
57424.296 21.075 999.000
57424.296 21.081 999.000
57424.296 21.091 999.000
57424.296 21.095 999.000
57424.296 21.096 999.000
57424.296 21.107 999.000
57424.296 21.116 999.000
57425.630 21.030 999.000
57425.630 21.087 999.000
57425.630 21.087 999.000
57425.630 21.093 999.000
57425.630 21.103 999.000
57425.630 21.107 999.000
57425.630 21.108 999.000
57425.630 21.120 999.000
57425.630 21.129 999.000
57429.732 21.067 999.000
57429.732 21.125 999.000
57429.732 21.125 999.000
57429.732 21.131 999.000
57429.732 21.141 999.000
57429.732 21.145 999.000
57429.732 21.146 999.000
57429.732 21.158 999.000
57429.732 21.167 999.000
57433.210 21.098 999.000
57433.210 21.156 999.000
57433.210 21.157 999.000
57433.210 21.163 999.000
57433.210 21.173 999.000
57433.210 21.177 999.000
57433.210 21.178 999.000
57433.210 21.189 999.000
57433.210 21.199 999.000
57433.550 21.101 999.000
57433.550 21.159 999.000
57433.550 21.160 999.000
57433.550 21.166 999.000
57433.550 21.176 999.000
57433.550 21.180 999.000
57433.550 21.181 999.000
57433.550 21.192 999.000
57433.550 21.202 999.000
57435.168 21.116 999.000
57435.168 21.174 999.000
57435.168 21.174 999.000
57435.168 21.181 999.000
57435.168 21.191 999.000
57435.168 21.195 999.000
57435.168 21.196 999.000
57435.168 21.207 999.000
57435.168 21.217 999.000
57437.720 21.139 999.000
57437.720 21.197 999.000
57437.720 21.197 999.000
57437.720 21.204 999.000
57437.720 21.214 999.000
57437.720 21.218 999.000
57437.720 21.219 999.000
57437.720 21.230 999.000
57437.720 21.240 999.000
57440.604 21.164 999.000
57440.604 21.223 999.000
57440.604 21.223 999.000
57440.604 21.230 999.000
57440.604 21.240 999.000
57440.604 21.244 999.000
57440.604 21.245 999.000
57440.604 21.256 999.000
57440.604 21.266 999.000
57444.240 21.197 999.000
57444.240 21.255 999.000
57444.240 21.256 999.000
57444.240 21.263 999.000
57444.240 21.272 999.000
57444.240 21.277 999.000
57444.240 21.278 999.000
57444.240 21.289 999.000
57444.240 21.299 999.000
57446.039 21.212 999.000
57446.039 21.271 999.000
57446.039 21.272 999.000
57446.039 21.279 999.000
57446.039 21.288 999.000
57446.039 21.293 999.000
57446.039 21.294 999.000
57446.039 21.305 999.000
57446.039 21.315 999.000
57450.520 21.251 999.000
57450.520 21.311 999.000
57450.520 21.311 999.000
57450.520 21.319 999.000
57450.520 21.328 999.000
57450.520 21.332 999.000
57450.520 21.334 999.000
57450.520 21.345 999.000
57450.520 21.355 999.000
57451.475 21.260 999.000
57451.475 21.319 999.000
57451.475 21.320 999.000
57451.475 21.327 999.000
57451.475 21.336 999.000
57451.475 21.341 999.000
57451.475 21.342 999.000
57451.475 21.353 999.000
57451.475 21.363 999.000
57456.270 21.301 999.000
57456.270 21.361 999.000
57456.270 21.362 999.000
57456.270 21.369 999.000
57456.270 21.378 999.000
57456.270 21.383 999.000
57456.270 21.384 999.000
57456.270 21.395 999.000
57456.270 21.406 999.000
57456.911 21.307 999.000
57456.911 21.367 999.000
57456.911 21.367 999.000
57456.911 21.375 999.000
57456.911 21.384 999.000
57456.911 21.389 999.000
57456.911 21.390 999.000
57456.911 21.401 999.000
57456.911 21.411 999.000
57458.570 21.321 999.000
57458.570 21.381 999.000
57458.570 21.382 999.000
57458.570 21.389 999.000
57458.570 21.398 999.000
57458.570 21.403 999.000
57458.570 21.404 999.000
57458.570 21.415 999.000
57458.570 21.426 999.000
57462.347 21.353 999.000
57462.347 21.414 999.000
57462.347 21.414 999.000
57462.347 21.422 999.000
57462.347 21.431 999.000
57462.347 21.436 999.000
57462.347 21.437 999.000
57462.347 21.448 999.000
57462.347 21.459 999.000
57465.530 21.380 999.000
57465.530 21.441 999.000
57465.530 21.441 999.000
57465.530 21.449 999.000
57465.530 21.458 999.000
57465.530 21.463 999.000
57465.530 21.464 999.000
57465.530 21.475 999.000
57465.530 21.486 999.000
57467.782 21.399 999.000
57467.782 21.460 999.000
57467.782 21.461 999.000
57467.782 21.468 999.000
57467.782 21.478 999.000
57467.782 21.482 999.000
57467.782 21.483 999.000
57467.782 21.494 999.000
57467.782 21.505 999.000
57473.218 21.445 999.000
57473.218 21.506 999.000
57473.218 21.506 999.000
57473.218 21.515 999.000
57473.218 21.524 999.000
57473.218 21.529 999.000
57473.218 21.530 999.000
57473.218 21.540 999.000
57473.218 21.552 999.000
57478.654 21.490 999.000
57478.654 21.551 999.000
57478.654 21.552 999.000
57478.654 21.560 999.000
57478.654 21.569 999.000
57478.654 21.574 999.000
57478.654 21.575 999.000
57478.654 21.586 999.000
57478.654 21.598 999.000
57484.090 21.534 999.000
57484.090 21.596 999.000
57484.090 21.597 999.000
57484.090 21.605 999.000
57484.090 21.614 999.000
57484.090 21.620 999.000
57484.090 21.620 999.000
57484.090 21.631 999.000
57484.090 21.643 999.000
57488.150 21.567 999.000
57488.150 21.630 999.000
57488.150 21.630 999.000
57488.150 21.639 999.000
57488.150 21.648 999.000
57488.150 21.653 999.000
57488.150 21.654 999.000
57488.150 21.664 999.000
57488.150 21.677 999.000
57489.525 21.578 999.000
57489.525 21.641 999.000
57489.525 21.642 999.000
57489.525 21.650 999.000
57489.525 21.659 999.000
57489.525 21.664 999.000
57489.525 21.665 999.000
57489.525 21.676 999.000
57489.525 21.688 999.000
57492.140 21.599 999.000
57492.140 21.662 999.000
57492.140 21.663 999.000
57492.140 21.672 999.000
57492.140 21.681 999.000
57492.140 21.686 999.000
57492.140 21.687 999.000
57492.140 21.697 999.000
57492.140 21.709 999.000
57494.961 21.622 999.000
57494.961 21.685 999.000
57494.961 21.686 999.000
57494.961 21.695 999.000
57494.961 21.703 999.000
57494.961 21.709 999.000
57494.961 21.709 999.000
57494.961 21.720 999.000
57494.961 21.732 999.000
57500.397 21.665 999.000
57500.397 21.729 999.000
57500.397 21.729 999.000
57500.397 21.738 999.000
57500.397 21.747 999.000
57500.397 21.753 999.000
57500.397 21.753 999.000
57500.397 21.764 999.000
57500.397 21.777 999.000
57505.833 21.708 999.000
57505.833 21.772 999.000
57505.833 21.773 999.000
57505.833 21.782 999.000
57505.833 21.791 999.000
57505.833 21.796 999.000
57505.833 21.797 999.000
57505.833 21.807 999.000
57505.833 21.820 999.000
57511.268 21.751 999.000
57511.268 21.815 999.000
57511.268 21.816 999.000
57511.268 21.825 999.000
57511.268 21.834 999.000
57511.268 21.839 999.000
57511.268 21.840 999.000
57511.268 21.850 999.000
57511.268 21.863 999.000
57516.704 21.793 999.000
57516.704 21.857 999.000
57516.704 21.858 999.000
57516.704 21.867 999.000
57516.704 21.876 999.000
57516.704 21.882 999.000
57516.704 21.882 999.000
57516.704 21.892 999.000
57516.704 21.906 999.000
57522.140 21.834 999.000
57522.140 21.899 999.000
57522.140 21.900 999.000
57522.140 21.910 999.000
57522.140 21.918 999.000
57522.140 21.924 999.000
57522.140 21.925 999.000
57522.140 21.935 999.000
57522.140 21.949 999.000
