57072.394 16.853
57072.403 16.844
57074.169 16.916
57074.175 16.921
57075.360 16.933
57076.167 16.908
57078.322 17.087
57078.327 17.142
57080.517 17.046
57080.522 17.023
57083.119 16.814
57084.342 16.873
57084.352 16.851
57089.976 16.733
57089.981 16.744
57093.764 16.715
57093.770 16.723
57098.987 16.775
57098.995 16.739
57102.656 16.718
57106.872 16.784
57106.879 16.728
57111.503 17.083
57111.579 17.042
57118.422 17.327
57118.431 17.353
57120.816 17.411
57120.821 17.401
57122.075 17.406
57122.079 17.425
57128.629 17.955
57128.638 17.958
57131.526 18.154
57131.527 18.182
57136.314 18.581
57136.321 18.505
57144.316 18.631
57144.468 18.656
57151.187 19.020
57151.200 19.017
57160.630 18.953
57160.640 18.977
57172.407 19.491
57172.416 19.585
57231.381 19.641
57232.370 20.316
57232.376 20.157
57390.346 21.537
