55175.925 19.746 999.000
55178.125 20.102 999.000
55180.400 19.967 999.000
55182.112 20.249 999.000
55186.470 20.014 999.000
55188.985 20.178 999.000
55190.663 19.822 999.000
55192.730 20.154 999.000
55194.680 19.986 999.000
55196.744 20.155 999.000
55198.414 19.997 999.000
55200.500 19.909 999.000
55202.436 20.119 999.000
55204.437 20.159 999.000
55206.756 20.234 999.000
55208.860 20.151 999.000
55210.529 20.176 999.000
55222.572 19.904 999.000
55226.557 20.045 999.000
55230.801 20.064 999.000
55238.438 20.031 999.000
55241.319 20.194 999.000
