55175.924 16.527 0.086
55178.122 16.222 0.076
55180.397 15.934 0.075
55182.110 15.850 0.066
55186.468 15.653 0.068
55188.981 15.654 0.065
55190.661 15.566 0.072
55192.727 15.729 0.066
55194.676 15.720 0.066
55196.740 15.962 0.070
55198.410 15.968 0.076
55200.496 16.374 0.087
55202.432 16.487 0.083
55204.434 16.666 0.085
55206.752 16.834 0.086
55208.857 16.887 0.094
55210.525 16.968 0.096
55222.570 17.424 0.139
55226.555 17.584 0.135
55230.799 17.467 0.126
55238.436 17.678 0.144
55241.318 17.661 0.117
