55175.921 20.084 999.000
55178.119 20.132 999.000
55180.395 19.964 0.419
55182.108 19.853 0.335
55186.467 19.671 0.322
55188.978 19.769 0.328
55190.659 19.869 999.000
55192.724 20.198 999.000
55194.674 20.176 999.000
55196.737 20.198 999.000
55198.409 19.989 999.000
55200.495 19.956 999.000
55202.429 20.144 999.000
55204.431 20.197 999.000
55206.750 20.294 999.000
55208.854 20.170 999.000
55210.522 20.181 999.000
55222.568 19.941 999.000
55226.554 20.100 999.000
55230.797 20.109 999.000
55238.435 20.077 999.000
55241.316 20.372 999.000
