55175.919 17.504 0.088
55178.117 16.925 0.072
55180.393 16.710 0.072
55182.105 16.564 0.065
55186.465 16.344 0.065
55188.975 16.391 0.064
55190.658 16.463 0.071
55192.721 16.535 0.066
55194.671 16.716 0.068
55196.735 17.039 0.073
55198.407 17.203 0.083
55200.493 17.610 0.097
55202.427 17.767 0.094
55204.428 17.956 0.099
55206.747 18.224 0.106
55208.851 18.357 0.120
55210.520 18.118 0.107
55222.567 18.457 0.146
55226.553 18.582 0.142
55230.796 18.748 0.156
55238.434 18.856 0.169
55241.314 18.967 0.151
