55175.917 19.838 999.000
55178.114 19.044 0.220
55180.391 18.413 0.163
55182.103 18.731 0.165
55186.464 18.495 0.161
55188.972 18.867 0.188
55190.656 18.568 0.192
55192.718 19.061 0.213
55194.668 19.206 0.235
55196.732 19.423 0.272
55198.405 19.754 999.000
55200.491 19.713 999.000
55202.424 19.915 999.000
55204.425 19.905 0.388
55206.745 20.075 999.000
55208.849 19.943 999.000
55210.517 19.958 999.000
55222.565 19.698 999.000
55226.551 19.864 999.000
55230.794 19.866 999.000
55238.433 19.849 999.000
55241.312 20.161 999.000
