55175.918 17.997 0.141
55178.116 17.269 0.099
55180.393 17.070 0.098
55182.105 16.797 0.081
55186.465 16.695 0.084
55188.974 16.867 0.085
55190.657 16.963 0.101
55192.720 17.335 0.099
55194.670 17.795 0.120
55196.734 17.984 0.131
55198.406 18.266 0.174
55200.492 18.571 0.214
55202.426 19.574 0.377
55204.427 19.416 0.319
55206.746 19.320 0.277
55208.851 19.669 999.000
55210.519 19.604 0.372
55222.566 19.412 999.000
55226.552 19.358 0.328
55230.795 19.580 999.000
55238.434 19.567 999.000
55241.313 19.516 0.303
