3.520 -15.296 0.001
3.870 -15.374 0.001
4.260 -15.459 0.001
4.680 -15.547 0.001
5.150 -15.643 0.001
5.670 -15.746 0.002
6.240 -15.855 0.002
6.860 -15.967 0.002
7.550 -16.085 0.001
8.300 -16.204 0.002
9.130 -16.325 0.002
10.040 -16.449 0.002
11.040 -16.577 0.001
12.140 -16.711 0.001
13.350 -16.850 0.002
14.690 -16.988 0.002
16.160 -17.116 0.002
17.780 -17.227 0.001
19.560 -17.313 0.001
21.520 -17.365 0.001
23.670 -17.391 0.002
26.040 -17.392 0.001
28.640 -17.357 0.002
31.500 -17.260 0.002
34.650 -17.083 0.001
38.100 -16.868 0.001
41.900 -16.665 0.001
46.100 -16.397 0.002
50.700 -16.206 0.002
55.800 -16.048 0.002
61.400 -15.907 0.002
67.540 -15.753 0.001
74.290 -15.585 0.001
81.720 -15.393 0.001
89.890 -15.206 0.002
98.880 -14.975 0.002
108.800 -14.720 0.001
119.700 -14.452 0.002
131.700 -14.167 0.001
144.900 -13.867 0.001
159.400 -13.555 0.002
175.300 -13.233 0.002
192.800 -12.898 0.001
212.100 -12.553 0.002
233.300 -12.199 0.002
256.600 -11.839 0.002
282.300 -11.463 0.002
310.500 -11.081 0.002
