3.520 -15.095 0.002
3.870 -15.153 0.002
4.260 -15.230 0.002
4.680 -15.312 0.001
5.150 -15.404 0.002
5.670 -15.504 0.002
6.240 -15.610 0.002
6.860 -15.721 0.002
7.550 -15.838 0.001
8.300 -15.958 0.002
9.130 -16.082 0.002
10.040 -16.210 0.001
11.040 -16.344 0.002
12.140 -16.486 0.002
13.350 -16.635 0.001
14.690 -16.785 0.001
16.160 -16.925 0.001
17.780 -17.045 0.002
19.560 -17.137 0.001
21.520 -17.174 0.001
23.670 -17.185 0.002
26.040 -17.171 0.001
28.640 -17.114 0.002
31.500 -16.984 0.001
34.650 -16.774 0.002
38.100 -16.538 0.001
41.900 -16.346 0.001
46.100 -16.115 0.002
50.700 -15.956 0.001
55.800 -15.836 0.001
61.400 -15.733 0.002
67.540 -15.616 0.001
74.290 -15.484 0.001
81.720 -15.330 0.002
89.890 -15.157 0.002
98.880 -14.952 0.002
108.800 -14.720 0.001
119.700 -14.467 0.002
131.700 -14.187 0.002
144.900 -13.882 0.001
159.400 -13.583 0.001
175.300 -13.258 0.002
192.800 -12.912 0.001
212.100 -12.559 0.001
233.300 -12.190 0.002
256.600 -11.807 0.001
282.300 -11.399 0.002
310.500 -10.970 0.001
