3.520 -15.639 0.002
3.870 -15.734 0.002
4.260 -15.836 0.001
4.680 -15.941 0.001
5.150 -16.053 0.002
5.670 -16.169 0.001
6.240 -16.290 0.001
6.860 -16.411 0.001
7.550 -16.537 0.002
8.300 -16.662 0.002
9.130 -16.788 0.002
10.040 -16.914 0.002
11.040 -17.042 0.002
12.140 -17.171 0.002
13.350 -17.301 0.001
14.690 -17.427 0.001
16.160 -17.544 0.002
17.780 -17.646 0.002
19.560 -17.729 0.001
21.520 -17.777 0.001
23.670 -17.818 0.001
26.040 -17.841 0.001
28.640 -17.828 0.002
31.500 -17.753 0.002
34.650 -17.604 0.002
38.100 -17.438 0.002
41.900 -17.258 0.001
46.100 -16.954 0.002
50.700 -16.718 0.001
55.800 -16.510 0.001
61.400 -16.311 0.001
67.540 -16.093 0.001
74.290 -15.857 0.001
81.720 -15.592 0.002
89.890 -15.308 0.002
98.880 -14.981 0.002
108.800 -14.620 0.001
119.700 -14.236 0.002
131.700 -13.826 0.002
144.900 -13.408 0.002
159.400 -12.973 0.001
175.300 -12.590 0.002
192.800 -12.224 0.002
212.100 -11.890 0.002
233.300 -11.571 0.001
256.600 -11.267 0.001
282.300 -10.962 0.002
310.500 -10.650 0.001
