3.520 -14.186 0.002
3.870 -14.159 0.001
4.260 -14.186 0.002
4.680 -14.243 0.002
5.150 -14.324 0.001
5.670 -14.420 0.001
6.240 -14.528 0.001
6.860 -14.645 0.001
7.550 -14.771 0.002
8.300 -14.903 0.001
9.130 -15.043 0.002
10.040 -15.190 0.002
11.040 -15.346 0.001
12.140 -15.517 0.002
13.350 -15.700 0.002
14.690 -15.890 0.001
16.160 -16.069 0.002
17.780 -16.223 0.001
19.560 -16.338 0.001
21.520 -16.349 0.002
23.670 -16.324 0.002
26.040 -16.274 0.002
28.640 -16.181 0.002
31.500 -16.018 0.002
34.650 -15.825 0.002
38.100 -15.628 0.001
41.900 -15.488 0.002
46.100 -15.323 0.001
50.700 -15.215 0.001
55.800 -15.148 0.001
61.400 -15.085 0.002
67.540 -15.001 0.001
74.290 -14.920 0.001
81.720 -14.816 0.001
89.890 -14.679 0.001
98.880 -14.518 0.002
108.800 -14.328 0.001
119.700 -14.115 0.002
131.700 -13.870 0.001
144.900 -13.591 0.001
159.400 -13.283 0.002
175.300 -12.958 0.001
192.800 -12.601 0.002
212.100 -12.227 0.002
233.300 -11.833 0.002
256.600 -11.414 0.002
282.300 -10.961 0.002
310.500 -10.485 0.002
