2.850 -14.835 0.002
3.140 -14.810 0.002
3.450 -14.815 0.001
3.800 -14.844 0.001
4.180 -14.901 0.001
4.600 -14.994 0.002
5.060 -15.111 0.001
5.570 -15.211 0.002
6.130 -15.298 0.001
6.740 -15.411 0.002
7.410 -15.568 0.002
8.150 -15.751 0.002
8.970 -15.942 0.002
9.870 -16.136 0.001
10.860 -16.330 0.001
11.950 -16.524 0.002
13.150 -16.717 0.002
14.470 -16.893 0.002
15.920 -17.060 0.001
17.510 -17.216 0.002
19.260 -17.333 0.002
21.190 -17.397 0.001
23.310 -17.400 0.002
25.640 -17.316 0.001
28.200 -17.180 0.001
31.020 -17.009 0.001
34.120 -16.828 0.001
37.530 -16.646 0.002
41.280 -16.474 0.002
45.410 -16.329 0.001
49.950 -16.238 0.001
54.950 -16.136 0.001
60.450 -16.033 0.002
66.500 -15.915 0.002
73.200 -15.775 0.001
80.500 -15.609 0.001
88.550 -15.415 0.002
97.410 -15.197 0.002
107.200 -14.958 0.001
117.900 -14.698 0.001
129.700 -14.411 0.002
142.700 -14.104 0.002
157.000 -13.767 0.001
172.700 -13.404 0.001
190.000 -13.012 0.001
