2.850 -15.163 0.001
3.140 -15.155 0.002
3.450 -15.170 0.002
3.800 -15.203 0.002
4.180 -15.254 0.002
4.600 -15.333 0.001
5.060 -15.434 0.002
5.570 -15.516 0.002
6.130 -15.566 0.001
6.740 -15.666 0.002
7.410 -15.803 0.002
8.150 -15.957 0.002
8.970 -16.118 0.002
9.870 -16.282 0.002
10.860 -16.452 0.002
11.950 -16.624 0.001
13.150 -16.797 0.001
14.470 -16.949 0.001
15.920 -17.103 0.001
17.510 -17.251 0.001
19.260 -17.363 0.001
21.190 -17.427 0.001
23.310 -17.444 0.001
25.640 -17.418 0.001
28.200 -17.351 0.002
31.020 -17.248 0.001
34.120 -17.127 0.002
37.530 -16.984 0.002
41.280 -16.808 0.002
45.410 -16.620 0.002
49.950 -16.489 0.002
54.950 -16.335 0.002
60.450 -16.186 0.001
66.500 -16.025 0.001
73.200 -15.844 0.001
80.500 -15.639 0.001
88.550 -15.406 0.001
97.410 -15.150 0.001
107.200 -14.877 0.001
117.900 -14.594 0.002
129.700 -14.305 0.002
142.700 -14.022 0.001
157.000 -13.751 0.001
172.700 -13.490 0.001
190.000 -13.231 0.001
