2.850 -14.276 0.001
3.140 -14.124 0.001
3.450 -14.011 0.001
3.800 -13.928 0.001
4.180 -13.890 0.002
4.600 -13.909 0.001
5.060 -13.933 0.002
5.570 -13.989 0.002
6.130 -14.058 0.001
6.740 -14.210 0.002
7.410 -14.442 0.001
8.150 -14.728 0.001
8.970 -15.032 0.002
9.870 -15.335 0.001
10.860 -15.624 0.001
11.950 -15.898 0.001
13.150 -16.162 0.002
14.470 -16.396 0.001
15.920 -16.614 0.001
17.510 -16.804 0.002
19.260 -16.931 0.002
21.190 -16.974 0.002
23.310 -16.912 0.002
25.640 -16.677 0.001
28.200 -16.388 0.001
31.020 -16.081 0.001
34.120 -15.790 0.001
37.530 -15.577 0.001
41.280 -15.438 0.001
45.410 -15.362 0.001
49.950 -15.315 0.002
54.950 -15.289 0.001
60.450 -15.248 0.002
66.500 -15.185 0.001
73.200 -15.094 0.002
80.500 -14.971 0.001
88.550 -14.817 0.002
97.410 -14.634 0.001
107.200 -14.426 0.002
117.900 -14.189 0.001
129.700 -13.920 0.001
142.700 -13.622 0.001
157.000 -13.292 0.001
172.700 -12.938 0.002
190.000 -12.561 0.001
