2.850 -13.965 0.002
3.140 -13.550 0.001
3.450 -13.195 0.002
3.800 -12.916 0.001
4.180 -12.745 0.002
4.600 -12.708 0.002
5.060 -12.728 0.001
5.570 -12.813 0.001
6.130 -12.895 0.002
6.740 -13.113 0.001
7.410 -13.382 0.001
8.150 -13.694 0.002
8.970 -14.021 0.001
9.870 -14.349 0.002
10.860 -14.669 0.001
11.950 -14.977 0.002
13.150 -15.277 0.002
14.470 -15.546 0.001
15.920 -15.802 0.002
17.510 -16.020 0.002
19.260 -16.168 0.002
21.190 -16.226 0.002
23.310 -16.166 0.001
25.640 -15.911 0.001
28.200 -15.564 0.002
31.020 -15.188 0.001
34.120 -14.860 0.001
37.530 -14.640 0.001
41.280 -14.602 0.001
45.410 -14.665 0.002
49.950 -14.754 0.002
54.950 -14.819 0.002
60.450 -14.853 0.001
66.500 -14.854 0.001
73.200 -14.815 0.002
80.500 -14.732 0.002
88.550 -14.610 0.001
97.410 -14.444 0.001
107.200 -14.249 0.001
117.900 -14.006 0.002
129.700 -13.712 0.001
142.700 -13.379 0.001
157.000 -13.000 0.001
172.700 -12.572 0.001
190.000 -12.102 0.001
