5.401604999999981374e+04 1.648799999999999955e+01 1.899999999999999953e-02
5.401606000000005588e+04 1.652100000000000080e+01 2.299999999999999961e-02
5.402308999999985099e+04 1.667200000000000060e+01 2.900000000000000147e-02
5.402310000000009313e+04 1.667800000000000082e+01 3.099999999999999978e-02
5.403008000000007451e+04 1.684900000000000020e+01 2.400000000000000050e-02
5.403008999999985099e+04 1.687300000000000111e+01 2.999999999999999889e-02
5.403708999999985099e+04 1.704400000000000048e+01 2.599999999999999881e-02
5.403710000000009313e+04 1.703800000000000026e+01 3.400000000000000244e-02
5.404308000000007451e+04 1.718499999999999872e+01 4.200000000000000261e-02
5.404308999999985099e+04 1.719600000000000151e+01 5.199999999999999761e-02
5.404502999999979511e+04 1.729599999999999937e+01 5.600000000000000117e-02
5.404504999999981374e+04 nan nan
5.404704999999981374e+04 1.731700000000000017e+01 3.799999999999999906e-02
5.404712999999988824e+04 1.736100000000000065e+01 7.699999999999999900e-02
5.405310000000009313e+04 1.747100000000000009e+01 3.899999999999999994e-02
5.405312000000011176e+04 1.745799999999999841e+01 4.499999999999999833e-02
5.406702999999979511e+04 1.768299999999999983e+01 4.800000000000000100e-02
5.406704000000003725e+04 1.778699999999999903e+01 7.199999999999999456e-02
5.407402999999979511e+04 1.806099999999999994e+01 7.799999999999999989e-02
5.407404000000003725e+04 1.788700000000000045e+01 4.800000000000000100e-02
