53975.360 21.799 0.547
53990.374 23.080 0.739
53994.384 23.541 0.680
53996.368 22.991 0.836
54008.328 20.414 0.178
54010.322 20.206 0.122
54012.315 19.857 0.121
54020.321 19.783 0.144
54024.403 19.957 0.167
54028.391 20.418 0.247
54030.315 20.379 0.157
54035.390 20.963 0.586
54037.296 20.617 0.178
54040.310 20.544 0.216
54047.340 21.200 0.967
54049.336 20.890 0.429
54053.300 20.897 0.294
54056.302 21.459 0.584
54059.296 21.335 0.589
54061.307 21.044 0.509
54062.301 22.125 0.761
54068.281 21.398 0.603
