53975.361 25.647 0.745
53990.374 26.085 1.227
53994.385 24.688 0.784
53996.368 24.848 0.866
54008.329 20.923 0.043
54010.323 20.480 0.029
54012.316 20.250 0.046
54020.322 20.919 0.067
54024.404 21.440 0.109
54028.392 21.925 0.113
54030.315 21.996 0.096
54035.391 22.624 0.315
54037.296 22.447 0.141
54040.311 24.123 1.271
54047.341 22.192 0.975
54049.337 23.655 1.234
54053.301 22.786 0.227
54056.303 22.798 0.254
54059.297 23.347 0.444
54061.308 22.923 0.384
54062.301 23.132 0.283
54068.282 23.034 0.697
