53975.358 24.594 0.923
53990.371 23.188 0.639
53994.382 24.521 0.935
53996.365 24.455 0.949
54008.325 20.721 0.048
54010.320 20.225 0.030
54012.313 19.953 0.033
54020.319 19.883 0.032
54024.400 20.408 0.053
54028.388 20.682 0.053
54030.312 20.872 0.054
54035.388 21.433 0.154
54037.293 21.250 0.070
54040.308 21.370 0.127
54047.338 21.813 0.435
54049.334 22.409 0.391
54053.298 22.008 0.159
54056.299 22.400 0.288
54059.293 22.091 0.213
54061.304 22.589 0.392
54062.298 22.134 0.182
54068.278 22.037 0.295
