53975.359 23.601 0.816
53990.372 23.609 0.916
53994.383 24.151 0.939
53996.366 23.009 0.646
54008.326 20.710 0.078
54010.321 20.286 0.046
54012.313 20.012 0.045
54020.320 19.655 0.043
54024.401 20.041 0.055
54028.389 20.333 0.060
54030.313 20.542 0.060
54035.388 20.948 0.139
54037.294 21.113 0.093
54040.309 21.453 0.175
54047.339 21.102 0.323
54049.335 21.519 0.231
54053.299 21.756 0.192
54056.300 21.399 0.180
54059.294 21.823 0.257
54061.305 22.250 0.406
54062.299 22.432 0.379
54068.279 22.309 0.468
