2.220 -15.633 0.002
2.440 -15.447 0.001
2.680 -15.378 0.001
2.950 -15.385 0.001
3.250 -15.404 0.001
3.580 -15.385 0.001
3.940 -15.348 0.002
4.330 -15.324 0.001
4.760 -15.294 0.002
5.240 -15.318 0.001
5.760 -15.417 0.002
6.340 -15.572 0.001
6.970 -15.757 0.002
7.670 -15.962 0.001
8.440 -16.177 0.001
9.280 -16.394 0.002
10.210 -16.618 0.002
11.230 -16.847 0.002
12.350 -17.079 0.002
13.590 -17.313 0.002
14.950 -17.544 0.002
16.440 -17.764 0.002
18.080 -17.966 0.001
19.890 -18.146 0.002
21.880 -18.298 0.002
24.070 -18.406 0.002
26.480 -18.488 0.001
29.130 -18.528 0.002
32.040 -18.523 0.001
35.240 -18.462 0.002
38.760 -18.314 0.002
42.640 -18.133 0.002
46.900 -17.936 0.001
51.600 -17.754 0.001
56.800 -17.594 0.002
62.480 -17.445 0.001
68.730 -17.296 0.002
75.600 -17.163 0.001
83.160 -16.991 0.002
91.480 -16.874 0.002
100.600 -16.614 0.002
110.700 -16.366 0.002
121.800 -16.119 0.001
134.000 -15.866 0.001
147.400 -15.602 0.001
178.300 -15.025 0.001
196.100 -14.683 0.001
