2.220 -15.202 0.002
2.440 -14.919 0.001
2.680 -14.630 0.001
2.950 -14.465 0.001
3.250 -14.388 0.002
3.580 -14.328 0.002
3.940 -14.240 0.001
4.330 -14.137 0.001
4.760 -13.977 0.002
5.240 -13.924 0.002
5.760 -13.981 0.001
6.340 -14.134 0.002
6.970 -14.347 0.001
7.670 -14.603 0.001
8.440 -14.880 0.002
9.280 -15.167 0.001
10.210 -15.469 0.002
11.230 -15.782 0.001
12.350 -16.104 0.002
13.590 -16.434 0.001
14.950 -16.766 0.002
16.440 -17.085 0.002
18.080 -17.378 0.002
19.890 -17.633 0.002
21.880 -17.836 0.002
24.070 -17.950 0.001
26.480 -18.008 0.001
29.130 -17.984 0.001
32.040 -17.886 0.002
35.240 -17.711 0.001
38.760 -17.521 0.001
42.640 -17.256 0.001
46.900 -16.953 0.001
51.600 -16.763 0.002
56.800 -16.654 0.001
62.480 -16.579 0.002
68.730 -16.519 0.001
75.600 -16.459 0.002
83.160 -16.363 0.001
91.480 -16.261 0.002
100.600 -16.086 0.002
110.700 -15.889 0.002
121.800 -15.674 0.002
134.000 -15.441 0.002
147.400 -15.190 0.001
178.300 -14.602 0.001
196.100 -14.243 0.002
