2.220 -15.469 0.001
2.440 -15.300 0.002
2.680 -15.284 0.002
2.950 -15.337 0.002
3.250 -15.377 0.002
3.580 -15.382 0.001
3.940 -15.387 0.001
4.330 -15.410 0.001
4.760 -15.495 0.001
5.240 -15.559 0.002
5.760 -15.679 0.001
6.340 -15.837 0.002
6.970 -16.013 0.001
7.670 -16.200 0.001
8.440 -16.394 0.002
9.280 -16.587 0.001
10.210 -16.783 0.001
11.230 -16.981 0.001
12.350 -17.181 0.002
13.590 -17.382 0.002
14.950 -17.578 0.002
16.440 -17.766 0.002
18.080 -17.942 0.002
19.890 -18.104 0.001
21.880 -18.248 0.002
24.070 -18.366 0.001
26.480 -18.462 0.001
29.130 -18.530 0.001
32.040 -18.561 0.002
35.240 -18.536 0.002
38.760 -18.463 0.002
42.640 -18.318 0.002
46.900 -18.196 0.002
51.600 -18.025 0.002
56.800 -17.843 0.002
62.480 -17.644 0.002
68.730 -17.433 0.001
75.600 -17.242 0.002
83.160 -17.016 0.001
91.480 -16.907 0.001
100.600 -16.583 0.001
110.700 -16.283 0.002
121.800 -15.988 0.001
134.000 -15.683 0.002
147.400 -15.360 0.002
178.300 -14.671 0.002
196.100 -14.311 0.002
