53700.479 13.835 0.060
53703.488 13.859 0.250
53704.466 13.778 0.035
53705.460 13.840 0.050
53706.465 13.748 0.034
53711.462 13.800 0.027
53721.422 14.090 0.032
53724.417 14.110 0.033
53725.407 14.260 0.032
53726.406 14.226 0.052
53728.400 14.449 0.029
53729.396 14.338 0.054
53731.393 14.569 0.103
53733.393 14.660 0.046
53739.381 14.950 0.087
53742.361 14.937 0.071
53746.388 15.064 0.041
53748.392 15.131 0.080
53752.394 15.233 0.059
53758.417 15.485 0.099
53761.550 15.444 0.050
53763.570 15.564 0.083
53764.385 15.620 0.062
53766.390 15.935 0.049
53770.405 15.924 0.056
53772.411 15.991 0.042
53774.423 16.391 0.350
