53699.486 16.171 0.017
53704.512 16.076 0.014
53706.516 16.072 0.015
53708.537 16.144 0.015
53714.457 16.371 0.014
53726.519 17.014 0.022
53728.395 17.099 0.021
53729.520 17.148 0.023
53731.427 17.216 0.019
53731.481 17.237 0.018
53743.522 17.599 0.025
53745.501 17.641 0.025
53746.517 17.598 0.032
53757.413 17.860 0.027
53764.483 17.985 0.034
53765.394 18.010 0.033
53765.476 17.995 0.029
53766.533 17.974 0.027
53768.454 18.002 0.036
53777.396 18.157 0.051
53778.444 18.087 0.042
53779.391 18.157 0.038
53779.411 18.109 0.043
53781.422 18.150 0.059
53786.461 18.313 0.050
53787.422 18.252 0.055
53788.480 18.298 0.068
53796.465 18.430 0.089
53797.453 18.435 0.070
53798.388 18.483 0.089
53799.458 18.445 0.138
53803.457 18.483 0.237
53812.405 18.905 0.276
53827.419 19.036 0.261
53834.259 19.216 0.284
53841.255 19.162 0.275
53857.384 19.639 0.334
