53700.479 13.398 0.202
53703.488 13.527 0.218
53706.465 13.686 0.175
53712.466 13.389 0.157
53714.440 13.319 0.129
53721.422 13.485 0.079
53724.417 13.582 0.093
53726.406 13.634 0.080
53728.400 13.671 0.250
53729.396 13.826 0.083
53731.393 14.078 0.095
53732.395 14.063 0.141
53733.393 14.246 0.090
53737.377 14.298 0.278
53739.381 14.328 0.123
53742.361 14.549 0.179
53746.388 14.482 0.163
53748.392 14.517 0.182
53758.417 14.822 0.155
53766.390 15.358 0.334
53770.405 14.923 0.218
53772.411 15.011 0.363
