53700.479 13.667 0.087
53703.488 12.905 0.068
53704.466 12.919 0.052
53721.422 13.087 0.096
53724.417 13.495 0.144
53725.407 13.562 0.130
53726.406 13.512 0.116
53728.400 13.370 0.094
53731.393 13.364 0.165
53732.395 13.297 0.108
53737.377 13.621 0.155
53742.361 13.941 0.175
53746.388 14.305 0.086
53748.392 14.475 0.282
53752.394 14.338 0.271
53758.417 14.882 0.099
53761.550 14.550 0.084
53763.570 14.994 0.250
53764.385 14.550 0.135
53766.390 15.210 0.143
53768.403 15.342 0.250
53770.405 15.361 0.153
53772.411 15.919 0.175
