53699.484 16.907 0.023
53704.510 16.793 0.019
53706.514 16.913 0.027
53708.535 16.972 0.020
53714.455 17.319 0.030
53726.517 18.370 0.051
53728.393 18.563 0.075
53731.478 18.646 0.061
53737.487 18.608 0.059
53746.515 18.945 0.073
53757.411 19.060 0.089
53764.480 19.135 0.078
53765.392 19.187 0.080
53765.473 19.229 0.127
53766.531 19.314 0.120
53768.451 19.087 0.130
53777.399 19.151 0.133
53779.396 19.275 0.151
53786.465 19.408 0.159
53787.419 19.588 0.180
53788.477 19.542 0.190
53794.403 19.807 0.264
53797.457 19.861 0.273
53798.385 19.539 0.216
53799.463 19.867 0.253
53800.461 19.689 0.291
53803.454 19.918 0.267
53807.357 19.971 0.279
53807.377 19.955 0.315
53833.238 20.093 0.305
53834.264 20.337 0.328
53840.289 20.169 0.325
53841.259 20.361 0.320
