53699.487 15.461 0.018
53704.513 15.388 0.014
53706.518 15.381 0.018
53708.539 15.411 0.019
53714.459 15.565 0.015
53726.521 16.120 0.021
53728.397 16.129 0.015
53731.429 16.299 0.018
53731.482 16.320 0.015
53737.491 16.490 0.018
53743.524 16.677 0.019
53745.503 16.714 0.021
53746.519 16.754 0.034
53757.415 17.002 0.023
53764.484 17.112 0.022
53765.396 17.083 0.021
53765.477 17.135 0.020
53766.535 17.131 0.021
53768.455 17.190 0.021
53776.445 17.311 0.022
53777.397 17.372 0.025
53777.414 17.368 0.030
53778.447 17.383 0.033
53779.394 17.427 0.040
53779.413 17.445 0.058
53781.424 17.438 0.063
53786.463 17.487 0.074
53787.425 17.513 0.088
53788.482 17.547 0.094
53794.408 17.673 0.093
53796.468 17.763 0.098
53797.455 17.702 0.031
53798.390 17.714 0.097
53799.460 17.763 0.134
53800.459 17.701 0.126
53803.460 17.851 0.133
53807.355 17.894 0.132
53807.375 17.875 0.139
53818.354 18.147 0.140
53827.422 18.381 0.140
53829.392 18.311 0.150
53833.236 18.341 0.143
53834.262 18.391 0.138
53841.257 18.461 0.139
53857.386 18.831 0.180
