56456.416 15.203 0.057
56458.822 15.934 0.070
56459.673 16.093 0.068
56462.236 16.469 0.077
56463.328 16.493 0.070
56465.694 16.429 0.073
56467.300 16.562 0.086
56469.068 16.733 0.076
56473.793 16.953 0.076
56475.411 17.027 0.088
56477.636 17.196 0.087
56479.268 17.390 0.086
56481.267 17.320 0.087
56483.720 17.643 0.126
56485.836 17.654 0.113
56487.140 17.574 0.102
56489.257 17.595 0.120
56496.185 17.810 0.083
56500.531 17.661 0.126
56504.240 18.057 0.087
56508.935 18.312 0.233
56510.512 17.996 0.087
