56452.910 14.100 0.010
56453.070 14.200 0.240
56454.200 14.460 0.180
56454.930 14.530 0.020
56455.920 14.550 0.020
56456.070 14.400 0.110
56456.200 14.550 0.300
56456.400 14.730 0.040
56458.850 15.020 0.050
56458.930 14.950 0.030
56459.670 15.060 0.050
56460.090 14.980 0.110
56461.420 14.870 0.010
56463.320 14.850 0.050
56463.380 14.770 0.110
56465.420 14.630 0.010
56465.690 14.650 0.050
56465.920 14.610 0.030
56466.920 14.650 0.060
56467.470 14.550 0.060
56467.920 14.570 0.040
56467.920 14.670 0.080
56468.920 14.570 0.040
56469.060 14.630 0.050
56469.920 14.550 0.030
56471.940 14.550 0.020
56472.920 14.620 0.030
56473.790 14.760 0.050
56473.920 14.680 0.030
56475.410 14.940 0.050
56476.920 15.020 0.040
56477.630 15.110 0.060
56477.920 15.150 0.050
56478.920 15.230 0.040
56479.260 15.350 0.060
56479.920 15.340 0.060
56480.080 15.430 0.060
56480.920 15.430 0.100
56481.260 15.520 0.060
56482.080 15.520 0.200
56483.750 15.840 0.090
56485.830 15.730 0.080
56487.140 15.790 0.070
56488.080 15.800 0.220
56489.250 16.180 0.110
56491.880 15.990 0.030
56493.430 16.030 0.090
56495.440 16.050 0.040
56495.920 16.130 0.070
56496.180 16.190 0.060
56497.900 16.130 0.110
56500.530 16.230 0.110
56502.900 16.270 0.040
56504.230 16.380 0.070
56510.510 16.520 0.070
56616.710 18.280 0.060
56632.220 18.420 0.070
56638.180 18.810 0.040
56644.630 18.690 0.040
56648.600 19.200 0.100
56651.780 18.840 0.060
56666.230 19.230 0.050
56684.710 19.440 0.080
56699.670 19.910 0.080
57075.400 22.600 999.000
