56456.399 14.909 0.037
56456.465 14.756 0.043
56458.848 15.383 0.056
56459.668 15.395 0.058
56463.323 15.377 0.057
56465.684 15.178 0.053
56467.464 15.310 0.056
56469.063 15.151 0.053
56473.786 15.573 0.059
56475.404 15.831 0.059
56477.626 16.154 0.066
56479.262 16.270 0.066
56481.262 16.597 0.072
56483.748 16.833 0.078
56485.832 16.914 0.091
56487.135 16.942 0.083
56489.619 17.066 0.096
56496.180 17.198 0.075
56500.525 17.336 0.118
56504.230 17.375 0.077
56508.932 17.265 0.177
56510.505 17.391 0.076
