56453.070 14.360 0.300
56454.930 14.550 0.090
56455.920 14.770 0.080
56456.070 15.050 0.210
56456.400 14.980 0.040
56457.930 15.220 0.010
56458.850 15.400 0.040
56458.930 15.240 0.110
56459.670 15.410 0.050
56459.920 15.310 0.010
56460.090 15.450 0.030
56461.420 15.340 0.010
56463.320 15.390 0.040
56463.380 15.310 0.020
56465.420 15.250 0.020
56465.690 15.280 0.050
56465.920 15.260 0.110
56466.920 15.180 0.110
56467.470 15.310 0.040
56467.920 15.150 0.110
56467.920 15.180 0.230
56468.920 15.130 0.130
56469.060 15.220 0.050
56469.920 15.200 0.110
56471.940 15.300 0.030
56472.920 15.470 0.130
56473.790 15.600 0.050
56473.920 15.630 0.140
56475.410 15.870 0.050
56476.920 15.980 0.140
56477.630 16.200 0.060
56477.920 16.160 0.130
56478.920 16.340 0.130
56479.260 16.320 0.060
56479.920 16.480 0.150
56480.080 16.400 0.160
56480.920 16.620 0.140
56481.260 16.630 0.060
56482.080 16.730 0.110
56483.750 16.930 0.070
56485.830 17.000 0.090
56487.140 17.050 0.080
56488.080 17.050 0.030
56489.250 17.180 0.100
56491.880 17.190 0.070
56493.430 17.330 0.020
56495.440 17.340 0.040
56495.920 17.390 0.190
56496.180 17.260 0.070
56497.900 17.410 0.170
56500.530 17.500 0.130
56502.900 17.460 0.160
56503.900 17.400 0.160
56504.230 17.500 0.070
56510.510 17.540 0.070
56616.710 18.730 0.070
56638.180 19.180 0.040
56644.630 19.100 0.070
56651.780 19.300 0.070
56666.230 19.510 0.090
56684.710 19.620 0.080
56699.670 20.070 0.080
