56456.403 15.545 0.067
56458.851 16.293 0.076
56459.669 16.347 0.078
56461.236 16.607 0.081
56461.249 16.621 0.090
56462.316 16.599 0.098
56463.324 16.747 0.080
56465.687 16.768 0.085
56467.465 16.879 0.086
56469.064 16.973 0.086
56473.788 17.183 0.087
56475.406 17.347 0.088
56477.629 17.577 0.103
56479.264 17.568 0.098
56481.263 17.590 0.100
56483.749 17.951 0.124
56485.833 17.769 0.122
56487.137 17.630 0.104
56489.253 17.922 0.140
56496.181 18.048 0.098
56500.527 18.043 0.145
56504.233 17.943 0.092
56508.933 18.443 0.272
56510.507 18.185 0.099
