56454.930 13.960
56455.920 14.130
56457.930 14.390
56458.930 14.510
56461.420 14.460
56463.380 14.440
56465.420 14.210
56465.920 14.130
56466.920 14.160
56467.920 14.120
56467.920 14.180
56468.920 14.060
56469.920 14.020
56471.940 14.030
56472.920 14.080
56473.920 14.080
56476.920 14.260
56477.920 14.430
56478.920 14.520
56479.920 14.500
56480.920 14.510
56491.880 14.930
56493.430 15.180
56495.440 15.160
56495.920 15.080
56497.900 15.110
56502.900 15.170
56503.900 15.200
56616.710 17.010
56632.220 17.120
56638.180 17.190
56644.630 17.380
56651.780 17.460
56666.230 17.550
56684.710 18.030
56699.670 18.280
57075.400 22.500
