56456.394 14.688 0.050
56456.461 14.746 0.052
56458.846 15.510 0.065
56459.666 15.466 0.065
56463.322 15.801 0.066
56465.681 15.779 0.069
56467.462 15.913 0.066
56469.061 16.028 0.070
56473.784 16.189 0.070
56475.401 16.445 0.072
56477.623 16.493 0.079
56479.260 16.630 0.079
56481.260 16.818 0.084
56483.750 17.038 0.082
56485.831 16.969 0.101
56487.133 17.055 0.093
56489.617 17.140 0.089
56496.177 17.300 0.083
56500.454 17.367 0.100
56504.228 17.465 0.084
56508.931 17.442 0.189
56510.503 17.502 0.085
