56456.400 15.570 0.080
56458.850 16.320 0.080
56459.670 16.350 0.080
56461.250 16.670 0.090
56462.320 16.730 0.100
56463.320 16.810 0.090
56465.690 16.820 0.090
56467.470 16.910 0.090
56469.060 17.080 0.090
56473.790 17.250 0.090
56475.410 17.490 0.090
56477.630 17.680 0.110
56479.260 17.700 0.100
56481.260 17.760 0.100
56483.750 18.180 0.140
56485.830 17.970 0.130
56487.140 17.840 0.110
56489.250 18.200 0.170
56496.180 18.290 0.110
56500.530 18.250 0.170
56504.230 18.230 0.100
56508.930 18.830 0.390
56510.510 18.490 0.110
