56450.870 14.250
56451.900 13.770
56452.910 13.740
56453.070 13.850
56454.930 14.110
56455.920 14.340
56456.070 14.370
56457.930 14.620
56458.930 14.660
56460.090 14.500
56461.420 14.420
56463.380 14.340
56465.420 14.380
56465.920 14.260
56466.920 14.240
56467.920 14.190
56467.920 14.210
56468.920 14.170
56469.920 14.160
56471.940 14.220
56472.920 14.180
56473.920 14.220
56476.920 14.430
56477.920 14.550
56478.920 14.550
56479.920 14.650
56480.080 14.600
56480.920 14.730
56482.080 14.960
56488.080 15.260
56491.880 15.300
56493.430 15.250
56495.440 15.340
56495.920 15.370
56502.900 15.490
56503.900 15.560
56616.710 17.880
56632.220 17.920
56638.180 17.970
56644.630 18.340
56648.600 18.500
56651.780 18.510
56666.230 18.390
56684.710 19.100
56699.670 19.380
57075.400 22.000
