56455.920 14.110
56456.400 14.150
56457.930 14.660
56458.850 14.790
56458.930 14.670
56459.670 14.880
56459.920 14.790
56461.420 15.160
56463.320 15.140
56465.420 15.200
56465.690 15.210
56465.920 15.030
56466.920 15.130
56467.470 15.350
56467.920 15.150
56467.920 15.320
56468.920 15.140
56469.060 15.390
56469.920 15.180
56471.940 15.390
56472.920 15.400
56473.790 15.780
56473.920 15.690
56475.410 16.070
56476.920 16.190
56477.630 16.390
56477.920 16.270
56478.920 16.480
56479.260 16.780
56479.920 16.490
56480.920 16.660
56481.260 16.820
56483.750 17.060
56485.830 17.200
56487.140 17.240
56489.250 17.330
56493.430 17.770
56495.440 17.890
56496.180 17.620
56497.900 17.570
56500.530 17.750
56504.230 17.770
56510.510 17.780
