56456.397 14.129 0.035
56456.464 14.137 0.035
56458.847 14.708 0.051
56459.668 14.808 0.055
56460.467 14.896 0.055
56463.323 15.088 0.059
56465.683 15.144 0.063
56467.463 15.338 0.063
56469.062 15.381 0.066
56473.785 15.760 0.069
56475.403 16.007 0.070
56477.625 16.320 0.083
56479.261 16.682 0.088
56481.261 16.730 0.093
56483.751 16.938 0.096
56485.832 17.062 0.127
56487.134 17.058 0.110
56489.618 17.179 0.104
56496.179 17.486 0.105
56500.524 17.425 0.163
56504.229 17.550 0.105
56508.932 17.071 0.211
56510.505 17.535 0.101
