53467.170 18.200 0.010
53468.090 18.095 0.009
53471.230 17.930 0.090
53472.090 17.706 0.009
53472.240 17.830 0.090
53473.100 17.641 0.009
53473.200 17.770 0.090
53474.060 17.583 0.009
53474.200 17.720 0.080
53476.060 17.513 0.013
53476.210 17.620 0.090
53477.060 17.463 0.011
53477.190 17.610 0.080
53478.080 17.430 0.012
53478.160 17.540 0.100
53479.020 17.348 0.012
53480.040 17.306 0.009
53481.020 17.273 0.009
53482.030 17.162 0.024
53482.190 17.340 0.080
53483.040 17.151 0.010
53483.270 17.230 0.110
53484.100 17.107 0.011
53485.190 17.180 0.080
53486.210 17.120 0.080
53489.020 16.784 0.007
53490.010 16.715 0.010
53490.250 16.840 0.080
53490.990 16.682 0.014
53492.170 16.710 0.080
53493.140 16.680 0.080
53494.150 16.640 0.080
53495.140 16.500 0.100
53496.130 16.560 0.080
53497.150 16.530 0.080
53498.140 16.500 0.080
53499.130 16.500 0.080
53501.160 16.450 0.080
53502.180 16.460 0.080
53503.180 16.440 0.080
53507.000 16.395 0.023
53508.150 16.385 0.011
53508.970 16.414 0.009
53509.160 16.520 0.090
53510.020 16.496 0.038
53510.150 16.490 0.080
53510.980 16.478 0.011
53511.150 16.530 0.090
53512.150 16.473 0.009
53512.150 16.590 0.090
53512.960 16.506 0.009
53513.160 16.540 0.090
53516.160 16.700 0.080
53521.950 16.942 0.013
53522.160 17.060 0.180
53522.970 17.029 0.012
53523.960 17.077 0.029
53524.140 17.200 0.090
53524.950 17.146 0.013
53525.950 17.222 0.013
53526.150 17.280 0.090
53527.000 17.329 0.015
53564.980 18.386 0.118
