5.346716999999992549e+04 1.805499999999999972e+01 6.000000000000000125e-03
5.346808999999985099e+04 1.796699999999999875e+01 8.000000000000000167e-03
5.347208999999985099e+04 1.762099999999999866e+01 8.000000000000000167e-03
5.347310000000009313e+04 1.757400000000000162e+01 8.000000000000000167e-03
5.347406000000005588e+04 1.750300000000000011e+01 8.000000000000000167e-03
5.347514000000013039e+04 1.746900000000000119e+01 8.000000000000000167e-03
5.347606000000005588e+04 1.744300000000000139e+01 1.099999999999999936e-02
5.347706000000005588e+04 1.740700000000000003e+01 8.999999999999999320e-03
5.347808000000007451e+04 1.737600000000000122e+01 1.099999999999999936e-02
5.347902000000001863e+04 1.730399999999999849e+01 1.299999999999999940e-02
5.348004000000003725e+04 1.728500000000000014e+01 8.999999999999999320e-03
5.348102000000001863e+04 1.722200000000000131e+01 8.999999999999999320e-03
5.348202999999979511e+04 1.714199999999999946e+01 2.699999999999999969e-02
5.348304000000003725e+04 1.712199999999999989e+01 8.999999999999999320e-03
5.348410000000009313e+04 1.707400000000000162e+01 1.000000000000000021e-02
5.348902000000001863e+04 1.673499999999999943e+01 6.000000000000000125e-03
5.349000999999977648e+04 1.665200000000000102e+01 8.999999999999999320e-03
5.349099000000022352e+04 1.658999999999999986e+01 1.099999999999999936e-02
5.349302000000001863e+04 nan nan
5.349504000000003725e+04 nan nan
5.349604999999981374e+04 nan nan
5.349697000000020489e+04 nan nan
5.349895999999996275e+04 nan nan
5.349997000000020489e+04 nan nan
5.350095999999996275e+04 nan nan
5.350197000000020489e+04 nan nan
5.350297000000020489e+04 nan nan
5.350397999999998137e+04 nan nan
5.350599000000022352e+04 nan nan
5.350700000000000000e+04 1.640700000000000003e+01 3.899999999999999994e-02
5.350814999999990687e+04 1.649299999999999855e+01 8.999999999999999320e-03
5.350897000000020489e+04 1.649200000000000088e+01 8.000000000000000167e-03
5.351002000000001863e+04 1.652499999999999858e+01 2.000000000000000042e-02
5.351097999999998137e+04 1.656700000000000017e+01 1.000000000000000021e-02
5.351214999999990687e+04 1.660099999999999909e+01 8.999999999999999320e-03
5.351295999999996275e+04 1.664099999999999824e+01 8.000000000000000167e-03
5.351595999999996275e+04 nan nan
5.351695000000018626e+04 nan nan
5.351995999999996275e+04 nan nan
5.352095000000018626e+04 nan nan
5.352195000000018626e+04 1.721499999999999986e+01 1.299999999999999940e-02
5.352297000000020489e+04 1.730300000000000082e+01 1.099999999999999936e-02
5.352395999999996275e+04 1.738100000000000023e+01 1.899999999999999953e-02
5.352495000000018626e+04 1.743799999999999883e+01 1.099999999999999936e-02
5.352595000000018626e+04 1.748600000000000065e+01 1.099999999999999936e-02
5.352700000000000000e+04 1.755999999999999872e+01 1.299999999999999940e-02
5.352797000000020489e+04 nan nan
5.352899000000022352e+04 nan nan
5.352997999999998137e+04 nan nan
5.353797999999998137e+04 nan nan
5.353895999999996275e+04 nan nan
5.354195999999996275e+04 nan nan
5.356497999999998137e+04 nan nan
5.356897999999998137e+04 nan nan
