5.346716999999992549e+04 1.802599999999999980e+01 8.999999999999999320e-03
5.346808999999985099e+04 1.793700000000000117e+01 8.999999999999999320e-03
5.347208999999985099e+04 1.761400000000000077e+01 7.000000000000000146e-03
5.347310000000009313e+04 1.755300000000000082e+01 8.000000000000000167e-03
5.347406000000005588e+04 1.749599999999999866e+01 8.999999999999999320e-03
5.347514000000013039e+04 1.748100000000000165e+01 8.999999999999999320e-03
5.347606000000005588e+04 1.747100000000000009e+01 1.099999999999999936e-02
5.347706000000005588e+04 1.748300000000000054e+01 1.000000000000000021e-02
5.347808000000007451e+04 1.746999999999999886e+01 1.000000000000000021e-02
5.347902000000001863e+04 1.740599999999999881e+01 1.600000000000000033e-02
5.348004000000003725e+04 1.737600000000000122e+01 1.000000000000000021e-02
5.348102000000001863e+04 1.734499999999999886e+01 1.000000000000000021e-02
5.348202999999979511e+04 1.727799999999999869e+01 2.199999999999999872e-02
5.348304000000003725e+04 1.722200000000000131e+01 1.099999999999999936e-02
5.348410000000009313e+04 1.716799999999999926e+01 1.299999999999999940e-02
5.348902000000001863e+04 1.682300000000000040e+01 6.000000000000000125e-03
5.349000999999977648e+04 1.673699999999999832e+01 8.000000000000000167e-03
5.349099000000022352e+04 1.664600000000000080e+01 1.099999999999999936e-02
5.349302000000001863e+04 1.652899999999999991e+01 2.000000000000000042e-02
5.349504000000003725e+04 1.647899999999999920e+01 8.999999999999999320e-03
5.349604999999981374e+04 1.646499999999999986e+01 8.999999999999999320e-03
5.349697000000020489e+04 1.644000000000000128e+01 7.000000000000000146e-03
5.349895999999996275e+04 1.643700000000000117e+01 8.000000000000000167e-03
5.349997000000020489e+04 1.643599999999999994e+01 1.000000000000000021e-02
5.350095999999996275e+04 1.646199999999999974e+01 8.000000000000000167e-03
5.350197000000020489e+04 1.647800000000000153e+01 8.999999999999999320e-03
5.350297000000020489e+04 1.650199999999999889e+01 1.000000000000000021e-02
5.350397999999998137e+04 1.651800000000000068e+01 7.000000000000000146e-03
5.350599000000022352e+04 1.656299999999999883e+01 1.099999999999999936e-02
5.350700000000000000e+04 1.667200000000000060e+01 5.000000000000000278e-02
5.350814999999990687e+04 1.666000000000000014e+01 1.200000000000000025e-02
5.350897000000020489e+04 1.668100000000000094e+01 8.999999999999999320e-03
5.351002000000001863e+04 1.670100000000000051e+01 2.000000000000000042e-02
5.351097999999998137e+04 1.678699999999999903e+01 1.000000000000000021e-02
5.351214999999990687e+04 1.685399999999999920e+01 1.000000000000000021e-02
5.351295999999996275e+04 1.691000000000000014e+01 1.099999999999999936e-02
5.351595999999996275e+04 1.710399999999999920e+01 8.999999999999999320e-03
5.351695000000018626e+04 1.717800000000000082e+01 1.000000000000000021e-02
5.351995999999996275e+04 1.743499999999999872e+01 1.200000000000000025e-02
5.352095000000018626e+04 1.750600000000000023e+01 1.400000000000000029e-02
5.352195000000018626e+04 1.757900000000000063e+01 1.600000000000000033e-02
5.352297000000020489e+04 1.768499999999999872e+01 1.600000000000000033e-02
5.352395999999996275e+04 1.774599999999999866e+01 1.299999999999999940e-02
5.352495000000018626e+04 1.778699999999999903e+01 2.699999999999999969e-02
5.352595000000018626e+04 1.792200000000000060e+01 1.700000000000000122e-02
5.352700000000000000e+04 1.800100000000000122e+01 1.400000000000000029e-02
5.352797000000020489e+04 1.808599999999999852e+01 1.200000000000000025e-02
5.352899000000022352e+04 1.814999999999999858e+01 1.400000000000000029e-02
5.352997999999998137e+04 1.820499999999999829e+01 1.700000000000000122e-02
5.353797999999998137e+04 1.853600000000000136e+01 1.499999999999999944e-02
5.353895999999996275e+04 1.858599999999999852e+01 1.899999999999999953e-02
5.354195999999996275e+04 1.866000000000000014e+01 2.000000000000000042e-02
5.356497999999998137e+04 1.956899999999999906e+01 2.599999999999999881e-02
5.356897999999998137e+04 1.975000000000000000e+01 4.399999999999999745e-02
