5.346716999999992549e+04 1.822100000000000009e+01 8.000000000000000167e-03
5.346808999999985099e+04 1.810500000000000043e+01 8.000000000000000167e-03
5.347208999999985099e+04 1.776500000000000057e+01 7.000000000000000146e-03
5.347310000000009313e+04 1.772500000000000142e+01 8.000000000000000167e-03
5.347406000000005588e+04 1.769399999999999906e+01 8.000000000000000167e-03
5.347514000000013039e+04 1.767999999999999972e+01 8.999999999999999320e-03
5.347606000000005588e+04 1.771499999999999986e+01 8.999999999999999320e-03
5.347706000000005588e+04 1.775199999999999889e+01 1.000000000000000021e-02
5.347808000000007451e+04 1.778999999999999915e+01 8.999999999999999320e-03
5.347902000000001863e+04 1.777700000000000102e+01 1.000000000000000021e-02
5.348004000000003725e+04 1.776999999999999957e+01 1.099999999999999936e-02
5.348102000000001863e+04 nan nan
5.348202999999979511e+04 1.770799999999999841e+01 2.400000000000000050e-02
5.348304000000003725e+04 1.762800000000000011e+01 1.099999999999999936e-02
5.348410000000009313e+04 1.758699999999999974e+01 1.299999999999999940e-02
5.348902000000001863e+04 1.714300000000000068e+01 6.000000000000000125e-03
5.349000999999977648e+04 1.703000000000000114e+01 7.000000000000000146e-03
5.349099000000022352e+04 1.692699999999999960e+01 1.000000000000000021e-02
5.349302000000001863e+04 1.680099999999999838e+01 2.400000000000000050e-02
5.349504000000003725e+04 1.674399999999999977e+01 8.000000000000000167e-03
5.349604999999981374e+04 1.671600000000000108e+01 1.000000000000000021e-02
5.349697000000020489e+04 1.669399999999999906e+01 8.000000000000000167e-03
5.349895999999996275e+04 1.671999999999999886e+01 8.999999999999999320e-03
5.349997000000020489e+04 1.673400000000000176e+01 1.099999999999999936e-02
5.350095999999996275e+04 1.678099999999999881e+01 8.999999999999999320e-03
5.350197000000020489e+04 1.681800000000000139e+01 1.000000000000000021e-02
5.350297000000020489e+04 1.686199999999999832e+01 8.999999999999999320e-03
5.350397999999998137e+04 1.691600000000000037e+01 8.999999999999999320e-03
5.350599000000022352e+04 1.702599999999999980e+01 1.600000000000000033e-02
5.350700000000000000e+04 1.705300000000000082e+01 6.199999999999999956e-02
5.350814999999990687e+04 1.715500000000000114e+01 1.400000000000000029e-02
5.350897000000020489e+04 1.722700000000000031e+01 1.000000000000000021e-02
5.351002000000001863e+04 1.725900000000000034e+01 2.599999999999999881e-02
5.351097999999998137e+04 1.739099999999999824e+01 1.099999999999999936e-02
5.351214999999990687e+04 1.753699999999999903e+01 1.600000000000000033e-02
5.351295999999996275e+04 1.754500000000000171e+01 1.200000000000000025e-02
5.351595999999996275e+04 1.784499999999999886e+01 1.000000000000000021e-02
5.351695000000018626e+04 1.795700000000000074e+01 1.299999999999999940e-02
5.351995999999996275e+04 1.829100000000000037e+01 1.400000000000000029e-02
5.352095000000018626e+04 1.835600000000000165e+01 1.400000000000000029e-02
5.352195000000018626e+04 1.842200000000000060e+01 2.500000000000000139e-02
5.352297000000020489e+04 1.857499999999999929e+01 1.700000000000000122e-02
5.352395999999996275e+04 1.869000000000000128e+01 1.799999999999999864e-02
5.352495000000018626e+04 1.875700000000000145e+01 3.400000000000000244e-02
5.352595000000018626e+04 1.891600000000000037e+01 4.499999999999999833e-02
5.352700000000000000e+04 1.895499999999999829e+01 1.600000000000000033e-02
5.352797000000020489e+04 1.900000000000000000e+01 1.400000000000000029e-02
5.352899000000022352e+04 1.909600000000000009e+01 1.600000000000000033e-02
5.352997999999998137e+04 1.916600000000000037e+01 1.600000000000000033e-02
5.353797999999998137e+04 1.954500000000000171e+01 4.100000000000000172e-02
5.353895999999996275e+04 nan nan
5.354195999999996275e+04 nan nan
5.356497999999998137e+04 2.048600000000000065e+01 6.400000000000000133e-02
5.356897999999998137e+04 2.073999999999999844e+01 1.499999999999999944e-01
