53467.170 18.650
53468.090 18.440
53472.090 17.987
53473.100 17.925
53474.060 17.934
53475.140 18.002
53476.060 18.101
53477.060 18.247
53478.080 18.346
53479.020 18.439
53480.040 18.529
53481.020 18.574
53482.030 18.578
53483.040 18.460
53484.100 18.334
53489.020 17.874
53490.990 17.496
53493.020 17.258
53495.040 17.165
53496.050 17.144
53496.970 17.113
53498.960 17.110
53499.970 17.144
53500.960 17.215
53501.970 17.276
53502.970 17.361
53503.980 17.422
53505.990 17.611
53512.150 18.295
53515.960 18.654
53516.950 18.772
53519.960 19.238
53520.950 19.319
53528.990 20.202
53529.980 20.182
