5.346716999999992549e+04 1.819999999999999929e+01 1.000000000000000021e-02
5.346808999999985099e+04 1.809499999999999886e+01 8.999999999999999320e-03
5.347208999999985099e+04 1.770599999999999952e+01 8.999999999999999320e-03
5.347310000000009313e+04 1.764099999999999824e+01 8.999999999999999320e-03
5.347406000000005588e+04 1.758299999999999841e+01 8.999999999999999320e-03
5.347606000000005588e+04 1.751300000000000168e+01 1.299999999999999940e-02
5.347706000000005588e+04 1.746300000000000097e+01 1.099999999999999936e-02
5.347808000000007451e+04 1.742999999999999972e+01 1.200000000000000025e-02
5.347902000000001863e+04 1.734799999999999898e+01 1.200000000000000025e-02
5.348004000000003725e+04 1.730600000000000094e+01 8.999999999999999320e-03
5.348102000000001863e+04 1.727299999999999969e+01 8.999999999999999320e-03
5.348202999999979511e+04 1.716199999999999903e+01 2.400000000000000050e-02
5.348304000000003725e+04 1.715099999999999980e+01 1.000000000000000021e-02
5.348410000000009313e+04 1.710699999999999932e+01 1.099999999999999936e-02
5.348902000000001863e+04 1.678399999999999892e+01 7.000000000000000146e-03
5.349000999999977648e+04 1.671499999999999986e+01 1.000000000000000021e-02
5.349099000000022352e+04 1.668199999999999861e+01 1.400000000000000029e-02
5.350700000000000000e+04 1.639499999999999957e+01 2.299999999999999961e-02
5.350814999999990687e+04 1.638500000000000156e+01 1.099999999999999936e-02
5.350897000000020489e+04 1.641400000000000148e+01 8.999999999999999320e-03
5.351002000000001863e+04 1.649599999999999866e+01 3.799999999999999906e-02
5.351097999999998137e+04 1.647800000000000153e+01 1.099999999999999936e-02
5.351214999999990687e+04 1.647299999999999898e+01 8.999999999999999320e-03
5.351295999999996275e+04 1.650600000000000023e+01 8.999999999999999320e-03
5.352195000000018626e+04 1.694200000000000017e+01 1.299999999999999940e-02
5.352297000000020489e+04 1.702899999999999991e+01 1.200000000000000025e-02
5.352395999999996275e+04 1.707700000000000173e+01 2.900000000000000147e-02
5.352495000000018626e+04 1.714600000000000080e+01 1.299999999999999940e-02
5.352595000000018626e+04 1.722200000000000131e+01 1.299999999999999940e-02
5.352700000000000000e+04 1.732900000000000063e+01 1.499999999999999944e-02
5.356497999999998137e+04 1.838599999999999923e+01 1.179999999999999938e-01
