53481.154 16.768 0.018
53481.640 16.564 0.100
53482.142 16.794 0.030
53482.640 16.524 0.051
53485.154 16.615 0.024
53485.640 16.374 0.079
53486.147 16.605 0.041
53486.640 16.348 0.057
53487.145 16.439 0.020
53487.640 16.333 0.086
53488.146 16.408 0.019
53488.640 16.235 0.099
53489.136 16.285 0.020
53489.630 16.186 0.063
53490.130 16.346 0.010
53490.620 16.098 0.079
53492.140 16.175 0.016
53492.630 15.964 0.053
53493.141 16.114 0.011
53493.630 15.969 0.035
53493.730 15.966 0.064
53494.126 16.084 0.009
53494.630 15.946 0.048
53494.690 15.890 0.074
53495.166 16.080 0.050
53495.650 16.007 0.054
53495.730 15.812 0.066
53497.153 16.035 0.012
53497.640 15.883 0.017
53497.720 15.838 0.027
53498.132 16.009 0.016
53498.620 15.828 0.165
53498.690 15.846 0.044
53499.227 15.922 0.018
53499.640 15.797 0.037
53499.720 15.807 0.166
53500.143 15.953 0.021
53500.640 15.821 0.053
53501.140 15.913 0.012
53501.630 15.752 0.055
53502.131 15.920 0.012
53502.620 15.780 0.107
53503.131 15.942 0.014
53503.620 15.761 0.125
53509.141 15.898 0.014
53509.630 15.731 0.086
53513.140 16.074 0.022
53513.630 15.815 0.034
53515.141 16.020 0.017
53515.630 15.784 0.052
53516.145 15.968 0.018
53516.630 15.813 0.054
53525.147 16.427 0.175
53525.640 16.170 0.290
