53467.170 18.055 0.006
53468.090 17.967 0.008
53471.230 17.780 0.050
53472.090 17.621 0.008
53472.240 17.720 0.040
53473.100 17.574 0.008
53473.200 17.660 0.040
53474.060 17.503 0.008
53474.200 17.600 0.040
53475.140 17.469 0.008
53476.060 17.443 0.011
53476.210 17.510 0.050
53477.060 17.407 0.009
53477.190 17.450 0.040
53478.080 17.376 0.011
53478.160 17.440 0.050
53479.020 17.304 0.013
53480.040 17.285 0.009
53481.020 17.222 0.009
53482.030 17.142 0.027
53482.190 17.220 0.040
53483.040 17.122 0.009
53483.270 17.260 0.130
53484.100 17.074 0.010
53485.190 17.090 0.040
53486.210 17.000 0.040
53489.020 16.735 0.006
53490.010 16.652 0.009
53490.250 16.680 0.040
53490.990 16.590 0.011
53492.170 16.600 0.040
53493.140 16.540 0.040
53494.150 16.510 0.040
53495.140 16.470 0.040
53496.130 16.450 0.040
53497.150 16.430 0.040
53498.140 16.430 0.040
53499.130 16.420 0.040
53501.160 16.470 0.060
53502.180 16.460 0.040
53503.180 16.430 0.040
53507.000 16.407 0.039
53508.150 16.493 0.009
53508.970 16.492 0.008
53509.160 16.490 0.050
53510.020 16.525 0.020
53510.150 16.600 0.040
53510.980 16.567 0.010
53511.150 16.630 0.050
53512.150 16.601 0.009
53512.150 16.650 0.050
53512.960 16.641 0.008
53513.160 16.670 0.050
53516.160 16.810 0.040
53521.950 17.215 0.013
53522.160 17.170 0.050
53522.970 17.303 0.011
53523.960 17.381 0.019
53524.140 17.340 0.050
53524.950 17.438 0.011
53525.950 17.486 0.011
53526.150 17.420 0.040
53527.000 17.560 0.013
