53481.640 16.441 0.111
53482.640 16.369 0.131
53486.640 16.192 0.069
53488.640 15.975 0.100
53489.630 16.045 0.131
53490.620 16.006 0.076
53492.630 15.867 0.089
53493.630 15.788 0.118
53493.730 15.870 0.088
53494.630 15.876 0.056
53494.690 15.875 0.137
53495.650 15.910 0.140
53497.640 15.736 0.096
53497.720 15.630 0.098
53498.620 15.746 0.129
53498.690 15.627 0.149
53499.640 15.647 0.108
53499.720 15.610 0.098
53500.640 15.820 0.238
53501.630 15.480 0.101
53502.620 15.666 0.067
53504.620 15.535 0.185
53509.630 15.463 0.112
53513.630 15.774 0.120
53515.630 15.603 0.078
53516.630 15.610 0.105
53525.640 15.740 0.085
