53481.154 16.844 0.082
53481.640 16.225 0.260
53482.142 16.742 0.092
53482.640 16.334 0.057
53485.154 16.591 0.071
53485.640 16.190 0.061
53486.147 16.502 0.067
53486.640 16.315 0.147
53487.145 16.354 0.048
53487.640 16.074 0.108
53488.146 16.272 0.049
53488.640 16.001 0.293
53489.136 16.231 0.055
53490.130 16.247 0.050
53490.620 15.908 0.161
53492.140 16.275 0.055
53492.630 15.964 0.142
53493.141 16.188 0.023
53493.630 15.903 0.099
53493.730 15.915 0.238
53494.126 16.154 0.027
53494.630 15.819 0.055
53494.690 15.750 0.148
53495.166 15.895 0.039
53495.660 16.077 0.047
53495.730 16.215 0.150
53497.153 15.903 0.039
53497.720 15.702 0.096
53498.132 16.013 0.030
53498.620 15.357 0.183
53498.690 15.732 0.080
53499.227 15.899 0.048
53499.640 15.759 0.042
53499.720 15.639 0.177
53500.143 15.967 0.050
53500.640 15.674 0.068
53501.140 15.995 0.033
53501.630 15.699 0.221
53502.131 15.872 0.038
53502.620 15.538 0.428
53503.131 15.735 0.175
53503.620 15.523 0.179
53509.141 15.778 0.250
53509.630 15.509 0.337
53513.140 15.710 0.053
53513.630 15.500 0.091
53515.141 15.940 0.061
53515.630 15.540 0.177
53516.145 15.902 0.037
53516.630 15.742 0.060
53525.147 16.289 0.054
