5.346716999999992549e+04 1.805999999999999872e+01 6.000000000000000125e-03
5.346808999999985099e+04 1.794800000000000040e+01 8.000000000000000167e-03
5.347208999999985099e+04 1.761199999999999832e+01 7.000000000000000146e-03
5.347310000000009313e+04 1.755499999999999972e+01 8.000000000000000167e-03
5.347406000000005588e+04 1.752100000000000080e+01 6.000000000000000125e-03
5.347514000000013039e+04 1.752299999999999969e+01 7.000000000000000146e-03
5.347606000000005588e+04 1.753900000000000148e+01 8.999999999999999320e-03
5.347706000000005588e+04 1.756299999999999883e+01 1.000000000000000021e-02
5.347808000000007451e+04 1.757900000000000063e+01 8.999999999999999320e-03
5.347902000000001863e+04 1.755900000000000105e+01 1.400000000000000029e-02
5.348004000000003725e+04 1.754100000000000037e+01 8.999999999999999320e-03
5.348102000000001863e+04 1.750799999999999912e+01 1.000000000000000021e-02
5.348202999999979511e+04 1.746099999999999852e+01 3.099999999999999978e-02
5.348304000000003725e+04 1.738800000000000168e+01 8.999999999999999320e-03
5.348410000000009313e+04 1.733099999999999952e+01 1.099999999999999936e-02
5.348902000000001863e+04 1.693499999999999872e+01 6.000000000000000125e-03
5.349000999999977648e+04 1.681299999999999883e+01 7.000000000000000146e-03
5.349099000000022352e+04 1.672500000000000142e+01 8.999999999999999320e-03
5.349302000000001863e+04 1.658699999999999974e+01 1.899999999999999953e-02
5.349504000000003725e+04 1.655999999999999872e+01 6.000000000000000125e-03
5.349604999999981374e+04 1.650400000000000134e+01 8.999999999999999320e-03
5.349697000000020489e+04 1.650799999999999912e+01 6.000000000000000125e-03
5.349895999999996275e+04 1.650600000000000023e+01 8.000000000000000167e-03
5.349997000000020489e+04 1.653000000000000114e+01 8.999999999999999320e-03
5.350095999999996275e+04 1.656800000000000139e+01 7.000000000000000146e-03
5.350197000000020489e+04 1.659900000000000020e+01 7.000000000000000146e-03
5.350297000000020489e+04 1.663899999999999935e+01 7.000000000000000146e-03
5.350397999999998137e+04 1.667299999999999827e+01 6.000000000000000125e-03
5.350599000000022352e+04 1.676300000000000168e+01 7.000000000000000146e-03
5.351214999999990687e+04 1.714399999999999835e+01 1.499999999999999944e-02
5.351595999999996275e+04 1.744600000000000151e+01 1.499999999999999944e-02
5.351695000000018626e+04 1.753000000000000114e+01 2.999999999999999889e-02
5.351995999999996275e+04 1.784799999999999898e+01 1.200000000000000025e-02
5.352095000000018626e+04 1.788100000000000023e+01 1.700000000000000122e-02
5.352899000000022352e+04 1.863200000000000145e+01 1.099999999999999936e-02
5.352997999999998137e+04 1.867699999999999960e+01 1.499999999999999944e-02
