53467.170 18.200
53468.090 18.095
53471.230 17.930
53472.090 17.706
53472.240 17.830
53473.100 17.641
53473.200 17.770
53474.060 17.583
53474.200 17.720
53476.060 17.513
53476.210 17.620
53477.060 17.463
53477.190 17.610
53478.080 17.430
53478.160 17.540
53479.020 17.348
53480.040 17.306
53481.020 17.273
53482.030 17.162
53482.190 17.340
53483.040 17.151
53483.270 17.230
53484.100 17.107
53485.190 17.180
53486.210 17.120
53489.020 16.784
53490.010 16.715
53490.250 16.840
53490.990 16.682
53492.170 16.710
53493.140 16.680
53494.150 16.640
53495.140 16.500
53496.130 16.560
53497.150 16.530
53498.140 16.500
53499.130 16.500
53501.160 16.450
53502.180 16.460
53503.180 16.440
53507.000 16.395
53508.150 16.385
53508.970 16.414
53509.160 16.520
53510.020 16.496
53510.150 16.490
53510.980 16.478
53511.150 16.530
53512.150 16.473
53512.150 16.590
53512.960 16.506
53513.160 16.540
53516.160 16.700
53521.950 16.942
53522.160 17.060
53522.970 17.029
53523.960 17.077
53524.140 17.200
53524.950 17.146
53525.950 17.222
53526.150 17.280
53527.000 17.329
53564.980 18.386
