53471.237 17.772 0.030
53473.205 17.628 0.032
53473.218 17.655 0.025
53474.203 17.581 0.022
53474.216 17.585 0.031
53476.214 17.479 0.023
53477.191 17.460 0.021
53477.205 17.486 0.022
53478.165 17.421 0.026
53482.195 17.216 0.031
53482.208 17.226 0.021
53482.222 17.243 0.022
53482.235 17.295 0.027
53483.270 17.116 0.033
53485.191 17.058 0.022
53485.208 17.108 0.016
53490.250 16.731 0.022
53492.171 16.650 0.020
53492.188 16.624 0.018
53493.141 16.574 0.019
53493.158 16.582 0.018
53494.150 16.545 0.018
53494.167 16.555 0.018
53496.133 16.466 0.017
53496.158 16.451 0.019
53497.148 16.483 0.025
53497.166 16.518 0.030
53498.139 16.398 0.019
53498.156 16.413 0.018
53499.134 16.399 0.018
53499.151 16.424 0.019
53501.160 16.366 0.018
53502.182 16.360 0.017
53503.178 16.374 0.018
53508.170 16.389 0.080
53509.155 16.447 0.020
53510.152 16.434 0.018
53512.155 16.498 0.023
53513.157 16.496 0.018
53513.174 16.421 0.036
53524.148 17.172 0.025
53526.149 17.261 0.020
