53471.235 17.710 0.021
53473.203 17.605 0.021
53473.216 17.583 0.020
53474.201 17.553 0.018
53474.215 17.530 0.018
53476.212 17.469 0.020
53477.190 17.437 0.017
53477.203 17.440 0.017
53478.163 17.402 0.024
53482.193 17.198 0.022
53482.207 17.184 0.021
53482.220 17.206 0.023
53482.234 17.196 0.019
53483.268 17.098 0.035
53485.189 17.016 0.024
53485.207 17.013 0.021
53486.212 16.949 0.018
53490.248 16.640 0.017
53492.169 16.547 0.018
53492.186 16.529 0.018
53493.139 16.515 0.019
53493.156 16.498 0.018
53494.148 16.473 0.017
53495.164 16.426 0.018
53496.132 16.409 0.017
53496.156 16.396 0.018
53497.146 16.383 0.017
53497.164 16.385 0.018
53498.137 16.365 0.017
53498.154 16.369 0.017
53499.133 16.372 0.018
53499.150 16.372 0.018
53501.158 16.363 0.020
53502.180 16.384 0.019
53503.176 16.406 0.017
53508.169 16.435 0.055
53509.154 16.526 0.018
53509.173 16.503 0.022
53510.150 16.541 0.021
53511.154 16.573 0.019
53512.153 16.601 0.022
53513.155 16.697 0.021
53513.173 16.636 0.031
53516.158 16.833 0.017
53522.157 17.299 0.027
53522.157 17.215 0.022
53522.175 17.224 0.027
53524.146 17.368 0.022
53526.147 17.531 0.019
