53467.170 18.060
53468.090 17.948
53472.090 17.612
53473.100 17.555
53474.060 17.521
53475.140 17.523
53476.060 17.539
53477.060 17.563
53478.080 17.579
53479.020 17.559
53480.040 17.541
53481.020 17.508
53482.030 17.461
53483.040 17.388
53484.100 17.331
53489.020 16.935
53490.010 16.813
53490.990 16.725
53493.020 16.587
53495.040 16.560
53496.050 16.504
53496.970 16.508
53498.960 16.506
53499.970 16.530
53500.960 16.568
53501.970 16.599
53502.970 16.639
53503.980 16.673
53505.990 16.763
53512.150 17.144
53515.960 17.446
53516.950 17.530
53519.960 17.848
53520.950 17.881
53528.990 18.632
53529.980 18.677
