5.346716999999992549e+04 1.864999999999999858e+01 1.899999999999999953e-02
5.346808999999985099e+04 1.844000000000000128e+01 1.499999999999999944e-02
5.347208999999985099e+04 1.798699999999999832e+01 1.200000000000000025e-02
5.347310000000009313e+04 1.792500000000000071e+01 1.200000000000000025e-02
5.347406000000005588e+04 1.793400000000000105e+01 1.200000000000000025e-02
5.347514000000013039e+04 1.800199999999999889e+01 1.299999999999999940e-02
5.347606000000005588e+04 1.810099999999999909e+01 1.499999999999999944e-02
5.347706000000005588e+04 1.824699999999999989e+01 1.400000000000000029e-02
5.347808000000007451e+04 1.834600000000000009e+01 1.700000000000000122e-02
5.347902000000001863e+04 1.843900000000000006e+01 2.500000000000000139e-02
5.348004000000003725e+04 1.852899999999999991e+01 2.000000000000000042e-02
5.348102000000001863e+04 1.857400000000000162e+01 2.800000000000000058e-02
5.348202999999979511e+04 1.857799999999999940e+01 4.900000000000000189e-02
5.348304000000003725e+04 1.846000000000000085e+01 3.799999999999999906e-02
5.348410000000009313e+04 1.833399999999999963e+01 3.799999999999999906e-02
5.348902000000001863e+04 1.787399999999999878e+01 1.299999999999999940e-02
5.349000999999977648e+04 nan nan
5.349099000000022352e+04 1.749599999999999866e+01 1.299999999999999940e-02
5.349302000000001863e+04 1.725799999999999912e+01 3.400000000000000244e-02
5.349504000000003725e+04 1.716499999999999915e+01 1.400000000000000029e-02
5.349604999999981374e+04 1.714399999999999835e+01 1.899999999999999953e-02
5.349697000000020489e+04 1.711299999999999955e+01 1.299999999999999940e-02
5.349895999999996275e+04 1.710999999999999943e+01 1.299999999999999940e-02
5.349997000000020489e+04 1.714399999999999835e+01 1.400000000000000029e-02
5.350095999999996275e+04 1.721499999999999986e+01 1.600000000000000033e-02
5.350197000000020489e+04 1.727599999999999980e+01 1.400000000000000029e-02
5.350297000000020489e+04 1.736100000000000065e+01 1.299999999999999940e-02
5.350397999999998137e+04 1.742200000000000060e+01 1.600000000000000033e-02
5.350599000000022352e+04 1.761100000000000065e+01 1.499999999999999944e-02
5.350700000000000000e+04 nan nan
5.350814999999990687e+04 nan nan
5.350897000000020489e+04 nan nan
5.351002000000001863e+04 nan nan
5.351097999999998137e+04 nan nan
5.351214999999990687e+04 1.829500000000000171e+01 6.099999999999999867e-02
5.351295999999996275e+04 nan nan
5.351595999999996275e+04 1.865399999999999991e+01 2.199999999999999872e-02
5.351695000000018626e+04 1.877199999999999847e+01 6.400000000000000133e-02
5.351995999999996275e+04 1.923799999999999955e+01 3.599999999999999728e-02
5.352095000000018626e+04 1.931899999999999906e+01 4.299999999999999656e-02
5.352195000000018626e+04 nan nan
5.352297000000020489e+04 nan nan
5.352395999999996275e+04 nan nan
5.352495000000018626e+04 nan nan
5.352595000000018626e+04 nan nan
5.352700000000000000e+04 nan nan
5.352797000000020489e+04 nan nan
5.352899000000022352e+04 2.020200000000000173e+01 4.700000000000000011e-02
5.352997999999998137e+04 2.018199999999999861e+01 3.799999999999999906e-02
5.353797999999998137e+04 nan nan
5.353895999999996275e+04 nan nan
5.354195999999996275e+04 nan nan
5.356497999999998137e+04 nan nan
5.356897999999998137e+04 nan nan
