53471.230 17.250 0.080
53471.241 17.273 0.038
53472.240 17.190 0.070
53472.244 17.162 0.032
53473.200 17.130 0.070
53473.209 17.165 0.030
53473.222 17.195 0.033
53474.200 17.110 0.070
53474.207 17.173 0.032
53474.221 17.194 0.032
53476.210 17.300 0.080
53477.190 17.600 0.080
53477.196 17.523 0.040
53477.209 17.533 0.038
53478.160 17.600 0.140
53478.169 17.719 0.047
53482.190 17.620 0.140
53482.199 17.858 0.058
53482.213 17.835 0.064
53482.226 17.832 0.059
53483.270 17.530 0.130
53485.190 17.530 0.130
53485.216 17.514 0.122
53486.210 17.480 0.130
53486.218 17.523 0.102
53490.250 16.920 0.110
53490.254 16.916 0.038
53490.258 16.864 0.041
53492.170 16.600 0.070
53492.175 16.575 0.030
53492.179 16.627 0.030
53492.192 16.613 0.030
53492.196 16.624 0.030
53493.140 16.520 0.070
53493.145 16.549 0.028
53493.149 16.533 0.028
53493.162 16.537 0.030
53493.166 16.533 0.030
53494.150 16.450 0.060
53494.154 16.456 0.028
53494.158 16.432 0.028
53494.171 16.451 0.028
53494.175 16.442 0.030
53495.140 16.510 0.060
53495.153 16.588 0.036
53495.157 16.439 0.029
53495.170 16.507 0.032
53495.174 16.541 0.033
53496.130 16.360 0.060
53496.138 16.364 0.028
53496.162 16.380 0.029
53496.166 16.377 0.030
53497.150 16.330 0.060
53497.152 16.300 0.028
53497.156 16.297 0.029
53497.170 16.341 0.030
53497.174 16.343 0.028
53498.140 16.320 0.060
53498.147 16.321 0.029
53498.160 16.329 0.029
53498.164 16.335 0.030
53499.130 16.320 0.060
53499.138 16.329 0.031
53499.142 16.291 0.030
53499.156 16.355 0.029
53499.159 16.348 0.031
53501.160 16.460 0.070
53501.165 16.527 0.031
53501.169 16.539 0.031
53502.180 16.530 0.060
53502.187 16.556 0.028
53502.190 16.535 0.029
53503.180 16.590 0.070
53503.183 16.573 0.029
53503.186 16.576 0.029
53509.160 17.219 0.039
53509.160 17.080 0.120
53509.163 17.171 0.048
53509.179 17.177 0.052
53509.183 17.223 0.066
53510.150 17.090 0.150
53510.156 17.164 0.075
53510.160 17.315 0.058
53511.150 17.120 0.230
53511.160 17.270 0.049
53511.164 17.285 0.050
53512.150 17.420 0.250
53512.163 17.487 0.072
53513.160 17.430 0.450
53513.161 17.443 0.255
53513.165 17.438 0.189
53516.160 17.920 0.100
53516.164 18.180 0.053
53516.168 18.166 0.068
53520.167 18.744 0.093
53522.160 18.130 0.330
53522.170 18.684 0.123
53524.140 18.720 0.180
53524.156 18.845 0.090
53526.150 19.400 0.440
