53481.154 16.572 0.056
53482.142 16.522 0.080
53485.154 16.381 0.052
53486.147 16.404 0.063
53487.145 16.238 0.041
53488.146 16.272 0.046
53490.130 16.076 0.032
53492.140 16.028 0.175
53493.141 16.096 0.032
53494.126 16.013 0.031
53495.166 16.212 0.098
53497.153 15.830 0.026
53498.132 15.751 0.021
53499.227 15.868 0.036
53500.143 15.806 0.033
53501.140 15.635 0.027
53502.131 15.748 0.030
53503.131 15.779 0.035
53509.141 15.526 0.024
53513.140 15.943 0.073
53515.141 15.542 0.027
53516.145 15.713 0.034
53525.147 15.941 0.049
