53467.170 18.221
53468.090 18.105
53471.230 17.890
53471.245 17.804
53472.090 17.765
53472.240 17.780
53472.248 17.716
53473.100 17.725
53473.200 17.740
53473.213 17.681
53473.226 17.669
53474.060 17.694
53474.200 17.700
53474.211 17.647
53474.224 17.682
53475.140 17.680
53476.060 17.715
53476.210 17.770
53476.222 17.696
53477.060 17.752
53477.190 17.800
53477.199 17.761
53477.213 17.739
53478.080 17.790
53478.160 17.860
53479.020 17.777
53480.040 17.770
53482.030 17.708
53482.190 17.750
53483.040 17.628
53483.270 17.840
53484.100 17.587
53485.190 17.650
53486.210 17.460
53489.020 17.143
53490.010 17.030
53490.250 17.060
53490.251 16.982
53490.990 16.927
53492.170 16.910
53492.183 16.865
53492.200 16.861
53493.020 16.801
53493.140 16.840
53493.152 16.809
53493.170 16.799
53494.150 16.800
53494.162 16.786
53494.179 16.774
53495.040 16.744
53495.140 16.760
53495.160 16.736
53496.050 16.716
53496.130 16.780
53496.170 16.725
53496.970 16.694
53497.150 16.750
53497.160 16.703
53497.177 16.700
53498.140 16.730
53498.151 16.698
53498.168 16.709
53498.960 16.720
53499.130 16.750
53499.146 16.724
53499.163 16.721
53499.970 16.734
53500.960 16.781
53501.160 16.840
53501.970 16.818
53502.180 16.890
53502.970 16.862
53503.180 16.881
53503.180 16.890
53503.980 16.916
53505.990 17.026
53507.000 17.053
53508.150 17.155
53508.970 17.227
53509.160 17.300
53509.167 17.302
53510.020 17.259
53510.150 17.200
53510.164 17.322
53510.980 17.391
53511.150 17.620
53511.168 17.502
53512.150 17.460
53512.150 17.537
53512.167 17.530
53512.960 17.545
53513.160 17.650
53515.960 17.845
53516.160 17.900
53516.172 17.891
53516.950 17.957
53519.960 18.291
53520.950 18.356
53521.950 18.422
53522.160 18.520
53522.161 18.531
53522.970 18.575
53523.960 18.690
53524.140 18.700
53524.159 18.698
53524.950 18.757
53525.950 18.916
53526.150 19.010
53526.161 18.943
53527.000 18.955
53527.970 19.000
53528.990 19.096
53529.980 19.166
53537.980 19.545
53564.980 20.486
53568.980 20.740
