53467.170 18.026 0.009
53468.090 17.937 0.009
53471.230 17.710 0.050
53471.239 17.700 0.022
53472.090 17.614 0.007
53472.240 17.620 0.050
53472.241 17.619 0.018
53473.100 17.553 0.008
53473.200 17.570 0.040
53473.206 17.546 0.019
53473.220 17.579 0.019
53474.060 17.496 0.009
53474.200 17.540 0.040
53474.205 17.528 0.019
53474.218 17.526 0.017
53475.140 17.481 0.009
53476.060 17.471 0.011
53476.210 17.460 0.050
53476.216 17.430 0.019
53477.060 17.483 0.010
53477.190 17.490 0.040
53477.193 17.504 0.016
53477.206 17.498 0.020
53478.080 17.470 0.010
53478.160 17.510 0.060
53479.020 17.406 0.016
53480.040 17.376 0.010
53481.020 17.345 0.010
53482.030 17.278 0.022
53482.190 17.290 0.050
53482.196 17.326 0.023
53482.210 17.280 0.029
53482.224 17.228 0.019
53482.237 17.279 0.024
53483.040 17.222 0.011
53483.270 17.250 0.130
53483.272 17.230 0.040
53484.100 17.168 0.013
53485.190 17.070 0.050
53486.210 17.010 0.050
53486.216 17.005 0.019
53489.020 16.823 0.006
53490.010 16.737 0.008
53490.235 16.698 0.029
53490.246 16.693 0.016
53490.250 16.720 0.040
53490.990 16.646 0.011
53492.170 16.590 0.040
53492.173 16.579 0.017
53492.190 16.560 0.018
53493.020 16.529 0.020
53493.140 16.560 0.040
53493.142 16.532 0.018
53493.160 16.528 0.017
53494.150 16.530 0.040
53494.152 16.509 0.017
53494.169 16.503 0.017
53495.040 16.479 0.009
53495.140 16.500 0.050
53495.168 16.453 0.018
53496.050 16.465 0.009
53496.130 16.470 0.040
53496.135 16.446 0.017
53496.160 16.453 0.017
53496.970 16.440 0.007
53497.150 16.424 0.018
53497.150 16.450 0.040
53497.167 16.431 0.017
53498.140 16.450 0.040
53498.141 16.420 0.022
53498.158 16.419 0.017
53498.960 16.437 0.008
53499.130 16.450 0.040
53499.136 16.437 0.017
53499.153 16.412 0.018
53499.970 16.436 0.010
53500.960 16.462 0.008
53501.156 16.445 0.018
53501.160 16.540 0.060
53501.970 16.478 0.009
53502.177 16.467 0.017
53502.180 16.490 0.040
53502.970 16.502 0.010
53503.174 16.497 0.016
53503.180 16.520 0.040
53503.980 16.518 0.007
53505.990 16.563 0.011
53507.000 16.672 0.050
53508.150 16.660 0.012
53508.970 16.681 0.009
53509.157 16.697 0.017
53509.160 16.670 0.050
53509.177 16.659 0.019
53510.020 16.701 0.020
53510.150 16.760 0.050
53510.154 16.721 0.021
53510.980 16.787 0.010
53511.150 16.770 0.060
53511.158 16.754 0.022
53512.150 16.854 0.010
53512.150 16.880 0.050
53512.157 16.794 0.022
53512.960 16.910 0.011
53513.160 16.900 0.070
53515.960 17.104 0.009
53516.160 17.100 0.050
53516.162 17.090 0.017
53516.950 17.178 0.010
53519.960 17.435 0.012
53520.950 17.506 0.014
53521.950 17.579 0.016
53522.160 17.500 0.160
53522.970 17.685 0.016
53523.960 17.746 0.013
53524.140 17.700 0.050
53524.149 17.689 0.024
53524.950 17.787 0.027
53525.950 17.922 0.017
53526.150 17.860 0.050
53526.151 17.910 0.019
53527.000 18.001 0.014
53527.970 18.086 0.012
53528.990 18.150 0.014
53529.980 18.205 0.017
53537.980 18.536 0.015
53538.960 18.586 0.019
53541.960 18.660 0.020
53564.980 19.569 0.026
53568.980 19.750 0.044
