54021.718 13.342 0.041
54025.061 13.807 0.043
54027.171 14.082 0.046
54029.118 14.349 0.047
54031.356 14.670 0.063
54033.062 14.805 0.055
54036.061 15.286 0.083
54040.243 15.668 0.079
54043.188 15.952 0.092
54044.329 15.923 0.083
54048.090 16.218 0.088
54052.822 16.554 0.086
54056.642 16.730 0.088
54060.527 16.902 0.097
54063.570 16.927 0.090
54067.039 16.917 0.090
54071.052 17.306 0.097
54079.632 17.853 0.110
54085.150 18.193 0.117
54089.420 18.548 0.136
54093.542 18.994 0.167
54097.301 18.908 0.175
54101.554 20.011 0.298
54106.571 19.579 0.209
54115.692 20.008 0.286
54121.865 20.163 0.306
54126.690 20.387 0.358
54129.307 20.164 0.289
54131.473 20.382 999.000
54132.052 20.310 0.412
54134.401 20.237 999.000
54136.440 20.114 0.313
54139.484 20.685 0.471
54144.263 20.844 999.000
54146.737 20.873 999.000
54149.719 20.701 0.439
54153.705 20.396 0.358
54181.559 21.088 999.000
