54021.495 13.762 0.020
54028.464 14.247 0.028
54029.522 14.342 0.025
54031.474 14.503 0.024
54035.461 14.856 0.039
54040.429 15.126 0.043
54041.437 14.993 0.035
54042.419 15.128 0.037
54043.442 15.190 0.043
54044.420 15.253 0.047
54045.418 15.103 0.036
54046.409 15.480 0.052
54047.409 15.220 0.039
54048.414 15.265 0.050
54049.414 15.358 0.053
54050.431 15.318 0.098
54051.456 15.246 0.037
54053.437 15.313 0.039
54054.455 15.115 0.041
54055.450 15.115 0.034
54056.412 14.973 0.046
54057.401 15.013 0.056
54058.380 15.120 0.047
54059.371 15.002 0.032
54060.380 14.983 0.046
54061.378 14.920 0.030
54063.469 14.907 0.030
54064.360 14.820 0.027
54065.354 14.754 0.040
54069.345 14.604 0.026
54070.342 14.554 0.025
54071.334 14.491 0.025
54072.333 14.475 0.024
54074.326 14.393 0.026
54075.329 14.278 0.023
54076.320 14.248 0.022
54077.425 14.189 0.029
54078.351 14.127 0.020
54080.310 14.212 0.046
54081.315 14.064 0.024
54082.313 13.988 0.031
54083.302 14.026 0.022
54085.317 13.992 0.023
54086.301 13.959 0.020
54089.433 14.038 0.045
54090.284 13.959 0.019
54091.322 13.978 0.019
54092.352 14.043 0.031
54094.285 14.010 0.020
54095.276 14.038 0.018
54096.283 14.126 0.035
54099.328 14.138 0.019
54100.257 14.122 0.026
54101.263 14.147 0.043
54102.274 14.147 0.022
54103.272 14.295 0.041
54104.248 14.228 0.029
54105.251 14.240 0.023
54108.266 14.289 0.035
54109.236 14.228 0.036
54110.233 14.313 0.023
54115.222 14.420 0.033
54116.222 14.401 0.027
54117.234 14.403 0.034
54124.197 14.574 0.027
54128.225 14.671 0.028
54139.208 14.892 0.063
54140.226 14.947 0.036
54141.349 14.899 0.030
54147.248 14.938 0.035
54148.182 15.015 0.054
54149.164 14.946 0.175
54152.158 14.976 0.043
54153.200 15.157 0.038
54154.187 15.356 0.045
54156.180 15.286 0.041
54157.177 15.279 0.041
54158.156 15.346 0.049
54160.202 15.351 0.058
54161.192 15.287 0.049
54162.191 15.361 0.042
54163.189 15.322 0.045
54165.160 15.533 0.052
54168.265 15.364 0.042
54169.119 15.449 0.043
54170.290 15.636 0.053
54171.234 15.523 0.051
54172.131 15.563 0.066
54173.121 15.429 0.048
54174.128 15.618 0.056
54175.123 15.534 0.091
