54021.495 13.983 0.031
54028.464 14.454 0.043
54029.522 14.552 0.023
54031.474 14.773 0.041
54035.461 15.090 0.021
54040.429 15.650 0.039
54041.437 15.682 0.045
54042.419 15.621 0.036
54043.442 15.837 0.058
54044.420 15.692 0.046
54045.418 15.715 0.055
54046.409 15.961 0.046
54047.409 15.901 0.050
54048.414 15.848 0.066
54049.414 15.923 0.066
54050.431 15.936 0.043
54051.456 15.902 0.034
54053.437 15.698 0.031
54055.450 15.700 0.046
54056.412 15.753 0.047
54057.401 15.694 0.033
54058.380 15.683 0.047
54059.371 15.658 0.032
54060.380 15.658 0.052
54061.378 15.711 0.045
54063.469 15.569 0.058
54064.360 15.623 0.040
54065.354 15.597 0.034
54069.345 15.380 0.034
54070.342 15.293 0.024
54071.334 15.353 0.041
54072.333 15.202 0.019
54074.326 15.134 0.033
54075.329 15.142 0.040
54076.320 15.105 0.021
54077.425 15.067 0.023
54078.351 14.987 0.023
54080.310 14.826 0.039
54081.315 14.889 0.019
54082.313 14.821 0.031
54083.302 14.876 0.021
54085.317 14.823 0.026
54086.301 14.826 0.022
54089.433 14.871 0.019
54090.284 14.841 0.019
54091.322 14.839 0.026
54092.352 14.917 0.023
54094.285 14.910 0.014
54096.283 14.972 0.023
54099.328 15.040 0.022
54100.257 15.102 0.021
54101.263 15.136 0.025
54102.274 15.190 0.035
54104.248 15.238 0.019
54105.251 15.272 0.022
54108.266 15.399 0.039
54110.233 15.388 0.034
54115.222 15.526 0.029
54116.222 15.491 0.021
54117.234 15.594 0.025
54124.197 15.753 0.048
54128.225 15.888 0.038
54139.208 16.303 0.073
54140.226 16.149 0.056
54141.349 16.315 0.060
54147.248 16.259 0.038
54148.182 16.401 0.073
54149.164 16.646 0.056
54152.158 16.529 0.071
54153.200 16.639 0.073
54156.180 16.697 0.084
54157.177 16.613 0.066
54158.156 16.823 0.087
54160.202 16.826 0.071
54161.192 16.940 0.080
54162.191 16.772 0.093
54163.189 16.793 0.095
54165.160 17.011 0.117
54168.265 17.088 0.117
54169.119 16.990 0.124
54170.290 17.071 0.097
54171.234 17.260 0.099
54172.131 17.161 0.133
54173.121 17.143 0.134
54174.128 16.994 0.123
54175.123 17.094 0.128
