54021.743 12.989 0.040
54025.056 13.311 0.042
54027.164 13.496 0.043
54028.466 13.708 0.046
54029.113 13.763 0.044
54033.054 14.186 0.049
54036.058 14.577 0.063
54040.241 15.103 0.066
54043.054 15.405 0.074
54044.326 15.338 0.071
54048.088 15.596 0.076
54052.820 16.017 0.074
54056.675 16.130 0.076
54058.594 16.103 0.075
54060.526 16.329 0.086
54063.568 16.466 0.078
54067.035 16.550 0.079
54071.047 16.713 0.082
54079.626 17.249 0.092
54085.145 17.997 0.112
54089.417 18.616 0.153
54093.546 18.810 0.142
54097.306 18.960 0.172
54101.551 19.635 0.267
54106.567 19.659 0.247
54115.690 20.277 999.000
54121.877 20.576 999.000
54126.685 20.397 999.000
54129.301 20.524 999.000
54131.471 19.959 999.000
54132.046 19.975 999.000
54134.401 19.811 999.000
54136.436 20.331 999.000
54139.481 20.289 999.000
54144.259 20.460 999.000
54146.734 20.496 999.000
54149.711 20.485 999.000
54153.702 20.459 999.000
54163.021 20.766 999.000
54174.221 20.725 999.000
54175.827 20.721 999.000
54179.571 20.813 999.000
