54021.722 14.368 0.050
54025.063 14.587 0.054
54027.175 14.820 0.060
54029.120 15.136 0.059
54033.066 15.402 0.064
54040.244 16.046 0.071
54044.331 16.316 0.086
54048.092 16.569 0.106
54052.823 16.867 0.101
54056.643 17.019 0.107
54060.527 17.176 0.145
54063.572 17.252 0.113
54067.042 17.401 0.113
54071.055 17.676 0.128
54079.635 18.310 0.192
54085.153 19.048 0.271
54089.421 19.454 999.000
54093.543 19.851 0.354
54097.302 19.837 999.000
54101.556 19.577 999.000
54106.572 19.725 999.000
54115.693 19.637 999.000
54126.692 19.775 999.000
54129.310 19.901 999.000
54131.473 19.345 999.000
54132.056 19.367 999.000
54134.402 19.213 999.000
54136.441 19.603 999.000
54139.487 19.665 999.000
54144.264 19.843 999.000
54146.740 19.874 999.000
54149.723 19.865 999.000
54153.708 19.787 999.000
54186.507 20.051 999.000
