54021.745 13.016 0.040
54025.058 13.248 0.041
54027.166 13.391 0.041
54029.114 13.595 0.041
54033.056 13.994 0.043
54036.059 14.299 0.048
54040.242 14.694 0.048
54044.327 15.029 0.055
54048.089 15.315 0.065
54052.821 15.672 0.068
54056.641 15.834 0.069
54060.526 16.019 0.079
54063.569 16.178 0.072
54067.036 16.260 0.073
54071.049 16.499 0.076
54079.628 17.395 0.095
54085.146 18.328 0.133
54089.418 18.795 0.176
54093.547 19.355 0.186
54097.307 19.338 0.200
54101.552 19.962 0.374
54106.568 20.188 999.000
54115.690 20.133 999.000
54126.687 20.239 999.000
54129.303 20.365 999.000
54131.472 19.808 999.000
54132.048 19.847 999.000
54134.401 19.681 999.000
54136.437 20.176 999.000
54139.483 20.144 999.000
54144.260 20.304 999.000
54146.736 20.335 999.000
54149.713 20.326 999.000
54153.703 20.308 999.000
54186.513 20.509 999.000
