54021.725 13.154 0.042
54025.065 13.597 0.047
54027.178 13.838 0.050
54029.122 14.086 0.052
54033.067 14.729 0.094
54040.244 15.489 0.073
54044.332 15.741 0.081
54048.092 16.042 0.092
54052.823 16.488 0.090
54056.643 16.482 0.088
54060.528 16.699 0.140
54063.573 16.725 0.090
54067.044 16.836 0.092
54071.057 17.182 0.101
54079.637 17.878 0.130
54085.154 18.164 0.136
54089.423 18.697 0.188
54093.545 19.112 0.208
54097.304 19.853 999.000
54101.557 19.844 0.383
54106.574 20.052 0.387
54115.694 20.031 999.000
54121.871 20.339 999.000
54126.694 20.155 999.000
54129.312 20.355 999.000
54131.474 19.243 999.000
54132.058 19.810 999.000
54134.168 17.650 999.000
54136.876 19.979 999.000
54139.488 20.015 999.000
54144.266 20.291 999.000
54146.740 20.306 999.000
54149.726 20.316 999.000
54153.709 20.226 999.000
54186.273 20.528 999.000
