54026.400 14.690 0.010
54027.400 14.790 0.010
54029.400 15.000 0.010
54030.400 15.130 0.010
54031.400 15.270 0.000
54033.400 15.470 0.010
54034.400 15.570 0.010
54035.400 15.730 0.050
54036.400 15.760 0.010
54039.400 16.030 0.020
54040.400 16.100 0.010
54041.500 16.180 0.010
54042.400 16.230 0.010
54043.400 16.300 0.010
54044.400 16.390 0.010
54045.400 16.370 0.040
54047.400 16.540 0.020
54048.400 16.570 0.020
54052.400 16.790 0.020
54054.300 16.850 0.030
54055.300 16.900 0.020
54056.300 16.970 0.020
54057.300 17.010 0.040
54058.300 17.020 0.020
54059.300 17.080 0.020
54061.300 17.180 0.030
54063.300 17.280 0.060
54068.600 17.420 0.050
54071.300 17.580 0.040
54083.300 18.770 0.100
54084.300 18.740 0.040
54089.150 19.160 0.080
54090.300 19.310 0.060
54091.070 19.690 0.060
54091.300 19.390 0.060
54099.010 20.270 0.170
54100.200 20.380 0.170
54109.010 21.150 0.220
54114.200 21.600 0.280
54117.200 21.850 0.180
54137.940 22.930 0.380
54138.950 23.050 0.210
54142.880 23.460 0.410
54170.910 24.050 0.250
54181.070 24.370 0.450
