54021.502 14.360 0.020
54024.475 14.610 0.020
54025.429 14.710 0.010
54031.498 15.400 0.020
54036.513 15.920 0.020
54038.493 16.100 0.020
54040.514 16.270 0.020
54041.443 16.340 0.020
54043.477 16.490 0.020
54044.432 16.530 0.020
54044.460 16.530 0.020
54045.438 16.590 0.020
54046.474 16.630 0.020
54051.515 16.910 0.020
54053.464 17.020 0.020
54055.409 17.110 0.020
54056.481 17.160 0.020
54070.393 17.800 0.030
54071.476 17.880 0.020
54072.364 17.870 0.030
54073.503 17.930 0.040
54074.444 18.070 0.030
54075.437 18.170 0.030
54075.462 18.210 0.040
54076.474 18.220 0.030
54076.508 18.150 0.030
54080.454 18.670 0.030
54080.475 18.690 0.040
54083.519 19.030 0.040
54084.485 19.170 0.030
54086.332 19.330 0.050
54089.437 19.750 0.070
54089.495 19.860 0.080
54091.388 20.020 0.090
54094.453 20.740 0.190
54095.408 20.430 0.100
54100.345 20.900 0.250
54100.360 20.840 0.210
54102.409 21.440 0.510
54114.406 21.550 0.330
