54021.746 14.186 0.041
54025.059 14.392 0.043
54027.168 14.505 0.043
54029.115 14.697 0.044
54033.058 15.046 0.047
54036.059 15.332 0.053
54040.242 15.691 0.054
54044.328 16.087 0.065
54048.089 16.394 0.073
54052.821 16.663 0.070
54056.641 16.807 0.072
54060.527 17.010 0.086
54063.569 17.189 0.077
54067.037 17.309 0.077
54071.050 17.535 0.082
54079.629 18.636 0.129
54085.147 19.320 0.181
54089.418 19.590 0.222
54093.548 20.432 0.325
54097.309 20.415 0.361
54101.552 20.458 999.000
54106.569 20.589 999.000
54115.691 20.546 999.000
54126.688 20.638 999.000
54129.304 20.750 999.000
54131.472 20.239 999.000
54132.049 20.262 999.000
54134.401 20.111 999.000
54136.438 20.577 999.000
54139.483 20.547 999.000
54144.261 20.695 999.000
54146.736 20.725 999.000
54149.715 20.719 999.000
54153.704 20.694 999.000
54186.518 20.872 999.000
