54772.617 20.017 999.000
54796.369 20.211 999.000
55166.696 20.329 999.000
57652.732 13.698 0.090
57652.732 13.691 0.085
57653.074 14.847 0.077
57653.125 14.891 0.062
57653.141 15.022 0.084
57653.189 15.046 0.063
57653.215 15.183 0.180
57653.232 15.259 0.059
57653.256 15.245 0.065
57653.322 15.459 0.068
57653.389 15.655 0.072
57653.737 16.077 0.082
57653.737 16.040 0.075
57656.735 18.478 0.215
57657.851 18.184 0.185
57658.790 18.399 0.164
57659.491 18.489 0.175
57660.954 18.837 0.161
57661.573 18.716 0.149
57665.666 18.630 0.189
57667.624 18.639 0.133
57669.676 18.998 0.163
57671.219 19.078 0.172
57675.237 19.526 0.238
57678.395 19.645 0.287
57679.890 19.937 0.322
57681.581 19.755 0.330
57687.494 19.849 999.000
57690.807 19.951 999.000
57697.754 19.851 999.000
57704.363 19.988 999.000
57711.534 19.185 999.000
