57653.115 15.612
57653.116 15.631
57653.132 15.650
57653.329 15.728
57653.330 15.710
57653.827 16.189
57653.828 16.094
57654.081 16.313
57654.082 16.311
57654.206 16.307
57654.207 16.317
57654.382 16.586
57654.383 16.524
57654.397 16.424
57654.398 16.445
57655.197 16.684
57655.198 16.662
57655.237 16.556
57655.238 16.630
57655.821 16.489
57655.823 16.479
57655.967 16.537
57655.968 16.434
57656.028 16.481
57656.029 16.551
57656.054 16.508
57656.055 16.548
57656.927 16.283
57656.928 16.284
57657.013 16.216
57657.014 16.276
57657.089 16.271
57657.091 16.264
57657.093 16.237
57657.095 16.248
57671.431 14.955
57671.431 14.960
57671.441 14.924
57671.452 14.891
57671.462 14.932
57707.314 16.003
57707.324 15.929
57707.335 15.921
58008.467 20.327
58008.478 20.248
58008.498 20.372
