54589.377 20.624 999.000
54772.613 20.384 999.000
54796.367 20.543 999.000
57652.663 13.923 0.038
57652.728 14.039 0.045
57652.729 14.046 0.039
57652.795 14.227 0.046
57653.084 14.880 0.095
57653.117 14.984 0.090
57653.150 14.954 0.104
57653.733 16.306 0.079
57653.733 16.252 0.071
57656.732 18.557 0.235
57657.197 19.649 999.000
57657.608 18.691 0.168
57657.847 18.374 0.178
57658.785 18.546 0.174
57659.486 18.557 0.136
57660.947 18.579 0.144
57661.567 18.500 0.137
57665.661 18.383 0.129
57667.620 18.289 0.115
57669.671 18.532 0.128
57671.212 18.479 0.127
57675.235 18.723 0.150
57678.393 19.326 0.235
57679.886 19.479 0.225
57681.577 19.416 0.262
57683.367 19.582 999.000
57687.490 19.889 999.000
57690.804 19.994 999.000
57697.748 19.908 999.000
57704.359 20.057 999.000
57711.531 19.201 999.000
