57653.316 15.570 0.060
57654.324 16.230 0.080
57658.375 15.700 0.040
57659.445 15.580 0.040
57660.445 15.430 0.020
57661.402 15.220 0.020
57662.406 15.220 0.040
57663.336 15.140 0.040
57666.367 15.010 0.020
57667.375 14.980 0.020
57668.363 14.800 0.020
57668.375 14.920 0.080
57669.371 14.850 0.040
57671.422 14.770 0.060
57683.309 15.150 0.020
57687.301 15.350 0.020
57694.281 15.710 0.040
57697.301 15.680 0.020
57697.352 15.730 0.040
57701.258 15.870 0.040
57702.254 15.810 0.020
57703.289 15.910 0.080
57706.262 15.910 0.080
57710.262 16.060 0.040
57710.312 16.000 0.020
57744.152 16.560 0.020
57753.137 16.800 0.020
