57652.133 14.930 0.060
57653.316 15.320 0.100
57654.324 16.090 0.120
57658.375 15.700 0.060
57659.445 15.560 0.060
57660.445 15.420 0.040
57661.402 15.260 0.040
57662.406 15.190 0.060
57663.336 15.020 0.060
57666.367 14.940 0.040
57667.375 14.900 0.040
57668.363 14.740 0.020
57668.375 14.810 0.100
57669.371 14.720 0.080
57671.422 14.610 0.100
57683.309 14.920 0.020
57687.301 15.050 0.020
57694.281 15.290 0.040
57697.301 15.360 0.020
57697.352 15.420 0.060
57701.258 15.440 0.040
57703.289 15.470 0.080
57706.262 15.580 0.080
57710.262 15.620 0.040
57710.312 15.600 0.040
57744.152 16.040 0.020
57753.137 16.320 0.020
