57652.121 15.370
57653.128 15.700
57653.316 15.730
57653.395 16.010
57653.816 16.404
57653.817 16.443
57654.069 16.629
57654.071 16.574
57654.164 16.735
57654.166 16.714
57654.185 16.702
57654.186 16.723
57654.195 16.733
57654.196 16.712
57654.324 16.820
57654.371 16.836
57654.373 16.867
57654.384 16.876
57654.386 16.938
57654.818 17.003
57655.186 17.105
57655.187 17.123
57655.226 17.043
57655.227 17.097
57655.810 17.020
57655.812 16.858
57655.955 17.008
57655.957 17.039
57656.014 16.920
57656.016 16.944
57656.043 16.940
57656.044 17.020
57656.912 16.712
57656.914 16.739
57657.002 16.787
57657.003 16.640
57657.082 16.629
57658.375 16.470
57659.445 16.340
57660.445 16.210
57661.402 15.860
57662.406 15.920
57663.336 15.840
57666.367 15.630
57667.375 15.590
57668.363 15.390
57668.375 15.530
57669.371 15.460
57671.422 15.520
57683.309 16.720
57687.301 17.100
57694.281 17.460
57697.301 17.440
57697.352 17.580
57701.258 17.690
57702.254 17.510
57703.289 17.550
57706.262 17.830
57710.262 17.800
57710.312 17.570
57744.152 18.000
57753.137 18.090
