54772.609 19.895 999.000
54796.366 20.053 999.000
55163.440 20.082 999.000
57652.658 13.745 0.038
57652.724 13.865 0.039
57652.724 13.869 0.045
57652.791 13.964 0.041
57653.075 14.497 0.070
57653.126 14.789 0.065
57653.142 14.910 0.093
57653.191 14.819 0.064
57653.233 14.914 0.058
57653.258 14.940 0.066
57653.324 15.104 0.069
57653.391 15.167 0.093
57653.728 15.797 0.075
57653.728 15.759 0.067
57656.730 17.599 0.169
57657.843 17.446 0.133
57658.779 17.464 0.120
57659.480 17.443 0.093
57660.942 17.397 0.095
57661.563 17.217 0.089
57663.201 17.232 0.093
57665.656 17.006 0.082
57667.617 17.029 0.078
57669.667 17.124 0.080
57671.207 17.327 0.087
57675.232 17.718 0.105
57678.391 18.077 0.136
57679.882 18.409 0.141
57681.575 18.450 0.178
57683.364 18.794 0.182
57687.486 19.205 0.270
57690.801 19.329 0.269
57697.714 19.482 0.273
57704.354 19.202 0.230
57711.529 18.756 0.336
