54772.617 20.017
54796.369 20.211
55166.696 20.329
57652.732 13.698
57652.732 13.691
57653.074 14.847
57653.125 14.891
57653.141 15.022
57653.189 15.046
57653.215 15.183
57653.232 15.259
57653.256 15.245
57653.322 15.459
57653.389 15.655
57653.737 16.077
57653.737 16.040
57656.735 18.478
57657.851 18.184
57658.790 18.399
57659.491 18.489
57660.954 18.837
57661.573 18.716
57665.666 18.630
57667.624 18.639
57669.676 18.998
57671.219 19.078
57675.237 19.526
57678.395 19.645
57679.890 19.937
57681.581 19.755
57687.494 19.849
57690.807 19.951
57697.754 19.851
57704.363 19.988
57711.534 19.185
