57652.927 15.410 0.062
57652.928 15.479 0.068
57653.111 15.500 0.028
57653.130 15.610 0.030
57653.324 15.692 0.032
57653.325 15.717 0.031
57653.397 15.910 0.070
57653.821 16.379 0.027
57653.823 16.198 0.025
57654.075 16.418 0.024
57654.077 16.441 0.025
57654.170 16.391 0.025
57654.201 16.379 0.030
57654.202 16.423 0.027
57654.377 16.646 0.043
57654.378 16.665 0.047
57654.391 16.627 0.009
57654.393 16.624 0.008
57654.824 16.801 0.021
57654.825 16.794 0.023
57655.191 16.802 0.035
57655.193 16.786 0.030
57655.231 16.826 0.028
57655.233 16.803 0.025
57655.816 16.650 0.019
57655.817 16.711 0.025
57655.961 16.707 0.019
57655.963 16.692 0.022
57656.021 16.616 0.010
57656.023 16.640 0.010
57656.048 16.654 0.024
57656.050 16.623 0.025
57656.919 16.429 0.008
57656.921 16.420 0.008
57657.007 16.383 0.013
57657.009 16.371 0.015
57657.082 16.447 0.008
57657.084 16.429 0.008
57657.088 16.435 0.017
57657.089 16.427 0.019
