54772.609 19.895
54796.366 20.053
55163.440 20.082
57652.658 13.745
57652.724 13.865
57652.724 13.869
57652.791 13.964
57653.075 14.497
57653.126 14.789
57653.142 14.910
57653.191 14.819
57653.233 14.914
57653.258 14.940
57653.324 15.104
57653.391 15.167
57653.728 15.797
57653.728 15.759
57656.730 17.599
57657.843 17.446
57658.779 17.464
57659.480 17.443
57660.942 17.397
57661.563 17.217
57663.201 17.232
57665.656 17.006
57667.617 17.029
57669.667 17.124
57671.207 17.327
57675.232 17.718
57678.391 18.077
57679.882 18.409
57681.575 18.450
57683.364 18.794
57687.486 19.205
57690.801 19.329
57697.714 19.482
57704.354 19.202
57711.529 18.756
