54588.474 19.951 999.000
54772.610 19.635 999.000
54796.366 19.789 999.000
57652.659 13.956 0.033
57652.726 14.067 0.043
57652.726 14.031 0.034
57652.792 14.147 0.035
57653.729 15.338 0.056
57653.729 15.437 0.069
57656.591 16.707 0.080
57656.730 16.754 0.129
57657.844 16.536 0.103
57658.781 16.580 0.095
57659.482 16.342 0.074
57660.944 16.106 0.072
57661.564 15.961 0.070
57663.327 15.758 0.070
57665.657 15.458 0.064
57667.618 15.438 0.062
57669.668 15.565 0.063
57671.208 15.628 0.064
57675.233 16.157 0.071
57678.391 16.838 0.091
57679.883 17.206 0.093
57681.576 17.642 0.136
57683.366 17.843 0.128
57687.487 18.374 0.191
57690.802 18.238 0.160
57697.715 18.508 0.203
57704.356 18.389 0.166
57711.530 18.155 0.279
