57651.165 17.360 999.000
57651.191 19.400 999.000
57651.191 19.400 999.000
57651.191 19.400 999.000
57651.192 19.400 999.000
57651.192 19.400 999.000
57651.192 19.400 999.000
57651.193 19.400 999.000
57651.193 19.400 999.000
57651.193 19.400 999.000
57651.194 19.400 999.000
57651.194 19.400 999.000
57651.194 19.400 999.000
57651.194 19.400 999.000
57651.195 19.400 999.000
57651.195 19.400 999.000
57651.195 19.400 999.000
57651.196 19.400 999.000
57651.196 19.400 999.000
57651.196 19.400 999.000
57651.196 19.400 999.000
57651.197 19.400 999.000
57651.197 19.400 999.000
57651.197 19.400 999.000
57651.198 19.400 999.000
57651.198 19.400 999.000
57651.198 19.400 999.000
57651.199 19.400 999.000
57651.199 19.400 999.000
57651.199 19.400 999.000
57651.199 19.400 999.000
57651.200 19.400 999.000
57651.200 19.400 999.000
57651.200 19.400 999.000
57651.201 19.400 999.000
57651.202 19.400 999.000
57651.202 19.400 999.000
57651.202 19.400 999.000
57651.203 19.400 999.000
57651.203 19.400 999.000
57651.203 19.400 999.000
57651.203 19.400 999.000
57651.234 18.950 0.390
57651.234 19.550 0.360
57651.234 18.950 0.190
57651.235 19.110 0.130
57651.235 18.770 0.260
57651.235 19.650 0.380
57651.235 19.410 0.420
57651.236 19.010 0.310
57651.236 19.260 0.410
57651.236 19.140 0.330
57651.236 19.030 0.080
57651.236 19.020 0.130
57651.236 18.450 0.120
57651.237 19.400 0.390
57651.237 19.590 0.500
57651.237 19.170 0.240
57651.238 19.230 0.300
57651.238 18.980 0.120
57651.238 18.670 0.200
57651.238 19.020 0.290
57651.239 18.900 0.250
57651.239 18.590 0.260
57651.240 18.930 0.210
57651.240 18.750 0.120
57651.240 18.820 0.290
57651.240 19.200 0.280
57651.241 18.530 0.200
57651.241 19.050 0.290
57651.241 18.350 0.160
57651.241 19.010 0.230
57651.241 18.750 0.080
57651.242 18.520 0.150
57651.242 19.040 0.290
57651.242 18.820 0.070
57651.242 18.460 0.160
57651.242 19.880 0.490
57651.243 19.320 0.350
57651.243 18.790 0.100
57651.243 18.710 0.210
57651.243 18.830 0.220
57651.244 18.940 0.270
57651.244 19.010 0.200
57651.244 19.040 0.580
57651.244 18.790 0.150
57651.244 18.630 0.300
57651.245 18.580 0.200
57651.245 18.700 0.190
57651.246 18.390 0.140
57651.246 18.800 0.310
57651.246 18.460 0.080
57651.246 18.760 0.350
57651.246 18.110 0.150
57651.247 18.470 0.170
57651.247 18.430 0.180
57651.247 18.670 0.160
57651.248 18.600 0.090
57651.248 18.840 0.310
57651.248 18.550 0.150
57651.248 18.480 0.050
57651.248 18.430 0.150
57651.248 18.630 0.160
57651.249 18.350 0.140
57651.249 18.550 0.090
57651.249 18.620 0.170
57651.249 18.190 0.130
57651.250 19.170 0.310
57651.250 18.310 0.140
57651.250 18.430 0.180
57651.250 18.340 0.080
57651.251 18.230 0.140
57651.251 18.510 0.150
57651.251 18.320 0.140
57652.077 14.940 0.020
57652.099 14.930 0.010
57652.128 14.940 0.050
57652.140 14.890 0.020
57652.299 15.010 0.040
57652.313 14.950 0.030
57653.107 15.444 0.012
57653.108 15.440 0.008
57653.129 15.540 0.030
57653.288 15.730 0.050
57653.316 15.600 0.080
57653.321 15.611 0.012
57653.322 15.585 0.014
57653.396 15.840 0.060
57653.819 16.093 0.038
57653.820 16.287 0.034
57654.073 16.361 0.016
57654.074 16.382 0.018
57654.167 16.397 0.021
57654.168 16.422 0.020
57654.198 16.453 0.023
57654.199 16.461 0.018
57654.324 16.430 0.120
57654.374 16.546 0.021
57654.375 16.525 0.022
57654.388 16.620 0.015
57654.389 16.627 0.014
57654.821 16.573 0.024
57654.822 16.683 0.031
57655.189 16.709 0.018
57655.190 16.661 0.020
57655.229 16.657 0.018
57655.230 16.628 0.018
57655.813 16.494 0.047
57655.814 16.602 0.044
57655.959 16.449 0.040
57655.960 16.468 0.041
57656.018 16.479 0.014
57656.019 16.523 0.012
57656.046 16.535 0.044
57656.047 16.562 0.039
57656.916 16.287 0.009
57656.918 16.272 0.009
57657.005 16.219 0.017
57657.006 16.262 0.017
57657.080 16.303 0.009
57657.085 16.175 0.028
57657.086 16.243 0.028
57658.375 15.890 0.040
57659.445 15.800 0.040
57660.445 15.600 0.040
57661.402 15.330 0.020
57662.406 15.380 0.060
57663.336 15.240 0.060
57666.367 15.170 0.040
57667.375 15.070 0.040
57668.363 14.910 0.020
57668.375 14.960 0.120
57669.371 14.930 0.060
57671.422 14.930 0.100
57683.309 15.550 0.020
57687.301 15.910 0.020
57694.281 16.240 0.060
57697.301 16.200 0.020
57697.352 16.260 0.080
57701.258 16.400 0.060
57702.254 16.360 0.020
57703.289 16.490 0.140
57706.262 16.530 0.140
57710.262 16.550 0.060
57710.312 16.500 0.040
57744.152 17.000 0.020
57753.137 17.380 0.060
