54772.611 20.025 999.000
54796.367 20.159 999.000
57652.660 15.183 0.039
57652.727 15.306 0.049
57652.727 15.257 0.039
57652.793 15.315 0.040
57653.730 16.330 0.060
57653.730 16.398 0.071
57656.731 17.018 0.109
57657.845 16.688 0.085
57658.782 16.407 0.073
57659.483 16.308 0.063
57660.945 16.106 0.062
57661.565 15.995 0.061
57663.327 15.782 0.063
57665.658 15.550 0.054
57667.618 15.442 0.051
57669.669 15.624 0.057
57671.209 15.451 0.052
57675.233 15.735 0.058
57678.392 16.176 0.064
57679.884 16.400 0.063
57681.576 16.704 0.074
57683.367 16.897 0.074
57687.488 17.380 0.087
57690.802 17.537 0.087
57697.746 17.638 0.095
57704.357 17.855 0.095
57711.530 18.149 0.200
