54588.474 19.951
54772.610 19.635
54796.366 19.789
57652.659 13.956
57652.726 14.067
57652.726 14.031
57652.792 14.147
57653.729 15.338
57653.729 15.437
57656.591 16.707
57656.730 16.754
57657.844 16.536
57658.781 16.580
57659.482 16.342
57660.944 16.106
57661.564 15.961
57663.327 15.758
57665.657 15.458
57667.618 15.438
57669.668 15.565
57671.208 15.628
57675.233 16.157
57678.391 16.838
57679.883 17.206
57681.576 17.642
57683.366 17.843
57687.487 18.374
57690.802 18.238
57697.715 18.508
57704.356 18.389
57711.530 18.155
