54589.377 20.624
54772.613 20.384
54796.367 20.543
57652.663 13.923
57652.728 14.039
57652.729 14.046
57652.795 14.227
57653.084 14.880
57653.117 14.984
57653.150 14.954
57653.733 16.306
57653.733 16.252
57656.732 18.557
57657.197 19.649
57657.608 18.691
57657.847 18.374
57658.785 18.546
57659.486 18.557
57660.947 18.579
57661.567 18.500
57665.661 18.383
57667.620 18.289
57669.671 18.532
57671.212 18.479
57675.235 18.723
57678.393 19.326
57679.886 19.479
57681.577 19.416
57683.367 19.582
57687.490 19.889
57690.804 19.994
57697.748 19.908
57704.359 20.057
57711.531 19.201
