54772.616 19.014 999.000
54796.369 19.150 999.000
57652.665 15.127 0.064
57652.698 15.295 0.063
57652.731 15.295 0.061
57653.735 16.093 0.089
57653.735 15.990 0.075
57656.733 16.505 0.145
57657.849 16.060 0.102
57658.787 15.886 0.086
57659.488 15.775 0.068
57660.950 15.659 0.068
57661.570 15.496 0.065
57665.663 15.221 0.062
57667.622 15.089 0.058
57669.673 15.113 0.058
57671.214 14.989 0.058
57675.236 15.027 0.059
57678.394 15.325 0.065
57679.887 15.437 0.062
57681.579 15.611 0.072
57687.491 16.151 0.080
57690.806 16.318 0.080
57697.751 16.519 0.092
57704.361 16.692 0.088
57711.533 16.620 0.158
