57653.113 15.550
57653.114 15.550
57653.133 15.590
57653.327 15.685
57653.328 15.680
57653.400 15.850
57653.824 16.081
57653.825 16.162
57654.078 16.279
57654.079 16.154
57654.204 16.322
57654.205 16.317
57654.380 16.449
57654.381 16.442
57654.395 16.459
57654.396 16.444
57654.827 16.471
57655.194 16.502
57655.195 16.463
57655.235 16.519
57655.236 16.497
57655.819 16.340
57655.820 16.372
57655.964 16.376
57655.965 16.326
57656.025 16.251
57656.026 16.322
57656.051 16.319
57656.052 16.303
57656.923 16.084
57656.925 16.082
57657.011 16.051
57657.012 16.080
57657.086 16.024
57657.087 16.069
57657.091 16.089
57657.092 16.089
