53075.090 16.910 0.060
53079.100 17.050 0.050
53079.508 17.061 0.019
53081.492 17.114 0.016
53083.417 17.176 0.021
53085.435 17.234 0.021
53090.432 17.291 0.019
53090.448 17.335 0.020
53091.462 17.316 0.016
53091.480 17.328 0.017
53093.435 17.327 0.016
53101.010 17.300 0.060
53110.040 17.490 0.080
53110.479 17.469 0.016
53112.379 17.447 0.017
53115.040 17.420 0.140
53117.423 17.471 0.015
53121.393 17.541 0.017
53130.010 17.570 0.130
53145.347 17.743 0.017
53146.930 17.760 0.090
53174.350 18.038 0.021
53175.337 18.037 0.019
