53075.090 14.950 0.020
53079.100 15.150 0.030
53079.505 15.083 0.012
53081.490 15.149 0.015
53083.414 15.215 0.013
53085.432 15.275 0.013
53090.429 15.392 0.012
53090.445 15.395 0.013
53091.459 15.423 0.012
53091.477 15.419 0.012
53093.432 15.464 0.014
53101.010 15.630 0.030
53110.040 15.770 0.030
53110.476 15.774 0.014
53112.376 15.801 0.014
53115.040 15.850 0.060
53117.419 15.882 0.010
53119.930 16.060 0.150
53121.389 15.953 0.012
53130.010 16.030 0.060
53142.269 16.261 0.018
53145.343 16.314 0.012
53146.930 16.260 0.050
53157.950 16.500 0.040
53174.346 16.781 0.014
53175.333 16.791 0.013
53206.860 17.320 0.040
53219.860 17.350 0.070
53234.820 17.730 0.050
53248.810 17.760 0.120
