53075.090 14.510 0.030
53079.100 14.670 0.030
53079.507 14.593 0.016
53081.491 14.627 0.018
53083.415 14.722 0.017
53085.433 14.773 0.016
53090.430 14.887 0.015
53090.447 14.870 0.015
53091.461 14.871 0.018
53091.479 14.857 0.019
53093.434 14.864 0.020
53101.010 15.070 0.040
53110.040 15.270 0.030
53110.478 15.200 0.015
53112.377 15.195 0.018
53115.040 15.320 0.060
53117.421 15.287 0.015
53121.391 15.331 0.019
53130.010 15.570 0.060
53145.345 15.696 0.016
53146.930 15.750 0.060
53174.348 16.175 0.017
53175.335 16.198 0.017
