53075.090 15.520 0.020
53079.100 15.660 0.030
53079.503 15.705 0.011
53081.488 15.764 0.012
53083.412 15.842 0.012
53085.429 15.901 0.014
53090.427 16.020 0.012
53090.444 16.007 0.011
53091.457 16.031 0.014
53091.475 16.051 0.012
53093.431 16.054 0.012
53101.010 16.110 0.050
53110.040 16.290 0.030
53110.474 16.302 0.013
53112.373 16.313 0.013
53115.040 16.190 0.050
53117.416 16.383 0.011
53119.930 16.220 0.110
53121.387 16.417 0.015
53130.010 16.560 0.060
53142.267 16.677 0.019
53145.341 16.722 0.012
53146.930 16.730 0.070
53157.950 16.680 0.050
53174.344 17.120 0.015
53175.331 17.167 0.013
53206.860 17.730 0.080
53219.860 17.620 0.120
53234.820 18.580 0.130
