52727.744 13.581 0.050
52727.746 13.575 0.050
52727.749 13.602 0.050
52727.751 13.619 0.050
52727.753 13.623 0.050
52727.756 13.618 0.050
52727.758 13.641 0.050
52727.760 13.637 0.050
52727.762 13.657 0.051
52727.765 13.661 0.051
52727.767 13.688 0.051
52727.769 13.696 0.051
52727.771 13.704 0.051
52727.774 13.710 0.051
52727.776 13.739 0.051
52727.777 13.735 0.051
52727.779 13.736 0.051
52727.780 13.733 0.051
52727.782 13.747 0.051
52727.783 13.765 0.051
52727.785 13.760 0.051
52727.787 13.747 0.051
52727.788 13.767 0.051
52727.790 13.789 0.051
52727.791 13.773 0.051
52727.793 13.788 0.051
52727.794 13.820 0.051
52727.796 13.803 0.051
52727.798 13.820 0.051
52727.799 13.820 0.051
52727.801 13.823 0.051
52727.802 13.857 0.051
52727.804 13.839 0.051
52727.805 13.843 0.051
52727.807 13.833 0.051
52727.808 13.865 0.051
52727.810 13.855 0.051
52727.812 13.860 0.051
52727.813 13.863 0.051
52727.815 13.884 0.051
52727.816 13.878 0.051
52727.818 13.880 0.051
52727.819 13.893 0.051
52727.821 13.897 0.051
52727.822 13.897 0.051
52727.824 13.896 0.051
52727.826 13.918 0.051
52727.827 13.909 0.051
52727.829 13.922 0.051
52727.850 14.022 0.051
52727.852 14.046 0.051
52727.854 14.038 0.051
52727.855 14.044 0.051
52727.857 14.042 0.051
52727.858 14.025 0.051
52727.860 14.051 0.051
52727.861 14.061 0.051
52727.863 14.051 0.051
52727.864 14.064 0.051
52727.865 14.057 0.051
52727.867 14.093 0.051
52727.868 14.082 0.051
52727.869 14.084 0.051
52727.871 14.087 0.051
52727.872 14.071 0.051
52727.873 14.110 0.051
52727.875 14.118 0.051
52727.876 14.086 0.051
52727.878 14.126 0.051
52727.880 14.123 0.051
52727.881 14.132 0.051
52727.882 14.146 0.051
52727.884 14.109 0.051
52727.885 14.117 0.051
52727.886 14.109 0.051
52727.888 14.153 0.052
52727.889 14.136 0.051
52727.890 14.133 0.051
52727.892 14.130 0.051
52727.893 14.142 0.051
52727.894 14.162 0.052
52727.896 14.148 0.051
52727.897 14.173 0.052
52727.898 14.176 0.051
52727.900 14.171 0.052
52727.901 14.204 0.051
52727.902 14.184 0.051
52727.904 14.202 0.051
52727.905 14.205 0.051
52727.906 14.201 0.052
52727.908 14.208 0.051
52727.909 14.215 0.052
52727.910 14.213 0.052
52727.912 14.212 0.052
52727.913 14.210 0.051
52727.914 14.224 0.051
52727.916 14.229 0.051
52727.917 14.222 0.051
52727.918 14.218 0.051
52727.920 14.234 0.052
52727.921 14.235 0.051
52727.922 14.237 0.052
52727.924 14.234 0.051
52727.925 14.225 0.052
52727.928 14.215 0.052
52727.929 14.248 0.051
52727.930 14.273 0.051
52727.932 14.251 0.052
52727.933 14.270 0.051
52727.935 14.271 0.051
52727.936 14.265 0.051
52727.947 14.316 0.051
52727.948 14.315 0.052
52727.949 14.316 0.052
52727.951 14.332 0.051
52727.952 14.334 0.052
52727.953 14.328 0.052
52727.955 14.328 0.051
52727.956 14.346 0.052
52727.958 14.348 0.051
52727.961 14.348 0.051
52727.963 14.358 0.051
52727.965 14.368 0.051
52727.967 14.368 0.051
52727.970 14.391 0.051
52727.972 14.396 0.051
52727.974 14.396 0.051
52727.976 14.404 0.051
52727.979 14.400 0.051
52727.981 14.419 0.051
52727.983 14.418 0.051
52727.985 14.431 0.051
52727.988 14.437 0.051
52727.990 14.434 0.051
52727.992 14.461 0.051
52727.994 14.457 0.051
52727.997 14.456 0.051
52727.999 14.474 0.051
52728.001 14.474 0.051
52728.007 14.488 0.051
52728.009 14.500 0.051
52728.011 14.503 0.051
52728.013 14.514 0.051
52728.016 14.518 0.051
52728.018 14.521 0.051
52728.020 14.527 0.051
52728.022 14.552 0.051
52728.025 14.560 0.051
52728.027 14.559 0.051
52728.029 14.555 0.051
52728.031 14.576 0.051
52728.034 14.590 0.051
52728.036 14.575 0.051
52728.038 14.590 0.051
52728.040 14.563 0.051
52728.043 14.594 0.051
52728.045 14.596 0.051
52728.047 14.577 0.051
52728.049 14.603 0.051
52728.052 14.608 0.051
52728.054 14.615 0.051
52728.056 14.622 0.051
52728.058 14.625 0.051
52728.061 14.634 0.051
52728.063 14.648 0.051
52728.131 14.820 0.010
52728.142 14.845 0.010
52728.164 14.896 0.010
52728.180 14.937 0.010
52728.180 14.974 0.030
52728.190 14.980 0.054
52728.190 14.981 0.010
52728.200 14.995 0.030
52728.200 15.045 0.010
52728.210 15.053 0.010
52728.215 15.034 0.020
52728.218 15.074 0.054
52728.220 15.042 0.010
52728.232 15.103 0.010
52728.242 15.134 0.010
52728.253 15.173 0.010
52728.255 15.133 0.030
52728.263 15.182 0.010
52728.270 15.219 0.030
52728.273 15.225 0.010
52728.284 15.218 0.020
52728.286 15.243 0.054
52728.294 15.232 0.020
52728.304 15.287 0.010
52728.310 15.286 0.020
52728.315 15.331 0.010
52728.325 15.352 0.020
52728.328 15.300 0.030
52728.331 15.355 0.054
52728.336 15.380 0.010
52728.346 15.420 0.020
52728.349 15.402 0.020
52728.355 15.400 0.054
52728.356 15.411 0.020
52728.365 15.424 0.020
52728.367 15.407 0.020
52728.377 15.424 0.020
52728.381 15.471 0.020
52728.387 15.443 0.020
52728.389 15.496 0.054
52728.398 15.511 0.020
52728.400 15.534 0.020
52728.408 15.606 0.020
52728.416 15.571 0.040
52728.418 15.648 0.020
52728.429 15.648 0.020
52728.432 15.569 0.030
52728.438 15.634 0.060
52728.439 15.649 0.030
52728.466 15.683 0.055
52728.507 15.799 0.016
52728.509 15.791 0.016
52728.733 15.940 0.060
52728.783 15.978 0.060
52728.833 15.996 0.059
52728.883 16.011 0.059
52728.934 15.947 0.060
52728.985 15.812 0.060
52729.138 15.828 0.010
52729.171 15.839 0.054
52729.185 15.854 0.054
52729.217 15.880 0.054
52729.234 15.950 0.010
52729.234 15.912 0.054
52729.249 15.931 0.054
52729.277 15.963 0.054
52729.287 16.044 0.040
52729.292 15.985 0.054
52729.318 16.012 0.054
52729.332 16.087 0.010
52729.334 16.012 0.054
52729.349 16.059 0.070
52729.361 16.051 0.054
52729.365 16.051 0.054
52729.380 16.050 0.054
52729.396 16.066 0.054
52729.408 16.123 0.010
52729.411 16.089 0.054
52729.435 16.103 0.054
52729.443 16.131 0.060
52729.460 16.106 0.055
52729.475 16.144 0.057
52729.717 16.323 0.060
52729.778 16.314 0.061
52729.826 16.354 0.060
52729.880 16.403 0.060
52729.930 16.433 0.060
52729.979 16.478 0.060
52730.038 16.368 0.063
52730.166 16.391 0.054
52730.168 16.482 0.021
52730.182 16.377 0.054
52730.273 16.475 0.054
52730.285 16.502 0.054
52730.342 16.594 0.010
52730.345 16.505 0.055
52730.354 16.503 0.055
52730.362 16.510 0.055
52730.375 16.467 0.070
52730.403 16.585 0.056
52730.416 16.653 0.055
52730.428 16.631 0.058
52730.440 16.611 0.058
52730.453 16.681 0.020
52730.713 16.556 0.061
52730.856 16.551 0.061
52730.880 16.552 0.060
52730.921 16.617 0.075
52730.967 16.704 0.061
52731.114 16.821 0.030
52731.262 16.957 0.020
52731.281 16.979 0.020
52731.306 16.971 0.020
52731.325 17.014 0.020
52731.356 17.027 0.050
52731.715 17.258 0.079
52731.850 17.344 0.065
52731.898 17.326 0.065
52731.928 17.281 0.067
52732.137 17.363 0.020
52732.157 17.339 0.037
52733.121 17.312 0.033
52733.129 17.319 0.020
52733.205 17.369 0.020
52733.207 17.365 0.020
52734.078 17.830 0.020
52734.080 17.878 0.030
52734.130 17.903 0.039
52734.145 17.899 0.030
52734.365 17.968 0.030
52735.135 18.315 0.040
52735.138 18.207 0.045
52735.370 18.386 0.050
52736.132 18.473 0.040
52736.155 18.478 0.051
52736.158 18.364 0.069
52736.170 18.382 0.062
52736.231 18.404 0.066
52736.269 18.469 0.040
52736.289 18.348 0.078
52736.338 18.353 0.069
52736.352 18.520 0.075
52736.371 18.518 0.050
52736.408 18.235 0.081
52736.422 18.354 0.091
52737.084 18.623 0.057
52737.129 18.595 0.050
52737.145 18.521 0.078
52737.155 18.465 0.067
52737.223 18.522 0.061
52737.253 18.478 0.058
52737.255 18.527 0.040
52737.322 18.605 0.076
52737.336 18.605 0.091
52737.351 18.583 0.060
52737.420 18.864 0.134
52737.928 18.557 0.072
52738.106 18.747 0.062
52738.152 18.741 0.064
52738.165 18.741 0.050
52738.167 18.720 0.085
52738.225 18.698 0.060
52738.235 18.653 0.082
52738.298 18.759 0.058
52738.300 18.768 0.040
52738.308 18.679 0.072
52738.376 18.760 0.083
52738.395 18.712 0.076
52738.820 19.005 0.095
52738.864 18.979 0.090
52739.136 18.994 0.135
52739.137 18.964 0.084
52739.151 18.906 0.040
52739.159 19.028 0.073
52739.232 18.938 0.050
52739.328 18.985 0.060
52740.125 19.230 0.120
52749.250 19.694 0.103
52749.285 19.888 0.039
52749.314 19.762 0.160
52749.323 19.747 0.248
52750.997 19.801 0.192
52751.004 19.425 0.137
52759.278 19.913 0.132
52759.305 20.190 0.196
