52728.144 15.346
52728.164 15.394
52728.168 15.381
52728.183 15.369
52728.188 15.442
52728.193 15.434
52728.203 15.490
52728.204 15.458
52728.213 15.525
52728.223 15.557
52728.235 15.584
52728.243 15.599
52728.245 15.610
52728.255 15.630
52728.259 15.624
52728.266 15.643
52728.276 15.678
52728.287 15.715
52728.294 15.707
52728.297 15.758
52728.307 15.774
52728.317 15.814
52728.318 15.823
52728.328 15.775
52728.338 15.851
52728.338 15.850
52728.349 15.862
52728.354 15.993
52728.359 15.941
52728.370 15.936
52728.370 15.963
52728.380 15.982
52728.388 16.025
52728.390 16.059
52728.401 16.063
52728.404 16.086
52728.411 16.072
52728.420 16.087
52728.421 16.118
52728.432 16.155
52728.442 16.176
52729.124 16.415
52729.219 16.539
52729.269 16.546
52729.318 16.681
52729.393 16.771
52730.328 17.282
52730.439 17.329
52731.266 17.578
52731.285 17.610
52731.310 17.670
52731.330 17.704
52732.142 18.060
52733.134 18.011
52734.149 18.664
