52727.537 12.630
52727.538 12.624
52727.538 12.622
52727.539 12.628
52727.539 12.641
52727.539 12.651
52727.540 12.648
52727.540 12.646
52727.540 12.628
52727.540 12.664
52727.541 12.673
52727.541 12.667
52727.541 12.676
52727.542 12.682
52727.542 12.663
52727.542 12.691
52727.543 12.696
52727.543 12.721
52727.543 12.700
52727.543 12.696
52727.544 12.689
52727.544 12.713
52727.545 12.725
52727.545 12.714
52727.546 12.735
52727.546 12.746
52727.546 12.735
52727.546 12.760
52727.547 12.744
52727.547 12.744
52727.547 12.778
52727.548 12.783
52727.548 12.735
52727.548 12.771
52727.548 12.790
52727.549 12.779
52727.549 12.797
52727.550 12.808
52727.550 12.809
52727.550 12.834
52727.551 12.813
52727.551 12.827
52727.551 12.834
52727.551 12.824
52727.552 12.825
52727.552 12.861
52727.552 12.826
52727.553 12.817
52727.553 12.821
52727.553 12.826
52727.554 12.848
52727.554 12.840
52727.554 12.828
52727.555 12.839
52727.555 12.852
52727.556 12.882
52727.556 12.859
52727.557 12.891
52727.557 12.866
52727.557 12.852
52727.558 12.876
52727.558 12.876
52727.558 12.888
52727.559 12.884
52727.559 12.945
52727.559 12.900
52727.560 12.874
52727.560 12.895
52727.561 12.897
52727.561 12.896
52727.561 12.871
52727.562 12.924
52727.562 12.932
52727.563 12.907
52727.563 12.952
52727.563 12.935
52727.564 12.925
52727.564 12.925
52727.564 12.971
52727.565 12.960
52727.565 12.976
52727.565 12.959
52727.566 12.971
52727.566 12.964
52727.567 12.977
52727.567 13.011
52727.567 12.993
52727.568 12.994
52727.568 12.996
52727.569 13.010
52727.569 12.972
52727.570 13.014
52727.570 13.022
52727.570 12.999
52727.571 13.052
52727.572 13.039
52727.572 13.067
52727.572 13.057
52727.573 13.045
52727.573 13.031
52727.574 13.022
52727.574 13.060
52727.575 13.048
52727.575 13.054
52727.575 13.068
52727.576 13.066
52727.576 13.082
52727.577 13.068
52727.577 13.082
52727.578 13.096
52727.578 13.111
52727.579 13.113
52727.579 13.155
52727.580 13.118
52727.580 13.118
52727.581 13.120
52727.581 13.149
52727.581 13.127
52727.582 13.151
52727.582 13.142
52727.583 13.150
52727.583 13.171
52727.584 13.170
52727.584 13.160
52727.585 13.182
52727.585 13.155
52727.586 13.159
52727.586 13.224
52727.587 13.190
52727.587 13.169
52727.587 13.208
52727.588 13.178
52727.588 13.195
52727.589 13.195
52727.589 13.238
52727.590 13.226
52727.590 13.233
52727.591 13.183
52727.591 13.253
52727.592 13.226
52727.592 13.278
52727.593 13.248
52727.593 13.252
52727.594 13.272
52727.594 13.268
52727.595 13.244
52727.595 13.290
52727.596 13.240
52727.596 13.275
52727.597 13.292
52727.597 13.308
52727.598 13.325
52727.598 13.322
52727.599 13.351
52727.600 13.340
52727.600 13.305
52727.601 13.322
52727.601 13.284
52727.602 13.327
52727.602 13.299
52727.603 13.326
52727.603 13.333
52727.604 13.351
52727.604 13.346
52727.605 13.363
52727.606 13.387
52727.606 13.380
52727.607 13.376
52727.607 13.359
52727.608 13.405
52727.608 13.352
52727.609 13.421
52727.609 13.369
52727.610 13.353
52727.611 13.378
52727.611 13.446
52727.612 13.449
52727.612 13.390
52727.613 13.421
52727.614 13.427
52727.614 13.418
52727.615 13.402
52727.615 13.451
52727.616 13.413
52727.617 13.439
52727.617 13.480
52727.618 13.433
52727.618 13.456
52727.619 13.458
52727.620 13.451
52727.620 13.466
52727.621 13.495
52727.622 13.478
52727.622 13.509
52727.623 13.491
52727.623 13.520
52727.624 13.532
52727.625 13.538
52727.625 13.549
52727.626 13.521
52727.627 13.526
52727.627 13.539
52727.628 13.569
52727.629 13.497
52727.629 13.557
52727.630 13.574
52727.631 13.580
52727.631 13.550
52727.632 13.572
52727.633 13.592
52727.633 13.590
52727.634 13.588
52727.635 13.590
52727.636 13.589
52727.636 13.590
52727.637 13.600
52727.638 13.662
52727.638 13.615
52727.639 13.618
52727.640 13.627
52727.640 13.613
52727.641 13.646
52727.642 13.643
52727.643 13.647
52727.643 13.663
52727.644 13.685
52727.645 13.643
52727.646 13.639
52727.646 13.653
52727.647 13.660
52727.648 13.689
52727.649 13.669
52727.649 13.690
52727.650 13.688
52727.651 13.696
52727.652 13.675
52727.652 13.686
52727.653 13.717
52727.654 13.694
52727.655 13.692
52727.656 13.723
52727.656 13.721
52727.657 13.733
52727.658 13.732
52727.659 13.714
52727.660 13.726
52727.660 13.754
52727.661 13.703
52727.662 13.716
52727.663 13.719
52727.664 13.732
52727.664 13.735
52727.665 13.740
52727.666 13.704
52727.667 13.710
52727.668 13.747
52727.669 13.740
52727.670 13.733
52727.670 13.794
52727.671 13.799
52727.672 13.776
52727.673 13.768
52727.674 13.788
52727.675 13.797
52727.676 13.747
52727.676 13.810
52727.677 13.775
52727.678 13.788
52727.679 13.801
52727.680 13.802
52727.681 13.791
52727.682 13.801
52727.683 13.830
52727.684 13.788
52727.685 13.796
52727.686 13.825
52727.686 13.839
52727.687 13.857
52727.688 13.833
52727.689 13.831
52727.690 13.849
52727.691 13.833
52727.692 13.810
52727.693 13.898
52727.694 13.857
52727.695 13.826
52727.696 13.857
52727.697 13.896
52727.698 13.859
52727.699 13.844
52727.700 13.859
52727.701 13.846
52727.702 13.869
52727.703 13.883
52727.704 13.897
52727.705 13.881
52727.706 13.878
52727.707 13.890
52727.708 13.969
52727.709 13.944
52727.710 13.982
52727.711 13.944
52727.712 13.972
52727.713 13.917
52727.714 13.945
52727.715 14.015
52727.716 13.917
52727.718 13.926
52727.719 14.001
52727.720 13.977
52727.720 13.965
52727.721 14.043
52727.722 13.984
52727.723 13.933
52727.723 13.987
52727.724 13.999
52727.725 14.013
52727.726 14.021
52727.727 14.001
52727.727 13.961
52727.729 14.023
52727.730 14.034
52727.731 14.034
52727.732 14.069
52727.733 14.012
52727.734 14.011
52727.735 14.052
52727.737 14.017
52727.738 14.027
52727.739 14.059
52727.740 14.037
52727.741 14.077
52727.742 14.075
52727.742 14.078
52727.743 14.065
52727.744 14.042
52727.745 14.082
52727.745 14.061
52727.746 14.092
52727.746 14.070
52727.747 14.075
52727.747 14.075
52727.748 14.087
52727.749 14.096
52727.749 14.097
52727.750 14.079
52727.751 14.132
52727.752 14.096
52727.752 14.105
52727.753 14.122
52727.753 14.096
52727.754 14.105
52727.755 14.129
52727.756 14.135
52727.756 14.116
52727.757 14.099
52727.758 14.121
52727.761 14.140
52727.763 14.138
52727.765 14.159
52727.765 14.147
52727.767 14.176
52727.768 14.144
52727.770 14.183
52727.772 14.193
52727.774 14.217
52727.776 14.201
52727.778 14.211
52727.779 14.205
52727.779 14.246
52727.781 14.221
52727.782 14.249
52727.783 14.231
52727.784 14.234
52727.785 14.247
52727.786 14.230
52727.787 14.256
52727.789 14.272
52727.790 14.289
52727.792 14.272
52727.793 14.293
52727.795 14.292
52727.796 14.291
52727.798 14.294
52727.799 14.324
52727.801 14.328
52727.803 14.319
52727.804 14.314
52727.806 14.341
52727.807 14.355
52727.807 14.352
52727.809 14.349
52727.810 14.340
52727.811 14.359
52727.812 14.356
52727.814 14.388
52727.814 14.369
52727.815 14.385
52727.817 14.373
52727.817 14.374
52727.818 14.355
52727.820 14.383
52727.821 14.398
52727.823 14.380
52727.824 14.397
52727.824 14.412
52727.826 14.395
52727.827 14.419
52727.828 14.418
52727.831 14.419
52727.833 14.429
52727.836 14.459
52727.839 14.457
52727.842 14.476
52727.845 14.485
52727.849 14.515
52727.851 14.490
52727.852 14.522
52727.854 14.526
52727.855 14.509
52727.857 14.545
52727.857 14.517
52727.859 14.539
52727.860 14.527
52727.860 14.532
52727.862 14.538
52727.863 14.538
52727.863 14.577
52727.864 14.572
52727.866 14.561
52727.867 14.547
52727.867 14.556
52727.868 14.551
52727.869 14.566
52727.870 14.578
52727.871 14.572
52727.872 14.568
52727.872 14.550
52727.874 14.583
52727.875 14.601
52727.875 14.571
52727.876 14.614
52727.877 14.586
52727.878 14.616
52727.879 14.617
52727.880 14.572
52727.881 14.645
52727.883 14.597
52727.884 14.612
52727.885 14.626
52727.887 14.615
52727.888 14.627
52727.889 14.635
52727.890 14.636
52727.891 14.636
52727.892 14.649
52727.893 14.641
52727.893 14.660
52727.895 14.648
52727.896 14.663
52727.896 14.661
52727.897 14.649
52727.899 14.660
52727.899 14.643
52727.900 14.673
52727.901 14.661
52727.902 14.669
52727.903 14.664
52727.904 14.664
52727.904 14.685
52727.905 14.674
52727.907 14.688
52727.907 14.679
52727.908 14.704
52727.909 14.704
52727.910 14.698
52727.911 14.711
52727.912 14.684
52727.913 14.720
52727.915 14.707
52727.916 14.721
52727.917 14.708
52727.919 14.702
52727.920 14.713
52727.921 14.748
52727.921 14.723
52727.923 14.716
52727.924 14.733
52727.924 14.728
52727.925 14.721
52727.927 14.723
52727.927 14.740
52727.928 14.773
52727.929 14.743
52727.930 14.739
52727.931 14.745
52727.932 14.740
52727.933 14.743
52727.934 14.726
52727.935 14.751
52727.936 14.770
52727.939 14.771
52727.941 14.772
52727.946 14.808
52727.947 14.802
52727.948 14.801
52727.950 14.810
52727.951 14.801
52727.952 14.815
52727.953 14.810
52727.954 14.825
52727.955 14.838
52727.957 14.825
52727.959 14.842
52727.961 14.826
52727.963 14.855
52727.966 14.864
52727.968 14.857
52727.970 14.873
52727.972 14.882
52727.975 14.895
52727.977 14.901
52727.979 14.908
52727.981 14.917
52727.984 14.904
52727.986 14.919
52727.988 14.943
52727.990 14.928
52727.993 14.951
52727.995 14.957
52727.997 14.942
52727.999 14.964
52728.002 14.979
52728.005 14.977
52728.007 14.993
52728.008 14.987
52728.009 14.996
52728.011 14.993
52728.012 15.000
52728.014 14.978
52728.014 14.995
52728.016 15.010
52728.017 14.999
52728.018 15.029
52728.019 15.008
52728.021 15.025
52728.022 15.008
52728.023 15.048
52728.025 15.030
52728.025 15.037
52728.027 15.065
52728.030 15.061
52728.032 15.059
52728.034 15.062
52728.036 15.063
52728.037 15.075
52728.039 15.082
52728.041 15.099
52728.043 15.066
52728.045 15.089
52728.048 15.112
52728.050 15.106
52728.052 15.021
52728.052 15.124
52728.054 14.990
52728.054 15.132
52728.057 15.116
52728.059 15.117
52728.061 15.136
52728.109 15.182
52728.112 15.165
52728.115 15.180
52728.129 15.305
52728.129 15.228
52728.132 15.320
52728.133 15.325
52728.134 15.318
52728.135 15.330
52728.136 15.315
52728.137 15.332
52728.138 15.337
52728.139 15.338
52728.140 15.266
52728.140 15.342
52728.142 15.350
52728.143 15.344
52728.144 15.342
52728.145 15.338
52728.146 15.350
52728.147 15.354
52728.148 15.363
52728.149 15.361
52728.150 15.373
52728.151 15.373
52728.152 15.377
52728.153 15.380
52728.154 15.371
52728.155 15.382
52728.156 15.374
52728.157 15.386
52728.158 15.391
52728.159 15.392
52728.160 15.306
52728.160 15.409
52728.161 15.381
52728.162 15.390
52728.163 15.421
52728.164 15.401
52728.165 15.413
52728.166 15.416
52728.167 15.425
52728.168 15.431
52728.169 15.428
52728.170 15.418
52728.171 15.427
52728.172 15.439
52728.173 15.444
52728.175 15.456
52728.176 15.438
52728.176 15.400
52728.177 15.433
52728.178 15.461
52728.179 15.381
52728.179 15.452
52728.180 15.447
52728.180 15.434
52728.181 15.457
52728.182 15.457
52728.183 15.464
52728.184 15.476
52728.185 15.469
52728.186 15.482
52728.187 15.479
52728.188 15.478
52728.189 15.481
52728.189 15.387
52728.190 15.476
52728.191 15.481
52728.192 15.485
52728.193 15.487
52728.194 15.497
52728.195 15.494
52728.196 15.504
52728.197 15.512
52728.198 15.424
52728.198 15.505
52728.199 15.514
52728.199 15.422
52728.200 15.518
52728.201 15.523
52728.202 15.530
52728.203 15.526
52728.204 15.515
52728.205 15.535
52728.206 15.539
52728.207 15.532
52728.208 15.535
52728.209 15.464
52728.209 15.548
52728.210 15.539
52728.211 15.547
52728.212 15.554
52728.213 15.553
52728.213 15.463
52728.214 15.547
52728.215 15.557
52728.216 15.567
52728.217 15.553
52728.218 15.548
52728.219 15.585
52728.219 15.502
52728.220 15.561
52728.221 15.572
52728.222 15.582
52728.223 15.575
52728.224 15.567
52728.225 15.584
52728.226 15.591
52728.227 15.596
52728.228 15.597
52728.229 15.594
52728.230 15.599
52728.231 15.504
52728.231 15.593
52728.232 15.604
52728.233 15.603
52728.234 15.613
52728.235 15.612
52728.236 15.619
52728.237 15.619
52728.238 15.626
52728.239 15.630
52728.240 15.638
52728.241 15.535
52728.241 15.614
52728.242 15.630
52728.243 15.632
52728.244 15.635
52728.246 15.637
52728.247 15.639
52728.249 15.656
52728.250 15.647
52728.251 15.652
52728.251 15.576
52728.252 15.645
52728.253 15.594
52728.253 15.659
52728.254 15.660
52728.255 15.653
52728.256 15.656
52728.257 15.667
52728.258 15.673
52728.259 15.664
52728.260 15.693
52728.261 15.674
52728.262 15.578
52728.262 15.686
52728.263 15.693
52728.264 15.680
52728.265 15.689
52728.266 15.683
52728.267 15.691
52728.268 15.700
52728.268 15.635
52728.269 15.698
52728.270 15.704
52728.271 15.702
52728.272 15.624
52728.272 15.705
52728.273 15.712
52728.274 15.714
52728.275 15.697
52728.276 15.706
52728.277 15.726
52728.278 15.733
52728.279 15.732
52728.280 15.685
52728.280 15.726
52728.281 15.733
52728.282 15.747
52728.282 15.634
52728.283 15.741
52728.284 15.733
52728.285 15.738
52728.286 15.747
52728.288 15.753
52728.289 15.751
52728.290 15.758
52728.291 15.749
52728.292 15.767
52728.293 15.749
52728.293 15.664
52728.294 15.775
52728.295 15.763
52728.296 15.773
52728.297 15.767
52728.298 15.771
52728.299 15.783
52728.300 15.794
52728.301 15.780
52728.302 15.804
52728.303 15.802
52728.303 15.702
52728.304 15.796
52728.305 15.805
52728.306 15.806
52728.306 15.700
52728.307 15.797
52728.308 15.800
52728.309 15.810
52728.310 15.814
52728.311 15.816
52728.312 15.819
52728.313 15.817
52728.313 15.750
52728.314 15.817
52728.315 15.830
52728.316 15.836
52728.317 15.819
52728.318 15.838
52728.319 15.829
52728.320 15.837
52728.321 15.843
52728.322 15.846
52728.323 15.847
52728.324 15.742
52728.324 15.814
52728.324 15.844
52728.326 15.853
52728.326 15.785
52728.327 15.857
52728.328 15.860
52728.329 15.860
52728.330 15.867
52728.331 15.864
52728.332 15.856
52728.333 15.863
52728.334 15.869
52728.334 15.774
52728.335 15.877
52728.336 15.877
52728.337 15.878
52728.338 15.876
52728.339 15.882
52728.340 15.871
52728.341 15.881
52728.342 15.893
52728.343 15.889
52728.344 15.906
52728.345 15.802
52728.345 15.899
52728.346 15.893
52728.347 15.801
52728.348 15.903
52728.349 15.897
52728.349 15.864
52728.350 15.876
52728.351 15.913
52728.352 15.910
52728.353 15.913
52728.354 15.919
52728.355 15.852
52728.355 15.922
52728.356 15.929
52728.357 15.935
52728.358 15.925
52728.359 15.944
52728.360 15.937
52728.361 15.946
52728.362 15.941
52728.363 15.875
52728.363 15.938
52728.365 15.937
52728.365 15.875
52728.366 15.941
52728.367 15.947
52728.368 15.946
52728.369 15.958
52728.370 15.977
52728.371 15.969
52728.372 15.973
52728.373 15.971
52728.374 15.970
52728.375 15.952
52728.376 15.885
52728.376 15.980
52728.377 15.978
52728.378 15.987
52728.379 15.883
52728.379 15.980
52728.380 15.975
52728.381 15.997
52728.382 15.986
52728.383 15.978
52728.383 15.952
52728.384 15.968
52728.385 15.990
52728.386 15.909
52728.386 15.989
52728.387 15.992
52728.388 15.998
52728.389 16.000
52728.390 16.008
52728.391 15.999
52728.392 16.017
52728.393 16.034
52728.394 16.017
52728.395 16.022
52728.396 16.007
52728.397 15.946
52728.397 16.038
52728.397 15.924
52728.398 16.030
52728.399 16.017
52728.400 16.025
52728.401 16.036
52728.403 16.035
52728.404 16.053
52728.405 16.043
52728.406 16.042
52728.407 16.032
52728.407 15.983
52728.408 16.028
52728.409 16.049
52728.410 16.050
52728.411 16.046
52728.412 16.052
52728.413 16.058
52728.414 15.941
52728.414 16.040
52728.415 16.057
52728.416 16.054
52728.417 16.051
52728.417 16.002
52728.418 16.083
52728.419 16.088
52728.420 16.075
52728.421 16.083
52728.422 16.080
52728.423 16.095
52728.424 16.104
52728.425 16.099
52728.426 16.071
52728.427 16.068
52728.427 16.034
52728.428 16.064
52728.429 16.101
52728.430 16.078
52728.430 16.071
52728.431 16.107
52728.432 16.083
52728.433 16.086
52728.434 16.100
52728.435 16.116
52728.436 16.107
52728.437 16.109
52728.438 16.069
52728.438 16.098
52728.439 16.143
52728.441 16.103
52728.442 16.119
52728.443 16.106
52728.444 16.113
52728.445 16.134
52728.446 16.143
52728.458 16.129
52728.460 16.104
52728.463 16.149
52728.467 16.145
52728.472 16.153
52728.477 16.123
52728.481 16.152
52728.486 16.173
52728.490 16.198
52728.504 16.179
52728.505 16.165
52728.509 16.199
52728.511 16.198
52728.514 16.194
52728.519 16.229
52728.523 16.233
52728.528 16.287
52728.533 16.188
52728.548 16.277
52728.552 16.264
52728.557 16.269
52728.562 16.274
52728.567 16.278
52728.572 16.294
52728.587 16.307
52728.593 16.281
52728.598 16.307
52728.603 16.333
52728.608 16.304
52728.613 16.308
52728.618 16.320
52728.624 16.345
52728.629 16.317
52728.634 16.373
52728.639 16.349
52728.645 16.365
52728.650 16.353
52728.656 16.373
52728.661 16.361
52728.666 16.360
52728.672 16.363
52728.677 16.384
52728.683 16.371
52728.688 16.397
52728.694 16.400
52728.713 16.419
52728.714 16.438
52728.716 16.414
52728.716 16.432
52728.717 16.447
52728.719 16.398
52728.721 16.415
52728.722 16.432
52728.722 16.416
52728.724 16.434
52728.728 16.425
52728.734 16.423
52728.735 16.416
52728.737 16.432
52728.739 16.410
52728.740 16.423
52728.742 16.408
52728.743 16.434
52728.745 16.410
52728.745 16.426
52728.746 16.461
52728.748 16.431
52728.749 16.436
52728.751 16.403
52728.752 16.426
52728.754 16.408
52728.755 16.418
52728.757 16.443
52728.757 16.419
52728.758 16.441
52728.760 16.435
52728.762 16.406
52728.763 16.414
52728.765 16.435
52728.766 16.435
52728.768 16.451
52728.769 16.435
52728.771 16.425
52728.772 16.428
52728.774 16.430
52728.775 16.443
52728.777 16.433
52728.786 16.446
52728.787 16.445
52728.789 16.432
52728.790 16.430
52728.792 16.430
52728.793 16.429
52728.795 16.460
52728.796 16.435
52728.798 16.442
52728.799 16.443
52728.801 16.422
52728.803 16.438
52728.804 16.442
52728.806 16.438
52728.807 16.432
52728.809 16.459
52728.810 16.434
52728.812 16.472
52728.813 16.457
52728.815 16.480
52728.816 16.454
52728.818 16.444
52728.819 16.468
52728.821 16.485
52728.822 16.494
52728.824 16.471
52728.826 16.456
52728.827 16.480
52728.836 16.485
52728.837 16.478
52728.839 16.478
52728.840 16.472
52728.842 16.494
52728.844 16.505
52728.845 16.480
52728.847 16.473
52728.848 16.470
52728.850 16.490
52728.851 16.484
52728.853 16.506
52728.854 16.482
52728.856 16.486
52728.857 16.472
52728.859 16.473
52728.860 16.492
52728.862 16.482
52728.863 16.461
52728.865 16.489
52728.866 16.471
52728.868 16.486
52728.870 16.467
52728.871 16.480
52728.873 16.484
52728.874 16.502
52728.876 16.486
52728.877 16.483
52728.886 16.473
52728.888 16.480
52728.889 16.492
52728.891 16.465
52728.893 16.467
52728.894 16.470
52728.896 16.471
52728.897 16.472
52728.899 16.449
52728.900 16.474
52728.902 16.467
52728.903 16.461
52728.905 16.475
52728.906 16.457
52728.908 16.463
52728.909 16.458
52728.911 16.454
52728.912 16.457
52728.914 16.457
52728.916 16.456
52728.917 16.421
52728.919 16.469
52728.920 16.445
52728.922 16.428
52728.923 16.440
52728.925 16.434
52728.926 16.432
52728.928 16.439
52728.937 16.403
52728.939 16.418
52728.940 16.393
52728.942 16.400
52728.943 16.412
52728.945 16.410
52728.946 16.383
52728.948 16.404
52728.949 16.380
52728.951 16.380
52728.953 16.370
52728.954 16.375
52728.956 16.363
52728.957 16.353
52728.959 16.340
52728.960 16.342
52728.962 16.344
52728.963 16.340
52728.965 16.344
52728.966 16.347
52728.968 16.333
52728.969 16.341
52728.971 16.323
52728.973 16.329
52728.974 16.322
52728.976 16.331
52728.977 16.324
52728.979 16.303
52728.987 16.294
52728.989 16.282
52728.990 16.281
52728.992 16.295
52728.994 16.258
52728.995 16.309
52728.997 16.267
52728.998 16.288
52729.068 16.233
52729.069 16.230
52729.070 16.225
52729.071 16.227
52729.136 16.271
52729.168 16.306
52729.182 16.337
52729.213 16.376
52729.230 16.388
52729.231 16.403
52729.245 16.406
52729.272 16.437
52729.283 16.536
52729.288 16.473
52729.313 16.497
52729.329 16.541
52729.329 16.511
52729.345 16.647
52729.353 16.519
52729.357 16.529
52729.377 16.544
52729.392 16.546
52729.405 16.575
52729.407 16.558
52729.431 16.583
52729.439 16.597
52729.456 16.622
52729.471 16.623
52729.511 16.656
52729.535 16.666
52729.708 16.802
52729.709 16.786
52729.711 16.783
52729.712 16.793
52729.714 16.822
52729.734 16.810
52729.735 16.824
52729.737 16.831
52729.738 16.837
52729.740 16.806
52729.741 16.867
52729.743 16.826
52729.744 16.827
52729.746 16.838
52729.747 16.788
52729.749 16.809
52729.750 16.837
52729.752 16.824
52729.753 16.807
52729.755 16.790
52729.756 16.827
52729.758 16.815
52729.759 16.787
52729.761 16.833
52729.762 16.778
52729.764 16.810
52729.765 16.812
52729.767 16.768
52729.768 16.790
52729.770 16.826
52729.771 16.806
52729.773 16.836
52729.774 16.825
52729.784 16.825
52729.785 16.816
52729.787 16.823
52729.788 16.812
52729.790 16.821
52729.791 16.824
52729.793 16.810
52729.794 16.850
52729.796 16.818
52729.797 16.804
52729.799 16.808
52729.800 16.801
52729.802 16.807
52729.803 16.824
52729.805 16.817
52729.806 16.842
52729.808 16.884
52729.809 16.838
52729.811 16.839
52729.812 16.826
52729.814 16.811
52729.815 16.828
52729.817 16.833
52729.819 16.834
52729.820 16.857
52729.822 16.813
52729.823 16.873
52729.836 16.844
52729.838 16.884
52729.839 16.850
52729.841 16.858
52729.842 16.873
52729.844 16.842
52729.846 16.886
52729.847 16.871
52729.849 16.908
52729.850 16.847
52729.852 16.868
52729.853 16.869
52729.855 16.879
52729.856 16.853
52729.858 16.877
52729.859 16.881
52729.861 16.871
52729.862 16.859
52729.864 16.881
52729.865 16.897
52729.867 16.862
52729.868 16.878
52729.870 16.882
52729.871 16.891
52729.873 16.886
52729.874 16.867
52729.876 16.871
52729.877 16.882
52729.886 16.894
52729.888 16.911
52729.889 16.887
52729.891 16.908
52729.892 16.911
52729.894 16.886
52729.895 16.888
52729.897 16.921
52729.898 16.895
52729.900 16.892
52729.901 16.878
52729.903 16.897
52729.904 16.883
52729.906 16.878
52729.907 16.893
52729.909 16.879
52729.910 16.921
52729.912 16.877
52729.913 16.905
52729.915 16.890
52729.916 16.904
52729.918 16.901
52729.920 16.904
52729.921 16.905
52729.923 16.892
52729.924 16.937
52729.926 16.909
52729.927 16.866
52729.936 16.928
52729.938 16.929
52729.939 16.922
52729.941 16.930
52729.942 16.944
52729.944 16.920
52729.945 16.941
52729.947 16.930
52729.948 16.961
52729.950 16.956
52729.951 16.907
52729.953 16.913
52729.954 16.946
52729.956 16.957
52729.957 16.935
52729.959 16.900
52729.960 16.941
52729.962 16.981
52729.964 16.934
52729.965 16.924
52729.967 16.959
52729.968 16.921
52729.970 16.937
52729.971 16.942
52729.973 16.939
52729.974 16.945
52729.976 16.956
52729.992 16.962
52729.994 16.928
52729.995 16.933
52729.997 16.940
52729.998 16.914
52730.000 16.935
52730.001 16.922
52730.003 16.912
52730.004 16.927
52730.006 16.936
52730.007 16.927
52730.009 16.929
52730.010 16.935
52730.012 16.896
52730.013 16.913
52730.015 16.931
52730.016 16.925
52730.018 16.930
52730.019 16.881
52730.021 16.892
52730.022 16.933
52730.024 16.900
52730.025 16.932
52730.027 16.899
52730.028 16.866
52730.030 16.874
52730.031 16.830
52730.033 16.861
52730.044 16.877
52730.046 16.878
52730.047 16.894
52730.049 16.866
52730.050 16.860
52730.052 16.909
52730.053 16.873
52730.055 16.919
52730.056 16.868
52730.058 16.875
52730.062 16.815
52730.063 16.849
52730.065 16.858
52730.066 16.856
52730.161 16.882
52730.178 16.874
52730.270 16.958
52730.283 16.991
52730.339 17.069
52730.342 17.028
52730.352 17.023
52730.359 17.027
52730.400 17.077
52730.411 17.087
52730.424 17.089
52730.437 17.052
52730.450 17.152
52730.559 17.125
52730.715 17.070
52730.717 17.098
52730.718 17.079
52730.720 17.062
52730.721 17.055
52730.723 17.053
52730.725 17.080
52730.726 17.088
52730.728 17.078
52730.729 17.103
52730.731 17.078
52730.732 17.093
52730.734 17.068
52730.735 17.112
52730.737 17.102
52730.738 17.093
52730.740 17.077
52730.741 17.077
52730.743 17.126
52730.745 17.085
52730.746 17.097
52730.748 17.063
52730.749 17.083
52730.859 17.045
52730.861 17.046
52730.862 17.026
52730.864 17.020
52730.865 17.009
52730.867 17.032
52730.868 17.048
52730.870 17.056
52730.871 17.034
52730.873 16.998
52730.875 17.026
52730.883 17.045
52730.885 17.055
52730.886 17.094
52730.888 17.057
52730.889 17.054
52730.891 17.066
52730.892 17.086
52730.894 17.027
52730.895 17.052
52730.897 17.072
52730.898 17.102
52730.900 17.070
52730.901 17.082
52730.903 17.061
52730.905 17.095
52730.906 17.041
52730.908 17.075
52730.909 17.064
52730.911 17.088
52730.912 17.080
52730.914 17.047
52730.915 17.067
52730.926 17.084
52730.931 17.126
52730.934 17.101
52730.937 17.129
52730.940 17.135
52730.943 17.160
52730.946 17.167
52730.949 17.168
52730.952 17.171
52730.955 17.177
52730.957 17.183
52730.960 17.169
52730.970 17.191
52730.973 17.176
52730.976 17.206
52730.979 17.210
52730.982 17.169
52730.985 17.195
52730.987 17.228
52730.990 17.170
52730.993 17.176
52731.071 17.241
52731.081 17.245
52731.082 17.254
52731.083 17.242
52731.084 17.252
52731.090 17.230
52731.217 17.361
52731.259 17.387
52731.278 17.408
52731.303 17.433
52731.323 17.462
52731.353 17.491
52731.718 17.755
52731.721 17.786
52731.724 17.774
52731.727 17.774
52731.730 17.796
52731.733 17.772
52731.736 17.732
52731.738 17.750
52731.741 17.729
52731.744 17.737
52731.747 17.767
52731.750 17.788
52731.854 17.804
52731.856 17.799
52731.859 17.779
52731.862 17.800
52731.865 17.808
52731.868 17.814
52731.871 17.813
52731.874 17.793
52731.877 17.787
52731.880 17.796
52731.883 17.802
52731.885 17.817
52731.888 17.827
52731.901 17.823
52731.904 17.805
52731.907 17.832
52731.910 17.784
52731.913 17.853
52731.916 17.813
52731.919 17.850
52731.922 17.839
52731.931 17.840
52731.934 17.821
52731.937 17.828
52731.943 17.779
52731.946 17.820
52731.949 17.789
52731.952 17.769
52731.955 17.746
52731.957 17.827
52731.968 17.822
52731.972 17.782
52731.976 17.796
52731.981 17.825
52731.985 17.792
52731.994 17.789
52732.085 17.799
52732.089 17.788
52732.090 17.788
52732.091 17.795
52732.093 17.797
52732.094 17.803
52732.119 17.807
52732.121 17.803
52732.123 17.826
52732.135 17.790
52732.707 17.824
52732.711 17.824
52732.715 17.923
52732.720 17.759
52732.724 17.925
52732.728 17.761
52732.737 17.852
52732.741 17.913
52732.844 17.760
52732.848 17.836
52733.126 17.776
52733.730 18.091
52734.142 18.253
52734.362 18.395
52735.131 18.734
52735.367 18.750
52736.128 18.848
52736.149 18.834
52736.155 18.721
52736.167 18.756
52736.227 18.766
52736.265 18.845
52736.287 18.972
52736.336 18.756
52736.350 18.773
52736.367 18.881
52736.406 18.810
52736.419 18.771
52737.125 18.891
52737.142 18.809
52737.152 18.748
52737.217 18.833
52737.245 18.865
52737.252 18.935
52737.320 18.859
52737.334 18.814
52737.347 18.942
52737.412 18.993
52737.752 19.101
52737.829 19.078
52737.840 19.021
52737.851 19.020
52737.862 18.993
52737.872 19.047
52737.883 19.076
52737.939 19.101
52738.146 18.985
52738.155 19.097
52738.166 18.979
52738.219 18.995
52738.234 19.065
52738.292 18.995
52738.310 18.985
52738.310 19.050
52738.369 19.036
52738.392 19.117
52738.853 19.312
52738.876 19.224
52739.133 19.077
52739.137 19.246
52739.153 19.158
52739.178 19.209
52739.214 19.051
52739.233 19.213
52739.300 19.258
52740.170 19.305
52740.300 19.358
52741.119 19.414
52741.143 19.480
52746.798 19.812
52747.180 19.777
52747.220 19.807
52747.266 19.815
52748.190 19.859
52748.288 19.937
52748.324 19.795
52749.143 19.938
52749.244 19.884
52749.258 19.889
52749.268 19.841
52749.270 19.949
52749.308 19.939
52749.321 19.672
52749.357 19.866
52750.094 19.945
52750.129 20.017
52750.219 20.006
52751.142 20.080
52751.239 20.043
52752.136 20.146
52752.290 20.117
52753.150 20.158
52753.184 20.142
52753.194 20.148
52753.202 20.175
52754.156 20.255
52755.195 20.320
52756.204 20.229
52756.216 20.347
52757.147 20.422
52757.162 20.350
52757.174 20.422
52758.178 20.478
52758.204 20.493
52759.195 20.568
52759.198 20.423
52759.211 20.535
52759.269 20.477
52759.296 20.717
52760.075 20.549
52760.142 20.588
52761.118 20.665
52761.285 20.563
52761.302 20.657
52762.049 20.700
52762.176 20.812
52762.192 20.705
52764.290 20.875
52765.147 20.820
52765.158 20.897
52765.169 20.823
52766.214 21.024
52767.156 21.012
52779.230 21.553
52780.190 21.698
52781.225 21.430
52782.179 21.309
52785.200 21.612
52785.796 21.805
52787.191 21.456
52788.190 21.618
52792.187 21.734
52793.192 21.668
52794.190 21.614
52795.193 21.549
52807.187 21.819
