52727.744 14.408 0.025
52727.746 14.376 0.025
52727.748 14.392 0.025
52727.750 14.414 0.025
52727.753 14.445 0.025
52727.755 14.423 0.025
52727.756 14.448 0.022
52727.757 14.451 0.025
52727.759 14.486 0.025
52727.762 14.457 0.025
52727.764 14.505 0.024
52727.766 14.487 0.024
52727.768 14.488 0.025
52727.771 14.483 0.025
52727.773 14.526 0.025
52727.775 14.535 0.028
52727.777 14.537 0.029
52727.778 14.515 0.029
52727.780 14.534 0.028
52727.782 14.577 0.028
52727.783 14.552 0.029
52727.785 14.569 0.028
52727.786 14.582 0.028
52727.788 14.607 0.028
52727.789 14.610 0.028
52727.791 14.616 0.029
52727.792 14.589 0.029
52727.794 14.619 0.029
52727.796 14.605 0.030
52727.797 14.637 0.029
52727.798 14.629 0.023
52727.799 14.654 0.028
52727.800 14.664 0.028
52727.802 14.683 0.028
52727.803 14.641 0.029
52727.805 14.659 0.029
52727.806 14.665 0.029
52727.808 14.700 0.029
52727.810 14.704 0.028
52727.811 14.670 0.029
52727.813 14.685 0.029
52727.814 14.671 0.029
52727.816 14.724 0.030
52727.817 14.727 0.028
52727.819 14.729 0.030
52727.821 14.694 0.029
52727.822 14.722 0.028
52727.824 14.719 0.028
52727.825 14.740 0.029
52727.827 14.759 0.028
52727.828 14.719 0.029
52727.848 14.829 0.023
52727.850 14.835 0.028
52727.852 14.812 0.030
52727.853 14.820 0.028
52727.855 14.860 0.028
52727.856 14.865 0.028
52727.858 14.845 0.028
52727.859 14.851 0.028
52727.861 14.906 0.031
52727.862 14.853 0.031
52727.864 14.871 0.032
52727.865 14.902 0.030
52727.866 14.900 0.032
52727.868 14.885 0.030
52727.869 14.899 0.032
52727.870 14.923 0.030
52727.872 14.895 0.031
52727.873 14.900 0.032
52727.874 14.907 0.031
52727.876 14.913 0.032
52727.878 14.943 0.031
52727.879 14.944 0.030
52727.881 14.900 0.031
52727.881 14.945 0.022
52727.882 14.924 0.030
52727.883 14.926 0.032
52727.885 14.943 0.032
52727.886 14.982 0.030
52727.887 14.957 0.032
52727.889 14.966 0.032
52727.890 15.006 0.031
52727.891 14.899 0.033
52727.893 14.966 0.032
52727.894 14.993 0.030
52727.895 14.988 0.033
52727.897 14.992 0.032
52727.898 15.003 0.031
52727.899 15.001 0.032
52727.901 15.034 0.032
52727.902 15.005 0.032
52727.903 15.015 0.031
52727.905 14.985 0.032
52727.906 14.979 0.031
52727.907 15.012 0.032
52727.909 15.039 0.033
52727.910 15.018 0.031
52727.911 15.073 0.030
52727.913 15.074 0.030
52727.913 15.037 0.022
52727.914 15.062 0.032
52727.915 15.021 0.031
52727.917 14.953 0.032
52727.918 15.041 0.032
52727.919 15.029 0.031
52727.921 15.028 0.032
52727.922 15.037 0.030
52727.923 15.030 0.032
52727.925 15.079 0.031
52727.926 15.064 0.031
52727.927 15.079 0.031
52727.929 15.060 0.032
52727.930 15.095 0.030
52727.931 15.084 0.032
52727.933 15.100 0.030
52727.934 15.078 0.031
52727.936 15.088 0.032
52727.944 15.118 0.022
52727.946 15.163 0.031
52727.948 15.128 0.032
52727.949 15.122 0.031
52727.950 15.095 0.031
52727.952 15.172 0.031
52727.953 15.179 0.031
52727.954 15.176 0.032
52727.956 15.169 0.031
52727.958 15.167 0.025
52727.960 15.166 0.025
52727.962 15.180 0.025
52727.965 15.174 0.025
52727.967 15.205 0.025
52727.969 15.189 0.025
52727.971 15.186 0.025
52727.974 15.211 0.025
52727.976 15.200 0.025
52727.978 15.218 0.025
52727.980 15.233 0.025
52727.983 15.227 0.025
52727.985 15.222 0.025
52727.987 15.280 0.025
52727.989 15.259 0.025
52727.992 15.282 0.025
52727.994 15.295 0.025
52727.996 15.280 0.025
52727.998 15.303 0.025
52728.001 15.277 0.025
52728.003 15.307 0.025
52728.006 15.280 0.025
52728.008 15.307 0.025
52728.011 15.312 0.025
52728.013 15.318 0.025
52728.015 15.350 0.025
52728.017 15.315 0.025
52728.020 15.359 0.025
52728.022 15.335 0.025
52728.024 15.384 0.025
52728.026 15.367 0.025
52728.028 15.380 0.024
52728.029 15.399 0.025
52728.031 15.371 0.025
52728.033 15.397 0.025
52728.035 15.388 0.026
52728.038 15.399 0.025
52728.040 15.398 0.026
52728.042 15.435 0.026
52728.044 15.429 0.026
52728.047 15.415 0.026
52728.049 15.424 0.027
52728.051 15.429 0.026
52728.053 15.478 0.027
52728.056 15.455 0.027
52728.058 15.440 0.026
52728.060 15.464 0.026
52728.062 15.470 0.027
52728.127 15.545 0.010
52728.138 15.574 0.010
52728.155 15.614 0.010
52728.172 15.729 0.030
52728.177 15.692 0.010
52728.188 15.720 0.010
52728.195 15.770 0.010
52728.198 15.750 0.010
52728.205 15.912 0.050
52728.208 15.784 0.010
52728.211 15.807 0.010
52728.218 15.809 0.010
52728.229 15.822 0.010
52728.230 15.969 0.050
52728.240 15.851 0.010
52728.250 15.893 0.010
52728.250 15.931 0.030
52728.260 15.911 0.010
52728.266 15.965 0.030
52728.271 15.946 0.010
52728.274 16.075 0.050
52728.281 15.962 0.010
52728.291 15.977 0.010
52728.302 16.034 0.010
52728.302 16.070 0.020
52728.312 16.051 0.010
52728.318 16.176 0.050
52728.323 16.069 0.010
52728.324 16.139 0.020
52728.333 16.104 0.010
52728.343 16.223 0.050
52728.343 16.155 0.010
52728.345 16.192 0.020
52728.354 16.151 0.010
52728.361 16.239 0.030
52728.364 16.194 0.010
52728.374 16.208 0.020
52728.377 16.254 0.050
52728.377 16.288 0.050
52728.385 16.247 0.020
52728.395 16.245 0.020
52728.395 16.269 0.070
52728.406 16.309 0.020
52728.411 16.360 0.050
52728.416 16.331 0.020
52728.424 16.407 0.051
52728.426 16.336 0.020
52728.427 16.395 0.040
52728.437 16.366 0.020
52728.454 16.447 0.051
52728.479 16.479 0.012
52728.503 16.502 0.012
52728.730 16.786 0.022
52728.780 16.800 0.022
52728.830 16.855 0.021
52728.880 16.857 0.021
52728.931 16.798 0.021
52728.981 16.712 0.021
52729.132 16.628 0.010
52729.164 16.701 0.051
52729.179 16.671 0.052
52729.210 16.757 0.051
52729.226 16.781 0.051
52729.228 16.737 0.010
52729.242 16.800 0.051
52729.268 16.841 0.051
52729.279 16.861 0.030
52729.285 16.844 0.051
52729.310 16.880 0.051
52729.325 16.893 0.051
52729.326 16.859 0.010
52729.341 16.906 0.070
52729.345 16.910 0.051
52729.349 16.905 0.051
52729.373 16.938 0.051
52729.388 16.931 0.051
52729.402 16.925 0.010
52729.404 16.967 0.051
52729.419 16.958 0.051
52729.427 16.966 0.052
52729.452 16.967 0.051
52729.467 16.997 0.053
52729.720 17.193 0.022
52729.781 17.150 0.023
52729.829 17.214 0.023
52729.883 17.252 0.023
52729.934 17.307 0.022
52729.982 17.333 0.024
52730.041 17.264 0.028
52730.157 17.259 0.051
52730.157 17.263 0.021
52730.174 17.284 0.051
52730.266 17.344 0.051
52730.280 17.349 0.051
52730.336 17.416 0.010
52730.338 17.437 0.051
52730.348 17.396 0.051
52730.357 17.421 0.052
52730.397 17.412 0.052
52730.407 17.446 0.051
52730.420 17.453 0.053
52730.433 17.432 0.052
52730.447 17.486 0.020
52730.709 17.464 0.025
52730.852 17.398 0.022
52730.877 17.403 0.023
52730.918 17.562 0.064
52730.964 17.548 0.026
52731.105 17.607 0.023
52731.214 17.717 0.050
52731.256 17.748 0.020
52731.275 17.757 0.020
52731.300 17.783 0.020
52731.319 17.825 0.020
52731.350 17.814 0.020
52731.711 18.035 0.065
52731.847 18.203 0.033
52731.895 18.174 0.033
52731.925 18.244 0.038
52731.961 18.211 0.052
52732.131 18.110 0.020
52732.149 18.104 0.029
52733.112 18.085 0.024
52733.123 18.110 0.020
52733.199 18.099 0.020
52733.202 18.072 0.020
52734.072 18.585 0.020
52734.075 18.584 0.020
52734.122 18.589 0.034
52734.139 18.617 0.020
52734.358 18.716 0.020
52735.127 19.064 0.040
52735.129 19.035 0.032
52735.363 19.024 0.040
52736.124 19.158 0.060
52736.146 19.203 0.034
52736.153 19.115 0.055
52736.164 19.124 0.054
52736.223 19.160 0.053
52736.261 19.225 0.040
52736.282 19.184 0.058
52736.334 19.106 0.055
52736.348 19.198 0.060
52736.363 19.227 0.040
52736.399 19.082 0.064
52736.415 19.108 0.068
52737.092 19.210 0.040
52737.121 19.170 0.060
52737.140 19.216 0.060
52737.150 19.148 0.061
52737.211 19.171 0.055
52737.238 19.176 0.053
52737.248 19.206 0.030
52737.318 19.276 0.064
52737.329 19.217 0.058
52737.343 19.194 0.050
52737.406 19.203 0.079
52737.894 19.361 0.062
52737.905 19.363 0.059
52738.115 19.334 0.040
52738.140 19.291 0.054
52738.150 19.452 0.050
52738.165 19.404 0.087
52738.213 19.349 0.054
52738.232 19.363 0.078
52738.285 19.365 0.054
52738.300 19.458 0.040
52738.304 19.433 0.062
52738.361 19.326 0.059
52738.386 19.508 0.064
52739.143 19.575 0.040
52739.147 19.435 0.072
52739.147 19.593 0.074
52739.257 19.570 0.040
52740.134 19.757 0.090
52749.233 20.386 0.019
52749.235 20.265 0.082
52749.256 20.171 0.081
52749.301 20.181 0.085
52749.320 20.242 0.139
52750.984 20.477 0.113
52750.990 20.502 0.119
52753.167 20.632 0.040
52753.188 20.620 0.030
52754.162 20.701 0.040
52754.168 20.680 0.040
52755.151 20.812 0.020
52755.167 20.815 0.020
52756.159 20.885 0.020
52757.120 20.953 0.040
52757.131 20.948 0.020
52758.172 21.058 0.020
52759.140 21.080 0.020
52759.146 21.090 0.020
52759.192 21.053 0.126
52759.210 21.032 0.190
52759.262 20.951 0.105
52759.287 21.059 0.121
52760.173 21.122 0.030
52761.127 21.210 0.030
52761.133 21.224 0.020
52761.166 21.160 0.040
52762.131 21.337 0.050
52762.154 21.310 0.050
52764.021 21.374 0.030
52764.153 21.392 0.030
52764.161 21.360 0.030
52764.977 21.433 0.030
52766.031 21.487 0.030
52767.017 21.468 0.030
