52727.737 14.671
52727.743 14.659
52727.745 14.665
52727.748 14.672
52727.750 14.685
52727.752 14.644
52727.754 14.717
52727.757 14.735
52727.759 14.746
52727.761 14.739
52727.761 14.709
52727.763 14.690
52727.766 14.720
52727.768 14.752
52727.770 14.778
52727.772 14.735
52727.775 14.770
52727.776 14.782
52727.778 14.800
52727.780 14.815
52727.781 14.768
52727.783 14.803
52727.784 14.791
52727.786 14.825
52727.789 14.809
52727.790 14.865
52727.792 14.867
52727.794 14.861
52727.794 14.934
52727.795 14.932
52727.797 14.886
52727.798 14.928
52727.800 14.878
52727.801 14.929
52727.803 14.891
52727.805 14.888
52727.806 14.882
52727.808 14.824
52727.809 14.950
52727.811 14.925
52727.812 14.912
52727.814 14.965
52727.817 14.932
52727.820 14.954
52727.822 14.911
52727.823 14.957
52727.826 14.931
52727.828 15.055
52727.850 15.036
52727.851 15.102
52727.853 15.123
52727.853 15.054
52727.854 15.080
52727.856 15.118
52727.857 15.093
52727.859 15.149
52727.861 15.106
52727.862 15.057
52727.865 15.133
52727.866 15.171
52727.867 15.114
52727.869 15.190
52727.871 15.246
52727.873 15.182
52727.878 15.091
52727.882 15.238
52727.883 15.201
52727.884 15.204
52727.886 15.220
52727.887 15.349
52727.888 15.272
52727.890 15.167
52727.891 15.243
52727.892 15.285
52727.894 15.199
52727.895 15.358
52727.896 15.195
52727.899 15.215
52727.900 15.234
52727.902 15.279
52727.903 15.310
52727.904 15.183
52727.907 15.230
52727.908 15.316
52727.910 15.379
52727.911 15.287
52727.912 15.352
52727.914 15.255
52727.916 15.257
52727.917 15.316
52727.918 15.372
52727.919 15.346
52727.920 15.295
52727.922 15.142
52727.923 15.260
52727.926 15.303
52727.928 15.322
52727.930 15.161
52727.931 15.401
52727.946 15.372
52727.947 15.387
52727.949 15.400
52727.950 15.417
52727.951 15.329
52727.954 15.421
52727.955 15.272
52727.957 15.445
52727.959 15.427
52727.962 15.453
52727.964 15.424
52727.966 15.418
52727.968 15.435
52727.971 15.464
52727.973 15.459
52727.975 15.512
52727.977 15.471
52727.980 15.551
52727.982 15.487
52727.984 15.505
52727.986 15.517
52727.989 15.527
52727.991 15.568
52727.993 15.514
52727.995 15.551
52727.998 15.539
52728.000 15.556
52728.002 15.600
52728.006 15.546
52728.008 15.607
52728.010 15.593
52728.012 15.603
52728.015 15.569
52728.017 15.623
52728.019 15.616
52728.021 15.687
52728.024 15.687
52728.026 15.593
52728.028 15.707
52728.030 15.646
52728.033 15.697
52728.033 15.665
52728.035 15.746
52728.037 15.704
52728.039 15.741
52728.044 15.706
52728.046 15.783
52728.048 15.665
52728.051 15.660
52728.055 15.761
52728.057 15.783
52728.060 15.734
52728.062 15.792
52728.125 15.903
52728.136 15.921
52728.151 15.977
52728.168 16.013
52728.171 16.033
52728.175 16.036
52728.186 16.085
52728.192 16.076
52728.196 16.100
52728.198 16.261
52728.206 16.146
52728.208 16.117
52728.216 16.185
52728.224 16.330
52728.227 16.161
52728.238 16.212
52728.247 16.229
52728.248 16.242
52728.259 16.286
52728.263 16.288
52728.267 16.406
52728.269 16.302
52728.279 16.328
52728.290 16.346
52728.298 16.374
52728.300 16.379
52728.310 16.386
52728.311 16.504
52728.321 16.400
52728.321 16.429
52728.331 16.444
52728.337 16.568
52728.341 16.491
52728.342 16.505
52728.352 16.519
52728.358 16.505
52728.362 16.542
52728.371 16.627
52728.372 16.562
52728.374 16.531
52728.383 16.626
52728.392 16.595
52728.393 16.640
52728.404 16.654
52728.404 16.695
52728.408 16.676
52728.414 16.665
52728.424 16.710
52728.424 16.724
52728.435 16.748
52728.482 16.818
52728.501 16.858
52729.129 17.002
52729.161 16.984
52729.175 17.026
52729.205 17.082
52729.222 17.095
52729.224 17.132
52729.238 17.113
52729.264 17.110
52729.275 17.210
52729.281 17.172
52729.306 17.180
52729.321 17.204
52729.323 17.267
52729.338 17.247
52729.342 17.249
52729.369 17.257
52729.384 17.272
52729.399 17.331
52729.400 17.291
52729.416 17.292
52729.448 17.276
52729.464 17.367
52729.519 17.360
52729.527 17.364
52729.724 17.488
52729.987 17.607
52730.148 17.671
52730.151 17.611
52730.170 17.621
52730.258 17.700
52730.277 17.741
52730.333 17.805
52730.444 17.937
52730.567 17.835
52730.705 17.797
52730.842 17.684
52730.847 17.681
52730.997 17.927
52731.002 17.867
52731.097 18.035
52731.210 18.104
52731.272 18.154
52731.297 18.197
52731.316 18.221
52731.346 18.244
52731.707 18.239
52731.842 18.531
52732.128 18.632
52732.140 18.622
52733.104 18.536
52733.120 18.528
52733.190 18.548
52733.194 18.569
52734.064 19.076
52734.068 19.069
52734.135 19.053
52734.353 19.149
52735.121 19.572
52735.122 19.478
52735.358 19.632
52736.137 19.699
52736.150 19.658
52736.161 19.688
52736.220 19.724
52736.274 19.774
52736.279 19.613
52736.321 19.690
52736.346 19.622
52736.376 19.698
52736.396 19.667
52736.411 19.805
52737.075 19.781
52737.134 19.750
52737.137 19.672
52737.147 19.735
52737.205 19.658
52737.231 19.731
52737.260 19.871
52737.316 19.788
52737.324 19.785
52737.356 19.820
52738.098 20.013
52738.134 19.861
52738.161 19.905
52738.207 19.843
52738.229 19.898
52738.240 19.953
52738.279 19.848
52738.302 19.889
52738.352 19.901
52738.382 20.000
52739.129 20.217
52739.140 20.091
52739.220 20.112
52740.116 20.319
52740.224 20.394
52749.184 21.296
52749.229 21.303
52749.254 21.277
52750.151 21.241
52750.152 21.225
52751.166 21.382
52752.170 21.440
52753.173 21.671
52753.181 21.583
52753.224 21.516
52754.173 21.675
52754.181 21.660
52754.203 21.644
52755.156 21.714
52755.172 21.725
52756.153 21.794
52757.125 21.869
52757.137 21.900
52758.165 21.971
52759.152 22.034
52759.159 22.023
52759.185 21.975
52760.166 22.066
52761.140 22.124
52761.147 22.173
52762.138 22.121
52762.145 22.185
52764.042 22.268
52764.999 22.285
52765.156 22.254
52765.165 22.357
52766.038 22.273
52767.031 22.335
