5.401604999999981374e+04 1.630600000000000094e+01 2.500000000000000139e-02
5.401606000000005588e+04 1.631599999999999895e+01 2.000000000000000042e-02
5.402308999999985099e+04 1.651000000000000156e+01 3.599999999999999728e-02
5.402310000000009313e+04 1.642899999999999849e+01 3.400000000000000244e-02
5.403008000000007451e+04 1.666300000000000026e+01 2.800000000000000058e-02
5.403008999999985099e+04 1.670100000000000051e+01 2.599999999999999881e-02
5.403708999999985099e+04 1.693299999999999983e+01 3.899999999999999994e-02
5.403710000000009313e+04 1.694200000000000017e+01 4.599999999999999922e-02
5.404308000000007451e+04 1.710800000000000054e+01 6.500000000000000222e-02
5.404308999999985099e+04 nan nan
5.404502999999979511e+04 1.711499999999999844e+01 6.600000000000000311e-02
5.404504999999981374e+04 1.716100000000000136e+01 4.100000000000000172e-02
5.404704999999981374e+04 nan nan
5.404712999999988824e+04 nan nan
5.405310000000009313e+04 1.721600000000000108e+01 4.800000000000000100e-02
5.405312000000011176e+04 1.732000000000000028e+01 4.800000000000000100e-02
5.406702999999979511e+04 1.770200000000000173e+01 8.599999999999999312e-02
5.406704000000003725e+04 1.787099999999999866e+01 1.049999999999999961e-01
5.407402999999979511e+04 1.777899999999999991e+01 9.199999999999999845e-02
5.407404000000003725e+04 1.815399999999999991e+01 1.290000000000000036e-01
