5.401604999999981374e+04 nan nan
5.401606000000005588e+04 nan nan
5.402308999999985099e+04 1.633699999999999974e+01 6.099999999999999867e-02
5.402310000000009313e+04 1.642599999999999838e+01 7.900000000000000078e-02
5.403008000000007451e+04 1.637399999999999878e+01 3.599999999999999728e-02
5.403008999999985099e+04 1.654200000000000159e+01 4.599999999999999922e-02
5.403708999999985099e+04 1.661100000000000065e+01 5.299999999999999850e-02
5.403710000000009313e+04 1.674200000000000088e+01 6.600000000000000311e-02
5.404308000000007451e+04 1.676300000000000168e+01 9.400000000000000022e-02
5.404308999999985099e+04 1.664199999999999946e+01 9.600000000000000200e-02
5.404502999999979511e+04 1.670100000000000051e+01 7.799999999999999989e-02
5.404504999999981374e+04 1.676399999999999935e+01 1.019999999999999934e-01
5.404704999999981374e+04 nan nan
5.404712999999988824e+04 nan nan
5.405310000000009313e+04 1.686700000000000088e+01 5.299999999999999850e-02
5.405312000000011176e+04 1.681099999999999994e+01 5.999999999999999778e-02
5.406702999999979511e+04 1.717800000000000082e+01 9.299999999999999933e-02
5.406704000000003725e+04 1.725100000000000122e+01 9.400000000000000022e-02
5.407402999999979511e+04 1.735200000000000031e+01 1.290000000000000036e-01
5.407404000000003725e+04 1.757900000000000063e+01 1.549999999999999989e-01
