54016.050 16.488 0.019
54016.060 16.521 0.023
54016.140 16.615 0.026
54016.150 16.594 0.027
54023.090 16.672 0.029
54023.100 16.678 0.031
54030.080 16.849 0.024
54030.090 16.873 0.030
54037.090 17.044 0.026
54037.100 17.038 0.034
54040.060 17.212 0.035
54040.060 17.234 0.028
54043.080 17.185 0.042
54043.090 17.196 0.052
54045.030 17.296 0.056
54047.050 17.317 0.038
54047.130 17.361 0.077
54053.100 17.471 0.039
54053.120 17.458 0.045
54067.030 17.683 0.048
54067.040 17.787 0.072
54074.030 18.061 0.078
54074.040 17.887 0.048
