54016.257 17.681 0.030
54016.276 17.663 0.036
54017.160 17.722 0.021
54018.100 17.753 0.012
54018.359 17.744 0.033
54019.252 17.749 0.032
54020.160 17.880 0.012
54021.234 17.905 0.062
54023.040 18.014 0.014
54025.080 18.069 0.012
54028.100 18.190 0.012
54044.060 18.719 0.047
54046.050 18.618 0.020
54062.214 18.784 0.056
54070.136 18.738 0.121
54072.198 18.963 0.127
54074.105 18.766 0.122
54076.030 19.152 0.027
54076.133 18.926 0.122
54081.101 19.145 0.126
54085.040 19.128 0.018
54100.084 19.540 0.194
