49076.200 10.710
49076.890 10.510
49077.060 10.550
49077.100 10.600
49077.160 10.590
49077.200 10.570
49077.200 10.610
49077.980 10.660
49077.980 10.690
49078.500 10.740
49078.900 10.820
49078.900 10.840
49079.080 10.880
49079.200 11.100
49079.510 10.940
49079.990 11.030
49080.160 10.970
49080.160 11.030
49080.200 11.060
49080.200 11.080
49080.530 11.140
49080.900 11.170
49080.900 11.190
49081.090 11.210
49081.090 11.230
49081.950 11.260
49081.950 11.270
49082.080 11.270
49082.080 11.280
49082.170 11.270
49082.190 11.270
49082.240 11.270
49082.270 11.280
49082.310 11.290
49082.330 11.290
49082.340 11.290
49082.350 11.270
49082.540 11.260
49082.910 11.230
49082.970 11.230
49082.970 11.260
49083.000 11.260
49083.020 11.280
49083.100 11.220
49083.100 11.240
49083.100 11.250
49083.200 11.190
49083.200 11.240
49083.590 11.200
49083.990 11.170
49083.990 11.200
49084.070 11.170
49084.100 11.140
49084.100 11.180
49084.220 11.130
49084.220 11.160
49084.300 11.130
49084.670 11.140
49085.000 11.110
49085.020 11.070
49085.020 11.090
49085.080 11.070
49085.080 11.080
49085.080 11.110
49085.100 11.070
49085.100 11.100
49085.100 11.110
49085.190 11.080
49085.220 11.090
49085.240 11.050
49085.240 11.070
49085.320 11.040
49085.620 11.040
49085.980 10.950
49085.980 10.960
49086.100 10.960
49087.070 10.910
49087.160 10.940
49087.160 10.980
49087.180 10.890
49087.230 10.860
49087.230 10.890
49087.400 10.850
49087.530 10.850
49087.890 10.780
49087.930 10.740
49087.930 10.760
49088.010 10.780
49088.010 10.820
49088.060 10.780
49088.060 10.810
49088.210 10.750
49088.210 10.780
49088.270 10.790
49088.930 10.690
49089.200 10.670
49089.640 10.650
49089.870 10.640
49090.000 10.620
49090.200 10.590
49090.200 10.630
49090.300 10.590
49090.880 10.550
49091.040 10.540
49091.120 10.520
49091.170 10.550
49091.200 10.520
49091.200 10.560
49091.300 10.530
49091.550 10.530
49091.880 10.500
49091.980 10.470
49092.150 10.480
49092.460 10.470
49092.880 10.440
49093.050 10.440
49093.190 10.430
49093.200 10.410
49093.200 10.420
49093.300 10.420
49093.480 10.440
49093.890 10.420
49094.000 10.390
49094.190 10.390
49094.200 10.380
49094.200 10.410
49094.200 10.440
49094.470 10.410
49094.930 10.380
49095.070 10.400
49095.150 10.370
49095.200 10.380
49095.240 10.370
49095.300 10.380
49095.480 10.410
49096.040 10.380
49096.100 10.370
49096.150 10.370
49096.200 10.360
49096.200 10.410
49096.450 10.390
49097.100 10.380
49097.150 10.380
49097.200 10.400
49097.300 10.390
49097.440 10.400
49098.080 10.440
49098.100 10.360
49098.130 10.430
49098.280 10.410
49098.960 10.400
49098.960 10.410
49099.150 10.410
49099.200 10.370
49099.200 10.460
49100.200 10.440
49100.200 10.470
49100.250 10.460
49100.300 10.470
49100.910 10.490
49100.960 10.480
49100.960 10.480
49100.960 10.490
49100.960 10.490
49101.030 10.520
49101.090 10.520
49101.100 10.520
49101.120 10.530
49101.150 10.510
49101.200 10.560
49101.890 10.600
49102.170 10.580
49102.200 10.550
49102.910 10.600
49102.910 10.610
49102.910 10.620
49103.100 10.640
49103.200 10.590
49103.250 10.650
49104.200 10.680
49104.300 10.680
49104.910 10.730
49105.070 10.730
49105.100 10.730
49105.150 10.730
49105.200 10.700
49105.200 10.760
49105.300 10.690
49105.870 10.780
49105.870 10.810
49106.200 10.750
49106.200 10.790
49106.300 10.800
49106.900 10.790
49106.900 10.800
49107.300 10.740
49107.490 10.860
49107.880 10.850
49107.880 10.860
49108.200 10.810
49108.200 10.860
49109.200 10.850
49109.200 10.920
49110.200 10.860
49110.200 10.970
49111.300 10.920
49112.200 10.950
49112.890 11.030
49112.890 11.050
49114.200 11.020
49115.200 11.130
49116.200 11.150
49116.300 11.080
49117.300 11.090
49118.200 11.100
49121.300 11.210
49121.300 11.270
49121.900 11.280
49122.300 11.220
49122.300 11.300
49122.900 11.300
49122.900 11.310
49123.200 11.320
49123.300 11.250
49123.880 11.310
49124.300 11.260
49126.200 11.400
49126.300 11.320
49128.300 11.350
49128.300 11.420
49129.300 11.360
49129.300 11.450
49129.880 11.460
49129.880 11.470
49130.300 11.400
49130.300 11.460
49131.910 11.480
49131.910 11.490
49132.880 11.520
49135.200 11.510
49136.300 11.530
49141.300 11.580
49141.300 11.690
49146.200 11.720
49147.200 11.760
49147.300 11.800
49149.300 11.760
49150.200 11.790
49151.200 11.810
49152.300 11.820
49154.300 11.880
49156.300 11.910
49157.300 11.940
49157.900 12.020
49158.300 11.940
49158.940 12.040
49159.200 11.940
49159.920 12.060
49160.300 12.000
49161.200 12.000
49162.200 12.040
49163.200 12.060
49164.200 12.080
49165.200 12.080
49165.200 12.160
49166.200 12.140
49167.200 12.120
49167.200 12.190
49168.200 12.170
49169.200 12.190
49169.200 12.220
49170.200 12.200
49171.200 12.200
49171.200 12.320
49172.200 12.230
49173.200 12.230
49173.200 12.350
49174.200 12.290
49177.200 12.330
49179.200 12.390
49179.200 12.470
49180.200 12.400
49180.200 12.490
49181.200 12.420
49182.200 12.420
49182.200 12.520
49183.200 12.480
49183.940 12.560
49184.200 12.490
49184.200 12.570
49185.200 12.520
49186.200 12.550
49187.200 12.690
49188.200 12.590
49198.930 12.900
49245.880 13.910
49259.400 14.230
49297.950 14.810
49308.500 15.120
49310.400 15.130
49312.300 15.150
49314.600 15.020
49317.300 15.280
49322.300 15.300
49323.200 15.280
49323.500 15.200
49324.300 15.330
49326.300 15.380
49326.500 15.220
49328.400 15.430
49333.500 15.350
49337.500 15.400
49340.500 15.410
49344.400 15.760
49346.500 15.530
49350.200 15.810
49358.300 15.910
49358.500 15.710
49359.500 15.940
49362.200 15.920
49363.200 15.910
49364.200 15.790
49368.300 16.020
49368.400 15.860
49370.200 15.870
49380.400 16.200
49381.400 16.060
49382.300 16.240
49384.400 16.150
49385.040 16.290
49387.400 16.190
49392.400 16.210
49393.890 16.250
49393.890 16.250
49393.890 16.290
49393.890 16.290
49395.400 16.240
49397.400 16.430
49398.300 16.290
49404.200 16.510
49404.300 16.350
49406.940 16.540
49407.300 16.420
49408.300 16.490
49412.200 16.600
49415.300 16.590
49418.200 16.670
49418.300 16.650
49420.200 16.690
49422.000 16.730
49422.400 16.840
49423.000 16.730
49423.000 16.730
49424.000 16.730
49424.300 16.600
49424.300 16.790
49428.030 16.890
49434.400 16.880
49437.200 16.960
49438.300 17.070
49461.920 17.440
49498.910 17.700
49513.950 17.850
49728.070 18.620
49737.140 18.450
