49076.200 10.650 999.000
49076.890 10.600 999.000
49077.060 10.640 999.000
49077.100 10.640 999.000
49077.160 10.700 999.000
49077.200 10.700 999.000
49077.200 10.730 999.000
49077.980 10.820 999.000
49077.980 10.830 999.000
49078.500 10.980 999.000
49078.900 11.050 999.000
49079.080 11.060 999.000
49079.200 11.200 999.000
49079.510 11.210 999.000
49079.990 11.300 999.000
49079.990 11.320 999.000
49080.160 11.260 999.000
49080.160 11.300 999.000
49080.200 11.360 999.000
49080.200 11.440 999.000
49080.530 11.420 999.000
49080.900 11.410 999.000
49080.900 11.430 999.000
49081.090 11.470 999.000
49081.090 11.500 999.000
49081.950 11.500 999.000
49081.950 11.520 999.000
49082.080 11.500 999.000
49082.080 11.510 999.000
49082.170 11.530 999.000
49082.190 11.530 999.000
49082.240 11.510 999.000
49082.270 11.550 999.000
49082.310 11.550 999.000
49082.330 11.530 999.000
49082.340 11.530 999.000
49082.350 11.510 999.000
49082.540 11.480 999.000
49082.910 11.450 999.000
49082.910 11.470 999.000
49082.970 11.440 999.000
49082.970 11.450 999.000
49083.000 11.480 999.000
49083.020 11.500 999.000
49083.100 11.450 999.000
49083.100 11.470 999.000
49083.100 11.480 999.000
49083.200 11.450 999.000
49083.200 11.480 999.000
49083.590 11.370 999.000
49083.990 11.380 999.000
49084.070 11.360 999.000
49084.100 11.360 999.000
49084.100 11.400 999.000
49084.220 11.370 999.000
49084.220 11.410 999.000
49084.300 11.380 999.000
49084.670 11.230 999.000
49085.000 11.310 999.000
49085.020 11.240 999.000
49085.020 11.250 999.000
49085.080 11.250 999.000
49085.080 11.260 999.000
49085.080 11.290 999.000
49085.100 11.240 999.000
49085.100 11.250 999.000
49085.190 11.250 999.000
49085.220 11.300 999.000
49085.240 11.260 999.000
49085.240 11.310 999.000
49085.320 11.240 999.000
49085.620 11.190 999.000
49085.980 11.110 999.000
49085.980 11.130 999.000
49086.100 11.140 999.000
49087.070 11.010 999.000
49087.070 11.040 999.000
49087.160 11.010 999.000
49087.160 11.020 999.000
49087.180 11.020 999.000
49087.230 11.020 999.000
49087.230 11.040 999.000
49087.400 11.020 999.000
49087.530 10.980 999.000
49087.890 10.830 999.000
49087.890 10.850 999.000
49087.900 10.890 999.000
49087.900 10.890 999.000
49087.900 10.940 999.000
49087.900 10.940 999.000
49087.930 10.830 999.000
49087.930 10.860 999.000
49088.010 10.850 999.000
49088.010 10.860 999.000
49088.060 10.850 999.000
49088.210 10.900 999.000
49088.210 10.940 999.000
49088.270 10.880 999.000
49089.200 10.830 999.000
49089.640 10.770 999.000
49090.200 10.730 999.000
49090.200 10.750 999.000
49090.300 10.740 999.000
49091.120 10.650 999.000
49091.170 10.660 999.000
49091.200 10.640 999.000
49091.200 10.680 999.000
49091.300 10.660 999.000
49091.550 10.630 999.000
49092.150 10.600 999.000
49092.460 10.580 999.000
49092.880 10.450 999.000
49092.880 10.450 999.000
49092.880 10.470 999.000
49092.880 10.470 999.000
49093.190 10.530 999.000
49093.200 10.520 999.000
49093.200 10.590 999.000
49093.300 10.580 999.000
49093.480 10.540 999.000
49094.200 10.500 999.000
49094.200 10.550 999.000
49094.470 10.520 999.000
49095.070 10.500 999.000
49095.150 10.480 999.000
49095.200 10.520 999.000
49095.240 10.490 999.000
49095.300 10.560 999.000
49095.480 10.510 999.000
49095.900 10.320 999.000
49095.900 10.320 999.000
49095.900 10.400 999.000
49095.900 10.400 999.000
49096.040 10.510 999.000
49096.100 10.440 999.000
49096.100 10.530 999.000
49096.150 10.490 999.000
49096.150 10.500 999.000
49096.200 10.450 999.000
49096.200 10.500 999.000
49096.200 10.510 999.000
49096.450 10.510 999.000
49096.870 10.370 999.000
49096.870 10.370 999.000
49096.870 10.380 999.000
49096.870 10.380 999.000
49097.100 10.510 999.000
49097.150 10.500 999.000
49097.200 10.560 999.000
49097.300 10.570 999.000
49097.440 10.510 999.000
49098.080 10.580 999.000
49098.100 10.540 999.000
49098.130 10.580 999.000
49098.280 10.550 999.000
49098.830 10.440 999.000
49098.830 10.440 999.000
49098.830 10.450 999.000
49098.830 10.450 999.000
49098.960 10.540 999.000
49098.960 10.560 999.000
49099.150 10.600 999.000
49099.200 10.610 999.000
49099.200 10.700 999.000
49099.830 10.490 999.000
49099.830 10.490 999.000
49099.830 10.500 999.000
49099.830 10.500 999.000
49100.200 10.660 999.000
49100.200 10.740 999.000
49100.250 10.660 999.000
49100.300 10.750 999.000
49100.910 10.660 999.000
49100.910 10.670 999.000
49100.960 10.640 999.000
49100.960 10.640 999.000
49100.960 10.660 999.000
49100.960 10.660 999.000
49101.030 10.710 999.000
49101.090 10.700 999.000
49101.100 10.730 999.000
49101.120 10.710 999.000
49101.150 10.720 999.000
49101.200 10.750 999.000
49101.890 10.820 999.000
49101.890 10.830 999.000
49102.170 10.790 999.000
49102.200 10.820 999.000
49102.910 10.770 999.000
49102.910 10.830 999.000
49103.100 10.840 999.000
49103.250 10.860 999.000
49103.810 10.790 999.000
49103.810 10.790 999.000
49104.200 10.950 999.000
49104.300 10.950 999.000
49104.300 11.000 999.000
49104.830 10.860 999.000
49104.830 10.860 999.000
49104.910 10.880 999.000
49104.910 10.890 999.000
49105.070 10.950 999.000
49105.100 11.000 999.000
49105.150 10.960 999.000
49105.200 10.990 999.000
49105.200 11.060 999.000
49105.300 10.980 999.000
49105.870 10.940 999.000
49106.200 11.050 999.000
49106.300 11.060 999.000
49106.900 10.980 999.000
49106.900 10.990 999.000
49107.300 11.100 999.000
49107.490 11.060 999.000
49107.880 11.030 999.000
49107.880 11.040 999.000
49108.200 11.140 999.000
49108.200 11.160 999.000
49109.200 11.180 999.000
49109.200 11.230 999.000
49110.200 11.170 999.000
49110.200 11.270 999.000
49111.300 11.280 999.000
49112.200 11.310 999.000
49112.890 11.280 999.000
49112.890 11.290 999.000
49114.200 11.370 999.000
49115.200 11.480 999.000
49116.200 11.500 999.000
49116.300 11.440 999.000
49117.300 11.510 999.000
49118.200 11.550 999.000
49121.300 11.630 999.000
49121.300 11.640 999.000
49121.900 11.560 999.000
49121.900 11.570 999.000
49122.300 11.650 999.000
49122.300 11.680 999.000
49122.900 11.600 999.000
49123.200 11.700 999.000
49123.300 11.690 999.000
49124.300 11.700 999.000
49125.990 11.690 999.000
49126.200 11.770 999.000
49126.300 11.750 999.000
49128.300 11.790 999.000
49128.300 11.820 999.000
49129.300 11.840 999.000
49129.300 11.850 999.000
49129.880 11.740 999.000
49129.880 11.760 999.000
49130.300 11.840 999.000
49130.300 11.860 999.000
49131.910 11.810 999.000
49131.910 11.820 999.000
49132.880 11.830 999.000
49132.880 11.850 999.000
49135.200 12.000 999.000
49136.300 11.980 999.000
49141.300 12.010 999.000
49141.300 12.070 999.000
49146.200 12.150 999.000
49147.200 12.210 999.000
49147.300 12.220 999.000
49149.300 12.220 999.000
49150.200 12.250 999.000
49151.200 12.250 999.000
49152.300 12.310 999.000
49154.300 12.330 999.000
49156.300 12.330 999.000
49157.300 12.350 999.000
49157.900 12.400 999.000
49158.300 12.440 999.000
49158.940 12.390 999.000
49159.200 12.450 999.000
49159.920 12.410 999.000
49160.300 12.430 999.000
49161.200 12.470 999.000
49161.920 12.440 999.000
49162.200 12.500 999.000
49163.200 12.520 999.000
49164.200 12.580 999.000
49165.200 12.600 999.000
49166.200 12.600 999.000
49167.200 12.640 999.000
49168.200 12.640 999.000
49168.200 12.650 999.000
49169.200 12.660 999.000
49170.200 12.670 999.000
49170.200 12.680 999.000
49171.200 12.690 999.000
49172.200 12.650 999.000
49172.200 12.720 999.000
49173.200 12.720 999.000
49174.200 12.760 999.000
49174.200 12.790 999.000
49179.200 12.810 999.000
49180.200 12.840 999.000
49180.200 12.890 999.000
49181.200 12.960 999.000
49182.200 12.950 999.000
49183.200 12.980 999.000
49183.940 12.960 999.000
49184.200 13.010 999.000
49185.200 13.010 999.000
49186.200 13.060 999.000
49187.200 13.050 999.000
49188.200 13.150 999.000
49198.930 13.290 999.000
49245.880 14.150 999.000
49256.400 14.460 999.000
49259.400 14.420 999.000
49275.080 14.520 999.000
49275.080 14.520 999.000
49275.080 14.530 999.000
49275.080 14.530 999.000
49297.950 14.830 999.000
49308.500 15.240 999.000
49310.400 15.220 999.000
49314.400 15.250 999.000
49314.600 14.970 999.000
49317.300 15.300 999.000
49322.300 15.380 999.000
49323.200 15.220 999.000
49323.500 15.130 999.000
49324.300 15.430 999.000
49326.300 15.410 999.000
49326.500 15.150 999.000
49333.100 15.190 999.000
49333.100 15.190 999.000
49333.100 15.220 999.000
49333.100 15.220 999.000
49333.500 15.190 999.000
49337.500 15.270 999.000
49339.400 15.690 999.000
49340.500 15.330 999.000
49343.400 15.640 999.000
49345.500 15.750 999.000
49346.500 15.410 999.000
49349.040 15.510 999.000
49349.300 15.740 999.000
49350.200 15.750 999.000
49358.300 15.860 999.000
49358.310 15.690 999.000
49358.500 15.580 999.000
49359.500 15.890 999.000
49360.200 15.860 999.000
49362.200 15.880 999.000
49363.200 15.910 999.000
49364.200 15.620 999.000
49367.960 15.860 999.000
49367.960 15.860 999.000
49368.300 16.000 999.000
49368.400 15.650 999.000
49370.200 15.720 999.000
49380.400 16.130 999.000
49381.400 15.820 999.000
49382.300 16.190 999.000
49384.400 15.920 999.000
49385.040 16.090 999.000
49387.400 15.930 999.000
49392.400 16.010 999.000
49392.500 16.200 999.000
49393.890 16.190 999.000
49393.890 16.190 999.000
49394.300 16.320 999.000
49395.400 16.030 999.000
49395.400 16.320 999.000
49397.400 16.370 999.000
49398.300 16.000 999.000
49404.300 16.160 999.000
49405.300 16.470 999.000
49406.400 16.490 999.000
49406.940 16.410 999.000
49407.200 16.480 999.000
49407.300 16.150 999.000
49408.300 16.480 999.000
49413.200 16.540 999.000
49415.300 16.290 999.000
49418.200 16.570 999.000
49418.300 16.280 999.000
49420.200 16.510 999.000
49422.000 16.540 999.000
49422.400 16.680 999.000
49423.000 16.540 999.000
49423.000 16.550 999.000
49424.000 16.550 999.000
49424.300 16.250 999.000
49424.300 16.710 999.000
49428.030 16.640 999.000
49437.200 16.890 999.000
49438.300 16.430 999.000
49461.920 16.870 999.000
49498.910 17.280 999.000
49513.950 17.380 999.000
49716.300 17.850 999.000
49737.140 17.890 999.000
49831.950 17.670 999.000
