49076.890	9.910	0.0715985526335
49076.890	9.950	0.0445324153652
49077.060	9.980	0.0504133822296
49077.060	10.020	0.0552970738678
49077.980	10.530	0.0430971946268
49077.980	10.550	0.0597021027841
49078.900	11.040	0.0486084259966
49078.900	11.050	0.0471353182675
49079.080	11.110	0.0474862484725
49079.990	11.460	0.0587565310911
49079.990	11.480	0.0483997688463
49080.160	11.570	0.0499609638921
49080.200	11.160	0.0411198889993
49080.200	11.430	0.041043026166
49080.900	11.680	0.0484649456941
49080.900	11.760	0.045201426045
49081.090	11.780	0.0364472302707
49081.090	11.800	0.030366599964
49081.950	11.850	0.0573929520269
49082.080	11.880	0.0556080386692
49082.910	11.930	0.0434814394784
49082.970	11.940	0.0431112068533
49083.100	11.920	0.0358069644409
49083.100	11.930	0.0608203185532
49083.200	11.820	0.0401856746967
49083.750	12.000	0.054539733737
49083.990	11.950	0.0584596562464
49083.990	11.960	0.0571373889177
49084.220	11.840	0.0551375821667
49084.220	11.860	0.0470003928452
49084.300	11.830	0.0448119614166
49085.020	11.880	0.0503676647963
49085.020	11.900	0.0601407824386
49085.100	11.880	0.0587147843569
49085.100	11.890	0.0518992076491
49085.240	11.860	0.065478358476
49085.320	11.840	0.0492923524397
49085.980	11.780	0.0460177857321
49085.980	11.800	0.0532329373351
49087.070	11.700	0.0580520504348
49087.070	11.720	0.0326079667287
49087.160	11.690	0.0253055442299
49087.160	11.720	0.0586151387575
49087.230	11.670	0.0602798754866
49087.230	11.820	0.0467485957587
49087.400	11.760	0.0425180063621
49087.750	11.700	0.0409238497275
49087.890	11.630	0.0510474800183
49087.930	11.630	0.0422428095646
49088.010	11.630	0.0501889067941
49088.010	11.650	0.0532319659553
49088.060	11.620	0.053052071135
49088.060	11.660	0.0391175428678
49088.210	11.550	0.0370318369486
49088.740	11.430	0.0535051066873
49089.200	11.440	0.0232000742949
49090.200	11.340	0.048666110988
49090.200	11.640	0.0549500771115
49090.300	11.650	0.0403152600765
49090.870	11.520	0.040638986881
49091.170	11.350	0.0491526859709
49091.200	11.320	0.0532341209803
49091.300	11.630	0.0570022854286
49092.150	11.340	0.0588805492015
49093.190	11.340	0.0428990760009
49093.200	11.200	0.0400759751134
49093.840	11.390	0.0480707402917
49093.880	11.320	0.049936388878
49093.890	11.380	0.0448094290728
49094.190	11.370	0.0426958129121
49094.200	11.320	0.0671312930962
49095.150	11.400	0.0391914507313
49095.200	11.440	0.0483261752175
49095.240	11.420	0.054773217495
49096.150	11.480	0.0648802040583
49096.200	11.410	0.043751609719
49096.870	11.320	0.0431027841792
49097.150	11.620	0.0299833002845
49097.200	11.580	0.0455886182719
49098.280	11.780	0.0371194081826
49098.850	12.130	0.0624164282099
49099.150	11.980	0.0574097011511
49099.200	11.630	0.0342293517521
49099.810	12.180	0.0429274802748
49100.200	12.220	0.0564013135437
49100.200	12.680	0.0496912252804
49100.300	12.690	0.0500362142346
49100.820	12.460	0.0647864775617
49101.150	12.520	0.0478403605549
49101.770	12.710	0.0336746979839
49102.170	12.750	0.0397916982899
49102.800	13.030	0.0350505430029
49102.910	12.920	0.0554326127423
49102.910	12.940	0.0504629447322
49102.910	12.950	0.048259106664
49103.250	13.020	0.028199079727
49103.950	13.130	0.0622842102934
49104.200	13.580	0.0265364807714
49104.300	13.300	0.0408213516442
49104.300	13.580	0.0461485069808
49104.910	13.330	0.0437791152385
49105.200	13.750	0.0446779764287
49105.300	13.430	0.0568229653188
49105.870	13.450	0.0751773271116
49105.870	13.470	0.0467906222371
49106.200	13.510	0.0528432616984
49106.200	13.560	0.0358277616088
49106.300	13.570	0.0566010234989
49106.900	13.630	0.0547713904777
49107.300	13.620	0.0648202444766
49107.880	13.700	0.0519405085118
49107.880	13.720	0.0470471897324
49108.200	13.640	0.0663325035251
49108.200	14.350	0.0643325645971
49109.200	13.770	0.0451486012527
49109.200	14.410	0.0540456869775
49110.200	13.610	0.0407900341069
49110.200	13.820	0.0636149694875
49111.300	13.660	0.0576506302619
49112.200	13.780	0.0510482082428
49112.890	14.070	0.0560286930315
49112.890	14.100	0.0417009633146
49114.200	13.740	0.0338403452796
49116.200	14.390	0.0357647125173
49116.300	13.880	0.0282851462498
49117.300	13.780	0.0487907649974
49121.300	13.740	0.0448936727748
49121.900	14.430	0.0371527334256
49121.900	14.450	0.0565743361763
49122.300	13.890	0.0529619229917
49122.900	14.370	0.0457312318451
49123.300	13.710	0.0693657866654
49124.300	13.710	0.0491900505341
49129.300	13.970	0.0472985750022
49129.880	14.400	0.0575875242661
49129.880	14.410	0.0455060183006
49130.300	14.010	0.0737741347223
49131.910	14.440	0.0425977726844
49131.910	14.460	0.0458616575928
49132.880	14.410	0.0475303738936
49132.880	14.430	0.0392320814186
49141.300	14.170	0.0575894151227
49146.200	14.060	0.0569139219339
49147.200	14.210	0.0504105722158
49147.300	14.400	0.0420211234311
49149.300	14.070	0.0523317073187
49150.200	14.090	0.045442234586
49151.200	14.050	0.0384933650155
49152.300	14.050	0.046982277978
49154.300	14.040	0.0520110525861
49156.300	14.090	0.0511084628983
49157.300	13.980	0.0663667008589
49157.900	14.330	0.0499817384794
49158.300	13.890	0.0490585513823
49158.940	14.370	0.0474911496916
49159.920	14.350	0.0486818575097
49160.300	13.830	0.0541787035474
49161.200	13.880	0.0545902288388
49161.920	14.360	0.038981858703
49162.200	14.050	0.05324314895
49163.200	14.080	0.0695551858515
49164.200	14.050	0.0691708921638
49165.200	14.550	0.046923077363
49166.200	14.190	0.0533335762994
49167.200	14.090	0.0367507795009
49167.200	14.410	0.0571119724676
49168.200	14.190	0.0479522727854
49168.200	14.410	0.0492663108741
49169.200	14.140	0.0607367123348
49169.200	14.350	0.0704836952603
49170.200	14.330	0.0710979418536
49170.200	14.350	0.0261714858114
49172.200	14.440	0.0573859588476
49173.200	14.090	0.0501363897049
49173.200	14.370	0.0582498239105
49174.200	14.370	0.0529374365856
49179.200	14.580	0.0459280630669
49181.200	14.480	0.0569940242726
49183.940	14.480	0.0422622785805
49198.930	14.720	0.0596927562855
49245.880	15.190	0.0540643045618
49297.950	16.320	0.0536250664906
49323.200	16.800	0.0451725005474
49385.040	17.540	0.0390069214376
49406.940	17.740	0.0410088168637
49428.030	17.820	0.0490000123959
49461.920	18.110	0.0301395004835
49498.910	18.270	0.0373008012764
49513.950	18.050	0.0570409307336
49737.140	18.640	0.0563529831229
49831.950	18.450	0.040112446968
