49076.000 10.750
49076.200 10.690
49076.890 10.700
49077.000 10.750
49077.060 10.760
49077.160 10.800
49077.200 10.800
49077.200 10.820
49077.980 11.020
49077.980 11.040
49078.500 11.210
49078.660 11.220
49078.900 11.300
49079.080 11.360
49079.200 11.380
49079.490 11.500
49079.510 11.480
49079.990 11.600
49079.990 11.620
49080.160 11.640
49080.160 11.650
49080.200 11.670
49080.200 11.680
49080.530 11.760
49080.560 11.760
49080.900 11.790
49081.090 11.810
49081.090 11.860
49081.950 11.900
49082.080 11.910
49082.080 11.920
49082.170 11.870
49082.190 11.900
49082.240 11.900
49082.270 11.910
49082.310 11.900
49082.330 11.880
49082.340 11.880
49082.350 11.860
49082.490 11.880
49082.540 11.850
49082.610 11.890
49082.660 11.980
49082.910 11.840
49082.910 11.860
49082.970 11.880
49083.000 11.840
49083.020 11.860
49083.100 11.840
49083.100 11.850
49083.100 11.860
49083.200 11.830
49083.200 11.840
49083.490 11.840
49083.590 11.780
49083.680 11.790
49083.760 11.850
49083.990 11.800
49084.070 11.740
49084.100 11.750
49084.220 11.730
49084.220 11.750
49084.300 11.720
49084.500 11.700
49084.610 11.690
49084.670 11.650
49085.000 11.630
49085.020 11.640
49085.080 11.630
49085.080 11.640
49085.100 11.630
49085.100 11.640
49085.190 11.620
49085.220 11.640
49085.240 11.630
49085.240 11.660
49085.320 11.610
49085.580 11.680
49085.620 11.560
49085.980 11.500
49085.980 11.520
49086.100 11.490
49086.540 11.460
49086.660 11.520
49087.070 11.390
49087.160 11.360
49087.160 11.390
49087.180 11.370
49087.230 11.310
49087.230 11.370
49087.400 11.250
49087.470 11.330
49087.530 11.310
49087.610 11.460
49087.760 11.120
49087.890 11.280
49087.890 11.290
49087.900 11.310
49087.900 11.310
49087.900 11.390
49087.900 11.390
49087.930 11.290
49087.930 11.310
49088.010 11.280
49088.060 11.320
49088.210 11.230
49088.210 11.270
49088.270 11.250
49088.660 11.300
49088.760 11.220
49088.930 11.170
49088.930 11.180
49089.200 11.140
49089.480 11.110
49089.560 11.240
49089.640 11.120
49089.870 11.100
49090.000 11.080
49090.000 11.090
49090.200 11.030
49090.200 11.050
49090.300 11.040
49090.580 11.170
49090.880 11.010
49091.040 11.000
49091.120 11.000
49091.170 10.980
49091.200 10.960
49091.200 10.970
49091.300 10.980
49091.550 10.970
49091.630 11.030
49091.880 10.940
49091.880 10.950
49091.980 10.930
49091.980 10.940
49092.150 10.910
49092.460 10.930
49092.880 10.850
49092.880 10.850
49092.880 10.860
49092.880 10.860
49092.880 10.890
49092.880 10.900
49093.050 10.900
49093.190 10.890
49093.200 10.830
49093.200 10.890
49093.300 10.890
49093.480 10.880
49093.600 10.880
49093.860 10.850
49093.890 10.860
49093.890 10.870
49093.910 10.870
49093.970 10.850
49093.970 10.850
49094.000 10.850
49094.000 10.860
49094.190 10.840
49094.200 10.820
49094.200 10.890
49094.470 10.860
49094.610 11.000
49094.930 10.900
49095.000 10.750
49095.070 10.840
49095.150 10.840
49095.200 10.850
49095.240 10.810
49095.300 10.850
49095.480 10.860
49095.640 10.970
49095.900 10.910
49095.900 10.910
49096.000 10.750
49096.040 10.860
49096.100 10.870
49096.150 10.840
49096.150 10.860
49096.200 10.820
49096.200 10.830
49096.450 10.870
49096.630 10.850
49096.840 10.720
49096.870 10.870
49096.870 10.870
49096.870 10.880
49096.870 10.880
49096.900 10.850
49096.900 10.850
49097.100 10.880
49097.150 10.860
49097.200 10.900
49097.300 10.860
49097.440 10.910
49097.610 11.040
49098.080 10.940
49098.100 10.920
49098.130 10.930
49098.280 10.910
49098.830 10.980
49098.830 10.980
49098.830 11.010
49098.830 11.010
49098.960 10.990
49098.960 11.000
49099.150 11.000
49099.200 10.990
49099.200 11.000
49099.790 11.060
49099.830 11.050
49099.830 11.050
49099.830 11.070
49099.830 11.070
49099.870 10.630
49100.200 11.090
49100.250 11.120
49100.300 11.100
49100.510 11.270
49100.790 11.080
49100.910 11.160
49100.910 11.180
49100.960 11.160
49100.960 11.160
49100.960 11.170
49100.960 11.170
49101.030 11.160
49101.090 11.190
49101.100 11.200
49101.120 11.190
49101.150 11.180
49101.200 11.190
49101.790 11.040
49101.890 11.240
49102.170 11.310
49102.200 11.280
49102.620 11.270
49102.720 11.400
49102.840 11.320
49102.910 11.330
49102.910 11.350
49102.910 11.360
49103.100 11.360
49103.250 11.390
49103.580 11.550
49103.740 11.460
49103.810 11.430
49103.810 11.430
49104.200 11.470
49104.300 11.470
49104.610 11.640
49104.830 11.510
49104.830 11.510
49104.910 11.510
49104.910 11.520
49105.070 11.530
49105.100 11.580
49105.150 11.530
49105.200 11.530
49105.200 11.590
49105.300 11.550
49105.870 11.610
49105.870 11.630
49106.200 11.620
49106.300 11.630
49106.900 11.680
49107.300 11.680
49107.490 11.690
49107.880 11.720
49107.880 11.740
49108.200 11.730
49108.200 11.740
49109.200 11.800
49109.200 11.830
49110.200 11.830
49110.200 11.890
49111.300 11.920
49111.660 12.040
49112.200 11.960
49112.610 12.050
49112.890 12.000
49112.890 12.010
49113.750 12.100
49114.200 12.020
49114.700 12.070
49115.200 12.090
49116.200 12.120
49116.300 12.100
49117.300 12.140
49118.200 12.200
49118.690 12.210
49119.470 12.250
49121.300 12.250
49121.300 12.270
49121.620 12.370
49121.900 12.260
49122.300 12.260
49122.300 12.290
49122.650 12.350
49122.900 12.310
49122.900 12.320
49123.200 12.310
49123.300 12.280
49123.490 12.380
49123.880 12.320
49123.880 12.330
49124.300 12.300
49125.990 12.380
49126.200 12.370
49126.300 12.360
49128.300 12.400
49129.300 12.440
49129.300 12.450
49129.880 12.450
49129.880 12.460
49130.300 12.430
49130.300 12.450
49131.910 12.480
49131.910 12.490
49132.880 12.490
49132.880 12.510
49135.200 12.560
49136.300 12.540
49141.300 12.610
49141.300 12.650
49146.200 12.730
49147.200 12.750
49147.300 12.760
49149.300 12.750
49150.200 12.800
49151.200 12.810
49152.300 12.830
49154.300 12.860
49156.300 12.900
49156.880 12.950
49156.880 12.950
49157.300 12.910
49157.900 12.960
49158.300 12.930
49158.940 12.980
49159.200 12.950
49159.920 12.990
49160.300 12.950
49161.200 12.980
49161.920 13.030
49162.200 13.020
49163.200 13.020
49164.200 13.030
49165.200 13.040
49165.200 13.090
49166.200 13.060
49167.200 13.090
49167.200 13.100
49168.200 13.110
49169.200 13.140
49169.200 13.150
49170.200 13.140
49171.200 13.130
49171.200 13.170
49172.200 13.170
49173.200 13.210
49173.200 13.260
49174.200 13.220
49179.200 13.300
49179.200 13.330
49180.200 13.260
49180.200 13.370
49181.200 13.360
49182.200 13.390
49182.200 13.400
49183.200 13.400
49183.940 13.440
49184.200 13.410
49184.200 13.440
49185.200 13.430
49186.200 13.440
49187.200 13.500
49188.200 13.520
49191.860 13.620
49198.930 13.760
49213.080 14.080
49234.410 14.320
49234.440 14.490
49235.450 14.260
49235.490 14.220
49235.540 14.020
49235.580 14.130
49236.350 14.730
49236.380 14.290
49245.880 14.690
49250.880 14.650
49259.400 15.000
49268.020 15.330
49275.080 15.180
49275.080 15.180
49275.080 15.190
49275.080 15.190
49297.950 15.610
49299.940 15.360
49299.940 15.360
49309.970 15.450
49309.970 15.450
49310.400 15.960
49314.400 15.990
49314.600 15.990
49317.300 16.050
49322.300 16.160
49323.200 16.050
49324.300 16.110
49326.300 16.190
49328.400 16.250
49333.100 16.010
49333.100 16.010
49341.400 16.420
49344.400 16.490
49349.040 16.650
49350.200 16.450
49358.300 16.690
49358.310 16.510
49359.500 16.710
49362.200 16.780
49363.200 16.810
49367.960 16.620
49367.960 16.620
49367.960 16.690
49367.960 16.690
49368.300 16.850
49380.400 17.040
49381.300 17.020
49382.300 17.130
49385.040 16.950
49393.890 17.020
49393.890 17.020
49393.890 17.050
49393.890 17.050
49395.400 17.260
49398.300 17.200
49405.300 17.380
49406.940 17.270
49407.200 17.370
49408.300 17.240
49413.200 17.420
49420.200 17.330
49422.000 17.410
49422.400 17.520
49423.000 17.380
49423.000 17.410
49424.000 17.380
49424.300 17.690
49428.030 17.490
49437.200 17.840
49439.300 17.720
49461.920 18.010
49498.910 18.180
49513.950 18.270
49716.300 18.550
49737.140 18.730
49831.950 18.610
