53219.294 18.579 0.260
53219.300 17.320 0.030
53220.170 17.180 999.000
53220.173 18.149 0.259
53220.200 17.000 0.030
53221.174 17.899 0.258
53223.293 17.279 0.258
53223.300 16.120 0.020
53227.177 16.729 0.258
53227.200 15.550 0.020
53228.214 16.699 0.258
53233.166 16.189 0.258
53233.200 15.010 0.020
53234.177 16.069 0.258
53234.200 14.970 0.020
53235.200 14.940 0.020
53237.267 16.049 0.258
53237.300 14.830 0.020
53242.193 16.039 0.258
53242.200 14.880 0.020
53252.154 16.459 0.258
53252.200 15.310 0.020
53258.100 15.540 0.020
53258.147 16.639 0.258
53261.100 15.670 0.020
53261.139 16.889 0.258
53270.153 17.049 0.258
53270.200 15.950 0.030
53537.281 21.129 0.577
