53219.296 17.182 0.032
53219.300 16.990 0.030
53220.170 16.790 999.000
53220.174 16.782 0.036
53220.200 16.690 0.030
53221.169 16.582 0.029
53221.169 16.582 0.030
53223.287 16.072 0.024
53223.300 15.880 0.020
53227.172 15.522 0.024
53228.207 15.292 0.023
53233.159 14.912 0.022
53233.200 14.740 0.020
53234.171 14.872 0.022
53234.200 14.690 0.020
53237.260 14.712 0.023
53237.300 14.550 0.020
53242.189 14.652 0.023
53242.200 14.500 0.020
53252.100 14.720 0.020
53252.149 14.852 0.022
53258.100 14.910 0.030
53258.143 15.052 0.024
53261.100 15.010 0.020
53261.134 15.122 0.023
53266.100 15.170 0.020
53537.256 19.232 0.037
