5.335229000000003725e+04 1.592099999999999937e+01 6.000000000000000125e-03
5.335314000000013039e+04 1.581499999999999950e+01 7.000000000000000146e-03
5.335620999999996275e+04 1.561100000000000065e+01 8.000000000000000167e-03
5.335716000000014901e+04 1.557300000000000040e+01 6.000000000000000125e-03
5.336110000000009313e+04 1.562100000000000044e+01 6.000000000000000125e-03
5.336925000000000000e+04 1.633399999999999963e+01 8.000000000000000167e-03
5.337216000000014901e+04 1.661799999999999855e+01 8.000000000000000167e-03
5.337316000000014901e+04 1.670100000000000051e+01 6.000000000000000125e-03
5.337627999999979511e+04 1.696499999999999986e+01 7.000000000000000146e-03
5.337718999999994412e+04 1.701800000000000068e+01 8.000000000000000167e-03
5.338016999999992549e+04 1.720799999999999841e+01 1.000000000000000021e-02
5.338116000000014901e+04 1.727100000000000080e+01 1.200000000000000025e-02
5.338316999999992549e+04 1.738899999999999935e+01 1.000000000000000021e-02
5.338418999999994412e+04 1.752400000000000091e+01 5.000000000000000278e-02
5.338514999999990687e+04 1.746699999999999875e+01 1.099999999999999936e-02
5.338616000000014901e+04 1.749399999999999977e+01 1.299999999999999940e-02
5.338716000000014901e+04 1.753099999999999881e+01 1.000000000000000021e-02
5.338820000000018626e+04 1.757100000000000151e+01 1.000000000000000021e-02
5.339016000000014901e+04 1.764499999999999957e+01 1.200000000000000025e-02
5.339410000000009313e+04 1.771799999999999997e+01 1.299999999999999940e-02
5.339618000000016764e+04 1.775199999999999889e+01 1.299999999999999940e-02
5.339814999999990687e+04 1.779200000000000159e+01 1.299999999999999940e-02
5.339914999999990687e+04 1.780999999999999872e+01 1.200000000000000025e-02
5.340710999999986961e+04 1.792299999999999827e+01 1.600000000000000033e-02
5.340814000000013039e+04 1.794000000000000128e+01 1.299999999999999940e-02
5.340914000000013039e+04 1.794099999999999895e+01 1.799999999999999864e-02
5.341016000000014901e+04 1.796300000000000097e+01 1.400000000000000029e-02
5.341210999999986961e+04 1.797400000000000020e+01 1.200000000000000025e-02
5.341316999999992549e+04 1.800100000000000122e+01 1.200000000000000025e-02
5.341510000000009313e+04 1.803500000000000014e+01 1.200000000000000025e-02
5.341612999999988824e+04 1.803800000000000026e+01 1.200000000000000025e-02
