54436.586 16.036 0.011
54438.655 15.951 0.015
54439.089 15.955 0.014
54444.529 16.025 0.012
54445.547 16.070 0.011
54446.527 16.121 0.011
54448.096 16.274 0.013
54452.546 16.598 0.014
54453.556 16.687 0.012
54455.105 16.873 0.022
54456.128 16.996 0.027
54456.567 16.954 0.011
54457.086 17.032 0.030
54458.597 17.034 0.070
54459.569 17.140 0.035
54460.579 17.221 0.024
54462.079 17.377 0.017
54463.072 17.466 0.027
54464.561 17.460 0.008
54465.088 17.494 0.022
54465.529 17.517 0.014
54468.086 17.816 0.120
54469.545 17.741 0.024
54471.128 17.770 0.031
54477.118 18.020 0.027
54483.122 18.157 0.073
54484.076 18.298 0.068
54486.112 18.336 0.071
54486.541 18.509 0.096
54489.563 18.501 0.019
54499.555 18.665 0.092
54525.568 19.300 0.026
54589.931 20.377 0.190
54623.900 20.921 0.200
54634.860 21.083 0.088
54650.848 21.115 0.084
