54436.586 15.798 0.022
54438.655 15.678 0.019
54444.529 15.726 0.012
54445.547 15.746 0.008
54446.527 15.759 0.014
54452.546 16.111 0.035
54453.556 16.184 0.007
54456.567 16.404 0.011
54458.597 16.512 0.095
54459.569 16.621 0.016
54460.579 16.711 0.010
54464.561 16.956 0.013
54465.529 17.069 0.024
54469.545 17.252 0.015
54486.541 17.964 0.037
54489.563 18.130 0.014
54499.555 18.282 0.023
54525.568 19.075 0.050
54589.931 20.007 0.150
54623.900 20.325 0.169
54634.860 20.466 0.133
54650.848 20.483 0.128
