54436.586 16.562 0.016
54438.655 16.533 0.120
54439.092 16.573 0.018
54439.096 16.578 0.021
54444.529 17.036 0.008
54445.547 17.172 0.019
54446.527 17.296 0.019
54448.099 17.520 0.019
54448.103 17.520 0.019
54448.107 17.531 0.019
54452.546 18.078 0.039
54453.556 18.114 0.019
54455.108 18.216 0.058
54455.119 18.183 0.061
54456.131 18.314 0.072
54456.139 18.273 0.093
54456.567 18.430 0.024
54457.089 18.349 0.201
54457.097 18.257 0.207
54458.597 18.540 0.090
54459.569 18.596 0.017
54460.579 18.681 0.021
54462.082 18.722 0.040
54462.090 18.731 0.036
54463.075 18.837 0.054
54463.079 18.760 0.041
54463.083 18.865 0.050
54463.086 18.745 0.035
54464.561 18.902 0.032
54465.095 18.825 0.037
54465.098 18.835 0.039
54465.102 18.836 0.047
54465.529 18.902 0.036
54468.089 19.075 0.147
54468.093 19.024 0.061
54469.545 19.057 0.021
54471.131 19.069 0.177
54477.124 19.329 0.166
54486.115 19.267 0.178
54486.119 19.363 0.227
54489.563 19.629 0.021
54491.099 19.315 0.160
54491.103 19.300 0.150
54499.555 19.754 0.044
