1.200 -16.765 0.002
1.320 -16.749 0.001
1.450 -16.717 0.002
1.600 -16.670 0.002
1.760 -16.605 0.001
1.940 -16.502 0.001
2.130 -16.359 0.001
2.340 -16.228 0.001
2.570 -16.123 0.002
2.830 -15.975 0.001
3.110 -15.801 0.001
3.420 -15.614 0.002
3.760 -15.426 0.001
4.140 -15.219 0.001
4.550 -14.947 0.001
5.000 -14.683 0.002
5.500 -14.447 0.001
6.050 -14.195 0.001
6.660 -13.851 0.002
7.330 -13.491 0.002
8.060 -13.301 0.001
8.870 -13.346 0.002
9.760 -13.566 0.001
10.740 -13.875 0.001
11.810 -14.207 0.001
13.000 -14.538 0.002
14.300 -14.850 0.001
15.730 -15.135 0.002
17.300 -15.386 0.001
19.000 -15.595 0.001
20.900 -15.755 0.002
23.000 -15.854 0.001
25.300 -15.883 0.001
27.830 -15.828 0.001
30.610 -15.686 0.001
