1.200 -16.424 0.002
1.320 -16.423 0.002
1.450 -16.401 0.001
1.600 -16.360 0.002
1.760 -16.317 0.002
1.940 -16.262 0.001
2.130 -16.217 0.001
2.340 -16.170 0.001
2.570 -16.127 0.002
2.830 -16.059 0.002
3.110 -15.976 0.002
3.420 -15.901 0.001
3.760 -15.846 0.002
4.140 -15.795 0.001
4.550 -15.698 0.001
5.000 -15.610 0.002
5.500 -15.572 0.001
6.050 -15.513 0.001
6.660 -15.341 0.002
7.330 -15.186 0.001
8.060 -15.162 0.001
8.870 -15.262 0.002
9.760 -15.435 0.001
10.740 -15.637 0.001
11.810 -15.844 0.001
13.000 -16.050 0.001
14.300 -16.242 0.001
15.730 -16.416 0.001
17.300 -16.570 0.001
19.000 -16.701 0.001
20.900 -16.810 0.001
23.000 -16.891 0.002
25.300 -16.936 0.001
27.830 -16.930 0.002
30.610 -16.857 0.001
