54244.364 18.135 0.025
54247.353 17.917 0.028
54248.180 17.815 0.030
54249.207 17.908 0.025
54251.403 17.754 0.025
54251.434 17.749 0.028
54252.402 17.740 0.022
54252.439 17.704 0.023
54253.397 17.709 0.024
54253.443 17.690 0.021
54256.440 17.714 0.021
54259.360 17.780 0.023
54265.350 18.068 0.029
54266.316 18.119 0.026
54267.360 18.196 0.029
54276.298 18.667 0.042
54277.379 18.686 0.039
54282.245 18.802 0.070
54284.227 18.982 0.081
54285.203 18.973 0.083
54290.172 19.195 0.120
54292.363 19.200 0.172
54295.234 19.160 0.178
54311.238 19.602 0.238
54313.295 19.870 0.240
