54244.369 18.002 0.026
54247.357 17.831 0.026
54248.184 17.856 0.038
54249.212 17.930 0.028
54251.407 17.852 0.026
54251.439 17.865 0.029
54252.406 17.878 0.026
54252.444 17.902 0.028
54253.402 17.825 0.025
54253.448 17.858 0.028
54256.444 17.912 0.025
54259.364 18.065 0.028
54265.354 18.528 0.040
54266.321 18.618 0.038
54267.365 18.680 0.032
54276.303 19.355 0.081
54277.384 19.315 0.067
54284.231 19.484 0.138
54285.207 19.622 0.097
54290.178 19.822 0.113
54292.302 19.591 0.077
54292.369 19.658 0.114
54313.301 20.341 0.289
