54244.367 17.958 0.021
54247.355 17.759 0.026
54248.182 17.755 0.033
54249.209 17.747 0.024
54251.405 17.655 0.019
54251.437 17.663 0.023
54252.404 17.576 0.018
54252.441 17.624 0.020
54253.400 17.643 0.021
54253.445 17.604 0.020
54256.442 17.630 0.017
54259.362 17.757 0.022
54265.352 18.144 0.025
54266.318 18.178 0.026
54267.288 18.355 0.139
54267.363 18.253 0.035
54276.300 18.845 0.042
54277.382 18.927 0.040
54282.247 19.003 0.078
54284.229 19.071 0.096
54285.205 19.188 0.057
54290.175 19.389 0.075
54292.299 19.419 0.065
54292.366 19.459 0.099
54295.273 19.545 0.149
54313.298 20.257 0.136
