2.850 -15.783 0.002
3.140 -15.829 0.001
3.450 -15.880 0.001
3.800 -15.932 0.002
4.180 -15.981 0.002
4.600 -16.032 0.002
5.060 -16.071 0.002
5.570 -16.101 0.001
6.130 -16.136 0.001
6.740 -16.200 0.002
7.410 -16.305 0.001
8.150 -16.439 0.002
8.970 -16.588 0.001
9.870 -16.742 0.002
10.860 -16.898 0.002
11.950 -17.056 0.001
13.150 -17.213 0.002
14.470 -17.363 0.001
15.920 -17.505 0.002
17.510 -17.635 0.002
19.260 -17.745 0.002
21.190 -17.826 0.001
23.310 -17.872 0.002
25.640 -17.866 0.001
28.200 -17.804 0.002
31.020 -17.703 0.002
34.120 -17.623 0.002
37.530 -17.507 0.001
41.280 -17.326 0.001
45.410 -17.110 0.002
49.950 -16.872 0.001
54.950 -16.636 0.001
60.450 -16.413 0.001
66.500 -16.180 0.001
73.200 -15.928 0.002
80.500 -15.651 0.002
88.550 -15.343 0.002
97.410 -14.999 0.001
107.200 -14.632 0.001
117.900 -14.249 0.001
129.700 -13.857 0.002
142.700 -13.451 0.001
157.000 -13.063 0.002
172.700 -12.692 0.002
190.000 -12.327 0.001
