2.850 -15.518 0.001
3.140 -15.556 0.001
3.450 -15.600 0.001
3.800 -15.646 0.002
4.180 -15.691 0.001
4.600 -15.738 0.001
5.060 -15.777 0.001
5.570 -15.805 0.002
6.130 -15.847 0.002
6.740 -15.922 0.002
7.410 -16.042 0.002
8.150 -16.186 0.001
8.970 -16.337 0.002
9.870 -16.491 0.002
10.860 -16.645 0.001
11.950 -16.801 0.001
13.150 -16.954 0.001
14.470 -17.103 0.001
15.920 -17.240 0.001
17.510 -17.364 0.002
19.260 -17.465 0.001
21.190 -17.532 0.002
23.310 -17.560 0.001
25.640 -17.537 0.001
28.200 -17.479 0.002
31.020 -17.383 0.001
34.120 -17.310 0.001
37.530 -17.182 0.002
41.280 -17.027 0.001
45.410 -16.845 0.001
49.950 -16.661 0.001
54.950 -16.397 0.001
60.450 -16.122 0.002
66.500 -15.850 0.001
73.200 -15.588 0.001
80.500 -15.342 0.001
88.550 -15.112 0.001
97.410 -14.897 0.001
107.200 -14.695 0.001
117.900 -14.500 0.001
129.700 -14.311 0.002
142.700 -14.115 0.001
157.000 -13.890 0.001
172.700 -13.608 0.002
190.000 -13.251 0.002
