2.230 -13.291 0.002
2.450 -13.336 0.002
2.700 -13.460 0.001
2.970 -13.571 0.002
3.270 -13.663 0.002
3.600 -13.745 0.001
3.960 -13.824 0.001
4.360 -13.909 0.002
4.800 -14.004 0.002
5.280 -14.108 0.002
5.810 -14.234 0.001
6.390 -14.386 0.001
7.030 -14.560 0.002
7.730 -14.751 0.002
8.500 -14.956 0.001
9.350 -15.168 0.001
10.290 -15.383 0.001
11.320 -15.593 0.001
12.450 -15.796 0.001
13.700 -15.992 0.001
15.070 -16.180 0.001
16.580 -16.361 0.001
18.240 -16.536 0.002
20.060 -16.705 0.001
22.070 -16.869 0.001
24.280 -17.024 0.002
26.710 -17.169 0.001
29.380 -17.297 0.002
32.320 -17.398 0.001
35.550 -17.461 0.002
39.100 -17.476 0.001
43.010 -17.443 0.002
47.310 -17.361 0.002
52.040 -17.243 0.002
57.240 -17.127 0.002
62.960 -17.035 0.002
69.260 -16.964 0.001
76.190 -16.932 0.002
83.810 -16.844 0.001
92.190 -16.752 0.001
101.400 -16.639 0.002
111.500 -16.500 0.002
122.700 -16.334 0.001
135.700 -16.132 0.002
149.300 -15.913 0.001
164.200 -15.676 0.002
180.600 -15.416 0.002
198.700 -15.124 0.002
