2.230 -12.393 0.002
2.450 -12.268 0.001
2.700 -12.204 0.002
2.970 -12.161 0.001
3.270 -12.112 0.001
3.600 -12.066 0.001
3.960 -12.035 0.002
4.360 -12.029 0.001
4.800 -12.056 0.001
5.280 -12.103 0.002
5.810 -12.196 0.001
6.390 -12.354 0.002
7.030 -12.573 0.002
7.730 -12.841 0.001
8.500 -13.143 0.001
9.350 -13.464 0.001
10.290 -13.788 0.002
11.320 -14.103 0.002
12.450 -14.403 0.002
13.700 -14.689 0.001
15.070 -14.959 0.001
16.580 -15.214 0.001
18.240 -15.454 0.001
20.060 -15.680 0.002
22.070 -15.891 0.002
24.280 -16.081 0.001
26.710 -16.238 0.001
29.380 -16.301 0.001
32.320 -16.338 0.001
35.550 -16.311 0.001
39.100 -16.196 0.001
43.010 -16.007 0.002
47.310 -15.756 0.001
52.040 -15.460 0.001
57.240 -15.242 0.001
62.960 -15.115 0.002
69.260 -15.059 0.002
76.190 -15.020 0.002
83.810 -15.014 0.002
92.190 -14.992 0.001
101.400 -14.949 0.002
111.500 -14.866 0.001
122.700 -14.735 0.001
135.700 -14.556 0.001
149.300 -14.323 0.001
164.200 -14.027 0.001
180.600 -13.650 0.002
198.700 -13.216 0.002
