2.230 -12.408 0.002
2.450 -11.940 0.002
2.700 -11.480 0.001
2.970 -11.050 0.001
3.270 -10.657 0.001
3.600 -10.307 0.001
3.960 -10.009 0.002
4.360 -9.777 0.002
4.800 -9.637 0.001
5.280 -9.515 0.001
5.810 -9.529 0.002
6.390 -9.677 0.002
7.030 -9.968 0.002
7.730 -10.377 0.001
8.500 -10.854 0.001
9.350 -11.349 0.001
10.290 -11.835 0.002
11.320 -12.294 0.002
12.450 -12.725 0.001
13.700 -13.129 0.002
15.070 -13.503 0.001
16.580 -13.846 0.002
18.240 -14.164 0.002
20.060 -14.455 0.001
22.070 -14.720 0.002
24.280 -14.952 0.002
26.710 -15.144 0.001
29.380 -15.216 0.001
32.320 -15.240 0.002
35.550 -15.191 0.001
39.100 -15.045 0.002
43.010 -14.822 0.002
47.310 -14.539 0.002
52.040 -14.229 0.002
57.240 -13.996 0.002
62.960 -13.883 0.001
69.260 -13.865 0.002
76.190 -13.841 0.001
83.810 -13.917 0.002
92.190 -13.974 0.001
101.400 -14.016 0.002
111.500 -14.063 0.001
122.700 -14.100 0.001
135.700 -13.989 0.002
149.300 -13.778 0.002
164.200 -13.490 0.002
180.600 -13.105 0.002
198.700 -12.651 0.002
