56729.907 15.099 0.013
56730.923 14.781 0.015
56734.773 14.084 0.061
56735.706 14.105 0.020
56737.876 14.003 0.005
56741.816 13.930 0.006
56742.817 13.960 0.013
56743.750 14.074 0.012
56744.717 14.064 0.007
56745.712 14.142 0.011
56746.644 14.202 0.013
56748.885 14.359 0.011
56750.657 14.489 0.016
56750.657 15.010 0.010
56758.695 15.074 0.060
56761.679 15.222 0.019
56764.641 15.407 0.013
56765.594 15.580 0.017
56766.628 15.481 0.015
56770.604 15.717 0.019
56774.662 15.918 0.015
56777.613 15.900 0.018
56780.662 15.939 0.010
56784.662 16.036 0.031
56791.612 16.241 0.007
56792.635 16.232 0.010
56794.610 16.323 0.012
56812.630 16.627 0.010
56819.662 16.861 0.011
