56729.907 14.489 0.010
56734.773 14.595 0.020
56737.876 14.985 0.018
56741.816 15.479 0.015
56742.817 15.572 0.061
56743.750 15.705 0.029
56744.717 15.919 0.014
56745.712 15.973 0.019
56746.644 16.133 0.018
56750.657 16.515 0.007
56756.651 16.925 0.007
56764.641 17.039 0.017
56770.604 17.259 0.018
56774.662 17.523 0.016
56777.613 17.000 0.014
56780.662 17.611 0.014
56784.608 17.583 0.023
56791.612 17.784 0.035
56792.635 17.766 0.054
56794.610 17.718 0.018
56812.630 17.989 0.038
56819.662 17.937 0.080
