56729.907 14.934 0.025
56730.923 14.697 0.023
56734.773 13.992 0.043
56735.706 13.992 0.043
56737.876 13.815 0.019
56741.816 13.771 0.010
56742.817 13.777 0.060
56743.750 13.815 0.007
56744.717 13.726 0.014
56745.712 13.866 0.021
56746.644 13.931 0.009
56748.885 14.048 0.010
56750.657 14.593 0.018
56758.695 14.710 0.010
56761.679 14.901 0.017
56764.641 15.027 0.018
56765.594 15.107 0.020
56766.628 15.139 0.022
56770.604 15.308 0.019
56774.662 15.481 0.022
56777.613 15.509 0.019
56780.662 15.598 0.010
56784.662 15.685 0.023
56791.612 15.870 0.012
56792.635 15.894 0.021
56794.610 15.906 0.013
56812.630 16.300 0.014
56819.662 16.469 0.021
