56729.907 14.859 0.028
56734.773 13.882 0.082
56735.706 13.882 0.082
56737.876 13.733 0.004
56741.816 13.690 0.006
56742.817 13.716 0.008
56743.750 13.747 0.013
56744.717 13.769 0.019
56745.712 13.787 0.011
56746.644 13.832 0.014
56748.885 13.923 0.012
56750.657 14.024 0.013
56750.657 14.369 0.009
56758.695 14.490 0.013
56761.679 14.627 0.016
56764.641 14.771 0.017
56765.594 14.819 0.027
56766.628 14.843 0.025
56770.604 14.978 0.022
56774.662 15.106 0.024
56777.613 15.106 0.021
56780.662 15.226 0.013
56784.662 15.298 0.025
56791.612 15.489 0.022
56792.635 15.508 0.012
56794.610 15.538 0.012
56812.630 15.949 0.006
56819.662 16.005 0.034
