56729.907 15.237 0.027
56730.923 15.065 0.030
56734.773 14.705 0.020
56735.706 14.756 0.013
56737.876 15.000 0.009
56741.816 15.257 0.008
56742.817 15.392 0.100
56743.750 15.669 0.009
56744.717 15.593 0.060
56745.712 15.784 0.005
56746.644 15.803 0.014
56748.885 15.989 0.010
56750.657 16.165 0.006
56750.657 16.628 0.008
56758.695 16.616 0.029
56761.679 16.748 0.042
56764.641 16.902 0.019
56765.594 16.994 0.010
56766.628 16.943 0.012
56770.604 17.019 0.019
56774.662 17.334 0.027
56777.613 17.199 0.018
56780.662 17.423 0.014
56784.662 17.340 0.012
56791.612 17.419 0.016
56792.635 17.389 0.018
56794.610 17.732 0.010
56812.630 17.540 0.013
56819.662 17.657 0.026
