54003.360 17.599 0.017
54005.300 17.060 0.020
54006.488 17.543 0.026
54007.388 17.488 0.023
54008.300 16.970 0.020
54008.340 17.641 0.016
54008.375 17.579 0.025
54009.390 17.589 0.026
54011.357 17.631 0.027
54012.300 17.130 0.020
54012.369 17.737 0.030
54014.250 17.850 0.016
54018.422 17.960 0.037
54019.200 17.410 0.030
54020.353 18.106 0.036
54020.400 17.410 0.030
54021.378 18.258 0.042
54024.300 17.570 0.020
54025.310 18.546 0.026
54029.230 18.767 0.028
54029.300 17.690 0.030
54030.366 18.688 0.057
54038.240 18.977 0.031
54040.200 17.760 0.030
54041.261 18.819 0.065
54042.300 17.790 0.050
54046.200 17.810 0.080
54046.206 19.075 0.096
54048.300 17.730 0.040
54052.300 17.690 0.040
54053.360 19.107 0.091
54063.247 19.258 0.089
54065.278 19.196 0.084
54068.170 19.349 0.039
54076.150 19.423 0.059
54076.230 19.617 0.119
54080.160 19.431 0.111
54081.201 19.544 0.113
54082.205 19.874 0.141
54084.184 19.689 0.120
54086.177 19.687 0.133
54094.175 19.595 0.102
54095.214 19.888 0.135
54102.175 19.550 0.162
54107.153 20.109 0.176
54138.098 20.055 0.164
