54005.326 16.513 0.363
54006.357 16.381 0.210
54008.339 16.669 0.253
54012.336 16.268 0.311
54016.332 16.514 0.228
54018.301 16.277 0.231
54020.362 16.565 0.105
54021.309 16.178 0.369
54022.304 16.315 0.373
54024.334 16.202 0.174
54027.393 16.326 0.137
54028.255 16.157 0.285
54031.243 16.383 0.254
54035.280 16.457 0.303
54037.303 16.787 0.246
54039.302 16.672 0.250
54040.310 16.782 0.224
54042.294 17.105 0.195
54045.292 16.586 0.326
54049.254 16.634 0.299
54054.253 17.030 0.250
54056.363 17.140 0.303
54065.302 16.649 0.175
54071.272 16.766 0.372
54076.221 16.780 0.302
54081.251 17.028 0.250
54083.342 16.912 0.358
54086.102 17.511 0.275
54110.192 18.122 0.254
