53975.406 21.574 0.605
53994.431 18.017 0.028
53996.415 17.791 0.027
54005.429 17.348 0.015
54008.375 17.282 0.022
54009.443 17.315 0.016
54010.370 17.342 0.018
54012.363 17.288 0.019
54020.369 17.461 0.042
54024.451 17.528 0.023
54028.439 17.643 0.025
54030.394 17.639 0.023
54035.438 17.726 0.032
54037.344 17.737 0.025
54040.358 17.831 0.030
54047.389 17.854 0.046
54049.385 17.919 0.038
54056.351 17.952 0.037
54059.345 18.084 0.033
54061.356 18.086 0.053
54062.349 18.097 0.031
54064.346 18.054 0.031
54068.330 18.142 0.051
