53975.404 23.334 0.809
53994.428 17.984 0.008
53996.412 17.799 0.015
54005.426 17.406 0.009
54006.487 17.335 0.022
54007.386 17.322 0.023
54008.373 17.364 0.012
54008.373 17.339 0.021
54009.387 17.314 0.021
54009.440 17.347 0.011
54010.367 17.370 0.009
54011.352 17.382 0.022
54012.360 17.419 0.010
54012.367 17.460 0.023
54018.419 17.668 0.030
54020.359 17.775 0.032
54020.366 17.766 0.028
54021.376 17.786 0.030
54024.413 17.959 0.032
54024.448 17.964 0.016
54028.436 18.127 0.033
54030.364 18.230 0.037
54030.392 18.174 0.013
54035.436 18.343 0.015
54037.341 18.377 0.011
54040.356 18.471 0.022
54041.259 18.507 0.050
54046.276 18.586 0.060
54047.386 18.505 0.038
54049.382 18.627 0.018
54051.350 19.065 0.084
54053.357 18.821 0.064
54053.362 18.618 0.041
54056.348 18.719 0.022
54059.342 18.798 0.022
54061.353 18.782 0.022
54062.347 18.762 0.020
54063.244 19.014 0.065
54064.343 18.829 0.017
54065.275 18.833 0.093
54076.227 19.172 0.072
54080.157 19.244 0.083
54081.198 19.378 0.091
54082.202 19.333 0.085
54084.181 19.372 0.091
54086.174 19.371 0.093
54094.172 19.491 0.086
54095.211 19.539 0.111
54102.167 19.391 0.096
54107.150 19.806 0.122
54138.095 20.192 0.179
