54005.326 16.553 0.178
54006.357 16.715 0.091
54007.400 16.714 0.062
54008.339 16.665 0.175
54010.355 16.280 0.083
54012.336 16.384 0.065
54016.332 16.355 0.078
54018.301 16.340 0.175
54019.285 16.119 0.082
54020.362 16.104 0.250
54021.309 16.363 0.175
54022.304 16.339 0.092
54024.334 16.414 0.175
54027.393 16.797 0.146
54028.255 16.288 0.057
54031.243 17.046 0.175
54035.280 16.724 0.332
54037.303 16.877 0.175
54040.310 17.227 0.175
54042.294 17.020 0.175
54044.291 16.848 0.175
54045.292 17.127 0.175
54047.221 16.947 0.175
54048.254 17.206 0.175
54049.254 16.917 0.194
54051.351 17.105 0.175
54054.253 17.063 0.224
54056.363 17.179 0.142
54059.245 17.433 0.204
54060.192 17.407 0.175
54063.215 17.327 0.250
54071.272 17.433 0.210
54074.137 17.027 0.175
54076.221 17.554 0.175
54079.158 17.198 0.250
54081.251 17.332 0.041
54086.102 17.589 0.364
54090.106 17.877 0.213
54101.085 17.971 0.175
54103.193 18.246 0.250
54108.106 18.254 0.215
54117.213 17.999 0.175
