53975.405 25.383 0.993
53994.429 17.922 0.012
53996.413 17.774 0.020
54005.427 17.273 0.010
54006.485 17.244 0.024
54007.385 17.254 0.025
54008.372 17.209 0.024
54008.374 17.245 0.008
54009.385 17.219 0.023
54009.441 17.217 0.009
54010.368 17.128 0.008
54011.352 17.225 0.024
54012.361 17.213 0.012
54012.364 17.230 0.023
54018.415 17.263 0.025
54020.353 17.414 0.028
54020.367 17.467 0.017
54021.374 17.466 0.026
54024.410 17.571 0.033
54024.449 17.588 0.013
54028.437 17.682 0.020
54030.362 17.770 0.029
54030.393 17.773 0.013
54035.437 17.912 0.024
54037.342 17.960 0.011
54040.357 18.066 0.016
54041.256 18.045 0.037
54046.244 18.123 0.053
54047.387 18.033 0.026
54049.383 18.283 0.018
54051.347 18.544 0.058
54053.354 18.353 0.043
54053.362 18.375 0.023
54056.349 18.388 0.028
54059.343 18.441 0.021
54061.354 18.510 0.026
54062.348 18.483 0.015
54063.241 18.605 0.056
54064.344 18.516 0.016
54065.272 18.558 0.065
54068.328 18.512 0.028
54076.224 18.890 0.070
54080.154 19.080 0.082
54081.195 18.964 0.076
54082.199 18.725 0.083
54084.177 18.964 0.077
54086.171 19.031 0.082
54094.169 19.224 0.092
54095.208 19.283 0.100
54102.182 19.533 0.150
54107.147 19.587 0.107
54138.092 19.733 0.166
