3.150 -13.793 0.002
3.470 -13.584 0.001
3.820 -13.442 0.002
4.200 -13.355 0.001
4.620 -13.302 0.002
5.080 -13.261 0.002
5.590 -13.140 0.002
6.150 -13.009 0.001
6.760 -12.909 0.001
7.440 -12.878 0.002
8.180 -12.937 0.001
9.000 -13.103 0.002
9.900 -13.362 0.002
10.890 -13.693 0.002
11.980 -14.061 0.002
13.180 -14.439 0.002
14.500 -14.795 0.002
15.950 -15.111 0.001
17.550 -15.375 0.001
19.310 -15.575 0.001
21.240 -15.707 0.001
23.360 -15.771 0.001
25.700 -15.725 0.001
28.270 -15.585 0.001
31.100 -15.365 0.002
34.210 -15.046 0.002
37.630 -14.699 0.002
41.390 -14.409 0.002
45.530 -14.233 0.001
50.080 -14.172 0.002
55.090 -14.288 0.002
60.600 -14.450 0.002
66.660 -14.591 0.001
73.330 -14.615 0.001
80.660 -14.589 0.002
88.730 -14.509 0.002
97.600 -14.387 0.001
107.400 -14.219 0.001
118.100 -14.016 0.002
129.900 -13.726 0.001
142.900 -13.399 0.001
157.200 -12.968 0.001
172.900 -12.543 0.001
190.200 -12.090 0.001
