2.850 -15.136 0.002
3.140 -15.134 0.002
3.450 -15.151 0.001
3.800 -15.177 0.002
4.180 -15.213 0.001
4.600 -15.269 0.001
5.060 -15.361 0.001
5.570 -15.439 0.001
6.130 -15.497 0.001
6.740 -15.614 0.002
7.410 -15.784 0.002
8.150 -15.964 0.002
8.970 -16.142 0.002
9.870 -16.317 0.001
10.860 -16.491 0.002
11.950 -16.665 0.001
13.150 -16.838 0.002
14.470 -16.988 0.001
15.920 -17.148 0.001
17.510 -17.308 0.001
19.260 -17.436 0.001
21.190 -17.525 0.002
23.310 -17.576 0.001
25.640 -17.586 0.001
28.200 -17.567 0.002
31.020 -17.528 0.002
34.120 -17.501 0.001
37.530 -17.437 0.001
41.280 -17.348 0.001
45.410 -17.226 0.001
49.950 -17.105 0.002
54.950 -16.943 0.001
60.450 -16.783 0.002
66.500 -16.608 0.002
73.200 -16.412 0.001
80.500 -16.200 0.002
88.550 -15.973 0.002
97.410 -15.739 0.002
107.200 -15.499 0.002
117.900 -15.252 0.001
129.700 -14.988 0.001
142.700 -14.727 0.002
157.000 -14.469 0.001
172.700 -14.215 0.001
190.000 -13.959 0.002
