2.850 -15.596 0.002
3.140 -15.621 0.002
3.450 -15.648 0.002
3.800 -15.676 0.002
4.180 -15.704 0.001
4.600 -15.730 0.001
5.060 -15.745 0.001
5.570 -15.774 0.002
6.130 -15.847 0.001
6.740 -15.957 0.002
7.410 -16.103 0.001
8.150 -16.265 0.001
8.970 -16.429 0.002
9.870 -16.589 0.001
10.860 -16.748 0.002
11.950 -16.907 0.001
13.150 -17.064 0.002
14.470 -17.215 0.001
15.920 -17.355 0.002
17.510 -17.482 0.001
19.260 -17.593 0.001
21.190 -17.685 0.001
23.310 -17.762 0.002
25.640 -17.789 0.002
28.200 -17.792 0.002
31.020 -17.759 0.002
34.120 -17.704 0.002
37.530 -17.620 0.002
41.280 -17.463 0.001
45.410 -17.263 0.001
49.950 -17.100 0.002
54.950 -16.871 0.002
60.450 -16.652 0.002
66.500 -16.429 0.002
73.200 -16.199 0.001
80.500 -15.964 0.002
88.550 -15.722 0.002
97.410 -15.481 0.001
107.200 -15.245 0.001
117.900 -15.018 0.002
129.700 -14.795 0.001
142.700 -14.568 0.002
157.000 -14.320 0.001
172.700 -14.025 0.002
190.000 -13.660 0.002
