2.240 -14.678 0.001
2.450 -14.788 0.002
2.700 -14.894 0.002
2.970 -14.975 0.001
3.270 -15.043 0.001
3.600 -15.099 0.002
3.960 -15.147 0.002
4.360 -15.209 0.001
4.800 -15.300 0.001
5.280 -15.409 0.002
5.810 -15.550 0.002
6.390 -15.713 0.001
7.030 -15.889 0.002
7.730 -16.072 0.001
8.500 -16.257 0.002
9.350 -16.443 0.002
10.290 -16.628 0.002
11.320 -16.810 0.002
12.450 -16.989 0.002
13.700 -17.168 0.001
15.070 -17.343 0.002
16.580 -17.511 0.001
18.240 -17.670 0.002
20.060 -17.814 0.002
22.070 -17.944 0.002
24.280 -18.050 0.002
26.710 -18.130 0.002
29.380 -18.188 0.002
32.320 -18.229 0.001
35.550 -18.222 0.001
39.100 -18.161 0.001
43.010 -18.034 0.001
47.310 -17.891 0.001
52.040 -17.721 0.001
57.240 -17.520 0.002
62.960 -17.318 0.001
69.260 -17.084 0.001
76.190 -16.960 0.002
83.810 -16.624 0.001
92.190 -16.326 0.001
101.400 -16.024 0.002
111.500 -15.702 0.001
122.700 -15.349 0.002
135.000 -14.954 0.001
148.500 -14.526 0.001
163.400 -14.085 0.002
179.700 -13.652 0.001
197.700 -13.241 0.001
