2.230 -13.356 0.002
2.450 -13.508 0.001
2.700 -13.621 0.001
2.970 -13.684 0.002
3.270 -13.735 0.002
3.600 -13.784 0.002
3.960 -13.842 0.002
4.360 -13.910 0.002
4.800 -13.995 0.001
5.280 -14.089 0.001
5.810 -14.213 0.001
6.390 -14.363 0.001
7.030 -14.536 0.001
7.730 -14.728 0.001
8.500 -14.933 0.002
9.350 -15.147 0.001
10.290 -15.365 0.002
11.320 -15.578 0.001
12.450 -15.785 0.002
13.700 -15.985 0.001
15.070 -16.175 0.002
16.580 -16.356 0.001
18.240 -16.529 0.001
20.060 -16.694 0.002
22.070 -16.852 0.002
24.280 -16.999 0.001
26.710 -17.130 0.001
29.380 -17.234 0.002
32.320 -17.309 0.001
35.550 -17.340 0.001
39.100 -17.318 0.001
43.010 -17.232 0.001
47.310 -17.083 0.002
52.040 -16.889 0.001
57.240 -16.697 0.001
62.960 -16.524 0.001
69.260 -16.370 0.001
76.190 -16.259 0.002
83.810 -16.137 0.001
92.190 -16.006 0.001
101.400 -15.856 0.001
111.500 -15.684 0.002
122.700 -15.489 0.001
135.700 -15.259 0.002
149.300 -15.020 0.002
164.200 -14.772 0.002
180.600 -14.519 0.001
198.700 -14.244 0.001
