2.240 -13.839 0.001
2.450 -13.886 0.001
2.700 -13.938 0.001
2.970 -13.959 0.001
3.270 -13.956 0.001
3.600 -13.948 0.001
3.960 -13.947 0.002
4.360 -13.974 0.001
4.800 -14.053 0.002
5.280 -14.165 0.001
5.810 -14.348 0.001
6.390 -14.582 0.001
7.030 -14.843 0.001
7.730 -15.111 0.001
8.500 -15.376 0.001
9.350 -15.636 0.001
10.290 -15.894 0.002
11.320 -16.149 0.001
12.450 -16.403 0.001
13.700 -16.659 0.002
15.070 -16.913 0.002
16.580 -17.162 0.002
18.240 -17.396 0.001
20.060 -17.609 0.001
22.070 -17.794 0.002
24.280 -17.942 0.002
26.710 -18.049 0.001
29.380 -18.105 0.002
32.320 -18.106 0.002
35.550 -18.024 0.001
39.100 -17.902 0.002
43.010 -17.725 0.001
47.310 -17.524 0.002
52.040 -17.334 0.002
57.240 -17.167 0.002
62.960 -17.018 0.002
69.260 -16.870 0.002
76.190 -16.796 0.001
83.810 -16.626 0.002
92.190 -16.459 0.002
101.400 -16.277 0.002
111.500 -16.072 0.001
122.700 -15.844 0.001
135.000 -15.592 0.002
148.500 -15.316 0.001
163.400 -15.012 0.002
179.700 -14.675 0.002
197.700 -14.290 0.001
