2.240 -14.531 0.002
2.450 -14.645 0.002
2.700 -14.748 0.002
2.970 -14.824 0.002
3.270 -14.883 0.002
3.600 -14.931 0.002
3.960 -14.980 0.001
4.360 -15.047 0.002
4.800 -15.146 0.001
5.280 -15.266 0.001
5.810 -15.413 0.002
6.390 -15.580 0.001
7.030 -15.759 0.002
7.730 -15.944 0.002
8.500 -16.132 0.001
9.350 -16.320 0.002
10.290 -16.508 0.001
11.320 -16.694 0.001
12.450 -16.879 0.001
13.700 -17.066 0.001
15.070 -17.246 0.001
16.580 -17.420 0.001
18.240 -17.579 0.001
20.060 -17.730 0.001
22.070 -17.855 0.001
24.280 -17.960 0.001
26.710 -18.042 0.001
29.380 -18.118 0.002
32.320 -18.200 0.002
35.550 -18.231 0.001
39.100 -18.240 0.001
43.010 -18.190 0.002
47.310 -18.100 0.001
52.040 -17.965 0.001
57.240 -17.788 0.001
62.960 -17.602 0.001
69.260 -17.383 0.002
76.190 -17.343 0.002
83.810 -17.036 0.001
92.190 -16.772 0.002
101.400 -16.511 0.001
111.500 -16.238 0.002
122.700 -15.950 0.001
135.000 -15.646 0.002
148.500 -15.339 0.001
163.400 -15.045 0.001
179.700 -14.772 0.002
197.700 -14.494 0.001
