2.660 -13.445 0.002
2.930 -13.277 0.002
3.220 -13.237 0.002
3.540 -13.224 0.001
3.890 -13.191 0.001
4.280 -13.130 0.002
4.710 -12.919 0.002
5.180 -12.837 0.001
5.700 -12.853 0.002
6.270 -12.934 0.001
6.900 -13.060 0.001
7.590 -13.221 0.002
8.350 -13.411 0.002
9.190 -13.625 0.002
10.110 -13.856 0.001
11.120 -14.095 0.001
12.230 -14.337 0.001
13.450 -14.574 0.001
14.800 -14.800 0.001
16.280 -15.007 0.002
17.910 -15.201 0.001
19.700 -15.374 0.002
21.670 -15.529 0.001
23.840 -15.671 0.002
26.220 -15.798 0.002
28.840 -15.910 0.001
31.720 -16.005 0.001
34.890 -16.074 0.002
38.380 -16.033 0.001
42.220 -16.004 0.002
46.440 -15.879 0.001
51.080 -15.720 0.001
56.190 -15.522 0.002
61.810 -15.306 0.001
67.990 -15.122 0.001
74.790 -14.998 0.001
82.270 -14.932 0.002
90.500 -14.857 0.001
99.600 -14.819 0.002
109.600 -14.785 0.002
120.600 -14.714 0.002
132.700 -14.614 0.002
146.000 -14.463 0.002
160.600 -14.249 0.002
176.700 -13.959 0.002
194.400 -13.589 0.002
