2.660 -14.442 0.001
2.930 -14.519 0.001
3.220 -14.598 0.002
3.540 -14.660 0.001
3.890 -14.702 0.002
4.280 -14.736 0.001
4.710 -14.815 0.001
5.180 -14.886 0.002
5.700 -14.981 0.001
6.270 -15.092 0.002
6.900 -15.214 0.001
7.590 -15.348 0.002
8.350 -15.492 0.002
9.190 -15.644 0.002
10.110 -15.800 0.002
11.120 -15.956 0.001
12.230 -16.112 0.002
13.450 -16.259 0.001
14.800 -16.399 0.002
16.280 -16.528 0.001
17.910 -16.656 0.002
19.700 -16.771 0.001
21.670 -16.883 0.002
23.840 -16.992 0.001
26.220 -17.098 0.001
28.840 -17.201 0.001
31.720 -17.298 0.001
34.890 -17.384 0.002
38.380 -17.453 0.001
42.220 -17.503 0.001
46.440 -17.527 0.002
51.080 -17.506 0.002
56.190 -17.430 0.002
61.810 -17.295 0.001
67.990 -17.138 0.002
74.790 -16.964 0.001
82.270 -16.811 0.002
90.500 -16.704 0.001
99.600 -16.574 0.001
109.600 -16.433 0.001
120.600 -16.261 0.002
132.700 -16.077 0.001
146.000 -15.897 0.001
160.600 -15.739 0.002
176.700 -15.586 0.002
194.400 -15.389 0.001
