2.250 -14.397 0.002
2.450 -14.165 0.002
2.700 -13.934 0.002
2.970 -13.833 0.002
3.270 -13.835 0.002
3.600 -13.894 0.001
3.960 -13.978 0.001
4.360 -14.080 0.001
4.800 -13.893 0.002
5.280 -13.921 0.001
5.810 -14.031 0.002
6.390 -14.174 0.002
7.030 -14.324 0.002
7.730 -14.472 0.001
8.500 -14.611 0.001
9.350 -14.746 0.001
10.290 -14.877 0.002
11.320 -15.010 0.002
12.450 -15.148 0.001
13.700 -15.293 0.001
15.070 -15.439 0.001
16.580 -15.581 0.002
18.240 -15.715 0.001
20.060 -15.832 0.002
22.070 -15.932 0.001
24.280 -16.008 0.002
26.710 -16.062 0.001
29.380 -16.091 0.002
32.320 -16.093 0.002
35.550 -16.063 0.001
39.110 -16.004 0.002
43.020 -15.834 0.002
47.320 -15.663 0.002
52.050 -15.488 0.001
57.260 -15.327 0.001
63.000 -15.173 0.002
69.300 -15.071 0.001
76.230 -15.003 0.002
83.850 -14.947 0.001
92.240 -14.895 0.001
101.500 -14.824 0.001
111.700 -14.740 0.002
122.900 -14.615 0.001
135.200 -14.450 0.002
148.700 -14.239 0.002
163.600 -13.973 0.001
180.000 -13.657 0.001
198.000 -13.290 0.001
