2.250 -14.298 0.002
2.450 -14.022 0.001
2.700 -13.739 0.001
2.970 -13.541 0.002
3.270 -13.446 0.002
3.600 -13.432 0.002
3.960 -13.470 0.001
4.360 -13.541 0.002
4.800 -13.258 0.002
5.280 -13.125 0.002
5.810 -13.118 0.002
6.390 -13.201 0.001
7.030 -13.328 0.002
7.730 -13.477 0.001
8.500 -13.635 0.002
9.350 -13.790 0.001
10.290 -13.935 0.002
11.320 -14.075 0.002
12.450 -14.219 0.002
13.700 -14.368 0.002
15.070 -14.520 0.001
16.580 -14.671 0.002
18.240 -14.813 0.002
20.060 -14.951 0.002
22.070 -15.057 0.002
24.280 -15.141 0.001
26.710 -15.200 0.001
29.380 -15.235 0.002
32.320 -15.247 0.001
35.550 -15.231 0.002
39.110 -15.191 0.002
43.020 -15.059 0.002
47.320 -14.851 0.001
52.050 -14.684 0.001
57.260 -14.570 0.002
63.000 -14.457 0.001
69.300 -14.398 0.002
76.230 -14.354 0.002
83.850 -14.319 0.001
92.240 -14.283 0.002
101.500 -14.213 0.002
111.700 -14.131 0.001
122.900 -14.009 0.002
135.200 -13.845 0.002
148.700 -13.629 0.002
163.600 -13.361 0.002
180.000 -13.046 0.001
198.000 -12.666 0.002
