2.250 -14.735 0.001
2.450 -14.654 0.002
2.700 -14.728 0.001
2.970 -14.830 0.001
3.270 -14.939 0.002
3.600 -15.051 0.002
3.960 -15.168 0.001
4.360 -15.286 0.001
4.800 -15.388 0.002
5.280 -15.533 0.002
5.810 -15.675 0.001
6.390 -15.818 0.001
7.030 -15.953 0.001
7.730 -16.083 0.001
8.500 -16.206 0.001
9.350 -16.328 0.001
10.290 -16.448 0.001
11.320 -16.568 0.002
12.450 -16.688 0.002
13.700 -16.808 0.002
15.070 -16.924 0.002
16.580 -17.034 0.001
18.240 -17.137 0.001
20.060 -17.235 0.002
22.070 -17.322 0.002
24.280 -17.399 0.002
26.710 -17.466 0.002
29.380 -17.526 0.001
32.320 -17.575 0.001
35.550 -17.569 0.001
39.110 -17.621 0.002
43.020 -17.599 0.002
47.320 -17.534 0.001
52.050 -17.437 0.001
57.260 -17.314 0.001
63.000 -17.148 0.002
69.300 -16.986 0.002
76.230 -16.850 0.001
83.850 -16.715 0.002
92.240 -16.564 0.001
101.500 -16.399 0.001
111.700 -16.228 0.002
122.900 -16.061 0.002
135.200 -15.909 0.002
148.700 -15.766 0.002
163.600 -15.609 0.002
180.000 -15.413 0.001
198.000 -15.158 0.002
