2.220 -15.657 0.001
2.440 -15.617 0.001
2.680 -15.683 0.002
2.950 -15.752 0.002
3.250 -15.797 0.001
3.580 -15.811 0.002
3.940 -15.821 0.002
4.330 -15.849 0.001
4.760 -15.907 0.001
5.240 -16.006 0.001
5.760 -16.134 0.001
6.340 -16.290 0.002
6.970 -16.458 0.001
7.670 -16.631 0.002
8.440 -16.811 0.002
9.280 -16.991 0.002
10.210 -17.171 0.002
11.230 -17.353 0.001
12.350 -17.533 0.001
13.590 -17.709 0.002
14.950 -17.880 0.002
16.440 -18.041 0.001
18.080 -18.190 0.001
19.890 -18.326 0.001
21.880 -18.441 0.002
24.070 -18.524 0.001
26.480 -18.585 0.001
29.130 -18.639 0.001
32.040 -18.662 0.001
35.240 -18.635 0.002
38.760 -18.614 0.001
42.640 -18.474 0.002
46.900 -18.372 0.002
51.600 -18.193 0.002
56.800 -18.001 0.002
62.480 -17.784 0.001
68.730 -17.530 0.001
75.600 -17.291 0.001
83.160 -17.037 0.001
91.480 -17.003 0.001
100.600 -16.690 0.002
110.700 -16.386 0.001
121.800 -16.073 0.002
134.000 -15.726 0.001
147.400 -15.317 0.001
178.300 -14.331 0.002
196.100 -13.800 0.002
