2.220 -15.541 0.001
2.440 -15.462 0.002
2.680 -15.507 0.001
2.950 -15.561 0.002
3.250 -15.584 0.002
3.580 -15.587 0.002
3.940 -15.603 0.002
4.330 -15.645 0.002
4.760 -15.744 0.001
5.240 -15.840 0.002
5.760 -15.963 0.002
6.340 -16.114 0.001
6.970 -16.278 0.001
7.670 -16.444 0.002
8.440 -16.616 0.002
9.280 -16.790 0.001
10.210 -16.964 0.002
11.230 -17.141 0.002
12.350 -17.320 0.002
13.590 -17.499 0.001
14.950 -17.672 0.002
16.440 -17.838 0.001
18.080 -17.995 0.001
19.890 -18.138 0.002
21.880 -18.257 0.002
24.070 -18.341 0.002
26.480 -18.389 0.002
29.130 -18.400 0.002
32.040 -18.358 0.001
35.240 -18.291 0.002
38.760 -18.287 0.001
42.640 -18.070 0.001
46.900 -18.044 0.001
51.600 -17.887 0.002
56.800 -17.704 0.002
62.480 -17.459 0.001
68.730 -17.132 0.001
75.600 -16.814 0.001
83.160 -16.484 0.001
91.480 -16.443 0.002
100.600 -16.008 0.002
110.700 -15.636 0.002
121.800 -15.294 0.001
134.000 -14.983 0.001
147.400 -14.698 0.001
178.300 -14.197 0.002
196.100 -13.972 0.002
