2.220 -15.543 0.002
2.440 -15.373 0.002
2.680 -15.332 0.002
2.950 -15.317 0.002
3.250 -15.333 0.001
3.580 -15.359 0.002
3.940 -15.383 0.001
4.330 -15.407 0.001
4.760 -15.410 0.001
5.240 -15.468 0.001
5.760 -15.586 0.002
6.340 -15.748 0.002
6.970 -15.928 0.001
7.670 -16.120 0.001
8.440 -16.317 0.001
9.280 -16.509 0.001
10.210 -16.703 0.001
11.230 -16.901 0.002
12.350 -17.101 0.002
13.590 -17.303 0.002
14.950 -17.502 0.001
16.440 -17.692 0.002
18.080 -17.872 0.002
19.890 -18.038 0.002
21.880 -18.189 0.002
24.070 -18.323 0.002
26.480 -18.434 0.001
29.130 -18.529 0.002
32.040 -18.584 0.002
35.240 -18.593 0.002
38.760 -18.626 0.002
42.640 -18.588 0.001
46.900 -18.546 0.001
51.600 -18.448 0.001
56.800 -18.315 0.002
62.480 -18.122 0.002
68.730 -17.892 0.002
75.600 -17.663 0.001
83.160 -17.397 0.001
91.480 -17.307 0.001
100.600 -16.965 0.001
110.700 -16.633 0.002
121.800 -16.313 0.002
134.000 -16.004 0.001
147.400 -15.713 0.001
178.300 -15.277 0.002
196.100 -15.126 0.001
