1.200 -14.397 0.001
1.320 -14.443 0.002
1.450 -14.529 0.001
1.450 -14.527 0.002
1.600 -14.619 0.001
1.760 -14.706 0.001
1.940 -14.793 0.001
2.130 -14.873 0.002
2.340 -14.950 0.002
2.570 -15.022 0.001
2.830 -15.095 0.002
3.110 -15.172 0.002
3.420 -15.256 0.002
3.760 -15.335 0.001
4.140 -15.384 0.001
4.550 -15.393 0.001
5.000 -15.392 0.001
5.500 -15.405 0.001
6.050 -15.439 0.002
6.660 -15.496 0.001
7.330 -15.588 0.001
8.060 -15.712 0.002
8.870 -15.866 0.002
9.760 -16.034 0.002
10.740 -16.204 0.002
11.810 -16.366 0.002
13.000 -16.521 0.001
14.300 -16.664 0.001
15.730 -16.798 0.001
17.300 -16.925 0.001
19.000 -17.042 0.001
20.900 -17.146 0.001
23.000 -17.228 0.001
25.300 -17.284 0.002
27.830 -17.314 0.002
30.610 -17.305 0.001
