1.200 -16.157 0.001
1.320 -16.212 0.001
1.450 -16.210 0.002
1.600 -16.169 0.002
1.760 -16.120 0.001
1.940 -16.080 0.002
2.130 -16.067 0.002
2.340 -16.084 0.002
2.570 -16.131 0.002
2.830 -16.155 0.001
3.110 -16.158 0.002
3.420 -16.167 0.001
3.760 -16.200 0.002
4.140 -16.212 0.001
4.550 -16.149 0.001
5.000 -16.079 0.002
5.500 -16.031 0.001
6.050 -15.936 0.001
6.660 -15.739 0.001
7.330 -15.620 0.001
8.060 -15.640 0.001
8.870 -15.743 0.001
9.760 -15.887 0.002
10.740 -16.050 0.002
11.810 -16.218 0.001
13.000 -16.386 0.001
14.300 -16.544 0.002
15.730 -16.694 0.002
17.300 -16.835 0.001
19.000 -16.962 0.002
20.900 -17.081 0.001
23.000 -17.184 0.001
25.300 -17.262 0.002
27.830 -17.303 0.002
30.610 -17.299 0.002
