56607.768 16.007 0.070
56607.800 15.790 0.040
56608.700 15.610 0.040
56609.800 15.560 0.040
56609.811 15.735 0.065
56610.780 15.663 0.066
56610.800 15.550 0.040
56611.300 15.460 0.040
56612.100 15.430 0.040
56612.109 15.568 0.064
56613.100 15.460 0.040
56613.114 15.602 0.065
56614.600 15.470 0.040
56614.646 15.633 0.065
56615.100 15.420 0.040
56615.120 15.545 0.063
56616.648 15.673 0.065
56616.700 15.510 0.040
56617.049 15.515 0.064
56617.100 15.360 0.040
56618.586 15.545 0.064
56618.600 15.390 0.040
56619.196 15.530 0.064
56619.200 15.380 0.040
56620.100 15.540 0.040
56620.134 15.708 0.068
56623.100 15.550 0.040
56623.128 15.740 0.068
56625.900 15.770 0.050
56625.923 15.976 0.072
56627.659 16.280 0.072
56627.700 16.070 0.040
56629.492 16.375 0.074
56629.500 16.100 0.040
56631.069 16.548 0.083
56631.100 16.300 0.050
56633.500 16.460 0.060
56633.541 16.776 0.095
56635.198 16.997 0.102
56635.200 16.620 0.060
56643.249 17.561 0.114
56645.217 17.595 0.118
56647.476 17.764 0.147
56651.091 17.792 0.136
56653.819 17.761 0.131
56657.344 17.851 0.142
56657.558 17.856 0.137
56664.522 17.823 0.135
56667.496 18.047 0.148
56670.773 18.006 0.142
56678.042 18.058 0.149
