56618.500 15.510 0.100
56619.500 15.460 0.090
56620.500 15.530 0.090
56621.500 15.640 0.140
56622.500 15.630 0.090
56624.500 15.830 0.100
56625.500 15.930 0.120
56633.400 16.700 0.020
56633.500 16.710 0.030
56634.400 16.700 0.020
56640.300 17.160 0.020
56649.500 17.360 0.030
56650.500 17.570 0.030
56652.500 17.540 0.020
56653.500 17.530 0.020
56654.500 17.620 0.020
56656.300 17.520 0.020
56658.500 17.650 0.020
56660.300 17.710 0.040
56663.500 17.710 0.020
56666.400 17.760 0.030
56668.300 17.760 0.020
56669.500 17.800 0.030
56670.500 17.780 0.020
56671.400 17.830 0.030
56673.500 17.880 0.040
56675.400 17.850 0.030
56677.400 17.920 0.040
56678.400 17.890 0.020
56680.400 17.860 0.020
56683.500 17.920 0.020
56685.400 17.900 0.020
56691.300 17.970 0.020
56697.400 18.080 0.020
56700.300 18.140 0.020
56701.400 18.160 0.030
56702.300 18.200 0.030
56703.500 18.180 0.040
56706.400 18.200 0.020
56708.500 18.110 0.020
56713.200 18.190 0.030
56713.300 18.300 0.030
56715.200 18.240 0.030
56715.500 18.280 0.030
56722.300 18.380 0.030
56730.500 18.500 0.040
56733.300 18.630 0.040
56735.300 18.500 0.050
56741.300 18.680 0.030
56746.300 18.730 0.100
56749.300 18.640 0.030
56754.300 18.640 0.030
56780.200 19.460 0.030
