56607.000 15.340 0.060
56607.767 15.077 0.062
56607.800 15.030 0.040
56608.700 14.940 0.040
56609.800 14.870 0.040
56609.810 14.913 0.058
56610.779 15.072 0.063
56610.800 15.030 0.050
56611.300 15.050 0.050
56612.100 15.210 0.050
56612.108 15.353 0.072
56613.100 15.260 0.050
56613.113 15.391 0.072
56614.600 15.300 0.050
56614.645 15.452 0.073
56615.100 15.390 0.050
56615.119 15.593 0.074
56616.647 15.584 0.075
56616.700 15.390 0.050
56617.048 15.555 0.075
56617.100 15.420 0.050
56618.584 15.603 0.069
56618.600 15.460 0.040
56619.195 15.630 0.070
56619.200 15.470 0.040
56620.100 15.610 0.040
56620.133 15.772 0.073
56623.100 15.840 0.050
56623.127 16.063 0.079
56625.900 16.160 0.050
56625.922 16.505 0.092
56627.658 16.859 0.100
56627.700 16.490 0.050
56629.491 17.289 0.127
56629.500 16.700 0.050
56631.068 17.398 0.143
56631.100 16.770 0.060
56633.500 16.910 0.070
56633.540 17.524 0.159
56635.197 18.079 0.231
56635.200 17.080 0.070
56643.247 18.582 0.307
56645.214 18.601 0.313
56647.474 18.652 999.000
56651.088 18.705 0.342
56653.816 18.722 999.000
56657.343 18.541 0.302
56657.557 18.731 999.000
56664.520 18.726 999.000
56667.492 18.748 999.000
56670.766 18.748 999.000
56678.037 18.735 999.000
