56607.773 15.969 0.097
56607.800 15.690 0.060
56608.700 15.540 0.060
56609.800 15.320 0.050
56609.814 15.476 0.078
56610.785 15.312 0.078
56610.800 15.200 0.050
56611.300 15.260 0.050
56612.100 15.150 0.050
56612.114 15.241 0.074
56613.100 15.110 0.050
56613.117 15.226 0.074
56614.600 14.980 0.050
56614.652 15.074 0.071
56615.100 14.940 0.040
56615.126 15.027 0.068
56616.654 15.052 0.070
56616.700 14.950 0.050
56617.055 14.896 0.068
56617.100 14.830 0.040
56618.587 14.844 0.081
56618.600 14.780 0.060
56619.196 14.907 0.093
56619.200 14.870 0.080
56620.100 14.760 0.070
56620.135 14.910 0.095
56623.100 14.810 0.040
56623.129 14.862 0.065
56625.900 14.930 0.060
56625.924 14.957 0.078
56627.659 15.097 0.074
56627.700 15.000 0.050
56629.493 15.129 0.084
56629.500 15.030 0.060
56631.070 15.311 0.081
56631.100 15.240 0.060
56633.500 15.360 0.060
56633.542 15.485 0.085
56635.199 15.705 0.104
56635.200 15.480 0.070
56643.250 16.171 0.090
56645.219 16.189 0.094
56647.477 16.383 0.121
56651.094 16.465 0.109
56653.821 16.511 0.107
56657.345 16.498 0.119
56657.558 16.501 0.110
56664.523 16.756 0.125
56667.489 16.814 0.118
56670.760 16.840 0.121
56673.754 16.968 0.145
56678.032 16.947 0.132
