56608.500 15.620 0.090
56618.500 14.880 0.080
56619.500 14.800 0.070
56620.500 14.830 0.070
56621.500 14.870 0.060
56622.500 14.820 0.100
56624.500 14.940 0.060
56625.500 14.960 0.100
56631.500 15.410 0.140
56633.400 15.540 0.020
56633.500 15.550 0.030
56634.400 15.540 0.020
56637.500 15.600 0.210
56638.500 15.850 0.090
56640.300 15.930 0.020
56640.500 15.870 0.090
56649.500 16.270 0.010
56650.500 16.350 0.020
56652.500 16.360 0.010
56653.500 16.400 0.010
56656.300 16.420 0.010
56658.500 16.480 0.020
56659.500 16.490 0.010
56660.300 16.540 0.030
56663.500 16.580 0.050
56666.400 16.640 0.020
56668.300 16.650 0.010
56669.500 16.700 0.030
56670.500 16.700 0.030
56671.400 16.730 0.040
56672.500 16.700 0.010
56673.500 16.780 0.030
56674.400 16.690 0.010
56675.400 16.770 0.020
56676.500 16.820 0.030
56677.400 16.850 0.030
56680.400 16.870 0.020
56683.500 16.910 0.030
56685.400 16.950 0.020
56691.300 17.000 0.020
56694.400 17.050 0.030
56697.400 17.130 0.020
56700.300 17.200 0.020
56701.400 17.210 0.030
56702.300 17.210 0.030
56706.400 17.280 0.030
56708.500 17.310 0.020
56713.200 17.340 0.040
56713.300 17.420 0.050
56715.200 17.350 0.020
56715.500 17.390 0.020
56722.300 17.540 0.040
56730.500 17.670 0.030
56731.400 17.630 0.030
56733.300 17.770 0.030
56735.300 17.770 0.070
56741.300 17.880 0.040
56746.300 17.750 0.050
56749.300 18.000 0.020
56754.300 18.000 0.020
56780.200 18.700 0.020
#
56633.4	15.54	0.02
56633.5	15.55	0.03
56634.4	15.54	0.02
56640.3	15.93	0.02
56649.5	16.27	0.01
56650.5	16.35	0.02
56652.5	16.36	0.01
56653.5	16.4	0.01
56654.5	99.0	99.0
56655.5	99.0	99.0
56656.3	16.42	0.01
56658.5	16.48	0.02
56659.5	16.49	0.01
56660.3	16.54	0.03
56663.5	16.58	0.05
56666.4	16.64	0.02
56668.3	16.65	0.01
56669.5	16.7	0.03
56670.5	16.7	0.03
56671.4	16.73	0.04
56672.5	16.7	0.01
56673.5	16.78	0.03
56674.4	16.69	0.01
56675.4	16.77	0.02
56676.5	16.82	0.03
56677.4	16.85	0.03
56678.4	99.0	99.0
56680.4	16.87	0.02
56683.5	16.91	0.03
56685.4	16.95	0.02
56691.3	17.0	0.02
56694.4	17.05	0.03
56697.4	17.13	0.02
56700.3	17.2	0.02
56701.4	17.21	0.03
56702.3	17.21	0.03
56703.5	99.0	99.0
56706.4	17.28	0.03
56708.5	17.31	0.02
56713.2	17.34	0.04
56713.3	17.42	0.05
56715.2	17.35	0.02
56715.5	17.39	0.02
56721.5	99.0	99.0
56722.3	17.54	0.04
56730.5	17.67	0.03
56731.4	17.63	0.03
56733.3	17.77	0.03
56735.3	17.77	0.07
56741.3	17.88	0.04
56746.3	17.75	0.05
56749.3	18.0	0.02
56754.3	18.0	0.02
56777.2	99.0	99.0
56780.2	18.7	0.02
