56607.000 16.660 0.080
56607.766 16.390 0.091
56607.800 16.200 0.060
56608.700 16.180 0.060
56609.800 16.110 0.050
56609.809 16.307 0.080
56610.777 16.422 0.088
56610.800 16.250 0.060
56611.300 16.440 0.070
56612.100 16.550 0.070
56612.107 16.845 0.100
56613.100 16.690 0.070
56613.113 17.089 0.111
56614.600 16.790 0.070
56614.644 17.176 0.115
56615.100 16.800 0.070
56615.117 17.223 0.114
56616.645 17.224 0.117
56616.700 16.820 0.070
56617.047 17.246 0.119
56617.100 16.850 0.070
56618.581 17.243 0.106
56618.600 16.830 0.060
56619.192 17.382 0.116
56619.200 16.980 0.060
56620.100 17.150 0.070
56620.130 17.640 0.136
56623.100 17.250 0.080
56623.124 17.808 0.152
56625.900 17.400 0.080
56625.920 18.088 0.182
56627.656 18.062 0.164
56627.700 17.390 0.070
56629.489 18.243 0.186
56629.500 17.380 0.070
56631.065 18.464 0.231
56631.100 17.610 0.080
56633.500 17.740 0.100
56633.538 18.688 0.283
56635.195 18.960 999.000
56635.200 17.900 0.100
56641.140 19.062 999.000
56643.243 19.090 999.000
56645.207 19.086 999.000
56647.471 19.009 999.000
56651.081 19.085 999.000
56653.808 19.083 999.000
56657.341 19.068 999.000
56657.554 19.095 999.000
56664.516 19.086 999.000
