5.329312000000011176e+04 1.882100000000000151e+01 1.600000000000000033e-02
5.329410999999986961e+04 1.867200000000000060e+01 1.299999999999999940e-02
5.329512999999988824e+04 1.848900000000000077e+01 1.600000000000000033e-02
5.329822000000020489e+04 1.807000000000000028e+01 1.200000000000000025e-02
5.329912999999988824e+04 1.795599999999999952e+01 1.200000000000000025e-02
5.330016999999992549e+04 1.782900000000000063e+01 1.299999999999999940e-02
5.330114999999990687e+04 1.771799999999999997e+01 1.299999999999999940e-02
5.330216999999992549e+04 1.765200000000000102e+01 1.400000000000000029e-02
5.330318000000016764e+04 1.755799999999999983e+01 1.600000000000000033e-02
5.330718000000016764e+04 1.748699999999999832e+01 1.400000000000000029e-02
5.330816999999992549e+04 1.747500000000000142e+01 1.400000000000000029e-02
5.330922000000020489e+04 1.748600000000000065e+01 1.299999999999999940e-02
5.331022000000020489e+04 1.750799999999999912e+01 1.299999999999999940e-02
5.331122000000020489e+04 1.752700000000000102e+01 1.299999999999999940e-02
5.331214999999990687e+04 nan nan
5.331418000000016764e+04 1.769699999999999918e+01 1.200000000000000025e-02
5.331514999999990687e+04 1.777299999999999969e+01 1.499999999999999944e-02
5.332014000000013039e+04 nan nan
5.332314999999990687e+04 1.842999999999999972e+01 1.700000000000000122e-02
5.332812999999988824e+04 1.872400000000000020e+01 2.000000000000000042e-02
5.333714999999990687e+04 1.899500000000000099e+01 2.900000000000000147e-02
5.334506999999983236e+04 1.918799999999999883e+01 1.799999999999999864e-02
5.334904000000003725e+04 1.921900000000000119e+01 4.299999999999999656e-02
5.335310000000009313e+04 1.930300000000000082e+01 2.100000000000000130e-02
5.335604999999981374e+04 1.932700000000000173e+01 2.599999999999999881e-02
5.336306000000005588e+04 1.945499999999999829e+01 5.600000000000000117e-02
