5.329312000000011176e+04 1.894600000000000151e+01 1.000000000000000021e-02
5.329410999999986961e+04 1.883399999999999963e+01 1.000000000000000021e-02
5.329512999999988824e+04 1.865099999999999980e+01 1.600000000000000033e-02
5.329822000000020489e+04 1.830900000000000105e+01 1.200000000000000025e-02
5.329912999999988824e+04 1.818100000000000094e+01 1.200000000000000025e-02
5.330016999999992549e+04 1.807100000000000151e+01 1.299999999999999940e-02
5.330114999999990687e+04 1.798300000000000054e+01 8.999999999999999320e-03
5.330216999999992549e+04 1.790899999999999892e+01 1.000000000000000021e-02
5.330318000000016764e+04 1.783099999999999952e+01 2.199999999999999872e-02
5.330718000000016764e+04 1.781500000000000128e+01 1.200000000000000025e-02
5.330816999999992549e+04 1.778699999999999903e+01 1.899999999999999953e-02
5.330922000000020489e+04 1.782499999999999929e+01 1.799999999999999864e-02
5.331022000000020489e+04 1.786700000000000088e+01 8.999999999999999320e-03
5.331122000000020489e+04 1.792699999999999960e+01 8.999999999999999320e-03
5.331214999999990687e+04 1.798600000000000065e+01 1.000000000000000021e-02
5.331418000000016764e+04 1.816199999999999903e+01 8.000000000000000167e-03
5.331514999999990687e+04 1.820700000000000074e+01 1.600000000000000033e-02
5.332014000000013039e+04 1.875000000000000000e+01 1.299999999999999940e-02
5.332314999999990687e+04 1.904500000000000171e+01 1.400000000000000029e-02
5.332812999999988824e+04 1.929899999999999949e+01 2.199999999999999872e-02
5.333714999999990687e+04 1.962800000000000011e+01 3.799999999999999906e-02
5.334506999999983236e+04 1.970499999999999829e+01 1.499999999999999944e-02
5.334904000000003725e+04 1.971799999999999997e+01 4.200000000000000261e-02
5.335310000000009313e+04 1.977400000000000091e+01 2.000000000000000042e-02
5.335604999999981374e+04 1.982700000000000173e+01 3.200000000000000067e-02
5.336306000000005588e+04 2.000100000000000122e+01 5.500000000000000028e-02
