5.329312000000011176e+04 1.872400000000000020e+01 1.499999999999999944e-02
5.329410999999986961e+04 1.853500000000000014e+01 1.200000000000000025e-02
5.329512999999988824e+04 1.837000000000000099e+01 1.400000000000000029e-02
5.329822000000020489e+04 1.790800000000000125e+01 1.099999999999999936e-02
5.329912999999988824e+04 1.780699999999999861e+01 1.400000000000000029e-02
5.330016999999992549e+04 1.768799999999999883e+01 1.400000000000000029e-02
5.330114999999990687e+04 1.758899999999999864e+01 8.999999999999999320e-03
5.330216999999992549e+04 1.748199999999999932e+01 1.299999999999999940e-02
5.330318000000016764e+04 1.743599999999999994e+01 1.400000000000000029e-02
5.330718000000016764e+04 1.729400000000000048e+01 8.999999999999999320e-03
5.330816999999992549e+04 1.727799999999999869e+01 1.299999999999999940e-02
5.330922000000020489e+04 1.729100000000000037e+01 1.299999999999999940e-02
5.331022000000020489e+04 1.728500000000000014e+01 1.099999999999999936e-02
5.331122000000020489e+04 1.730399999999999849e+01 1.200000000000000025e-02
5.331214999999990687e+04 1.733899999999999864e+01 1.299999999999999940e-02
5.331418000000016764e+04 1.740899999999999892e+01 7.000000000000000146e-03
5.331514999999990687e+04 1.745899999999999963e+01 1.299999999999999940e-02
5.332014000000013039e+04 1.780399999999999849e+01 1.299999999999999940e-02
5.332314999999990687e+04 1.797800000000000153e+01 1.600000000000000033e-02
5.332812999999988824e+04 1.825499999999999901e+01 1.600000000000000033e-02
5.333714999999990687e+04 1.857499999999999929e+01 2.000000000000000042e-02
5.334506999999983236e+04 1.874800000000000111e+01 1.600000000000000033e-02
5.334904000000003725e+04 1.880999999999999872e+01 3.300000000000000155e-02
5.335310000000009313e+04 1.890399999999999991e+01 1.600000000000000033e-02
5.335604999999981374e+04 1.898699999999999832e+01 2.400000000000000050e-02
5.336306000000005588e+04 1.908500000000000085e+01 2.900000000000000147e-02
