53293.120 18.791 0.021
53294.110 18.594 0.017
53295.130 18.433 0.017
53298.220 18.005 0.016
53299.130 17.899 0.016
53300.170 17.751 0.016
53301.150 17.691 0.012
53302.170 17.588 0.012
53303.180 17.537 0.015
53307.180 17.350 0.011
53308.170 17.328 0.014
53309.220 17.304 0.013
53310.220 17.293 0.014
53311.220 17.301 0.013
53312.150 17.292 0.015
53314.180 17.352 0.009
53315.150 17.385 0.014
53320.140 17.592 0.014
53323.150 17.752 0.015
53328.130 17.937 0.016
53337.150 18.227 0.019
53345.070 18.399 0.018
53349.040 18.477 0.022
53353.100 18.573 0.019
53356.050 18.654 0.025
53363.060 18.786 0.031
