53293.120 19.151 0.014
53294.110 19.093 0.014
53295.130 18.981 0.017
53298.220 18.656 0.016
53299.130 18.532 0.015
53300.170 18.422 0.016
53301.150 18.302 0.014
53302.170 18.224 0.016
53303.180 18.174 0.018
53307.180 18.140 0.020
53308.170 18.177 0.017
53310.220 18.257 0.014
53311.220 18.303 0.015
53314.180 18.651 0.013
53315.150 18.776 0.018
53323.150 19.666 0.033
53328.130 20.041 0.029
53337.150 20.258 0.070
53345.070 20.322 0.024
53349.040 20.359 0.025
53353.100 20.395 0.029
53356.050 20.431 0.037
