53293.120 18.821 0.016
53294.110 18.672 0.013
53295.130 18.489 0.016
53298.220 18.070 0.012
53299.130 17.956 0.012
53300.170 17.829 0.013
53301.150 17.718 0.013
53302.170 17.652 0.014
53303.180 17.558 0.016
53307.180 17.487 0.014
53308.170 17.475 0.014
53309.220 17.486 0.013
53310.220 17.508 0.013
53311.220 17.527 0.013
53314.180 17.697 0.012
53315.150 17.773 0.015
53323.150 18.430 0.017
53328.130 18.724 0.020
53337.150 18.995 0.029
53345.070 19.188 0.018
53349.040 19.219 0.043
53353.100 19.303 0.021
53356.050 19.327 0.026
53363.060 19.455 0.056
