5.329312000000011176e+04 1.915099999999999980e+01 1.400000000000000029e-02
5.329410999999986961e+04 1.909299999999999997e+01 1.400000000000000029e-02
5.329512999999988824e+04 1.898100000000000165e+01 1.700000000000000122e-02
5.329822000000020489e+04 1.865599999999999881e+01 1.600000000000000033e-02
5.329912999999988824e+04 1.853200000000000003e+01 1.499999999999999944e-02
5.330016999999992549e+04 1.842200000000000060e+01 1.600000000000000033e-02
5.330114999999990687e+04 1.830199999999999960e+01 1.400000000000000029e-02
5.330216999999992549e+04 1.822400000000000020e+01 1.600000000000000033e-02
5.330318000000016764e+04 1.817399999999999949e+01 1.799999999999999864e-02
5.330718000000016764e+04 1.814000000000000057e+01 2.000000000000000042e-02
5.330816999999992549e+04 1.817699999999999960e+01 1.700000000000000122e-02
5.330922000000020489e+04 nan nan
5.331022000000020489e+04 1.825700000000000145e+01 1.400000000000000029e-02
5.331122000000020489e+04 1.830300000000000082e+01 1.499999999999999944e-02
5.331214999999990687e+04 nan nan
5.331418000000016764e+04 1.865099999999999980e+01 1.299999999999999940e-02
5.331514999999990687e+04 1.877599999999999980e+01 1.799999999999999864e-02
5.332014000000013039e+04 nan nan
5.332314999999990687e+04 1.966600000000000037e+01 3.300000000000000155e-02
5.332812999999988824e+04 2.004100000000000037e+01 2.900000000000000147e-02
5.333714999999990687e+04 2.025799999999999912e+01 7.000000000000000666e-02
5.334506999999983236e+04 2.032199999999999918e+01 2.400000000000000050e-02
5.334904000000003725e+04 2.035900000000000176e+01 2.500000000000000139e-02
5.335310000000009313e+04 2.039499999999999957e+01 2.900000000000000147e-02
5.335604999999981374e+04 2.043100000000000094e+01 3.699999999999999817e-02
5.336306000000005588e+04 nan nan
