53293.120 18.946 0.010
53294.110 18.834 0.010
53295.130 18.651 0.016
53298.220 18.309 0.012
53299.130 18.181 0.012
53300.170 18.071 0.013
53301.150 17.983 0.009
53302.170 17.909 0.010
53303.180 17.831 0.022
53307.180 17.815 0.012
53308.170 17.787 0.019
53309.220 17.825 0.018
53310.220 17.867 0.009
53311.220 17.927 0.009
53312.150 17.986 0.010
53314.180 18.162 0.008
53315.150 18.207 0.016
53320.140 18.750 0.013
53323.150 19.045 0.014
53328.130 19.299 0.022
53337.150 19.628 0.038
53345.070 19.705 0.015
53349.040 19.718 0.042
53353.100 19.774 0.020
53356.050 19.827 0.032
53363.060 20.001 0.055
