53293.120 18.724 0.015
53294.110 18.535 0.012
53295.130 18.370 0.014
53298.220 17.908 0.011
53299.130 17.807 0.014
53300.170 17.688 0.014
53301.150 17.589 0.009
53302.170 17.482 0.013
53303.180 17.436 0.014
53307.180 17.294 0.009
53308.170 17.278 0.013
53309.220 17.291 0.013
53310.220 17.285 0.011
53311.220 17.304 0.012
53312.150 17.339 0.013
53314.180 17.409 0.007
53315.150 17.459 0.013
53320.140 17.804 0.013
53323.150 17.978 0.016
53328.130 18.255 0.016
53337.150 18.575 0.020
53345.070 18.748 0.016
53349.040 18.810 0.033
53353.100 18.904 0.016
53356.050 18.987 0.024
53363.060 19.085 0.029
