5.329312000000011176e+04 1.959499999999999886e+01 2.900000000000000147e-02
5.329410999999986961e+04 1.962099999999999866e+01 2.999999999999999889e-02
5.329512999999988824e+04 1.967899999999999849e+01 3.300000000000000155e-02
5.329822000000020489e+04 1.951500000000000057e+01 2.800000000000000058e-02
5.329912999999988824e+04 1.936799999999999855e+01 2.900000000000000147e-02
5.330016999999992549e+04 1.931099999999999994e+01 3.300000000000000155e-02
5.330114999999990687e+04 1.929599999999999937e+01 3.400000000000000244e-02
5.330216999999992549e+04 1.923900000000000077e+01 4.299999999999999656e-02
5.330318000000016764e+04 1.923900000000000077e+01 5.700000000000000205e-02
5.330718000000016764e+04 1.922800000000000153e+01 6.099999999999999867e-02
5.330816999999992549e+04 1.935800000000000054e+01 4.200000000000000261e-02
5.330922000000020489e+04 1.928200000000000003e+01 5.199999999999999761e-02
5.331022000000020489e+04 1.939000000000000057e+01 4.399999999999999745e-02
5.331122000000020489e+04 1.954500000000000171e+01 3.799999999999999906e-02
5.331214999999990687e+04 1.971699999999999875e+01 3.200000000000000067e-02
5.331418000000016764e+04 2.005099999999999838e+01 4.200000000000000261e-02
5.331514999999990687e+04 2.019600000000000151e+01 3.799999999999999906e-02
5.332014000000013039e+04 2.117299999999999827e+01 7.399999999999999634e-02
5.332314999999990687e+04 nan nan
5.332812999999988824e+04 nan nan
5.333714999999990687e+04 nan nan
5.334506999999983236e+04 nan nan
5.334904000000003725e+04 nan nan
5.335310000000009313e+04 nan nan
5.335604999999981374e+04 nan nan
5.336306000000005588e+04 nan nan
