5.329312000000011176e+04 1.879100000000000037e+01 2.100000000000000130e-02
5.329410999999986961e+04 1.859400000000000119e+01 1.700000000000000122e-02
5.329512999999988824e+04 1.843299999999999983e+01 1.700000000000000122e-02
5.329822000000020489e+04 1.800499999999999901e+01 1.600000000000000033e-02
5.329912999999988824e+04 1.789900000000000091e+01 1.600000000000000033e-02
5.330016999999992549e+04 1.775100000000000122e+01 1.600000000000000033e-02
5.330114999999990687e+04 1.769099999999999895e+01 1.200000000000000025e-02
5.330216999999992549e+04 1.758800000000000097e+01 1.200000000000000025e-02
5.330318000000016764e+04 1.753699999999999903e+01 1.499999999999999944e-02
5.330718000000016764e+04 1.735000000000000142e+01 1.099999999999999936e-02
5.330816999999992549e+04 1.732799999999999940e+01 1.400000000000000029e-02
5.330922000000020489e+04 1.730399999999999849e+01 1.299999999999999940e-02
5.331022000000020489e+04 1.729299999999999926e+01 1.400000000000000029e-02
5.331122000000020489e+04 1.730099999999999838e+01 1.299999999999999940e-02
5.331214999999990687e+04 1.729200000000000159e+01 1.499999999999999944e-02
5.331418000000016764e+04 1.735200000000000031e+01 8.999999999999999320e-03
5.331514999999990687e+04 1.738500000000000156e+01 1.400000000000000029e-02
5.332014000000013039e+04 1.759199999999999875e+01 1.400000000000000029e-02
5.332314999999990687e+04 1.775199999999999889e+01 1.499999999999999944e-02
5.332812999999988824e+04 1.793700000000000117e+01 1.600000000000000033e-02
5.333714999999990687e+04 1.822700000000000031e+01 1.899999999999999953e-02
5.334506999999983236e+04 1.839900000000000091e+01 1.799999999999999864e-02
5.334904000000003725e+04 1.847700000000000031e+01 2.199999999999999872e-02
5.335310000000009313e+04 1.857300000000000040e+01 1.899999999999999953e-02
5.335604999999981374e+04 1.865399999999999991e+01 2.500000000000000139e-02
5.336306000000005588e+04 1.878600000000000136e+01 3.099999999999999978e-02
