49444.450 13.780
49444.520 13.750
49445.370 13.430
49445.400 13.550
49446.400 13.190
49446.420 13.090
49447.390 12.900
49447.470 12.860
49447.500 12.970
49447.600 13.000
49449.300 12.720
49449.360 12.600
49450.400 12.630
49451.400 12.550
49452.400 12.550
49452.450 12.490
49452.600 12.480
49452.600 12.600
49453.400 12.570
49453.440 12.520
49453.450 12.520
49453.500 12.560
49453.500 12.600
49454.300 12.610
49454.320 12.540
49454.350 12.560
49455.380 12.590
49455.380 12.650
49455.400 12.640
49455.600 12.660
49455.600 12.700
49456.330 12.620
49456.340 12.650
49456.600 12.730
49456.600 12.800
49457.320 12.720
49459.700 13.000
49460.350 13.000
49461.320 13.100
49461.500 13.180
49461.500 13.300
49463.350 13.230
49463.600 13.370
49463.600 13.400
49466.600 13.600
49466.600 13.640
49468.500 13.790
49468.500 13.800
49469.310 13.810
49469.320 13.760
49470.300 13.960
49470.600 13.910
49470.600 14.000
49471.290 13.960
49472.600 14.000
49474.290 14.090
49474.500 14.000
49474.500 14.070
49475.290 14.100
49475.310 14.130
49476.280 14.160
49478.300 14.270
49478.310 14.300
49478.500 14.250
49478.500 14.400
49480.280 14.330
49480.330 14.320
49481.310 14.370
49481.700 14.340
49481.700 14.400
49484.700 14.400
49484.700 14.530
49485.260 14.550
49485.270 14.510
49488.500 14.590
49490.200 14.620
49491.500 14.650
49493.250 14.800
49493.320 14.740
49494.270 14.810
49494.370 14.740
49495.280 14.910
49495.600 14.660
49500.500 14.900
49501.360 15.000
49502.290 15.040
49502.600 14.880
49504.210 15.080
49505.440 15.050
49511.210 15.300
49514.210 15.370
