49444.450 14.030 0.010
49444.520 14.130 0.050
49445.180 13.740 999.000
49445.370 13.780 0.040
49445.400 13.540 999.000
49446.400 13.380 999.000
49446.420 13.390 0.010
49447.390 13.210 0.010
49447.470 13.200 0.000
49447.500 13.210 999.000
49447.600 13.220 999.000
49447.600 13.300 999.000
49449.300 12.960 999.000
49449.360 12.990 0.010
49449.880 13.050 999.000
49450.400 12.960 999.000
49450.800 12.950 999.000
49450.800 13.100 999.000
49451.400 12.870 999.000
49451.700 13.000 999.000
49452.400 12.930 999.000
49452.450 12.910 0.010
49452.600 13.000 999.000
49453.060 12.930 999.000
49453.400 13.020 999.000
49453.440 13.030 0.010
49453.450 13.010 0.010
49453.500 13.060 999.000
49453.500 13.100 999.000
49454.060 12.900 999.000
49454.300 13.100 999.000
49454.320 13.100 0.010
49454.350 13.130 0.020
49455.050 13.120 999.000
49455.380 13.140 0.010
49455.380 13.300 0.010
49455.400 13.180 999.000
49455.600 13.260 999.000
49455.600 13.300 999.000
49456.050 13.100 999.000
49456.330 13.370 0.020
49456.340 13.300 0.010
49456.600 13.350 999.000
49456.600 13.400 999.000
49456.960 13.200 999.000
49457.050 13.270 999.000
49457.320 13.460 0.010
49457.990 13.240 999.000
49458.040 13.330 999.000
49459.700 13.780 999.000
49459.700 13.900 999.000
49460.350 13.930 0.010
49461.010 14.100 999.000
49461.320 14.080 0.020
49461.500 14.030 999.000
49461.500 14.100 999.000
49463.350 14.290 0.020
49463.600 14.280 999.000
49463.600 14.300 999.000
49465.030 13.980 999.000
49466.600 14.600 999.000
49466.600 14.700 999.000
49467.020 13.880 999.000
49468.500 14.770 999.000
49468.500 14.800 999.000
49469.310 14.950 0.040
49469.320 14.900 0.030
49469.940 15.030 999.000
49470.300 15.110 0.010
49470.600 14.900 999.000
49470.600 15.000 999.000
49471.290 15.120 0.040
49472.600 15.010 999.000
49472.600 15.200 999.000
49474.290 15.270 0.030
49474.500 15.100 999.000
49474.500 15.200 999.000
49475.290 15.260 0.120
49475.310 15.450 0.060
49475.990 14.430 999.000
49476.280 15.260 0.110
49478.300 15.430 0.020
49478.310 15.460 0.030
49478.500 15.220 999.000
49478.500 15.300 999.000
49480.280 15.550 0.040
49480.330 15.710 0.160
49481.310 15.560 0.020
49481.700 15.360 999.000
49481.700 15.700 999.000
49484.700 15.560 999.000
49484.700 15.700 999.000
49485.260 15.690 0.070
49485.270 15.710 0.040
49486.250 15.700 0.040
49488.500 15.650 999.000
49490.200 15.900 0.030
49491.500 15.650 999.000
49493.250 16.050 0.110
49493.320 15.940 0.020
49494.270 16.000 0.100
49494.370 15.890 0.010
49495.280 16.030 0.210
49495.600 15.860 999.000
49500.500 15.870 999.000
49501.360 16.180 0.070
49502.290 16.240 0.020
49502.600 15.920 999.000
49504.210 16.210 0.040
49505.440 16.260 0.070
49511.210 16.480 0.040
49514.210 16.580 0.040
