49444.450 14.410
49445.180 14.200
49446.400 13.970
49446.420 13.970
49447.390 13.950
49447.500 13.830
49449.300 13.710
49449.360 13.680
49449.860 14.050
49449.880 13.560
49449.900 13.830
49449.910 14.000
49450.400 14.030
49451.400 13.820
49451.760 13.880
49452.400 13.930
49452.450 13.810
49452.760 14.180
49453.400 14.030
49453.440 14.060
49453.450 14.020
49453.810 14.200
49454.300 14.180
49454.320 14.180
49454.350 14.230
49455.380 14.350
49455.380 14.560
49455.400 14.380
49456.340 14.560
49456.960 14.620
49457.320 14.750
49457.970 14.750
49457.990 14.430
49460.350 15.280
49461.010 15.030
49461.320 15.400
49469.320 16.000
49469.940 16.250
49470.300 15.970
49475.310 16.280
49475.990 15.120
49481.310 16.610
49485.270 16.560
49486.250 16.760
49490.200 16.580
49493.320 16.880
49494.370 16.860
49495.930 16.920
49501.360 17.210
49502.290 17.060
49504.210 16.930
49511.210 17.210
