49444.450 13.870 0.020
49444.520 13.770 0.110
49445.180 13.610 999.000
49445.370 13.500 0.100
49445.400 13.430 999.000
49446.400 13.200 999.000
49446.420 13.210 0.020
49447.390 13.060 0.020
49447.470 12.980 0.000
49447.500 13.020 999.000
49447.600 13.000 999.000
49449.300 12.740 999.000
49449.360 12.720 0.020
49450.400 12.650 999.000
49450.800 12.710 999.000
49450.800 12.800 999.000
49451.400 12.570 999.000
49451.700 12.680 999.000
49451.700 12.700 999.000
49452.400 12.650 999.000
49452.450 12.620 0.020
49452.600 12.670 999.000
49452.600 12.700 999.000
49453.400 12.710 999.000
49453.440 12.760 0.020
49453.450 12.700 0.020
49453.500 12.700 999.000
49453.500 12.730 999.000
49454.300 12.760 999.000
49454.320 12.780 0.010
49454.350 12.740 0.030
49455.380 12.770 0.020
49455.380 12.950 0.020
49455.400 12.840 999.000
49455.600 12.850 999.000
49455.600 12.900 999.000
49456.330 12.920 0.030
49456.340 12.950 0.020
49456.600 12.930 999.000
49456.600 13.000 999.000
49457.320 13.040 0.020
49459.700 13.270 999.000
49459.700 13.300 999.000
49460.350 13.410 0.020
49461.320 13.530 0.030
49461.500 13.480 999.000
49461.500 13.500 999.000
49463.350 13.690 0.030
49463.600 13.730 999.000
49463.600 13.800 999.000
49466.600 14.000 999.000
49466.600 14.050 999.000
49468.500 14.260 999.000
49468.500 14.300 999.000
49469.310 14.390 0.050
49469.320 14.360 0.040
49470.300 14.500 0.010
49470.600 14.390 999.000
49470.600 14.400 999.000
49471.290 14.580 0.060
49472.600 14.490 999.000
49472.600 14.600 999.000
49474.290 14.690 0.050
49474.500 14.600 999.000
49474.500 14.640 999.000
49475.290 14.810 0.190
49475.310 14.800 0.080
49476.280 14.860 0.150
49478.300 14.900 0.030
49478.310 14.990 0.040
49478.500 14.770 999.000
49478.500 14.800 999.000
49480.280 15.030 0.060
49480.330 15.040 0.210
49481.310 15.030 0.030
49481.700 14.870 999.000
49481.700 15.100 999.000
49484.700 15.080 999.000
49484.700 15.200 999.000
49485.260 15.270 0.100
49485.270 15.180 0.050
49486.250 15.210 0.050
49488.500 15.120 999.000
49490.200 15.410 0.070
49491.500 15.190 999.000
49493.250 15.460 0.160
49493.320 15.450 0.030
49494.270 15.480 0.160
49494.370 15.490 0.020
49495.280 15.500 0.290
49495.600 15.340 999.000
49500.500 15.560 999.000
49501.360 15.730 0.090
49502.290 15.750 0.040
49502.600 15.470 999.000
49504.210 15.740 0.060
49505.440 15.780 0.120
49511.210 15.990 0.060
49514.210 16.040 0.060
