53310.300 17.740 0.070
53310.350 17.840 0.011
53311.310 17.806 0.011
53314.330 17.782 0.009
53315.350 17.799 0.010
53315.400 17.670 0.040
53316.330 17.822 0.009
53316.400 17.570 0.050
53319.400 17.890 0.040
53321.310 18.191 0.011
53324.310 18.445 0.016
53325.270 18.503 0.019
53325.400 18.150 0.050
53327.240 18.706 0.014
53327.400 18.310 0.060
53328.400 18.350 0.050
53329.400 18.400 0.060
53330.200 18.868 0.017
53331.310 18.996 0.017
53340.180 19.339 0.019
53344.310 19.480 0.019
53352.160 19.570 0.018
53372.120 19.947 0.027
