5.331035000000009313e+04 1.783999999999999986e+01 1.099999999999999936e-02
5.331131000000005588e+04 1.780600000000000094e+01 1.099999999999999936e-02
5.331225999999977648e+04 nan nan
5.331433000000007451e+04 1.778200000000000003e+01 8.999999999999999320e-03
5.331535000000009313e+04 1.779899999999999949e+01 1.000000000000000021e-02
5.331633000000007451e+04 1.782199999999999918e+01 8.999999999999999320e-03
5.332025000000000000e+04 nan nan
5.332131000000005588e+04 1.819099999999999895e+01 1.099999999999999936e-02
5.332327000000001863e+04 nan nan
5.332431000000005588e+04 1.844500000000000028e+01 1.600000000000000033e-02
5.332527000000001863e+04 1.850300000000000011e+01 1.899999999999999953e-02
5.332724000000022352e+04 1.870599999999999952e+01 1.400000000000000029e-02
5.333020000000018626e+04 1.886799999999999855e+01 1.700000000000000122e-02
5.333131000000005588e+04 1.899599999999999866e+01 1.700000000000000122e-02
5.334018000000016764e+04 1.933899999999999864e+01 1.899999999999999953e-02
5.334431000000005588e+04 1.948000000000000043e+01 1.899999999999999953e-02
5.335216000000014901e+04 1.957000000000000028e+01 1.799999999999999864e-02
5.336325000000000000e+04 nan nan
5.337212000000011176e+04 1.994699999999999918e+01 2.699999999999999969e-02
5.338322000000020489e+04 nan nan
