5.331035000000009313e+04 1.933899999999999864e+01 3.099999999999999978e-02
5.331131000000005588e+04 1.938500000000000156e+01 3.400000000000000244e-02
5.331225999999977648e+04 nan nan
5.331433000000007451e+04 1.955900000000000105e+01 2.699999999999999969e-02
5.331535000000009313e+04 1.962800000000000011e+01 2.599999999999999881e-02
5.331633000000007451e+04 1.982900000000000063e+01 4.200000000000000261e-02
5.332025000000000000e+04 2.067099999999999937e+01 4.800000000000000100e-02
5.332131000000005588e+04 2.084299999999999997e+01 5.500000000000000028e-02
5.332327000000001863e+04 nan nan
5.332431000000005588e+04 2.157400000000000162e+01 1.809999999999999942e-01
5.332527000000001863e+04 2.161100000000000065e+01 1.930000000000000049e-01
5.332724000000022352e+04 2.178500000000000014e+01 1.189999999999999947e-01
5.333020000000018626e+04 nan nan
5.333131000000005588e+04 nan nan
5.334018000000016764e+04 nan nan
5.334431000000005588e+04 nan nan
5.335216000000014901e+04 nan nan
5.336325000000000000e+04 nan nan
5.337212000000011176e+04 nan nan
5.338322000000020489e+04 nan nan
