5.331035000000009313e+04 1.771600000000000108e+01 1.200000000000000025e-02
5.331131000000005588e+04 1.765700000000000003e+01 1.200000000000000025e-02
5.331225999999977648e+04 1.763299999999999912e+01 2.299999999999999961e-02
5.331433000000007451e+04 1.759499999999999886e+01 1.000000000000000021e-02
5.331535000000009313e+04 1.760000000000000142e+01 1.099999999999999936e-02
5.331633000000007451e+04 1.759799999999999898e+01 8.999999999999999320e-03
5.332025000000000000e+04 1.778800000000000026e+01 1.200000000000000025e-02
5.332131000000005588e+04 1.786799999999999855e+01 1.499999999999999944e-02
5.332327000000001863e+04 1.798499999999999943e+01 2.000000000000000042e-02
5.332431000000005588e+04 1.808099999999999952e+01 1.200000000000000025e-02
5.332527000000001863e+04 1.813800000000000168e+01 1.400000000000000029e-02
5.332724000000022352e+04 1.827899999999999991e+01 1.299999999999999940e-02
5.333020000000018626e+04 1.842999999999999972e+01 1.299999999999999940e-02
5.333131000000005588e+04 1.851399999999999935e+01 1.400000000000000029e-02
5.334018000000016764e+04 1.884100000000000108e+01 1.400000000000000029e-02
5.334431000000005588e+04 1.900400000000000134e+01 1.700000000000000122e-02
5.335216000000014901e+04 1.917999999999999972e+01 1.899999999999999953e-02
5.336325000000000000e+04 1.936899999999999977e+01 2.400000000000000050e-02
5.337212000000011176e+04 1.952100000000000080e+01 1.600000000000000033e-02
5.338322000000020489e+04 nan nan
