5.331035000000009313e+04 1.807999999999999829e+01 8.999999999999999320e-03
5.331131000000005588e+04 1.803099999999999881e+01 8.999999999999999320e-03
5.331225999999977648e+04 nan nan
5.331433000000007451e+04 1.805900000000000105e+01 8.999999999999999320e-03
5.331535000000009313e+04 1.811100000000000065e+01 8.999999999999999320e-03
5.331633000000007451e+04 1.817599999999999838e+01 8.000000000000000167e-03
5.332025000000000000e+04 1.854599999999999937e+01 1.200000000000000025e-02
5.332131000000005588e+04 1.867500000000000071e+01 1.400000000000000029e-02
5.332327000000001863e+04 1.885600000000000165e+01 1.899999999999999953e-02
5.332431000000005588e+04 1.901300000000000168e+01 1.499999999999999944e-02
5.332527000000001863e+04 1.909400000000000119e+01 1.200000000000000025e-02
5.332724000000022352e+04 1.925499999999999901e+01 1.600000000000000033e-02
5.333020000000018626e+04 1.945899999999999963e+01 2.599999999999999881e-02
5.333131000000005588e+04 1.953200000000000003e+01 2.199999999999999872e-02
5.334018000000016764e+04 1.990899999999999892e+01 2.100000000000000130e-02
5.334431000000005588e+04 2.002400000000000091e+01 1.899999999999999953e-02
5.335216000000014901e+04 2.008999999999999986e+01 1.700000000000000122e-02
5.336325000000000000e+04 2.028000000000000114e+01 3.899999999999999994e-02
5.337212000000011176e+04 2.032499999999999929e+01 2.000000000000000042e-02
5.338322000000020489e+04 2.050100000000000122e+01 2.400000000000000050e-02
