5.331035000000009313e+04 1.768499999999999872e+01 1.400000000000000029e-02
5.331131000000005588e+04 1.763800000000000168e+01 1.400000000000000029e-02
5.331225999999977648e+04 1.756700000000000017e+01 5.800000000000000294e-02
5.331433000000007451e+04 1.751200000000000045e+01 1.099999999999999936e-02
5.331535000000009313e+04 1.751099999999999923e+01 1.299999999999999940e-02
5.331633000000007451e+04 1.750900000000000034e+01 1.200000000000000025e-02
5.332025000000000000e+04 1.755499999999999972e+01 1.400000000000000029e-02
5.332131000000005588e+04 1.762399999999999878e+01 1.400000000000000029e-02
5.332327000000001863e+04 1.769800000000000040e+01 1.499999999999999944e-02
5.332431000000005588e+04 1.776999999999999957e+01 1.299999999999999940e-02
5.332527000000001863e+04 1.782799999999999940e+01 1.200000000000000025e-02
5.332724000000022352e+04 1.788899999999999935e+01 1.200000000000000025e-02
5.333020000000018626e+04 1.804200000000000159e+01 1.299999999999999940e-02
5.333131000000005588e+04 1.811400000000000077e+01 1.200000000000000025e-02
5.334018000000016764e+04 1.848600000000000065e+01 1.700000000000000122e-02
5.334431000000005588e+04 1.859900000000000020e+01 1.400000000000000029e-02
5.335216000000014901e+04 1.876000000000000156e+01 1.400000000000000029e-02
5.336325000000000000e+04 1.898999999999999844e+01 2.000000000000000042e-02
5.337212000000011176e+04 1.924699999999999989e+01 1.600000000000000033e-02
5.338322000000020489e+04 1.946799999999999997e+01 2.100000000000000130e-02
