54474.701 19.875 999.000
54476.148 18.348 0.188
54476.276 18.473 0.168
54476.434 18.460 0.146
54476.703 18.517 0.142
54477.012 18.845 0.190
54477.550 18.982 0.192
54478.518 19.292 0.233
54479.520 19.300 0.233
54480.525 19.372 0.257
54481.499 19.305 0.242
54482.536 19.208 0.206
54483.878 19.225 0.226
54486.216 19.064 0.187
54489.766 18.901 0.171
54490.632 18.942 0.173
54491.504 19.070 0.188
54492.639 19.107 0.193
54493.439 19.064 0.188
54494.544 19.097 0.196
54495.516 19.200 0.219
54496.114 19.265 0.232
54497.529 19.246 0.225
54498.393 19.283 0.226
54499.530 19.792 0.332
54500.466 19.763 0.328
54504.347 20.113 999.000
54505.387 20.112 999.000
54506.354 20.099 999.000
54507.395 20.190 999.000
54508.665 20.143 999.000
54509.366 20.145 999.000
54511.415 20.202 999.000
54513.286 20.326 999.000
54519.274 20.347 999.000
54883.685 19.837 999.000
