54474.707 19.440 999.000
54476.153 18.257 0.231
54476.289 18.409 0.372
54476.450 18.448 0.172
54476.717 18.399 0.153
54476.989 18.377 0.175
54477.588 18.557 0.173
54478.526 18.441 0.153
54479.526 18.305 0.139
54480.529 18.191 0.136
54481.503 18.006 0.121
54482.539 17.914 0.111
54483.883 17.960 0.134
54486.221 17.498 0.092
54489.770 17.400 0.091
54490.636 17.404 0.088
54491.508 17.383 0.086
54492.644 17.394 0.086
54493.441 17.346 0.087
54494.547 17.389 0.093
54495.511 17.411 0.087
54496.110 17.425 0.089
54497.533 17.388 0.094
54498.386 17.432 0.086
54499.534 17.545 0.098
54500.460 17.581 0.092
54504.342 17.764 0.105
54505.488 17.954 0.218
54506.351 17.902 0.116
54507.391 17.975 0.115
54508.662 18.239 0.139
54509.363 18.115 0.128
54511.412 18.289 0.138
54513.112 18.320 0.140
54517.163 18.534 0.156
54519.510 18.623 0.205
54521.790 18.714 0.178
54537.599 19.003 0.213
54883.690 19.395 999.000
