54474.520 19.100 999.000
54475.012 19.100 0.060
54475.410 18.516 0.036
54476.437 18.376 0.031
54476.640 18.430 999.000
54477.168 18.410 0.100
54477.265 18.458 0.034
54477.462 18.403 0.038
54477.690 18.500 999.000
54478.212 18.490 0.050
54478.302 18.492 0.034
54478.484 18.431 0.035
54478.680 18.300 999.000
54479.174 18.290 0.050
54480.394 18.218 0.042
54480.730 18.050 999.000
54481.205 18.030 0.040
54481.511 18.055 0.037
54481.790 17.970 999.000
54482.270 17.960 0.020
54482.437 17.951 0.026
54482.780 17.800 999.000
54483.267 17.790 0.040
54483.281 17.874 0.028
54484.367 17.721 0.032
54484.550 17.650 999.000
54485.024 17.640 0.060
54485.410 17.628 0.028
54489.700 17.370 999.000
54490.197 17.360 0.040
54490.410 17.370 999.000
54490.906 17.360 0.030
54492.530 17.350 999.000
54493.021 17.330 0.050
54493.660 17.350 999.000
54494.128 17.340 0.030
54494.469 17.372 0.026
54494.650 17.350 999.000
54495.127 17.350 0.040
54495.367 17.424 0.022
54496.341 17.400 0.020
54496.490 17.400 999.000
54496.700 17.450 999.000
54496.964 17.380 0.050
54497.160 17.430 0.030
54497.401 17.499 0.037
54498.312 17.484 0.019
54499.354 17.507 0.024
54501.640 17.600 999.000
54502.114 17.580 0.040
54502.442 17.673 0.024
54503.350 17.713 0.021
54503.620 17.750 999.000
54504.162 17.740 0.030
54504.374 17.771 0.025
54505.419 17.852 0.024
54506.590 18.070 999.000
54507.091 18.050 0.040
54507.219 17.908 0.039
54509.279 18.135 0.028
54510.166 18.206 0.035
54520.259 18.789 0.053
54523.248 18.838 0.045
54524.280 18.890 0.046
54531.137 18.936 0.046
54536.163 19.088 0.047
54537.156 19.172 0.067
54539.123 19.073 0.058
54547.109 19.168 0.063
54553.131 19.418 0.067
54558.106 19.428 0.076
54569.135 19.648 0.143
54572.170 19.867 0.136
54575.246 19.862 0.116
54579.128 19.891 0.099
54583.144 20.028 0.103
54590.169 20.180 0.158
54594.159 20.163 0.135
