54475.406 18.185 0.035
54476.432 17.868 0.029
54477.261 17.880 0.030
54477.457 17.870 0.028
54478.297 17.883 0.029
54478.479 17.892 0.031
54480.389 17.730 0.037
54481.507 17.567 0.085
54482.433 17.345 0.030
54483.275 17.250 0.030
54484.361 17.108 0.025
54494.463 16.657 0.023
54495.361 16.659 0.024
54496.335 16.593 0.022
54497.395 16.697 0.031
54498.306 16.656 0.024
54499.348 16.689 0.023
54502.436 16.769 0.022
54503.344 16.791 0.022
54504.368 16.831 0.025
54505.413 16.899 0.028
54507.213 16.983 0.029
54509.273 17.005 0.024
54510.160 17.079 0.022
54520.253 17.445 0.030
54523.242 17.561 0.026
54524.274 17.613 0.029
54531.131 17.786 0.033
54536.157 17.856 0.030
54537.150 17.950 0.031
54539.117 17.964 0.033
54549.222 18.340 0.084
54553.125 18.334 0.040
54558.100 18.395 0.047
54572.164 18.638 0.053
54575.240 18.832 0.058
54579.122 18.811 0.058
54583.137 19.025 0.056
54594.153 19.100 0.063
54615.143 19.359 0.111
