54475.408 18.314 0.036
54476.435 18.099 0.031
54477.263 18.125 0.031
54477.459 18.166 0.032
54478.299 18.152 0.032
54478.482 18.179 0.032
54480.391 18.014 0.035
54481.509 17.744 0.049
54482.417 17.586 0.043
54482.435 17.670 0.032
54483.278 17.517 0.025
54484.364 17.437 0.031
54494.466 16.994 0.023
54495.364 17.005 0.023
54496.338 16.951 0.022
54497.398 17.054 0.027
54498.309 17.044 0.024
54499.351 17.071 0.022
54502.439 17.182 0.023
54503.347 17.228 0.021
54504.371 17.294 0.023
54505.416 17.331 0.025
54507.216 17.454 0.027
54509.276 17.568 0.026
54510.163 17.608 0.025
54520.256 18.069 0.035
54523.245 18.205 0.030
54524.277 18.199 0.033
54531.134 18.311 0.031
54536.160 18.490 0.033
54537.153 18.533 0.033
54539.120 18.540 0.037
54545.107 18.752 0.077
54547.106 18.725 0.068
54553.128 18.849 0.042
54558.103 18.971 0.053
54572.167 19.270 0.089
54575.243 19.235 0.075
54579.125 19.333 0.063
54583.141 19.435 0.065
54585.169 19.416 0.107
54590.166 19.551 0.083
54594.156 19.637 0.083
54615.146 20.043 0.131
