54474.702 20.257 999.000
54476.149 18.721 0.179
54476.287 19.048 0.205
54476.436 19.086 0.170
54476.705 19.044 0.157
54477.014 19.131 0.179
54477.551 19.300 0.187
54478.520 19.278 0.180
54479.521 19.213 0.172
54480.526 19.168 0.172
54481.500 19.020 0.155
54482.538 18.890 0.137
54483.881 18.799 0.144
54486.219 18.567 0.115
54489.768 18.494 0.113
54490.634 18.476 0.110
54491.506 18.479 0.110
54492.642 18.455 0.108
54493.440 18.573 0.116
54494.546 18.561 0.118
54495.521 18.517 0.115
54496.118 18.496 0.115
54497.531 18.635 0.127
54498.399 18.632 0.119
54499.533 18.728 0.130
54500.472 18.779 0.130
54504.383 19.141 0.186
54505.487 19.116 0.191
54506.357 19.278 0.189
54507.400 19.821 0.272
54508.667 19.779 0.270
54509.369 19.555 0.226
54511.418 19.836 0.272
54513.117 19.934 0.293
54517.168 20.461 0.439
54519.513 20.311 999.000
54521.901 18.726 999.000
54883.686 20.224 999.000
