54474.700 20.014 999.000
54476.146 19.138 0.305
54476.273 19.789 0.360
54476.430 19.693 0.319
54476.699 19.509 0.260
54477.010 19.667 0.321
54477.549 20.296 999.000
54478.516 20.356 999.000
54479.519 20.363 999.000
54480.524 20.269 999.000
54481.498 20.295 999.000
54482.532 20.527 999.000
54483.870 20.363 999.000
54486.208 20.531 999.000
54489.759 20.482 999.000
54490.626 20.512 999.000
54491.498 20.512 999.000
54492.633 20.519 999.000
54493.506 20.506 999.000
54494.512 20.466 999.000
54497.553 20.408 999.000
54499.524 20.454 999.000
54501.330 19.229 999.000
54505.380 20.475 999.000
54883.684 19.969 999.000
