54475.270 16.700 0.050
54476.330 16.220 0.090
54477.340 16.150 0.090
54478.340 16.050 0.090
54479.380 15.960 0.100
54480.340 15.860 0.100
54481.320 15.720 0.070
54482.260 15.550 0.000
54483.320 15.410 0.130
54484.350 15.310 0.050
54485.310 15.170 0.160
54486.350 15.120 0.050
54497.190 14.760 0.080
54499.260 14.730 0.030
54505.200 14.760 0.020
54508.240 14.860 0.010
54509.220 14.880 0.030
54510.250 14.890 0.060
#Tanaka
54477.2759 	 16.279 	 0.03
54478.321 	 16.258 	 0.019
54480.2776 	 15.971 	 0.023
54481.3119 	 15.807 	 0.023
54482.2988 	 15.685 	 0.021
54485.2857 	 15.337 	 0.02
54486.4511 	 15.212 	 0.017
54489.2817 	 15.063 	 0.019
54490.2491 	 14.978 	 0.019
54506.4707 	 14.946 	 0.021
54508.4583 	 14.96 	 0.021
54511.2897 	 15.039 	 0.028
54513.2608 	 15.074 	 0.022
54514.3752 	 15.129 	 0.014
54518.2122 	 15.223 	 0.018
54520.1707 	 15.28 	 0.041
54524.3725 	 15.4 	 0.014
54527.3472 	 15.476 	 0.023
54529.4453 	 15.567 	 0.023
54537.3404 	 15.735 	 0.023
54540.3217 	 15.844 	 0.023
54545.209 	 15.964 	 0.038
54551.2937 	 16.183 	 0.024
54556.3266 	 16.315 	 0.038
54559.2826 	 16.424 	 0.023
54563.2984 	 16.472 	 0.028
54569.2581 	 16.613 	 0.025
54573.2022 	 16.705 	 0.036
54574.3168 	 16.723 	 0.032
54577.2154 	 16.761 	 0.037
54579.223 	 16.819 	 0.038
