54474.520 19.560 999.000
54475.413 19.029 0.041
54475.417 19.142 0.055
54476.440 18.987 0.042
54476.444 18.997 0.039
54476.640 19.130 999.000
54477.268 19.061 0.055
54477.465 19.150 0.050
54477.468 19.113 0.046
54477.690 19.310 999.000
54478.305 19.198 0.048
54478.309 19.252 0.051
54478.487 19.274 0.051
54478.491 19.215 0.051
54478.680 19.310 999.000
54480.397 19.387 0.086
54480.400 19.331 0.077
54480.730 19.030 999.000
54481.514 19.138 0.055
54481.518 19.116 0.060
54481.790 18.900 999.000
54482.440 18.988 0.045
54482.444 18.987 0.044
54482.448 19.032 0.039
54482.451 18.999 0.042
54482.780 18.780 999.000
54483.285 18.900 0.064
54483.288 18.909 0.065
54484.370 18.871 0.076
54484.374 18.781 0.061
54484.550 18.580 999.000
54489.700 18.400 999.000
54490.410 18.330 999.000
54492.530 18.450 999.000
54493.590 18.480 999.000
54494.473 18.425 0.058
54494.476 18.323 0.054
54494.650 18.450 999.000
54495.371 18.540 0.037
54495.374 18.530 0.037
54496.344 18.617 0.042
54496.348 18.550 0.037
54496.490 18.650 999.000
54496.700 18.630 999.000
54497.408 18.601 0.061
54498.316 18.693 0.033
54498.319 18.762 0.032
54499.358 18.851 0.054
54499.362 18.872 0.054
54501.640 19.010 999.000
54502.446 19.100 0.049
54502.450 19.218 0.054
54503.353 19.210 0.060
54503.357 19.287 0.051
54503.620 19.180 999.000
54504.378 19.297 0.051
54504.382 19.196 0.053
54505.422 19.420 0.048
54505.426 19.428 0.055
54506.590 19.580 999.000
54509.283 19.874 0.076
54509.287 19.788 0.063
54510.170 19.923 0.151
54510.174 19.745 0.138
54520.263 20.387 0.187
54524.284 20.545 0.130
54531.145 20.597 0.141
54536.167 20.645 0.139
54537.160 20.720 0.185
54539.126 20.645 0.173
54539.130 20.626 0.152
54558.114 20.631 0.154
54569.138 20.862 0.328
54572.174 20.893 0.297
54579.135 20.988 0.274
54615.152 21.415 0.446
