2.660 -14.228 0.001
2.930 -14.322 0.001
3.220 -14.407 0.002
3.540 -14.466 0.002
3.890 -14.500 0.002
4.280 -14.519 0.001
4.710 -14.538 0.002
5.180 -14.576 0.002
5.700 -14.656 0.002
6.270 -14.760 0.002
6.900 -14.883 0.002
7.590 -15.022 0.001
8.350 -15.177 0.001
9.190 -15.346 0.001
10.110 -15.523 0.001
11.120 -15.700 0.001
12.230 -15.878 0.001
13.450 -16.047 0.002
14.800 -16.207 0.002
16.280 -16.354 0.001
17.910 -16.494 0.001
19.700 -16.621 0.001
21.670 -16.741 0.002
23.840 -16.855 0.002
26.220 -16.964 0.002
28.840 -17.067 0.001
31.720 -17.160 0.002
34.890 -17.238 0.001
38.380 -17.288 0.002
42.220 -17.312 0.001
46.440 -17.293 0.001
51.080 -17.225 0.001
56.190 -17.093 0.001
61.810 -16.909 0.001
67.990 -16.701 0.002
74.790 -16.501 0.001
82.270 -16.339 0.002
90.500 -16.241 0.002
99.600 -16.129 0.001
109.600 -16.006 0.002
120.600 -15.871 0.001
132.700 -15.719 0.001
146.000 -15.545 0.002
160.600 -15.350 0.001
176.700 -15.137 0.001
194.400 -14.900 0.001
