2.660 -14.307 0.002
2.930 -14.348 0.002
3.220 -14.423 0.002
3.540 -14.499 0.001
3.890 -14.560 0.001
4.280 -14.604 0.002
4.710 -14.600 0.002
5.180 -14.643 0.001
5.700 -14.730 0.002
6.270 -14.840 0.001
6.900 -14.968 0.002
7.590 -15.110 0.001
8.350 -15.267 0.002
9.190 -15.436 0.002
10.110 -15.611 0.001
11.120 -15.788 0.002
12.230 -15.964 0.001
13.450 -16.133 0.002
14.800 -16.296 0.002
16.280 -16.449 0.001
17.910 -16.595 0.001
19.700 -16.731 0.002
21.670 -16.862 0.002
23.840 -16.988 0.001
26.220 -17.109 0.001
28.840 -17.224 0.001
31.720 -17.330 0.002
34.890 -17.423 0.001
38.380 -17.493 0.002
42.220 -17.536 0.001
46.440 -17.549 0.001
51.080 -17.513 0.001
56.190 -17.431 0.002
61.810 -17.313 0.001
67.990 -17.186 0.001
74.790 -17.079 0.002
82.270 -16.992 0.002
90.500 -16.947 0.002
99.600 -16.878 0.002
109.600 -16.805 0.001
120.600 -16.712 0.002
132.700 -16.601 0.002
146.000 -16.462 0.002
160.600 -16.289 0.001
176.700 -16.079 0.002
194.400 -15.830 0.001
