2.660 -14.194 0.002
2.930 -14.214 0.002
3.220 -14.263 0.002
3.540 -14.293 0.002
3.890 -14.302 0.002
4.280 -14.293 0.002
4.710 -14.212 0.002
5.180 -14.213 0.002
5.700 -14.273 0.001
6.270 -14.367 0.001
6.900 -14.487 0.002
7.590 -14.631 0.002
8.350 -14.794 0.002
9.190 -14.975 0.001
10.110 -15.167 0.001
11.120 -15.362 0.002
12.230 -15.558 0.002
13.450 -15.747 0.001
14.800 -15.927 0.002
16.280 -16.091 0.001
17.910 -16.246 0.001
19.700 -16.385 0.002
21.670 -16.515 0.002
23.840 -16.635 0.001
26.220 -16.745 0.001
28.840 -16.847 0.001
31.720 -16.935 0.001
34.890 -17.003 0.001
38.380 -17.012 0.001
42.220 -17.011 0.001
46.440 -16.949 0.002
51.080 -16.846 0.001
56.190 -16.681 0.001
61.810 -16.471 0.001
67.990 -16.254 0.001
74.790 -16.071 0.002
82.270 -15.937 0.002
90.500 -15.836 0.001
99.600 -15.745 0.002
109.600 -15.641 0.001
120.600 -15.518 0.002
132.700 -15.369 0.001
146.000 -15.181 0.002
160.600 -14.948 0.001
176.700 -14.665 0.001
194.400 -14.324 0.001
