2.660 -13.784 0.002
2.930 -13.281 0.002
3.220 -12.950 0.001
3.540 -12.723 0.001
3.890 -12.538 0.001
4.280 -12.350 0.001
4.710 -11.964 0.002
5.180 -11.643 0.001
5.700 -11.439 0.001
6.270 -11.374 0.002
6.900 -11.427 0.002
7.590 -11.567 0.001
8.350 -11.770 0.001
9.190 -12.022 0.002
10.110 -12.305 0.001
11.120 -12.604 0.001
12.230 -12.911 0.002
13.450 -13.211 0.002
14.800 -13.498 0.001
16.280 -13.758 0.002
17.910 -13.994 0.001
19.700 -14.202 0.002
21.670 -14.385 0.001
23.840 -14.547 0.001
26.220 -14.690 0.001
28.840 -14.815 0.001
31.720 -14.918 0.002
34.890 -14.992 0.001
38.380 -14.938 0.002
42.220 -14.885 0.002
46.440 -14.810 0.002
51.080 -14.724 0.001
56.190 -14.544 0.001
61.810 -14.354 0.002
67.990 -14.204 0.001
74.790 -14.104 0.002
82.270 -14.061 0.001
90.500 -13.991 0.001
99.600 -13.964 0.001
109.600 -13.990 0.002
120.600 -13.938 0.001
132.700 -13.867 0.001
146.000 -13.742 0.002
160.600 -13.555 0.001
176.700 -13.288 0.002
194.400 -12.943 0.001
