2.660 -14.555 0.002
2.930 -14.622 0.002
3.220 -14.690 0.001
3.540 -14.753 0.001
3.890 -14.812 0.002
4.280 -14.873 0.001
4.710 -14.933 0.002
5.180 -15.010 0.002
5.700 -15.111 0.001
6.270 -15.226 0.002
6.900 -15.352 0.001
7.590 -15.489 0.002
8.350 -15.636 0.001
9.190 -15.792 0.002
10.110 -15.950 0.002
11.120 -16.110 0.001
12.230 -16.270 0.001
13.450 -16.424 0.002
14.800 -16.574 0.002
16.280 -16.717 0.002
17.910 -16.856 0.002
19.700 -16.987 0.002
21.670 -17.112 0.001
23.840 -17.234 0.001
26.220 -17.349 0.001
28.840 -17.458 0.001
31.720 -17.559 0.002
34.890 -17.647 0.002
38.380 -17.699 0.002
42.220 -17.748 0.001
46.440 -17.767 0.002
51.080 -17.760 0.001
56.190 -17.715 0.002
61.810 -17.631 0.002
67.990 -17.516 0.002
74.790 -17.368 0.001
82.270 -17.207 0.001
90.500 -17.093 0.001
99.600 -16.931 0.002
109.600 -16.740 0.001
120.600 -16.538 0.001
132.700 -16.326 0.002
146.000 -16.113 0.002
160.600 -15.916 0.001
176.700 -15.741 0.001
194.400 -15.585 0.001
