2.660 -14.649 0.002
2.930 -14.730 0.002
3.220 -14.807 0.001
3.540 -14.869 0.001
3.890 -14.913 0.002
4.280 -14.945 0.001
4.710 -14.996 0.002
5.180 -15.074 0.001
5.700 -15.175 0.002
6.270 -15.289 0.001
6.900 -15.413 0.001
7.590 -15.548 0.002
8.350 -15.693 0.001
9.190 -15.847 0.001
10.110 -16.005 0.001
11.120 -16.165 0.002
12.230 -16.323 0.002
13.450 -16.476 0.001
14.800 -16.623 0.002
16.280 -16.760 0.001
17.910 -16.894 0.001
19.700 -17.017 0.001
21.670 -17.135 0.002
23.840 -17.247 0.001
26.220 -17.355 0.001
28.840 -17.458 0.002
31.720 -17.553 0.002
34.890 -17.638 0.002
38.380 -17.696 0.001
42.220 -17.741 0.001
46.440 -17.761 0.002
51.080 -17.737 0.002
56.190 -17.655 0.001
61.810 -17.527 0.002
67.990 -17.356 0.002
74.790 -17.139 0.002
82.270 -16.933 0.002
90.500 -16.764 0.002
99.600 -16.561 0.001
109.600 -16.329 0.001
120.600 -16.034 0.001
132.700 -15.683 0.001
146.000 -15.278 0.001
160.600 -14.840 0.002
176.700 -14.411 0.001
194.400 -14.036 0.001
