55715.700 15.051 0.024
55717.720 14.821 0.013
55718.720 14.528 0.020
55718.840 14.670 0.060
55722.870 13.850 0.040
55723.870 13.830 0.040
55724.810 13.650 0.040
55725.810 13.620 0.040
55726.780 13.600 0.040
55726.820 13.620 0.013
55728.810 13.520 0.040
55729.810 13.530 0.040
55730.800 13.530 0.040
55730.820 13.490 0.070
55731.780 13.694 0.026
55732.810 13.590 0.040
55733.790 13.660 0.040
55733.870 13.630 0.080
55734.770 13.760 0.040
55734.830 13.780 0.060
55735.780 13.900 0.040
55736.780 14.160 0.040
55739.780 14.561 0.022
55740.780 15.150 0.050
55742.780 15.440 0.040
55743.820 15.710 0.050
55745.780 15.950 0.040
55746.770 16.060 0.060
55748.800 16.360 0.120
55749.790 16.370 0.110
55750.760 16.410 0.040
55751.850 16.460 0.040
55753.710 16.133 0.022
55758.730 16.326 0.031
55759.710 16.321 0.016
55760.730 16.354 0.014
55769.680 16.320 0.018
55782.780 16.190 0.170
55810.590 16.560 0.024
55817.720 16.390 0.060
55818.710 16.710 0.070
55819.710 16.570 0.050
55820.710 16.620 0.080
55821.710 16.660 0.080
55822.740 16.700 0.090
55824.700 16.630 0.070
55829.710 16.820 0.370
55830.700 16.470 0.180
55831.700 16.880 0.120
55885.000 17.804 0.055
