55715.574 15.428
55716.244 15.573
55717.425 15.794
55718.586 15.862
55720.264 15.744
55721.505 15.668
55722.682 15.633
55724.958 15.633
55726.219 15.621
55727.355 15.599
55728.836 15.583
55729.162 15.552
55730.232 15.554
55731.473 15.568
55732.573 15.622
55733.515 15.642
55734.446 15.677
55735.618 15.775
55736.117 15.775
55737.121 15.988
55738.325 16.176
55739.799 16.389
55740.900 16.636
55741.299 16.637
55742.410 16.695
55743.372 16.897
55744.776 16.986
55745.647 17.140
55750.165 17.244
55754.177 17.394
55758.387 17.499
55762.100 17.487
55766.048 17.581
55770.401 17.500
55775.254 17.507
55780.341 17.585
55784.635 17.659
55788.436 17.601
