55715.700 14.461
55717.720 14.054
55718.720 13.787
55718.840 13.610
55724.810 12.560
55725.810 12.490
55726.780 12.400
55726.820 12.530
55728.810 12.260
55729.810 12.220
55730.800 12.170
55730.820 12.170
55731.780 12.253
55732.810 12.110
55733.790 12.070
55733.870 12.090
55734.770 12.060
55734.830 12.080
55735.780 12.070
55736.780 12.080
55739.780 12.256
55740.780 12.250
55742.780 12.330
55743.830 12.430
55745.780 12.470
55746.770 12.480
55748.800 12.570
55748.840 12.600
55749.790 12.620
55750.760 12.630
55751.850 12.670
55753.710 12.795
55754.850 12.790
55756.840 12.840
55758.730 12.947
55759.710 12.971
55760.730 12.984
55769.680 13.213
55776.935 13.300
55778.124 13.220
55781.125 13.220
55782.780 13.410
55783.083 13.340
55785.135 13.350
55785.810 13.480
55787.780 13.530
55788.760 13.550
55789.076 13.470
55789.740 13.560
55790.078 13.460
55792.080 13.510
55796.081 13.580
55799.068 13.610
55801.072 13.640
55803.059 13.680
55806.074 13.640
55807.740 13.990
55810.590 13.979
55810.720 14.070
55811.056 13.800
55816.720 14.070
55817.720 14.090
55818.710 14.100
55819.710 14.110
55820.035 14.020
55820.710 14.130
55821.710 14.170
55822.740 14.160
55824.700 14.250
55825.039 14.110
55829.710 14.370
55830.700 14.390
55831.700 14.450
55837.017 14.380
55850.996 14.660
55852.710 14.620
55853.720 14.970
55855.700 14.870
55855.710 14.970
55885.000 15.784
55952.960 16.990
