55715.582 16.270 0.094
55716.250 16.525 0.102
55717.423 16.819 0.121
55717.432 16.845 0.127
55718.591 16.879 0.116
55720.277 16.998 0.136
55721.485 16.834 0.126
55722.594 16.953 0.153
55724.964 16.838 0.113
55726.228 17.017 0.122
55727.361 16.865 0.117
55728.879 16.925 0.123
55729.166 16.814 0.114
55730.236 16.852 0.114
55731.477 16.855 0.115
55732.577 16.892 0.115
55733.519 16.890 0.117
55734.450 16.936 0.119
55735.622 16.955 0.120
55736.121 17.016 0.125
55737.125 17.247 0.138
55738.330 17.212 0.137
55739.803 17.678 0.181
55740.903 17.705 0.186
55741.303 17.760 0.188
55742.414 17.920 0.207
55743.376 17.951 0.212
55744.780 18.067 0.228
55745.651 18.078 0.230
55750.170 18.268 0.250
55754.183 18.489 0.289
55758.390 18.235 0.243
55762.104 18.348 0.272
55766.054 18.360 0.268
55770.407 18.423 0.278
55775.257 18.329 0.264
55780.343 18.615 0.328
55784.637 18.137 0.243
55788.442 18.370 0.266
