55715.582 16.270
55716.250 16.525
55717.423 16.819
55717.432 16.845
55718.591 16.879
55720.277 16.998
55721.485 16.834
55722.594 16.953
55724.964 16.838
55726.228 17.017
55727.361 16.865
55728.879 16.925
55729.166 16.814
55730.236 16.852
55731.477 16.855
55732.577 16.892
55733.519 16.890
55734.450 16.936
55735.622 16.955
55736.121 17.016
55737.125 17.247
55738.330 17.212
55739.803 17.678
55740.903 17.705
55741.303 17.760
55742.414 17.920
55743.376 17.951
55744.780 18.067
55745.651 18.078
55750.170 18.268
55754.183 18.489
55758.390 18.235
55762.104 18.348
55766.054 18.360
55770.407 18.423
55775.257 18.329
55780.343 18.615
55784.637 18.137
55788.442 18.370
