55715.700 15.379 0.014
55717.720 14.972 0.004
55718.720 14.666 0.010
55718.840 14.540 0.020
55722.870 13.790 0.020
55723.870 13.700 0.020
55724.810 13.600 0.020
55725.810 13.550 0.020
55726.780 13.530 0.020
55726.820 13.632 0.010
55728.810 13.420 0.020
55729.810 13.420 0.020
55730.800 13.380 0.020
55730.820 13.320 0.020
55731.780 13.389 0.012
55732.810 13.410 0.020
55733.790 13.420 0.020
55733.870 13.360 0.020
55734.770 13.480 0.020
55734.830 13.430 0.020
55735.780 13.590 0.020
55736.780 13.720 0.020
55739.780 14.167 0.027
55740.780 14.280 0.020
55742.780 14.570 0.020
55743.820 14.790 0.020
55743.830 14.630 0.050
55745.780 14.890 0.020
55746.770 14.990 0.020
55748.800 15.070 0.020
55748.840 14.990 0.020
55749.790 15.110 0.020
55750.760 15.210 0.020
55751.850 15.240 0.020
55753.710 15.442 0.031
55754.850 15.340 0.020
55756.840 15.310 0.040
55758.730 15.582 0.024
55759.710 15.570 0.035
55760.730 15.624 0.029
55769.680 15.685 0.007
55772.171 15.495 999.000
55775.026 15.506 0.030
55775.872 15.120 0.182
55776.919 15.324 0.049
55777.171 15.532 0.035
55777.993 15.650 0.070
55778.122 15.530 0.030
55778.417 15.527 0.080
55779.302 15.435 0.024
55781.104 15.550 0.040
55782.780 15.680 0.030
55783.080 15.630 0.040
55785.134 15.580 0.040
55785.305 15.519 0.128
55785.810 15.660 0.030
55786.159 15.493 0.044
55787.780 15.740 0.050
55788.188 15.589 0.057
55788.760 15.690 0.030
55789.072 15.710 0.040
55789.740 15.780 0.040
55790.077 15.700 0.040
55790.153 15.620 0.045
55792.076 15.720 0.040
55792.151 15.600 0.082
55793.155 15.634 0.046
55796.078 15.770 0.040
55796.156 15.664 0.031
55798.161 15.657 0.056
55799.066 15.780 0.040
55799.160 15.653 0.033
55799.886 15.550 0.040
55799.906 16.046 0.078
55801.069 15.750 0.040
55803.057 15.800 0.040
55803.136 15.694 0.098
55803.891 15.997 0.049
55806.071 15.780 0.040
55807.139 15.716 0.039
55807.740 15.940 0.020
55808.138 15.740 0.022
55809.050 15.860 0.040
55810.590 16.135 0.014
55810.720 15.980 0.030
55811.053 15.930 0.050
55811.135 15.792 0.053
55813.862 15.690 0.040
55816.720 16.010 0.030
55817.720 16.060 0.020
55818.710 16.100 0.020
55819.710 16.120 0.020
55820.033 15.950 0.040
55820.710 16.080 0.020
55821.710 16.140 0.020
55822.740 16.150 0.020
55824.700 16.170 0.030
55825.037 16.100 0.050
55825.114 15.928 0.030
55826.117 15.950 0.043
55827.114 15.911 0.034
55828.115 15.971 0.024
55829.121 15.998 0.029
55829.710 16.240 0.030
55830.700 16.270 0.040
55831.104 16.005 0.039
55831.700 16.320 0.040
55832.104 15.998 0.041
55833.101 15.999 0.038
55834.100 15.992 0.037
55834.690 16.500 0.050
55835.141 16.042 0.049
55836.106 16.015 0.027
55837.013 16.250 0.060
55855.710 16.770 0.060
55880.180 17.430 0.210
55885.000 17.427 0.033
55952.960 18.280 0.170
55955.160 18.450 0.050
