55772.880 14.300 999.000
55772.926 14.300 999.000
55772.938 14.200 999.000
55773.118 13.500 999.000
55773.339 12.700 999.000
55773.900 14.300 999.000
55774.158 14.500 999.000
55774.938 14.600 999.000
55775.900 14.300 999.000
55776.158 14.400 999.000
55776.292 14.300 999.000
55776.870 14.500 999.000
55776.899 14.300 999.000
55776.906 14.500 999.000
55777.870 14.500 999.000
55777.901 14.400 999.000
55778.872 14.400 999.000
55778.896 14.500 999.000
55779.860 14.400 999.000
55779.920 14.500 999.000
55780.271 14.400 999.000
55780.880 14.400 999.000
55781.889 14.500 999.000
55784.084 14.400 0.100
55785.256 14.400 999.000
55787.117 14.270 0.010
55787.879 14.500 999.000
55789.887 14.600 999.000
55790.194 14.200 999.000
55794.834 14.700 999.000
55794.865 14.600 999.000
55795.147 15.000 999.000
55796.073 14.700 0.100
55798.188 14.300 999.000
55800.819 15.300 999.000
55800.850 14.600 999.000
55800.856 14.300 999.000
55800.899 14.800 999.000
55801.092 14.100 999.000
55801.151 14.580 0.010
55801.213 14.500 999.000
55802.878 14.900 999.000
55805.104 14.790 0.100
55805.208 14.600 999.000
55806.848 14.900 999.000
55807.151 15.200 999.000
55809.202 14.800 999.000
55812.950 14.820 0.010
55817.884 14.960 0.020
55831.800 15.160 0.010
55832.900 15.270 0.010
55834.003 15.020 0.100
55836.066 14.500 999.000
55841.850 15.400 0.010
55848.810 15.400 0.050
55862.760 15.630 0.050
