55715.574 15.428 0.069
55716.244 15.573 0.071
55717.425 15.794 0.082
55718.586 15.862 0.076
55720.264 15.744 0.077
55721.505 15.668 0.075
55722.682 15.633 0.074
55724.958 15.633 0.073
55726.219 15.621 0.073
55727.355 15.599 0.074
55728.836 15.583 0.072
55729.162 15.552 0.072
55730.232 15.554 0.072
55731.473 15.568 0.072
55732.573 15.622 0.072
55733.515 15.642 0.073
55734.446 15.677 0.073
55735.618 15.775 0.075
55736.117 15.775 0.076
55737.121 15.988 0.080
55738.325 16.176 0.085
55739.799 16.389 0.088
55740.900 16.636 0.105
55741.299 16.637 0.103
55742.410 16.695 0.105
55743.372 16.897 0.116
55744.776 16.986 0.120
55745.647 17.140 0.129
55750.165 17.244 0.129
55754.177 17.394 0.137
55758.387 17.499 0.146
55762.100 17.487 0.153
55766.048 17.581 0.156
55770.401 17.500 0.147
55775.254 17.507 0.151
55780.341 17.585 0.160
55784.635 17.659 0.166
55788.436 17.601 0.154
