55715.580 15.355
55716.248 15.319
55717.319 15.072
55718.588 14.676
55720.333 14.143
55721.342 13.950
55722.680 13.745
55723.480 13.680
55724.961 13.596
55726.224 13.583
55727.358 13.489
55728.838 13.437
55729.164 13.434
55730.234 13.379
55731.475 13.375
55732.575 13.388
55733.517 13.385
55734.448 13.456
55735.620 13.555
55736.119 13.587
55737.123 13.737
55738.327 13.865
55739.801 14.107
55740.901 14.280
55741.301 14.381
55742.412 14.524
55743.375 14.612
55744.779 14.813
55745.650 14.860
55750.168 15.112
55754.180 15.308
55758.388 15.483
55762.102 15.570
55766.051 15.676
55770.404 15.701
55775.255 15.691
55780.342 15.793
55784.636 15.797
55788.439 15.821
