55715.563 15.961
55716.230 16.168
55717.424 16.543
55718.605 16.723
55720.262 16.794
55721.503 17.054
55722.680 17.133
55724.970 17.241
55726.235 17.625
55727.367 17.441
55728.914 17.594
55729.172 17.377
55730.240 17.448
55731.552 17.522
55732.582 17.635
55733.523 17.686
55734.454 17.560
55735.626 17.704
55736.125 17.688
55737.128 17.807
55738.265 17.712
55739.871 18.643
55740.907 18.210
55741.308 18.480
55742.418 18.315
55743.380 18.410
55744.784 18.287
55745.655 18.535
55750.177 18.251
55754.190 18.380
55758.394 18.868
55762.110 18.454
55766.060 18.481
55770.414 18.412
55775.260 18.456
55780.346 18.548
55784.640 18.482
55788.450 18.504
