55715.558 14.977
55716.225 14.893
55717.316 14.599
55718.600 14.090
55720.329 13.565
55721.338 13.344
55722.676 13.118
55723.475 13.034
55724.967 12.901
55726.232 12.841
55727.365 12.737
55728.912 12.703
55729.169 12.659
55730.237 12.630
55731.550 12.579
55732.579 12.560
55733.521 12.577
55734.452 12.592
55735.624 12.642
55736.123 12.666
55737.127 12.745
55738.264 12.828
55739.869 12.997
55740.905 13.100
55741.305 13.158
55742.417 13.275
55743.379 13.347
55744.783 13.457
55745.654 13.534
55750.173 13.787
55754.186 14.039
55758.391 14.139
55762.106 14.251
55766.056 14.418
55770.410 14.408
55775.258 14.586
55780.345 14.613
55784.639 14.704
55788.445 14.711
