55715.577 14.927
55716.247 15.069
55717.317 15.095
55718.588 14.853
55720.331 14.410
55721.340 14.215
55722.678 14.065
55723.478 14.010
55724.960 13.965
55726.222 13.985
55727.357 13.917
55727.369 13.953
55728.838 13.904
55729.163 13.843
55730.233 13.871
55731.474 13.882
55732.574 13.901
55733.517 13.966
55734.448 14.047
55735.620 14.224
55736.118 14.279
55737.122 14.525
55738.326 14.781
55739.800 15.090
55740.901 15.379
55741.301 15.473
55742.412 15.680
55743.374 15.806
55744.778 15.966
55745.649 16.175
55750.166 16.459
55754.179 16.666
55758.388 16.635
55762.101 16.819
55766.050 16.647
55770.403 16.569
55775.255 16.500
55780.342 16.655
55784.636 16.470
55788.438 16.387
