55715.700 14.576 0.019
55717.720 14.025 0.017
55718.720 13.738 0.020
55718.840 13.640 0.010
55722.870 12.890 0.010
55723.870 12.770 0.010
55724.810 12.650 0.010
55725.810 12.650 0.010
55726.780 12.510 0.010
55726.820 12.577 0.026
55728.810 12.390 0.010
55729.810 12.340 0.010
55730.800 12.300 0.010
55730.820 12.310 0.010
55731.780 12.294 0.009
55732.810 12.270 0.010
55733.790 12.210 0.010
55733.870 12.260 0.030
55734.770 12.220 0.010
55734.830 12.250 0.030
55735.780 12.240 0.010
55736.780 12.270 0.010
55739.780 12.445 0.014
55740.780 12.490 0.010
55742.780 12.610 0.010
55743.820 12.670 0.010
55743.830 12.720 0.020
55745.780 12.790 0.010
55746.770 12.820 0.010
55748.800 12.910 0.010
55748.840 12.950 0.020
55749.790 12.960 0.010
55750.760 13.000 0.010
55751.850 13.050 0.010
55753.710 13.161 0.011
55754.850 13.190 0.020
55756.840 13.260 0.020
55758.730 13.303 0.029
55759.710 13.336 0.036
55760.730 13.333 0.041
55769.680 13.590 0.027
55772.917 13.700 0.024
55775.026 13.684 0.030
55775.872 13.564 0.325
55777.993 13.620 0.310
55782.780 13.850 0.010
55785.810 13.910 0.020
55787.780 13.950 0.030
55788.760 13.970 0.020
55789.740 13.990 0.010
55799.893 14.070 0.050
55807.740 14.390 0.020
55810.590 14.478 0.007
55810.720 14.450 0.020
55813.866 14.530 0.060
55816.720 14.620 0.020
55817.720 14.610 0.020
55818.710 14.660 0.010
55819.710 14.660 0.020
55820.710 14.680 0.020
55821.710 14.690 0.020
55822.740 14.730 0.030
55824.700 14.750 0.020
55829.710 14.850 0.040
55830.700 14.910 0.030
55831.700 14.900 0.040
55834.690 14.900 0.020
55852.710 15.290 0.100
55852.720 15.310 0.040
55853.720 15.480 0.040
55855.700 15.430 0.090
55855.710 15.420 0.040
55880.180 16.090 0.100
55885.000 16.105 0.021
55952.960 17.120 0.070
55955.160 17.290 0.040
55987.080 17.910 0.070
56021.890 18.350 0.040
