55715.563 15.961 0.079
55716.230 16.168 0.086
55717.424 16.543 0.105
55718.605 16.723 0.096
55720.262 16.794 0.117
55721.503 17.054 0.124
55722.680 17.133 0.130
55724.970 17.241 0.128
55726.235 17.625 0.161
55727.367 17.441 0.154
55728.914 17.594 0.156
55729.172 17.377 0.131
55730.240 17.448 0.135
55731.552 17.522 0.141
55732.582 17.635 0.146
55733.523 17.686 0.155
55734.454 17.560 0.144
55735.626 17.704 0.157
55736.125 17.688 0.159
55737.128 17.807 0.187
55738.265 17.712 0.240
55739.871 18.643 999.000
55740.907 18.210 0.245
55741.308 18.480 0.281
55742.418 18.315 0.261
55743.380 18.410 0.271
55744.784 18.287 0.245
55745.655 18.535 0.293
55750.177 18.251 0.226
55754.190 18.380 0.247
55758.394 18.868 0.358
55762.110 18.454 0.273
55766.060 18.481 0.267
55770.414 18.412 0.254
55775.260 18.456 0.269
55780.346 18.548 0.294
55784.640 18.482 0.285
55788.450 18.504 0.281

