5.345637999999988824e+04 1.579599999999999937e+01 7.000000000000000146e-03
5.345735999999986961e+04 1.577399999999999913e+01 7.000000000000000146e-03
5.345839000000013039e+04 1.574099999999999966e+01 7.000000000000000146e-03
5.345939999999990687e+04 1.574099999999999966e+01 8.000000000000000167e-03
5.346037999999988824e+04 1.573799999999999955e+01 7.000000000000000146e-03
5.346439999999990687e+04 1.582000000000000028e+01 8.999999999999999320e-03
5.346539000000013039e+04 1.583999999999999986e+01 1.000000000000000021e-02
5.346639999999990687e+04 1.586500000000000021e+01 8.000000000000000167e-03
5.346741999999992549e+04 1.589400000000000013e+01 7.000000000000000146e-03
5.347441999999992549e+04 nan nan
5.347541999999992549e+04 nan nan
5.347641000000014901e+04 1.627100000000000080e+01 8.999999999999999320e-03
5.347743000000016764e+04 nan nan
5.347841999999992549e+04 1.638200000000000145e+01 2.500000000000000139e-02
5.348333999999985099e+04 1.659799999999999898e+01 1.099999999999999936e-02
5.348437999999988824e+04 1.658699999999999974e+01 1.600000000000000033e-02
5.348739000000013039e+04 1.673000000000000043e+01 8.999999999999999320e-03
5.348931999999983236e+04 1.676200000000000045e+01 1.400000000000000029e-02
5.349035000000009313e+04 1.681899999999999906e+01 1.400000000000000029e-02
5.349133999999985099e+04 1.686299999999999955e+01 1.400000000000000029e-02
5.351237999999988824e+04 1.719399999999999906e+01 8.999999999999999320e-03
