5.345637999999988824e+04 1.600100000000000122e+01 7.000000000000000146e-03
5.345735999999986961e+04 1.599200000000000088e+01 7.000000000000000146e-03
5.345839000000013039e+04 1.599399999999999977e+01 7.000000000000000146e-03
5.345939999999990687e+04 1.601999999999999957e+01 6.000000000000000125e-03
5.346037999999988824e+04 1.603900000000000148e+01 7.000000000000000146e-03
5.346439999999990687e+04 1.622400000000000020e+01 8.000000000000000167e-03
5.346539000000013039e+04 1.629799999999999827e+01 8.000000000000000167e-03
5.346639999999990687e+04 1.635300000000000153e+01 1.000000000000000021e-02
5.346741999999992549e+04 1.641199999999999903e+01 8.000000000000000167e-03
5.347441999999992549e+04 1.686700000000000088e+01 8.000000000000000167e-03
5.347541999999992549e+04 1.692999999999999972e+01 8.999999999999999320e-03
5.347641000000014901e+04 1.700199999999999889e+01 1.000000000000000021e-02
5.347743000000016764e+04 nan nan
5.347841999999992549e+04 1.710900000000000176e+01 1.700000000000000122e-02
5.348333999999985099e+04 1.737000000000000099e+01 1.400000000000000029e-02
5.348437999999988824e+04 1.734299999999999997e+01 2.100000000000000130e-02
5.348739000000013039e+04 1.748100000000000165e+01 1.700000000000000122e-02
5.348931999999983236e+04 1.753699999999999903e+01 2.299999999999999961e-02
5.349035000000009313e+04 1.760300000000000153e+01 1.200000000000000025e-02
5.349133999999985099e+04 nan nan
5.351237999999988824e+04 1.794200000000000017e+01 1.099999999999999936e-02
