5.345637999999988824e+04 1.719999999999999929e+01 8.999999999999999320e-03
5.345735999999986961e+04 1.723600000000000065e+01 8.999999999999999320e-03
5.345839000000013039e+04 1.724699999999999989e+01 8.999999999999999320e-03
5.345939999999990687e+04 1.731299999999999883e+01 8.999999999999999320e-03
5.346037999999988824e+04 1.735300000000000153e+01 1.200000000000000025e-02
5.346439999999990687e+04 1.763700000000000045e+01 1.000000000000000021e-02
5.346539000000013039e+04 1.770799999999999841e+01 1.099999999999999936e-02
5.346639999999990687e+04 1.778500000000000014e+01 1.499999999999999944e-02
5.346741999999992549e+04 1.783899999999999864e+01 2.599999999999999881e-02
5.347441999999992549e+04 1.840899999999999892e+01 2.400000000000000050e-02
5.347541999999992549e+04 1.841799999999999926e+01 1.400000000000000029e-02
5.347641000000014901e+04 1.849500000000000099e+01 1.600000000000000033e-02
5.347743000000016764e+04 1.847899999999999920e+01 4.399999999999999745e-02
5.347841999999992549e+04 1.860699999999999932e+01 4.800000000000000100e-02
5.348333999999985099e+04 1.881500000000000128e+01 2.299999999999999961e-02
5.348437999999988824e+04 1.887000000000000099e+01 2.900000000000000147e-02
5.348739000000013039e+04 nan nan
5.348931999999983236e+04 1.905300000000000082e+01 8.699999999999999400e-02
5.349035000000009313e+04 1.896999999999999886e+01 2.199999999999999872e-02
5.349133999999985099e+04 1.899899999999999878e+01 2.000000000000000042e-02
5.351237999999988824e+04 1.910800000000000054e+01 1.899999999999999953e-02
