5.345637999999988824e+04 1.873900000000000077e+01 4.200000000000000261e-02
5.345735999999986961e+04 1.880499999999999972e+01 4.499999999999999833e-02
5.345839000000013039e+04 1.884900000000000020e+01 4.100000000000000172e-02
5.345939999999990687e+04 1.900700000000000145e+01 4.299999999999999656e-02
5.346037999999988824e+04 1.919800000000000040e+01 5.000000000000000278e-02
5.346439999999990687e+04 1.959400000000000119e+01 4.299999999999999656e-02
5.346539000000013039e+04 1.986799999999999855e+01 4.900000000000000189e-02
5.346639999999990687e+04 1.974800000000000111e+01 9.400000000000000022e-02
5.346741999999992549e+04 nan nan
5.347441999999992549e+04 nan nan
5.347541999999992549e+04 nan nan
5.347641000000014901e+04 nan nan
5.347743000000016764e+04 nan nan
5.347841999999992549e+04 nan nan
5.348333999999985099e+04 nan nan
5.348437999999988824e+04 nan nan
5.348739000000013039e+04 nan nan
5.348931999999983236e+04 nan nan
5.349035000000009313e+04 nan nan
5.349133999999985099e+04 nan nan
5.351237999999988824e+04 nan nan
