5.345637999999988824e+04 1.651899999999999835e+01 8.000000000000000167e-03
5.345735999999986961e+04 1.656800000000000139e+01 7.000000000000000146e-03
5.345839000000013039e+04 1.655699999999999861e+01 8.000000000000000167e-03
5.345939999999990687e+04 1.659600000000000009e+01 8.999999999999999320e-03
5.346037999999988824e+04 1.663899999999999935e+01 8.000000000000000167e-03
5.346439999999990687e+04 1.691199999999999903e+01 8.000000000000000167e-03
5.346539000000013039e+04 1.699500000000000099e+01 8.000000000000000167e-03
5.346639999999990687e+04 1.704899999999999949e+01 1.299999999999999940e-02
5.346741999999992549e+04 1.711199999999999832e+01 7.000000000000000146e-03
5.347441999999992549e+04 nan nan
5.347541999999992549e+04 1.766499999999999915e+01 1.200000000000000025e-02
5.347641000000014901e+04 1.773699999999999832e+01 1.099999999999999936e-02
5.347743000000016764e+04 nan nan
5.347841999999992549e+04 1.784900000000000020e+01 2.400000000000000050e-02
5.348333999999985099e+04 1.807600000000000051e+01 1.799999999999999864e-02
5.348437999999988824e+04 1.813200000000000145e+01 1.799999999999999864e-02
5.348739000000013039e+04 1.817899999999999849e+01 2.199999999999999872e-02
5.348931999999983236e+04 1.822200000000000131e+01 1.600000000000000033e-02
5.349035000000009313e+04 1.826300000000000168e+01 1.299999999999999940e-02
5.349133999999985099e+04 1.831200000000000117e+01 1.600000000000000033e-02
5.351237999999988824e+04 1.851099999999999923e+01 1.299999999999999940e-02
