5.345637999999988824e+04 1.576999999999999957e+01 5.000000000000000104e-03
5.345735999999986961e+04 1.572700000000000031e+01 5.000000000000000104e-03
5.345839000000013039e+04 1.573300000000000054e+01 6.000000000000000125e-03
5.345939999999990687e+04 1.572700000000000031e+01 7.000000000000000146e-03
5.346037999999988824e+04 1.573600000000000065e+01 6.000000000000000125e-03
5.346439999999990687e+04 1.582900000000000063e+01 6.000000000000000125e-03
5.346539000000013039e+04 1.586200000000000010e+01 6.000000000000000125e-03
5.346639999999990687e+04 1.590099999999999980e+01 6.000000000000000125e-03
5.346741999999992549e+04 1.593900000000000006e+01 5.000000000000000104e-03
5.347441999999992549e+04 1.630799999999999983e+01 6.000000000000000125e-03
5.347541999999992549e+04 nan nan
5.347641000000014901e+04 1.642299999999999827e+01 8.000000000000000167e-03
5.347743000000016764e+04 nan nan
5.347841999999992549e+04 1.653000000000000114e+01 1.600000000000000033e-02
5.348333999999985099e+04 nan nan
5.348437999999988824e+04 nan nan
5.348739000000013039e+04 nan nan
5.348931999999983236e+04 1.698600000000000065e+01 1.099999999999999936e-02
5.349035000000009313e+04 1.701899999999999835e+01 8.999999999999999320e-03
5.349133999999985099e+04 1.704599999999999937e+01 1.099999999999999936e-02
5.351237999999988824e+04 1.746000000000000085e+01 8.000000000000000167e-03
