2.250 -14.845 0.002
2.450 -14.785 0.002
2.700 -14.880 0.002
2.970 -14.996 0.001
3.270 -15.112 0.002
3.600 -15.229 0.001
3.960 -15.351 0.001
4.360 -15.476 0.002
4.800 -15.615 0.002
5.280 -15.777 0.001
5.810 -15.931 0.001
6.390 -16.079 0.001
7.030 -16.219 0.002
7.730 -16.354 0.001
8.500 -16.483 0.002
9.350 -16.610 0.002
10.290 -16.733 0.001
11.320 -16.855 0.002
12.450 -16.976 0.002
13.700 -17.097 0.001
15.070 -17.215 0.001
16.580 -17.328 0.002
18.240 -17.435 0.001
20.060 -17.533 0.001
22.070 -17.622 0.002
24.280 -17.700 0.002
26.710 -17.768 0.001
29.380 -17.823 0.001
32.320 -17.866 0.002
35.550 -17.870 0.001
39.110 -17.895 0.002
43.020 -17.854 0.002
47.320 -17.783 0.001
52.050 -17.682 0.002
57.260 -17.551 0.002
63.000 -17.361 0.002
69.300 -17.158 0.001
76.230 -16.963 0.002
83.850 -16.759 0.002
92.240 -16.523 0.002
101.500 -16.250 0.002
111.700 -15.936 0.002
122.900 -15.578 0.001
135.200 -15.191 0.001
148.700 -14.797 0.001
163.600 -14.409 0.001
180.000 -14.049 0.001
198.000 -13.713 0.002
