2.250 -14.701 0.001
2.450 -14.519 0.001
2.700 -14.488 0.002
2.970 -14.535 0.002
3.270 -14.616 0.001
3.600 -14.713 0.002
3.960 -14.819 0.002
4.360 -14.933 0.001
4.800 -14.851 0.001
5.280 -14.926 0.002
5.810 -15.052 0.001
6.390 -15.192 0.002
7.030 -15.333 0.001
7.730 -15.470 0.001
8.500 -15.602 0.001
9.350 -15.732 0.001
10.290 -15.860 0.002
11.320 -15.989 0.001
12.450 -16.121 0.001
13.700 -16.258 0.001
15.070 -16.393 0.002
16.580 -16.525 0.002
18.240 -16.649 0.001
20.060 -16.758 0.002
22.070 -16.856 0.002
24.280 -16.938 0.002
26.710 -17.003 0.002
29.380 -17.049 0.001
32.320 -17.074 0.002
35.550 -17.062 0.002
39.110 -17.031 0.002
43.020 -16.911 0.001
47.320 -16.771 0.002
52.050 -16.594 0.002
57.260 -16.401 0.001
63.000 -16.193 0.002
69.300 -16.025 0.001
76.230 -15.899 0.002
83.850 -15.798 0.001
92.240 -15.700 0.001
101.500 -15.590 0.002
111.700 -15.466 0.002
122.900 -15.308 0.002
135.200 -15.121 0.001
148.700 -14.902 0.002
163.600 -14.643 0.001
180.000 -14.340 0.002
198.000 -13.989 0.001
