2.250 -14.791 0.001
2.450 -14.727 0.002
2.700 -14.821 0.001
2.970 -14.936 0.002
3.270 -15.061 0.001
3.600 -15.192 0.001
3.960 -15.329 0.001
4.360 -15.466 0.001
4.800 -15.484 0.002
5.280 -15.614 0.001
5.810 -15.754 0.002
6.390 -15.897 0.001
7.030 -16.035 0.001
7.730 -16.170 0.002
8.500 -16.300 0.001
9.350 -16.429 0.002
10.290 -16.556 0.001
11.320 -16.683 0.002
12.450 -16.811 0.001
13.700 -16.940 0.002
15.070 -17.065 0.001
16.580 -17.187 0.001
18.240 -17.303 0.002
20.060 -17.409 0.002
22.070 -17.510 0.002
24.280 -17.603 0.002
26.710 -17.686 0.001
29.380 -17.759 0.001
32.320 -17.817 0.002
35.550 -17.828 0.002
39.110 -17.865 0.002
43.020 -17.821 0.001
47.320 -17.770 0.002
52.050 -17.693 0.001
57.260 -17.600 0.002
63.000 -17.467 0.002
69.300 -17.311 0.002
76.230 -17.164 0.002
83.850 -17.022 0.001
92.240 -16.865 0.001
101.500 -16.692 0.002
111.700 -16.508 0.002
122.900 -16.319 0.002
135.200 -16.136 0.001
148.700 -15.966 0.002
163.600 -15.806 0.002
180.000 -15.643 0.001
198.000 -15.444 0.001
