2.250 -14.608 0.001
2.450 -14.461 0.002
2.700 -14.489 0.002
2.970 -14.574 0.001
3.270 -14.675 0.002
3.600 -14.782 0.001
3.960 -14.895 0.001
4.360 -15.013 0.002
4.800 -15.094 0.001
5.280 -15.224 0.002
5.810 -15.367 0.002
6.390 -15.512 0.001
7.030 -15.652 0.002
7.730 -15.786 0.002
8.500 -15.915 0.001
9.350 -16.042 0.002
10.290 -16.166 0.002
11.320 -16.290 0.002
12.450 -16.417 0.001
13.700 -16.546 0.002
15.070 -16.674 0.002
16.580 -16.798 0.001
18.240 -16.915 0.002
20.060 -17.021 0.001
22.070 -17.116 0.001
24.280 -17.198 0.002
26.710 -17.266 0.001
29.380 -17.322 0.002
32.320 -17.361 0.002
35.550 -17.362 0.002
39.110 -17.355 0.001
43.020 -17.283 0.002
47.320 -17.168 0.002
52.050 -17.007 0.002
57.260 -16.819 0.002
63.000 -16.605 0.002
69.300 -16.415 0.001
76.230 -16.269 0.002
83.850 -16.157 0.002
92.240 -16.051 0.001
101.500 -15.940 0.001
111.700 -15.818 0.001
122.900 -15.675 0.002
135.200 -15.514 0.002
148.700 -15.338 0.001
163.600 -15.141 0.001
180.000 -14.918 0.001
198.000 -14.658 0.001
