2.250 -14.673 0.002
2.450 -14.571 0.001
2.700 -14.606 0.001
2.970 -14.694 0.001
3.270 -14.803 0.001
3.600 -14.922 0.002
3.960 -15.045 0.001
4.360 -15.172 0.001
4.800 -15.157 0.001
5.280 -15.298 0.001
5.810 -15.460 0.002
6.390 -15.617 0.001
7.030 -15.767 0.002
7.730 -15.910 0.002
8.500 -16.048 0.001
9.350 -16.182 0.001
10.290 -16.314 0.002
11.320 -16.446 0.001
12.450 -16.579 0.002
13.700 -16.713 0.002
15.070 -16.846 0.001
16.580 -16.975 0.001
18.240 -17.098 0.001
20.060 -17.220 0.001
22.070 -17.325 0.001
24.280 -17.418 0.001
26.710 -17.500 0.001
29.380 -17.570 0.002
32.320 -17.622 0.001
35.550 -17.637 0.001
39.110 -17.645 0.002
43.020 -17.597 0.002
47.320 -17.513 0.002
52.050 -17.403 0.001
57.260 -17.293 0.002
63.000 -17.175 0.001
69.300 -17.076 0.002
76.230 -16.987 0.001
83.850 -16.911 0.001
92.240 -16.835 0.001
101.500 -16.757 0.001
111.700 -16.659 0.002
122.900 -16.542 0.001
135.200 -16.402 0.002
148.700 -16.240 0.001
163.600 -16.050 0.001
180.000 -15.830 0.001
198.000 -15.580 0.002
