1.200 -17.846 0.001
1.320 -17.792 0.002
1.450 -17.743 0.001
1.600 -17.695 0.002
1.760 -17.648 0.002
1.940 -17.562 0.002
2.130 -17.422 0.002
2.340 -17.267 0.002
2.570 -17.156 0.002
2.830 -16.981 0.001
3.110 -16.693 0.001
3.420 -16.385 0.001
3.760 -16.078 0.001
4.140 -15.717 0.001
4.550 -15.280 0.002
5.000 -14.798 0.002
5.500 -14.328 0.002
6.050 -13.848 0.001
6.660 -13.292 0.001
7.330 -12.706 0.002
8.060 -12.255 0.001
8.870 -12.036 0.002
9.760 -12.084 0.002
10.740 -12.334 0.001
11.810 -12.689 0.002
13.000 -13.088 0.001
14.300 -13.491 0.002
15.730 -13.872 0.001
17.300 -14.212 0.001
19.000 -14.495 0.002
20.900 -14.709 0.002
23.000 -14.841 0.002
25.300 -14.881 0.001
27.830 -14.817 0.001
30.610 -14.647 0.002
