1.200 -16.127 0.001
1.320 -16.157 0.001
1.450 -16.151 0.002
1.600 -16.116 0.002
1.760 -16.073 0.001
1.940 -16.027 0.001
2.130 -15.999 0.002
2.340 -15.990 0.001
2.570 -16.003 0.002
2.830 -16.001 0.001
3.110 -15.982 0.001
3.420 -15.972 0.002
3.760 -15.981 0.001
4.140 -15.972 0.001
4.550 -15.911 0.001
5.000 -15.864 0.001
5.500 -15.832 0.001
6.050 -15.721 0.002
6.660 -15.551 0.002
7.330 -15.463 0.002
8.060 -15.480 0.002
8.870 -15.578 0.001
9.760 -15.718 0.001
10.740 -15.878 0.002
11.810 -16.041 0.001
13.000 -16.203 0.001
14.300 -16.356 0.002
15.730 -16.500 0.001
17.300 -16.634 0.001
19.000 -16.755 0.002
20.900 -16.865 0.001
23.000 -16.960 0.001
25.300 -17.034 0.001
27.830 -17.079 0.002
30.610 -17.086 0.001
