1.200 -16.136 0.002
1.320 -16.166 0.002
1.450 -16.150 0.002
1.600 -16.101 0.002
1.760 -16.048 0.002
1.940 -16.000 0.002
2.130 -15.978 0.002
2.340 -15.979 0.001
2.570 -15.994 0.001
2.830 -15.996 0.002
3.110 -15.985 0.002
3.420 -15.977 0.002
3.760 -15.991 0.002
4.140 -15.993 0.001
4.550 -15.946 0.001
5.000 -15.881 0.002
5.500 -15.792 0.001
6.050 -15.681 0.001
6.660 -15.561 0.001
7.330 -15.503 0.002
8.060 -15.550 0.002
8.870 -15.665 0.001
9.760 -15.814 0.002
10.740 -15.977 0.001
11.810 -16.143 0.002
13.000 -16.308 0.001
14.300 -16.465 0.001
15.730 -16.615 0.002
17.300 -16.758 0.001
19.000 -16.893 0.002
20.900 -17.021 0.002
23.000 -17.140 0.002
25.300 -17.237 0.001
27.830 -17.295 0.002
30.610 -17.305 0.002
