1.200 -16.479 0.002
1.320 -16.475 0.001
1.450 -16.456 0.001
1.600 -16.421 0.001
1.760 -16.371 0.002
1.940 -16.276 0.001
2.130 -16.182 0.001
2.340 -16.105 0.002
2.570 -16.044 0.002
2.830 -15.951 0.002
3.110 -15.835 0.001
3.420 -15.716 0.002
3.760 -15.614 0.001
4.140 -15.565 0.002
4.550 -15.472 0.002
5.000 -15.372 0.001
5.500 -15.300 0.002
6.050 -15.207 0.002
6.660 -14.997 0.001
7.330 -14.798 0.001
8.060 -14.750 0.001
8.870 -14.852 0.002
9.760 -15.049 0.001
10.740 -15.288 0.002
11.810 -15.533 0.001
13.000 -15.775 0.002
14.300 -15.999 0.002
15.730 -16.203 0.002
17.300 -16.382 0.002
19.000 -16.532 0.002
20.900 -16.652 0.001
23.000 -16.734 0.002
25.300 -16.768 0.002
27.830 -16.740 0.001
30.610 -16.637 0.001
