1.200 -16.303 0.001
1.320 -16.307 0.002
1.450 -16.275 0.002
1.600 -16.235 0.001
1.760 -16.201 0.002
1.940 -16.143 0.001
2.130 -16.091 0.001
2.340 -16.055 0.001
2.570 -16.038 0.002
2.830 -16.004 0.001
3.110 -15.955 0.001
3.420 -15.916 0.002
3.760 -15.897 0.001
4.140 -15.861 0.001
4.550 -15.755 0.001
5.000 -15.672 0.001
5.500 -15.640 0.001
6.050 -15.607 0.001
6.660 -15.479 0.001
7.330 -15.342 0.001
8.060 -15.319 0.002
8.870 -15.412 0.002
9.760 -15.573 0.002
10.740 -15.764 0.001
11.810 -15.962 0.002
13.000 -16.159 0.001
14.300 -16.341 0.002
15.730 -16.507 0.002
17.300 -16.655 0.001
19.000 -16.785 0.001
20.900 -16.897 0.001
23.000 -16.988 0.002
25.300 -17.052 0.002
27.830 -17.076 0.001
30.610 -17.043 0.002
