55099.266 16.871 0.033
55100.255 16.979 0.062
55101.273 16.655 0.035
55103.251 16.834 0.045
55104.243 16.800 0.056
55113.314 16.273 0.175
55119.332 16.251 0.032
55120.232 16.041 0.250
55122.203 15.998 0.250
55123.397 16.132 0.021
55124.188 16.179 0.175
55126.258 16.107 0.175
55127.193 16.336 0.024
55128.180 16.175 0.019
55129.329 16.241 0.048
55130.365 16.423 0.022
55131.203 16.170 0.250
55132.232 16.385 0.063
55133.165 16.466 0.033
55134.164 16.322 0.175
55135.171 16.235 0.023
55136.156 16.468 0.035
55137.205 16.337 0.020
55138.458 16.420 0.040
55139.299 16.446 0.028
55143.393 16.622 0.032
55144.274 16.564 0.075
55147.297 16.623 0.044
55151.241 16.611 0.034
55155.245 16.631 0.032
