55095.435 18.254 0.043
55098.340 17.842 0.034
55099.280 17.780 0.027
55100.292 17.707 0.028
55101.287 17.716 0.028
55102.287 17.567 0.030
55103.379 17.607 0.027
55104.364 17.499 0.029
55105.209 17.423 0.036
55106.254 17.610 0.035
55113.499 17.789 0.040
55115.466 17.868 0.041
55118.321 18.183 0.042
55119.410 18.312 0.040
55122.384 18.578 0.051
55123.369 18.513 0.050
55125.432 18.900 0.062
55127.335 19.069 0.064
55129.116 18.781 0.092
55130.414 19.019 0.060
55133.268 19.042 0.088
55134.488 19.286 0.088
55135.480 19.206 0.086
55136.119 19.032 0.191
55144.290 19.910 0.133
55146.083 19.851 0.127
55150.300 19.764 0.111
55151.345 19.823 0.122
55153.296 19.881 0.110
55158.343 20.031 0.126
55181.349 19.729 0.159
