55095.432 17.721 0.025
55098.337 17.443 0.024
55099.277 17.332 0.022
55100.289 17.241 0.020
55101.284 17.191 0.020
55102.284 17.112 0.021
55103.376 17.095 0.020
55104.361 17.042 0.019
55105.206 17.009 0.022
55106.251 16.991 0.021
55113.496 17.096 0.026
55115.463 17.074 0.025
55118.318 17.159 0.021
55119.407 17.276 0.021
55122.380 17.405 0.020
55123.366 17.455 0.022
55127.330 17.634 0.024
55129.112 17.742 0.038
55130.410 17.770 0.026
55133.265 17.881 0.032
55134.484 17.981 0.034
55135.476 17.973 0.035
55136.115 17.887 0.046
55142.418 18.265 0.125
55144.286 18.201 0.035
55146.079 18.274 0.047
55150.294 18.340 0.045
55151.341 18.342 0.038
55153.289 18.303 0.038
55158.339 18.427 0.042
55181.346 18.608 0.066
55244.175 19.774 0.122
