55099.266 16.931 0.175
55100.255 16.922 0.014
55101.273 16.758 0.175
55102.257 16.726 0.015
55103.251 16.636 0.175
55104.243 16.662 0.175
55113.314 16.271 0.012
55119.332 16.232 0.175
55120.232 16.312 0.011
55122.203 16.227 0.009
55123.397 16.340 0.175
55124.188 16.385 0.175
55126.258 16.294 0.015
55127.193 16.364 0.175
55128.180 16.421 0.175
55129.329 16.363 0.020
55131.203 16.339 0.020
55132.232 16.278 0.027
55133.165 16.534 0.018
55134.164 16.530 0.023
55135.171 16.517 0.014
55136.156 16.644 0.017
55137.205 16.670 0.016
55138.458 16.690 0.030
55139.299 16.731 0.015
55143.393 16.881 0.175
55144.274 16.701 0.031
55146.290 17.022 0.038
55147.297 17.058 0.024
55151.241 16.950 0.175
55155.245 17.094 0.175
