55095.429 17.696 0.025
55098.335 17.367 0.022
55099.274 17.297 0.020
55100.286 17.226 0.019
55101.282 17.150 0.019
55102.282 17.113 0.022
55103.374 17.045 0.021
55104.359 16.977 0.018
55105.205 16.943 0.021
55106.248 16.931 0.019
55113.493 16.865 0.022
55115.461 16.902 0.021
55118.315 16.963 0.018
55119.404 17.013 0.017
55122.377 17.116 0.019
55123.364 17.166 0.021
55125.425 17.208 0.021
55127.323 17.299 0.020
55129.109 17.363 0.024
55130.407 17.445 0.021
55133.262 17.547 0.024
55134.481 17.555 0.025
55135.473 17.606 0.024
55144.283 17.842 0.026
55146.076 17.926 0.029
55150.291 18.022 0.030
55151.338 18.070 0.031
55153.286 18.064 0.031
55158.336 18.182 0.036
55181.342 18.514 0.056
55244.171 19.700 0.108
