2.220 -16.203 0.001
2.440 -15.709 0.002
2.680 -15.173 0.001
2.950 -14.726 0.002
3.250 -14.389 0.002
3.580 -14.126 0.002
3.940 -13.880 0.002
4.330 -13.631 0.002
4.760 -13.296 0.001
5.240 -13.025 0.001
5.760 -12.865 0.001
6.340 -12.864 0.001
6.970 -13.014 0.002
7.670 -13.278 0.002
8.440 -13.596 0.002
9.280 -13.950 0.001
10.210 -14.335 0.001
11.230 -14.736 0.001
12.350 -15.149 0.001
13.590 -15.563 0.002
14.950 -15.970 0.002
16.440 -16.347 0.001
18.080 -16.683 0.001
19.890 -16.968 0.001
21.880 -17.192 0.001
24.070 -17.321 0.001
26.480 -17.378 0.001
29.130 -17.351 0.002
32.040 -17.224 0.002
35.240 -16.994 0.001
38.760 -16.749 0.001
42.640 -16.487 0.002
46.900 -16.267 0.002
51.600 -16.117 0.001
56.800 -16.097 0.002
62.480 -16.118 0.002
68.730 -16.141 0.002
75.600 -16.169 0.001
83.160 -16.144 0.002
91.480 -16.096 0.002
100.600 -15.998 0.001
110.700 -15.837 0.001
121.800 -15.632 0.001
134.000 -15.389 0.001
147.400 -15.105 0.001
178.300 -14.368 0.001
196.100 -13.893 0.001
