2.220 -15.583 0.002
2.440 -15.526 0.001
2.680 -15.573 0.001
2.950 -15.618 0.001
3.250 -15.641 0.002
3.580 -15.644 0.002
3.940 -15.669 0.001
4.330 -15.728 0.001
4.760 -15.826 0.002
5.240 -15.935 0.001
5.760 -16.070 0.001
6.340 -16.226 0.001
6.970 -16.394 0.001
7.670 -16.565 0.002
8.440 -16.743 0.001
9.280 -16.922 0.001
10.210 -17.101 0.002
11.230 -17.281 0.001
12.350 -17.460 0.002
13.590 -17.638 0.002
14.950 -17.806 0.001
16.440 -17.964 0.002
18.080 -18.111 0.001
19.890 -18.241 0.001
21.880 -18.350 0.002
24.070 -18.429 0.001
26.480 -18.498 0.001
29.130 -18.569 0.001
32.040 -18.630 0.002
35.240 -18.668 0.001
38.760 -18.649 0.002
42.640 -18.550 0.001
46.900 -18.470 0.002
51.600 -18.307 0.002
56.800 -18.124 0.001
62.480 -17.913 0.002
68.730 -17.671 0.001
75.600 -17.443 0.002
83.160 -17.207 0.001
91.480 -17.212 0.002
100.600 -16.913 0.002
110.700 -16.628 0.002
121.800 -16.345 0.002
134.000 -16.040 0.001
147.400 -15.696 0.001
178.300 -14.946 0.001
196.100 -14.584 0.001
