2.240 -13.767 0.002
2.450 -13.768 0.002
2.700 -13.877 0.001
2.970 -13.994 0.002
3.270 -14.088 0.002
3.600 -14.162 0.002
3.960 -14.228 0.002
4.360 -14.307 0.002
4.800 -14.415 0.001
5.280 -14.554 0.002
5.810 -14.723 0.002
6.390 -14.920 0.001
7.030 -15.135 0.002
7.730 -15.357 0.002
8.500 -15.582 0.002
9.350 -15.805 0.002
10.290 -16.025 0.002
11.320 -16.239 0.001
12.450 -16.450 0.001
13.700 -16.662 0.002
15.070 -16.876 0.001
16.580 -17.087 0.001
18.240 -17.292 0.001
20.060 -17.485 0.001
22.070 -17.660 0.001
24.280 -17.813 0.001
26.710 -17.940 0.001
29.380 -18.036 0.002
32.320 -18.102 0.001
35.550 -18.146 0.002
39.100 -18.133 0.002
43.010 -18.104 0.002
47.310 -18.036 0.002
52.040 -17.953 0.002
57.240 -17.857 0.002
62.960 -17.749 0.002
69.260 -17.582 0.002
76.190 -17.492 0.002
83.810 -17.246 0.002
92.190 -17.004 0.002
101.400 -16.751 0.002
111.500 -16.485 0.001
122.700 -16.206 0.001
135.000 -15.923 0.002
148.500 -15.639 0.001
163.400 -15.354 0.001
179.700 -15.076 0.002
197.700 -14.808 0.001
