5.330916999999992549e+04 1.806200000000000117e+01 1.700000000000000122e-02
5.331016999999992549e+04 1.784799999999999898e+01 1.099999999999999936e-02
5.331116999999992549e+04 1.761400000000000077e+01 1.099999999999999936e-02
5.331212000000011176e+04 nan nan
5.331412000000011176e+04 1.724099999999999966e+01 1.000000000000000021e-02
5.331510000000009313e+04 1.717200000000000060e+01 1.200000000000000025e-02
5.332010000000009313e+04 nan nan
5.332116000000014901e+04 1.718199999999999861e+01 8.999999999999999320e-03
5.332310000000009313e+04 1.728399999999999892e+01 8.999999999999999320e-03
5.332412000000011176e+04 1.735800000000000054e+01 1.000000000000000021e-02
5.332516000000014901e+04 1.745100000000000051e+01 1.200000000000000025e-02
5.332706999999983236e+04 1.764000000000000057e+01 1.000000000000000021e-02
5.333014000000013039e+04 1.796000000000000085e+01 1.099999999999999936e-02
5.333706999999983236e+04 1.853600000000000136e+01 1.700000000000000122e-02
5.333810000000009313e+04 1.859400000000000119e+01 2.000000000000000042e-02
5.333908999999985099e+04 1.868799999999999883e+01 1.600000000000000033e-02
5.334010000000009313e+04 1.870799999999999841e+01 2.000000000000000042e-02
5.334408000000007451e+04 1.889199999999999946e+01 2.400000000000000050e-02
5.334808000000007451e+04 1.901099999999999923e+01 2.400000000000000050e-02
5.335210000000009313e+04 1.913800000000000168e+01 2.699999999999999969e-02
5.335404999999981374e+04 1.918799999999999883e+01 2.299999999999999961e-02
5.335704999999981374e+04 1.927299999999999969e+01 2.500000000000000139e-02
5.336204999999981374e+04 1.939799999999999969e+01 3.699999999999999817e-02
