5.330916999999992549e+04 1.918299999999999983e+01 2.800000000000000058e-02
5.331016999999992549e+04 1.880499999999999972e+01 2.299999999999999961e-02
5.331116999999992549e+04 1.851300000000000168e+01 1.700000000000000122e-02
5.331212000000011176e+04 1.833699999999999974e+01 1.899999999999999953e-02
5.331412000000011176e+04 1.814499999999999957e+01 1.400000000000000029e-02
5.331510000000009313e+04 1.811400000000000077e+01 1.600000000000000033e-02
5.332010000000009313e+04 1.868700000000000117e+01 1.700000000000000122e-02
5.332116000000014901e+04 1.893599999999999994e+01 2.000000000000000042e-02
5.332310000000009313e+04 1.937699999999999889e+01 3.200000000000000067e-02
5.332412000000011176e+04 1.963200000000000145e+01 3.500000000000000333e-02
5.332516000000014901e+04 1.971199999999999974e+01 1.189999999999999947e-01
5.332706999999983236e+04 2.026099999999999923e+01 5.000000000000000278e-02
5.333014000000013039e+04 2.015099999999999980e+01 8.699999999999999400e-02
5.333706999999983236e+04 2.093700000000000117e+01 1.620000000000000051e-01
5.333810000000009313e+04 nan nan
5.333908999999985099e+04 nan nan
5.334010000000009313e+04 2.105900000000000105e+01 8.200000000000000344e-02
5.334408000000007451e+04 nan nan
5.334808000000007451e+04 nan nan
5.335210000000009313e+04 nan nan
5.335404999999981374e+04 nan nan
5.335704999999981374e+04 nan nan
5.336204999999981374e+04 nan nan
