5.330916999999992549e+04 1.845200000000000173e+01 1.499999999999999944e-02
5.331016999999992549e+04 1.816900000000000048e+01 1.200000000000000025e-02
5.331116999999992549e+04 1.795899999999999963e+01 1.000000000000000021e-02
5.331212000000011176e+04 nan nan
5.331412000000011176e+04 1.757100000000000151e+01 8.999999999999999320e-03
5.331510000000009313e+04 1.753099999999999881e+01 1.099999999999999936e-02
5.332010000000009313e+04 nan nan
5.332116000000014901e+04 1.781400000000000006e+01 8.999999999999999320e-03
5.332310000000009313e+04 1.805600000000000094e+01 1.099999999999999936e-02
5.332412000000011176e+04 1.821399999999999864e+01 1.200000000000000025e-02
5.332516000000014901e+04 1.839300000000000068e+01 1.299999999999999940e-02
5.332706999999983236e+04 1.865700000000000003e+01 1.299999999999999940e-02
5.333014000000013039e+04 1.907799999999999940e+01 2.500000000000000139e-02
5.333706999999983236e+04 1.960900000000000176e+01 4.100000000000000172e-02
5.333810000000009313e+04 1.960900000000000176e+01 4.499999999999999833e-02
5.333908999999985099e+04 1.965099999999999980e+01 2.599999999999999881e-02
5.334010000000009313e+04 1.970899999999999963e+01 2.900000000000000147e-02
5.334408000000007451e+04 1.989099999999999824e+01 2.900000000000000147e-02
5.334808000000007451e+04 1.998100000000000165e+01 3.200000000000000067e-02
5.335210000000009313e+04 2.007999999999999829e+01 3.099999999999999978e-02
5.335404999999981374e+04 2.010699999999999932e+01 3.400000000000000244e-02
5.335704999999981374e+04 2.012600000000000122e+01 3.799999999999999906e-02
5.336204999999981374e+04 2.035399999999999920e+01 9.700000000000000289e-02
