53309.170 18.001 0.013
53310.170 17.773 0.013
53311.170 17.573 0.009
53312.120 17.419 0.012
53314.120 17.185 0.007
53315.100 17.109 0.016
53320.100 16.945 0.014
53321.160 16.972 0.010
53323.100 17.014 0.011
53324.120 17.056 0.010
53325.160 17.126 0.010
53327.070 17.259 0.010
53330.140 17.507 0.009
53337.070 18.054 0.010
53338.100 18.095 0.018
53339.090 18.181 0.011
53340.100 18.270 0.016
53344.080 18.458 0.016
53348.080 18.602 0.025
53352.100 18.719 0.015
53354.050 18.788 0.020
53357.050 18.893 0.021
53362.050 18.999 0.023
