53309.170 18.062 0.017
53310.170 17.848 0.011
53310.200 17.550 0.030
53311.170 17.614 0.011
53312.100 17.210 0.020
53313.200 17.090 0.030
53314.120 17.241 0.010
53314.225 17.280 0.044
53315.097 17.243 0.026
53315.100 17.172 0.012
53315.400 16.910 0.040
53316.400 16.880 0.020
53318.153 17.092 0.022
53321.160 17.182 0.009
53322.100 16.930 0.020
53322.144 17.175 0.026
53323.100 17.284 0.009
53323.300 17.060 0.030
53324.120 17.358 0.010
53325.160 17.451 0.012
53326.115 17.501 0.028
53327.070 17.640 0.010
53328.200 17.470 0.020
53330.140 17.960 0.011
53334.100 17.890 0.070
53335.200 18.000 0.080
53337.070 18.536 0.017
53338.100 18.594 0.020
53339.090 18.688 0.016
53340.100 18.708 0.020
53344.080 18.892 0.024
53348.080 19.011 0.024
53349.300 18.420 0.090
53352.100 19.138 0.027
53353.200 18.700 0.050
53354.050 19.188 0.023
53357.050 19.273 0.025
53362.050 19.398 0.037
