5.330916999999992549e+04 1.800100000000000122e+01 1.299999999999999940e-02
5.331016999999992549e+04 1.777299999999999969e+01 1.299999999999999940e-02
5.331116999999992549e+04 1.757300000000000040e+01 8.999999999999999320e-03
5.331212000000011176e+04 1.741900000000000048e+01 1.200000000000000025e-02
5.331412000000011176e+04 1.718499999999999872e+01 7.000000000000000146e-03
5.331510000000009313e+04 1.710900000000000176e+01 1.600000000000000033e-02
5.332010000000009313e+04 1.694500000000000028e+01 1.400000000000000029e-02
5.332116000000014901e+04 1.697200000000000131e+01 1.000000000000000021e-02
5.332310000000009313e+04 1.701399999999999935e+01 1.099999999999999936e-02
5.332412000000011176e+04 1.705600000000000094e+01 1.000000000000000021e-02
5.332516000000014901e+04 1.712600000000000122e+01 1.000000000000000021e-02
5.332706999999983236e+04 1.725900000000000034e+01 1.000000000000000021e-02
5.333014000000013039e+04 1.750700000000000145e+01 8.999999999999999320e-03
5.333706999999983236e+04 1.805399999999999849e+01 1.000000000000000021e-02
5.333810000000009313e+04 1.809499999999999886e+01 1.799999999999999864e-02
5.333908999999985099e+04 1.818100000000000094e+01 1.099999999999999936e-02
5.334010000000009313e+04 1.826999999999999957e+01 1.600000000000000033e-02
5.334408000000007451e+04 1.845799999999999841e+01 1.600000000000000033e-02
5.334808000000007451e+04 1.860200000000000031e+01 2.500000000000000139e-02
5.335210000000009313e+04 1.871900000000000119e+01 1.499999999999999944e-02
5.335404999999981374e+04 1.878800000000000026e+01 2.000000000000000042e-02
5.335704999999981374e+04 1.889300000000000068e+01 2.100000000000000130e-02
5.336204999999981374e+04 1.899899999999999878e+01 2.299999999999999961e-02
