53309.170 18.452 0.015
53310.170 18.169 0.012
53311.170 17.959 0.010
53314.120 17.571 0.009
53315.100 17.531 0.011
53318.159 17.585 0.028
53320.308 17.770 0.028
53321.160 17.814 0.009
53322.149 18.001 0.030
53323.100 18.056 0.011
53324.120 18.214 0.012
53325.160 18.393 0.013
53326.121 18.694 0.039
53327.070 18.657 0.013
53330.140 19.078 0.025
53337.070 19.609 0.041
53338.100 19.609 0.045
53339.090 19.651 0.026
53340.100 19.709 0.029
53344.080 19.891 0.029
53348.080 19.981 0.032
53352.100 20.080 0.031
53354.050 20.107 0.034
53357.050 20.126 0.038
53362.050 20.354 0.097
