53309.170 18.235 0.015
53310.170 17.970 0.013
53311.170 17.747 0.012
53312.120 17.588 0.012
53314.120 17.326 0.009
53315.100 17.265 0.013
53320.100 17.036 0.011
53321.160 17.047 0.010
53323.100 17.079 0.009
53324.120 17.081 0.008
53325.160 17.137 0.011
53327.070 17.205 0.011
53330.140 17.418 0.009
53337.070 17.878 0.012
53338.100 17.967 0.015
53339.090 18.024 0.013
53340.100 18.083 0.019
53344.080 18.280 0.015
53348.080 18.465 0.016
53352.100 18.613 0.016
53354.050 18.657 0.018
53357.050 18.740 0.017
53362.050 18.849 0.021
