55103.671 16.733
55104.673 16.443
55105.604 16.219
55107.761 15.774
55108.694 15.611
55112.619 15.159
55118.808 14.857
55119.620 14.826
55120.813 14.816
55126.671 14.832
55128.765 14.864
55131.788 14.950
55135.687 15.132
55141.547 15.403
55145.646 15.565
55149.557 15.720
55152.656 15.823
55156.710 15.946
55160.548 16.026
55165.688 16.116
55168.530 16.173
55183.540 16.393
55188.536 16.478
55194.651 16.541
55205.541 16.692
55216.573 16.819
55223.573 16.946
55228.571 17.011
55317.942 17.979
55340.918 18.126
55342.906 18.177
55358.930 18.427
55368.853 18.539
