55119.206 15.050 0.016
55120.114 15.034 0.015
55122.122 15.008 0.016
55125.121 15.049 0.029
55126.100 15.015 0.016
55127.139 15.029 0.015
55128.126 15.048 0.016
55129.094 15.079 0.015
55131.087 15.129 0.019
55137.232 15.436 0.018
55138.269 15.439 0.017
55141.075 15.617 0.015
55143.073 15.699 0.016
55145.082 15.799 0.016
55150.182 16.009 0.016
55151.152 16.047 0.015
55153.130 16.097 0.018
55154.157 16.142 0.016
55156.095 16.180 0.016
55157.144 16.194 0.016
55158.104 16.226 0.017
55159.085 16.234 0.017
55160.114 16.304 0.018
55168.069 16.405 0.018
55176.076 16.541 0.017
55178.120 16.583 0.018
55181.097 16.610 0.017
55182.066 16.641 0.017
55185.066 16.683 0.016
55208.082 17.047 0.018
