55103.671 16.578
55104.673 16.317
55105.604 16.077
55107.761 15.594
55108.694 15.458
55112.619 14.980
55118.808 14.643
55119.620 14.638
55120.813 14.600
55126.671 14.588
55128.765 14.597
55131.788 14.649
55135.687 14.777
55141.547 15.024
55145.646 15.138
55149.557 15.246
55152.656 15.328
55156.710 15.439
55160.548 15.537
55165.688 15.596
55168.530 15.653
55183.540 15.855
55188.536 15.964
55194.651 16.061
55205.541 16.213
55216.573 16.326
55223.573 16.464
55228.571 16.563
55317.942 17.785
55340.918 18.013
55342.906 18.019
55358.930 18.336
55368.853 18.373
