55119.206 15.050
55120.114 15.034
55122.122 15.008
55125.121 15.049
55126.100 15.015
55127.139 15.029
55128.126 15.048
55129.094 15.079
55131.087 15.129
55137.232 15.436
55138.269 15.439
55141.075 15.617
55143.073 15.699
55145.082 15.799
55150.182 16.009
55151.152 16.047
55153.130 16.097
55154.157 16.142
55156.095 16.180
55157.144 16.194
55158.104 16.226
55159.085 16.234
55160.114 16.304
55168.069 16.405
55176.076 16.541
55178.120 16.583
55181.097 16.610
55182.066 16.641
55185.066 16.683
55208.082 17.047
