55103.671 17.047
55104.673 16.739
55105.604 16.508
55107.761 16.001
55108.694 15.842
55112.619 15.365
55118.808 15.092
55119.209 15.102
55119.620 15.078
55120.117 15.094
55120.813 15.082
55122.125 15.087
55126.103 15.133
55126.671 15.136
55127.142 15.165
55128.129 15.202
55128.765 15.186
55129.097 15.234
55131.788 15.318
55135.687 15.604
55136.100 15.675
55137.235 15.751
55138.272 15.795
55141.078 15.959
55141.547 15.933
55143.076 16.065
55145.085 16.170
55145.646 16.108
55149.557 16.268
55150.185 16.381
55151.155 16.459
55152.656 16.353
55153.133 16.470
55154.160 16.482
55156.098 16.529
55156.710 16.455
55157.147 16.547
55158.107 16.578
55159.088 16.579
55160.225 16.610
55160.548 16.510
55165.688 16.594
55168.072 16.721
55168.530 16.624
55176.079 16.822
55178.123 16.845
55181.100 16.893
55182.069 16.921
55183.540 16.815
55185.069 16.967
55188.536 16.890
55194.651 16.947
55205.541 17.079
55208.085 17.292
55216.573 17.203
55223.573 17.295
55228.571 17.410
55317.942 18.524
55340.918 18.753
55342.906 18.808
55358.930 19.075
55368.853 19.109
