55103.671 17.622 0.020
55104.673 17.275 0.026
55105.604 16.990 0.037
55107.761 16.441 0.032
55108.694 16.275 0.035
55112.619 15.752 0.032
55118.808 15.594 0.021
55119.213 15.651 0.015
55119.620 15.575 0.025
55120.121 15.667 0.014
55120.813 15.618 0.027
55122.129 15.706 0.015
55125.128 15.860 0.029
55126.107 15.879 0.016
55126.671 15.855 0.011
55127.146 15.962 0.016
55128.133 16.027 0.017
55128.765 15.988 0.016
55129.101 16.122 0.016
55131.788 16.277 0.028
55133.247 16.476 0.026
55135.687 16.687 0.027
55136.104 16.846 0.025
55137.238 16.869 0.032
55138.275 16.985 0.042
55141.082 17.209 0.021
55141.547 17.118 0.018
55143.079 17.374 0.021
55145.089 17.514 0.024
55145.646 17.291 0.018
55149.557 17.421 0.031
55150.191 17.678 0.027
55151.159 17.730 0.033
55152.656 17.454 0.013
55153.137 17.781 0.027
55154.164 17.751 0.025
55156.102 17.767 0.025
55156.710 17.547 0.020
55157.150 17.807 0.029
55158.114 17.776 0.030
55159.092 17.828 0.031
55160.188 17.815 0.036
55160.548 17.603 0.025
55165.688 17.647 0.032
55168.076 17.847 0.038
55168.530 17.654 0.031
55176.083 17.939 0.027
55178.127 17.990 0.032
55181.104 18.059 0.036
55182.073 17.997 0.033
55183.540 17.751 0.020
55185.073 18.110 0.038
55188.536 17.812 0.033
55194.651 17.847 0.024
55205.541 17.887 0.022
55208.088 18.289 0.041
55216.573 18.003 0.020
55223.573 18.151 0.040
55228.571 18.181 0.049
55340.918 19.212 0.046
55342.906 19.296 0.029
55358.930 19.456 0.034
55368.853 19.462 0.028
