55119.203 15.080
55120.111 15.055
55122.119 15.012
55126.097 15.012
55127.136 15.022
55128.123 15.031
55129.091 15.045
55131.084 15.077
55136.094 15.251
55138.266 15.329
55141.072 15.484
55143.070 15.563
55145.079 15.654
55150.179 15.851
55151.149 15.896
55153.127 15.952
55154.154 15.977
55156.092 16.036
55157.141 16.072
55158.101 16.083
55159.082 16.116
55160.179 16.139
55168.066 16.301
55176.073 16.468
55178.117 16.480
55181.094 16.565
55182.063 16.585
55185.063 16.628
55205.095 16.859
55208.079 17.018
