53085.300 16.970 0.050
53085.320 16.768 0.029
53086.237 16.595 0.059
53087.268 16.654 0.023
53087.300 16.770 0.030
53088.300 16.780 0.110
53088.900 16.710 0.040
53090.400 16.630 0.040
53092.300 16.600 0.040
53092.446 16.417 0.019
53092.600 16.520 0.020
53093.300 16.540 0.040
53093.600 16.540 0.070
53094.000 16.540 0.060
53094.300 16.530 0.070
53095.000 16.430 0.050
53095.000 16.540 0.060
53095.300 16.540 0.040
53096.000 16.400 0.050
53096.232 16.333 0.022
53096.300 16.560 0.050
53096.900 16.420 0.030
53102.300 16.580 0.040
53102.800 16.590 0.050
53103.000 16.560 0.100
53104.300 16.650 0.030
53107.300 16.710 0.050
53107.800 16.710 0.030
53109.100 16.740 0.040
53109.305 16.629 0.025
53109.900 16.770 0.050
53111.300 16.880 0.030
53112.275 16.696 0.032
53112.900 16.930 0.050
53115.900 17.000 0.030
53115.900 17.030 0.040
53116.900 17.030 0.070
53117.000 17.050 0.050
53118.100 17.080 0.040
53118.360 16.851 0.028
53118.900 17.120 0.050
53119.300 17.150 0.050
53120.000 17.130 0.030
53121.000 17.160 0.040
53124.300 17.290 0.080
53129.300 17.330 0.060
53132.000 17.520 0.040
53134.300 17.530 0.060
53136.900 17.620 0.030
53138.200 17.590 0.060
53145.200 17.770 0.090
53146.283 17.462 0.039
53152.200 17.810 0.100
53159.200 17.910 0.080
53176.227 17.785 0.051
53346.200 20.840 0.120
