53085.300 18.120 0.040
53085.323 17.923 0.033
53087.269 17.930 0.047
53087.300 18.080 0.030
53088.300 18.060 0.120
53088.900 18.070 0.060
53091.447 18.109 0.047
53092.300 18.380 0.070
53092.448 18.124 0.036
53092.600 18.240 0.060
53093.300 18.390 0.040
53093.600 18.350 0.050
53094.000 18.420 0.110
53094.300 18.430 0.100
53095.000 18.520 0.100
53095.300 18.530 0.080
53096.000 18.580 0.040
53096.234 18.476 0.058
53096.300 18.560 0.120
53096.900 18.810 0.080
53102.800 19.140 0.050
53103.000 19.250 0.080
53104.300 19.250 0.070
53107.300 19.470 0.110
53107.800 19.490 0.060
53109.100 19.540 0.110
53109.900 19.600 0.030
53111.300 19.670 0.120
53112.277 19.171 0.059
53112.900 19.770 0.150
53114.000 19.950 0.040
53115.151 19.205 0.061
53115.900 19.960 0.060
53115.900 19.990 0.050
53116.900 20.170 0.150
53117.000 20.020 0.050
53118.100 20.040 0.090
53118.362 19.378 0.059
53118.900 20.090 0.090
53119.300 20.050 0.110
53120.000 20.140 0.050
53121.000 20.200 0.070
53124.300 20.490 0.430
53129.300 20.370 0.410
53132.000 20.530 0.060
53134.300 20.470 0.190
53135.192 19.644 0.124
53136.262 19.654 0.088
53136.265 19.594 0.078
53136.900 20.630 0.070
53138.200 20.510 0.170
53138.900 20.650 0.110
53140.208 19.773 0.176
53146.285 19.463 0.176
53176.229 19.634 0.096
53346.200 23.450 0.340
