55271.997 20.210 0.010
55272.998 20.090 0.010
55273.559 20.030 0.030
55273.993 19.960 0.010
55274.422 19.870 0.020
55275.024 19.770 0.010
55276.534 19.470 0.020
55277.002 19.460 0.010
55279.422 19.330 0.020
55280.603 19.290 0.020
55282.546 19.330 0.020
55283.516 19.320 0.040
55287.576 19.490 0.040
55288.554 19.520 0.020
55291.453 19.710 0.020
55294.509 19.830 0.020
55297.487 20.070 0.030
55301.472 20.540 0.040
55305.432 20.830 0.040
55308.432 21.080 0.070
55309.519 21.200 0.130
55317.452 21.360 0.080
55320.398 21.450 0.070
55326.384 21.570 0.070
55328.889 21.640 0.070
