53974.175 20.755 0.259
53989.164 19.966 0.119
53989.183 19.839 0.105
53995.172 19.948 0.119
53997.150 19.873 0.132
54005.121 20.246 0.159
54007.134 20.158 0.161
54009.131 20.103 0.147
54011.195 20.384 0.186
54019.145 20.360 0.205
54025.193 20.747 0.306
54029.123 20.452 0.188
54031.110 20.570 0.210
54036.114 20.441 0.242
54039.112 21.580 0.876
54048.106 20.812 0.300
54051.097 21.864 1.027
54052.109 20.938 0.460
54054.128 21.501 1.587
54055.105 21.224 0.465
54058.103 22.279 0.847
54063.094 21.997 0.928
