53974.174 20.647 0.081
53989.162 19.941 0.044
53989.181 20.108 0.047
53995.170 20.057 0.045
53997.148 20.686 0.094
54005.119 20.376 0.060
54007.132 20.720 0.090
54009.129 20.672 0.084
54011.194 20.703 0.083
54019.143 21.170 0.149
54025.191 21.074 0.119
54029.121 20.894 0.098
54031.108 21.100 0.110
54036.112 20.977 0.126
54039.110 21.503 0.280
54048.104 21.306 0.148
54051.096 25.444 1.802
54052.107 21.408 0.205
54054.126 24.561 1.646
54055.104 21.302 0.153
54058.102 21.807 0.232
54063.092 22.139 0.398
