53974.176 21.052 0.074
53989.165 20.779 0.065
53989.184 20.729 0.061
53995.173 21.461 0.092
53997.151 21.684 0.128
54005.122 22.036 0.153
54007.135 22.342 0.226
54009.132 22.314 0.248
54011.196 22.688 0.494
54019.146 22.855 0.372
54025.194 23.921 0.940
54029.124 22.262 0.220
54031.110 22.813 0.313
54036.115 23.006 0.613
54039.113 23.947 1.887
54048.107 24.197 1.003
54051.098 21.936 0.208
54052.110 22.645 0.317
54054.128 26.179 1.470
54055.106 22.689 0.340
54058.104 23.125 0.575
54063.094 22.904 0.442
