53974.173 20.625 0.059
53989.161 20.118 0.042
53989.180 20.081 0.037
53995.169 20.290 0.042
53997.147 20.317 0.054
54005.119 20.837 0.070
54007.131 20.923 0.084
54009.128 20.820 0.098
54011.193 20.951 0.095
54019.142 21.236 0.123
54025.191 21.554 0.149
54029.120 21.365 0.105
54031.107 21.261 0.095
54036.111 21.845 0.222
54039.110 21.128 0.210
54041.110 21.908 0.406
54048.103 21.575 0.148
54052.107 21.600 0.181
54054.125 24.508 1.906
54055.103 22.144 0.259
54058.101 21.736 0.163
54063.091 22.094 0.286
