56853.810 15.720 0.030
56854.880 15.730 0.020
56859.810 15.750 0.030
56862.850 15.780 0.020
56863.740 15.770 0.020
56868.850 15.830 0.020
56871.790 15.900 0.020
56872.800 15.840 0.020
56877.710 15.910 0.020
56881.710 15.970 0.020
56882.920 15.970 0.020
56896.690 16.100 0.020
56900.700 16.110 0.020
56911.820 16.210 0.020
56915.600 16.290 0.040
56916.660 16.260 0.020
56921.700 16.310 0.020
56927.650 16.450 0.030
56938.560 16.840 0.020
56939.730 16.930 0.020
56940.570 16.970 0.020
56950.760 17.830 0.030
56958.670 18.000 0.020
56965.630 18.110 0.020
56978.680 18.250 0.020
56984.560 18.350 0.020
56992.590 18.350 0.020
56995.610 18.430 0.020
56999.580 18.430 0.020
57010.540 18.460 0.030
57017.540 18.590 0.020
57025.540 18.760 0.030
57047.570 18.780 0.030
