56835.500 17.400 999.000
56846.500 15.700 0.100
56848.746 15.767 0.149
56848.748 15.830 0.028
56850.082 15.796 0.019
56850.083 15.844 0.020
56853.810 15.940 0.030
56854.880 15.960 0.020
56859.810 16.020 0.020
56860.059 16.057 0.022
56860.061 16.030 0.017
56862.060 16.039 0.017
56862.061 16.081 0.022
56862.850 16.090 0.020
56863.740 16.090 0.020
56864.335 16.096 0.022
56864.337 16.069 0.016
56866.693 16.089 0.015
56866.695 16.089 0.015
56868.668 16.154 0.016
56868.670 16.131 0.016
56868.850 16.180 0.020
56870.684 16.282 0.013
56870.686 16.244 0.014
56871.686 16.248 0.015
56871.688 16.272 0.014
56871.790 16.270 0.020
56872.800 16.260 0.010
56872.971 16.282 0.013
56872.973 16.262 0.016
56874.578 16.279 0.015
56874.579 16.281 0.015
56877.710 16.350 0.010
56878.658 16.413 0.015
56878.660 16.288 0.016
56881.710 16.450 0.020
56882.920 16.420 0.020
56883.962 16.434 0.019
56883.964 16.400 0.020
56889.574 16.478 0.014
56889.576 16.458 0.015
56889.659 16.538 0.015
56889.660 16.520 0.016
56895.975 16.560 0.020
56895.977 16.574 0.020
56896.690 16.610 0.020
56900.700 16.620 0.010
56907.595 16.676 0.035
56907.596 16.738 0.034
56907.927 16.675 0.054
56907.929 16.640 0.054
56910.926 16.756 0.025
56910.929 16.744 0.022
56911.820 16.740 0.010
56915.600 16.790 0.020
56916.660 16.820 0.010
56917.552 16.872 0.015
56917.555 16.861 0.014
56921.700 16.890 0.010
56923.566 16.820 0.017
56923.568 16.870 0.016
56927.650 17.020 0.020
56929.561 17.109 0.037
56933.763 17.294 0.023
56933.766 17.233 0.024
56936.481 17.393 0.037
56936.485 17.341 0.028
56938.560 17.520 0.020
56939.730 17.660 0.020
56940.111 17.644 0.021
56940.114 17.637 0.023
56940.570 17.710 0.020
56942.209 17.936 0.025
56942.212 17.950 0.020
56945.142 18.283 0.027
56945.146 18.306 0.029
56948.108 18.654 0.024
56948.111 18.669 0.026
56950.760 18.660 0.070
56951.500 18.812 0.049
56951.504 18.857 0.065
56953.836 18.902 0.058
56954.792 18.993 0.063
56954.796 18.970 0.056
56958.670 18.890 0.020
56960.801 18.770 0.067
56965.630 18.990 0.020
56966.763 19.287 0.188
56966.766 19.125 0.171
56966.797 18.838 0.109
56966.801 19.035 0.117
56969.211 19.000 0.100
56969.214 19.033 0.104
56978.680 19.130 0.020
56980.173 19.449 0.069
56980.177 19.384 0.063
56981.135 19.165 0.048
56981.139 19.139 0.042
56984.560 19.250 0.020
56986.157 19.444 0.065
56986.161 19.276 0.063
56989.050 19.386 0.054
56989.054 19.312 0.040
56989.163 19.389 0.073
56989.167 19.344 0.062
56990.164 19.355 0.126
56990.167 19.342 0.120
56991.136 19.310 0.092
56991.140 19.251 0.076
56992.088 19.191 0.153
56992.590 19.250 0.030
56993.148 19.625 0.202
56993.151 19.339 0.121
56995.610 19.330 0.030
56999.580 19.260 0.020
57005.065 19.529 0.077
57005.069 19.511 0.061
57006.065 19.598 0.090
57006.069 19.411 0.084
57007.052 19.521 0.067
57007.055 19.434 0.048
57010.540 19.200 0.020
57016.073 19.273 0.095
57017.540 19.520 0.020
57020.079 20.118 0.234
57021.066 20.026 0.295
57021.070 19.516 0.302
57025.540 19.690 0.030
57047.570 19.800 0.040
