56850.085 15.879 0.015
56850.088 15.845 0.014
56860.062 16.009 0.016
56860.065 16.060 0.009
56862.063 16.138 0.013
56862.065 16.119 0.010
56864.339 16.227 0.015
56864.341 16.205 0.015
56866.697 16.289 0.011
56868.671 16.331 0.015
56868.674 16.352 0.015
56870.688 16.501 0.010
56870.690 16.485 0.010
56871.689 16.523 0.010
56871.692 16.519 0.011
56872.975 16.571 0.024
56872.977 16.587 0.018
56874.581 16.552 0.013
56874.583 16.559 0.012
56878.662 16.625 0.018
56878.664 16.598 0.018
56883.965 16.754 0.016
56883.968 16.799 0.016
56889.577 16.838 0.013
56889.580 16.851 0.013
56889.662 16.858 0.011
56889.665 16.883 0.011
56895.978 16.961 0.012
56895.981 16.971 0.011
56907.598 17.117 0.171
56907.930 17.012 0.044
56907.933 17.143 0.056
56910.931 17.160 0.026
56910.935 17.164 0.026
56917.558 17.339 0.013
56917.561 17.331 0.013
56923.571 17.427 0.016
56923.574 17.409 0.019
56929.563 17.445 0.038
56929.567 17.537 0.048
56933.798 17.848 0.027
56933.803 17.656 0.030
56936.472 17.911 0.054
56936.477 17.910 0.042
56940.119 18.262 0.022
56940.124 18.317 0.024
56942.465 18.507 0.032
56942.470 18.502 0.032
56945.186 18.895 0.022
56945.190 18.897 0.025
56948.116 19.216 0.030
56948.121 19.250 0.026
56951.764 19.207 0.040
56951.769 19.207 0.042
56954.253 19.449 0.031
56957.249 19.480 0.031
56957.254 19.490 0.036
56960.390 19.429 0.066
56960.395 19.492 0.053
56966.422 19.280 0.179
56969.218 19.510 0.110
56969.225 19.606 0.113
56980.181 19.968 0.053
56980.188 19.938 0.053
56981.143 19.735 0.040
56981.150 19.759 0.035
56989.058 19.752 0.045
56989.065 19.855 0.052
56989.171 19.935 0.055
56989.178 19.780 0.046
56991.144 19.902 0.091
56991.151 19.948 0.117
56993.155 20.046 0.136
56993.162 20.012 0.155
57005.073 20.044 0.052
57005.080 20.029 0.052
57006.073 20.274 0.083
57006.080 20.063 0.067
57007.059 19.951 0.047
57007.066 19.968 0.046
57016.081 20.111 0.094
57016.088 20.380 0.103
57020.087 20.246 0.154
57021.074 20.167 0.290
57021.081 20.063 0.159
57164.395 20.619 0.102
57164.401 20.564 0.103
57164.410 20.976 0.108
57164.415 21.174 0.119
57165.406 21.569 0.168
57165.411 21.969 0.228
57179.412 21.665 0.496
57179.417 21.030 0.240
