56853.810 15.520 0.030
56854.880 15.550 0.030
56859.810 15.580 0.020
56862.850 15.610 0.020
56863.740 15.580 0.020
56868.850 15.620 0.020
56871.790 15.700 0.020
56872.800 15.670 0.020
56877.710 15.700 0.020
56878.620 15.710 0.020
56881.710 15.730 0.020
56882.920 15.740 0.020
56896.690 15.870 0.020
56900.700 15.860 0.020
56911.820 15.940 0.020
56915.600 15.980 0.020
56916.660 15.990 0.020
56921.700 16.050 0.020
56927.650 16.140 0.020
56938.560 16.480 0.020
56939.730 16.560 0.020
56940.570 16.600 0.020
56950.760 17.400 0.030
56958.670 17.570 0.020
56965.630 17.690 0.020
56978.680 17.840 0.030
56984.560 17.950 0.020
56995.610 18.000 0.020
56999.580 18.070 0.020
57010.540 18.070 0.020
57017.540 18.260 0.030
57025.540 18.400 0.030
57047.570 18.580 0.040
