56850.094 15.857 0.015
56850.095 15.909 0.015
56860.071 15.927 0.018
56860.073 16.003 0.014
56862.072 16.102 0.039
56862.073 16.027 0.014
56864.347 16.021 0.016
56864.349 16.001 0.015
56866.706 16.033 0.011
56868.680 16.052 0.018
56868.681 16.033 0.015
56871.698 16.130 0.013
56871.699 16.122 0.015
56872.983 16.146 0.014
56872.985 16.115 0.015
56874.589 16.129 0.012
56874.591 16.121 0.011
56878.670 16.110 0.014
56878.672 16.136 0.016
56883.974 16.176 0.018
56883.976 16.221 0.020
56889.586 16.246 0.012
56889.587 16.225 0.015
56889.671 16.303 0.015
56889.672 16.310 0.019
56895.987 16.321 0.014
56895.988 16.330 0.015
56907.939 16.460 0.039
56907.940 16.447 0.041
56910.944 16.446 0.020
56910.946 16.487 0.019
56917.570 16.434 0.016
56917.573 16.489 0.016
56923.583 16.533 0.014
56923.586 16.576 0.016
56929.576 16.741 0.135
56929.579 16.661 0.096
56933.815 16.739 0.016
56933.819 16.752 0.012
56936.489 16.900 0.025
56936.493 16.861 0.030
56940.136 17.091 0.022
56940.140 17.017 0.016
56942.482 17.302 0.095
56942.486 17.308 0.058
56945.203 17.551 0.024
56945.207 17.529 0.023
56948.133 17.846 0.027
56948.137 17.838 0.027
56951.782 17.997 0.241
56951.785 18.162 0.132
56954.270 18.142 0.030
56954.274 18.169 0.033
56957.266 17.969 0.029
56957.270 18.013 0.027
56960.408 18.045 0.034
56960.411 18.070 0.030
56966.434 18.133 0.055
56966.438 18.041 0.073
56967.435 18.500 0.244
56969.241 18.408 0.088
56969.244 18.241 0.087
56975.207 18.529 0.110
56980.203 18.519 0.052
56981.165 18.378 0.043
56981.169 18.446 0.039
56989.080 18.565 0.049
56989.083 18.580 0.040
56989.193 18.617 0.065
56991.166 18.456 0.061
56991.169 18.594 0.078
56993.177 18.717 0.096
56993.181 18.513 0.081
57006.095 18.879 0.068
57006.099 18.863 0.071
57007.081 18.829 0.049
57007.085 18.651 0.043
57021.096 19.036 0.350
57021.099 18.746 0.333
57164.414 18.692 0.094
57164.418 18.318 0.107
57164.427 20.041 0.232
57164.431 19.898 0.219
57165.425 20.324 0.180
57165.429 20.376 0.142
57178.347 20.785 0.434
57179.431 19.571 0.263
57179.435 19.452 0.241
57191.421 19.573 0.127
57191.425 19.720 0.160
