56850.090 15.755 0.013
56850.092 15.814 0.013
56860.068 15.820 0.012
56860.069 15.783 0.016
56862.068 15.852 0.011
56862.070 15.870 0.013
56864.344 15.884 0.014
56864.345 15.841 0.010
56866.703 15.933 0.009
56866.704 15.892 0.009
56868.676 15.957 0.013
56868.678 15.959 0.011
56870.693 16.007 0.015
56871.695 16.039 0.009
56871.696 16.022 0.009
56872.980 16.087 0.014
56872.981 16.055 0.010
56874.586 15.987 0.009
56874.588 16.034 0.008
56878.667 16.029 0.011
56878.668 16.044 0.013
56883.971 16.133 0.011
56883.972 16.133 0.012
56889.583 16.128 0.010
56889.584 16.140 0.009
56889.667 16.196 0.011
56889.669 16.218 0.010
56895.984 16.223 0.010
56895.985 16.221 0.010
56907.936 16.287 0.028
56907.937 16.330 0.031
56910.939 16.470 0.017
56910.941 16.385 0.015
56917.565 16.444 0.011
56917.568 16.452 0.012
56923.578 16.549 0.010
56923.581 16.530 0.011
56933.808 16.730 0.013
56933.812 16.745 0.016
56936.482 16.880 0.022
56936.486 16.849 0.021
56940.129 17.112 0.015
56940.133 17.122 0.015
56942.475 17.313 0.022
56942.479 17.356 0.017
56945.195 17.576 0.015
56945.199 17.598 0.013
56948.125 17.834 0.021
56948.129 17.826 0.021
56951.774 17.970 0.022
56951.778 17.987 0.018
56954.263 18.120 0.021
56954.266 18.141 0.029
56957.259 18.312 0.064
56957.262 18.372 0.078
56960.400 18.205 0.021
56960.404 18.171 0.025
56966.427 18.353 0.062
56966.430 18.237 0.055
56967.428 18.356 0.126
56967.431 18.157 0.122
56969.233 18.638 0.074
56969.237 18.455 0.061
56975.199 18.572 0.063
56980.195 18.537 0.029
56980.199 18.534 0.031
56981.157 18.465 0.021
56981.161 18.479 0.023
56989.072 18.552 0.027
56989.076 18.561 0.027
56989.186 18.600 0.033
56989.189 18.585 0.035
56991.158 18.596 0.047
56991.162 18.503 0.034
56993.170 18.710 0.059
56993.173 18.753 0.073
57005.087 18.721 0.035
57006.088 18.724 0.040
57006.092 18.747 0.043
57007.074 18.649 0.033
57007.077 18.613 0.028
57016.095 18.981 0.051
57016.099 18.935 0.052
57021.088 18.641 0.153
57021.092 19.031 0.164
57164.406 19.824 0.073
57164.410 19.745 0.072
57164.420 20.615 0.130
57164.423 20.761 0.105
57165.417 20.568 0.162
57165.421 20.495 0.212
57178.335 20.340 0.263
57178.339 20.334 0.271
57179.423 19.390 0.126
57179.427 19.478 0.155
57191.413 20.599 0.099
57191.417 20.546 0.091
