56848.741 15.966 0.039
56848.744 15.984 0.040
56850.077 15.957 0.018
56850.079 15.996 0.017
56853.810 16.050 0.030
56854.880 16.040 0.020
56859.810 16.240 0.020
56860.054 16.192 0.015
56860.056 16.355 0.017
56862.054 16.257 0.035
56862.057 16.231 0.035
56862.850 16.420 0.020
56863.740 16.450 0.020
56864.330 16.470 0.024
56864.333 16.475 0.018
56866.688 16.604 0.015
56866.691 16.609 0.036
56868.663 16.776 0.013
56868.665 16.703 0.016
56868.850 16.750 0.020
56870.679 16.919 0.018
56870.682 16.864 0.016
56871.681 16.883 0.017
56871.683 16.901 0.017
56871.790 16.940 0.020
56872.800 17.000 0.070
56872.966 16.968 0.020
56872.968 16.969 0.023
56874.572 17.027 0.018
56874.575 17.015 0.018
56877.710 17.170 0.020
56878.653 17.090 0.026
56878.656 17.105 0.028
56881.710 17.270 0.030
56883.957 17.216 0.029
56883.959 17.242 0.033
56889.569 17.346 0.021
56889.571 17.403 0.021
56889.654 17.410 0.022
56889.656 17.385 0.020
56895.970 17.558 0.034
56895.972 17.594 0.025
56896.690 17.630 0.020
56900.700 17.700 0.020
56907.590 17.899 0.077
56907.592 17.734 0.072
56910.919 17.778 0.033
56910.922 17.727 0.046
56911.820 17.920 0.020
56915.600 18.020 0.020
56916.660 18.050 0.020
56917.545 17.947 0.023
56917.549 17.953 0.025
56921.700 18.170 0.020
56927.650 18.390 0.020
56929.551 17.941 0.216
56933.752 18.482 0.058
56933.758 18.566 0.062
56936.471 18.648 0.123
56936.476 18.841 0.126
56938.560 19.080 0.030
56939.730 19.190 0.040
56940.101 19.121 0.071
56940.106 19.092 0.089
56940.570 19.320 0.020
56942.199 19.410 0.073
56942.204 19.422 0.064
56945.132 19.773 0.055
56945.137 19.628 0.055
56948.098 19.999 0.070
56948.103 19.996 0.076
56950.760 20.260 0.050
56951.491 20.229 0.250
56951.495 20.078 0.246
56953.831 20.085 0.086
56954.787 20.074 0.163
56958.670 20.410 0.030
56969.196 20.772 0.400
56969.203 20.510 0.308
56978.680 20.570 0.030
56980.159 20.842 0.188
56980.166 20.686 0.158
56981.121 20.631 0.150
56981.128 20.588 0.110
56984.560 20.670 0.040
56986.143 20.410 0.109
56986.150 20.494 0.123
56989.036 20.527 0.116
56989.043 20.607 0.109
56989.149 20.277 0.099
56989.156 20.461 0.175
56991.122 20.546 0.201
56991.129 20.559 0.170
56993.133 20.506 0.245
57005.051 20.480 0.143
57005.058 20.966 0.161
57006.051 20.520 0.152
57006.058 20.633 0.165
57007.037 20.540 0.181
57007.044 20.582 0.148
57020.065 20.919 0.353
57021.059 21.098 0.430
