57903.957 15.358 0.014
57903.966 15.183 0.014
57903.966 18.003 999.000
57903.975 15.284 0.014
57904.879 14.917 0.015
57904.888 14.854 0.014
57904.897 14.895 0.014
57904.906 15.010 0.014
57905.880 14.844 0.012
57905.889 14.910 0.011
57905.897 14.955 0.011
57905.932 15.062 0.010
57907.933 14.451 0.012
57908.043 14.527 0.014
57908.982 14.743 0.011
57908.989 14.725 0.011
57908.996 14.800 0.011
57910.036 14.557 0.013
57911.981 14.611 0.011
57911.988 14.593 0.012
57911.995 14.610 0.014
57913.027 14.419 0.013
57915.003 14.625 0.011
57915.010 14.629 0.011
57915.017 14.568 0.011
57916.008 14.628 0.010
57916.015 14.624 0.010
57916.022 14.534 0.011
57917.032 14.478 0.012
57917.039 14.473 0.012
57917.873 14.895 0.021
57918.957 14.500 0.009
57918.964 14.465 0.009
57918.971 14.439 0.009
57920.979 14.530 0.009
57920.986 14.646 0.009
57920.993 14.591 0.010
57922.930 14.592 0.011
57922.938 14.602 0.011
57922.944 14.605 0.010
57926.953 15.080 0.016
57926.960 15.015 0.017
57926.967 15.059 0.017
57931.975 15.247 0.028
57931.982 15.299 0.028
57931.989 15.170 0.030
57933.941 15.327 0.017
57933.948 15.143 0.017
57933.955 15.312 0.017
57934.970 20.565 999.000
57934.977 20.515 999.000
57934.984 20.400 999.000
57936.956 20.291 999.000
57936.963 20.736 999.000
57936.970 20.377 999.000
57937.970 20.436 999.000
57937.977 20.198 999.000
57937.984 20.267 999.000
57938.968 20.146 999.000
57938.975 20.387 999.000
57938.982 20.116 999.000
57939.916 20.598 999.000
57939.923 20.145 999.000
57939.930 20.123 999.000
57941.961 19.886 999.000
57941.968 19.659 999.000
57941.975 19.438 999.000
57942.935 19.414 999.000
57942.942 19.377 999.000
57942.949 19.363 999.000
57945.901 20.767 999.000
57945.908 20.529 999.000
57945.916 21.175 999.000
