57900.750 17.003 0.014
57901.730 16.713 0.012
57902.780 16.154 0.013
57903.740 15.960 0.014
57903.955 15.416 0.014
57903.964 15.415 0.014
57903.973 15.345 0.013
57904.740 15.655 0.008
57904.876 15.768 0.015
57904.876 20.337 999.000
57904.885 15.171 0.013
57904.894 15.219 0.013
57904.903 15.218 0.013
57905.760 15.314 0.009
57905.877 15.061 0.012
57905.886 15.047 0.011
57905.895 15.094 0.010
57905.929 15.230 0.009
57907.930 14.760 0.012
57908.047 14.668 0.016
57908.750 15.298 0.007
57908.987 14.882 0.012
57908.994 14.904 0.012
57909.001 14.879 0.013
57909.750 15.241 0.007
57910.041 19.688 999.000
57910.750 15.200 0.005
57911.730 15.189 0.007
57911.986 14.839 0.012
57911.993 14.790 0.014
57912.000 14.880 0.014
57912.710 15.207 0.007
57913.031 14.718 0.017
57913.730 15.238 0.007
57914.730 15.350 0.006
57915.008 14.748 0.014
57915.015 14.844 0.014
57915.022 14.508 0.016
57915.720 15.369 0.024
57916.013 14.845 0.014
57916.020 14.848 0.013
57916.027 14.758 0.015
57916.720 15.347 0.008
57917.037 14.864 0.015
57917.044 14.656 0.017
57917.710 15.486 0.007
57918.710 15.554 0.008
57918.962 14.986 0.009
57918.969 15.017 0.010
57918.976 14.883 0.010
57919.710 15.665 0.009
57920.740 15.751 0.010
57920.984 15.077 0.011
57920.991 15.083 0.011
57920.998 15.114 0.011
57921.700 15.889 0.014
57922.700 15.890 0.009
57922.935 15.036 0.013
57922.942 15.085 0.012
57922.949 15.138 0.013
57924.690 16.044 0.009
57925.710 16.215 0.035
57926.730 16.298 0.014
57926.957 15.543 0.021
57926.965 15.599 0.020
57926.971 15.434 0.021
57928.730 16.435 0.021
57929.700 16.604 0.018
57931.690 16.683 0.014
57931.979 15.650 0.036
57931.986 15.763 0.039
57931.993 15.789 0.039
57932.740 16.725 0.015
57933.700 16.828 0.014
57933.945 20.116 999.000
57933.952 20.138 999.000
57933.959 15.431 0.022
57934.690 16.736 0.020
57934.975 20.386 999.000
57934.982 20.691 999.000
57934.989 20.765 999.000
57936.710 16.864 0.016
57936.961 20.607 999.000
57936.968 20.233 999.000
57936.975 20.500 999.000
57937.710 16.935 0.017
57937.974 20.157 999.000
57937.982 20.362 999.000
57938.720 16.981 0.018
57938.972 19.932 999.000
57938.980 19.861 999.000
57939.921 20.090 999.000
57939.928 20.104 999.000
57939.935 19.980 999.000
57940.690 16.958 0.023
57941.710 17.006 0.036
57941.966 19.510 999.000
57941.973 19.557 999.000
57942.720 17.048 0.065
57942.939 15.982 0.044
57942.946 19.472 999.000
57942.953 19.254 999.000
57945.680 17.110 0.020
57945.906 20.786 999.000
57945.913 20.670 999.000
57945.920 20.538 999.000
57946.720 17.081 0.027
57949.680 17.186 0.023
57950.690 17.192 0.041
57951.690 17.242 0.023
57952.680 17.275 0.028
57953.670 17.319 0.042
57955.680 17.254 0.031
57956.690 17.390 0.023
57957.670 17.279 0.035
57958.680 17.360 0.053
57960.680 17.368 0.028
57963.670 17.411 0.037
