57898.770 17.717 0.025
57900.750 16.651 0.011
57901.730 16.345 0.010
57902.780 16.068 0.029
57903.740 15.831 0.009
57904.740 15.604 0.009
57904.879 15.657 0.018
57905.760 15.338 0.006
57905.897 15.430 0.024
57905.932 15.462 0.058
57908.750 15.024 0.008
57909.750 14.946 0.005
57910.750 14.907 0.006
57911.730 14.816 0.005
57912.710 14.812 0.005
57913.730 14.830 0.005
57914.730 14.784 0.005
57915.720 14.779 0.005
57916.720 14.857 0.005
57917.710 14.846 0.004
57918.710 14.863 0.007
57919.710 14.937 0.005
57920.740 14.993 0.005
57921.700 15.082 0.005
57922.700 15.158 0.007
57924.690 15.233 0.006
57925.710 15.384 0.006
57926.730 15.425 0.018
57928.730 15.574 0.024
57929.700 15.603 0.009
57931.690 15.736 0.013
57932.740 15.905 0.010
57933.700 15.981 0.009
57934.690 16.048 0.009
57936.710 16.133 0.008
57937.710 16.094 0.012
57938.720 16.196 0.010
57940.690 16.251 0.010
57941.710 16.304 0.010
57942.720 16.313 0.013
57945.680 16.386 0.027
57946.720 16.409 0.033
57949.680 16.473 0.014
57950.690 16.450 0.015
57951.690 16.547 0.013
57952.680 16.557 0.024
57953.670 16.599 0.015
57955.680 16.648 0.015
57956.690 16.652 0.022
57957.670 16.674 0.016
57958.680 16.734 0.014
57960.680 16.740 0.023
57963.670 16.775 0.032
57964.660 16.761 0.019
57965.660 16.849 0.021
