57898.770 18.432 0.073
57900.750 17.719 0.030
57901.730 17.368 0.027
57902.780 17.028 0.089
57903.740 16.724 0.026
57903.952 17.725 999.000
57903.960 18.855 999.000
57904.740 16.479 0.023
57904.873 16.431 0.023
57905.760 16.196 0.016
57905.886 17.385 999.000
57908.750 15.939 0.018
57909.750 15.930 0.013
57910.750 15.900 0.013
57911.730 15.890 0.011
57912.710 15.969 0.014
57913.730 16.059 0.015
57914.730 16.082 0.015
57915.720 16.175 0.015
57916.720 16.318 0.013
57917.710 16.379 0.012
57918.710 16.430 0.023
57919.710 16.600 0.016
57920.740 16.702 0.019
57921.700 16.833 0.023
57922.700 16.954 0.030
57924.690 17.132 0.028
57925.710 17.291 0.028
57926.730 17.310 0.040
57928.730 17.394 0.131
57929.700 17.526 0.048
57931.690 17.673 0.079
57932.740 17.832 0.050
57933.700 17.935 0.046
57934.690 17.967 0.049
57936.710 18.015 0.066
57937.710 18.018 0.060
57938.720 18.128 0.057
57940.690 18.219 0.062
57941.710 18.166 0.091
57942.720 17.969 0.130
57945.680 18.213 0.247
57946.720 18.261 0.082
57949.680 18.266 0.111
57950.690 18.345 0.087
57951.690 18.352 0.167
57952.680 18.378 0.081
57953.670 18.357 0.106
57955.680 18.364 0.153
57956.690 18.559 0.146
57957.670 18.463 0.085
57958.680 18.442 0.146
57960.680 18.391 0.175
57963.670 18.527 0.128
57964.660 18.590 0.164
