57903.952 15.713 0.015
57903.960 15.669 0.015
57903.964 16.256 0.015
57903.969 15.211 0.016
57904.496 17.331 999.000
57904.873 15.327 0.021
57904.882 15.175 0.016
57904.891 15.367 0.015
57904.900 20.817 999.000
57905.874 15.029 0.018
57905.882 15.169 0.012
57905.886 17.064 999.000
57905.891 21.559 999.000
57905.926 15.333 0.010
57907.927 14.835 0.015
57908.045 19.781 999.000
57908.984 14.880 0.017
57908.991 15.078 0.016
57908.998 15.092 0.016
57910.039 14.988 0.021
57911.983 15.187 0.018
57911.990 20.197 999.000
57911.997 19.536 999.000
57913.029 14.951 0.027
57915.006 19.672 999.000
57915.013 15.068 0.024
57915.020 15.313 0.022
57916.010 15.346 0.021
57916.017 19.789 999.000
57916.024 19.499 999.000
57917.035 19.588 999.000
57917.042 15.006 0.028
57918.959 15.202 0.017
57918.967 15.260 0.017
57918.974 15.365 0.017
57920.982 15.560 0.019
57920.989 15.396 0.019
57920.995 15.117 0.019
57922.933 15.502 0.020
57922.940 15.494 0.021
57922.947 15.552 0.020
57926.955 16.046 0.030
57926.962 15.971 0.031
57926.969 16.035 0.032
57931.977 15.874 0.055
57931.984 19.571 999.000
57931.991 16.226 0.062
57933.943 20.500 999.000
57933.950 20.671 999.000
57933.957 20.022 999.000
57934.973 20.570 999.000
57934.980 20.562 999.000
57934.986 20.637 999.000
57936.959 20.343 999.000
57936.966 20.078 999.000
57936.973 20.298 999.000
57937.972 20.100 999.000
57937.979 20.047 999.000
57937.986 20.153 999.000
57938.970 19.748 999.000
57938.977 19.918 999.000
57938.984 19.781 999.000
57939.918 20.040 999.000
57939.925 19.973 999.000
57939.932 20.052 999.000
57941.963 19.445 999.000
57941.971 19.450 999.000
57942.937 19.272 999.000
57942.944 19.287 999.000
57942.951 19.253 999.000
57945.904 21.077 999.000
57945.911 20.695 999.000
57945.918 20.413 999.000
