53670.100 18.150 0.050
53672.200 17.730 0.030
53673.100 17.620 0.060
53674.100 17.480 0.030
53675.100 17.360 0.050
53676.100 17.230 0.060
53677.100 17.200 0.040
53678.100 17.160 0.040
53679.100 17.090 0.030
53680.100 16.980 0.020
53681.200 16.960 0.020
53682.200 16.950 0.030
53686.100 16.880 0.030
53687.100 16.910 0.030
53690.100 17.010 0.110
53691.100 17.030 0.050
53692.100 17.100 0.040
53693.100 17.130 0.040
53694.100 17.110 0.030
53695.100 17.200 0.040
53696.100 17.200 0.020
53697.100 17.330 0.030
53698.400 17.320 0.030
53699.100 17.360 0.020
53700.100 17.410 0.050
53702.100 17.440 0.040
53705.200 17.600 0.030
53706.200 17.600 0.050
53708.100 17.730 0.070
53710.100 17.800 0.050
53711.100 17.830 0.030
53712.100 17.880 0.030
53717.100 18.030 0.060
53718.100 18.060 0.050
53720.100 18.220 0.060
53722.100 18.240 0.050
53725.200 18.170 0.130
53727.300 18.310 0.040
53734.200 18.490 0.040
53739.200 18.550 0.030
53742.100 18.630 0.030
53743.100 18.580 0.050
53745.100 18.740 0.100
53748.100 18.760 0.060
53753.200 18.890 0.050
53755.200 18.850 0.060
53756.200 18.890 0.060
53776.100 19.190 0.050
