53671.183 18.494 0.037
53674.399 17.968 0.032
53676.308 17.742 0.019
53677.337 17.682 0.017
53678.348 17.601 0.018
53679.218 17.559 0.018
53680.349 17.490 0.019
53681.277 17.467 0.017
53681.294 17.441 0.035
53682.136 17.397 0.028
53682.191 17.431 0.027
53682.327 17.409 0.021
53683.306 17.390 0.020
53683.341 17.393 0.032
53685.317 17.335 0.025
53686.257 17.279 0.020
53687.309 17.318 0.030
53687.326 17.335 0.022
53688.272 17.333 0.018
53689.202 17.340 0.026
53690.361 17.373 0.044
53690.377 17.363 0.042
53691.378 17.338 0.024
53692.351 17.381 0.024
53693.362 17.386 0.027
53694.361 17.509 0.034
53695.370 17.484 0.023
53696.363 17.529 0.019
53697.189 17.603 0.032
53706.367 17.891 0.026
53707.285 17.938 0.020
53709.193 18.012 0.023
53713.144 18.193 0.088
53713.338 18.214 0.109
53714.171 18.202 0.027
53724.259 18.541 0.056
53724.285 18.587 0.032
53728.328 18.705 0.035
53730.254 18.680 0.084
53741.192 18.880 0.080
53764.166 19.494 0.121
53765.146 19.282 0.123
53766.190 19.516 0.122
53768.166 19.485 0.125
53777.118 19.635 0.107
53780.094 19.838 0.098
53786.115 19.729 0.135
53798.128 20.165 0.145
53798.145 20.161 0.142
