53671.188 19.081 0.158
53671.191 18.843 0.106
53674.404 18.434 0.090
53674.407 18.517 0.090
53676.316 18.365 0.129
53677.341 18.220 0.063
53678.352 18.238 0.068
53678.355 18.172 0.061
53679.222 18.295 0.050
53679.229 18.342 0.063
53680.356 18.219 0.098
53681.281 18.227 0.077
53681.285 18.164 0.067
53681.298 18.201 0.099
53682.142 18.269 0.076
53682.333 18.187 0.067
53683.310 18.378 0.070
53683.313 18.418 0.067
53683.348 18.381 0.070
53685.321 18.823 0.135
53685.325 18.246 0.094
53686.261 18.463 0.163
53686.264 18.720 0.187
53688.276 19.074 0.181
53688.280 18.896 0.159
53695.374 19.510 0.363
53695.378 19.260 0.288
53696.371 19.511 0.315
53706.377 20.331 0.386
53709.199 20.628 0.331
