53671.181 18.457 0.025
53674.397 17.984 0.029
53676.306 17.714 0.022
53677.335 17.710 0.013
53678.346 17.632 0.017
53679.216 17.564 0.016
53680.347 17.526 0.018
53681.276 17.479 0.016
53681.292 17.516 0.023
53682.134 17.514 0.026
53682.189 17.451 0.025
53682.325 17.468 0.019
53683.304 17.449 0.016
53683.339 17.403 0.020
53685.315 17.410 0.016
53686.255 17.414 0.017
53687.307 17.428 0.023
53687.325 17.441 0.025
53688.270 17.477 0.026
53689.200 17.481 0.017
53690.359 17.567 0.044
53690.376 17.544 0.049
53691.376 17.512 0.037
53692.349 17.605 0.036
53693.360 17.647 0.028
53694.359 17.675 0.030
53695.368 17.730 0.023
53696.362 17.830 0.019
53697.187 17.762 0.043
53706.365 18.246 0.018
53707.283 18.289 0.020
53709.190 18.340 0.019
53711.182 18.450 0.022
53713.142 18.530 0.091
53713.336 18.572 0.145
53714.168 18.573 0.026
53724.282 18.866 0.029
53728.325 18.965 0.043
53730.252 19.076 0.055
53741.190 19.211 0.080
53764.164 19.610 0.056
53765.143 19.631 0.078
53766.188 19.736 0.051
53768.164 19.735 0.056
53777.116 19.668 0.111
53779.130 19.939 0.067
53780.092 19.890 0.079
53786.113 19.848 0.118
53798.142 20.118 0.070
53805.100 20.183 0.230
53811.108 20.325 0.174
