53676.111 17.336 0.250
53677.134 17.186 0.104
53679.150 16.899 0.089
53681.353 16.808 0.095
53682.230 16.575 0.082
53683.362 16.534 0.175
53684.236 16.747 0.070
53686.303 16.471 0.062
53687.210 16.625 0.064
53688.230 16.340 0.088
53689.229 16.262 0.087
53690.362 16.482 0.175
53691.341 16.623 0.175
53695.177 16.292 0.070
53696.145 16.328 0.062
53699.167 16.583 0.085
53700.301 16.346 0.076
53711.298 16.981 0.127
53713.134 17.101 0.175
53714.101 16.968 0.107
53721.262 17.368 0.175
53724.206 17.170 0.113
53725.171 17.417 0.159
53726.150 17.588 0.246
53727.196 17.537 0.166
53729.239 17.451 0.166
53732.213 17.613 0.189
53733.190 17.732 0.227
