53670.100 18.610 0.040
53671.177 18.639 0.072
53671.179 18.547 0.036
53672.200 18.280 0.040
53673.100 18.180 0.080
53674.100 17.930 0.030
53674.395 18.060 0.024
53675.100 17.930 0.070
53676.100 17.770 0.100
53676.304 17.891 0.025
53677.100 17.740 0.080
53677.339 17.811 0.019
53678.100 17.590 0.040
53678.349 17.725 0.018
53679.100 17.630 0.020
53679.214 17.697 0.018
53680.100 17.580 0.030
53680.351 17.646 0.019
53681.200 17.530 0.020
53681.279 17.637 0.028
53681.296 17.727 0.065
53682.130 17.673 0.033
53682.186 17.599 0.030
53682.200 17.510 0.020
53682.322 17.556 0.019
53683.307 17.618 0.018
53683.343 17.573 0.018
53685.319 17.561 0.024
53686.100 17.520 0.030
53686.258 17.632 0.029
53687.100 17.600 0.030
53687.311 17.648 0.035
53687.328 17.589 0.037
53688.274 17.752 0.024
53689.197 17.780 0.025
53690.362 17.855 0.083
53691.100 17.700 0.050
53691.380 17.897 0.044
53692.100 17.750 0.060
53692.353 17.927 0.039
53693.100 17.830 0.040
53693.363 17.940 0.044
53694.100 17.900 0.030
53694.363 18.054 0.056
53695.100 18.050 0.050
53695.372 18.193 0.041
53696.100 18.090 0.040
53696.365 18.109 0.033
53697.100 18.120 0.040
53697.184 18.192 0.045
53698.400 18.230 0.050
53699.100 18.210 0.040
53702.100 18.240 0.050
53705.200 18.500 0.050
53706.200 18.640 0.060
53706.362 18.703 0.040
53707.280 18.697 0.031
53708.100 18.610 0.050
53709.187 18.769 0.036
53710.100 18.700 0.040
53711.100 18.740 0.030
53711.179 18.938 0.043
53712.100 18.790 0.030
53713.139 18.939 0.148
53714.165 19.035 0.055
53717.100 18.970 0.060
53718.100 18.930 0.040
53720.100 19.030 0.080
53722.100 19.020 0.040
53724.100 19.210 0.050
53724.279 19.203 0.077
53726.200 19.070 0.070
53727.300 19.170 0.060
53728.322 19.280 0.057
53730.249 19.385 0.127
53734.200 19.170 0.030
53737.268 19.413 0.235
53739.200 19.340 0.040
53742.100 19.350 0.060
53743.100 19.300 0.060
53745.100 19.440 0.110
53748.100 19.330 0.090
53753.200 19.460 0.060
53755.100 19.490 0.080
53764.148 19.873 0.069
53766.185 19.885 0.082
53768.160 19.942 0.101
53779.135 20.104 0.104
53811.105 20.315 0.230
