53671.185 18.859 0.034
53674.401 18.435 0.032
53676.310 18.323 0.037
53677.349 18.200 0.039
53678.359 18.230 0.023
53679.219 18.222 0.030
53680.360 18.157 0.024
53681.289 18.141 0.023
53681.305 18.266 0.118
53682.138 18.161 0.047
53682.194 18.065 0.043
53682.329 18.117 0.023
53683.317 18.146 0.024
53683.352 18.151 0.023
53685.328 18.263 0.040
53686.268 18.211 0.058
53687.320 18.337 0.071
53687.338 18.422 0.068
53688.283 18.563 0.058
53690.389 18.702 0.196
53691.389 18.757 0.073
53696.375 19.090 0.088
53697.192 19.437 0.137
53706.370 19.913 0.068
53707.288 20.002 0.080
53709.195 19.953 0.067
53714.173 19.947 0.134
53730.257 20.550 0.229
53741.194 20.519 0.282
53764.169 20.712 0.144
53766.195 20.641 0.146
