54471.327 16.460 0.080
54474.707 16.061 0.074
54476.588 15.966 0.067
54477.588 15.900 0.067
54478.526 15.815 0.065
54479.526 15.806 0.065
54480.529 15.802 0.066
54481.503 15.776 0.065
54482.539 15.728 0.064
54483.883 15.859 0.069
54486.221 15.921 0.067
54489.770 16.140 0.072
54490.636 16.247 0.073
54491.508 16.276 0.074
54492.644 16.415 0.077
54493.441 16.462 0.079
54494.547 16.499 0.082
54495.511 16.623 0.083
54496.110 16.660 0.085
54497.533 16.824 0.095
54498.386 16.865 0.091
54499.534 16.930 0.098
54500.460 16.903 0.093
54504.342 17.195 0.110
54505.488 17.282 0.174
54506.351 17.274 0.117
54507.391 17.360 0.120
54508.662 17.406 0.125
54509.363 17.401 0.124
54511.412 17.481 0.128
54513.112 17.423 0.124
54517.163 17.646 0.140
54519.510 17.698 0.161
54521.790 17.710 0.147
54537.599 18.131 0.194
