54471.321 17.074 0.076
54474.702 16.845 0.074
54476.616 16.831 0.070
54477.551 16.816 0.071
54478.520 16.786 0.070
54479.521 16.791 0.070
54480.526 16.815 0.071
54481.500 16.831 0.071
54482.538 16.905 0.071
54483.881 16.981 0.076
54486.219 17.254 0.079
54489.768 17.669 0.094
54490.634 17.810 0.099
54491.506 17.890 0.103
54492.642 17.973 0.107
54493.440 18.039 0.112
54494.546 18.077 0.116
54495.521 18.301 0.131
54496.118 18.310 0.133
54497.531 18.384 0.141
54498.399 18.431 0.139
54499.533 18.580 0.157
54500.472 18.492 0.145
54504.383 18.530 0.161
54505.487 18.644 0.179
54506.357 18.813 0.186
54507.400 18.909 0.195
54508.667 18.740 0.176
54509.369 18.810 0.184
54511.418 18.847 0.186
54513.117 18.783 0.177
54517.168 18.936 0.195
54519.513 18.863 0.201
54521.901 18.567 999.000
