54471.318 18.371 0.154
54474.700 18.108 0.142
54476.613 18.310 0.139
54477.549 18.334 0.148
54478.516 18.303 0.143
54479.519 18.394 0.151
54480.524 18.651 0.182
54481.498 18.658 0.182
54482.532 18.737 0.180
54483.870 18.768 0.192
54486.208 19.306 0.272
54489.759 19.933 0.456
54490.626 19.985 999.000
54491.498 19.985 999.000
54492.633 19.989 999.000
54493.506 19.983 999.000
54494.512 19.963 999.000
54497.553 19.933 999.000
54499.524 19.957 999.000
54501.330 19.074 999.000
54505.380 19.968 999.000
