54474.366 15.406 0.043
54475.280 15.275 0.031
54476.283 15.238 0.030
54477.317 15.152 0.030
54481.389 14.918 0.025
54483.320 14.841 0.021
54486.291 14.813 0.021
54491.215 14.888 0.048
54497.204 14.970 0.028
54499.269 15.001 0.023
54504.252 15.178 0.035
54505.242 15.267 0.042
54506.180 15.323 0.034
54507.288 15.372 0.035
54508.202 15.349 0.029
54509.273 15.376 0.046
54510.209 15.362 0.037
54513.237 15.459 0.032
54514.188 15.511 0.032
54516.203 15.626 0.045
54518.268 15.670 0.034
54520.251 15.719 0.038
54521.186 15.772 0.069
54522.244 15.778 0.054
54523.244 15.811 0.064
54524.179 15.847 0.051
54525.239 15.847 0.040
54526.182 15.885 0.063
54527.246 15.948 0.056
54528.273 15.932 0.070
54529.194 15.887 0.172
54530.168 16.083 0.048
54531.117 16.005 0.060
54535.099 15.980 0.062
54537.221 16.216 0.060
54539.288 16.336 0.059
54544.195 16.490 0.071
54549.224 16.511 0.175
54559.211 16.924 0.110
54563.182 17.037 0.138
54566.105 16.743 0.129
54579.136 17.388 0.143
