54470.478 16.546 0.017
54474.439 16.018 0.017
54475.408 15.930 0.014
54476.435 15.841 0.016
54477.361 15.792 0.016
54478.391 15.712 0.016
54480.391 15.644 0.014
54481.509 15.567 0.015
54482.426 15.561 0.017
54483.278 15.578 0.017
54484.364 15.566 0.016
54494.466 15.956 0.014
54495.364 16.004 0.017
54496.338 16.069 0.014
54497.398 16.144 0.017
54498.309 16.225 0.016
54499.351 16.268 0.016
54502.439 16.447 0.017
54503.347 16.508 0.015
54505.416 16.614 0.016
54507.216 16.687 0.017
54509.276 16.776 0.017
54510.163 16.803 0.016
54520.256 17.052 0.019
54523.245 17.138 0.017
54524.277 17.163 0.018
54531.134 17.327 0.018
54536.160 17.452 0.020
54537.153 17.450 0.019
54539.120 17.465 0.021
54547.106 17.598 0.025
54549.225 17.716 0.036
54553.128 17.758 0.023
54558.103 17.871 0.027
54572.167 18.256 0.034
54575.243 18.191 0.032
54579.125 18.303 0.034
54583.141 18.361 0.029
54585.169 18.438 0.043
54590.166 18.500 0.041
54593.157 18.636 0.037
54594.156 18.630 0.045
54597.166 18.667 0.044
54603.148 18.741 0.081
54615.146 19.069 0.063
