54471.319 16.891 0.087
54474.701 16.757 0.086
54476.615 16.736 0.080
54477.550 16.768 0.082
54478.518 16.770 0.082
54479.520 16.880 0.085
54480.525 16.972 0.088
54481.499 17.041 0.090
54482.536 17.223 0.094
54483.878 17.484 0.109
54486.216 18.029 0.141
54489.766 18.847 0.249
54490.632 19.121 0.305
54491.504 19.154 0.313
54492.639 19.420 0.387
54493.439 19.598 0.451
54494.544 19.586 0.451
54495.516 19.596 999.000
54496.114 19.581 999.000
54497.529 19.602 999.000
54498.393 19.622 999.000
54499.530 19.628 999.000
54500.466 19.616 999.000
54504.347 19.557 999.000
54505.387 19.556 999.000
54506.354 19.549 999.000
54507.395 19.595 999.000
54508.665 19.571 999.000
54509.366 19.573 999.000
54511.415 19.601 999.000
54513.286 19.659 999.000
54519.274 19.668 999.000
