54470.475 16.641 0.018
54474.436 16.095 0.019
54475.406 15.997 0.015
54476.432 15.933 0.019
54477.359 15.861 0.017
54478.388 15.792 0.018
54480.389 15.681 0.015
54481.507 15.628 0.019
54482.425 15.635 0.018
54483.275 15.631 0.020
54484.361 15.647 0.018
54494.463 15.862 0.015
54495.361 15.980 0.017
54496.335 15.993 0.015
54497.395 16.030 0.021
54498.306 16.105 0.020
54499.348 16.149 0.016
54502.436 16.318 0.016
54503.344 16.344 0.016
54505.413 16.470 0.019
54509.273 16.613 0.019
54510.160 16.639 0.018
54520.253 16.884 0.018
54523.242 16.947 0.017
54524.274 17.000 0.021
54531.131 17.165 0.021
54536.157 17.256 0.021
54537.150 17.310 0.021
54539.117 17.338 0.025
54545.104 17.532 0.034
54547.103 17.537 0.029
54549.222 17.540 0.031
54553.125 17.668 0.027
54558.100 17.854 0.034
54572.164 18.118 0.035
54575.240 18.199 0.037
54579.122 18.291 0.040
54583.137 18.325 0.037
54585.166 18.308 0.053
54590.163 18.595 0.054
54593.154 18.504 0.054
54594.153 18.721 0.054
54595.170 18.715 0.108
54603.145 18.983 0.093
54615.143 19.177 0.113
