54470.480 16.571 0.017
54474.441 16.073 0.015
54475.410 15.990 0.015
54476.437 15.928 0.015
54477.363 15.875 0.015
54478.393 15.803 0.015
54480.394 15.747 0.014
54481.511 15.766 0.015
54482.437 15.730 0.016
54483.281 15.772 0.015
54484.367 15.854 0.018
54485.410 15.867 0.015
54494.469 16.409 0.017
54495.367 16.451 0.016
54496.341 16.551 0.016
54497.401 16.588 0.020
54498.312 16.681 0.017
54499.354 16.737 0.018
54502.442 16.924 0.018
54503.350 17.001 0.019
54504.374 17.043 0.020
54505.419 17.103 0.021
54507.219 17.170 0.020
54509.279 17.248 0.018
54510.166 17.288 0.023
54520.259 17.558 0.024
54523.248 17.599 0.022
54524.280 17.616 0.023
54531.137 17.746 0.023
54536.163 17.812 0.027
54537.156 17.838 0.026
54539.123 17.818 0.028
54545.110 18.004 0.037
54547.109 18.014 0.039
54549.228 17.951 0.057
54553.131 18.051 0.037
54558.106 18.214 0.042
54569.135 18.439 0.055
54572.170 18.455 0.045
54575.246 18.557 0.058
54579.128 18.548 0.053
54583.144 18.652 0.045
54585.172 18.679 0.057
54590.169 19.024 0.061
54593.160 18.902 0.062
54594.159 18.898 0.063
54597.169 19.005 0.079
54615.149 19.327 0.100
