54470.485 17.052 0.018
54474.446 16.797 0.016
54475.415 16.766 0.016
54476.442 16.736 0.016
54477.368 16.725 0.016
54478.398 16.735 0.016
54480.399 16.784 0.016
54481.516 16.795 0.016
54482.446 16.862 0.016
54483.287 16.901 0.017
54484.372 16.975 0.017
54485.416 17.089 0.018
54494.475 18.215 0.040
54495.372 18.234 0.029
54496.346 18.288 0.030
54497.405 18.426 0.043
54498.317 18.386 0.034
54499.360 18.503 0.036
54502.448 18.658 0.038
54503.355 18.793 0.044
54504.380 18.761 0.043
54505.424 18.722 0.044
54507.225 18.846 0.048
54509.285 18.836 0.046
54510.172 18.801 0.054
54520.265 19.007 0.058
54523.253 19.015 0.056
54524.286 19.100 0.057
54531.143 19.147 0.059
54536.169 19.093 0.055
54537.162 19.269 0.064
54539.129 19.126 0.062
54547.115 18.968 0.058
54553.136 19.302 0.070
54558.113 19.273 0.070
54569.141 19.426 0.091
54572.178 19.111 0.075
54579.134 19.499 0.081
54583.149 19.482 0.085
54585.177 19.646 0.086
54590.173 19.596 0.080
54593.166 19.786 0.098
54594.165 19.793 0.087
54597.173 20.211 0.165
54611.161 20.237 0.159
54615.152 19.886 0.127
