55944.434 16.755 0.024
55945.450 16.649 0.014
55948.491 16.532 0.013
55951.435 16.605 0.015
55952.531 16.678 0.009
55953.429 16.748 0.014
55954.205 16.856 0.041
55954.425 16.861 0.048
55957.419 17.069 0.017
55958.415 17.161 0.011
55959.188 17.235 0.034
55959.414 17.278 0.025
55960.237 17.336 0.058
55960.411 17.372 0.024
55966.230 17.800 0.081
55966.394 17.894 0.053
55974.374 18.377 0.038
55975.375 18.401 0.020
55979.232 18.558 0.055
55988.412 18.712 0.032
55992.338 18.786 0.065
55998.220 18.812 0.059
56004.255 18.952 0.045
56010.222 19.030 0.076
56015.349 19.031 0.021
56016.258 19.049 0.077
56017.255 19.040 0.051
56019.251 19.056 0.148
56020.247 19.080 0.084
56022.242 19.031 0.129
56027.228 19.109 0.038
56033.212 19.180 0.042
56034.207 19.202 0.052
56035.205 19.186 0.065
56036.408 19.208 0.024
56037.239 19.230 0.020
56038.197 19.247 0.030
56039.194 19.236 0.021
56040.204 19.253 0.060
56041.283 19.261 0.063
56048.074 19.332 0.052
56060.973 19.494 0.052
56072.140 19.589 0.026
56085.355 19.781 0.105
56088.341 19.810 0.043
56088.348 19.803 0.037
56089.330 19.849 0.044
56090.316 19.849 0.027
56091.365 19.881 0.053
56093.324 19.911 0.025
56101.337 20.043 0.035
56104.329 20.099 0.062
56112.306 20.184 0.145
56147.039 20.810 0.118
