55944.431 17.112 0.023
55948.489 16.931 0.023
55951.434 17.098 0.028
55952.529 17.176 0.024
55957.418 17.600 0.064
55959.412 17.924 0.050
55960.409 18.111 0.069
55966.393 18.565 0.144
55966.419 18.585 0.210
55974.372 19.015 0.086
55974.422 19.076 0.083
55975.374 19.123 0.048
55988.409 19.399 0.091
55988.513 19.448 0.061
55992.336 19.610 0.266
56015.347 19.542 0.065
56017.254 19.495 0.194
56020.246 19.562 0.216
56027.226 19.499 0.107
56033.294 19.678 0.093
56088.339 20.530 0.129
56088.346 20.527 0.150
56089.328 20.439 0.130
56090.314 20.521 0.113
56091.364 20.415 0.129
56093.322 20.447 0.085
56101.335 20.514 0.190
56104.327 20.710 0.169
