55944.427 16.132 0.037
55945.449 16.033 0.013
55948.487 15.885 0.016
55951.432 15.825 0.024
55952.528 15.807 0.011
55953.427 15.794 0.020
55954.206 15.824 0.026
55954.423 15.807 0.031
55957.416 15.867 0.016
55958.413 15.895 0.019
55959.189 15.920 0.047
55959.410 15.930 0.031
55960.238 15.958 0.040
55960.408 15.960 0.041
55963.166 16.007 0.104
55964.164 16.095 0.048
55966.230 16.192 0.072
55966.391 16.210 0.029
55973.360 16.451 0.010
55974.370 16.492 0.037
55975.367 16.513 0.016
55979.234 16.654 0.027
55988.408 16.898 0.021
55992.230 16.947 0.077
55992.334 16.985 0.033
56010.224 17.315 0.030
56015.346 17.433 0.026
56016.254 17.429 0.054
56017.252 17.458 0.035
56019.247 17.485 0.062
56020.244 17.496 0.035
56021.241 17.520 0.152
56022.239 17.504 0.040
56023.235 17.486 0.176
56027.224 17.600 0.033
56033.209 17.670 0.053
56034.205 17.695 0.029
56035.203 17.696 0.044
56036.406 17.737 0.025
56037.236 17.724 0.023
56038.195 17.761 0.026
56039.192 17.749 0.022
56040.201 17.762 0.026
56041.280 17.797 0.055
56060.982 17.997 0.072
56072.142 18.250 0.016
56085.352 18.496 0.057
56088.336 18.544 0.030
56088.343 18.536 0.035
56089.325 18.549 0.020
56090.298 18.569 0.019
56091.360 18.572 0.047
56093.319 18.604 0.026
56101.332 18.762 0.104
56104.324 18.793 0.037
56110.331 18.900 0.052
56111.307 18.808 0.173
56112.301 18.911 0.098
56115.314 18.951 0.085
56119.306 18.997 0.087
56147.043 19.615 0.191
