55944.432 16.143 0.070
55948.490 15.839 0.021
55951.434 15.743 0.041
55952.530 15.734 0.019
55954.206 15.730 0.053
55957.419 15.781 0.027
55959.190 15.809 0.067
55959.413 15.831 0.046
55960.239 15.821 0.052
55960.410 15.866 0.022
55962.437 15.914 0.025
55963.166 15.892 0.064
55963.427 15.964 0.023
55964.165 15.821 0.073
55966.231 16.068 0.087
55966.393 16.058 0.035
55974.373 16.246 0.051
55977.428 16.313 0.023
55979.235 16.335 0.040
55983.348 16.383 0.022
55988.411 16.458 0.035
55990.110 16.520 0.049
55992.337 16.520 0.028
55998.223 16.614 0.071
56004.258 16.704 0.031
56010.225 16.774 0.050
56015.348 16.791 0.032
56017.254 16.838 0.036
56019.250 16.883 0.068
56021.244 16.832 0.135
56022.242 16.919 0.052
56027.227 16.987 0.040
56033.211 17.051 0.059
56033.295 17.026 0.030
56048.089 17.148 0.090
56060.986 17.563 0.126
