55936.477 17.240 0.031
55936.479 17.266 0.034
55939.478 16.702 0.019
55939.481 16.731 0.019
55944.429 16.199 0.019
55945.450 16.144 0.009
55946.533 16.140 0.010
55946.534 16.125 0.010
55948.488 15.975 0.029
55951.433 15.929 0.013
55951.527 15.959 0.012
55951.533 15.963 0.010
55952.528 15.925 0.005
55953.428 15.931 0.005
55954.205 15.898 0.052
55954.424 15.969 0.092
55957.417 16.078 0.013
55958.414 16.124 0.008
55958.496 16.121 0.012
55958.500 16.126 0.013
55959.189 16.114 0.076
55959.411 16.173 0.015
55960.238 16.191 0.053
55960.408 16.229 0.014
55961.495 16.271 0.011
55961.511 16.270 0.010
55964.164 16.451 0.061
55966.392 16.595 0.026
55968.456 16.641 0.013
55968.462 16.629 0.013
55974.371 16.919 0.020
55975.368 16.965 0.011
55975.421 16.915 0.010
55975.466 16.888 0.008
55978.495 17.013 0.010
55978.546 17.019 0.009
55979.233 17.138 0.032
55981.490 17.126 0.014
55981.537 17.115 0.013
55988.408 17.343 0.013
55989.359 17.307 0.030
55989.403 17.300 0.021
55990.108 17.324 0.043
55992.335 17.446 0.023
56000.338 17.504 0.012
56000.387 17.481 0.013
56002.296 17.517 0.016
56004.256 17.562 0.026
56006.470 17.619 0.015
56007.491 17.636 0.015
56008.281 17.643 0.019
56010.223 17.726 0.021
56013.516 17.750 0.020
56015.346 17.818 0.013
56016.255 17.809 0.064
56017.253 17.822 0.029
56019.247 17.868 0.049
56020.245 17.876 0.038
56022.240 17.893 0.048
56027.225 17.983 0.025
56033.210 18.049 0.039
56034.206 18.085 0.025
56035.203 18.068 0.029
56036.407 18.117 0.015
56037.237 18.124 0.010
56038.196 18.103 0.010
56039.192 18.142 0.012
56041.281 18.134 0.026
56048.081 18.245 0.035
56060.978 18.403 0.048
56072.141 18.568 0.028
56085.353 18.716 0.050
56088.338 18.783 0.021
56088.344 18.806 0.012
56089.326 18.783 0.015
56090.313 18.828 0.013
56091.362 18.827 0.025
56093.321 18.864 0.013
56101.334 18.951 0.044
56104.325 18.988 0.032
56111.309 19.011 0.145
56112.303 19.168 0.090
56115.316 19.149 0.069
56119.308 19.157 0.130
56147.041 19.785 0.062
