55137.218 20.382 999.000
55137.263 20.484 999.000
55142.275 20.950 999.000
55151.229 20.422 999.000
55166.220 20.375 999.000
55166.264 19.989 999.000
55175.122 20.920 999.000
55175.174 20.430 999.000
55181.119 21.034 999.000
55183.086 19.644 999.000
55183.131 20.355 999.000
55192.079 20.306 999.000
55192.123 20.252 999.000
55208.103 21.100 999.000
55208.148 20.690 999.000
55402.369 19.176 999.000
55402.413 19.769 999.000
55410.362 20.021 999.000
55410.409 20.470 999.000
55413.435 20.709 999.000
55413.479 20.956 999.000
55416.436 20.327 999.000
55416.480 20.447 999.000
55420.483 20.311 999.000
55425.463 20.800 999.000
55425.509 20.618 999.000
55428.461 21.059 999.000
55428.504 20.739 999.000
55431.459 20.154 999.000
55431.502 20.040 999.000
55438.479 20.079 999.000
55439.261 20.350 999.000
55447.261 20.634 999.000
55447.304 20.859 999.000
55450.431 20.840 999.000
55450.475 20.928 999.000
55454.423 20.967 999.000
55454.467 20.658 999.000
55459.221 19.866 999.000
55459.265 19.956 999.000
55465.398 19.975 999.000
55465.443 19.732 999.000
55514.103 20.458 999.000
55514.146 20.532 999.000
55515.098 20.167 999.000
55515.142 20.364 999.000
55526.088 20.590 999.000
55526.131 20.300 999.000
55527.093 20.810 999.000
55527.136 21.480 999.000
55530.112 20.067 999.000
55530.156 20.250 999.000
55531.112 20.294 999.000
55531.156 20.137 999.000
55532.116 21.000 999.000
55532.160 21.161 999.000
55533.156 17.694 999.000
55538.085 20.890 999.000
55538.129 20.872 999.000
55539.117 20.820 999.000
55539.160 21.210 999.000
55540.122 20.668 999.000
55540.166 20.754 999.000
55765.373 16.810 0.010
55765.373 16.876 999.000
55765.400 16.834 0.039
55765.400 16.862 0.036
55765.420 16.770 0.010
55765.420 16.860 999.000
55766.394 16.080 0.010
55766.394 16.120 999.000
55766.400 16.073 0.050
55766.400 16.135 0.049
55766.438 16.050 0.010
55766.438 16.112 999.000
55766.449 16.134 0.004
55768.363 15.560 0.010
55768.363 15.601 999.000
55768.400 15.603 0.050
55768.400 15.608 0.027
55768.423 15.560 0.010
55768.423 15.594 999.000
55769.396 15.430 0.010
55769.396 15.476 999.000
55769.400 15.458 0.050
55769.400 15.462 0.047
55769.440 15.410 0.010
55769.440 15.484 999.000
55770.355 15.347 0.004
55770.377 15.330 0.010
55770.377 15.397 999.000
55770.400 15.323 0.057
55770.400 15.370 0.040
55770.434 15.290 0.010
55770.434 15.402 999.000
55771.362 15.240 0.010
55771.362 15.305 999.000
55771.400 15.265 0.057
55771.400 15.291 0.047
55771.405 15.250 0.010
55771.405 15.303 999.000
55774.300 15.218 0.048
55774.344 15.230 0.004
55774.346 15.170 0.010
55774.346 15.239 999.000
55774.390 15.140 0.010
55774.390 15.233 999.000
55774.400 15.194 0.054
55775.478 15.170 0.010
55775.478 15.229 999.000
55775.500 15.147 0.072
55776.338 15.236 0.004
55776.340 15.217 0.004
55776.460 15.049 0.019
55778.331 15.374 0.004
55778.334 15.255 0.004
55779.400 15.194 0.050
55779.420 15.150 0.010
55779.420 15.209 999.000
55779.465 15.160 0.010
55779.465 15.227 999.000
55779.470 15.051 0.082
55779.500 15.178 0.056
55780.330 15.396 0.003
55780.400 15.169 0.054
55780.405 15.160 0.010
55780.405 15.208 999.000
55780.452 15.160 0.010
55780.452 15.224 999.000
55780.500 15.180 0.069
55782.321 15.357 0.004
55782.323 15.306 0.004
55782.372 15.170 0.010
55782.372 15.247 999.000
55782.400 15.193 0.076
55782.400 15.204 0.060
55782.416 15.210 0.010
55782.416 15.239 999.000
55783.300 15.247 0.025
55783.330 15.210 0.010
55783.330 15.260 999.000
55783.375 15.200 0.010
55783.375 15.279 999.000
55783.400 15.258 0.034
55784.300 15.274 0.028
55784.346 15.230 0.010
55784.346 15.271 999.000
55784.390 15.240 0.010
55784.390 15.288 999.000
55784.400 15.274 0.051
55792.482 15.417 0.004
55793.300 15.482 0.041
55793.343 15.440 0.010
55793.343 15.514 999.000
55794.293 15.450 0.010
55794.293 15.502 999.000
55794.300 15.486 0.043
55794.300 15.557 0.004
55794.300 15.704 0.004
55796.282 15.633 0.004
55798.300 15.839 0.004
55800.373 15.593 0.004
55801.400 15.779 0.005
55802.300 15.616 0.004
55803.264 15.821 0.004
55804.261 15.936 0.004
55805.259 15.815 0.004
55805.390 15.619 0.064
55806.256 15.842 0.005
55808.251 15.888 0.054
55809.400 15.807 0.005
55811.244 15.904 0.005
55811.252 15.740 0.010
55811.252 15.797 999.000
55811.300 15.776 0.056
55811.300 15.789 0.047
55811.340 15.730 0.010
55811.340 15.809 999.000
55812.200 15.779 0.044
55812.239 15.965 0.005
55812.242 15.770 0.010
55812.242 15.813 999.000
55813.200 15.881 0.006
55813.300 15.822 0.049
55813.324 15.780 0.010
55813.324 15.859 999.000
55813.379 15.790 0.010
55813.379 15.844 999.000
55813.400 15.807 0.055
55814.233 15.725 0.007
55820.227 15.830 0.010
55820.227 15.848 999.000
55820.257 16.005 0.006
55820.282 15.870 0.010
55820.282 15.894 999.000
55821.200 15.909 0.052
55821.216 15.887 0.006
55821.231 15.870 0.010
55821.231 15.961 999.000
55821.275 15.870 0.010
55821.275 15.930 999.000
55821.300 15.899 0.058
55821.420 15.902 0.036
55822.200 15.921 0.046
55822.245 15.870 0.010
55822.245 15.928 999.000
55822.290 15.880 0.010
55822.290 15.954 999.000
55822.300 15.923 0.062
55823.200 15.921 0.049
55823.229 15.880 0.010
55823.229 15.942 999.000
55823.276 15.850 0.010
55823.276 15.943 999.000
55823.300 15.908 0.062
55824.253 15.890 0.010
55824.253 15.925 999.000
55824.300 15.897 0.070
55824.300 15.939 0.055
55824.327 15.860 0.010
55824.327 15.971 999.000
55827.229 16.107 0.005
55827.350 15.998 0.040
55828.223 16.060 0.005
55829.200 16.036 0.006
55830.200 16.265 0.006
55831.188 16.278 0.158
55832.211 16.165 0.006
55832.410 15.976 0.035
55833.200 16.080 0.006
55834.179 16.122 0.006
55835.177 16.076 0.005
55837.300 16.425 0.005
55838.168 16.551 0.007
55838.200 16.054 0.050
55838.210 16.010 0.010
55838.210 16.066 999.000
55842.264 16.060 0.010
55842.264 16.092 999.000
55842.300 16.082 0.039
55842.300 16.085 0.033
55842.311 16.040 0.010
55842.311 16.100 999.000
55848.141 16.310 0.008
55849.137 16.219 0.008
55849.189 16.010 0.020
55849.189 16.123 999.000
55849.234 16.030 0.020
55849.234 16.131 999.000
55850.139 16.210 0.006
55850.189 16.080 0.010
55850.189 16.145 999.000
55850.200 16.134 0.055
55850.200 16.137 0.051
55850.232 16.120 0.010
55850.232 16.172 999.000
55851.133 16.135 0.006
55851.199 16.110 0.010
55851.199 16.172 999.000
55851.200 16.154 0.053
55851.200 16.160 0.049
55851.243 16.130 0.010
55851.243 16.189 999.000
55852.129 16.176 0.006
55852.200 16.144 0.067
55852.200 16.208 0.005
55852.203 16.120 0.010
55852.203 16.183 999.000
55852.300 16.130 0.010
55852.300 16.159 0.072
55852.300 16.183 999.000
55853.130 16.323 0.006
55853.200 16.169 0.066
55853.202 16.140 0.010
55853.202 16.201 999.000
55853.283 16.130 0.010
55853.283 16.199 999.000
55853.300 16.186 0.059
55853.310 16.160 0.055
55854.129 16.330 0.006
55854.200 16.131 0.064
55854.202 16.130 0.010
55854.202 16.209 999.000
55854.293 16.140 0.010
55854.293 16.198 999.000
55854.300 16.137 0.072
55856.100 16.324 0.006
55857.100 16.269 0.006
55858.100 16.154 0.006
55861.280 16.258 0.037
55862.113 16.555 0.007
55863.111 16.481 0.007
55864.100 16.401 0.007
55866.110 16.422 0.007
55867.100 16.467 0.009
55867.260 16.369 0.046
55868.105 16.693 0.008
55869.100 16.509 0.012
55874.297 16.533 0.014
55880.290 16.717 0.024
55883.280 16.832 0.032
55884.100 16.892 0.012
55889.112 17.194 0.010
55891.296 17.411 0.016
55893.157 17.576 0.016
55895.230 17.533 0.026
55902.247 17.524 0.024
55903.112 17.927 0.017
55906.276 17.595 0.020
55916.133 17.537 0.016
56296.100 20.647 0.332
56297.140 20.617 0.131
56298.115 20.723 0.109
56301.084 20.673 0.111
56302.107 21.423 1.151
56324.100 20.660 0.211
56328.115 21.129 0.165
56330.112 21.142 0.173
