55768.358 15.948 0.076
55774.343 15.445 0.035
55776.337 15.460 0.069
55776.339 15.464 0.053
55776.460 15.031 0.014
55778.330 15.486 0.107
55778.333 15.441 0.067
55779.470 14.949 0.034
55782.320 15.460 0.063
55782.322 15.473 0.097
55792.481 15.720 0.097
55796.281 15.763 0.049
55800.372 15.825 0.046
55803.263 15.948 0.040
55804.260 15.932 0.070
55805.258 15.986 0.084
55807.254 15.935 0.049
55808.250 16.033 0.066
55811.243 16.005 0.058
55812.238 16.090 0.076
55814.232 16.151 0.042
55820.256 16.253 0.059
55821.215 16.248 0.066
55821.420 15.623 0.039
55827.228 16.344 0.061
55827.350 15.748 0.025
55828.222 16.379 0.052
55831.187 16.381 0.050
55832.210 16.341 0.063
55832.410 15.727 0.033
55833.181 16.326 0.048
55834.178 16.380 0.086
55835.176 16.358 0.048
55838.167 16.616 0.050
55847.144 16.598 0.058
55848.140 16.524 0.047
55849.136 16.594 0.062
55850.138 16.639 0.058
55851.132 16.597 0.085
55852.128 16.630 0.064
55853.129 16.640 0.067
55853.310 15.985 0.033
55854.128 16.687 0.086
55859.123 16.813 0.053
55861.280 16.098 0.041
55862.112 16.852 0.062
55863.110 16.792 0.041
55866.109 16.868 0.069
55867.260 16.190 0.027
55868.104 16.952 0.060
55874.296 17.083 0.065
55880.290 16.546 0.027
55883.280 16.710 0.027
55889.111 18.203 0.069
55893.156 18.604 0.075
55895.094 18.620 0.074
55895.230 17.719 0.031
55902.245 18.907 0.081
55903.110 18.836 0.058
55904.109 18.903 0.078
55905.105 19.760 999.000
55906.274 19.040 0.095
55916.131 19.120 0.099
56290.090 21.690 999.000
56297.139 21.860 999.000
56298.113 22.330 999.000
56301.081 21.910 999.000
56302.106 19.960 999.000
56324.128 22.190 999.000
56325.129 20.210 999.000
56328.113 21.920 999.000
56330.110 22.030 999.000
