55766.365 16.190 0.000
55766.373 16.170 0.000
55766.449 16.050 0.000
55768.359 15.620 0.000
55770.355 15.260 0.000
55774.344 15.140 0.000
55776.338 15.150 0.000
55776.340 15.130 0.000
55778.331 15.290 0.000
55778.334 15.170 0.000
55780.327 15.310 0.000
55782.321 15.270 0.000
55782.323 15.220 0.000
55792.482 15.330 0.000
55794.288 15.470 0.000
55794.290 15.620 0.000
55796.282 15.550 0.000
55798.277 15.750 0.000
55800.373 15.510 0.000
55801.384 15.690 0.000
55802.316 15.530 0.000
55803.264 15.730 0.000
55804.261 15.850 0.000
55805.259 15.730 0.000
55806.256 15.750 0.000
55808.251 15.800 0.010
55809.365 15.720 0.000
55811.244 15.820 0.010
55812.239 15.880 0.010
55813.237 15.790 0.010
55814.233 15.640 0.010
55820.257 15.920 0.010
55821.216 15.800 0.010
55826.202 15.990 0.010
55827.229 16.020 0.010
55828.223 15.970 0.000
55829.194 15.950 0.010
55830.191 16.180 0.010
55831.188 16.080 0.010
55832.211 15.970 0.010
55833.182 15.990 0.010
55834.179 15.930 0.010
55835.177 15.990 0.010
55837.285 16.340 0.010
55838.168 16.460 0.010
55848.141 16.220 0.010
55849.137 16.130 0.010
55850.139 16.120 0.010
55851.133 16.050 0.010
55852.129 16.090 0.010
55852.244 16.120 0.010
55853.130 16.240 0.010
55854.129 16.240 0.010
55856.118 16.240 0.010
55857.133 16.180 0.010
55858.118 16.070 0.010
55862.113 16.470 0.010
55863.111 16.390 0.010
55864.111 16.310 0.010
55866.110 16.330 0.010
55867.112 16.380 0.010
55868.105 16.610 0.010
55869.090 16.420 0.010
55874.297 16.450 0.010
55884.108 16.800 0.010
55889.112 17.110 0.010
55891.296 17.320 0.020
55893.157 17.490 0.010
55902.247 17.440 0.020
55903.112 17.840 0.020
55906.276 17.510 0.020
55916.133 17.450 0.020
56284.086 20.600 999.000
56296.132 20.560 0.390
56297.140 20.530 0.140
56298.115 20.630 0.110
56301.084 20.580 0.120
56302.107 19.540 999.000
56324.129 20.570 0.230
56328.115 21.040 0.180
56330.112 21.050 0.190
