54531.080 16.290 0.067
54532.010 15.920 0.030
54532.050 15.952 0.042
54532.910 15.562 0.031
54533.030 15.528 0.014
54534.070 15.270 0.011
54535.100 14.983 0.012
54535.990 14.819 0.013
54536.970 14.592 0.011
54537.090 14.540 0.020
54538.010 14.457 0.040
54539.920 14.133 0.010
54540.870 13.880 0.030
54540.930 14.005 0.010
54543.050 13.808 0.010
54543.860 13.714 0.010
54543.920 13.680 0.020
54544.850 13.683 0.118
54545.890 13.560 0.020
54546.860 13.546 0.012
54550.810 13.410 0.020
54552.030 13.450 0.010
54552.890 13.634 0.043
54552.930 13.580 0.040
54553.870 13.657 0.009
54555.020 13.640 0.050
54555.860 13.836 0.055
54555.920 13.770 0.050
54556.060 13.837 0.009
54556.870 13.915 0.010
54556.910 13.870 0.020
54557.840 13.996 0.013
54559.980 14.168 0.009
54560.900 14.219 0.060
54561.250 14.244 0.010
54561.880 14.346 0.012
54562.900 14.390 0.030
54563.880 14.479 0.030
54563.970 14.410 0.030
54565.850 14.575 0.044
54568.870 14.687 0.012
54569.870 14.710 0.020
54570.870 14.741 0.011
54570.910 14.750 0.046
54571.870 14.796 0.012
54572.880 14.832 0.011
54574.860 14.867 0.010
54575.870 14.903 0.011
54576.900 14.930 0.010
54577.870 14.951 0.011
54578.880 14.961 0.011
54578.880 14.970 0.020
54579.890 14.973 0.074
54582.830 15.070 0.030
54584.850 15.050 0.030
54586.180 15.114 0.015
54587.970 15.140 0.048
54589.800 15.200 0.030
54592.900 15.237 0.026
54595.870 15.324 0.010
54598.880 15.376 0.010
54600.970 15.410 0.040
54601.840 15.500 0.030
54612.820 15.650 0.020
54615.910 15.690 0.030
54622.830 15.870 0.030
54627.940 16.000 0.030
54642.840 16.370 0.030
54643.820 16.350 0.030
54646.810 16.350 0.040
54646.810 16.410 0.020
54648.800 16.410 0.030
54655.800 16.630 0.020
54657.800 16.630 0.100
54659.830 16.670 0.040
54673.840 17.010 0.060
54674.820 17.010 0.040
54676.820 17.190 0.050
54678.820 17.310 0.070
54698.780 17.570 0.200
54783.120 18.980 0.070
54854.550 20.450 0.070
