54533.030 17.794 0.069
54534.070 17.226 0.040
54535.100 16.746 0.035
54535.990 16.435 0.036
54536.970 16.002 0.034
54539.920 15.298 0.028
54540.930 15.099 0.031
54543.050 14.759 0.031
54543.860 14.700 0.040
54546.860 14.669 0.300
54553.870 15.849 0.029
54554.970 16.149 0.026
54556.060 16.441 0.025
54556.870 16.719 0.034
54557.840 16.892 0.064
54559.980 17.325 0.034
54561.250 17.518 0.032
54561.880 17.606 0.069
54568.870 18.044 0.056
54570.870 18.078 0.044
54571.870 18.090 0.089
54572.880 18.095 0.032
54574.860 18.099 0.062
54575.870 18.106 0.041
54576.900 18.120 0.043
54577.870 18.126 0.043
54578.880 18.124 0.038
54581.000 18.151 0.070
54598.880 18.149 0.031
