54532.010 15.090 0.040
54537.090 13.840 0.040
54540.870 13.370 0.030
54543.920 13.060 0.020
54545.890 12.930 0.020
54550.810 12.730 0.030
54552.030 12.730 0.020
54552.930 12.800 0.030
54555.020 12.860 0.050
54555.920 12.870 0.050
54556.910 12.900 0.030
54562.900 13.190 0.040
54563.970 13.180 0.030
54569.870 13.400 0.030
54578.880 13.680 0.030
54582.830 13.790 0.040
54584.850 13.770 0.040
54589.800 13.890 0.030
54600.970 14.080 0.030
54601.840 14.170 0.030
54612.820 14.350 0.030
54615.910 14.350 0.040
54622.830 14.560 0.030
54627.940 14.600 0.040
54642.840 14.970 0.060
54643.820 15.070 0.110
54646.810 15.000 0.040
54659.830 15.490 0.100
54673.840 15.550 0.030
54674.820 15.730 0.080
54676.820 15.600 0.050
54678.820 15.730 0.160
54854.550 18.770 0.030
