54529.170 16.210 0.188
54529.180 16.220 0.200
54529.190 16.192 0.195
54529.620 16.272 0.090
54529.620 16.285 0.127
54529.630 16.277 0.127
54529.630 16.282 0.109
54529.640 16.271 0.078
54529.650 16.259 0.088
54529.650 16.261 0.145
54529.650 16.264 0.110
54529.660 16.255 0.079
54529.680 16.252 0.108
54529.750 16.239 0.084
54529.750 16.249 0.104
54529.790 16.229 0.141
54530.200 15.990 0.039
54530.290 16.034 0.076
54530.400 16.037 0.055
54531.080 15.826 0.056
54531.200 15.792 0.050
54531.290 15.781 0.048
54531.370 15.806 0.103
54531.460 15.785 0.039
54531.530 15.795 0.167
54532.050 15.509 0.024
54532.530 15.395 0.129
54533.030 15.233 0.019
54533.190 15.265 0.109
54533.280 15.206 0.085
54533.540 15.172 0.135
54534.070 14.974 0.012
54535.100 14.778 0.012
54535.550 14.751 0.083
54535.560 14.747 0.109
54535.990 14.654 0.016
54536.180 14.745 0.227
54536.710 14.535 0.099
54536.710 14.536 0.114
54536.970 14.416 0.013
54537.270 14.443 0.025
54537.510 14.356 0.136
54537.630 14.334 0.129
54538.180 14.342 0.034
54539.180 14.257 0.034
54539.920 14.007 0.012
54540.930 13.907 0.014
54541.170 13.818 0.121
54542.740 13.718 0.126
54543.050 13.710 0.012
54543.170 13.749 0.102
54543.570 13.669 0.112
54543.750 13.660 0.129
54543.860 13.677 0.011
54544.160 13.714 0.083
54545.370 13.608 0.061
54546.160 13.449 0.056
54546.470 13.468 0.113
54546.860 13.448 0.011
54547.650 13.448 0.096
54549.150 13.436 0.030
54550.150 13.458 0.094
54551.140 13.454 0.149
54552.180 13.420 0.033
54553.100 13.420 0.127
54553.140 13.429 0.092
54553.220 13.413 0.100
54553.870 13.406 0.011
54554.160 13.471 0.047
54554.190 13.415 0.123
54554.670 13.448 0.118
54556.060 13.578 0.011
54556.250 13.574 0.056
54556.870 13.642 0.011
54557.140 13.658 0.118
54557.840 13.680 0.018
54558.130 13.701 0.020
54559.200 13.759 0.122
54559.980 13.821 0.013
54560.130 13.856 0.109
54560.340 13.863 0.086
54560.590 13.877 0.075
54561.250 13.902 0.012
54561.660 13.935 0.106
54561.880 13.962 0.012
54562.570 14.017 0.063
54567.520 14.251 0.074
54568.870 14.305 0.011
54570.680 14.387 0.121
54570.870 14.401 0.012
54571.870 14.423 0.014
54572.880 14.436 0.013
54574.860 14.482 0.011
54575.870 14.528 0.013
54576.900 14.571 0.011
54577.870 14.586 0.016
54578.880 14.607 0.011
54586.180 14.800 0.014
54592.320 14.896 0.038
54594.220 14.958 0.045
54594.280 14.985 0.059
54595.870 15.033 0.012
54596.230 15.041 0.102
54598.880 15.100 0.011
