54530.200 16.756
54530.290 16.802
54530.400 16.765
54531.200 16.615
54531.290 16.657
54531.370 16.634
54531.460 16.614
54531.540 16.587
54532.530 16.277
54533.190 15.992
54533.280 16.004
54533.360 16.012
54536.180 15.236
54537.270 14.965
54538.180 14.888
54539.180 14.689
54543.170 14.145
54544.160 14.147
54549.150 13.971
54550.150 14.025
54551.140 13.981
54552.180 14.034
54553.140 14.117
54554.160 14.161
54556.250 14.391
54557.140 14.515
54558.130 14.676
54559.200 14.669
54560.130 14.828
54592.320 15.888
54594.220 15.910
54596.230 15.920
