54530.200 16.194 0.055
54530.290 16.185 0.038
54530.400 16.184 0.117
54531.080 15.867 0.055
54531.200 15.946 0.085
54531.290 15.997 0.126
54531.370 15.950 0.065
54531.460 16.006 0.105
54532.050 15.576 0.027
54533.030 15.258 0.017
54533.190 15.377 0.099
54533.280 15.359 0.104
54534.070 15.012 0.011
54535.100 14.771 0.009
54535.990 14.624 0.014
54536.180 14.678 0.087
54536.970 14.461 0.013
54537.270 14.451 0.095
54538.180 14.344 0.067
54539.180 14.186 0.075
54539.920 13.932 0.010
54540.930 13.856 0.013
54543.050 13.633 0.011
54543.170 13.641 0.132
54543.860 13.546 0.010
54544.160 13.564 0.062
54545.370 13.533 0.037
54546.860 13.345 0.010
54549.150 13.366 0.069
54550.150 13.315 0.126
54551.140 13.322 0.075
54552.180 13.259 0.123
54553.140 13.287 0.144
54553.870 13.270 0.010
54554.160 13.328 0.098
54556.060 13.371 0.009
54556.250 13.380 0.110
54556.870 13.398 0.015
54557.140 13.432 0.127
54557.840 13.428 0.018
54558.130 13.528 0.082
54559.200 13.482 0.035
54559.980 13.525 0.018
54560.130 13.566 0.068
54561.250 13.567 0.011
54561.880 13.621 0.011
54568.870 13.895 0.009
54570.870 13.972 0.010
54571.870 13.992 0.039
54572.880 14.012 0.015
54574.860 14.065 0.010
54575.870 14.096 0.011
54576.900 14.124 0.010
54577.870 14.147 0.013
54578.880 14.160 0.016
54592.320 14.548 0.049
54594.220 14.590 0.056
54595.870 14.583 0.010
54596.230 14.627 0.053
54598.880 14.611 0.012
