54539.387 13.339
54547.349 12.727
54548.299 12.585
54549.279 12.589
54550.324 12.447
54551.299 12.543
54552.360 12.407
54553.264 12.665
54558.281 12.603
54561.236 12.692
54564.305 12.752
54571.301 13.045
54575.303 13.202
54577.281 13.297
54584.234 13.447
54586.260 13.626
54589.251 13.668
54591.247 13.720
54594.230 13.854
54600.194 13.984
54602.211 14.132
54603.196 14.138
54605.198 14.169
54607.162 14.243
54611.177 14.384
54616.210 14.546
54636.192 15.176
54637.244 15.164
54648.164 15.514
54785.516 17.652
54791.514 17.936
54793.514 18.190
54800.515 18.066
