54531.080 17.323
54532.010 17.250
54532.050 17.021
54533.030 16.548
54534.070 16.082
54535.100 15.766
54535.990 15.545
54536.970 15.264
54537.090 15.220
54539.920 14.695
54540.870 14.460
54540.930 14.538
54543.050 14.354
54543.860 14.338
54543.920 14.220
54545.890 14.130
54546.860 14.165
54550.810 14.190
54552.030 14.250
54552.930 14.380
54553.870 14.545
54555.020 14.670
54555.920 14.820
54556.060 14.877
54556.870 15.060
54556.910 15.020
54557.840 15.254
54559.980 15.460
54561.250 15.587
54561.880 15.636
54562.900 15.770
54563.970 15.810
54568.870 16.066
54569.870 16.210
54570.870 16.133
54571.870 16.162
54572.880 16.177
54574.860 16.231
54575.870 16.255
54576.900 16.288
54577.870 16.293
54578.880 16.293
54578.880 16.450
54582.830 16.520
54584.850 16.490
54586.180 16.425
54589.800 16.620
54595.870 16.554
54598.880 16.571
54600.970 16.840
54601.840 16.990
54612.820 16.910
54615.910 17.030
54622.830 16.960
54627.940 17.250
54646.810 17.530
54673.840 18.250
54854.550 20.900
