54537.405 13.873
54539.387 13.518
54547.349 12.822
54549.279 12.535
54551.299 12.996
54552.360 12.652
54558.281 12.810
54559.279 12.702
54561.236 12.660
54562.338 12.862
54568.256 12.740
54571.301 13.091
54575.303 13.382
54577.281 13.194
54579.307 13.344
54581.273 13.211
54586.260 13.505
54589.251 13.695
54591.247 13.668
54594.230 13.987
54598.188 14.021
54600.194 13.957
54602.211 13.915
54603.196 13.799
54611.177 14.329
54614.226 14.471
54616.210 14.464
54636.192 15.045
54637.244 15.249
54648.164 15.939
54785.516 17.874
54791.514 18.414
