54530.200 16.127 0.133
54530.290 16.093 0.031
54531.200 15.884 0.056
54531.290 15.837 0.087
54531.370 15.874 0.118
54531.460 15.817 0.026
54533.280 15.190 0.085
54536.180 14.451 0.080
54537.270 14.362 0.131
54538.180 14.283 0.124
54539.180 14.061 0.085
54544.160 13.561 0.052
54545.370 13.537 0.068
54549.150 13.456 0.338
54550.150 13.396 0.228
54551.140 13.274 0.046
54552.180 13.312 0.238
54553.140 13.276 0.095
54554.160 13.325 0.087
54557.140 13.383 0.041
54558.130 13.489 0.115
54592.320 14.070 0.056
54594.220 14.094 0.058
54596.230 14.137 0.041
