54532.010 15.350
54537.090 14.190
54540.870 13.670
54543.920 13.360
54545.890 13.240
54550.810 13.080
54552.030 13.070
54552.930 13.100
54555.020 13.120
54555.920 13.320
54556.910 13.270
54562.900 13.760
54563.970 13.750
54569.870 14.050
54578.880 14.330
54582.830 14.460
54584.850 14.420
54589.800 14.590
54600.970 14.860
54601.840 14.890
54612.820 15.080
54615.910 15.080
54622.830 15.310
54627.940 15.450
54642.840 15.730
54643.820 15.750
54646.810 15.800
54646.810 15.850
54648.800 15.830
54655.800 15.980
54657.800 16.000
54659.830 16.070
54673.840 16.330
54674.820 16.450
54676.820 16.360
54678.820 16.520
54698.780 16.780
54719.740 16.990
54781.130 17.900
54783.120 18.180
54854.550 19.220
