54537.405 13.377
54539.387 13.021
54547.349 12.380
54549.279 12.253
54550.324 12.274
54551.299 12.224
54553.264 12.122
54554.357 12.072
54558.281 12.438
54559.279 12.203
54561.236 12.387
54562.338 12.241
54564.305 12.418
54568.256 12.600
54571.301 12.621
54573.325 12.847
54575.303 12.733
54577.281 12.868
54579.307 13.002
54581.273 12.874
54586.260 13.107
54589.251 13.176
54591.247 13.155
54594.230 13.233
54598.188 13.440
54600.194 13.492
54603.196 13.598
54605.198 13.645
54607.162 13.698
54611.177 13.759
54614.226 13.930
54616.210 14.047
54636.192 14.443
54791.514 16.339
54793.514 16.513
54800.515 16.550
