53784.154 19.310 0.242
53784.157 18.733 999.000
53784.160 19.326 0.241
53784.164 18.801 999.000
53784.166 17.747 999.000
53784.168 17.611 999.000
53784.170 17.552 999.000
53784.172 17.719 999.000
53784.174 17.381 999.000
53784.176 17.307 999.000
53784.178 17.541 999.000
53784.180 17.617 999.000
53784.226 18.236 0.147
53784.243 18.357 0.099
53784.420 17.683 0.078
53784.422 17.812 0.079
53784.425 17.845 0.077
53784.427 17.675 0.071
53784.497 17.665 0.071
53784.500 17.626 0.070
53784.502 17.657 0.070
53784.505 17.666 0.070
53784.575 17.620 0.069
53784.577 17.696 0.071
53784.580 17.704 0.071
53784.582 17.652 0.078
53784.754 17.723 0.079
53784.757 17.750 0.077
53784.760 17.696 0.073
53784.762 17.777 0.074
53784.832 17.705 0.072
53784.834 17.664 0.070
53784.837 17.625 0.089
53784.840 17.685 0.071
53784.957 17.842 0.084
53784.959 17.664 0.073
53784.962 17.639 0.071
53784.964 17.688 0.071
53785.089 17.892 0.085
53785.092 17.804 0.079
53785.094 17.839 0.077
53785.097 17.913 0.078
53785.167 17.855 0.075
53785.169 17.935 0.078
53785.172 17.856 0.076
53785.175 17.909 0.077
53785.290 17.926 0.086
53785.293 18.050 0.089
53785.295 18.089 0.088
53785.298 17.921 0.078
53785.625 18.420 0.114
53785.627 18.213 0.095
53785.630 18.432 0.103
53785.633 18.293 0.093
53785.702 18.256 0.090
53785.705 18.354 0.095
53785.707 18.308 0.093
53785.709 18.128 0.133
53787.314 18.616 0.065
53789.527 18.333 0.078
53791.537 18.093 0.064
53793.540 18.099 0.087
53797.234 18.421 0.068
53803.429 19.351 0.126
53804.531 19.646 0.158
53805.272 19.473 0.117
53808.555 19.901 0.217
53809.147 20.169 0.240
53810.151 20.190 0.247
53811.391 19.821 0.175
53812.364 20.383 0.233
53815.141 20.689 0.367
53816.579 20.013 0.179
