53784.156 17.420 999.000
53784.158 17.448 999.000
53784.163 17.421 999.000
53784.165 17.005 0.298
53784.167 17.012 0.300
53784.169 16.808 0.279
53784.171 17.320 0.355
53784.173 17.308 0.343
53784.175 17.456 999.000
53784.177 17.180 0.331
53784.179 16.848 0.280
53784.219 16.646 0.097
53784.236 16.518 0.099
53784.296 16.120 0.081
53784.299 16.122 0.081
53784.301 16.125 0.081
53784.304 16.106 0.081
53784.374 15.971 0.078
53784.376 15.976 0.078
53784.379 16.027 0.079
53784.381 15.982 0.086
53784.620 15.732 0.074
53784.623 15.707 0.074
53784.626 15.663 0.073
53784.628 15.822 0.076
53784.709 15.747 0.075
53784.711 15.683 0.074
53784.714 15.714 0.074
53784.716 15.812 0.083
53785.044 15.952 0.090
53785.244 16.194 0.082
53785.247 16.164 0.082
53785.249 16.221 0.083
53785.252 16.232 0.093
53785.491 16.574 0.091
53785.493 16.636 0.093
53785.496 16.696 0.095
53785.499 16.636 0.093
53785.579 16.687 0.094
53785.582 16.757 0.097
53785.584 16.694 0.095
53785.586 16.699 0.108
53787.643 20.935 0.365
53789.521 20.860 999.000
53791.531 20.990 0.355
53793.539 20.460 999.000
53797.216 20.947 999.000
53803.426 20.999 999.000
53804.525 21.022 999.000
53806.525 21.195 999.000
53808.547 20.872 999.000
