53784.156 17.868 999.000
53784.158 17.897 999.000
53784.165 17.397 0.298
53784.167 17.119 0.255
53784.169 17.225 0.271
53784.171 17.162 0.263
53784.173 16.727 0.217
53784.175 17.270 0.276
53784.177 16.965 0.243
53784.178 17.186 0.269
53784.180 16.388 0.212
53784.231 16.246 0.086
53784.247 16.099 0.096
53784.353 15.814 0.080
53784.355 15.755 0.079
53784.358 15.666 0.078
53784.361 15.756 0.079
53784.441 15.660 0.078
53784.443 15.650 0.078
53784.446 15.603 0.078
53784.448 15.630 0.082
53784.687 15.621 0.078
53784.690 15.582 0.078
53784.693 15.595 0.078
53784.695 15.675 0.078
53784.775 15.737 0.079
53784.778 15.721 0.079
53784.781 15.789 0.079
53784.783 15.690 0.082
53785.024 16.024 0.082
53785.026 16.021 0.082
53785.029 16.063 0.082
53785.031 16.057 0.082
53785.110 16.248 0.084
53785.113 16.272 0.085
53785.114 16.248 0.220
53785.223 16.326 0.086
53785.226 16.438 0.088
53785.228 16.413 0.087
53785.231 16.381 0.086
53785.311 16.520 0.089
53785.314 16.627 0.091
53785.316 16.502 0.088
53785.319 16.596 0.098
53785.558 16.954 0.098
53785.560 16.948 0.098
53785.563 16.921 0.097
53785.566 17.042 0.100
53785.646 17.281 0.107
53785.649 17.208 0.104
53785.651 17.205 0.104
53785.653 17.414 0.126
53787.609 20.494 0.233
53789.516 20.569 0.260
53791.526 20.610 0.246
53793.538 20.376 0.290
53797.212 21.029 0.403
53803.484 21.197 999.000
53804.520 21.209 999.000
53806.521 21.268 999.000
53808.539 21.106 999.000
