53788.134 18.191 0.036
53788.135 18.197 0.041
53788.170 18.168 0.032
53788.172 18.205 0.029
53788.202 18.127 0.031
53790.113 17.797 0.034
53790.130 17.744 0.020
53791.123 17.634 0.017
53791.137 17.600 0.016
53792.139 17.555 0.027
53793.126 17.496 0.017
53793.140 17.497 0.017
53794.119 17.480 0.034
53797.112 17.485 0.017
53798.154 17.519 0.025
53807.105 18.134 0.057
53808.107 18.230 0.052
53809.105 18.203 0.053
53810.115 18.401 0.045
53813.110 18.516 0.059
53817.111 18.777 0.067
53820.120 19.046 0.070
