53784.157 17.910 0.289
53784.164 17.533 0.225
53784.166 18.097 0.322
53784.168 17.746 0.254
53784.170 17.389 0.218
53784.172 17.705 0.252
53784.174 17.294 0.199
53784.176 17.250 0.198
53784.178 17.788 0.265
53784.179 17.311 0.220
53784.224 17.119 0.085
53784.240 16.976 0.073
53784.486 16.381 0.065
53784.489 16.337 0.063
53784.492 16.393 0.064
53784.494 16.314 0.062
53784.564 16.307 0.062
53784.567 16.264 0.062
53784.569 16.337 0.063
53784.572 16.344 0.063
53784.641 16.361 0.063
53784.644 16.316 0.062
53784.647 16.320 0.062
53784.649 16.315 0.066
53784.821 16.403 0.065
53784.824 16.336 0.063
53784.827 16.365 0.063
53784.829 16.415 0.064
53784.899 16.386 0.063
53784.901 16.476 0.064
53784.904 16.426 0.064
53784.906 16.477 0.073
53785.156 16.667 0.069
53785.159 16.624 0.067
53785.161 16.674 0.067
53785.164 16.651 0.066
53785.512 17.001 0.072
53785.514 17.042 0.072
53785.517 16.956 0.071
53785.519 17.018 0.079
53785.692 17.137 0.079
53785.694 17.209 0.079
53785.697 17.172 0.077
53785.700 17.171 0.075
53787.649 17.751 0.071
53789.526 17.658 0.074
53791.536 17.722 0.069
53793.540 17.795 0.091
53797.230 18.412 0.082
53803.428 19.426 0.156
53804.530 20.027 0.248
53805.271 19.803 0.192
53808.553 20.139 0.314
53809.143 20.330 0.334
53810.147 20.238 0.311
53811.385 20.459 999.000
53812.358 20.658 999.000
53815.137 20.722 999.000
53816.573 20.587 0.356
