53784.157 17.855 999.000
53784.164 17.883 999.000
53784.166 17.486 0.292
53784.168 17.878 999.000
53784.170 17.217 0.261
53784.171 17.194 0.259
53784.173 16.830 0.215
53784.175 17.412 0.287
53784.177 17.710 0.333
53784.179 16.811 0.215
53784.221 16.682 0.083
53784.238 16.497 0.079
53784.307 16.151 0.071
53784.309 16.114 0.071
53784.312 16.148 0.071
53784.314 16.226 0.079
53784.553 15.963 0.077
53784.556 15.906 0.068
53784.559 15.846 0.067
53784.561 15.844 0.067
53784.631 15.821 0.067
53784.634 15.783 0.067
53784.636 15.823 0.067
53784.639 15.843 0.067
53784.888 15.908 0.068
53784.891 15.956 0.069
53784.893 15.951 0.069
53784.896 15.914 0.068
53785.501 16.476 0.076
53785.504 16.546 0.077
53785.507 16.514 0.077
53785.509 16.545 0.078
53787.647 18.905 0.100
53789.524 19.137 0.126
53791.534 19.158 0.105
53793.540 19.059 0.158
53797.221 20.042 0.191
53803.427 20.618 0.309
53804.528 20.883 999.000
53806.530 20.738 0.271
53808.551 20.704 999.000
