53788.117 18.438 0.050
53788.126 18.476 0.054
53788.137 18.466 0.062
53788.145 18.352 0.058
53788.153 18.431 0.046
53788.162 18.445 0.045
53788.174 18.439 0.043
53788.182 18.523 0.050
53788.191 18.390 0.042
53789.134 18.311 0.036
53790.116 18.166 0.028
53790.133 18.147 0.028
53791.128 18.091 0.026
53791.141 18.081 0.021
53792.131 18.004 0.043
53792.143 18.157 0.041
53793.130 18.074 0.025
53793.144 18.118 0.028
53794.144 18.083 0.066
53796.126 18.301 0.043
53797.127 18.386 0.033
53798.158 18.656 0.059
53807.121 19.902 0.341
53808.122 19.880 0.387
53817.126 20.725 0.273
