53788.119 17.950 0.023
53788.127 18.079 0.046
53788.128 17.972 0.022
53788.139 17.917 0.022
53788.147 18.010 0.023
53788.155 17.975 0.022
53788.164 17.921 0.022
53788.176 17.957 0.022
53788.184 17.941 0.022
53788.193 17.916 0.022
53789.130 17.801 0.028
53790.111 17.722 0.030
53790.112 17.697 0.025
53790.128 17.740 0.024
53790.129 17.645 0.024
53791.120 17.631 0.019
53791.122 17.540 0.024
53791.133 17.654 0.021
53791.135 17.561 0.024
53792.123 17.547 0.026
53792.124 17.462 0.026
53792.136 17.595 0.023
53792.137 17.506 0.027
53793.122 17.546 0.018
53793.124 17.458 0.023
53793.136 17.513 0.018
53793.138 17.425 0.023
53794.115 17.442 0.023
53796.117 17.524 0.027
53797.117 17.593 0.021
53797.118 17.507 0.025
53798.148 17.656 0.025
53798.150 17.539 0.034
53803.161 17.981 0.074
53803.174 17.983 0.082
53805.114 18.167 0.105
53807.111 18.513 0.133
53808.112 18.756 0.107
53809.100 18.877 0.150
53817.115 19.361 0.108
