53784.151 16.878 999.000
53784.152 18.926 999.000
53784.156 17.692 999.000
53784.158 17.720 999.000
53784.162 18.616 0.268
53784.165 17.349 999.000
53784.167 17.409 999.000
53784.169 17.441 999.000
53784.171 17.313 999.000
53784.173 17.186 999.000
53784.175 17.213 999.000
53784.177 17.348 999.000
53784.179 17.169 999.000
53784.181 16.930 999.000
53784.233 18.420 0.262
53784.286 18.027 0.159
53784.288 18.070 0.165
53784.291 17.881 0.137
53784.293 18.178 0.157
53784.363 17.933 0.133
53784.366 17.932 0.133
53784.368 17.893 0.131
53784.371 17.696 0.115
53784.698 17.610 0.109
53784.700 17.962 0.137
53784.703 17.711 0.116
53784.706 17.642 0.111
53785.034 17.872 0.128
53785.037 17.912 0.130
53785.039 17.778 0.121
53785.042 17.785 0.121
53785.234 17.880 0.128
53785.236 17.854 0.127
53785.239 17.811 0.124
53785.241 17.877 0.129
53785.568 18.048 0.143
53785.571 18.118 0.150
53785.574 18.018 0.141
53785.576 18.433 0.188
53787.302 18.399 0.080
53789.519 17.918 0.093
53791.529 17.611 0.070
53793.539 17.537 0.100
53797.226 17.698 0.073
53803.192 17.914 0.134
53803.425 18.102 0.098
53804.523 18.228 0.106
53805.269 18.271 0.101
53808.543 18.562 0.150
53809.139 18.564 0.140
53810.143 18.431 0.128
53811.379 18.807 0.171
53812.351 19.062 0.177
53815.130 19.409 0.218
53816.567 19.475 0.243
53818.516 19.302 0.260
53820.200 20.126 999.000
53941.993 19.499 999.000
