55776.318 17.362 0.093
55777.217 17.219 0.140
55778.016 17.329 0.178
55778.823 17.225 0.128
55780.135 17.140 0.125
55782.109 16.976 0.114
55783.249 16.712 0.149
55787.630 16.848 0.108
55788.465 16.987 0.114
55791.542 17.127 0.123
55793.515 17.249 0.180
55794.689 17.513 0.165
55795.493 17.452 0.228
55796.664 17.705 0.196
55798.421 18.174 0.266
55800.606 17.705 0.175
55802.611 17.792 0.187
55804.587 17.848 0.243
55806.577 18.023 0.232
55808.797 18.161 999.000
55810.299 18.070 0.251
55814.747 17.950 0.219
56013.740 18.794 999.000
56023.027 18.897 999.000
