55776.312 19.514 0.229
55777.215 19.528 0.311
55778.013 19.627 999.000
55778.822 19.791 0.349
55780.133 19.681 0.328
55782.108 19.650 0.319
55783.247 19.390 999.000
55787.628 19.950 999.000
55788.463 19.960 999.000
55791.539 19.957 999.000
55792.130 19.232 999.000
55793.514 19.550 999.000
55794.688 19.875 999.000
55795.628 19.818 999.000
55796.663 19.816 999.000
55798.419 19.839 999.000
55800.605 19.949 999.000
55802.610 19.935 999.000
55804.586 19.758 999.000
55806.575 19.861 999.000
55808.795 19.407 999.000
55810.298 19.802 999.000
55814.745 19.868 999.000
