55776.324 20.015 999.000
55777.219 19.718 999.000
55778.019 19.494 999.000
55778.824 19.794 999.000
55780.138 19.776 999.000
55782.114 19.742 0.371
55783.251 19.312 999.000
55787.634 19.776 999.000
55788.469 19.781 999.000
55791.544 19.760 999.000
55793.516 19.158 999.000
55794.691 19.671 999.000
55795.495 19.275 999.000
55796.667 19.639 999.000
55798.423 19.700 999.000
55800.607 19.771 999.000
55802.613 19.763 999.000
55804.589 19.524 999.000
55806.579 19.704 999.000
55808.799 19.302 999.000
55810.301 19.644 999.000
55814.750 19.699 999.000
