55776.306 16.641 0.070
55777.212 16.705 0.092
55778.010 16.649 0.103
55778.820 16.622 0.084
55780.130 16.578 0.084
55782.104 16.675 0.086
55783.245 16.657 0.118
55787.624 17.245 0.108
55788.459 17.400 0.115
55791.537 18.092 0.167
55792.128 17.956 0.232
55793.513 18.717 0.347
55794.686 18.549 0.240
55795.626 18.829 0.275
55796.661 19.083 999.000
55798.418 19.111 999.000
55800.603 19.225 999.000
55802.608 19.217 999.000
55804.584 19.191 999.000
55806.574 19.134 999.000
55808.793 18.684 999.000
55810.297 19.062 999.000
55814.743 19.142 999.000
56013.742 16.983 999.000
56023.031 19.405 999.000
