55776.307 17.689 0.083
55777.213 17.885 0.123
55778.011 17.425 0.112
55778.821 17.480 0.094
55780.130 17.417 0.093
55782.105 17.447 0.094
55783.246 17.420 0.129
55787.625 17.524 0.098
55788.460 17.539 0.098
55791.538 17.875 0.115
55792.128 18.026 0.181
55793.513 18.153 0.176
55794.686 18.311 0.156
55795.626 18.531 0.169
55796.661 18.767 0.221
55798.418 18.762 0.216
55800.604 19.404 0.322
55802.609 18.920 0.225
55804.585 19.459 0.345
55806.574 19.527 999.000
55808.794 19.110 999.000
55810.297 19.013 0.266
55814.743 19.440 0.351
56023.034 19.628 999.000
