55776.335 18.428 0.136
55777.211 18.958 0.268
55778.009 18.329 0.206
55778.820 18.209 0.152
55780.128 18.347 0.168
55782.103 18.366 0.169
55783.244 18.553 0.281
55787.623 19.089 0.276
55788.458 19.156 0.288
55791.535 19.377 0.341
55792.127 18.974 999.000
55793.512 19.130 999.000
55794.685 19.449 999.000
55795.624 19.527 999.000
55796.660 19.392 999.000
55798.416 19.408 999.000
55800.603 19.519 999.000
55802.607 19.503 999.000
55804.584 19.481 999.000
55806.573 19.431 999.000
55808.792 18.994 999.000
55810.296 19.369 999.000
55814.741 19.434 999.000
