53580.440 19.114
53580.560 19.326
53593.440 19.646
53594.440 19.859
53594.560 19.684
53606.440 18.985
53606.560 18.830
53618.440 19.446
53618.560 19.708
53635.440 19.058
53635.560 19.713
53651.440 19.169
53651.560 19.454
53701.440 18.463
53701.560 19.130
53821.440 19.549
53821.560 18.689
53851.440 19.291
53851.560 19.914
53882.440 19.627
53882.560 19.181
53924.440 18.872
53924.560 18.189
53936.440 19.979
53936.560 18.725
53945.440 19.234
53945.560 19.004
53973.440 19.859
53973.560 19.821
53990.440 19.505
53990.560 19.379
53994.440 18.771
53994.560 17.530
54005.440 19.194
54005.560 19.835
54018.440 19.481
54018.560 19.325
54034.440 19.626
54034.560 18.978
54062.440 18.981
54062.560 19.336
54187.440 18.808
54187.560 18.656
54210.440 19.529
54210.560 19.807
54242.440 19.728
54242.560 18.929
54260.440 19.544
54260.560 19.720
54273.440 19.259
54273.560 19.959
54296.440 19.404
54296.560 20.265
54316.440 19.479
54316.560 19.342
54349.440 20.319
54349.560 20.167
54360.440 19.400
54360.560 19.997
54377.440 19.923
54377.560 19.600
54388.440 19.307
54388.560 19.540
54590.440 19.993
54590.560 20.636
54624.440 20.414
54624.560 20.505
54644.440 19.619
54644.560 20.227
54677.440 19.873
54677.560 20.600
54729.440 19.861
54729.560 19.302
54740.440 20.099
54740.560 20.036
54757.440 19.944
54757.560 19.871
54758.440 19.833
54758.560 19.170
54944.440 19.724
54944.480 19.173
54944.520 20.215
54944.560 19.952
54954.440 19.583
54954.480 19.580
54954.520 19.558
54954.560 19.570
55004.440 19.024
55004.480 18.453
55004.520 18.575
55004.560 17.007
55044.440 19.928
55044.480 19.974
55044.520 19.333
55044.560 19.649
55060.440 20.164
55060.480 20.257
55060.520 19.759
55060.560 20.184
55084.440 20.021
55084.480 20.097
55084.520 19.031
55084.560 19.908
55127.440 19.488
55127.480 19.433
55127.520 19.555
55127.560 19.724
55330.440 19.876
55330.480 19.751
55330.520 19.870
55330.560 20.011
55362.440 20.545
55362.480 20.298
55362.520 20.544
55362.560 20.384
55389.440 18.669
55389.480 19.353
55394.440 20.505
55394.480 20.397
55394.520 19.765
55394.560 20.305
55418.440 19.242
55418.480 19.148
55418.520 19.982
55418.560 19.788
55449.440 19.767
55449.480 20.181
55449.520 19.827
55449.560 19.946
55468.440 19.251
55468.480 20.409
55468.520 19.185
55468.560 19.764
55506.440 18.915
55506.480 19.900
55506.520 19.811
55506.560 19.303
55664.440 20.028
55664.480 20.049
55664.520 19.419
55664.560 19.153
55696.440 19.669
55696.480 19.538
55696.520 19.481
55696.560 19.204
55739.440 20.272
55739.480 19.053
55739.520 19.775
55739.560 20.387
55770.440 20.639
55770.480 20.563
55770.520 20.127
55770.560 20.714
55795.440 17.123
55795.480 15.771
55795.520 20.204
55795.560 16.911
55830.440 19.550
55830.480 19.807
55830.520 20.405
55830.560 19.699
55861.440 19.978
55861.480 19.823
55861.520 20.094
55861.560 20.106
56019.440 19.448
56019.480 19.089
56019.520 20.065
56019.560 20.029
56065.440 19.890
56065.480 19.828
56065.520 20.016
56065.560 19.626
56097.440 19.449
56097.480 19.638
56097.520 19.839
56097.560 19.130
56129.440 19.615
56129.480 20.660
56129.520 20.417
56129.560 19.412
56154.440 20.509
56154.480 20.531
56154.520 20.130
56154.560 19.700
56184.440 20.567
56184.480 20.602
56184.520 20.386
56184.560 19.968
