3.750 -13.351 0.001
4.130 -13.510 0.001
4.540 -13.672 0.002
5.000 -13.790 0.002
5.500 -13.938 0.002
6.050 -14.105 0.002
6.650 -14.276 0.001
7.320 -14.453 0.002
8.050 -14.628 0.002
8.850 -14.806 0.001
9.740 -14.986 0.002
10.710 -15.166 0.001
11.780 -15.349 0.002
12.960 -15.532 0.001
14.260 -15.705 0.002
15.690 -15.863 0.002
17.260 -16.000 0.002
18.990 -16.113 0.001
20.890 -16.201 0.002
22.980 -16.265 0.002
25.280 -16.304 0.001
27.810 -16.316 0.002
30.590 -16.291 0.002
33.650 -16.219 0.002
37.020 -16.091 0.002
40.720 -15.906 0.002
44.790 -15.710 0.001
49.270 -15.527 0.001
54.200 -15.314 0.002
59.620 -15.195 0.002
65.820 -15.121 0.001
72.400 -15.072 0.002
79.640 -15.005 0.002
87.600 -14.951 0.002
96.400 -14.878 0.002
106.000 -14.781 0.001
116.600 -14.667 0.002
128.300 -14.491 0.002
141.100 -14.269 0.001
155.200 -14.000 0.001
170.700 -13.669 0.001
187.800 -13.299 0.001
