3.750 -14.455 0.002
4.130 -14.610 0.001
4.540 -14.763 0.002
5.000 -14.931 0.001
5.500 -15.093 0.001
6.050 -15.257 0.001
6.650 -15.420 0.002
7.320 -15.586 0.002
8.050 -15.749 0.002
8.850 -15.913 0.002
9.740 -16.079 0.002
10.710 -16.242 0.002
11.780 -16.407 0.001
12.960 -16.572 0.001
14.260 -16.730 0.001
15.690 -16.878 0.001
17.260 -17.015 0.002
18.990 -17.138 0.002
20.890 -17.250 0.001
22.980 -17.350 0.002
25.280 -17.438 0.001
27.810 -17.514 0.001
30.590 -17.573 0.001
33.650 -17.598 0.002
37.020 -17.571 0.001
40.720 -17.499 0.001
44.790 -17.396 0.001
49.270 -17.292 0.002
54.200 -17.201 0.002
59.620 -17.119 0.001
65.820 -17.064 0.001
72.400 -16.984 0.001
79.640 -16.901 0.002
87.600 -16.806 0.001
96.400 -16.687 0.001
106.000 -16.545 0.002
116.600 -16.380 0.001
128.300 -16.191 0.001
141.100 -15.989 0.002
155.200 -15.765 0.001
170.700 -15.513 0.002
187.800 -15.244 0.002
