3.750 -15.051 0.002
4.130 -15.197 0.001
4.540 -15.341 0.002
5.000 -15.480 0.001
5.500 -15.628 0.002
6.050 -15.779 0.001
6.650 -15.930 0.001
7.320 -16.083 0.002
8.050 -16.233 0.002
8.850 -16.382 0.001
9.740 -16.533 0.001
10.710 -16.681 0.002
11.780 -16.829 0.002
12.960 -16.974 0.001
14.260 -17.111 0.002
15.690 -17.239 0.001
17.260 -17.358 0.001
18.990 -17.467 0.002
20.890 -17.572 0.002
22.980 -17.665 0.002
25.280 -17.747 0.002
27.810 -17.818 0.002
30.590 -17.869 0.001
33.650 -17.886 0.001
37.020 -17.859 0.001
40.720 -17.799 0.002
44.790 -17.712 0.001
49.270 -17.592 0.001
54.200 -17.402 0.001
59.620 -17.224 0.002
65.820 -17.052 0.001
72.400 -16.890 0.001
79.640 -16.710 0.001
87.600 -16.522 0.001
96.400 -16.319 0.001
106.000 -16.111 0.001
116.600 -15.895 0.002
128.300 -15.694 0.001
141.100 -15.508 0.001
155.200 -15.333 0.002
170.700 -15.155 0.002
187.800 -14.948 0.001
