3.750 -14.875 0.002
4.130 -15.019 0.001
4.540 -15.162 0.002
5.000 -15.318 0.001
5.500 -15.468 0.001
6.050 -15.620 0.002
6.650 -15.771 0.001
7.320 -15.922 0.002
8.050 -16.069 0.001
8.850 -16.214 0.002
9.740 -16.360 0.001
10.710 -16.503 0.002
11.780 -16.645 0.001
12.960 -16.784 0.001
14.260 -16.914 0.002
15.690 -17.033 0.001
17.260 -17.142 0.002
18.990 -17.240 0.002
20.890 -17.331 0.001
22.980 -17.411 0.002
25.280 -17.481 0.002
27.810 -17.538 0.002
30.590 -17.579 0.002
33.650 -17.593 0.002
37.020 -17.562 0.001
40.720 -17.493 0.001
44.790 -17.384 0.001
49.270 -17.239 0.002
54.200 -17.040 0.001
59.620 -16.848 0.001
65.820 -16.671 0.002
72.400 -16.503 0.001
79.640 -16.322 0.001
87.600 -16.129 0.002
96.400 -15.927 0.002
106.000 -15.733 0.002
116.600 -15.548 0.002
128.300 -15.385 0.002
141.100 -15.240 0.001
155.200 -15.092 0.001
170.700 -14.912 0.002
187.800 -14.679 0.002
