3.750 -14.374 0.002
4.130 -14.520 0.002
4.540 -14.668 0.001
5.000 -14.798 0.001
5.500 -14.946 0.001
6.050 -15.106 0.001
6.650 -15.265 0.001
7.320 -15.428 0.001
8.050 -15.589 0.001
8.850 -15.752 0.001
9.740 -15.917 0.002
10.710 -16.081 0.002
11.780 -16.247 0.002
12.960 -16.412 0.002
14.260 -16.569 0.002
15.690 -16.713 0.002
17.260 -16.842 0.002
18.990 -16.953 0.001
20.890 -17.046 0.001
22.980 -17.123 0.001
25.280 -17.181 0.001
27.810 -17.218 0.002
30.590 -17.225 0.001
33.650 -17.186 0.002
37.020 -17.087 0.001
40.720 -16.931 0.001
44.790 -16.745 0.002
49.270 -16.549 0.002
54.200 -16.316 0.001
59.620 -16.159 0.001
65.820 -16.048 0.002
72.400 -15.961 0.002
79.640 -15.857 0.001
87.600 -15.759 0.001
96.400 -15.639 0.002
106.000 -15.494 0.002
116.600 -15.310 0.002
128.300 -15.099 0.002
141.100 -14.853 0.001
155.200 -14.571 0.001
170.700 -14.245 0.001
187.800 -13.889 0.002
