3.750 -15.173 0.001
4.130 -15.314 0.002
4.540 -15.455 0.001
5.000 -15.582 0.001
5.500 -15.724 0.002
6.050 -15.869 0.001
6.650 -16.014 0.001
7.320 -16.160 0.001
8.050 -16.305 0.001
8.850 -16.448 0.002
9.740 -16.592 0.001
10.710 -16.732 0.001
11.780 -16.873 0.001
12.960 -17.011 0.002
14.260 -17.142 0.002
15.690 -17.262 0.002
17.260 -17.372 0.002
18.990 -17.471 0.002
20.890 -17.564 0.002
22.980 -17.647 0.001
25.280 -17.720 0.001
27.810 -17.777 0.001
30.590 -17.813 0.001
33.650 -17.818 0.002
37.020 -17.776 0.002
40.720 -17.694 0.001
44.790 -17.573 0.002
49.270 -17.412 0.002
54.200 -17.160 0.001
59.620 -16.921 0.001
65.820 -16.698 0.001
72.400 -16.481 0.002
79.640 -16.230 0.002
87.600 -15.962 0.002
96.400 -15.656 0.002
106.000 -15.316 0.002
116.600 -14.958 0.002
128.300 -14.553 0.002
141.100 -14.140 0.001
155.200 -13.741 0.002
170.700 -13.372 0.001
187.800 -13.046 0.002
