3.750 -14.562 0.001
4.130 -14.706 0.002
4.540 -14.850 0.001
5.000 -15.013 0.002
5.500 -15.165 0.001
6.050 -15.321 0.001
6.650 -15.477 0.002
7.320 -15.635 0.001
8.050 -15.790 0.001
8.850 -15.946 0.001
9.740 -16.104 0.002
10.710 -16.260 0.002
11.780 -16.417 0.001
12.960 -16.573 0.002
14.260 -16.720 0.002
15.690 -16.857 0.002
17.260 -16.980 0.002
18.990 -17.089 0.001
20.890 -17.185 0.001
22.980 -17.267 0.002
25.280 -17.335 0.002
27.810 -17.388 0.001
30.590 -17.419 0.002
33.650 -17.407 0.002
37.020 -17.334 0.002
40.720 -17.208 0.001
44.790 -17.042 0.002
49.270 -16.851 0.002
54.200 -16.628 0.002
59.620 -16.451 0.001
65.820 -16.314 0.001
72.400 -16.202 0.001
79.640 -16.075 0.001
87.600 -15.955 0.001
96.400 -15.815 0.001
106.000 -15.655 0.001
116.600 -15.466 0.002
128.300 -15.259 0.001
141.100 -15.034 0.002
155.200 -14.792 0.002
170.700 -14.528 0.001
187.800 -14.250 0.002
