5.335635999999986961e+04 1.751000000000000156e+01 6.600000000000000311e-02
5.335733000000007451e+04 nan nan
5.336129999999981374e+04 1.785500000000000043e+01 5.999999999999999778e-02
5.336233000000007451e+04 1.792099999999999937e+01 6.300000000000000044e-02
5.336333000000007451e+04 1.799099999999999966e+01 6.300000000000000044e-02
5.336529999999981374e+04 1.817000000000000171e+01 6.900000000000000577e-02
5.336931999999983236e+04 1.878999999999999915e+01 8.000000000000000167e-02
5.337229000000003725e+04 1.894900000000000162e+01 9.099999999999999756e-02
5.337331999999983236e+04 1.923000000000000043e+01 8.699999999999999400e-02
5.337731000000005588e+04 1.969500000000000028e+01 9.900000000000000466e-02
5.338031000000005588e+04 nan nan
5.338129999999981374e+04 nan nan
5.338331000000005588e+04 nan nan
5.338427999999979511e+04 nan nan
5.338637000000011176e+04 nan nan
5.338827999999979511e+04 nan nan
5.339027000000001863e+04 nan nan
5.340033000000007451e+04 nan nan
5.340225000000000000e+04 nan nan
5.340735000000009313e+04 nan nan
5.340837000000011176e+04 nan nan
5.340933000000007451e+04 nan nan
