5.335635999999986961e+04 1.557900000000000063e+01 1.899999999999999953e-02
5.335733000000007451e+04 1.547600000000000087e+01 1.799999999999999864e-02
5.336129999999981374e+04 1.540700000000000003e+01 1.700000000000000122e-02
5.336233000000007451e+04 1.541999999999999993e+01 1.799999999999999864e-02
5.336333000000007451e+04 1.540300000000000047e+01 1.799999999999999864e-02
5.336529999999981374e+04 1.544899999999999984e+01 1.700000000000000122e-02
5.336931999999983236e+04 1.557199999999999918e+01 1.799999999999999864e-02
5.337229000000003725e+04 1.575099999999999945e+01 1.499999999999999944e-02
5.337331999999983236e+04 1.579400000000000048e+01 1.499999999999999944e-02
5.337731000000005588e+04 1.605399999999999849e+01 1.799999999999999864e-02
5.338031000000005588e+04 1.620599999999999952e+01 1.700000000000000122e-02
5.338129999999981374e+04 1.628000000000000114e+01 2.000000000000000042e-02
5.338331000000005588e+04 nan nan
5.338427999999979511e+04 1.641000000000000014e+01 2.299999999999999961e-02
5.338637000000011176e+04 1.665399999999999991e+01 3.200000000000000067e-02
5.338827999999979511e+04 1.664000000000000057e+01 1.799999999999999864e-02
5.339027000000001863e+04 1.668499999999999872e+01 2.400000000000000050e-02
5.340033000000007451e+04 1.691199999999999903e+01 1.700000000000000122e-02
5.340225000000000000e+04 1.692200000000000060e+01 2.100000000000000130e-02
5.340735000000009313e+04 1.701399999999999935e+01 2.000000000000000042e-02
5.340837000000011176e+04 nan nan
5.340933000000007451e+04 1.707400000000000162e+01 3.699999999999999817e-02
