5.335635999999986961e+04 1.528700000000000081e+01 1.799999999999999864e-02
5.335733000000007451e+04 1.521299999999999919e+01 1.600000000000000033e-02
5.336129999999981374e+04 1.507900000000000063e+01 1.499999999999999944e-02
5.336233000000007451e+04 1.509500000000000064e+01 1.600000000000000033e-02
5.336333000000007451e+04 1.510599999999999987e+01 1.600000000000000033e-02
5.336529999999981374e+04 nan nan
5.336931999999983236e+04 1.517500000000000071e+01 1.499999999999999944e-02
5.337229000000003725e+04 1.529499999999999993e+01 1.200000000000000025e-02
5.337331999999983236e+04 1.531799999999999962e+01 1.299999999999999940e-02
5.337731000000005588e+04 1.551200000000000045e+01 1.400000000000000029e-02
5.338031000000005588e+04 1.564300000000000068e+01 1.299999999999999940e-02
5.338129999999981374e+04 1.569299999999999962e+01 2.000000000000000042e-02
5.338331000000005588e+04 nan nan
5.338427999999979511e+04 1.586400000000000077e+01 1.400000000000000029e-02
5.338637000000011176e+04 1.591499999999999915e+01 2.000000000000000042e-02
5.338827999999979511e+04 1.601699999999999946e+01 1.400000000000000029e-02
5.339027000000001863e+04 1.610300000000000153e+01 1.700000000000000122e-02
5.340033000000007451e+04 1.639999999999999858e+01 1.400000000000000029e-02
5.340225000000000000e+04 1.643400000000000105e+01 1.700000000000000122e-02
5.340735000000009313e+04 1.651200000000000045e+01 1.799999999999999864e-02
5.340837000000011176e+04 1.656400000000000006e+01 1.799999999999999864e-02
5.340933000000007451e+04 1.664300000000000068e+01 5.099999999999999672e-02
