5.335635999999986961e+04 1.635600000000000165e+01 2.400000000000000050e-02
5.335733000000007451e+04 nan nan
5.336129999999981374e+04 1.633399999999999963e+01 2.900000000000000147e-02
5.336233000000007451e+04 1.635800000000000054e+01 2.500000000000000139e-02
5.336333000000007451e+04 1.635600000000000165e+01 3.099999999999999978e-02
5.336529999999981374e+04 1.644999999999999929e+01 2.199999999999999872e-02
5.336931999999983236e+04 1.668199999999999861e+01 2.100000000000000130e-02
5.337229000000003725e+04 1.692899999999999849e+01 2.000000000000000042e-02
5.337331999999983236e+04 nan nan
5.337731000000005588e+04 1.731700000000000017e+01 2.500000000000000139e-02
5.338031000000005588e+04 nan nan
5.338129999999981374e+04 1.759299999999999997e+01 3.699999999999999817e-02
5.338331000000005588e+04 nan nan
5.338427999999979511e+04 nan nan
5.338637000000011176e+04 1.782199999999999918e+01 3.200000000000000067e-02
5.338827999999979511e+04 1.794699999999999918e+01 3.300000000000000155e-02
5.339027000000001863e+04 1.791499999999999915e+01 4.900000000000000189e-02
5.340033000000007451e+04 1.801800000000000068e+01 2.800000000000000058e-02
5.340225000000000000e+04 1.810800000000000054e+01 3.400000000000000244e-02
5.340735000000009313e+04 1.810399999999999920e+01 3.400000000000000244e-02
5.340837000000011176e+04 nan nan
5.340933000000007451e+04 1.816799999999999926e+01 4.800000000000000100e-02
