5.335635999999986961e+04 1.514400000000000013e+01 2.000000000000000042e-02
5.335733000000007451e+04 1.509500000000000064e+01 1.600000000000000033e-02
5.336129999999981374e+04 1.491300000000000026e+01 3.200000000000000067e-02
5.336233000000007451e+04 1.490499999999999936e+01 2.199999999999999872e-02
5.336333000000007451e+04 nan nan
5.336529999999981374e+04 1.491000000000000014e+01 2.599999999999999881e-02
5.336931999999983236e+04 1.494400000000000084e+01 2.400000000000000050e-02
5.337229000000003725e+04 1.499399999999999977e+01 1.200000000000000025e-02
5.337331999999983236e+04 1.502200000000000024e+01 1.299999999999999940e-02
5.337731000000005588e+04 1.517200000000000060e+01 1.600000000000000033e-02
5.338031000000005588e+04 1.528599999999999959e+01 1.400000000000000029e-02
5.338129999999981374e+04 1.528400000000000070e+01 2.999999999999999889e-02
5.338331000000005588e+04 nan nan
5.338427999999979511e+04 1.544400000000000084e+01 2.800000000000000058e-02
5.338637000000011176e+04 1.553899999999999970e+01 4.100000000000000172e-02
5.338827999999979511e+04 1.562500000000000000e+01 1.400000000000000029e-02
5.339027000000001863e+04 1.569899999999999984e+01 2.599999999999999881e-02
5.340033000000007451e+04 1.607000000000000028e+01 1.700000000000000122e-02
5.340225000000000000e+04 1.604700000000000060e+01 3.400000000000000244e-02
5.340735000000009313e+04 1.624699999999999989e+01 2.800000000000000058e-02
5.340837000000011176e+04 1.621199999999999974e+01 3.099999999999999978e-02
5.340933000000007451e+04 nan nan
