53356.360 16.356 0.024
53361.300 16.334 0.029
53362.330 16.358 0.025
53363.330 16.356 0.031
53365.300 16.450 0.022
53369.320 16.682 0.021
53372.290 16.929 0.020
53377.310 17.317 0.025
53381.300 17.593 0.037
53386.370 17.822 0.032
53387.492 18.081 0.046
53388.280 17.947 0.033
53390.270 17.915 0.049
53400.330 18.018 0.028
53402.250 18.108 0.034
53402.464 18.200 0.064
53407.350 18.104 0.034
53409.330 18.168 0.048
53410.421 18.417 0.057
53464.313 19.524 0.089
53469.323 19.595 0.143
53478.227 19.611 0.127
53480.252 19.748 0.171
53497.240 19.925 0.130
