53356.360 15.579 0.019
53357.330 15.476 0.018
53359.500 15.770 0.020
53361.300 15.407 0.017
53362.330 15.420 0.018
53362.500 15.710 0.060
53363.330 15.403 0.018
53365.300 15.449 0.017
53369.320 15.572 0.018
53372.290 15.751 0.015
53373.320 15.794 0.015
53377.310 16.054 0.018
53380.310 16.206 0.017
53381.300 16.280 0.020
53384.280 16.410 0.023
53385.400 16.340 0.020
53385.469 16.471 0.028
53386.370 16.654 0.032
53386.500 16.460 0.040
53388.280 16.640 0.018
53388.400 16.270 0.030
53389.416 16.559 0.022
53390.270 16.685 0.024
53390.400 16.500 0.030
53392.400 16.390 0.030
53398.400 16.510 0.030
53400.330 16.912 0.017
53402.250 16.922 0.021
53402.460 17.079 0.048
53403.500 16.360 0.040
53406.400 16.710 0.050
53407.350 17.014 0.020
53409.330 17.074 0.037
53410.417 17.260 0.036
53440.307 17.538 0.036
53442.300 16.820 0.050
53464.307 17.897 0.037
53467.300 16.940 0.050
53476.200 16.900 0.050
53480.246 18.521 0.075
53497.230 18.773 0.062
53504.200 16.960 0.070
53514.200 16.980 0.060
53519.200 16.990 0.040
53523.200 17.030 0.050
53526.200 16.950 0.040
53530.200 16.850 0.030
53686.600 17.050 0.040
