5.335635999999986961e+04 1.595899999999999963e+01 2.299999999999999961e-02
5.335733000000007451e+04 nan nan
5.336129999999981374e+04 1.590499999999999936e+01 1.600000000000000033e-02
5.336233000000007451e+04 1.588799999999999990e+01 1.700000000000000122e-02
5.336333000000007451e+04 1.591799999999999926e+01 1.700000000000000122e-02
5.336529999999981374e+04 1.595500000000000007e+01 1.400000000000000029e-02
5.336931999999983236e+04 1.616799999999999926e+01 1.400000000000000029e-02
5.337229000000003725e+04 1.639699999999999847e+01 1.299999999999999940e-02
5.337331999999983236e+04 1.649699999999999989e+01 2.100000000000000130e-02
5.337731000000005588e+04 1.672100000000000009e+01 3.200000000000000067e-02
5.338031000000005588e+04 1.692399999999999949e+01 2.599999999999999881e-02
5.338129999999981374e+04 1.701099999999999923e+01 6.300000000000000044e-02
5.338331000000005588e+04 1.709199999999999875e+01 5.399999999999999939e-02
5.338427999999979511e+04 1.717099999999999937e+01 2.599999999999999881e-02
5.338637000000011176e+04 nan nan
5.338827999999979511e+04 1.724299999999999855e+01 3.099999999999999978e-02
5.339027000000001863e+04 1.735699999999999932e+01 2.599999999999999881e-02
5.340033000000007451e+04 1.761299999999999955e+01 3.200000000000000067e-02
5.340225000000000000e+04 1.755499999999999972e+01 3.599999999999999728e-02
5.340735000000009313e+04 1.761199999999999832e+01 4.900000000000000189e-02
5.340837000000011176e+04 nan nan
5.340933000000007451e+04 nan nan
