53363.360 14.029 0.030
53363.370 14.045 0.030
53366.350 13.986 0.031
53366.360 13.982 0.029
53374.320 14.062 0.029
53374.330 14.074 0.029
53375.340 14.092 0.029
53375.340 14.107 0.029
53387.280 14.482 0.029
53387.280 14.488 0.029
53463.270 16.272 0.186
53466.311 16.844 0.088
53468.296 16.506 0.091
53469.241 16.548 0.096
53470.301 16.536 0.091
53471.299 17.115 0.147
53472.240 17.721 0.183
53473.223 17.741 0.283
53480.248 17.385 0.127
53481.280 17.127 0.075
53503.183 17.606 0.092
53509.161 17.486 0.131
53510.132 17.655 0.244
53515.162 17.933 0.282
53524.144 18.221 0.308
#CSP
5.336335999999986961e+04 1.402899999999999991e+01 2.999999999999999889e-02
5.336337000000011176e+04 1.404499999999999993e+01 2.999999999999999889e-02
5.336635000000009313e+04 1.398600000000000065e+01 3.099999999999999978e-02
5.336635999999986961e+04 1.398199999999999932e+01 2.900000000000000147e-02
5.337431999999983236e+04 1.406199999999999939e+01 2.900000000000000147e-02
5.337433000000007451e+04 1.407399999999999984e+01 2.900000000000000147e-02
5.337533999999985099e+04 1.410699999999999932e+01 2.900000000000000147e-02
5.337533999999985099e+04 1.409200000000000053e+01 2.900000000000000147e-02
5.338727999999979511e+04 1.448199999999999932e+01 2.900000000000000147e-02
5.338727999999979511e+04 1.448799999999999955e+01 2.900000000000000147e-02
