3.750 -12.358 0.002
4.130 -12.525 0.001
4.540 -12.699 0.002
5.000 -12.766 0.002
5.500 -12.900 0.001
6.050 -13.067 0.002
6.650 -13.244 0.002
7.320 -13.430 0.001
8.050 -13.614 0.001
8.850 -13.801 0.001
9.740 -13.990 0.002
10.710 -14.175 0.002
11.780 -14.364 0.002
12.960 -14.555 0.002
14.260 -14.735 0.001
15.690 -14.899 0.001
17.260 -15.040 0.001
18.990 -15.153 0.002
20.890 -15.239 0.001
22.980 -15.296 0.002
25.280 -15.325 0.002
27.810 -15.327 0.002
30.590 -15.294 0.002
33.650 -15.223 0.001
37.020 -15.069 0.002
40.720 -14.872 0.002
44.790 -14.676 0.002
49.270 -14.510 0.002
54.200 -14.343 0.001
59.620 -14.248 0.002
65.820 -14.256 0.001
72.400 -14.259 0.001
79.640 -14.228 0.001
87.600 -14.201 0.002
96.400 -14.141 0.002
106.000 -14.060 0.002
116.600 -13.978 0.002
128.300 -13.789 0.001
141.100 -13.547 0.002
155.200 -13.259 0.001
170.700 -12.900 0.002
187.800 -12.480 0.002
