53823.110 18.034 0.026
53824.120 18.017 0.021
53827.214 18.109 0.024
53829.195 18.253 0.062
53831.150 18.394 0.054
53832.110 18.459 0.022
53832.174 18.438 0.046
53833.090 18.543 0.024
53837.169 18.832 0.103
53840.060 19.068 0.039
53841.139 19.085 0.066
53845.141 19.314 0.057
53846.100 19.494 0.034
53858.020 19.814 0.068
53862.010 19.936 0.068
53864.138 20.012 0.231
53866.980 19.998 0.076
53870.020 20.012 0.076
53870.990 20.100 0.068
53871.990 20.116 0.070
53890.020 20.374 0.081
53890.970 20.430 0.101
