53465.306 16.479 0.017
53466.294 16.525 0.032
53467.400 16.270 0.020
53474.400 16.110 0.020
53475.332 16.382 0.048
53481.300 16.290 0.020
53492.356 16.944 0.037
53494.384 17.049 0.040
53496.239 17.125 0.042
53503.300 17.090 0.030
53506.300 17.090 0.030
53509.200 17.200 0.040
53513.312 17.714 0.058
53517.348 17.785 0.101
53519.300 17.320 0.030
53526.300 17.490 0.050
53528.282 17.931 0.029
53531.300 17.460 0.030
53535.200 17.500 0.030
53542.300 17.640 0.070
53546.300 17.710 0.040
53550.200 17.570 0.040
53558.300 17.560 0.050
53560.246 18.512 0.037
53561.147 18.464 0.181
53561.300 17.560 0.050
53570.300 17.950 0.080
53571.200 18.030 0.050
53581.200 18.000 0.050
53589.200 18.180 0.090
