54914.000 18.100 0.060
54914.080 17.908 0.020
54914.100 18.000 0.100
54915.070 17.473 0.012
54915.100 17.490 5.270
54916.000 17.330 0.040
54917.000 17.210 0.030
54917.190 17.143 0.013
54917.200 17.170 0.040
54918.000 17.130 0.040
54919.200 17.080 0.040
54920.000 17.070 0.040
54920.070 17.047 0.013
54920.100 17.070 0.030
54922.000 17.070 0.030
54923.200 17.160 0.040
54924.000 17.250 0.040
54927.080 17.582 0.013
54927.100 17.570 0.270
54928.000 17.780 0.030
54928.050 17.734 0.016
54928.100 17.750 0.070
54929.000 17.840 0.040
54930.000 18.000 0.070
54930.000 18.020 0.050
54930.030 17.969 0.019
54931.040 18.115 0.022
54931.100 18.130 0.050
54933.050 18.389 0.020
54933.100 18.400 0.100
54934.000 18.480 0.050
54935.000 18.590 0.060
54936.000 18.670 0.050
54937.100 18.810 0.090
54937.100 18.873 0.025
54938.090 18.965 0.029
54938.100 18.920 0.140
54942.080 19.299 0.035
54942.100 19.160 0.120
54944.200 19.380 0.100
54945.150 19.465 0.046
54946.000 19.380 0.090
54946.050 19.497 0.041
54947.040 19.573 0.044
54947.100 19.430 0.190
54949.070 19.617 0.043
54952.960 19.671 0.045
54953.000 19.480 0.040
54956.000 19.930 0.490
54959.000 19.700 0.200
54960.000 19.810 0.130
54960.000 19.880 0.140
54960.030 19.859 0.071
54961.100 20.080 0.160
54962.000 19.860 0.270
54963.000 19.640 0.270
54964.000 19.910 0.290
54964.070 19.841 0.064
54964.100 19.960 0.100
54966.000 20.030 0.100
54966.030 20.038 0.064
54972.000 20.268 0.065
