54914.000 16.750 0.080
54916.000 15.950 0.050
54917.000 15.800 0.050
54918.100 15.710 0.040
54919.200 15.590 0.060
54920.000 15.500 0.050
54921.000 15.490 0.050
54922.000 15.420 0.060
54923.100 15.350 0.040
54924.100 15.350 0.060
54928.000 15.370 0.040
54929.000 15.370 0.050
54930.000 15.400 0.050
54931.000 15.440 0.040
54932.000 15.480 0.050
54934.000 15.590 0.040
54935.000 15.670 0.050
54936.000 15.740 0.040
54938.000 15.890 0.050
54939.000 15.960 0.050
54941.100 16.120 0.050
54942.000 16.160 0.050
54943.000 16.230 0.050
54944.100 16.380 0.050
54946.100 16.450 0.060
54947.000 16.470 0.050
54948.100 16.540 0.060
54950.100 16.600 0.070
54951.000 16.610 0.080
54952.000 16.640 0.070
54954.000 16.730 0.070
54955.000 16.810 0.080
54956.000 16.870 0.060
54959.000 16.950 0.080
54960.100 16.860 0.080
54961.100 17.060 0.100
54962.000 16.940 0.070
54963.000 17.080 0.050
54967.000 16.930 0.090
54968.000 17.210 0.110
54970.000 17.390 0.120
54972.000 17.330 0.110
54973.000 17.350 0.110
54984.100 17.470 0.170
54993.000 18.110 0.200
54994.100 18.000 0.230
54995.000 18.000 0.170
