54919.170 15.006 0.017
54921.200 14.876 0.011
54921.200 14.890 0.040
54921.210 14.852 0.012
54929.130 14.670 0.012
54929.200 14.700 0.040
54932.160 14.789 0.011
54932.200 14.800 0.040
54935.010 14.881 0.018
54935.200 14.800 0.040
54937.090 15.000 0.018
54937.200 14.940 0.040
54939.190 15.079 0.015
54939.200 15.110 0.040
54945.160 15.458 0.019
54945.200 15.470 0.040
54948.130 15.656 0.022
54948.200 15.680 0.050
54949.130 15.661 0.027
54949.200 15.660 0.050
54975.120 16.604 0.061
54975.200 16.680 0.080
