5.491916999999992549e+04 1.520100000000000051e+01 1.499999999999999944e-02
5.491916999999992549e+04 1.518900000000000006e+01 1.200000000000000025e-02
5.492120000000018626e+04 1.503899999999999970e+01 8.000000000000000167e-03
5.492120999999996275e+04 1.505700000000000038e+01 1.200000000000000025e-02
5.492912999999988824e+04 1.478899999999999970e+01 8.999999999999999320e-03
5.492912999999988824e+04 1.486100000000000065e+01 1.000000000000000021e-02
5.493216000000014901e+04 1.487199999999999989e+01 1.099999999999999936e-02
5.493216000000014901e+04 1.491799999999999926e+01 1.400000000000000029e-02
5.493918999999994412e+04 1.518299999999999983e+01 1.000000000000000021e-02
5.493918000000016764e+04 1.521000000000000085e+01 8.000000000000000167e-03
5.494516000000014901e+04 1.562500000000000000e+01 1.400000000000000029e-02
5.494516000000014901e+04 1.563499999999999979e+01 1.299999999999999940e-02
5.494812999999988824e+04 1.581000000000000050e+01 1.700000000000000122e-02
5.494812999999988824e+04 1.580899999999999928e+01 1.299999999999999940e-02
5.494912999999988824e+04 1.597400000000000020e+01 1.799999999999999864e-02
5.494912999999988824e+04 1.590199999999999925e+01 1.299999999999999940e-02
5.497512000000011176e+04 1.716600000000000037e+01 2.999999999999999889e-02
5.497512000000011176e+04 1.724599999999999866e+01 3.400000000000000244e-02
#WIRC
5.493500999999977648e+04	15.405	1.099999999999999936e-02
5.493502000000001863e+04	15.389	1.099999999999999936e-02
5.493708999999985099e+04	15.522	1.200000000000000025e-02
5.493708999999985099e+04	15.542	1.099999999999999936e-02
