54914.000 17.090 0.030
54916.000 16.360 0.030
54917.000 16.150 0.030
54918.000 16.050 0.030
54920.000 15.900 0.030
54921.000 15.850 0.030
54922.000 15.810 0.030
54923.200 15.790 0.030
54924.100 15.780 0.030
54928.000 15.850 0.040
54929.000 15.900 0.030
54930.000 16.000 0.030
54931.000 16.010 0.030
54932.000 16.100 0.030
54933.000 16.140 0.030
54934.000 16.220 0.050
54935.000 16.330 0.030
54936.000 16.430 0.030
54938.000 16.600 0.030
54939.000 16.680 0.030
54941.100 16.820 0.030
54942.000 16.920 0.030
54943.000 16.960 0.040
54946.100 17.180 0.030
54947.100 17.200 0.030
54948.100 17.240 0.030
54950.000 17.330 0.030
54951.000 17.350 0.040
54952.000 17.390 0.030
54954.000 17.500 0.040
54955.000 17.500 0.030
54956.000 17.630 0.030
54959.000 17.700 0.030
54960.000 17.720 0.030
54961.100 17.790 0.030
54962.000 17.710 0.040
54963.000 17.950 0.030
54964.000 17.900 0.030
54967.000 17.990 0.030
54968.000 17.980 0.040
54970.000 17.980 0.060
54972.000 18.140 0.030
54973.000 18.110 0.030
54984.000 18.570 0.050
54993.000 18.580 0.030
54994.000 18.900 0.030
54995.000 18.840 0.040
