54919.170 15.189 0.012
54919.170 15.201 0.015
54921.200 15.039 0.008
54921.200 15.080 0.040
54921.210 15.057 0.012
54929.130 14.789 0.009
54929.130 14.861 0.010
54929.200 14.850 0.040
54932.160 14.872 0.011
54932.160 14.918 0.014
54932.200 14.920 0.040
54935.010 14.975 0.011
54935.020 14.959 0.011
54935.200 15.110 0.040
54937.090 15.092 0.012
54937.090 15.112 0.011
54939.180 15.210 0.008
54939.190 15.183 0.010
54939.200 15.230 0.040
54945.160 15.625 0.014
54945.160 15.635 0.013
54945.200 15.650 0.040
54948.130 15.809 0.013
54948.130 15.810 0.017
54948.200 15.840 0.040
54949.130 15.902 0.013
54949.130 15.974 0.018
54949.200 15.950 0.040
54975.120 17.166 0.030
54975.120 17.246 0.034
54975.200 17.230 0.050
