54919.170 15.345 0.015
54919.170 15.363 0.015
54921.200 15.205 0.008
54921.200 15.210 0.040
54921.210 15.193 0.010
54929.130 15.003 0.010
54929.130 15.013 0.015
54929.200 15.020 0.040
54932.160 15.035 0.009
54932.160 15.064 0.012
54932.200 15.060 0.040
54935.010 15.127 0.011
54935.020 15.151 0.012
54935.200 15.100 0.040
54937.090 15.174 0.013
54937.090 15.223 0.011
54939.180 15.366 0.010
54939.190 15.367 0.011
54939.200 15.380 0.040
54945.160 15.754 0.016
54945.160 15.836 0.018
54945.200 15.810 0.040
54948.130 15.930 0.016
54948.130 15.965 0.019
54948.200 15.960 0.040
54949.130 15.967 0.016
54949.130 16.054 0.018
54949.200 16.010 0.040
54975.120 17.035 0.021
54975.120 17.067 0.028
54975.200 17.050 0.040
