54914.000 17.210 0.060
54914.080 17.186 0.013
54915.070 16.794 0.011
54915.100 16.820 0.100
54916.000 16.650 0.040
54917.000 16.480 0.040
54917.190 16.390 0.012
54917.200 16.400 0.100
54918.000 16.340 0.030
54919.200 16.210 0.030
54920.000 16.210 0.040
54920.070 16.161 0.012
54920.100 16.160 0.100
54921.000 16.100 0.030
54922.000 16.080 0.030
54923.200 16.070 0.030
54924.100 16.080 0.030
54927.080 16.249 0.009
54927.100 16.210 0.100
54928.000 16.310 0.030
54928.050 16.338 0.011
54928.100 16.310 0.100
54929.000 16.410 0.040
54930.000 16.500 0.100
54930.000 16.520 0.040
54930.030 16.501 0.012
54931.000 16.590 0.040
54931.040 16.596 0.010
54931.100 16.560 0.100
54932.000 16.710 0.040
54933.000 16.760 0.050
54933.050 16.803 0.011
54933.100 16.750 0.100
54934.000 16.900 0.040
54935.000 16.950 0.050
54936.000 17.110 0.050
54937.100 17.150 0.100
54937.100 17.192 0.011
54938.000 17.250 0.060
54938.090 17.288 0.013
54938.100 17.220 0.100
54939.000 17.350 0.060
54941.100 17.540 0.060
54942.000 17.540 0.070
54942.080 17.585 0.012
54942.100 17.510 0.100
54943.000 17.620 0.070
54944.100 17.670 0.060
54945.150 17.803 0.024
54946.000 17.740 0.070
54947.000 17.800 0.100
54947.040 17.878 0.019
54947.100 17.850 0.080
54948.100 17.880 0.070
54949.070 17.991 0.017
54950.100 17.950 0.110
54951.000 17.990 0.100
54952.000 18.070 0.110
54952.960 18.106 0.028
54954.000 18.150 0.100
54955.000 18.160 0.110
54956.000 18.300 0.110
54959.000 18.210 0.090
54960.000 18.210 0.110
54960.000 18.230 0.100
54960.030 18.333 0.023
54961.100 18.360 0.120
54962.000 18.310 0.140
54963.000 18.410 0.140
54964.000 18.750 0.170
54964.070 18.405 0.024
54964.100 18.340 0.100
54966.000 18.480 0.100
54966.030 18.507 0.024
54967.000 18.290 0.090
54968.000 18.460 0.130
54970.000 18.490 0.150
54972.000 18.703 0.026
54972.000 18.990 0.180
54973.000 18.720 0.180
54976.000 18.686 0.064
54984.000 18.950 0.190
54993.000 19.140 0.170
54995.000 19.590 0.290
55037.000 19.780 0.780
