54346.46382	14.110	0.014
54347.44255	14.233	0.014
54348.40251	14.347	0.014
54351.45704	14.731	0.014
54352.39634	14.848	0.014
54353.47174	14.953	0.014
54354.43146	15.049	0.014
54355.40525	15.141	0.014
54356.42330	15.237	0.014
54357.42409	15.279	0.014
54358.46968	15.397	0.015
54363.38273	15.665	0.015
54369.39436	15.865	0.017
54370.40919	15.863	0.017
54377.34185	15.935	0.015
54379.42039	15.977	0.015
54381.46516	15.963	0.015
54383.37174	15.991	0.015
54384.43282	16.006	0.015
54389.50736	16.070	0.015
54391.37654	16.086	0.015
54394.40372	16.093	0.015
54395.37867	16.049	0.017
54398.45496	16.112	0.024
54401.45963	16.121	0.034
54402.32488	16.212	0.017
54403.49313	16.190	0.022
54404.39679	16.248	0.017
54406.37273	16.267	0.015
54407.40534	16.270	0.019
54409.36882	16.314	0.019
54411.20921	16.341	0.016
54412.31780	16.350	0.015
54413.39296	16.375	0.016
54415.18818	16.387	0.015
54416.22175	16.380	0.016
54419.21685	16.459	0.016
54423.35476	16.460	0.016
54425.36837	16.517	0.017
54429.20008	16.455	0.043
54431.31299	16.633	0.021
54432.19719	16.749	0.034
54437.30509	16.646	0.019
54440.32343	16.755	0.017
54456.25571	16.887	0.091
54457.27496	16.926	0.053
54461.30726	17.168	0.041
54462.21957	17.191	0.023
54468.17822	17.218	0.020
54471.16135	17.318	0.022
54477.21789	17.416	0.021
54479.12675	17.424	0.024
54521.12127	18.219	0.039
