54348.397 13.190 0.016
54351.451 13.359 0.016
54352.391 13.412 0.017
54353.466 13.475 0.017
54354.426 13.541 0.016
54355.400 13.598 0.016
54356.418 13.653 0.017
54357.419 13.726 0.016
54358.464 13.794 0.016
54363.377 14.096 0.016
54369.381 14.336 0.016
54370.404 14.366 0.016
54377.336 14.557 0.016
54379.415 14.601 0.016
54381.460 14.659 0.015
54383.366 14.698 0.016
54384.427 14.718 0.016
54389.502 14.836 0.016
54391.371 14.867 0.016
54394.398 14.933 0.016
54395.372 14.948 0.014
54398.448 15.000 0.015
54401.452 15.065 0.017
54402.319 15.072 0.016
54403.486 15.093 0.017
54404.390 15.125 0.017
54406.367 15.161 0.017
54407.398 15.174 0.017
54409.362 15.206 0.017
54411.204 15.242 0.016
54412.312 15.267 0.017
54413.387 15.287 0.017
54415.183 15.328 0.016
54416.216 15.332 0.016
54419.211 15.382 0.017
54423.349 15.473 0.015
54425.332 15.521 0.017
54429.195 15.563 0.025
54431.312 15.604 0.018
54432.192 15.599 0.024
54433.238 15.677 0.024
54437.300 15.712 0.016
54440.318 15.749 0.015
54457.266 16.015 0.025
54461.302 16.063 0.019
54462.214 16.131 0.016
54463.153 16.116 0.033
54468.173 16.225 0.018
54471.156 16.246 0.019
54477.212 16.361 0.019
54479.121 16.387 0.019
54521.116 17.075 0.024
