54330.070 13.549
54330.200 13.602
54332.180 13.326
54332.200 13.348
54333.230 13.258
54334.130 13.291
54335.240 13.345
54336.010 13.340
54341.870 14.182
54346.770 14.890
54347.446 14.683
54350.170 15.280
54351.465 15.402
54352.399 15.548
54353.170 15.613
54353.475 15.641
54354.435 15.680
54354.840 15.918
54355.408 15.838
54356.426 15.873
54357.427 15.935
54358.030 16.198
54358.070 16.125
54358.473 16.122
54359.950 16.275
54361.940 16.413
54363.386 16.286
54363.950 16.456
54365.140 16.258
54368.060 16.346
54369.458 16.460
54369.930 16.467
54370.412 16.403
54371.070 16.417
54373.100 16.337
54377.345 16.350
54379.423 16.397
54381.468 16.373
54383.375 16.441
54384.436 16.451
54389.900 16.542
54394.020 16.571
54397.980 16.591
54402.080 16.690
54406.200 16.662
54410.200 16.740
54418.060 16.811
54431.940 17.027
54440.030 17.094
54444.040 17.203
54450.120 17.188
54462.890 17.327
54478.900 17.808
54491.850 17.871
