54348.446 12.297
54352.438 12.273
54355.433 12.469
54356.429 12.390
54357.428 12.453
54363.432 12.874
54368.412 13.001
54369.380 13.059
54370.398 13.046
54377.331 13.146
54380.319 13.327
54383.344 13.519
54384.335 13.622
54385.347 13.724
54386.354 13.624
54387.313 13.815
54388.293 13.763
54389.315 13.730
54390.323 13.883
54391.275 13.823
54392.289 13.825
54395.323 14.070
54396.310 14.115
54400.302 14.208
54401.264 14.004
54402.262 14.239
54403.276 14.093
54404.283 14.085
54405.263 14.260
54406.420 14.291
54407.291 14.314
54408.266 14.227
54409.247 14.363
54410.235 14.302
54411.272 14.351
54412.223 14.341
54413.250 14.520
54415.222 14.617
54416.243 14.559
54418.433 14.596
54419.272 14.577
54421.212 14.553
54422.237 14.734
54423.227 14.654
54425.219 14.583
54433.191 14.647
54438.169 14.983
54439.164 15.111
54440.176 15.033
54447.159 15.325
54448.175 15.130
54449.135 15.322
54450.138 15.246
54452.151 15.319
54453.127 15.158
54454.129 15.283
54456.219 15.367
54461.286 15.541
54465.229 15.404
54475.158 15.814
54484.114 15.830
54506.077 15.835
