54330.070 13.695 0.024
54330.200 13.588 0.037
54332.180 13.185 0.030
54332.200 13.214 0.024
54333.230 13.086 0.023
54334.130 13.046 0.024
54334.200 13.000 0.033
54335.240 12.981 0.028
54336.010 12.947 0.020
54336.100 12.960 0.025
54338.030 12.882 0.023
54338.100 12.904 0.026
54338.930 12.916 0.027
54339.100 12.908 0.020
54341.870 13.049 0.030
54342.020 13.070 0.100
54343.780 13.163 0.100
54346.461 13.194 0.013
54346.770 13.265 0.150
54347.440 13.264 0.015
54348.400 13.349 0.015
54349.990 13.579 0.023
54350.170 13.516 0.028
54351.455 13.620 0.015
54352.386 13.701 0.015
54353.170 13.881 0.026
54353.469 13.791 0.015
54354.429 13.881 0.015
54354.840 13.974 0.100
54355.403 13.965 0.014
54356.100 14.088 0.025
54356.421 14.042 0.015
54357.020 14.078 0.021
54357.050 14.098 0.023
54357.100 14.156 0.020
54357.422 14.126 0.014
54358.030 14.184 0.023
54358.070 14.202 0.023
54358.467 14.206 0.015
54359.950 14.309 0.027
54360.140 14.325 0.017
54361.940 14.380 0.025
54363.100 14.530 0.015
54363.380 14.525 0.015
54363.950 14.545 0.030
54364.000 14.567 0.014
54365.140 14.567 0.023
54368.060 14.710 0.030
54369.384 14.740 0.015
54369.930 14.788 0.027
54370.407 14.772 0.015
54371.070 14.859 0.024
54373.100 14.875 0.021
54375.030 14.906 0.021
54377.340 14.933 0.015
54379.418 14.966 0.015
54381.010 15.001 0.028
54381.463 15.006 0.014
54382.060 15.010 0.018
54382.100 15.055 0.026
54383.070 15.021 0.025
54383.369 15.043 0.015
54384.070 15.054 0.018
54384.431 15.045 0.015
54385.130 15.053 0.021
54389.050 15.163 0.018
54389.505 15.141 0.015
54389.900 15.120 0.025
54391.374 15.173 0.015
54392.100 15.162 0.025
54394.020 15.201 0.026
54394.401 15.224 0.014
54395.375 15.220 0.014
54396.020 15.235 0.024
54397.980 15.267 0.022
54398.451 15.290 0.016
54401.456 15.344 0.017
54402.080 15.319 0.025
54402.323 15.351 0.015
54403.080 15.352 0.021
54403.489 15.382 0.015
54404.394 15.389 0.015
54406.200 15.379 0.024
54406.370 15.422 0.016
54407.402 15.453 0.015
54409.365 15.476 0.015
54410.200 15.458 0.021
54411.207 15.503 0.016
54412.316 15.521 0.017
54413.391 15.476 0.018
54415.186 15.585 0.016
54416.219 15.600 0.015
54417.080 15.600 0.022
54418.060 15.579 0.030
54419.215 15.644 0.016
54423.352 15.723 0.015
54425.308 15.754 0.018
54429.198 15.817 0.028
54431.314 15.871 0.020
54431.940 15.824 0.022
54432.195 15.850 0.049
54437.303 15.957 0.015
54439.010 15.923 0.031
54439.950 15.938 0.025
54440.030 15.935 0.023
54440.321 16.015 0.016
54444.010 16.039 0.026
54444.040 16.028 0.022
54450.120 16.122 0.030
54457.278 16.429 0.027
54459.990 16.326 0.023
54461.305 16.360 0.027
54462.217 16.440 0.018
54462.890 16.346 0.025
54463.157 16.498 0.074
54468.000 16.476 0.024
54468.176 16.575 0.019
54471.159 16.627 0.021
54471.900 16.495 0.031
54474.010 16.568 0.024
54477.216 16.724 0.019
54478.900 16.725 0.037
54479.124 16.768 0.020
54491.850 16.853 0.028
54493.860 16.967 0.024
54521.119 17.644 0.033
54707.470 20.300 0.200
54711.120 20.400 0.500
54739.990 20.696 0.500
