54347.449 12.329
54348.446 12.300
54352.438 12.395
54353.436 12.327
54354.446 12.473
54355.433 12.499
54356.429 12.558
54357.428 12.532
54363.432 12.771
54368.412 12.959
54369.380 12.997
54370.398 13.147
54377.331 13.253
54380.319 13.350
54383.344 13.428
54384.335 13.551
54385.347 13.525
54386.354 13.487
54387.313 13.546
54388.293 13.536
54389.315 13.584
54390.323 13.592
54391.275 13.600
54392.289 13.642
54393.278 13.662
54395.323 13.781
54396.310 13.757
54400.302 13.979
54401.264 13.955
54402.262 13.937
54403.276 14.007
54404.283 14.062
54405.263 13.942
54406.420 14.041
54407.291 14.146
54408.266 14.211
54409.247 14.114
54410.235 14.126
54411.272 14.244
54412.223 14.247
54413.250 14.241
54415.222 14.315
54416.243 14.378
54418.433 14.430
54419.272 14.421
54421.212 14.536
54422.237 14.420
54423.227 14.475
54425.219 14.678
54433.191 14.720
54438.169 14.792
54439.164 14.930
54440.176 14.909
54447.159 14.975
54448.175 15.164
54449.135 15.117
54450.138 15.136
54452.151 15.215
54453.127 15.233
54454.129 15.233
54456.219 15.232
54461.286 15.392
54465.229 15.503
54475.158 15.726
54484.114 16.025
54506.077 16.515
