54330.070 13.519 0.024
54330.200 13.535 0.041
54332.180 13.214 0.027
54332.200 13.278 0.041
54333.230 13.045 0.025
54334.130 12.887 0.023
54334.200 12.969 0.026
54335.240 12.919 0.054
54336.010 12.837 0.020
54336.100 12.834 0.026
54338.030 12.732 0.024
54338.100 12.770 0.032
54338.930 12.810 0.045
54339.100 12.741 0.032
54341.870 12.787 0.024
54342.020 12.780 0.060
54343.780 12.832 0.100
54346.770 12.897 0.150
54349.990 13.097 0.023
54350.170 13.154 0.055
54353.170 13.348 0.030
54354.840 13.551 0.050
54356.100 13.528 0.023
54357.020 13.535 0.022
54357.050 13.589 0.025
54357.100 13.608 0.026
54358.030 13.592 0.024
54358.070 13.624 0.023
54359.050 13.710 0.020
54359.950 13.743 0.028
54360.140 13.752 0.023
54361.940 13.856 0.023
54363.100 13.959 0.020
54363.950 13.969 0.024
54364.000 14.004 0.021
54365.140 14.055 0.023
54368.060 14.138 0.028
54369.930 14.200 0.025
54371.070 14.324 0.030
54373.100 14.266 0.023
54375.030 14.367 0.020
54381.010 14.499 0.037
54382.060 14.565 0.024
54382.100 14.493 0.026
54383.070 14.544 0.021
54384.070 14.562 0.020
54385.130 14.570 0.020
54389.050 14.621 0.038
54389.900 14.660 0.028
54392.100 14.680 0.022
54394.020 14.743 0.023
54396.020 14.772 0.021
54397.980 14.853 0.024
54402.080 14.906 0.024
54403.080 14.905 0.020
54406.200 14.973 0.025
54410.200 15.046 0.023
54417.080 15.133 0.023
54418.060 15.177 0.027
54425.130 15.215 0.020
54431.940 15.388 0.026
54439.010 15.427 0.025
54439.950 15.442 0.023
54440.030 15.506 0.021
54444.010 15.519 0.021
54444.040 15.570 0.022
54450.120 15.626 0.027
54459.990 15.709 0.026
54462.810 15.781 0.026
54462.890 15.781 0.027
54468.000 15.803 0.021
54471.900 15.935 0.025
54474.010 15.922 0.022
54478.900 15.959 0.030
54491.850 16.150 0.025
54493.860 16.161 0.020
54506.950 16.371 0.027
54707.470 19.770 0.200
54711.120 19.800 0.500
54739.990 20.205 0.400
