54330.070 13.430
54330.200 13.510
54332.180 13.063
54332.200 13.083
54334.130 12.858
54335.240 12.839
54336.010 12.731
54336.100 12.674
54338.030 12.717
54338.100 12.645
54339.100 12.620
54341.870 12.611
54342.020 12.608
54343.780 12.650
54346.770 12.736
54349.990 12.766
54350.170 12.827
54353.170 12.932
54354.840 13.008
54356.100 13.111
54357.020 13.118
54357.050 13.219
54357.100 13.207
54358.030 13.185
54358.070 13.231
54359.050 13.281
54359.950 13.252
54360.140 13.299
54361.940 13.405
54363.100 13.456
54363.950 13.468
54364.000 13.480
54365.140 13.511
54368.060 13.594
54369.930 13.654
54371.070 13.686
54373.100 13.787
54375.030 13.818
54381.010 13.888
54382.060 13.951
54382.100 13.937
54383.070 13.922
54384.070 13.929
54385.130 13.928
54389.050 13.984
54389.900 14.045
54392.100 14.060
54394.020 14.127
54396.020 14.133
54397.980 14.168
54402.080 14.216
54403.080 14.238
54406.200 14.241
54410.200 14.351
54417.080 14.518
54418.060 14.480
54431.940 14.724
54439.010 14.825
54439.950 14.922
54440.030 14.859
54444.010 15.000
54444.040 15.004
54450.120 15.058
54459.990 15.206
54462.810 15.278
54462.890 15.226
54468.000 15.343
54471.900 15.442
54474.010 15.419
54478.900 15.538
54491.850 15.810
54493.860 15.829
54506.950 16.168
54707.470 19.620
54711.120 19.540
54739.990 19.861
