54347.449 12.473
54348.446 12.464
54352.438 12.613
54353.436 12.632
54354.446 12.690
54355.433 12.766
54356.429 12.809
54357.428 12.793
54363.432 13.162
54368.412 13.345
54369.380 13.394
54370.398 13.471
54377.331 13.686
54380.319 13.762
54383.344 13.897
54384.335 13.891
54385.347 13.924
54386.354 13.947
54387.313 13.993
54388.293 14.012
54389.315 14.030
54390.323 14.107
54391.275 14.108
54392.289 14.133
54393.278 14.184
54395.323 14.223
54396.310 14.230
54400.302 14.489
54401.264 14.442
54402.262 14.432
54403.276 14.520
54404.283 14.444
54405.263 14.552
54406.420 14.580
54407.291 14.595
54408.266 14.619
54409.247 14.617
54410.235 14.718
54411.272 14.693
54412.223 14.798
54413.250 14.760
54415.222 14.814
54416.243 14.895
54418.433 14.909
54419.272 14.941
54421.212 15.008
54422.237 15.033
54423.227 15.070
54425.219 15.028
54433.191 15.273
54437.209 15.449
54438.169 15.414
54439.164 15.439
54440.176 15.437
54447.159 15.518
54448.175 15.615
54449.135 15.567
54450.138 15.661
54452.151 15.693
54453.127 15.720
54454.129 15.778
54456.219 15.808
54461.286 15.857
54465.229 16.075
54474.121 16.209
54475.158 16.224
54484.114 16.383
54506.077 16.542
