54347.439 13.065
54348.399 13.151
54351.453 13.369
54352.392 13.437
54353.468 13.506
54354.428 13.582
54355.401 13.651
54356.419 13.717
54357.420 13.789
54358.466 13.868
54363.379 14.196
54369.383 14.425
54370.405 14.458
54377.338 14.652
54379.416 14.694
54381.461 14.750
54383.368 14.781
54384.429 14.797
54389.503 14.900
54391.373 14.934
54394.400 14.994
54395.373 15.014
54398.449 15.059
54401.454 15.135
54402.321 15.143
54403.488 15.167
54404.392 15.173
54406.369 15.217
54407.400 15.228
54409.364 15.259
54411.205 15.291
54412.316 15.313
54413.389 15.322
54415.184 15.366
54416.218 15.386
54419.213 15.435
54423.351 15.515
54425.304 15.533
54429.196 15.578
54433.239 15.700
54437.301 15.711
54440.319 15.778
54457.263 16.039
54461.303 16.037
54462.216 16.109
54463.155 16.117
54468.174 16.200
54471.157 16.278
54477.214 16.337
54479.123 16.384
54521.117 17.091
