54007.484 16.400 0.025
54008.497 16.439 0.025
54009.501 16.510 0.019
54011.468 16.610 0.020
54012.475 16.655 0.019
54041.458 17.506 0.024
54043.514 17.516 0.026
54044.448 17.535 0.024
54045.464 17.573 0.023
54046.488 17.593 0.020
54055.446 17.708 0.020
54070.467 17.961 0.023
54072.407 17.987 0.032
54086.390 18.209 0.030
54089.477 18.241 0.023
54100.405 18.376 0.033
54101.332 18.440 0.043
54101.344 18.362 0.037
54102.381 18.281 0.058
54114.431 18.594 0.026
54128.318 18.767 0.067
54129.455 18.848 0.043
54138.249 19.106 0.083
54139.338 19.011 0.061
54140.356 19.039 0.042
54148.237 19.198 0.043
54148.254 19.102 0.036
54150.355 19.197 0.031
54153.281 19.257 0.047
54153.301 19.378 0.062
54162.244 19.379 0.113
54162.292 19.451 0.149
54166.196 19.451 0.091
54166.289 19.275 0.055
54168.378 19.390 0.060
54169.331 19.510 0.057
