54007.481 16.226 0.027
54008.495 16.270 0.026
54009.499 16.294 0.022
54011.466 16.386 0.027
54012.472 16.424 0.020
54041.455 17.335 0.028
54043.511 17.367 0.027
54044.445 17.365 0.023
54045.461 17.356 0.021
54046.486 17.368 0.023
54055.444 17.559 0.020
54070.465 17.872 0.029
54086.388 18.133 0.031
54089.475 18.283 0.034
54100.402 18.433 0.036
54101.330 18.388 0.037
54101.342 18.357 0.042
54102.379 18.493 0.065
54109.448 18.502 0.104
54110.458 18.503 0.039
54114.429 18.691 0.037
54128.316 18.764 0.055
54129.452 18.948 0.046
54138.246 18.881 0.063
54139.335 18.860 0.055
54140.353 18.977 0.041
54148.234 19.049 0.037
54148.251 19.012 0.039
54150.352 19.093 0.040
54153.278 19.176 0.049
54153.298 19.285 0.084
54160.269 19.334 0.088
54166.286 19.339 0.056
54168.375 19.372 0.064
54169.328 19.320 0.057
