56354.409 20.870 999.000
56354.439 20.773 999.000
56354.469 21.567 999.000
56356.473 21.040 999.000
56356.503 19.621 999.000
56362.351 20.980 999.000
56362.381 21.258 999.000
56362.410 21.480 999.000
56363.323 21.245 999.000
56363.352 21.260 999.000
56363.384 21.470 999.000
56367.522 19.562 999.000
56368.332 21.320 999.000
56368.362 21.531 999.000
56368.392 21.450 999.000
56369.330 21.380 999.000
56369.360 21.524 999.000
56369.390 20.290 999.000
56370.467 21.360 999.000
56370.496 20.164 999.000
56370.525 20.651 999.000
56372.350 20.231 999.000
56372.380 19.600 999.000
56372.410 19.997 999.000
56374.336 20.840 999.000
56374.366 20.846 999.000
56374.396 21.149 999.000
56375.481 21.270 999.000
56375.515 21.596 999.000
56376.311 20.729 999.000
56376.340 20.850 999.000
56376.370 20.965 999.000
56382.313 21.220 999.000
56382.358 21.088 999.000
56382.388 21.050 999.000
56385.295 21.066 999.000
56385.325 21.540 999.000
56385.355 21.120 999.000
56386.323 21.882 999.000
56386.382 21.172 999.000
56387.404 21.520 999.000
56387.433 21.430 999.000
56387.463 21.266 999.000
56388.485 21.420 999.000
56388.515 21.174 999.000
56389.446 21.063 999.000
56389.476 21.132 999.000
56389.506 20.780 999.000
56390.444 20.930 999.000
56392.250 21.200 999.000
56392.280 21.112 999.000
56392.310 21.329 999.000
56394.244 19.122 999.000
56394.273 21.540 999.000
56394.303 21.500 999.000
56395.252 21.493 999.000
56395.282 21.443 999.000
56395.312 21.496 999.000
56396.270 21.620 999.000
56396.303 21.535 999.000
56396.333 21.700 999.000
56399.368 20.988 999.000
56399.413 21.380 999.000
56399.443 21.280 999.000
56400.417 21.030 999.000
56400.447 21.010 999.000
56400.476 20.946 999.000
56401.415 21.460 999.000
56401.444 21.220 999.000
56401.474 21.389 999.000
56402.429 21.200 999.000
56402.459 21.172 999.000
56402.489 21.030 999.000
56403.428 21.399 999.000
56403.457 21.370 999.000
56403.487 21.571 999.000
56404.433 21.310 999.000
56404.463 21.390 999.000
56404.493 21.528 999.000
56405.412 19.990 999.000
56405.445 20.316 999.000
56405.475 20.520 999.000
56412.175 21.250 999.000
56412.204 21.283 999.000
56412.234 21.510 999.000
56413.180 21.430 999.000
56413.209 21.470 999.000
56413.239 21.190 999.000
56415.176 20.158 999.000
56415.388 19.511 999.000
56415.418 19.434 999.000
