1.200 -14.421 0.002
1.320 -14.403 0.001
1.450 -14.449 0.001
1.450 -14.450 0.001
1.600 -14.520 0.001
1.760 -14.583 0.002
1.940 -14.643 0.002
2.130 -14.702 0.001
2.340 -14.763 0.001
2.570 -14.825 0.002
2.830 -14.895 0.002
3.110 -14.975 0.002
3.420 -15.071 0.001
3.760 -15.162 0.002
4.140 -15.218 0.001
4.550 -15.220 0.001
5.000 -15.190 0.001
5.500 -15.168 0.001
6.050 -15.174 0.002
6.660 -15.218 0.001
7.330 -15.311 0.001
8.060 -15.452 0.001
8.870 -15.635 0.002
9.760 -15.839 0.001
10.740 -16.050 0.001
11.810 -16.253 0.001
13.000 -16.445 0.001
14.300 -16.620 0.001
15.730 -16.778 0.002
17.300 -16.918 0.001
19.000 -17.037 0.002
20.900 -17.134 0.002
23.000 -17.199 0.001
25.300 -17.224 0.002
27.830 -17.191 0.001
30.610 -17.082 0.002
