1.200 -14.424 0.002
1.320 -14.480 0.001
1.450 -14.567 0.001
1.450 -14.568 0.001
1.600 -14.662 0.001
1.760 -14.749 0.002
1.940 -14.832 0.001
2.130 -14.907 0.002
2.340 -14.978 0.002
2.570 -15.046 0.001
2.830 -15.116 0.001
3.110 -15.188 0.002
3.420 -15.263 0.002
3.760 -15.331 0.002
4.140 -15.382 0.002
4.550 -15.411 0.002
5.000 -15.423 0.002
5.500 -15.443 0.002
6.050 -15.485 0.002
6.660 -15.553 0.001
7.330 -15.653 0.001
8.060 -15.783 0.001
8.870 -15.938 0.001
9.760 -16.104 0.002
10.740 -16.272 0.001
11.810 -16.432 0.002
13.000 -16.584 0.001
14.300 -16.722 0.001
15.730 -16.853 0.001
17.300 -16.981 0.001
19.000 -17.105 0.001
20.900 -17.228 0.001
23.000 -17.340 0.001
25.300 -17.439 0.002
27.830 -17.507 0.001
30.610 -17.509 0.001
