1.200 -15.221 0.001
1.320 -14.935 0.001
1.450 -14.517 0.002
1.450 -14.530 0.001
1.600 -14.147 0.002
1.760 -13.910 0.001
1.940 -13.802 0.001
2.130 -13.727 0.002
2.340 -13.652 0.001
2.570 -13.576 0.002
2.830 -13.505 0.001
3.110 -13.451 0.001
3.420 -13.425 0.002
3.760 -13.410 0.001
4.140 -13.350 0.001
4.550 -13.206 0.001
5.000 -12.991 0.002
5.500 -12.755 0.001
6.050 -12.557 0.001
6.660 -12.430 0.002
7.330 -12.404 0.001
8.060 -12.497 0.002
8.870 -12.711 0.002
9.760 -13.019 0.001
10.740 -13.389 0.002
11.810 -13.788 0.002
13.000 -14.201 0.001
14.300 -14.601 0.001
15.730 -14.970 0.001
17.300 -15.291 0.001
19.000 -15.546 0.002
20.900 -15.723 0.002
23.000 -15.801 0.001
25.300 -15.762 0.002
27.830 -15.597 0.002
30.610 -15.312 0.002
