1.200 -14.324 0.002
1.320 -14.210 0.002
1.450 -14.007 0.002
1.450 -14.019 0.002
1.600 -13.906 0.002
1.760 -13.949 0.002
1.940 -13.976 0.001
2.130 -13.981 0.001
2.340 -13.974 0.002
2.570 -13.963 0.001
2.830 -13.955 0.002
3.110 -13.963 0.001
3.420 -13.995 0.002
3.760 -14.035 0.001
4.140 -14.031 0.002
4.550 -13.947 0.002
5.000 -13.806 0.002
5.500 -13.662 0.001
6.050 -13.567 0.001
6.660 -13.543 0.002
7.330 -13.601 0.002
8.060 -13.747 0.001
8.870 -13.977 0.002
9.760 -14.264 0.001
10.740 -14.582 0.002
11.810 -14.905 0.001
13.000 -15.227 0.002
14.300 -15.530 0.001
15.730 -15.807 0.001
17.300 -16.048 0.002
19.000 -16.240 0.001
20.900 -16.373 0.002
23.000 -16.429 0.002
25.300 -16.391 0.002
27.830 -16.249 0.002
30.610 -16.011 0.002
