52702.000 15.244 0.012
52710.000 14.380 0.023
52733.000 14.756 0.018
52738.000 15.033 0.025
52744.000 15.312 0.014
52745.000 15.315 0.014
52745.000 15.322 0.014
52746.000 15.389 0.014
52754.000 15.563 0.014
52843.400 16.888 0.014
52845.400 16.914 0.014
52870.400 17.276 0.016
52871.400 17.287 0.025
52905.400 17.918 0.015
52951.300 18.737 0.030
52959.200 18.911 0.044
52988.300 19.835 0.052
52989.300 20.062 0.076
52995.200 20.307 0.060
52996.200 20.262 0.049
53000.100 20.361 0.056
53001.200 20.567 0.064
53019.200 21.036 0.070
#Hamuy
52700.6	99.0	99.0
52700.6	99.0	99.0
52702.5	15.244	0.012
52702.5	99.0	99.0
52710.5	14.38	0.023
52710.6	99.0	99.0
52733.5	14.756	0.018
52733.5	99.0	99.0
52738.5	15.033	0.025
52738.5	99.0	99.0
52739.5	99.0	99.0
52744.5	15.312	0.014
52745.5	15.315	0.014
52745.5	15.322	0.014
52746.5	15.389	0.014
52754.5	15.563	0.014
52843.9	16.888	0.014
52845.9	16.914	0.014
52870.9	17.276	0.016
52871.9	17.287	0.025
52871.9	99.0	99.0
52905.9	17.918	0.015
52951.8	18.737	0.03
52959.7	18.911	0.044
52959.7	99.0	99.0
52966.9	99.0	99.0
52972.7	99.0	99.0
52988.8	19.835	0.052
52989.8	20.062	0.076
52989.8	99.0	99.0
52995.7	20.307	0.06
52996.7	20.262	0.049
52996.7	99.0	99.0
53000.6	20.361	0.056
53001.7	20.567	0.064
53019.7	21.036	0.07
