52710.000 14.062 0.028
52738.000 14.082 0.031
52744.000 14.282 0.014
52745.000 14.287 0.014
52745.000 14.292 0.014
52746.000 14.320 0.014
52754.000 14.481 0.014
52845.400 15.800 0.014
52870.400 16.184 0.014
52905.400 16.846 0.016
52951.300 17.571 0.023
52988.300 18.647 0.040
52989.300 18.648 0.044
52995.200 19.075 0.058
53000.100 19.122 0.044
53001.200 19.472 0.068
53019.200 19.876 0.048
#Hamuy
52700.6	99.0	99.0
52700.6	15.252	0.1
52702.5	99.0	99.0
52702.5	14.93	0.1
52710.5	14.062	0.028
52710.6	14.041	0.1
52733.5	99.0	99.0
52733.5	14.277	0.1
52738.5	14.082	0.031
52738.5	14.179	0.1
52739.5	14.508	0.1
52744.5	14.282	0.014
52745.5	14.292	0.014
52745.5	14.287	0.014
52746.5	14.32	0.014
52754.5	14.481	0.014
52843.9	99.0	99.0
52845.9	15.8	0.014
52870.9	16.184	0.014
52871.9	99.0	99.0
52871.9	16.191	0.1
52905.9	16.846	0.016
52951.8	17.571	0.023
52959.7	99.0	99.0
52959.7	17.901	0.1
52966.9	99.0	99.0
52972.7	18.121	0.1
52988.8	18.647	0.04
52989.8	18.648	0.044
52989.8	18.758	0.1
52995.7	19.075	0.058
52996.7	99.0	99.0
52996.7	19.009	0.1
53000.6	19.122	0.044
53001.7	19.472	0.068
53019.7	19.876	0.048
