52306.7295	12.9344	0.0040
52307.6865	12.7664	0.0040
52309.7094	12.5404	0.0040
52313.7175	12.3534	0.0040
52321.7098	12.8234	0.0050
52321.7165	12.8314	0.0100
52321.7184	12.8154	0.0080
52323.7299	12.9624	0.0090
52323.7364	12.9494	0.0100
52323.7378	12.9654	0.0080
52323.7392	12.9614	0.0080
52323.7405	12.9714	0.0120
52323.7419	12.9564	0.0070
52323.7433	12.9624	0.0080
52323.7447	12.9534	0.0080
52323.746	12.9664	0.0080
52323.7474	12.9684	0.0100
52323.7488	12.9504	0.0080
52323.7502	12.9494	0.0070
52324.692	13.0264	0.0080
52324.693	13.0294	0.0070
52324.694	13.0194	0.0080
52324.6949	13.0264	0.0060
52324.6959	13.0314	0.0040
52324.6968	13.0284	0.0060
52324.6978	13.0054	0.0050
52324.6987	13.0124	0.0050
52324.6997	13.0344	0.0050
52324.7006	13.0354	0.0050
52324.7016	13.0234	0.0060
52324.7025	13.0144	0.0060
52324.7035	13.0094	0.0050
52324.7045	13.0214	0.0050
52324.7054	13.0244	0.0060
52324.7064	13.0274	0.0060
52324.7073	13.0174	0.0050
52324.7083	13.0204	0.0060
52324.7092	13.0104	0.0080
52324.7102	13.0274	0.0060
52324.7111	13.0144	0.0070
52324.7121	13.0304	0.0090
52324.7131	13.0304	0.0090
52324.714	13.0184	0.0050
52324.715	13.0294	0.0060
52324.7159	13.0254	0.0050
52324.7169	13.0164	0.0070
52324.7178	13.0354	0.0050
52324.7188	13.0254	0.0060
52324.7197	13.0104	0.0110
52324.7207	13.0324	0.0070
52324.7217	13.0244	0.0070
52324.7226	13.0224	0.0100
52324.7236	13.0274	0.0050
52324.7245	13.0184	0.0070
52324.7255	13.0104	0.0070
52324.7264	13.0104	0.0070
52324.7274	13.0214	0.0100
52324.7284	13.0274	0.0080
52324.7293	13.0134	0.0070
52324.7303	13.0104	0.0070
52324.7312	13.0274	0.0060
52324.7322	13.0254	0.0060
52324.7331	13.0244	0.0050
52324.7341	13.0334	0.0070
52324.7351	13.0084	0.0060
52324.736	13.0174	0.0070
52324.737	13.0244	0.0060
52324.7379	13.0134	0.0080
52324.7389	13.0174	0.0070
52324.7398	13.0154	0.0050
52324.7408	13.0294	0.0070
52324.7418	13.0294	0.0050
52324.7427	13.0224	0.0090
52324.7437	13.0204	0.0090
52324.7446	13.0164	0.0050
52324.7456	13.0224	0.0070
52324.7465	13.0144	0.0090
52324.7475	13.0204	0.0050
52324.7485	13.0244	0.0060
52324.7494	13.0134	0.0060
52324.7504	13.0234	0.0050
52324.7513	13.0104	0.0080
52324.7523	13.0154	0.0080
52324.7532	13.0114	0.0080
52324.7542	13.0274	0.0060
52324.7552	13.0184	0.0060
52324.7561	13.0094	0.0050
52324.7571	13.0004	0.0080
52324.758	13.0194	0.0070
52324.759	13.0144	0.0100
52324.76	13.0234	0.0070
52324.7609	13.0254	0.0070
52324.7619	13.0394	0.0070
52324.7629	13.0264	0.0090
52324.7638	13.0224	0.0070
52324.7648	13.0364	0.0080
52324.7658	13.0284	0.0110
52324.7667	13.0224	0.0080
52324.7677	13.0234	0.0060
52324.7686	13.0184	0.0070
52324.7696	13.0364	0.0080
52324.7706	13.0264	0.0060
52324.7715	13.0394	0.0090
52324.7725	13.0204	0.0100
52324.7734	13.0044	0.0140
52324.7744	13.0164	0.0100
52324.7754	13.0094	0.0090
52324.7763	13.0304	0.0070
52324.7773	13.0284	0.0140
52324.7782	13.0224	0.0090
52324.7792	13.0194	0.0110
52325.6972	13.0914	0.0060
52325.7019	13.0994	0.0060
52325.7028	13.1094	0.0060
52325.7037	13.1044	0.0050
52325.7046	13.1024	0.0050
52325.7055	13.0904	0.0050
52325.7064	13.0934	0.0070
52325.7073	13.0894	0.0050
52325.7082	13.1094	0.0050
52325.7091	13.0914	0.0060
52325.71	13.0884	0.0080
52325.7109	13.0904	0.0050
52325.7118	13.0844	0.0050
52325.7127	13.0924	0.0050
52325.7136	13.1004	0.0070
52325.7145	13.1004	0.0060
52325.7154	13.0914	0.0050
52325.7163	13.1014	0.0060
52325.7172	13.0914	0.0040
52325.7181	13.0804	0.0050
52325.7191	13.1034	0.0060
52325.72	13.0954	0.0060
52325.7209	13.0924	0.0070
52325.7218	13.1004	0.0070
52325.7227	13.0904	0.0060
52325.7236	13.1024	0.0060
52325.7245	13.0974	0.0050
52325.7254	13.0974	0.0040
52325.7263	13.1014	0.0070
52325.7272	13.1014	0.0060
52325.7281	13.0984	0.0070
52325.729	13.1004	0.0070
52325.7299	13.0874	0.0070
52325.7308	13.1014	0.0090
52325.7317	13.0924	0.0060
52325.7326	13.0884	0.0070
52325.7335	13.0934	0.0060
52325.7344	13.0914	0.0060
52325.7353	13.1034	0.0070
52325.7362	13.0924	0.0050
52325.7371	13.0874	0.0050
52325.738	13.0994	0.0060
52325.7389	13.0984	0.0050
52325.7399	13.0954	0.0060
52325.7408	13.0864	0.0070
52325.7417	13.1054	0.0050
52325.7426	13.1024	0.0080
52325.7435	13.1024	0.0070
52325.7444	13.0864	0.0070
52325.7453	13.0914	0.0060
52325.7462	13.0784	0.0070
52325.7471	13.1064	0.0060
52325.748	13.0974	0.0080
52325.7489	13.1104	0.0070
52325.7498	13.0934	0.0090
52325.7507	13.0954	0.0050
52325.7516	13.0954	0.0060
52325.7525	13.1024	0.0060
52325.7534	13.0954	0.0070
52325.7543	13.0854	0.0070
52325.7552	13.0994	0.0060
52325.7561	13.0924	0.0090
52325.757	13.0844	0.0050
52325.758	13.0914	0.0080
52325.7589	13.1044	0.0050
52325.7598	13.1054	0.0110
52325.7607	13.0824	0.0090
52325.7616	13.1034	0.0060
52325.7625	13.1054	0.0090
52325.7634	13.0874	0.0080
52325.7643	13.0844	0.0080
52325.7652	13.0904	0.0070
52325.7661	13.0914	0.0070
52325.767	13.1034	0.0060
52325.7679	13.0934	0.0070
52325.7688	13.0964	0.0080
52325.7697	13.0684	0.0070
52325.7706	13.0924	0.0080
52325.7715	13.0954	0.0070
52325.7724	13.0854	0.0070
52325.7733	13.0904	0.0090
52325.7742	13.0934	0.0100
52325.7752	13.0764	0.0100
52325.7761	13.1104	0.0060
52325.7769	13.0944	0.0080
52325.7778	13.0904	0.0080
52325.7788	13.1024	0.0100
52328.7102	13.3414	0.0100
52331.6857	13.5624	0.0090
52331.6871	13.5654	0.0090
52331.6885	13.5604	0.0080
52331.69	13.5624	0.0070
52331.6914	13.5594	0.0070
52331.6928	13.5854	0.0100
52331.6942	13.5544	0.0090
52331.6956	13.5454	0.0090
52331.697	13.5704	0.0080
52331.6985	13.5574	0.0070
52331.6999	13.5464	0.0080
52331.7013	13.5654	0.0100
52331.7027	13.5584	0.0070
52331.7041	13.5654	0.0090
52331.7055	13.5504	0.0090
52331.707	13.5484	0.0120
52331.7084	13.5664	0.0090
52331.7098	13.5584	0.0090
52331.7112	13.5644	0.0080
52331.7126	13.5624	0.0070
52331.7141	13.5694	0.0070
52331.7155	13.5674	0.0070
52331.7169	13.5794	0.0090
52331.7183	13.5694	0.0090
52331.7197	13.5584	0.0080
52331.7212	13.5614	0.0080
52331.7226	13.5614	0.0140
52331.724	13.5564	0.0080
52331.7254	13.5604	0.0080
52331.7268	13.5454	0.0090
52331.7283	13.5554	0.0090
52331.7297	13.5514	0.0130
52331.7311	13.5494	0.0090
52331.7325	13.5484	0.0090
52331.7339	13.5694	0.0120
52331.7353	13.5524	0.0110
52331.7368	13.5544	0.0100
52331.7382	13.5534	0.0120
52331.7396	13.5584	0.0090
52331.741	13.5274	0.0120
52331.7424	13.5554	0.0120
52331.7481	13.5694	0.0160
52331.7495	13.5534	0.0120
52331.7509	13.5454	0.0130
52331.7524	13.5644	0.0120
52331.7538	13.5684	0.0140
52331.7552	13.5554	0.0130
52331.7566	13.5154	0.0130
52331.758	13.5464	0.0140
52331.7595	13.5394	0.0150
52333.6856	13.7344	0.0180
52333.6865	13.7254	0.0160
52333.6875	13.7064	0.0140
52333.6884	13.7344	0.0110
52333.6894	13.7504	0.0150
52333.6903	13.7314	0.0100
52333.6913	13.7164	0.0090
52333.6923	13.7334	0.0100
52333.6932	13.7264	0.0110
52333.6942	13.7274	0.0100
52333.6951	13.7384	0.0090
52333.6961	13.7254	0.0090
52333.697	13.7324	0.0090
52333.698	13.7554	0.0080
52333.699	13.7184	0.0110
52333.6999	13.7304	0.0100
52333.7009	13.7164	0.0090
52333.7018	13.7294	0.0080
52333.7028	13.7264	0.0110
52333.7037	13.7284	0.0080
52333.7047	13.7394	0.0090
52333.7056	13.7424	0.0080
52333.7066	13.7294	0.0090
52333.7076	13.7254	0.0090
52333.7085	13.7234	0.0110
52333.7095	13.7144	0.0090
52333.7104	13.7514	0.0130
52333.7114	13.7154	0.0100
52333.7123	13.7284	0.0110
52333.7133	13.7014	0.0110
52333.7142	13.7484	0.0120
52333.7152	13.7244	0.0120
52333.7161	13.7424	0.0120
52333.7171	13.7294	0.0140
52333.7181	13.7264	0.0140
52333.719	13.7224	0.0140
52333.72	13.7504	0.0150
52333.7209	13.7164	0.0180
52333.7219	13.7284	0.0170
52333.7228	13.6884	0.0160
52333.7238	13.7454	0.0170
52333.7247	13.7424	0.0170
52333.7257	13.7384	0.0170
52333.7267	13.7204	0.0200
52333.7276	13.7194	0.0190
52333.7286	13.7314	0.0250
52333.7295	13.6994	0.0200
52333.7305	13.6774	0.0210
52333.7314	13.7274	0.0290
52333.7324	13.7424	0.0220
52333.7333	13.6974	0.0230
52333.7343	13.7264	0.0310
52333.7353	13.7424	0.0250
52333.7362	13.7224	0.0260
52333.7372	13.7784	0.0280
52333.7381	13.7474	0.0300
52333.74	13.6954	0.0290
52333.741	13.7674	0.0350
52333.742	13.7974	0.0340
52333.7429	13.7474	0.0420
52333.7439	13.7434	0.0390
52333.7448	13.6744	0.0500
52333.7458	13.7804	0.0410
52333.7467	13.7234	0.0530
52333.7477	13.7004	0.0440
52333.7487	13.7344	0.0470
52333.7496	13.9024	0.0530
52333.7506	13.6544	0.0640
52333.7515	13.7674	0.0690
52333.7525	13.8434	0.0710
52333.7535	13.7584	0.0540
52333.7544	13.7424	0.0640
52334.6917	13.8074	0.0080
52335.6945	13.8904	0.0070
52336.6967	13.9604	0.0090
52337.6938	14.0154	0.0120
52338.69	14.1054	0.0150
