56039.322 20.930 0.040
56039.990 22.010 0.180
56040.015 22.130 0.070
56040.036 22.270 0.100
56040.047 22.160 0.060
56040.078 22.320 0.090
56040.149 22.230 0.170
56040.871 22.480 0.120
56041.067 22.500 0.160
56041.104 22.590 0.190
56041.924 22.370 0.130
56042.866 22.330 0.140
56042.885 22.350 0.060
56043.255 22.290 0.060
56043.874 22.180 0.080
56047.890 21.560 0.080
56048.018 21.560 0.080
56050.011 21.490 0.050
56053.903 21.200 0.090
56054.163 21.210 0.140
56054.264 21.290 0.050
56055.175 21.260 0.110
56058.889 21.320 0.070
56059.005 21.240 0.040
56059.005 21.270 0.030
56061.176 21.220 0.140
56062.181 21.270 0.150
56062.886 21.460 0.220
56063.180 21.330 0.100
56063.891 21.410 0.170
56063.974 21.270 0.060
56065.921 21.290 0.050
56066.040 21.330 0.040
56067.934 21.350 0.050
56067.938 21.470 0.060
56068.014 21.410 0.040
56068.923 21.390 0.060
56069.191 21.500 0.090
56070.031 21.400 0.060
56070.177 21.590 0.150
56070.969 21.620 0.040
56071.895 21.630 0.080
56076.899 21.980 0.090
56078.217 22.060 0.120
56079.894 22.080 0.110
56083.884 22.150 0.210
