56039.414 21.110 0.040
56039.990 22.190 0.140
56040.015 22.170 0.070
56040.036 22.020 0.050
56040.047 22.100 0.050
56040.057 22.220 0.070
56040.089 22.120 0.080
56040.161 22.280 0.100
56040.888 22.280 0.080
56041.068 22.340 0.090
56041.104 22.470 0.120
56041.949 22.230 0.060
56042.938 22.070 0.060
56043.247 22.120 0.060
56048.018 21.480 0.050
56050.011 21.330 0.040
56052.958 21.410 0.100
56053.972 21.370 0.140
56054.258 21.260 0.050
56056.895 21.230 0.070
56059.005 21.210 0.040
56059.032 21.270 0.050
56061.962 21.320 0.060
56063.912 21.360 0.080
56065.897 21.480 0.050
56065.968 21.510 0.040
56066.028 21.550 0.040
56067.938 21.650 0.040
56067.957 21.540 0.080
56067.979 21.580 0.050
56069.902 21.790 0.070
56069.966 21.730 0.040
56070.957 21.770 0.080
56071.907 21.960 0.070
56078.217 22.430 0.110
56079.955 22.410 0.110
56083.915 22.390 0.470
