2.230 -14.006 0.001
2.450 -14.122 0.002
2.700 -14.228 0.001
2.970 -14.305 0.002
3.270 -14.378 0.002
3.600 -14.451 0.001
3.960 -14.532 0.002
4.360 -14.615 0.001
4.800 -14.703 0.001
5.280 -14.800 0.001
5.810 -14.914 0.002
6.390 -15.048 0.001
7.030 -15.198 0.002
7.730 -15.361 0.001
8.500 -15.533 0.001
9.350 -15.710 0.001
10.290 -15.889 0.001
11.320 -16.066 0.001
12.450 -16.237 0.002
13.700 -16.404 0.001
15.070 -16.566 0.001
16.580 -16.724 0.001
18.240 -16.879 0.001
20.060 -17.030 0.001
22.070 -17.177 0.002
24.280 -17.318 0.002
26.710 -17.449 0.001
29.380 -17.552 0.002
32.320 -17.643 0.001
35.550 -17.703 0.001
39.100 -17.726 0.001
43.010 -17.707 0.002
47.310 -17.644 0.002
52.040 -17.530 0.002
57.240 -17.411 0.001
62.960 -17.276 0.002
69.260 -17.106 0.001
76.190 -16.964 0.002
83.810 -16.790 0.001
92.190 -16.601 0.002
101.400 -16.392 0.001
111.500 -16.168 0.002
122.700 -15.933 0.001
135.700 -15.686 0.001
149.300 -15.460 0.002
164.200 -15.259 0.002
180.600 -15.079 0.002
198.700 -14.888 0.001
