2.230 -14.184 0.002
2.450 -14.278 0.001
2.700 -14.382 0.002
2.970 -14.463 0.001
3.270 -14.538 0.002
3.600 -14.610 0.002
3.960 -14.691 0.001
4.360 -14.774 0.002
4.800 -14.858 0.002
5.280 -14.946 0.002
5.810 -15.054 0.001
6.390 -15.183 0.001
7.030 -15.330 0.001
7.730 -15.490 0.001
8.500 -15.660 0.001
9.350 -15.835 0.002
10.290 -16.012 0.001
11.320 -16.184 0.002
12.450 -16.351 0.001
13.700 -16.512 0.001
15.070 -16.665 0.001
16.580 -16.812 0.001
18.240 -16.956 0.002
20.060 -17.097 0.002
22.070 -17.233 0.001
24.280 -17.362 0.002
26.710 -17.481 0.001
29.380 -17.575 0.001
32.320 -17.649 0.001
35.550 -17.686 0.002
39.100 -17.675 0.001
43.010 -17.609 0.002
47.310 -17.489 0.002
52.040 -17.321 0.002
57.240 -17.156 0.001
62.960 -16.958 0.002
69.260 -16.722 0.002
76.190 -16.528 0.001
83.810 -16.317 0.001
92.190 -16.082 0.001
101.400 -15.810 0.001
111.500 -15.494 0.002
122.700 -15.133 0.002
135.700 -14.704 0.002
149.300 -14.252 0.001
164.200 -13.787 0.001
180.600 -13.362 0.002
198.700 -13.010 0.001
