2.230 -13.219 0.002
2.450 -13.276 0.002
2.700 -13.327 0.002
2.970 -13.351 0.002
3.270 -13.366 0.002
3.600 -13.381 0.001
3.960 -13.405 0.001
4.360 -13.446 0.001
4.800 -13.513 0.002
5.280 -13.578 0.002
5.810 -13.695 0.002
6.390 -13.857 0.001
7.030 -14.057 0.002
7.730 -14.285 0.002
8.500 -14.530 0.001
9.350 -14.784 0.001
10.290 -15.037 0.001
11.320 -15.282 0.001
12.450 -15.517 0.002
13.700 -15.742 0.002
15.070 -15.955 0.001
16.580 -16.158 0.002
18.240 -16.352 0.001
20.060 -16.535 0.002
22.070 -16.709 0.001
24.280 -16.868 0.001
26.710 -17.005 0.002
29.380 -17.088 0.002
32.320 -17.146 0.002
35.550 -17.154 0.001
39.100 -17.098 0.001
43.010 -16.973 0.002
47.310 -16.784 0.001
52.040 -16.541 0.002
57.240 -16.326 0.001
62.960 -16.158 0.002
69.260 -16.039 0.001
76.190 -15.955 0.001
83.810 -15.883 0.001
92.190 -15.796 0.002
101.400 -15.688 0.001
111.500 -15.549 0.002
122.700 -15.377 0.001
135.700 -15.153 0.002
149.300 -14.889 0.001
164.200 -14.579 0.002
180.600 -14.218 0.001
198.700 -13.818 0.002
