2.230 -13.822 0.001
2.450 -13.919 0.001
2.700 -14.022 0.002
2.970 -14.094 0.001
3.270 -14.159 0.001
3.600 -14.226 0.002
3.960 -14.300 0.002
4.360 -14.380 0.002
4.800 -14.468 0.001
5.280 -14.575 0.001
5.810 -14.692 0.002
6.390 -14.830 0.002
7.030 -14.984 0.001
7.730 -15.150 0.001
8.500 -15.325 0.002
9.350 -15.506 0.002
10.290 -15.690 0.002
11.320 -15.871 0.002
12.450 -16.047 0.002
13.700 -16.219 0.002
15.070 -16.385 0.001
16.580 -16.544 0.002
18.240 -16.699 0.001
20.060 -16.847 0.001
22.070 -16.989 0.001
24.280 -17.122 0.001
26.710 -17.241 0.001
29.380 -17.338 0.002
32.320 -17.413 0.002
35.550 -17.456 0.002
39.100 -17.464 0.001
43.010 -17.422 0.001
47.310 -17.316 0.001
52.040 -17.158 0.002
57.240 -17.005 0.002
62.960 -16.847 0.002
69.260 -16.667 0.002
76.190 -16.532 0.001
83.810 -16.371 0.002
92.190 -16.191 0.002
101.400 -15.988 0.002
111.500 -15.768 0.002
122.700 -15.545 0.001
135.700 -15.332 0.002
149.300 -15.167 0.002
164.200 -15.035 0.001
180.600 -14.884 0.001
198.700 -14.660 0.002
